<?xml version="1.0" encoding="UTF-8"?>
<robot generator="Robot 3.0 (Python 2.7.12 on linux2)" generated="20161208 12:51:24.599">
<suite id="s1" name="Tests" source="/tmp/root/16718/obmc-robot/tests">
<suite id="s1-s1" name="Security" source="/tmp/root/16718/obmc-robot/tests/security">
<suite id="s1-s1-s1" name="Test Ssl" source="/tmp/root/16718/obmc-robot/tests/security/test_ssl.robot">
<test id="s1-s1-s1-t1" name="Test SSL Connection">
<kw library="rest_client" name="Initialize OpenBMC">
<kw library="RequestsLibrary.RequestsKeywords" name="Create Session">
<doc>Create Session: create a HTTP session to a server</doc>
<arguments>
<arg>openbmc</arg>
<arg>${AUTH_URI}</arg>
<arg>timeout=${timeout}</arg>
<arg>max_retries=3</arg>
</arguments>
<msg level="INFO" timestamp="20161208 12:51:25.273">Creating Session using : alias=openbmc, url=https://9.3.23.30:443, headers={},                     cookies=None, auth=None, timeout=10, proxies=None, verify=False,                     debug=0 </msg>
<status starttime="20161208 12:51:25.272" endtime="20161208 12:51:25.273" status="PASS"></status>
</kw>
<kw library="BuiltIn" name="Create Dictionary">
<doc>Creates and returns a dictionary based on given items.</doc>
<arguments>
<arg>Content-Type=application/json</arg>
</arguments>
<assign>
<var>${headers}</var>
</assign>
<msg level="INFO" timestamp="20161208 12:51:25.274">${headers} = {u'Content-Type': u'application/json'}</msg>
<status starttime="20161208 12:51:25.273" endtime="20161208 12:51:25.274" status="PASS"></status>
</kw>
<kw library="BuiltIn" name="Create List">
<doc>Returns a list containing given items.</doc>
<arguments>
<arg>${OPENBMC_USERNAME}</arg>
<arg>${OPENBMC_PASSWORD}</arg>
</arguments>
<assign>
<var>@{credentials}</var>
</assign>
<msg level="INFO" timestamp="20161208 12:51:25.274">@{credentials} = [ root | 0penBmc ]</msg>
<status starttime="20161208 12:51:25.274" endtime="20161208 12:51:25.274" status="PASS"></status>
</kw>
<kw library="BuiltIn" name="Create Dictionary">
<doc>Creates and returns a dictionary based on given items.</doc>
<arguments>
<arg>data=@{credentials}</arg>
</arguments>
<assign>
<var>${data}</var>
</assign>
<msg level="INFO" timestamp="20161208 12:51:25.275">${data} = {u'data': [u'root', u'0penBmc']}</msg>
<status starttime="20161208 12:51:25.275" endtime="20161208 12:51:25.275" status="PASS"></status>
</kw>
<kw library="RequestsLibrary.RequestsKeywords" name="Post Request">
<doc>Send a POST request on the session object found using the</doc>
<arguments>
<arg>openbmc</arg>
<arg>/login</arg>
<arg>data=${data}</arg>
<arg>headers=${headers}</arg>
</arguments>
<assign>
<var>${resp}</var>
</assign>
<msg level="INFO" timestamp="20161208 12:51:25.626">Post Request using : alias=openbmc, uri=/login, data={"data": ["root", "0penBmc"]},                     headers={u'Content-Type': u'application/json'}, files=None, allow_redirects=True </msg>
<msg level="INFO" timestamp="20161208 12:51:25.626">${resp} = &lt;Response [200]&gt;</msg>
<status starttime="20161208 12:51:25.275" endtime="20161208 12:51:25.626" status="PASS"></status>
</kw>
<kw library="BuiltIn" name="Should Be Equal As Strings">
<doc>Fails if objects are unequal after converting them to strings.</doc>
<arguments>
<arg>${resp.status_code}</arg>
<arg>${HTTP_OK}</arg>
</arguments>
<msg level="INFO" timestamp="20161208 12:51:25.627">Argument types are:
&lt;type 'int'&gt;
&lt;type 'unicode'&gt;</msg>
<status starttime="20161208 12:51:25.626" endtime="20161208 12:51:25.627" status="PASS"></status>
</kw>
<status starttime="20161208 12:51:25.272" endtime="20161208 12:51:25.628" status="PASS"></status>
</kw>
<kw library="openbmc_ffdc" type="teardown" name="FFDC On Test Case Fail">
<doc>Generic FFDC entry point. Place holder to hook in</doc>
<kw library="BuiltIn" name="Run Keyword If">
<doc>Runs the given keyword with the given arguments, if ``condition`` is true.</doc>
<arguments>
<arg>'${TEST_STATUS}' == 'FAIL'</arg>
<arg>FFDC</arg>
</arguments>
<status starttime="20161208 12:51:25.629" endtime="20161208 12:51:25.634" status="PASS"></status>
</kw>
<kw library="openbmc_ffdc_methods" name="Log Test Case Status">
<doc>Test case execution result history.</doc>
<kw library="OperatingSystem" name="Create Directory">
<doc>Creates the specified directory.</doc>
<arguments>
<arg>${FFDC_LOG_PATH}</arg>
</arguments>
<msg level="INFO" html="yes" timestamp="20161208 12:51:25.635">Created directory '&lt;a href="file:///tmp/root/16718/obmc-robot/logs"&gt;/tmp/root/16718/obmc-robot/logs&lt;/a&gt;'.</msg>
<status starttime="20161208 12:51:25.635" endtime="20161208 12:51:25.635" status="PASS"></status>
</kw>
<kw library="BuiltIn" name="Run Keyword And Return Status">
<doc>Runs the given keyword with given arguments and returns the status as a Boolean value.</doc>
<arguments>
<arg>OperatingSystem.File Should Exist</arg>
<arg>${TEST_HISTORY}</arg>
</arguments>
<assign>
<var>${exist}</var>
</assign>
<kw library="OperatingSystem" name="File Should Exist">
<doc>Fails unless the given ``path`` points to an existing file.</doc>
<arguments>
<arg>${TEST_HISTORY}</arg>
</arguments>
<msg level="FAIL" timestamp="20161208 12:51:25.637">File '/tmp/root/16718/obmc-robot/logs/test_history.txt' does not exist.</msg>
<status starttime="20161208 12:51:25.636" endtime="20161208 12:51:25.637" status="FAIL"></status>
</kw>
<msg level="INFO" timestamp="20161208 12:51:25.637">${exist} = False</msg>
<status starttime="20161208 12:51:25.636" endtime="20161208 12:51:25.637" status="PASS"></status>
</kw>
<kw library="BuiltIn" name="Run Keyword If">
<doc>Runs the given keyword with the given arguments, if ``condition`` is true.</doc>
<arguments>
<arg>'${exist}' == '${False}'</arg>
<arg>Create File</arg>
<arg>${TEST_HISTORY}</arg>
</arguments>
<kw library="OperatingSystem" name="Create File">
<doc>Creates a file with the given content and encoding.</doc>
<arguments>
<arg>${TEST_HISTORY}</arg>
</arguments>
<msg level="INFO" html="yes" timestamp="20161208 12:51:25.641">Created file '&lt;a href="file:///tmp/root/16718/obmc-robot/logs/test_history.txt"&gt;/tmp/root/16718/obmc-robot/logs/test_history.txt&lt;/a&gt;'.</msg>
<status starttime="20161208 12:51:25.640" endtime="20161208 12:51:25.641" status="PASS"></status>
</kw>
<status starttime="20161208 12:51:25.638" endtime="20161208 12:51:25.641" status="PASS"></status>
</kw>
<kw library="openbmc_ffdc_utils" name="Get Current Time Stamp">
<doc>Get the current time stamp data</doc>
<assign>
<var>${cur_time}</var>
</assign>
<kw library="DateTime" name="Get Current Date">
<doc>Returns current local or UTC time with an optional increment.</doc>
<arguments>
<arg>result_format=%Y-%m-%d %H:%M:%S:%f</arg>
</arguments>
<assign>
<var>${cur_time}</var>
</assign>
<msg level="INFO" timestamp="20161208 12:51:25.642">${cur_time} = 2016-12-08 12:51:25:641548</msg>
<status starttime="20161208 12:51:25.641" endtime="20161208 12:51:25.642" status="PASS"></status>
</kw>
<kw library="openbmc_ffdc_list" name="Get Strip String">
<doc>########################################################################</doc>
<arguments>
<arg>${cur_time}</arg>
</arguments>
<assign>
<var>${cur_time}</var>
</assign>
<msg level="INFO" timestamp="20161208 12:51:25.642">${cur_time} = 20161208125125641548</msg>
<status starttime="20161208 12:51:25.642" endtime="20161208 12:51:25.642" status="PASS"></status>
</kw>
<msg level="INFO" timestamp="20161208 12:51:25.642">${cur_time} = 20161208125125641548</msg>
<status starttime="20161208 12:51:25.641" endtime="20161208 12:51:25.642" status="PASS"></status>
</kw>
<kw library="OperatingSystem" name="Append To File">
<doc>Appends the given contend to the specified file.</doc>
<arguments>
<arg>${TEST_HISTORY}</arg>
<arg>${cur_time}:${SUITE_NAME}:${TEST_NAME}:${TEST_STATUS}${\n}</arg>
</arguments>
<msg level="INFO" html="yes" timestamp="20161208 12:51:25.643">Appended to file '&lt;a href="file:///tmp/root/16718/obmc-robot/logs/test_history.txt"&gt;/tmp/root/16718/obmc-robot/logs/test_history.txt&lt;/a&gt;'.</msg>
<status starttime="20161208 12:51:25.643" endtime="20161208 12:51:25.643" status="PASS"></status>
</kw>
<status starttime="20161208 12:51:25.634" endtime="20161208 12:51:25.643" status="PASS"></status>
</kw>
<status starttime="20161208 12:51:25.628" endtime="20161208 12:51:25.644" status="PASS"></status>
</kw>
<doc>This testcase is for testing the SSL connection to the
OpenBMC machine.</doc>
<tags>
<tag>Test_SSL_Connection</tag>
</tags>
<status starttime="20161208 12:51:25.271" endtime="20161208 12:51:25.644" status="PASS" critical="yes"></status>
</test>
<kw library="RequestsLibrary.RequestsKeywords" type="teardown" name="Delete All Sessions">
<doc>Removes all the session objects</doc>
<msg level="INFO" timestamp="20161208 12:51:25.644">Delete All Sessions</msg>
<status starttime="20161208 12:51:25.644" endtime="20161208 12:51:25.644" status="PASS"></status>
</kw>
<doc>This testsuite is for testing SSL connection to OpenBMC</doc>
<status starttime="20161208 12:51:24.628" endtime="20161208 12:51:25.644" status="PASS"></status>
</suite>
<status starttime="20161208 12:51:24.626" endtime="20161208 12:51:25.645" status="PASS"></status>
</suite>
<suite id="s1-s2" name="Test Association" source="/tmp/root/16718/obmc-robot/tests/test_association.robot">
<kw type="setup" name="Suite Initialization Setup">
<kw library="connection_client" name="Open Connection And Log In">
<doc>Opens a connection with the given arguments, and logs in.</doc>
<kw library="BuiltIn" name="Run Keyword And Return Status">
<doc>Runs the given keyword with given arguments and returns the status as a Boolean value.</doc>
<arguments>
<arg>Dictionary Should Contain Key</arg>
<arg>${connection_args}</arg>
<arg>host</arg>
</arguments>
<assign>
<var>${has_host}</var>
</assign>
<kw library="Collections" name="Dictionary Should Contain Key">
<doc>Fails if ``key`` is not found from ``dictionary``.</doc>
<arguments>
<arg>${connection_args}</arg>
<arg>host</arg>
</arguments>
<msg level="FAIL" timestamp="20161208 12:51:25.677">Dictionary does not contain key 'host'.</msg>
<status starttime="20161208 12:51:25.677" endtime="20161208 12:51:25.677" status="FAIL"></status>
</kw>
<msg level="INFO" timestamp="20161208 12:51:25.678">${has_host} = False</msg>
<status starttime="20161208 12:51:25.677" endtime="20161208 12:51:25.678" status="PASS"></status>
</kw>
<kw library="BuiltIn" name="Run Keyword If">
<doc>Runs the given keyword with the given arguments, if ``condition`` is true.</doc>
<arguments>
<arg>${has_host} == ${FALSE}</arg>
<arg>Set To Dictionary</arg>
<arg>${connection_args}</arg>
<arg>host=${OPENBMC_HOST}</arg>
</arguments>
<kw library="Collections" name="Set To Dictionary">
<doc>Adds the given ``key_value_pairs`` and ``items`` to the ``dictionary``.</doc>
<arguments>
<arg>${connection_args}</arg>
<arg>host=${OPENBMC_HOST}</arg>
</arguments>
<status starttime="20161208 12:51:25.681" endtime="20161208 12:51:25.681" status="PASS"></status>
</kw>
<status starttime="20161208 12:51:25.678" endtime="20161208 12:51:25.682" status="PASS"></status>
</kw>
<kw library="BuiltIn" name="Run Keyword If">
<doc>Runs the given keyword with the given arguments, if ``condition`` is true.</doc>
<arguments>
<arg>'${SSH_PORT}' != '${EMPTY}' and '${HTTPS_PORT}' != '${EMPTY}'</arg>
<arg>User input SSH and HTTPs Ports</arg>
</arguments>
<kw library="connection_client" name="User input SSH and HTTPs Ports">
<doc>Update the global SSH and HTTPs port variable for QEMU</doc>
<kw library="BuiltIn" name="Convert To Integer">
<doc>Converts the given item to an integer number.</doc>
<arguments>
<arg>${SSH_PORT}</arg>
</arguments>
<assign>
<var>${port_num}</var>
</assign>
<msg level="INFO" timestamp="20161208 12:51:25.685">${port_num} = 22</msg>
<status starttime="20161208 12:51:25.685" endtime="20161208 12:51:25.685" status="PASS"></status>
</kw>
<kw library="BuiltIn" name="Replace Variables">
<doc>Replaces variables in the given text with their current values.</doc>
<arguments>
<arg>${port_num}</arg>
</arguments>
<assign>
<var>${SSH_PORT}</var>
</assign>
<msg level="INFO" timestamp="20161208 12:51:25.686">${SSH_PORT} = 22</msg>
<status starttime="20161208 12:51:25.686" endtime="20161208 12:51:25.686" status="PASS"></status>
</kw>
<kw library="BuiltIn" name="Convert To Integer">
<doc>Converts the given item to an integer number.</doc>
<arguments>
<arg>${HTTPS_PORT}</arg>
</arguments>
<assign>
<var>${https_num}</var>
</assign>
<msg level="INFO" timestamp="20161208 12:51:25.686">${https_num} = 443</msg>
<status starttime="20161208 12:51:25.686" endtime="20161208 12:51:25.686" status="PASS"></status>
</kw>
<kw library="BuiltIn" name="Set Global Variable">
<doc>Makes a variable available globally in all tests and suites.</doc>
<arguments>
<arg>${AUTH_URI}</arg>
<arg>https://${OPENBMC_HOST}:${https_num}</arg>
</arguments>
<msg level="INFO" timestamp="20161208 12:51:25.687">${AUTH_URI} = https://9.3.23.30:443</msg>
<status starttime="20161208 12:51:25.687" endtime="20161208 12:51:25.687" status="PASS"></status>
</kw>
<status starttime="20161208 12:51:25.685" endtime="20161208 12:51:25.687" status="PASS"></status>
</kw>
<status starttime="20161208 12:51:25.682" endtime="20161208 12:51:25.687" status="PASS"></status>
</kw>
<kw library="BuiltIn" name="Run Keyword And Return Status">
<doc>Runs the given keyword with given arguments and returns the status as a Boolean value.</doc>
<arguments>
<arg>Dictionary Should Contain Key</arg>
<arg>${connection_args}</arg>
<arg>port</arg>
</arguments>
<assign>
<var>${has_port}</var>
</assign>
<kw library="Collections" name="Dictionary Should Contain Key">
<doc>Fails if ``key`` is not found from ``dictionary``.</doc>
<arguments>
<arg>${connection_args}</arg>
<arg>port</arg>
</arguments>
<msg level="FAIL" timestamp="20161208 12:51:25.688">Dictionary does not contain key 'port'.</msg>
<status starttime="20161208 12:51:25.688" endtime="20161208 12:51:25.688" status="FAIL"></status>
</kw>
<msg level="INFO" timestamp="20161208 12:51:25.688">${has_port} = False</msg>
<status starttime="20161208 12:51:25.688" endtime="20161208 12:51:25.688" status="PASS"></status>
</kw>
<kw library="BuiltIn" name="Run Keyword If">
<doc>Runs the given keyword with the given arguments, if ``condition`` is true.</doc>
<arguments>
<arg>'${SSH_PORT}' != '${EMPTY}' and ${has_port} == ${FALSE}</arg>
<arg>Run Keywords</arg>
<arg>Set To Dictionary</arg>
<arg>${connection_args}</arg>
<arg>port=${SSH_PORT}</arg>
<arg>AND</arg>
<arg>SSHLibrary.Open connection</arg>
<arg>&amp;{connection_args}</arg>
<arg>ELSE</arg>
<arg>Run Keyword</arg>
<arg>SSHLibrary.Open connection</arg>
<arg>&amp;{connection_args}</arg>
</arguments>
<kw library="BuiltIn" name="Run Keywords">
<doc>Executes all the given keywords in a sequence.</doc>
<arguments>
<arg>Set To Dictionary</arg>
<arg>${connection_args}</arg>
<arg>port=${SSH_PORT}</arg>
<arg>AND</arg>
<arg>SSHLibrary.Open connection</arg>
<arg>&amp;{connection_args}</arg>
</arguments>
<kw library="Collections" name="Set To Dictionary">
<doc>Adds the given ``key_value_pairs`` and ``items`` to the ``dictionary``.</doc>
<arguments>
<arg>${connection_args}</arg>
<arg>port=${SSH_PORT}</arg>
</arguments>
<status starttime="20161208 12:51:25.692" endtime="20161208 12:51:25.692" status="PASS"></status>
</kw>
<kw library="SSHLibrary" name="Open Connection">
<doc>Opens a new SSH connection to the given `host` and `port`.</doc>
<arguments>
<arg>&amp;{connection_args}</arg>
</arguments>
<status starttime="20161208 12:51:25.693" endtime="20161208 12:51:25.693" status="PASS"></status>
</kw>
<status starttime="20161208 12:51:25.692" endtime="20161208 12:51:25.693" status="PASS"></status>
</kw>
<status starttime="20161208 12:51:25.689" endtime="20161208 12:51:25.693" status="PASS"></status>
</kw>
<kw library="SSHLibrary" name="Login">
<doc>Logs into the SSH server with the given `username` and `password`.</doc>
<arguments>
<arg>${username}</arg>
<arg>${password}</arg>
</arguments>
<msg level="INFO" timestamp="20161208 12:51:25.693">Logging into '9.3.23.30:22' as 'root'.</msg>
<msg level="INFO" timestamp="20161208 12:51:28.107">Read output: 7[r[999;999H[6n</msg>
<status starttime="20161208 12:51:25.693" endtime="20161208 12:51:28.108" status="PASS"></status>
</kw>
<status starttime="20161208 12:51:25.676" endtime="20161208 12:51:28.108" status="PASS"></status>
</kw>
<kw library="BuiltIn" name="Run Keyword And Continue On Failure">
<doc>Runs the keyword and continues execution even if a failure occurs.</doc>
<arguments>
<arg>Clear all logs</arg>
</arguments>
<kw name="Clear all logs">
<kw library="rest_client" name="OpenBMC Post Request">
<arguments>
<arg>/org/openbmc/records/events/action/clear</arg>
<arg>data=${NIL}</arg>
</arguments>
<assign>
<var>${resp}</var>
</assign>
<kw library="BuiltIn" name="Catenate">
<doc>Catenates the given items together and returns the resulted string.</doc>
<arguments>
<arg>SEPARATOR=</arg>
<arg>${DBUS_PREFIX}</arg>
<arg>${uri}</arg>
</arguments>
<assign>
<var>${base_uri}</var>
</assign>
<msg level="INFO" timestamp="20161208 12:51:28.113">${base_uri} = /org/openbmc/records/events/action/clear</msg>
<status starttime="20161208 12:51:28.112" endtime="20161208 12:51:28.113" status="PASS"></status>
</kw>
<kw library="BuiltIn" name="Create Dictionary">
<doc>Creates and returns a dictionary based on given items.</doc>
<arguments>
<arg>Content-Type=application/json</arg>
</arguments>
<assign>
<var>${headers}</var>
</assign>
<msg level="INFO" timestamp="20161208 12:51:28.114">${headers} = {u'Content-Type': u'application/json'}</msg>
<status starttime="20161208 12:51:28.113" endtime="20161208 12:51:28.114" status="PASS"></status>
</kw>
<kw library="Collections" name="Set To Dictionary">
<doc>Adds the given ``key_value_pairs`` and ``items`` to the ``dictionary``.</doc>
<arguments>
<arg>${kwargs}</arg>
<arg>headers</arg>
<arg>${headers}</arg>
</arguments>
<status starttime="20161208 12:51:28.114" endtime="20161208 12:51:28.114" status="PASS"></status>
</kw>
<kw library="BuiltIn" name="Run Keyword If">
<doc>Runs the given keyword with the given arguments, if ``condition`` is true.</doc>
<arguments>
<arg>'${quiet}' == '${0}'</arg>
<arg>Log Request</arg>
<arg>method=Post</arg>
<arg>base_uri=${base_uri}</arg>
<arg>args=&amp;{kwargs}</arg>
</arguments>
<kw library="rest_client" name="Log Request">
<arguments>
<arg>method=Post</arg>
<arg>base_uri=${base_uri}</arg>
<arg>args=&amp;{kwargs}</arg>
</arguments>
<kw library="BuiltIn" name="Catenate">
<doc>Catenates the given items together and returns the resulted string.</doc>
<arguments>
<arg>SEPARATOR=</arg>
<arg>URI:</arg>
<arg>${AUTH_URI}</arg>
<arg>${kwargs["base_uri"]}</arg>
<arg>, method:</arg>
<arg>${kwargs["method"]}</arg>
<arg>, args:</arg>
<arg>${kwargs["args"]}</arg>
</arguments>
<assign>
<var>${msg}</var>
</assign>
<msg level="INFO" timestamp="20161208 12:51:28.122">${msg} = URI:https://9.3.23.30:443/org/openbmc/records/events/action/clear, method:Post, args:{u'data': {u'data': []}, u'headers': {u'Content-Type': u'application/json'}}</msg>
<status starttime="20161208 12:51:28.121" endtime="20161208 12:51:28.122" status="PASS"></status>
</kw>
<kw library="rest_client" name="Logging">
<arguments>
<arg>${msg}</arg>
<arg>console=True</arg>
</arguments>
<kw library="BuiltIn" name="Log">
<doc>Logs the given message with the given level.</doc>
<arguments>
<arg>${msg}</arg>
<arg>console=True</arg>
</arguments>
<msg level="INFO" timestamp="20161208 12:51:28.123">URI:https://9.3.23.30:443/org/openbmc/records/events/action/clear, method:Post, args:{u'data': {u'data': []}, u'headers': {u'Content-Type': u'application/json'}}</msg>
<status starttime="20161208 12:51:28.123" endtime="20161208 12:51:28.124" status="PASS"></status>
</kw>
<status starttime="20161208 12:51:28.122" endtime="20161208 12:51:28.124" status="PASS"></status>
</kw>
<status starttime="20161208 12:51:28.120" endtime="20161208 12:51:28.124" status="PASS"></status>
</kw>
<status starttime="20161208 12:51:28.115" endtime="20161208 12:51:28.124" status="PASS"></status>
</kw>
<kw library="rest_client" name="Initialize OpenBMC">
<arguments>
<arg>${timeout}</arg>
</arguments>
<kw library="RequestsLibrary.RequestsKeywords" name="Create Session">
<doc>Create Session: create a HTTP session to a server</doc>
<arguments>
<arg>openbmc</arg>
<arg>${AUTH_URI}</arg>
<arg>timeout=${timeout}</arg>
<arg>max_retries=3</arg>
</arguments>
<msg level="INFO" timestamp="20161208 12:51:28.125">Creating Session using : alias=openbmc, url=https://9.3.23.30:443, headers={},                     cookies=None, auth=None, timeout=10, proxies=None, verify=False,                     debug=0 </msg>
<status starttime="20161208 12:51:28.125" endtime="20161208 12:51:28.126" status="PASS"></status>
</kw>
<kw library="BuiltIn" name="Create Dictionary">
<doc>Creates and returns a dictionary based on given items.</doc>
<arguments>
<arg>Content-Type=application/json</arg>
</arguments>
<assign>
<var>${headers}</var>
</assign>
<msg level="INFO" timestamp="20161208 12:51:28.127">${headers} = {u'Content-Type': u'application/json'}</msg>
<status starttime="20161208 12:51:28.127" endtime="20161208 12:51:28.127" status="PASS"></status>
</kw>
<kw library="BuiltIn" name="Create List">
<doc>Returns a list containing given items.</doc>
<arguments>
<arg>${OPENBMC_USERNAME}</arg>
<arg>${OPENBMC_PASSWORD}</arg>
</arguments>
<assign>
<var>@{credentials}</var>
</assign>
<msg level="INFO" timestamp="20161208 12:51:28.128">@{credentials} = [ root | 0penBmc ]</msg>
<status starttime="20161208 12:51:28.127" endtime="20161208 12:51:28.128" status="PASS"></status>
</kw>
<kw library="BuiltIn" name="Create Dictionary">
<doc>Creates and returns a dictionary based on given items.</doc>
<arguments>
<arg>data=@{credentials}</arg>
</arguments>
<assign>
<var>${data}</var>
</assign>
<msg level="INFO" timestamp="20161208 12:51:28.128">${data} = {u'data': [u'root', u'0penBmc']}</msg>
<status starttime="20161208 12:51:28.128" endtime="20161208 12:51:28.128" status="PASS"></status>
</kw>
<kw library="RequestsLibrary.RequestsKeywords" name="Post Request">
<doc>Send a POST request on the session object found using the</doc>
<arguments>
<arg>openbmc</arg>
<arg>/login</arg>
<arg>data=${data}</arg>
<arg>headers=${headers}</arg>
</arguments>
<assign>
<var>${resp}</var>
</assign>
<msg level="INFO" timestamp="20161208 12:51:28.461">Post Request using : alias=openbmc, uri=/login, data={"data": ["root", "0penBmc"]},                     headers={u'Content-Type': u'application/json'}, files=None, allow_redirects=True </msg>
<msg level="INFO" timestamp="20161208 12:51:28.461">${resp} = &lt;Response [200]&gt;</msg>
<status starttime="20161208 12:51:28.129" endtime="20161208 12:51:28.461" status="PASS"></status>
</kw>
<kw library="BuiltIn" name="Should Be Equal As Strings">
<doc>Fails if objects are unequal after converting them to strings.</doc>
<arguments>
<arg>${resp.status_code}</arg>
<arg>${HTTP_OK}</arg>
</arguments>
<msg level="INFO" timestamp="20161208 12:51:28.462">Argument types are:
&lt;type 'int'&gt;
&lt;type 'unicode'&gt;</msg>
<status starttime="20161208 12:51:28.462" endtime="20161208 12:51:28.462" status="PASS"></status>
</kw>
<status starttime="20161208 12:51:28.124" endtime="20161208 12:51:28.462" status="PASS"></status>
</kw>
<kw library="RequestsLibrary.RequestsKeywords" name="Post Request">
<doc>Send a POST request on the session object found using the</doc>
<arguments>
<arg>openbmc</arg>
<arg>${base_uri}</arg>
<arg>&amp;{kwargs}</arg>
<arg>timeout=${timeout}</arg>
</arguments>
<assign>
<var>${ret}</var>
</assign>
<msg level="INFO" timestamp="20161208 12:51:28.749">Post Request using : alias=openbmc, uri=/org/openbmc/records/events/action/clear, data={"data": []},                     headers={u'Content-Type': u'application/json'}, files=None, allow_redirects=True </msg>
<msg level="INFO" timestamp="20161208 12:51:28.749">${ret} = &lt;Response [200]&gt;</msg>
<status starttime="20161208 12:51:28.462" endtime="20161208 12:51:28.749" status="PASS"></status>
</kw>
<kw library="BuiltIn" name="Run Keyword If">
<doc>Runs the given keyword with the given arguments, if ``condition`` is true.</doc>
<arguments>
<arg>'${quiet}' == '${0}'</arg>
<arg>Log Response</arg>
<arg>${ret}</arg>
</arguments>
<kw library="rest_client" name="Log Response">
<arguments>
<arg>${ret}</arg>
</arguments>
<kw library="BuiltIn" name="Catenate">
<doc>Catenates the given items together and returns the resulted string.</doc>
<arguments>
<arg>SEPARATOR=</arg>
<arg>Response code:</arg>
<arg>${resp.status_code}</arg>
<arg>, Content:</arg>
<arg>${resp.content}</arg>
</arguments>
<assign>
<var>${msg}</var>
</assign>
<msg level="INFO" timestamp="20161208 12:51:28.756">${msg} = Response code:200, Content:{
  "data": 0, 
  "message": "200 OK", 
  "status": "ok"
}</msg>
<status starttime="20161208 12:51:28.755" endtime="20161208 12:51:28.756" status="PASS"></status>
</kw>
<kw library="rest_client" name="Logging">
<arguments>
<arg>${msg}</arg>
<arg>console=True</arg>
</arguments>
<kw library="BuiltIn" name="Log">
<doc>Logs the given message with the given level.</doc>
<arguments>
<arg>${msg}</arg>
<arg>console=True</arg>
</arguments>
<msg level="INFO" timestamp="20161208 12:51:28.758">Response code:200, Content:{
  "data": 0, 
  "message": "200 OK", 
  "status": "ok"
}</msg>
<status starttime="20161208 12:51:28.757" endtime="20161208 12:51:28.758" status="PASS"></status>
</kw>
<status starttime="20161208 12:51:28.757" endtime="20161208 12:51:28.758" status="PASS"></status>
</kw>
<status starttime="20161208 12:51:28.755" endtime="20161208 12:51:28.758" status="PASS"></status>
</kw>
<status starttime="20161208 12:51:28.750" endtime="20161208 12:51:28.758" status="PASS"></status>
</kw>
<msg level="INFO" timestamp="20161208 12:51:28.759">${resp} = &lt;Response [200]&gt;</msg>
<status starttime="20161208 12:51:28.111" endtime="20161208 12:51:28.759" status="PASS"></status>
</kw>
<kw library="BuiltIn" name="Should Be Equal As Strings">
<doc>Fails if objects are unequal after converting them to strings.</doc>
<arguments>
<arg>${resp.status_code}</arg>
<arg>${HTTP_OK}</arg>
</arguments>
<msg level="INFO" timestamp="20161208 12:51:28.760">Argument types are:
&lt;type 'int'&gt;
&lt;type 'unicode'&gt;</msg>
<status starttime="20161208 12:51:28.759" endtime="20161208 12:51:28.760" status="PASS"></status>
</kw>
<kw library="rest_client" name="OpenBMC Get Request">
<arguments>
<arg>/org/openbmc/records/events/</arg>
</arguments>
<assign>
<var>${resp}</var>
</assign>
<kw library="BuiltIn" name="Catenate">
<doc>Catenates the given items together and returns the resulted string.</doc>
<arguments>
<arg>SEPARATOR=</arg>
<arg>${DBUS_PREFIX}</arg>
<arg>${uri}</arg>
</arguments>
<assign>
<var>${base_uri}</var>
</assign>
<msg level="INFO" timestamp="20161208 12:51:28.761">${base_uri} = /org/openbmc/records/events/</msg>
<status starttime="20161208 12:51:28.761" endtime="20161208 12:51:28.761" status="PASS"></status>
</kw>
<kw library="BuiltIn" name="Run Keyword If">
<doc>Runs the given keyword with the given arguments, if ``condition`` is true.</doc>
<arguments>
<arg>'${quiet}' == '${0}'</arg>
<arg>Log Request</arg>
<arg>method=Get</arg>
<arg>base_uri=${base_uri}</arg>
<arg>args=&amp;{kwargs}</arg>
</arguments>
<kw library="rest_client" name="Log Request">
<arguments>
<arg>method=Get</arg>
<arg>base_uri=${base_uri}</arg>
<arg>args=&amp;{kwargs}</arg>
</arguments>
<kw library="BuiltIn" name="Catenate">
<doc>Catenates the given items together and returns the resulted string.</doc>
<arguments>
<arg>SEPARATOR=</arg>
<arg>URI:</arg>
<arg>${AUTH_URI}</arg>
<arg>${kwargs["base_uri"]}</arg>
<arg>, method:</arg>
<arg>${kwargs["method"]}</arg>
<arg>, args:</arg>
<arg>${kwargs["args"]}</arg>
</arguments>
<assign>
<var>${msg}</var>
</assign>
<msg level="INFO" timestamp="20161208 12:51:28.768">${msg} = URI:https://9.3.23.30:443/org/openbmc/records/events/, method:Get, args:{}</msg>
<status starttime="20161208 12:51:28.767" endtime="20161208 12:51:28.768" status="PASS"></status>
</kw>
<kw library="rest_client" name="Logging">
<arguments>
<arg>${msg}</arg>
<arg>console=True</arg>
</arguments>
<kw library="BuiltIn" name="Log">
<doc>Logs the given message with the given level.</doc>
<arguments>
<arg>${msg}</arg>
<arg>console=True</arg>
</arguments>
<msg level="INFO" timestamp="20161208 12:51:28.769">URI:https://9.3.23.30:443/org/openbmc/records/events/, method:Get, args:{}</msg>
<status starttime="20161208 12:51:28.769" endtime="20161208 12:51:28.769" status="PASS"></status>
</kw>
<status starttime="20161208 12:51:28.768" endtime="20161208 12:51:28.769" status="PASS"></status>
</kw>
<status starttime="20161208 12:51:28.767" endtime="20161208 12:51:28.769" status="PASS"></status>
</kw>
<status starttime="20161208 12:51:28.762" endtime="20161208 12:51:28.769" status="PASS"></status>
</kw>
<kw library="rest_client" name="Initialize OpenBMC">
<arguments>
<arg>${timeout}</arg>
</arguments>
<kw library="RequestsLibrary.RequestsKeywords" name="Create Session">
<doc>Create Session: create a HTTP session to a server</doc>
<arguments>
<arg>openbmc</arg>
<arg>${AUTH_URI}</arg>
<arg>timeout=${timeout}</arg>
<arg>max_retries=3</arg>
</arguments>
<msg level="INFO" timestamp="20161208 12:51:28.770">Creating Session using : alias=openbmc, url=https://9.3.23.30:443, headers={},                     cookies=None, auth=None, timeout=10, proxies=None, verify=False,                     debug=0 </msg>
<status starttime="20161208 12:51:28.770" endtime="20161208 12:51:28.771" status="PASS"></status>
</kw>
<kw library="BuiltIn" name="Create Dictionary">
<doc>Creates and returns a dictionary based on given items.</doc>
<arguments>
<arg>Content-Type=application/json</arg>
</arguments>
<assign>
<var>${headers}</var>
</assign>
<msg level="INFO" timestamp="20161208 12:51:28.771">${headers} = {u'Content-Type': u'application/json'}</msg>
<status starttime="20161208 12:51:28.771" endtime="20161208 12:51:28.771" status="PASS"></status>
</kw>
<kw library="BuiltIn" name="Create List">
<doc>Returns a list containing given items.</doc>
<arguments>
<arg>${OPENBMC_USERNAME}</arg>
<arg>${OPENBMC_PASSWORD}</arg>
</arguments>
<assign>
<var>@{credentials}</var>
</assign>
<msg level="INFO" timestamp="20161208 12:51:28.772">@{credentials} = [ root | 0penBmc ]</msg>
<status starttime="20161208 12:51:28.771" endtime="20161208 12:51:28.772" status="PASS"></status>
</kw>
<kw library="BuiltIn" name="Create Dictionary">
<doc>Creates and returns a dictionary based on given items.</doc>
<arguments>
<arg>data=@{credentials}</arg>
</arguments>
<assign>
<var>${data}</var>
</assign>
<msg level="INFO" timestamp="20161208 12:51:28.772">${data} = {u'data': [u'root', u'0penBmc']}</msg>
<status starttime="20161208 12:51:28.772" endtime="20161208 12:51:28.772" status="PASS"></status>
</kw>
<kw library="RequestsLibrary.RequestsKeywords" name="Post Request">
<doc>Send a POST request on the session object found using the</doc>
<arguments>
<arg>openbmc</arg>
<arg>/login</arg>
<arg>data=${data}</arg>
<arg>headers=${headers}</arg>
</arguments>
<assign>
<var>${resp}</var>
</assign>
<msg level="INFO" timestamp="20161208 12:51:29.550">Post Request using : alias=openbmc, uri=/login, data={"data": ["root", "0penBmc"]},                     headers={u'Content-Type': u'application/json'}, files=None, allow_redirects=True </msg>
<msg level="INFO" timestamp="20161208 12:51:29.550">${resp} = &lt;Response [200]&gt;</msg>
<status starttime="20161208 12:51:28.772" endtime="20161208 12:51:29.550" status="PASS"></status>
</kw>
<kw library="BuiltIn" name="Should Be Equal As Strings">
<doc>Fails if objects are unequal after converting them to strings.</doc>
<arguments>
<arg>${resp.status_code}</arg>
<arg>${HTTP_OK}</arg>
</arguments>
<msg level="INFO" timestamp="20161208 12:51:29.550">Argument types are:
&lt;type 'int'&gt;
&lt;type 'unicode'&gt;</msg>
<status starttime="20161208 12:51:29.550" endtime="20161208 12:51:29.551" status="PASS"></status>
</kw>
<status starttime="20161208 12:51:28.770" endtime="20161208 12:51:29.551" status="PASS"></status>
</kw>
<kw library="RequestsLibrary.RequestsKeywords" name="Get Request">
<doc>Send a GET request on the session object found using the</doc>
<arguments>
<arg>openbmc</arg>
<arg>${base_uri}</arg>
<arg>&amp;{kwargs}</arg>
<arg>timeout=${timeout}</arg>
</arguments>
<assign>
<var>${ret}</var>
</assign>
<msg level="INFO" timestamp="20161208 12:51:29.687">Get Request using : alias=openbmc, uri=/org/openbmc/records/events/, headers=None </msg>
<msg level="INFO" timestamp="20161208 12:51:29.687">${ret} = &lt;Response [200]&gt;</msg>
<status starttime="20161208 12:51:29.551" endtime="20161208 12:51:29.687" status="PASS"></status>
</kw>
<kw library="BuiltIn" name="Run Keyword If">
<doc>Runs the given keyword with the given arguments, if ``condition`` is true.</doc>
<arguments>
<arg>'${quiet}' == '${0}'</arg>
<arg>Log Response</arg>
<arg>${ret}</arg>
</arguments>
<kw library="rest_client" name="Log Response">
<arguments>
<arg>${ret}</arg>
</arguments>
<kw library="BuiltIn" name="Catenate">
<doc>Catenates the given items together and returns the resulted string.</doc>
<arguments>
<arg>SEPARATOR=</arg>
<arg>Response code:</arg>
<arg>${resp.status_code}</arg>
<arg>, Content:</arg>
<arg>${resp.content}</arg>
</arguments>
<assign>
<var>${msg}</var>
</assign>
<msg level="INFO" timestamp="20161208 12:51:29.694">${msg} = Response code:200, Content:{
  "data": [], 
  "message": "200 OK", 
  "status": "ok"
}</msg>
<status starttime="20161208 12:51:29.693" endtime="20161208 12:51:29.694" status="PASS"></status>
</kw>
<kw library="rest_client" name="Logging">
<arguments>
<arg>${msg}</arg>
<arg>console=True</arg>
</arguments>
<kw library="BuiltIn" name="Log">
<doc>Logs the given message with the given level.</doc>
<arguments>
<arg>${msg}</arg>
<arg>console=True</arg>
</arguments>
<msg level="INFO" timestamp="20161208 12:51:29.695">Response code:200, Content:{
  "data": [], 
  "message": "200 OK", 
  "status": "ok"
}</msg>
<status starttime="20161208 12:51:29.695" endtime="20161208 12:51:29.696" status="PASS"></status>
</kw>
<status starttime="20161208 12:51:29.694" endtime="20161208 12:51:29.696" status="PASS"></status>
</kw>
<status starttime="20161208 12:51:29.693" endtime="20161208 12:51:29.696" status="PASS"></status>
</kw>
<status starttime="20161208 12:51:29.688" endtime="20161208 12:51:29.696" status="PASS"></status>
</kw>
<msg level="INFO" timestamp="20161208 12:51:29.697">${resp} = &lt;Response [200]&gt;</msg>
<status starttime="20161208 12:51:28.760" endtime="20161208 12:51:29.697" status="PASS"></status>
</kw>
<kw library="RequestsLibrary.RequestsKeywords" name="To Json">
<doc>Convert a string to a JSON object</doc>
<arguments>
<arg>${resp.content}</arg>
</arguments>
<assign>
<var>${json}</var>
</assign>
<msg level="INFO" timestamp="20161208 12:51:29.698">To JSON using : content={
  "data": [], 
  "message": "200 OK", 
  "status": "ok"
} </msg>
<msg level="INFO" timestamp="20161208 12:51:29.698">To JSON using : pretty_print=False </msg>
<msg level="INFO" timestamp="20161208 12:51:29.698">${json} = {u'data': [], u'message': u'200 OK', u'status': u'ok'}</msg>
<status starttime="20161208 12:51:29.697" endtime="20161208 12:51:29.698" status="PASS"></status>
</kw>
<kw library="BuiltIn" name="Should Be Empty">
<doc>Verifies that the given item is empty.</doc>
<arguments>
<arg>${json['data']}</arg>
</arguments>
<msg level="INFO" timestamp="20161208 12:51:29.698">Length is 0</msg>
<status starttime="20161208 12:51:29.698" endtime="20161208 12:51:29.699" status="PASS"></status>
</kw>
<status starttime="20161208 12:51:28.109" endtime="20161208 12:51:29.699" status="PASS"></status>
</kw>
<status starttime="20161208 12:51:28.108" endtime="20161208 12:51:29.699" status="PASS"></status>
</kw>
<status starttime="20161208 12:51:25.676" endtime="20161208 12:51:29.699" status="PASS"></status>
</kw>
<test id="s1-s2-t1" name="Create error log on single FRU">
<kw library="BuiltIn" name="Run Keyword And Continue On Failure">
<doc>Runs the keyword and continues execution even if a failure occurs.</doc>
<arguments>
<arg>Clear all logs</arg>
</arguments>
<kw name="Clear all logs">
<kw library="rest_client" name="OpenBMC Post Request">
<arguments>
<arg>/org/openbmc/records/events/action/clear</arg>
<arg>data=${NIL}</arg>
</arguments>
<assign>
<var>${resp}</var>
</assign>
<kw library="BuiltIn" name="Catenate">
<doc>Catenates the given items together and returns the resulted string.</doc>
<arguments>
<arg>SEPARATOR=</arg>
<arg>${DBUS_PREFIX}</arg>
<arg>${uri}</arg>
</arguments>
<assign>
<var>${base_uri}</var>
</assign>
<msg level="INFO" timestamp="20161208 12:51:29.702">${base_uri} = /org/openbmc/records/events/action/clear</msg>
<status starttime="20161208 12:51:29.701" endtime="20161208 12:51:29.703" status="PASS"></status>
</kw>
<kw library="BuiltIn" name="Create Dictionary">
<doc>Creates and returns a dictionary based on given items.</doc>
<arguments>
<arg>Content-Type=application/json</arg>
</arguments>
<assign>
<var>${headers}</var>
</assign>
<msg level="INFO" timestamp="20161208 12:51:29.703">${headers} = {u'Content-Type': u'application/json'}</msg>
<status starttime="20161208 12:51:29.703" endtime="20161208 12:51:29.703" status="PASS"></status>
</kw>
<kw library="Collections" name="Set To Dictionary">
<doc>Adds the given ``key_value_pairs`` and ``items`` to the ``dictionary``.</doc>
<arguments>
<arg>${kwargs}</arg>
<arg>headers</arg>
<arg>${headers}</arg>
</arguments>
<status starttime="20161208 12:51:29.704" endtime="20161208 12:51:29.704" status="PASS"></status>
</kw>
<kw library="BuiltIn" name="Run Keyword If">
<doc>Runs the given keyword with the given arguments, if ``condition`` is true.</doc>
<arguments>
<arg>'${quiet}' == '${0}'</arg>
<arg>Log Request</arg>
<arg>method=Post</arg>
<arg>base_uri=${base_uri}</arg>
<arg>args=&amp;{kwargs}</arg>
</arguments>
<kw library="rest_client" name="Log Request">
<arguments>
<arg>method=Post</arg>
<arg>base_uri=${base_uri}</arg>
<arg>args=&amp;{kwargs}</arg>
</arguments>
<kw library="BuiltIn" name="Catenate">
<doc>Catenates the given items together and returns the resulted string.</doc>
<arguments>
<arg>SEPARATOR=</arg>
<arg>URI:</arg>
<arg>${AUTH_URI}</arg>
<arg>${kwargs["base_uri"]}</arg>
<arg>, method:</arg>
<arg>${kwargs["method"]}</arg>
<arg>, args:</arg>
<arg>${kwargs["args"]}</arg>
</arguments>
<assign>
<var>${msg}</var>
</assign>
<msg level="INFO" timestamp="20161208 12:51:29.708">${msg} = URI:https://9.3.23.30:443/org/openbmc/records/events/action/clear, method:Post, args:{u'data': {u'data': []}, u'headers': {u'Content-Type': u'application/json'}}</msg>
<status starttime="20161208 12:51:29.708" endtime="20161208 12:51:29.708" status="PASS"></status>
</kw>
<kw library="rest_client" name="Logging">
<arguments>
<arg>${msg}</arg>
<arg>console=True</arg>
</arguments>
<kw library="BuiltIn" name="Log">
<doc>Logs the given message with the given level.</doc>
<arguments>
<arg>${msg}</arg>
<arg>console=True</arg>
</arguments>
<msg level="INFO" timestamp="20161208 12:51:29.709">URI:https://9.3.23.30:443/org/openbmc/records/events/action/clear, method:Post, args:{u'data': {u'data': []}, u'headers': {u'Content-Type': u'application/json'}}</msg>
<status starttime="20161208 12:51:29.709" endtime="20161208 12:51:29.709" status="PASS"></status>
</kw>
<status starttime="20161208 12:51:29.709" endtime="20161208 12:51:29.709" status="PASS"></status>
</kw>
<status starttime="20161208 12:51:29.707" endtime="20161208 12:51:29.709" status="PASS"></status>
</kw>
<status starttime="20161208 12:51:29.704" endtime="20161208 12:51:29.710" status="PASS"></status>
</kw>
<kw library="rest_client" name="Initialize OpenBMC">
<arguments>
<arg>${timeout}</arg>
</arguments>
<kw library="RequestsLibrary.RequestsKeywords" name="Create Session">
<doc>Create Session: create a HTTP session to a server</doc>
<arguments>
<arg>openbmc</arg>
<arg>${AUTH_URI}</arg>
<arg>timeout=${timeout}</arg>
<arg>max_retries=3</arg>
</arguments>
<msg level="INFO" timestamp="20161208 12:51:29.710">Creating Session using : alias=openbmc, url=https://9.3.23.30:443, headers={},                     cookies=None, auth=None, timeout=10, proxies=None, verify=False,                     debug=0 </msg>
<status starttime="20161208 12:51:29.710" endtime="20161208 12:51:29.711" status="PASS"></status>
</kw>
<kw library="BuiltIn" name="Create Dictionary">
<doc>Creates and returns a dictionary based on given items.</doc>
<arguments>
<arg>Content-Type=application/json</arg>
</arguments>
<assign>
<var>${headers}</var>
</assign>
<msg level="INFO" timestamp="20161208 12:51:29.711">${headers} = {u'Content-Type': u'application/json'}</msg>
<status starttime="20161208 12:51:29.711" endtime="20161208 12:51:29.711" status="PASS"></status>
</kw>
<kw library="BuiltIn" name="Create List">
<doc>Returns a list containing given items.</doc>
<arguments>
<arg>${OPENBMC_USERNAME}</arg>
<arg>${OPENBMC_PASSWORD}</arg>
</arguments>
<assign>
<var>@{credentials}</var>
</assign>
<msg level="INFO" timestamp="20161208 12:51:29.712">@{credentials} = [ root | 0penBmc ]</msg>
<status starttime="20161208 12:51:29.711" endtime="20161208 12:51:29.712" status="PASS"></status>
</kw>
<kw library="BuiltIn" name="Create Dictionary">
<doc>Creates and returns a dictionary based on given items.</doc>
<arguments>
<arg>data=@{credentials}</arg>
</arguments>
<assign>
<var>${data}</var>
</assign>
<msg level="INFO" timestamp="20161208 12:51:29.712">${data} = {u'data': [u'root', u'0penBmc']}</msg>
<status starttime="20161208 12:51:29.712" endtime="20161208 12:51:29.712" status="PASS"></status>
</kw>
<kw library="RequestsLibrary.RequestsKeywords" name="Post Request">
<doc>Send a POST request on the session object found using the</doc>
<arguments>
<arg>openbmc</arg>
<arg>/login</arg>
<arg>data=${data}</arg>
<arg>headers=${headers}</arg>
</arguments>
<assign>
<var>${resp}</var>
</assign>
<msg level="INFO" timestamp="20161208 12:51:30.189">Post Request using : alias=openbmc, uri=/login, data={"data": ["root", "0penBmc"]},                     headers={u'Content-Type': u'application/json'}, files=None, allow_redirects=True </msg>
<msg level="INFO" timestamp="20161208 12:51:30.189">${resp} = &lt;Response [200]&gt;</msg>
<status starttime="20161208 12:51:29.713" endtime="20161208 12:51:30.189" status="PASS"></status>
</kw>
<kw library="BuiltIn" name="Should Be Equal As Strings">
<doc>Fails if objects are unequal after converting them to strings.</doc>
<arguments>
<arg>${resp.status_code}</arg>
<arg>${HTTP_OK}</arg>
</arguments>
<msg level="INFO" timestamp="20161208 12:51:30.190">Argument types are:
&lt;type 'int'&gt;
&lt;type 'unicode'&gt;</msg>
<status starttime="20161208 12:51:30.190" endtime="20161208 12:51:30.190" status="PASS"></status>
</kw>
<status starttime="20161208 12:51:29.710" endtime="20161208 12:51:30.190" status="PASS"></status>
</kw>
<kw library="RequestsLibrary.RequestsKeywords" name="Post Request">
<doc>Send a POST request on the session object found using the</doc>
<arguments>
<arg>openbmc</arg>
<arg>${base_uri}</arg>
<arg>&amp;{kwargs}</arg>
<arg>timeout=${timeout}</arg>
</arguments>
<assign>
<var>${ret}</var>
</assign>
<msg level="INFO" timestamp="20161208 12:51:30.430">Post Request using : alias=openbmc, uri=/org/openbmc/records/events/action/clear, data={"data": []},                     headers={u'Content-Type': u'application/json'}, files=None, allow_redirects=True </msg>
<msg level="INFO" timestamp="20161208 12:51:30.430">${ret} = &lt;Response [200]&gt;</msg>
<status starttime="20161208 12:51:30.190" endtime="20161208 12:51:30.430" status="PASS"></status>
</kw>
<kw library="BuiltIn" name="Run Keyword If">
<doc>Runs the given keyword with the given arguments, if ``condition`` is true.</doc>
<arguments>
<arg>'${quiet}' == '${0}'</arg>
<arg>Log Response</arg>
<arg>${ret}</arg>
</arguments>
<kw library="rest_client" name="Log Response">
<arguments>
<arg>${ret}</arg>
</arguments>
<kw library="BuiltIn" name="Catenate">
<doc>Catenates the given items together and returns the resulted string.</doc>
<arguments>
<arg>SEPARATOR=</arg>
<arg>Response code:</arg>
<arg>${resp.status_code}</arg>
<arg>, Content:</arg>
<arg>${resp.content}</arg>
</arguments>
<assign>
<var>${msg}</var>
</assign>
<msg level="INFO" timestamp="20161208 12:51:30.435">${msg} = Response code:200, Content:{
  "data": 0, 
  "message": "200 OK", 
  "status": "ok"
}</msg>
<status starttime="20161208 12:51:30.434" endtime="20161208 12:51:30.435" status="PASS"></status>
</kw>
<kw library="rest_client" name="Logging">
<arguments>
<arg>${msg}</arg>
<arg>console=True</arg>
</arguments>
<kw library="BuiltIn" name="Log">
<doc>Logs the given message with the given level.</doc>
<arguments>
<arg>${msg}</arg>
<arg>console=True</arg>
</arguments>
<msg level="INFO" timestamp="20161208 12:51:30.436">Response code:200, Content:{
  "data": 0, 
  "message": "200 OK", 
  "status": "ok"
}</msg>
<status starttime="20161208 12:51:30.435" endtime="20161208 12:51:30.436" status="PASS"></status>
</kw>
<status starttime="20161208 12:51:30.435" endtime="20161208 12:51:30.436" status="PASS"></status>
</kw>
<status starttime="20161208 12:51:30.434" endtime="20161208 12:51:30.436" status="PASS"></status>
</kw>
<status starttime="20161208 12:51:30.430" endtime="20161208 12:51:30.436" status="PASS"></status>
</kw>
<msg level="INFO" timestamp="20161208 12:51:30.436">${resp} = &lt;Response [200]&gt;</msg>
<status starttime="20161208 12:51:29.700" endtime="20161208 12:51:30.436" status="PASS"></status>
</kw>
<kw library="BuiltIn" name="Should Be Equal As Strings">
<doc>Fails if objects are unequal after converting them to strings.</doc>
<arguments>
<arg>${resp.status_code}</arg>
<arg>${HTTP_OK}</arg>
</arguments>
<msg level="INFO" timestamp="20161208 12:51:30.437">Argument types are:
&lt;type 'int'&gt;
&lt;type 'unicode'&gt;</msg>
<status starttime="20161208 12:51:30.436" endtime="20161208 12:51:30.437" status="PASS"></status>
</kw>
<kw library="rest_client" name="OpenBMC Get Request">
<arguments>
<arg>/org/openbmc/records/events/</arg>
</arguments>
<assign>
<var>${resp}</var>
</assign>
<kw library="BuiltIn" name="Catenate">
<doc>Catenates the given items together and returns the resulted string.</doc>
<arguments>
<arg>SEPARATOR=</arg>
<arg>${DBUS_PREFIX}</arg>
<arg>${uri}</arg>
</arguments>
<assign>
<var>${base_uri}</var>
</assign>
<msg level="INFO" timestamp="20161208 12:51:30.438">${base_uri} = /org/openbmc/records/events/</msg>
<status starttime="20161208 12:51:30.437" endtime="20161208 12:51:30.438" status="PASS"></status>
</kw>
<kw library="BuiltIn" name="Run Keyword If">
<doc>Runs the given keyword with the given arguments, if ``condition`` is true.</doc>
<arguments>
<arg>'${quiet}' == '${0}'</arg>
<arg>Log Request</arg>
<arg>method=Get</arg>
<arg>base_uri=${base_uri}</arg>
<arg>args=&amp;{kwargs}</arg>
</arguments>
<kw library="rest_client" name="Log Request">
<arguments>
<arg>method=Get</arg>
<arg>base_uri=${base_uri}</arg>
<arg>args=&amp;{kwargs}</arg>
</arguments>
<kw library="BuiltIn" name="Catenate">
<doc>Catenates the given items together and returns the resulted string.</doc>
<arguments>
<arg>SEPARATOR=</arg>
<arg>URI:</arg>
<arg>${AUTH_URI}</arg>
<arg>${kwargs["base_uri"]}</arg>
<arg>, method:</arg>
<arg>${kwargs["method"]}</arg>
<arg>, args:</arg>
<arg>${kwargs["args"]}</arg>
</arguments>
<assign>
<var>${msg}</var>
</assign>
<msg level="INFO" timestamp="20161208 12:51:30.442">${msg} = URI:https://9.3.23.30:443/org/openbmc/records/events/, method:Get, args:{}</msg>
<status starttime="20161208 12:51:30.441" endtime="20161208 12:51:30.442" status="PASS"></status>
</kw>
<kw library="rest_client" name="Logging">
<arguments>
<arg>${msg}</arg>
<arg>console=True</arg>
</arguments>
<kw library="BuiltIn" name="Log">
<doc>Logs the given message with the given level.</doc>
<arguments>
<arg>${msg}</arg>
<arg>console=True</arg>
</arguments>
<msg level="INFO" timestamp="20161208 12:51:30.443">URI:https://9.3.23.30:443/org/openbmc/records/events/, method:Get, args:{}</msg>
<status starttime="20161208 12:51:30.443" endtime="20161208 12:51:30.443" status="PASS"></status>
</kw>
<status starttime="20161208 12:51:30.442" endtime="20161208 12:51:30.443" status="PASS"></status>
</kw>
<status starttime="20161208 12:51:30.441" endtime="20161208 12:51:30.443" status="PASS"></status>
</kw>
<status starttime="20161208 12:51:30.438" endtime="20161208 12:51:30.443" status="PASS"></status>
</kw>
<kw library="rest_client" name="Initialize OpenBMC">
<arguments>
<arg>${timeout}</arg>
</arguments>
<kw library="RequestsLibrary.RequestsKeywords" name="Create Session">
<doc>Create Session: create a HTTP session to a server</doc>
<arguments>
<arg>openbmc</arg>
<arg>${AUTH_URI}</arg>
<arg>timeout=${timeout}</arg>
<arg>max_retries=3</arg>
</arguments>
<msg level="INFO" timestamp="20161208 12:51:30.444">Creating Session using : alias=openbmc, url=https://9.3.23.30:443, headers={},                     cookies=None, auth=None, timeout=10, proxies=None, verify=False,                     debug=0 </msg>
<status starttime="20161208 12:51:30.444" endtime="20161208 12:51:30.444" status="PASS"></status>
</kw>
<kw library="BuiltIn" name="Create Dictionary">
<doc>Creates and returns a dictionary based on given items.</doc>
<arguments>
<arg>Content-Type=application/json</arg>
</arguments>
<assign>
<var>${headers}</var>
</assign>
<msg level="INFO" timestamp="20161208 12:51:30.445">${headers} = {u'Content-Type': u'application/json'}</msg>
<status starttime="20161208 12:51:30.445" endtime="20161208 12:51:30.445" status="PASS"></status>
</kw>
<kw library="BuiltIn" name="Create List">
<doc>Returns a list containing given items.</doc>
<arguments>
<arg>${OPENBMC_USERNAME}</arg>
<arg>${OPENBMC_PASSWORD}</arg>
</arguments>
<assign>
<var>@{credentials}</var>
</assign>
<msg level="INFO" timestamp="20161208 12:51:30.445">@{credentials} = [ root | 0penBmc ]</msg>
<status starttime="20161208 12:51:30.445" endtime="20161208 12:51:30.445" status="PASS"></status>
</kw>
<kw library="BuiltIn" name="Create Dictionary">
<doc>Creates and returns a dictionary based on given items.</doc>
<arguments>
<arg>data=@{credentials}</arg>
</arguments>
<assign>
<var>${data}</var>
</assign>
<msg level="INFO" timestamp="20161208 12:51:30.446">${data} = {u'data': [u'root', u'0penBmc']}</msg>
<status starttime="20161208 12:51:30.446" endtime="20161208 12:51:30.446" status="PASS"></status>
</kw>
<kw library="RequestsLibrary.RequestsKeywords" name="Post Request">
<doc>Send a POST request on the session object found using the</doc>
<arguments>
<arg>openbmc</arg>
<arg>/login</arg>
<arg>data=${data}</arg>
<arg>headers=${headers}</arg>
</arguments>
<assign>
<var>${resp}</var>
</assign>
<msg level="INFO" timestamp="20161208 12:51:30.774">Post Request using : alias=openbmc, uri=/login, data={"data": ["root", "0penBmc"]},                     headers={u'Content-Type': u'application/json'}, files=None, allow_redirects=True </msg>
<msg level="INFO" timestamp="20161208 12:51:30.774">${resp} = &lt;Response [200]&gt;</msg>
<status starttime="20161208 12:51:30.446" endtime="20161208 12:51:30.774" status="PASS"></status>
</kw>
<kw library="BuiltIn" name="Should Be Equal As Strings">
<doc>Fails if objects are unequal after converting them to strings.</doc>
<arguments>
<arg>${resp.status_code}</arg>
<arg>${HTTP_OK}</arg>
</arguments>
<msg level="INFO" timestamp="20161208 12:51:30.775">Argument types are:
&lt;type 'int'&gt;
&lt;type 'unicode'&gt;</msg>
<status starttime="20161208 12:51:30.775" endtime="20161208 12:51:30.776" status="PASS"></status>
</kw>
<status starttime="20161208 12:51:30.443" endtime="20161208 12:51:30.776" status="PASS"></status>
</kw>
<kw library="RequestsLibrary.RequestsKeywords" name="Get Request">
<doc>Send a GET request on the session object found using the</doc>
<arguments>
<arg>openbmc</arg>
<arg>${base_uri}</arg>
<arg>&amp;{kwargs}</arg>
<arg>timeout=${timeout}</arg>
</arguments>
<assign>
<var>${ret}</var>
</assign>
<msg level="INFO" timestamp="20161208 12:51:30.836">Get Request using : alias=openbmc, uri=/org/openbmc/records/events/, headers=None </msg>
<msg level="INFO" timestamp="20161208 12:51:30.836">${ret} = &lt;Response [200]&gt;</msg>
<status starttime="20161208 12:51:30.776" endtime="20161208 12:51:30.836" status="PASS"></status>
</kw>
<kw library="BuiltIn" name="Run Keyword If">
<doc>Runs the given keyword with the given arguments, if ``condition`` is true.</doc>
<arguments>
<arg>'${quiet}' == '${0}'</arg>
<arg>Log Response</arg>
<arg>${ret}</arg>
</arguments>
<kw library="rest_client" name="Log Response">
<arguments>
<arg>${ret}</arg>
</arguments>
<kw library="BuiltIn" name="Catenate">
<doc>Catenates the given items together and returns the resulted string.</doc>
<arguments>
<arg>SEPARATOR=</arg>
<arg>Response code:</arg>
<arg>${resp.status_code}</arg>
<arg>, Content:</arg>
<arg>${resp.content}</arg>
</arguments>
<assign>
<var>${msg}</var>
</assign>
<msg level="INFO" timestamp="20161208 12:51:30.842">${msg} = Response code:200, Content:{
  "data": [], 
  "message": "200 OK", 
  "status": "ok"
}</msg>
<status starttime="20161208 12:51:30.841" endtime="20161208 12:51:30.842" status="PASS"></status>
</kw>
<kw library="rest_client" name="Logging">
<arguments>
<arg>${msg}</arg>
<arg>console=True</arg>
</arguments>
<kw library="BuiltIn" name="Log">
<doc>Logs the given message with the given level.</doc>
<arguments>
<arg>${msg}</arg>
<arg>console=True</arg>
</arguments>
<msg level="INFO" timestamp="20161208 12:51:30.843">Response code:200, Content:{
  "data": [], 
  "message": "200 OK", 
  "status": "ok"
}</msg>
<status starttime="20161208 12:51:30.843" endtime="20161208 12:51:30.843" status="PASS"></status>
</kw>
<status starttime="20161208 12:51:30.842" endtime="20161208 12:51:30.843" status="PASS"></status>
</kw>
<status starttime="20161208 12:51:30.840" endtime="20161208 12:51:30.844" status="PASS"></status>
</kw>
<status starttime="20161208 12:51:30.836" endtime="20161208 12:51:30.844" status="PASS"></status>
</kw>
<msg level="INFO" timestamp="20161208 12:51:30.844">${resp} = &lt;Response [200]&gt;</msg>
<status starttime="20161208 12:51:30.437" endtime="20161208 12:51:30.844" status="PASS"></status>
</kw>
<kw library="RequestsLibrary.RequestsKeywords" name="To Json">
<doc>Convert a string to a JSON object</doc>
<arguments>
<arg>${resp.content}</arg>
</arguments>
<assign>
<var>${json}</var>
</assign>
<msg level="INFO" timestamp="20161208 12:51:30.845">To JSON using : content={
  "data": [], 
  "message": "200 OK", 
  "status": "ok"
} </msg>
<msg level="INFO" timestamp="20161208 12:51:30.845">To JSON using : pretty_print=False </msg>
<msg level="INFO" timestamp="20161208 12:51:30.845">${json} = {u'data': [], u'message': u'200 OK', u'status': u'ok'}</msg>
<status starttime="20161208 12:51:30.844" endtime="20161208 12:51:30.845" status="PASS"></status>
</kw>
<kw library="BuiltIn" name="Should Be Empty">
<doc>Verifies that the given item is empty.</doc>
<arguments>
<arg>${json['data']}</arg>
</arguments>
<msg level="INFO" timestamp="20161208 12:51:30.845">Length is 0</msg>
<status starttime="20161208 12:51:30.845" endtime="20161208 12:51:30.845" status="PASS"></status>
</kw>
<status starttime="20161208 12:51:29.700" endtime="20161208 12:51:30.846" status="PASS"></status>
</kw>
<status starttime="20161208 12:51:29.700" endtime="20161208 12:51:30.846" status="PASS"></status>
</kw>
<kw library="SSHLibrary" name="Execute Command">
<doc>Executes `command` on the remote machine and returns its outputs.</doc>
<arguments>
<arg>${CREATE_ERROR_SINGLE_FRU}</arg>
<arg>return_stderr=True</arg>
</arguments>
<assign>
<var>${elog}</var>
<var>${stderr}</var>
</assign>
<msg level="INFO" timestamp="20161208 12:51:30.846">Executing command 'busctl call org.openbmc.records.events /org/openbmc/records/events org.openbmc.recordlog acceptHostMessage sssay "Error" "Testing failure" "/org/openbmc/inventory/system/chassis/motherboard/dimm1" 1 1'.</msg>
<msg level="INFO" timestamp="20161208 12:51:31.227">Command exited with return code 0.</msg>
<msg level="INFO" timestamp="20161208 12:51:31.227">${elog} = q 227</msg>
<msg level="INFO" timestamp="20161208 12:51:31.227">${stderr} = </msg>
<status starttime="20161208 12:51:30.846" endtime="20161208 12:51:31.227" status="PASS"></status>
</kw>
<kw library="BuiltIn" name="Should Be Empty">
<doc>Verifies that the given item is empty.</doc>
<arguments>
<arg>${stderr}</arg>
</arguments>
<msg level="INFO" timestamp="20161208 12:51:31.228">Length is 0</msg>
<status starttime="20161208 12:51:31.227" endtime="20161208 12:51:31.228" status="PASS"></status>
</kw>
<kw name="Get EventList">
<assign>
<var>${log_list}</var>
</assign>
<kw library="rest_client" name="OpenBMC Get Request">
<arguments>
<arg>/org/openbmc/records/events/</arg>
</arguments>
<assign>
<var>${resp}</var>
</assign>
<kw library="BuiltIn" name="Catenate">
<doc>Catenates the given items together and returns the resulted string.</doc>
<arguments>
<arg>SEPARATOR=</arg>
<arg>${DBUS_PREFIX}</arg>
<arg>${uri}</arg>
</arguments>
<assign>
<var>${base_uri}</var>
</assign>
<msg level="INFO" timestamp="20161208 12:51:31.229">${base_uri} = /org/openbmc/records/events/</msg>
<status starttime="20161208 12:51:31.229" endtime="20161208 12:51:31.229" status="PASS"></status>
</kw>
<kw library="BuiltIn" name="Run Keyword If">
<doc>Runs the given keyword with the given arguments, if ``condition`` is true.</doc>
<arguments>
<arg>'${quiet}' == '${0}'</arg>
<arg>Log Request</arg>
<arg>method=Get</arg>
<arg>base_uri=${base_uri}</arg>
<arg>args=&amp;{kwargs}</arg>
</arguments>
<kw library="rest_client" name="Log Request">
<arguments>
<arg>method=Get</arg>
<arg>base_uri=${base_uri}</arg>
<arg>args=&amp;{kwargs}</arg>
</arguments>
<kw library="BuiltIn" name="Catenate">
<doc>Catenates the given items together and returns the resulted string.</doc>
<arguments>
<arg>SEPARATOR=</arg>
<arg>URI:</arg>
<arg>${AUTH_URI}</arg>
<arg>${kwargs["base_uri"]}</arg>
<arg>, method:</arg>
<arg>${kwargs["method"]}</arg>
<arg>, args:</arg>
<arg>${kwargs["args"]}</arg>
</arguments>
<assign>
<var>${msg}</var>
</assign>
<msg level="INFO" timestamp="20161208 12:51:31.233">${msg} = URI:https://9.3.23.30:443/org/openbmc/records/events/, method:Get, args:{}</msg>
<status starttime="20161208 12:51:31.233" endtime="20161208 12:51:31.233" status="PASS"></status>
</kw>
<kw library="rest_client" name="Logging">
<arguments>
<arg>${msg}</arg>
<arg>console=True</arg>
</arguments>
<kw library="BuiltIn" name="Log">
<doc>Logs the given message with the given level.</doc>
<arguments>
<arg>${msg}</arg>
<arg>console=True</arg>
</arguments>
<msg level="INFO" timestamp="20161208 12:51:31.234">URI:https://9.3.23.30:443/org/openbmc/records/events/, method:Get, args:{}</msg>
<status starttime="20161208 12:51:31.234" endtime="20161208 12:51:31.234" status="PASS"></status>
</kw>
<status starttime="20161208 12:51:31.234" endtime="20161208 12:51:31.234" status="PASS"></status>
</kw>
<status starttime="20161208 12:51:31.232" endtime="20161208 12:51:31.234" status="PASS"></status>
</kw>
<status starttime="20161208 12:51:31.229" endtime="20161208 12:51:31.235" status="PASS"></status>
</kw>
<kw library="rest_client" name="Initialize OpenBMC">
<arguments>
<arg>${timeout}</arg>
</arguments>
<kw library="RequestsLibrary.RequestsKeywords" name="Create Session">
<doc>Create Session: create a HTTP session to a server</doc>
<arguments>
<arg>openbmc</arg>
<arg>${AUTH_URI}</arg>
<arg>timeout=${timeout}</arg>
<arg>max_retries=3</arg>
</arguments>
<msg level="INFO" timestamp="20161208 12:51:31.235">Creating Session using : alias=openbmc, url=https://9.3.23.30:443, headers={},                     cookies=None, auth=None, timeout=10, proxies=None, verify=False,                     debug=0 </msg>
<status starttime="20161208 12:51:31.235" endtime="20161208 12:51:31.236" status="PASS"></status>
</kw>
<kw library="BuiltIn" name="Create Dictionary">
<doc>Creates and returns a dictionary based on given items.</doc>
<arguments>
<arg>Content-Type=application/json</arg>
</arguments>
<assign>
<var>${headers}</var>
</assign>
<msg level="INFO" timestamp="20161208 12:51:31.236">${headers} = {u'Content-Type': u'application/json'}</msg>
<status starttime="20161208 12:51:31.236" endtime="20161208 12:51:31.236" status="PASS"></status>
</kw>
<kw library="BuiltIn" name="Create List">
<doc>Returns a list containing given items.</doc>
<arguments>
<arg>${OPENBMC_USERNAME}</arg>
<arg>${OPENBMC_PASSWORD}</arg>
</arguments>
<assign>
<var>@{credentials}</var>
</assign>
<msg level="INFO" timestamp="20161208 12:51:31.237">@{credentials} = [ root | 0penBmc ]</msg>
<status starttime="20161208 12:51:31.236" endtime="20161208 12:51:31.237" status="PASS"></status>
</kw>
<kw library="BuiltIn" name="Create Dictionary">
<doc>Creates and returns a dictionary based on given items.</doc>
<arguments>
<arg>data=@{credentials}</arg>
</arguments>
<assign>
<var>${data}</var>
</assign>
<msg level="INFO" timestamp="20161208 12:51:31.237">${data} = {u'data': [u'root', u'0penBmc']}</msg>
<status starttime="20161208 12:51:31.237" endtime="20161208 12:51:31.237" status="PASS"></status>
</kw>
<kw library="RequestsLibrary.RequestsKeywords" name="Post Request">
<doc>Send a POST request on the session object found using the</doc>
<arguments>
<arg>openbmc</arg>
<arg>/login</arg>
<arg>data=${data}</arg>
<arg>headers=${headers}</arg>
</arguments>
<assign>
<var>${resp}</var>
</assign>
<msg level="INFO" timestamp="20161208 12:51:31.891">Post Request using : alias=openbmc, uri=/login, data={"data": ["root", "0penBmc"]},                     headers={u'Content-Type': u'application/json'}, files=None, allow_redirects=True </msg>
<msg level="INFO" timestamp="20161208 12:51:31.892">${resp} = &lt;Response [200]&gt;</msg>
<status starttime="20161208 12:51:31.238" endtime="20161208 12:51:31.892" status="PASS"></status>
</kw>
<kw library="BuiltIn" name="Should Be Equal As Strings">
<doc>Fails if objects are unequal after converting them to strings.</doc>
<arguments>
<arg>${resp.status_code}</arg>
<arg>${HTTP_OK}</arg>
</arguments>
<msg level="INFO" timestamp="20161208 12:51:31.892">Argument types are:
&lt;type 'int'&gt;
&lt;type 'unicode'&gt;</msg>
<status starttime="20161208 12:51:31.892" endtime="20161208 12:51:31.892" status="PASS"></status>
</kw>
<status starttime="20161208 12:51:31.235" endtime="20161208 12:51:31.893" status="PASS"></status>
</kw>
<kw library="RequestsLibrary.RequestsKeywords" name="Get Request">
<doc>Send a GET request on the session object found using the</doc>
<arguments>
<arg>openbmc</arg>
<arg>${base_uri}</arg>
<arg>&amp;{kwargs}</arg>
<arg>timeout=${timeout}</arg>
</arguments>
<assign>
<var>${ret}</var>
</assign>
<msg level="INFO" timestamp="20161208 12:51:31.953">Get Request using : alias=openbmc, uri=/org/openbmc/records/events/, headers=None </msg>
<msg level="INFO" timestamp="20161208 12:51:31.953">${ret} = &lt;Response [200]&gt;</msg>
<status starttime="20161208 12:51:31.893" endtime="20161208 12:51:31.953" status="PASS"></status>
</kw>
<kw library="BuiltIn" name="Run Keyword If">
<doc>Runs the given keyword with the given arguments, if ``condition`` is true.</doc>
<arguments>
<arg>'${quiet}' == '${0}'</arg>
<arg>Log Response</arg>
<arg>${ret}</arg>
</arguments>
<kw library="rest_client" name="Log Response">
<arguments>
<arg>${ret}</arg>
</arguments>
<kw library="BuiltIn" name="Catenate">
<doc>Catenates the given items together and returns the resulted string.</doc>
<arguments>
<arg>SEPARATOR=</arg>
<arg>Response code:</arg>
<arg>${resp.status_code}</arg>
<arg>, Content:</arg>
<arg>${resp.content}</arg>
</arguments>
<assign>
<var>${msg}</var>
</assign>
<msg level="INFO" timestamp="20161208 12:51:31.960">${msg} = Response code:200, Content:{
  "data": [
    "/org/openbmc/records/events/227"
  ], 
  "message": "200 OK", 
  "status": "ok"
}</msg>
<status starttime="20161208 12:51:31.960" endtime="20161208 12:51:31.960" status="PASS"></status>
</kw>
<kw library="rest_client" name="Logging">
<arguments>
<arg>${msg}</arg>
<arg>console=True</arg>
</arguments>
<kw library="BuiltIn" name="Log">
<doc>Logs the given message with the given level.</doc>
<arguments>
<arg>${msg}</arg>
<arg>console=True</arg>
</arguments>
<msg level="INFO" timestamp="20161208 12:51:31.962">Response code:200, Content:{
  "data": [
    "/org/openbmc/records/events/227"
  ], 
  "message": "200 OK", 
  "status": "ok"
}</msg>
<status starttime="20161208 12:51:31.961" endtime="20161208 12:51:31.962" status="PASS"></status>
</kw>
<status starttime="20161208 12:51:31.961" endtime="20161208 12:51:31.962" status="PASS"></status>
</kw>
<status starttime="20161208 12:51:31.959" endtime="20161208 12:51:31.962" status="PASS"></status>
</kw>
<status starttime="20161208 12:51:31.954" endtime="20161208 12:51:31.962" status="PASS"></status>
</kw>
<msg level="INFO" timestamp="20161208 12:51:31.962">${resp} = &lt;Response [200]&gt;</msg>
<status starttime="20161208 12:51:31.228" endtime="20161208 12:51:31.962" status="PASS"></status>
</kw>
<kw library="BuiltIn" name="Should Be Equal As Strings">
<doc>Fails if objects are unequal after converting them to strings.</doc>
<arguments>
<arg>${resp.status_code}</arg>
<arg>${HTTP_OK}</arg>
</arguments>
<msg level="INFO" timestamp="20161208 12:51:31.963">Argument types are:
&lt;type 'int'&gt;
&lt;type 'unicode'&gt;</msg>
<status starttime="20161208 12:51:31.963" endtime="20161208 12:51:31.963" status="PASS"></status>
</kw>
<kw library="RequestsLibrary.RequestsKeywords" name="To Json">
<doc>Convert a string to a JSON object</doc>
<arguments>
<arg>${resp.content}</arg>
</arguments>
<assign>
<var>${jsondata}</var>
</assign>
<msg level="INFO" timestamp="20161208 12:51:31.964">To JSON using : content={
  "data": [
    "/org/openbmc/records/events/227"
  ], 
  "message": "200 OK", 
  "status": "ok"
} </msg>
<msg level="INFO" timestamp="20161208 12:51:31.964">To JSON using : pretty_print=False </msg>
<msg level="INFO" timestamp="20161208 12:51:31.964">${jsondata} = {u'data': [u'/org/openbmc/records/events/227'], u'message': u'200 OK', u'status': u'ok'}</msg>
<status starttime="20161208 12:51:31.964" endtime="20161208 12:51:31.964" status="PASS"></status>
</kw>
<msg level="INFO" timestamp="20161208 12:51:31.965">${log_list} = [u'/org/openbmc/records/events/227']</msg>
<status starttime="20161208 12:51:31.228" endtime="20161208 12:51:31.965" status="PASS"></status>
</kw>
<kw library="BuiltIn" name="Should Contain">
<doc>Fails if ``container`` does not contain ``item`` one or more times.</doc>
<arguments>
<arg>'${log_list}'</arg>
<arg>${elog.strip('q ')}</arg>
</arguments>
<status starttime="20161208 12:51:31.965" endtime="20161208 12:51:31.966" status="PASS"></status>
</kw>
<kw library="BuiltIn" name="Catenate">
<doc>Catenates the given items together and returns the resulted string.</doc>
<arguments>
<arg>SEPARATOR=</arg>
<arg>${EVENT_RECORD}/${elog.strip('q ')}</arg>
<arg>/fru</arg>
</arguments>
<assign>
<var>${association_uri}</var>
</assign>
<msg level="INFO" timestamp="20161208 12:51:31.966">${association_uri} = /org/openbmc/records/events/227/fru</msg>
<status starttime="20161208 12:51:31.966" endtime="20161208 12:51:31.967" status="PASS"></status>
</kw>
<kw library="rest_client" name="Read Attribute">
<arguments>
<arg>${association_uri}</arg>
<arg>endpoints</arg>
</arguments>
<assign>
<var>${association_content}</var>
</assign>
<kw library="rest_client" name="OpenBMC Get Request">
<arguments>
<arg>${uri}/attr/${attr}</arg>
<arg>timeout=${timeout}</arg>
<arg>quiet=${quiet}</arg>
</arguments>
<assign>
<var>${resp}</var>
</assign>
<kw library="BuiltIn" name="Catenate">
<doc>Catenates the given items together and returns the resulted string.</doc>
<arguments>
<arg>SEPARATOR=</arg>
<arg>${DBUS_PREFIX}</arg>
<arg>${uri}</arg>
</arguments>
<assign>
<var>${base_uri}</var>
</assign>
<msg level="INFO" timestamp="20161208 12:51:31.968">${base_uri} = /org/openbmc/records/events/227/fru/attr/endpoints</msg>
<status starttime="20161208 12:51:31.968" endtime="20161208 12:51:31.968" status="PASS"></status>
</kw>
<kw library="BuiltIn" name="Run Keyword If">
<doc>Runs the given keyword with the given arguments, if ``condition`` is true.</doc>
<arguments>
<arg>'${quiet}' == '${0}'</arg>
<arg>Log Request</arg>
<arg>method=Get</arg>
<arg>base_uri=${base_uri}</arg>
<arg>args=&amp;{kwargs}</arg>
</arguments>
<kw library="rest_client" name="Log Request">
<arguments>
<arg>method=Get</arg>
<arg>base_uri=${base_uri}</arg>
<arg>args=&amp;{kwargs}</arg>
</arguments>
<kw library="BuiltIn" name="Catenate">
<doc>Catenates the given items together and returns the resulted string.</doc>
<arguments>
<arg>SEPARATOR=</arg>
<arg>URI:</arg>
<arg>${AUTH_URI}</arg>
<arg>${kwargs["base_uri"]}</arg>
<arg>, method:</arg>
<arg>${kwargs["method"]}</arg>
<arg>, args:</arg>
<arg>${kwargs["args"]}</arg>
</arguments>
<assign>
<var>${msg}</var>
</assign>
<msg level="INFO" timestamp="20161208 12:51:31.973">${msg} = URI:https://9.3.23.30:443/org/openbmc/records/events/227/fru/attr/endpoints, method:Get, args:{}</msg>
<status starttime="20161208 12:51:31.972" endtime="20161208 12:51:31.973" status="PASS"></status>
</kw>
<kw library="rest_client" name="Logging">
<arguments>
<arg>${msg}</arg>
<arg>console=True</arg>
</arguments>
<kw library="BuiltIn" name="Log">
<doc>Logs the given message with the given level.</doc>
<arguments>
<arg>${msg}</arg>
<arg>console=True</arg>
</arguments>
<msg level="INFO" timestamp="20161208 12:51:31.974">URI:https://9.3.23.30:443/org/openbmc/records/events/227/fru/attr/endpoints, method:Get, args:{}</msg>
<status starttime="20161208 12:51:31.973" endtime="20161208 12:51:31.974" status="PASS"></status>
</kw>
<status starttime="20161208 12:51:31.973" endtime="20161208 12:51:31.974" status="PASS"></status>
</kw>
<status starttime="20161208 12:51:31.972" endtime="20161208 12:51:31.974" status="PASS"></status>
</kw>
<status starttime="20161208 12:51:31.969" endtime="20161208 12:51:31.974" status="PASS"></status>
</kw>
<kw library="rest_client" name="Initialize OpenBMC">
<arguments>
<arg>${timeout}</arg>
</arguments>
<kw library="RequestsLibrary.RequestsKeywords" name="Create Session">
<doc>Create Session: create a HTTP session to a server</doc>
<arguments>
<arg>openbmc</arg>
<arg>${AUTH_URI}</arg>
<arg>timeout=${timeout}</arg>
<arg>max_retries=3</arg>
</arguments>
<msg level="INFO" timestamp="20161208 12:51:31.975">Creating Session using : alias=openbmc, url=https://9.3.23.30:443, headers={},                     cookies=None, auth=None, timeout=10, proxies=None, verify=False,                     debug=0 </msg>
<status starttime="20161208 12:51:31.974" endtime="20161208 12:51:31.975" status="PASS"></status>
</kw>
<kw library="BuiltIn" name="Create Dictionary">
<doc>Creates and returns a dictionary based on given items.</doc>
<arguments>
<arg>Content-Type=application/json</arg>
</arguments>
<assign>
<var>${headers}</var>
</assign>
<msg level="INFO" timestamp="20161208 12:51:31.976">${headers} = {u'Content-Type': u'application/json'}</msg>
<status starttime="20161208 12:51:31.976" endtime="20161208 12:51:31.976" status="PASS"></status>
</kw>
<kw library="BuiltIn" name="Create List">
<doc>Returns a list containing given items.</doc>
<arguments>
<arg>${OPENBMC_USERNAME}</arg>
<arg>${OPENBMC_PASSWORD}</arg>
</arguments>
<assign>
<var>@{credentials}</var>
</assign>
<msg level="INFO" timestamp="20161208 12:51:31.976">@{credentials} = [ root | 0penBmc ]</msg>
<status starttime="20161208 12:51:31.976" endtime="20161208 12:51:31.976" status="PASS"></status>
</kw>
<kw library="BuiltIn" name="Create Dictionary">
<doc>Creates and returns a dictionary based on given items.</doc>
<arguments>
<arg>data=@{credentials}</arg>
</arguments>
<assign>
<var>${data}</var>
</assign>
<msg level="INFO" timestamp="20161208 12:51:31.977">${data} = {u'data': [u'root', u'0penBmc']}</msg>
<status starttime="20161208 12:51:31.977" endtime="20161208 12:51:31.977" status="PASS"></status>
</kw>
<kw library="RequestsLibrary.RequestsKeywords" name="Post Request">
<doc>Send a POST request on the session object found using the</doc>
<arguments>
<arg>openbmc</arg>
<arg>/login</arg>
<arg>data=${data}</arg>
<arg>headers=${headers}</arg>
</arguments>
<assign>
<var>${resp}</var>
</assign>
<msg level="INFO" timestamp="20161208 12:51:32.307">Post Request using : alias=openbmc, uri=/login, data={"data": ["root", "0penBmc"]},                     headers={u'Content-Type': u'application/json'}, files=None, allow_redirects=True </msg>
<msg level="INFO" timestamp="20161208 12:51:32.307">${resp} = &lt;Response [200]&gt;</msg>
<status starttime="20161208 12:51:31.977" endtime="20161208 12:51:32.307" status="PASS"></status>
</kw>
<kw library="BuiltIn" name="Should Be Equal As Strings">
<doc>Fails if objects are unequal after converting them to strings.</doc>
<arguments>
<arg>${resp.status_code}</arg>
<arg>${HTTP_OK}</arg>
</arguments>
<msg level="INFO" timestamp="20161208 12:51:32.308">Argument types are:
&lt;type 'int'&gt;
&lt;type 'unicode'&gt;</msg>
<status starttime="20161208 12:51:32.308" endtime="20161208 12:51:32.308" status="PASS"></status>
</kw>
<status starttime="20161208 12:51:31.974" endtime="20161208 12:51:32.308" status="PASS"></status>
</kw>
<kw library="RequestsLibrary.RequestsKeywords" name="Get Request">
<doc>Send a GET request on the session object found using the</doc>
<arguments>
<arg>openbmc</arg>
<arg>${base_uri}</arg>
<arg>&amp;{kwargs}</arg>
<arg>timeout=${timeout}</arg>
</arguments>
<assign>
<var>${ret}</var>
</assign>
<msg level="INFO" timestamp="20161208 12:51:32.401">Get Request using : alias=openbmc, uri=/org/openbmc/records/events/227/fru/attr/endpoints, headers=None </msg>
<msg level="INFO" timestamp="20161208 12:51:32.401">${ret} = &lt;Response [200]&gt;</msg>
<status starttime="20161208 12:51:32.308" endtime="20161208 12:51:32.401" status="PASS"></status>
</kw>
<kw library="BuiltIn" name="Run Keyword If">
<doc>Runs the given keyword with the given arguments, if ``condition`` is true.</doc>
<arguments>
<arg>'${quiet}' == '${0}'</arg>
<arg>Log Response</arg>
<arg>${ret}</arg>
</arguments>
<kw library="rest_client" name="Log Response">
<arguments>
<arg>${ret}</arg>
</arguments>
<kw library="BuiltIn" name="Catenate">
<doc>Catenates the given items together and returns the resulted string.</doc>
<arguments>
<arg>SEPARATOR=</arg>
<arg>Response code:</arg>
<arg>${resp.status_code}</arg>
<arg>, Content:</arg>
<arg>${resp.content}</arg>
</arguments>
<assign>
<var>${msg}</var>
</assign>
<msg level="INFO" timestamp="20161208 12:51:32.406">${msg} = Response code:200, Content:{
  "data": [
    "/org/openbmc/inventory/system/chassis/motherboard/dimm1"
  ], 
  "message": "200 OK", 
  "status": "ok"
}</msg>
<status starttime="20161208 12:51:32.405" endtime="20161208 12:51:32.406" status="PASS"></status>
</kw>
<kw library="rest_client" name="Logging">
<arguments>
<arg>${msg}</arg>
<arg>console=True</arg>
</arguments>
<kw library="BuiltIn" name="Log">
<doc>Logs the given message with the given level.</doc>
<arguments>
<arg>${msg}</arg>
<arg>console=True</arg>
</arguments>
<msg level="INFO" timestamp="20161208 12:51:32.407">Response code:200, Content:{
  "data": [
    "/org/openbmc/inventory/system/chassis/motherboard/dimm1"
  ], 
  "message": "200 OK", 
  "status": "ok"
}</msg>
<status starttime="20161208 12:51:32.406" endtime="20161208 12:51:32.407" status="PASS"></status>
</kw>
<status starttime="20161208 12:51:32.406" endtime="20161208 12:51:32.407" status="PASS"></status>
</kw>
<status starttime="20161208 12:51:32.405" endtime="20161208 12:51:32.407" status="PASS"></status>
</kw>
<status starttime="20161208 12:51:32.402" endtime="20161208 12:51:32.407" status="PASS"></status>
</kw>
<msg level="INFO" timestamp="20161208 12:51:32.407">${resp} = &lt;Response [200]&gt;</msg>
<status starttime="20161208 12:51:31.967" endtime="20161208 12:51:32.407" status="PASS"></status>
</kw>
<kw library="RequestsLibrary.RequestsKeywords" name="To Json">
<doc>Convert a string to a JSON object</doc>
<arguments>
<arg>${resp.content}</arg>
</arguments>
<assign>
<var>${content}</var>
</assign>
<msg level="INFO" timestamp="20161208 12:51:32.408">To JSON using : content={
  "data": [
    "/org/openbmc/inventory/system/chassis/motherboard/dimm1"
  ], 
  "message": "200 OK", 
  "status": "ok"
} </msg>
<msg level="INFO" timestamp="20161208 12:51:32.408">To JSON using : pretty_print=False </msg>
<msg level="INFO" timestamp="20161208 12:51:32.408">${content} = {u'data': [u'/org/openbmc/inventory/system/chassis/motherboard/dimm1'], u'message': u'200 OK', u'status': u'ok'}</msg>
<status starttime="20161208 12:51:32.407" endtime="20161208 12:51:32.408" status="PASS"></status>
</kw>
<msg level="INFO" timestamp="20161208 12:51:32.408">${association_content} = [u'/org/openbmc/inventory/system/chassis/motherboard/dimm1']</msg>
<status starttime="20161208 12:51:31.967" endtime="20161208 12:51:32.408" status="PASS"></status>
</kw>
<kw library="BuiltIn" name="Should Contain">
<doc>Fails if ``container`` does not contain ``item`` one or more times.</doc>
<arguments>
<arg>${association_content}</arg>
<arg>${DIMM1_URI}</arg>
</arguments>
<status starttime="20161208 12:51:32.408" endtime="20161208 12:51:32.409" status="PASS"></status>
</kw>
<kw library="rest_client" name="Read Attribute">
<arguments>
<arg>${DIMM1_URI}/event</arg>
<arg>endpoints</arg>
</arguments>
<assign>
<var>${dimm1_event}</var>
</assign>
<kw library="rest_client" name="OpenBMC Get Request">
<arguments>
<arg>${uri}/attr/${attr}</arg>
<arg>timeout=${timeout}</arg>
<arg>quiet=${quiet}</arg>
</arguments>
<assign>
<var>${resp}</var>
</assign>
<kw library="BuiltIn" name="Catenate">
<doc>Catenates the given items together and returns the resulted string.</doc>
<arguments>
<arg>SEPARATOR=</arg>
<arg>${DBUS_PREFIX}</arg>
<arg>${uri}</arg>
</arguments>
<assign>
<var>${base_uri}</var>
</assign>
<msg level="INFO" timestamp="20161208 12:51:32.410">${base_uri} = /org/openbmc/inventory/system/chassis/motherboard/dimm1/event/attr/endpoints</msg>
<status starttime="20161208 12:51:32.410" endtime="20161208 12:51:32.410" status="PASS"></status>
</kw>
<kw library="BuiltIn" name="Run Keyword If">
<doc>Runs the given keyword with the given arguments, if ``condition`` is true.</doc>
<arguments>
<arg>'${quiet}' == '${0}'</arg>
<arg>Log Request</arg>
<arg>method=Get</arg>
<arg>base_uri=${base_uri}</arg>
<arg>args=&amp;{kwargs}</arg>
</arguments>
<kw library="rest_client" name="Log Request">
<arguments>
<arg>method=Get</arg>
<arg>base_uri=${base_uri}</arg>
<arg>args=&amp;{kwargs}</arg>
</arguments>
<kw library="BuiltIn" name="Catenate">
<doc>Catenates the given items together and returns the resulted string.</doc>
<arguments>
<arg>SEPARATOR=</arg>
<arg>URI:</arg>
<arg>${AUTH_URI}</arg>
<arg>${kwargs["base_uri"]}</arg>
<arg>, method:</arg>
<arg>${kwargs["method"]}</arg>
<arg>, args:</arg>
<arg>${kwargs["args"]}</arg>
</arguments>
<assign>
<var>${msg}</var>
</assign>
<msg level="INFO" timestamp="20161208 12:51:32.415">${msg} = URI:https://9.3.23.30:443/org/openbmc/inventory/system/chassis/motherboard/dimm1/event/attr/endpoints, method:Get, args:{}</msg>
<status starttime="20161208 12:51:32.414" endtime="20161208 12:51:32.415" status="PASS"></status>
</kw>
<kw library="rest_client" name="Logging">
<arguments>
<arg>${msg}</arg>
<arg>console=True</arg>
</arguments>
<kw library="BuiltIn" name="Log">
<doc>Logs the given message with the given level.</doc>
<arguments>
<arg>${msg}</arg>
<arg>console=True</arg>
</arguments>
<msg level="INFO" timestamp="20161208 12:51:32.416">URI:https://9.3.23.30:443/org/openbmc/inventory/system/chassis/motherboard/dimm1/event/attr/endpoints, method:Get, args:{}</msg>
[...]
<status starttime="20161208 12:55:27.397" endtime="20161208 12:55:27.397" status="PASS"></status>
</kw>
<kw library="BuiltIn" name="Run Keyword And Return Status">
<doc>Runs the given keyword with given arguments and returns the status as a Boolean value.</doc>
<arguments>
<arg>OperatingSystem.File Should Exist</arg>
<arg>${TEST_HISTORY}</arg>
</arguments>
<assign>
<var>${exist}</var>
</assign>
<kw library="OperatingSystem" name="File Should Exist">
<doc>Fails unless the given ``path`` points to an existing file.</doc>
<arguments>
<arg>${TEST_HISTORY}</arg>
</arguments>
<msg level="INFO" html="yes" timestamp="20161208 12:55:27.398">File '&lt;a href="file:///tmp/root/16718/obmc-robot/logs/test_history.txt"&gt;/tmp/root/16718/obmc-robot/logs/test_history.txt&lt;/a&gt;' exists.</msg>
<status starttime="20161208 12:55:27.398" endtime="20161208 12:55:27.398" status="PASS"></status>
</kw>
<msg level="INFO" timestamp="20161208 12:55:27.398">${exist} = True</msg>
<status starttime="20161208 12:55:27.397" endtime="20161208 12:55:27.398" status="PASS"></status>
</kw>
<kw library="BuiltIn" name="Run Keyword If">
<doc>Runs the given keyword with the given arguments, if ``condition`` is true.</doc>
<arguments>
<arg>'${exist}' == '${False}'</arg>
<arg>Create File</arg>
<arg>${TEST_HISTORY}</arg>
</arguments>
<status starttime="20161208 12:55:27.398" endtime="20161208 12:55:27.401" status="PASS"></status>
</kw>
<kw library="openbmc_ffdc_utils" name="Get Current Time Stamp">
<doc>Get the current time stamp data</doc>
<assign>
<var>${cur_time}</var>
</assign>
<kw library="DateTime" name="Get Current Date">
<doc>Returns current local or UTC time with an optional increment.</doc>
<arguments>
<arg>result_format=%Y-%m-%d %H:%M:%S:%f</arg>
</arguments>
<assign>
<var>${cur_time}</var>
</assign>
<msg level="INFO" timestamp="20161208 12:55:27.402">${cur_time} = 2016-12-08 12:55:27:401753</msg>
<status starttime="20161208 12:55:27.402" endtime="20161208 12:55:27.402" status="PASS"></status>
</kw>
<kw library="openbmc_ffdc_list" name="Get Strip String">
<doc>########################################################################</doc>
<arguments>
<arg>${cur_time}</arg>
</arguments>
<assign>
<var>${cur_time}</var>
</assign>
<msg level="INFO" timestamp="20161208 12:55:27.402">${cur_time} = 20161208125527401753</msg>
<status starttime="20161208 12:55:27.402" endtime="20161208 12:55:27.402" status="PASS"></status>
</kw>
<msg level="INFO" timestamp="20161208 12:55:27.403">${cur_time} = 20161208125527401753</msg>
<status starttime="20161208 12:55:27.401" endtime="20161208 12:55:27.403" status="PASS"></status>
</kw>
<kw library="OperatingSystem" name="Append To File">
<doc>Appends the given contend to the specified file.</doc>
<arguments>
<arg>${TEST_HISTORY}</arg>
<arg>${cur_time}:${SUITE_NAME}:${TEST_NAME}:${TEST_STATUS}${\n}</arg>
</arguments>
<msg level="INFO" html="yes" timestamp="20161208 12:55:27.403">Appended to file '&lt;a href="file:///tmp/root/16718/obmc-robot/logs/test_history.txt"&gt;/tmp/root/16718/obmc-robot/logs/test_history.txt&lt;/a&gt;'.</msg>
<status starttime="20161208 12:55:27.403" endtime="20161208 12:55:27.403" status="PASS"></status>
</kw>
<status starttime="20161208 12:55:27.396" endtime="20161208 12:55:27.404" status="PASS"></status>
</kw>
<status starttime="20161208 12:55:27.393" endtime="20161208 12:55:27.404" status="PASS"></status>
</kw>
<doc>Test create event</doc>
<tags>
<tag>CI</tag>
<tag>write_a_log</tag>
</tags>
<status starttime="20161208 12:55:26.737" endtime="20161208 12:55:27.404" status="PASS" critical="yes"></status>
</test>
<kw library="SSHLibrary" type="teardown" name="Close All Connections">
<doc>Closes all open connections.</doc>
<status starttime="20161208 12:55:27.405" endtime="20161208 12:55:27.666" status="PASS"></status>
</kw>
<doc>This suite is used for testing the error logging
capability from the host</doc>
<status starttime="20161208 12:55:23.083" endtime="20161208 12:55:27.666" status="PASS"></status>
</suite>
<suite id="s1-s5" name="Test Obmcrest" source="/tmp/root/16718/obmc-robot/tests/test_obmcrest.robot">
<test id="s1-s5-t1" name="Get a Property">
<kw library="rest_client" name="Read Attribute">
<arguments>
<arg>/org/openbmc/inventory/system/chassis/motherboard/cpu0</arg>
<arg>is_fru</arg>
</arguments>
<assign>
<var>${resp}</var>
</assign>
<kw library="rest_client" name="OpenBMC Get Request">
<arguments>
<arg>${uri}/attr/${attr}</arg>
<arg>timeout=${timeout}</arg>
<arg>quiet=${quiet}</arg>
</arguments>
<assign>
<var>${resp}</var>
</assign>
<kw library="BuiltIn" name="Catenate">
<doc>Catenates the given items together and returns the resulted string.</doc>
<arguments>
<arg>SEPARATOR=</arg>
<arg>${DBUS_PREFIX}</arg>
<arg>${uri}</arg>
</arguments>
<assign>
<var>${base_uri}</var>
</assign>
<msg level="INFO" timestamp="20161208 12:55:27.695">${base_uri} = /org/openbmc/inventory/system/chassis/motherboard/cpu0/attr/is_fru</msg>
<status starttime="20161208 12:55:27.695" endtime="20161208 12:55:27.695" status="PASS"></status>
</kw>
<kw library="BuiltIn" name="Run Keyword If">
<doc>Runs the given keyword with the given arguments, if ``condition`` is true.</doc>
<arguments>
<arg>'${quiet}' == '${0}'</arg>
<arg>Log Request</arg>
<arg>method=Get</arg>
<arg>base_uri=${base_uri}</arg>
<arg>args=&amp;{kwargs}</arg>
</arguments>
<kw library="rest_client" name="Log Request">
<arguments>
<arg>method=Get</arg>
<arg>base_uri=${base_uri}</arg>
<arg>args=&amp;{kwargs}</arg>
</arguments>
<kw library="BuiltIn" name="Catenate">
<doc>Catenates the given items together and returns the resulted string.</doc>
<arguments>
<arg>SEPARATOR=</arg>
<arg>URI:</arg>
<arg>${AUTH_URI}</arg>
<arg>${kwargs["base_uri"]}</arg>
<arg>, method:</arg>
<arg>${kwargs["method"]}</arg>
<arg>, args:</arg>
<arg>${kwargs["args"]}</arg>
</arguments>
<assign>
<var>${msg}</var>
</assign>
<msg level="INFO" timestamp="20161208 12:55:27.702">${msg} = URI:https://9.3.23.30:443/org/openbmc/inventory/system/chassis/motherboard/cpu0/attr/is_fru, method:Get, args:{}</msg>
<status starttime="20161208 12:55:27.701" endtime="20161208 12:55:27.702" status="PASS"></status>
</kw>
<kw library="rest_client" name="Logging">
<arguments>
<arg>${msg}</arg>
<arg>console=True</arg>
</arguments>
<kw library="BuiltIn" name="Log">
<doc>Logs the given message with the given level.</doc>
<arguments>
<arg>${msg}</arg>
<arg>console=True</arg>
</arguments>
<msg level="INFO" timestamp="20161208 12:55:27.703">URI:https://9.3.23.30:443/org/openbmc/inventory/system/chassis/motherboard/cpu0/attr/is_fru, method:Get, args:{}</msg>
<status starttime="20161208 12:55:27.703" endtime="20161208 12:55:27.703" status="PASS"></status>
</kw>
<status starttime="20161208 12:55:27.702" endtime="20161208 12:55:27.703" status="PASS"></status>
</kw>
<status starttime="20161208 12:55:27.700" endtime="20161208 12:55:27.703" status="PASS"></status>
</kw>
<status starttime="20161208 12:55:27.696" endtime="20161208 12:55:27.703" status="PASS"></status>
</kw>
<kw library="rest_client" name="Initialize OpenBMC">
<arguments>
<arg>${timeout}</arg>
</arguments>
<kw library="RequestsLibrary.RequestsKeywords" name="Create Session">
<doc>Create Session: create a HTTP session to a server</doc>
<arguments>
<arg>openbmc</arg>
<arg>${AUTH_URI}</arg>
<arg>timeout=${timeout}</arg>
<arg>max_retries=3</arg>
</arguments>
<msg level="INFO" timestamp="20161208 12:55:27.704">Creating Session using : alias=openbmc, url=https://9.3.23.30:443, headers={},                     cookies=None, auth=None, timeout=10, proxies=None, verify=False,                     debug=0 </msg>
<status starttime="20161208 12:55:27.704" endtime="20161208 12:55:27.705" status="PASS"></status>
</kw>
<kw library="BuiltIn" name="Create Dictionary">
<doc>Creates and returns a dictionary based on given items.</doc>
<arguments>
<arg>Content-Type=application/json</arg>
</arguments>
<assign>
<var>${headers}</var>
</assign>
<msg level="INFO" timestamp="20161208 12:55:27.705">${headers} = {u'Content-Type': u'application/json'}</msg>
<status starttime="20161208 12:55:27.705" endtime="20161208 12:55:27.705" status="PASS"></status>
</kw>
<kw library="BuiltIn" name="Create List">
<doc>Returns a list containing given items.</doc>
<arguments>
<arg>${OPENBMC_USERNAME}</arg>
<arg>${OPENBMC_PASSWORD}</arg>
</arguments>
<assign>
<var>@{credentials}</var>
</assign>
<msg level="INFO" timestamp="20161208 12:55:27.706">@{credentials} = [ root | 0penBmc ]</msg>
<status starttime="20161208 12:55:27.705" endtime="20161208 12:55:27.706" status="PASS"></status>
</kw>
<kw library="BuiltIn" name="Create Dictionary">
<doc>Creates and returns a dictionary based on given items.</doc>
<arguments>
<arg>data=@{credentials}</arg>
</arguments>
<assign>
<var>${data}</var>
</assign>
<msg level="INFO" timestamp="20161208 12:55:27.706">${data} = {u'data': [u'root', u'0penBmc']}</msg>
<status starttime="20161208 12:55:27.706" endtime="20161208 12:55:27.706" status="PASS"></status>
</kw>
<kw library="RequestsLibrary.RequestsKeywords" name="Post Request">
<doc>Send a POST request on the session object found using the</doc>
<arguments>
<arg>openbmc</arg>
<arg>/login</arg>
<arg>data=${data}</arg>
<arg>headers=${headers}</arg>
</arguments>
<assign>
<var>${resp}</var>
</assign>
<msg level="INFO" timestamp="20161208 12:55:29.072">Post Request using : alias=openbmc, uri=/login, data={"data": ["root", "0penBmc"]},                     headers={u'Content-Type': u'application/json'}, files=None, allow_redirects=True </msg>
<msg level="INFO" timestamp="20161208 12:55:29.072">${resp} = &lt;Response [200]&gt;</msg>
<status starttime="20161208 12:55:27.707" endtime="20161208 12:55:29.072" status="PASS"></status>
</kw>
<kw library="BuiltIn" name="Should Be Equal As Strings">
<doc>Fails if objects are unequal after converting them to strings.</doc>
<arguments>
<arg>${resp.status_code}</arg>
<arg>${HTTP_OK}</arg>
</arguments>
<msg level="INFO" timestamp="20161208 12:55:29.074">Argument types are:
&lt;type 'int'&gt;
&lt;type 'unicode'&gt;</msg>
<status starttime="20161208 12:55:29.073" endtime="20161208 12:55:29.074" status="PASS"></status>
</kw>
<status starttime="20161208 12:55:27.703" endtime="20161208 12:55:29.074" status="PASS"></status>
</kw>
<kw library="RequestsLibrary.RequestsKeywords" name="Get Request">
<doc>Send a GET request on the session object found using the</doc>
<arguments>
<arg>openbmc</arg>
<arg>${base_uri}</arg>
<arg>&amp;{kwargs}</arg>
<arg>timeout=${timeout}</arg>
</arguments>
<assign>
<var>${ret}</var>
</assign>
<msg level="INFO" timestamp="20161208 12:55:29.188">Get Request using : alias=openbmc, uri=/org/openbmc/inventory/system/chassis/motherboard/cpu0/attr/is_fru, headers=None </msg>
<msg level="INFO" timestamp="20161208 12:55:29.188">${ret} = &lt;Response [200]&gt;</msg>
<status starttime="20161208 12:55:29.074" endtime="20161208 12:55:29.188" status="PASS"></status>
</kw>
<kw library="BuiltIn" name="Run Keyword If">
<doc>Runs the given keyword with the given arguments, if ``condition`` is true.</doc>
<arguments>
<arg>'${quiet}' == '${0}'</arg>
<arg>Log Response</arg>
<arg>${ret}</arg>
</arguments>
<kw library="rest_client" name="Log Response">
<arguments>
<arg>${ret}</arg>
</arguments>
<kw library="BuiltIn" name="Catenate">
<doc>Catenates the given items together and returns the resulted string.</doc>
<arguments>
<arg>SEPARATOR=</arg>
<arg>Response code:</arg>
<arg>${resp.status_code}</arg>
<arg>, Content:</arg>
<arg>${resp.content}</arg>
</arguments>
<assign>
<var>${msg}</var>
</assign>
<msg level="INFO" timestamp="20161208 12:55:29.195">${msg} = Response code:200, Content:{
  "data": 1, 
  "message": "200 OK", 
  "status": "ok"
}</msg>
<status starttime="20161208 12:55:29.194" endtime="20161208 12:55:29.195" status="PASS"></status>
</kw>
<kw library="rest_client" name="Logging">
<arguments>
<arg>${msg}</arg>
<arg>console=True</arg>
</arguments>
<kw library="BuiltIn" name="Log">
<doc>Logs the given message with the given level.</doc>
<arguments>
<arg>${msg}</arg>
<arg>console=True</arg>
</arguments>
<msg level="INFO" timestamp="20161208 12:55:29.196">Response code:200, Content:{
  "data": 1, 
  "message": "200 OK", 
  "status": "ok"
}</msg>
<status starttime="20161208 12:55:29.196" endtime="20161208 12:55:29.196" status="PASS"></status>
</kw>
<status starttime="20161208 12:55:29.195" endtime="20161208 12:55:29.197" status="PASS"></status>
</kw>
<status starttime="20161208 12:55:29.194" endtime="20161208 12:55:29.197" status="PASS"></status>
</kw>
<status starttime="20161208 12:55:29.189" endtime="20161208 12:55:29.197" status="PASS"></status>
</kw>
<msg level="INFO" timestamp="20161208 12:55:29.197">${resp} = &lt;Response [200]&gt;</msg>
<status starttime="20161208 12:55:27.694" endtime="20161208 12:55:29.197" status="PASS"></status>
</kw>
<kw library="RequestsLibrary.RequestsKeywords" name="To Json">
<doc>Convert a string to a JSON object</doc>
<arguments>
<arg>${resp.content}</arg>
</arguments>
<assign>
<var>${content}</var>
</assign>
<msg level="INFO" timestamp="20161208 12:55:29.198">To JSON using : content={
  "data": 1, 
  "message": "200 OK", 
  "status": "ok"
} </msg>
<msg level="INFO" timestamp="20161208 12:55:29.198">To JSON using : pretty_print=False </msg>
<msg level="INFO" timestamp="20161208 12:55:29.198">${content} = {u'data': 1, u'message': u'200 OK', u'status': u'ok'}</msg>
<status starttime="20161208 12:55:29.198" endtime="20161208 12:55:29.198" status="PASS"></status>
</kw>
<msg level="INFO" timestamp="20161208 12:55:29.199">${resp} = 1</msg>
<status starttime="20161208 12:55:27.693" endtime="20161208 12:55:29.199" status="PASS"></status>
</kw>
<kw library="BuiltIn" name="Should Be Equal">
<doc>Fails if the given objects are unequal.</doc>
<arguments>
<arg>${resp}</arg>
<arg>${1}</arg>
</arguments>
<status starttime="20161208 12:55:29.199" endtime="20161208 12:55:29.200" status="PASS"></status>
</kw>
<kw library="openbmc_ffdc" type="teardown" name="FFDC On Test Case Fail">
<doc>Generic FFDC entry point. Place holder to hook in</doc>
<kw library="BuiltIn" name="Run Keyword If">
<doc>Runs the given keyword with the given arguments, if ``condition`` is true.</doc>
<arguments>
<arg>'${TEST_STATUS}' == 'FAIL'</arg>
<arg>FFDC</arg>
</arguments>
<status starttime="20161208 12:55:29.201" endtime="20161208 12:55:29.204" status="PASS"></status>
</kw>
<kw library="openbmc_ffdc_methods" name="Log Test Case Status">
<doc>Test case execution result history.</doc>
<kw library="OperatingSystem" name="Create Directory">
<doc>Creates the specified directory.</doc>
<arguments>
<arg>${FFDC_LOG_PATH}</arg>
</arguments>
<msg level="INFO" html="yes" timestamp="20161208 12:55:29.204">Directory '&lt;a href="file:///tmp/root/16718/obmc-robot/logs"&gt;/tmp/root/16718/obmc-robot/logs&lt;/a&gt;' already exists.</msg>
<status starttime="20161208 12:55:29.204" endtime="20161208 12:55:29.204" status="PASS"></status>
</kw>
<kw library="BuiltIn" name="Run Keyword And Return Status">
<doc>Runs the given keyword with given arguments and returns the status as a Boolean value.</doc>
<arguments>
<arg>OperatingSystem.File Should Exist</arg>
<arg>${TEST_HISTORY}</arg>
</arguments>
<assign>
<var>${exist}</var>
</assign>
<kw library="OperatingSystem" name="File Should Exist">
<doc>Fails unless the given ``path`` points to an existing file.</doc>
<arguments>
<arg>${TEST_HISTORY}</arg>
</arguments>
<msg level="INFO" html="yes" timestamp="20161208 12:55:29.205">File '&lt;a href="file:///tmp/root/16718/obmc-robot/logs/test_history.txt"&gt;/tmp/root/16718/obmc-robot/logs/test_history.txt&lt;/a&gt;' exists.</msg>
<status starttime="20161208 12:55:29.205" endtime="20161208 12:55:29.205" status="PASS"></status>
</kw>
<msg level="INFO" timestamp="20161208 12:55:29.205">${exist} = True</msg>
<status starttime="20161208 12:55:29.205" endtime="20161208 12:55:29.205" status="PASS"></status>
</kw>
<kw library="BuiltIn" name="Run Keyword If">
<doc>Runs the given keyword with the given arguments, if ``condition`` is true.</doc>
<arguments>
<arg>'${exist}' == '${False}'</arg>
<arg>Create File</arg>
<arg>${TEST_HISTORY}</arg>
</arguments>
<status starttime="20161208 12:55:29.206" endtime="20161208 12:55:29.208" status="PASS"></status>
</kw>
<kw library="openbmc_ffdc_utils" name="Get Current Time Stamp">
<doc>Get the current time stamp data</doc>
<assign>
<var>${cur_time}</var>
</assign>
<kw library="DateTime" name="Get Current Date">
<doc>Returns current local or UTC time with an optional increment.</doc>
<arguments>
<arg>result_format=%Y-%m-%d %H:%M:%S:%f</arg>
</arguments>
<assign>
<var>${cur_time}</var>
</assign>
<msg level="INFO" timestamp="20161208 12:55:29.209">${cur_time} = 2016-12-08 12:55:29:208960</msg>
<status starttime="20161208 12:55:29.209" endtime="20161208 12:55:29.209" status="PASS"></status>
</kw>
<kw library="openbmc_ffdc_list" name="Get Strip String">
<doc>########################################################################</doc>
<arguments>
<arg>${cur_time}</arg>
</arguments>
<assign>
<var>${cur_time}</var>
</assign>
<msg level="INFO" timestamp="20161208 12:55:29.210">${cur_time} = 20161208125529208960</msg>
<status starttime="20161208 12:55:29.209" endtime="20161208 12:55:29.210" status="PASS"></status>
</kw>
<msg level="INFO" timestamp="20161208 12:55:29.210">${cur_time} = 20161208125529208960</msg>
<status starttime="20161208 12:55:29.208" endtime="20161208 12:55:29.210" status="PASS"></status>
</kw>
<kw library="OperatingSystem" name="Append To File">
<doc>Appends the given contend to the specified file.</doc>
<arguments>
<arg>${TEST_HISTORY}</arg>
<arg>${cur_time}:${SUITE_NAME}:${TEST_NAME}:${TEST_STATUS}${\n}</arg>
</arguments>
<msg level="INFO" html="yes" timestamp="20161208 12:55:29.211">Appended to file '&lt;a href="file:///tmp/root/16718/obmc-robot/logs/test_history.txt"&gt;/tmp/root/16718/obmc-robot/logs/test_history.txt&lt;/a&gt;'.</msg>
<status starttime="20161208 12:55:29.210" endtime="20161208 12:55:29.211" status="PASS"></status>
</kw>
<status starttime="20161208 12:55:29.204" endtime="20161208 12:55:29.211" status="PASS"></status>
</kw>
<status starttime="20161208 12:55:29.200" endtime="20161208 12:55:29.211" status="PASS"></status>
</kw>
<tags>
<tag>Get_a_Property</tag>
</tags>
<status starttime="20161208 12:55:27.692" endtime="20161208 12:55:29.211" status="PASS" critical="yes"></status>
</test>
<doc>This suite will verifiy all OpenBMC rest interfaces
Details of valid interfaces can be found here...
https://github.com/openbmc/docs/blob/master/rest-api.md</doc>
<status starttime="20161208 12:55:27.669" endtime="20161208 12:55:29.212" status="PASS"></status>
</suite>
<status starttime="20161208 12:51:24.600" endtime="20161208 12:55:29.216" status="FAIL"></status>
</suite>
<statistics>
<total>
<stat pass="6" fail="1">Critical Tests</stat>
<stat pass="6" fail="1">All Tests</stat>
</total>
<tag>
<stat pass="0" fail="1">chassisboot</stat>
<stat pass="2" fail="0">CI</stat>
<stat pass="1" fail="0">clear_any_logs</stat>
<stat pass="1" fail="0">Create_error_log_on_single_FRU</stat>
<stat pass="1" fail="0">Delete_error_log</stat>
<stat pass="1" fail="0">Get_a_Property</stat>
<stat pass="0" fail="1">power_on_test</stat>
<stat pass="1" fail="0">Test_SSL_Connection</stat>
<stat pass="1" fail="0">write_a_log</stat>
</tag>
<suite>
<stat pass="6" id="s1" name="Tests" fail="1">Tests</stat>
<stat pass="1" id="s1-s1" name="Security" fail="0">Tests.Security</stat>
<stat pass="1" id="s1-s1-s1" name="Test Ssl" fail="0">Tests.Security.Test Ssl</stat>
<stat pass="2" id="s1-s2" name="Test Association" fail="0">Tests.Test Association</stat>
<stat pass="0" id="s1-s3" name="Test Basic Poweron" fail="1">Tests.Test Basic Poweron</stat>
<stat pass="2" id="s1-s4" name="Test Eventlog" fail="0">Tests.Test Eventlog</stat>
<stat pass="1" id="s1-s5" name="Test Obmcrest" fail="0">Tests.Test Obmcrest</stat>
</suite>
</statistics>
<errors>
</errors>
</robot>
