<?xml version="1.0" encoding="UTF-8"?>
<robot generator="Robot 3.0.2 (Python 2.7.12 on linux2)" generated="20170517 20:10:10.309">
<suite name="Tests" source="/tmp/fspcibld/16253/obmc-robot/tests" id="s1">
<kw name="System Driver Data" type="setup">
<doc>System driver information.</doc>
<kw name="Open Connection And Log In" library="connection_client">
<doc>Opens a connection with the given arguments, and logs in.</doc>
<kw name="Run Keyword And Return Status" library="BuiltIn">
<doc>Runs the given keyword with given arguments and returns the status as a Boolean value.</doc>
<arguments>
<arg>Dictionary Should Contain Key</arg>
<arg>${connection_args}</arg>
<arg>host</arg>
</arguments>
<assign>
<var>${has_host}</var>
</assign>
<kw name="Dictionary Should Contain Key" library="Collections">
<doc>Fails if ``key`` is not found from ``dictionary``.</doc>
<arguments>
<arg>${connection_args}</arg>
<arg>host</arg>
</arguments>
<msg level="FAIL" timestamp="20170517 20:10:11.404">Dictionary does not contain key 'host'.</msg>
<status endtime="20170517 20:10:11.404" status="FAIL" starttime="20170517 20:10:11.404"></status>
</kw>
<msg level="INFO" timestamp="20170517 20:10:11.404">${has_host} = False</msg>
<status endtime="20170517 20:10:11.404" status="PASS" starttime="20170517 20:10:11.403"></status>
</kw>
<kw name="Run Keyword If" library="BuiltIn">
<doc>Runs the given keyword with the given arguments, if ``condition`` is true.</doc>
<arguments>
<arg>${has_host} == ${FALSE}</arg>
<arg>Set To Dictionary</arg>
<arg>${connection_args}</arg>
<arg>host=${OPENBMC_HOST}</arg>
</arguments>
<kw name="Set To Dictionary" library="Collections">
<doc>Adds the given ``key_value_pairs`` and ``items`` to the ``dictionary``.</doc>
<arguments>
<arg>${connection_args}</arg>
<arg>host=${OPENBMC_HOST}</arg>
</arguments>
<status endtime="20170517 20:10:11.405" status="PASS" starttime="20170517 20:10:11.405"></status>
</kw>
<status endtime="20170517 20:10:11.405" status="PASS" starttime="20170517 20:10:11.404"></status>
</kw>
<kw name="Run Keyword If" library="BuiltIn">
<doc>Runs the given keyword with the given arguments, if ``condition`` is true.</doc>
<arguments>
<arg>'${SSH_PORT}' != '${EMPTY}' and '${HTTPS_PORT}' != '${EMPTY}'</arg>
<arg>User input SSH and HTTPs Ports</arg>
</arguments>
<kw name="User input SSH and HTTPs Ports" library="connection_client">
<doc>Update the global SSH and HTTPs port variable for QEMU</doc>
<kw name="Convert To Integer" library="BuiltIn">
<doc>Converts the given item to an integer number.</doc>
<arguments>
<arg>${SSH_PORT}</arg>
</arguments>
<assign>
<var>${port_num}</var>
</assign>
<msg level="INFO" timestamp="20170517 20:10:11.406">${port_num} = 22</msg>
<status endtime="20170517 20:10:11.407" status="PASS" starttime="20170517 20:10:11.406"></status>
</kw>
<kw name="Replace Variables" library="BuiltIn">
<doc>Replaces variables in the given text with their current values.</doc>
<arguments>
<arg>${port_num}</arg>
</arguments>
<assign>
<var>${SSH_PORT}</var>
</assign>
<msg level="INFO" timestamp="20170517 20:10:11.407">${SSH_PORT} = 22</msg>
<status endtime="20170517 20:10:11.407" status="PASS" starttime="20170517 20:10:11.407"></status>
</kw>
<kw name="Convert To Integer" library="BuiltIn">
<doc>Converts the given item to an integer number.</doc>
<arguments>
<arg>${HTTPS_PORT}</arg>
</arguments>
<assign>
<var>${https_num}</var>
</assign>
<msg level="INFO" timestamp="20170517 20:10:11.407">${https_num} = 443</msg>
<status endtime="20170517 20:10:11.408" status="PASS" starttime="20170517 20:10:11.407"></status>
</kw>
<kw name="Set Global Variable" library="BuiltIn">
<doc>Makes a variable available globally in all tests and suites.</doc>
<arguments>
<arg>${AUTH_URI}</arg>
<arg>https://${OPENBMC_HOST}:${https_num}</arg>
</arguments>
<msg level="INFO" timestamp="20170517 20:10:11.408">${AUTH_URI} = https://9.3.86.161:443</msg>
<status endtime="20170517 20:10:11.408" status="PASS" starttime="20170517 20:10:11.408"></status>
</kw>
<status endtime="20170517 20:10:11.408" status="PASS" starttime="20170517 20:10:11.406"></status>
</kw>
<status endtime="20170517 20:10:11.408" status="PASS" starttime="20170517 20:10:11.405"></status>
</kw>
<kw name="Run Keyword And Return Status" library="BuiltIn">
<doc>Runs the given keyword with given arguments and returns the status as a Boolean value.</doc>
<arguments>
<arg>Dictionary Should Contain Key</arg>
<arg>${connection_args}</arg>
<arg>port</arg>
</arguments>
<assign>
<var>${has_port}</var>
</assign>
<kw name="Dictionary Should Contain Key" library="Collections">
<doc>Fails if ``key`` is not found from ``dictionary``.</doc>
<arguments>
<arg>${connection_args}</arg>
<arg>port</arg>
</arguments>
<msg level="FAIL" timestamp="20170517 20:10:11.409">Dictionary does not contain key 'port'.</msg>
<status endtime="20170517 20:10:11.409" status="FAIL" starttime="20170517 20:10:11.409"></status>
</kw>
<msg level="INFO" timestamp="20170517 20:10:11.409">${has_port} = False</msg>
<status endtime="20170517 20:10:11.409" status="PASS" starttime="20170517 20:10:11.409"></status>
</kw>
<kw name="Run Keyword If" library="BuiltIn">
<doc>Runs the given keyword with the given arguments, if ``condition`` is true.</doc>
<arguments>
<arg>'${SSH_PORT}' != '${EMPTY}' and ${has_port} == ${FALSE}</arg>
<arg>Run Keywords</arg>
<arg>Set To Dictionary</arg>
<arg>${connection_args}</arg>
<arg>port=${SSH_PORT}</arg>
<arg>AND</arg>
<arg>SSHLibrary.Open connection</arg>
<arg>&amp;{connection_args}</arg>
<arg>ELSE</arg>
<arg>Run Keyword</arg>
<arg>SSHLibrary.Open connection</arg>
<arg>&amp;{connection_args}</arg>
</arguments>
<kw name="Run Keywords" library="BuiltIn">
<doc>Executes all the given keywords in a sequence.</doc>
<arguments>
<arg>Set To Dictionary</arg>
<arg>${connection_args}</arg>
<arg>port=${SSH_PORT}</arg>
<arg>AND</arg>
<arg>SSHLibrary.Open connection</arg>
<arg>&amp;{connection_args}</arg>
</arguments>
<kw name="Set To Dictionary" library="Collections">
<doc>Adds the given ``key_value_pairs`` and ``items`` to the ``dictionary``.</doc>
<arguments>
<arg>${connection_args}</arg>
<arg>port=${SSH_PORT}</arg>
</arguments>
<status endtime="20170517 20:10:11.411" status="PASS" starttime="20170517 20:10:11.411"></status>
</kw>
<kw name="Open Connection" library="SSHLibrary">
<doc>Opens a new SSH connection to the given `host` and `port`.</doc>
<arguments>
<arg>&amp;{connection_args}</arg>
</arguments>
<status endtime="20170517 20:10:11.412" status="PASS" starttime="20170517 20:10:11.411"></status>
</kw>
<status endtime="20170517 20:10:11.412" status="PASS" starttime="20170517 20:10:11.410"></status>
</kw>
<status endtime="20170517 20:10:11.412" status="PASS" starttime="20170517 20:10:11.410"></status>
</kw>
<kw name="Login" library="SSHLibrary">
<doc>Logs into the SSH server with the given `username` and `password`.</doc>
<arguments>
<arg>${username}</arg>
<arg>${password}</arg>
</arguments>
<msg level="INFO" timestamp="20170517 20:10:11.412">Logging into '9.3.86.161:22' as 'root'.</msg>
<msg level="INFO" timestamp="20170517 20:10:13.339">Read output: root@witherspoon:~#</msg>
<status endtime="20170517 20:10:13.340" status="PASS" starttime="20170517 20:10:11.412"></status>
</kw>
<status endtime="20170517 20:10:13.340" status="PASS" starttime="20170517 20:10:11.402"></status>
</kw>
<kw name="Run Keyword And Ignore Error" library="BuiltIn">
<doc>Runs the given keyword with the given arguments and ignores possible error.</doc>
<arguments>
<arg>Log BMC Driver Details</arg>
</arguments>
<kw name="Log BMC Driver Details">
<doc>Get BMC driver details and log.</doc>
<kw name="Execute Command" library="SSHLibrary">
<doc>Executes `command` on the remote machine and returns its outputs.</doc>
<arguments>
<arg>${DRIVER_CMD}</arg>
<arg>return_stderr=True</arg>
</arguments>
<assign>
<var>${output}</var>
<var>${stderr}</var>
</assign>
<msg level="INFO" timestamp="20170517 20:10:13.341">Executing command 'cat /etc/os-release | grep ^VERSION_ID='.</msg>
<msg level="INFO" timestamp="20170517 20:10:13.409">Command exited with return code 0.</msg>
<msg level="INFO" timestamp="20170517 20:10:13.410">${output} = VERSION_ID="v1.99.5-40-gae7bde8"</msg>
<msg level="INFO" timestamp="20170517 20:10:13.410">${stderr} = </msg>
<status endtime="20170517 20:10:13.410" status="PASS" starttime="20170517 20:10:13.341"></status>
</kw>
<kw name="Should Be Empty" library="BuiltIn">
<doc>Verifies that the given item is empty.</doc>
<arguments>
<arg>${stderr}</arg>
</arguments>
<msg level="INFO" timestamp="20170517 20:10:13.411">Length is 0</msg>
<status endtime="20170517 20:10:13.411" status="PASS" starttime="20170517 20:10:13.410"></status>
</kw>
<kw name="Log" library="BuiltIn">
<doc>Logs the given message with the given level.</doc>
<arguments>
<arg>${output}</arg>
</arguments>
<msg level="INFO" timestamp="20170517 20:10:13.411">VERSION_ID="v1.99.5-40-gae7bde8"</msg>
<status endtime="20170517 20:10:13.411" status="PASS" starttime="20170517 20:10:13.411"></status>
</kw>
<status endtime="20170517 20:10:13.411" status="PASS" starttime="20170517 20:10:13.341"></status>
</kw>
<status endtime="20170517 20:10:13.411" status="PASS" starttime="20170517 20:10:13.340"></status>
</kw>
<kw name="Run Keyword And Ignore Error" library="BuiltIn">
<doc>Runs the given keyword with the given arguments and ignores possible error.</doc>
<arguments>
<arg>Log PNOR Driver Details</arg>
</arguments>
<kw name="Log PNOR Driver Details">
<doc>Get PNOR driver details and log.</doc>
<kw name="Execute Command On BMC" library="utils">
<doc>Execute given command on BMC and return output.</doc>
<arguments>
<arg>${PNOR_CMD}</arg>
</arguments>
<assign>
<var>${pnor_details}</var>
</assign>
<kw name="Execute Command" library="SSHLibrary">
<doc>Executes `command` on the remote machine and returns its outputs.</doc>
<arguments>
<arg>${command}</arg>
<arg>return_stderr=True</arg>
</arguments>
<assign>
<var>${stdout}</var>
<var>${stderr}</var>
</assign>
<msg level="INFO" timestamp="20170517 20:10:13.413">Executing command '/usr/sbin/pflash -r /tmp/out.txt -P VERSION; cat /tmp/out.txt'.</msg>
<msg level="INFO" timestamp="20170517 20:10:13.581">Command exited with return code 0.</msg>
<msg level="INFO" timestamp="20170517 20:10:13.581">${stdout} = Reading to "/tmp/out.txt" from 0x027e0000..0x027e1000 !
[                                                  ] 0%[==================================================] 100%
IBM-witherspoon-ibm-OP9_v1.15...</msg>
<msg level="INFO" timestamp="20170517 20:10:13.581">${stderr} = </msg>
<status endtime="20170517 20:10:13.581" status="PASS" starttime="20170517 20:10:13.412"></status>
</kw>
<kw name="Should Be Empty" library="BuiltIn">
<doc>Verifies that the given item is empty.</doc>
<arguments>
<arg>${stderr}</arg>
</arguments>
<msg level="INFO" timestamp="20170517 20:10:13.582">Length is 0</msg>
<status endtime="20170517 20:10:13.582" status="PASS" starttime="20170517 20:10:13.581"></status>
</kw>
<msg level="INFO" timestamp="20170517 20:10:13.582">${pnor_details} = Reading to "/tmp/out.txt" from 0x027e0000..0x027e1000 !
[                                                  ] 0%[==================================================] 100%
IBM-witherspoon-ibm-OP9_v1.15...</msg>
<status endtime="20170517 20:10:13.582" status="PASS" starttime="20170517 20:10:13.412"></status>
</kw>
<kw name="Log" library="BuiltIn">
<doc>Logs the given message with the given level.</doc>
<arguments>
<arg>PNOR_INFO=${pnor_details}</arg>
</arguments>
<msg level="INFO" timestamp="20170517 20:10:13.583">PNOR_INFO=Reading to "/tmp/out.txt" from 0x027e0000..0x027e1000 !
[                                                  ] 0%[==================================================] 100%
IBM-witherspoon-ibm-OP9_v1.15_1.22
	op-build-v1.15-115-ge46df0d-dirty
	buildroot-2017.02-4-gc28573e
	skiboot-5.5.0-rc3
	hostboot-3a3d65e
	linux-4.10.7-openpower1-pb32b856
	petitboot-v1.4.2-pa470686
	witherspoon-xml-07ef29d
	occ-e1889e5
	hostboot-binaries-46670e3
	capp-ucode-1bb7503
</msg>
<status endtime="20170517 20:10:13.584" status="PASS" starttime="20170517 20:10:13.582"></status>
</kw>
<status endtime="20170517 20:10:13.584" status="PASS" starttime="20170517 20:10:13.412"></status>
</kw>
<status endtime="20170517 20:10:13.584" status="PASS" starttime="20170517 20:10:13.412"></status>
</kw>
<kw name="Run Keyword And Ignore Error" library="BuiltIn">
<doc>Runs the given keyword with the given arguments and ignores possible error.</doc>
<arguments>
<arg>Log BMC Model</arg>
</arguments>
<kw name="Log BMC Model">
<doc>Fetch BMC Model name from system and log.</doc>
<kw name="Get BMC System Model" library="utils">
<doc>Get the BMC model from the device tree.</doc>
<assign>
<var>${bmc_model}</var>
</assign>
<kw name="Open Connection And Log In" library="connection_client">
<doc>Opens a connection with the given arguments, and logs in.</doc>
<kw name="Run Keyword And Return Status" library="BuiltIn">
<doc>Runs the given keyword with given arguments and returns the status as a Boolean value.</doc>
<arguments>
<arg>Dictionary Should Contain Key</arg>
<arg>${connection_args}</arg>
<arg>host</arg>
</arguments>
<assign>
<var>${has_host}</var>
</assign>
<kw name="Dictionary Should Contain Key" library="Collections">
<doc>Fails if ``key`` is not found from ``dictionary``.</doc>
<arguments>
<arg>${connection_args}</arg>
<arg>host</arg>
</arguments>
<msg level="FAIL" timestamp="20170517 20:10:13.586">Dictionary does not contain key 'host'.</msg>
<status endtime="20170517 20:10:13.586" status="FAIL" starttime="20170517 20:10:13.586"></status>
</kw>
<msg level="INFO" timestamp="20170517 20:10:13.587">${has_host} = False</msg>
<status endtime="20170517 20:10:13.587" status="PASS" starttime="20170517 20:10:13.586"></status>
</kw>
<kw name="Run Keyword If" library="BuiltIn">
<doc>Runs the given keyword with the given arguments, if ``condition`` is true.</doc>
<arguments>
<arg>${has_host} == ${FALSE}</arg>
<arg>Set To Dictionary</arg>
<arg>${connection_args}</arg>
<arg>host=${OPENBMC_HOST}</arg>
</arguments>
<kw name="Set To Dictionary" library="Collections">
<doc>Adds the given ``key_value_pairs`` and ``items`` to the ``dictionary``.</doc>
<arguments>
<arg>${connection_args}</arg>
<arg>host=${OPENBMC_HOST}</arg>
</arguments>
<status endtime="20170517 20:10:13.588" status="PASS" starttime="20170517 20:10:13.587"></status>
</kw>
<status endtime="20170517 20:10:13.588" status="PASS" starttime="20170517 20:10:13.587"></status>
</kw>
<kw name="Run Keyword If" library="BuiltIn">
<doc>Runs the given keyword with the given arguments, if ``condition`` is true.</doc>
<arguments>
<arg>'${SSH_PORT}' != '${EMPTY}' and '${HTTPS_PORT}' != '${EMPTY}'</arg>
<arg>User input SSH and HTTPs Ports</arg>
</arguments>
<kw name="User input SSH and HTTPs Ports" library="connection_client">
<doc>Update the global SSH and HTTPs port variable for QEMU</doc>
<kw name="Convert To Integer" library="BuiltIn">
<doc>Converts the given item to an integer number.</doc>
<arguments>
<arg>${SSH_PORT}</arg>
</arguments>
<assign>
<var>${port_num}</var>
</assign>
<msg level="INFO" timestamp="20170517 20:10:13.589">${port_num} = 22</msg>
<status endtime="20170517 20:10:13.589" status="PASS" starttime="20170517 20:10:13.589"></status>
</kw>
<kw name="Replace Variables" library="BuiltIn">
<doc>Replaces variables in the given text with their current values.</doc>
<arguments>
<arg>${port_num}</arg>
</arguments>
<assign>
<var>${SSH_PORT}</var>
</assign>
<msg level="INFO" timestamp="20170517 20:10:13.590">${SSH_PORT} = 22</msg>
<status endtime="20170517 20:10:13.590" status="PASS" starttime="20170517 20:10:13.589"></status>
</kw>
<kw name="Convert To Integer" library="BuiltIn">
<doc>Converts the given item to an integer number.</doc>
<arguments>
<arg>${HTTPS_PORT}</arg>
</arguments>
<assign>
<var>${https_num}</var>
</assign>
<msg level="INFO" timestamp="20170517 20:10:13.590">${https_num} = 443</msg>
<status endtime="20170517 20:10:13.590" status="PASS" starttime="20170517 20:10:13.590"></status>
</kw>
<kw name="Set Global Variable" library="BuiltIn">
<doc>Makes a variable available globally in all tests and suites.</doc>
<arguments>
<arg>${AUTH_URI}</arg>
<arg>https://${OPENBMC_HOST}:${https_num}</arg>
</arguments>
<msg level="INFO" timestamp="20170517 20:10:13.591">${AUTH_URI} = https://9.3.86.161:443</msg>
<status endtime="20170517 20:10:13.591" status="PASS" starttime="20170517 20:10:13.590"></status>
</kw>
<status endtime="20170517 20:10:13.591" status="PASS" starttime="20170517 20:10:13.588"></status>
</kw>
<status endtime="20170517 20:10:13.591" status="PASS" starttime="20170517 20:10:13.588"></status>
</kw>
<kw name="Run Keyword And Return Status" library="BuiltIn">
<doc>Runs the given keyword with given arguments and returns the status as a Boolean value.</doc>
<arguments>
<arg>Dictionary Should Contain Key</arg>
<arg>${connection_args}</arg>
<arg>port</arg>
</arguments>
<assign>
<var>${has_port}</var>
</assign>
<kw name="Dictionary Should Contain Key" library="Collections">
<doc>Fails if ``key`` is not found from ``dictionary``.</doc>
<arguments>
<arg>${connection_args}</arg>
<arg>port</arg>
</arguments>
<msg level="FAIL" timestamp="20170517 20:10:13.592">Dictionary does not contain key 'port'.</msg>
<status endtime="20170517 20:10:13.592" status="FAIL" starttime="20170517 20:10:13.592"></status>
</kw>
<msg level="INFO" timestamp="20170517 20:10:13.592">${has_port} = False</msg>
<status endtime="20170517 20:10:13.592" status="PASS" starttime="20170517 20:10:13.591"></status>
</kw>
<kw name="Run Keyword If" library="BuiltIn">
<doc>Runs the given keyword with the given arguments, if ``condition`` is true.</doc>
<arguments>
<arg>'${SSH_PORT}' != '${EMPTY}' and ${has_port} == ${FALSE}</arg>
<arg>Run Keywords</arg>
<arg>Set To Dictionary</arg>
<arg>${connection_args}</arg>
<arg>port=${SSH_PORT}</arg>
<arg>AND</arg>
<arg>SSHLibrary.Open connection</arg>
<arg>&amp;{connection_args}</arg>
<arg>ELSE</arg>
<arg>Run Keyword</arg>
<arg>SSHLibrary.Open connection</arg>
<arg>&amp;{connection_args}</arg>
</arguments>
<kw name="Run Keywords" library="BuiltIn">
<doc>Executes all the given keywords in a sequence.</doc>
<arguments>
<arg>Set To Dictionary</arg>
<arg>${connection_args}</arg>
<arg>port=${SSH_PORT}</arg>
<arg>AND</arg>
<arg>SSHLibrary.Open connection</arg>
<arg>&amp;{connection_args}</arg>
</arguments>
<kw name="Set To Dictionary" library="Collections">
<doc>Adds the given ``key_value_pairs`` and ``items`` to the ``dictionary``.</doc>
<arguments>
<arg>${connection_args}</arg>
<arg>port=${SSH_PORT}</arg>
</arguments>
<status endtime="20170517 20:10:13.594" status="PASS" starttime="20170517 20:10:13.593"></status>
</kw>
<kw name="Open Connection" library="SSHLibrary">
<doc>Opens a new SSH connection to the given `host` and `port`.</doc>
<arguments>
<arg>&amp;{connection_args}</arg>
</arguments>
<status endtime="20170517 20:10:13.594" status="PASS" starttime="20170517 20:10:13.594"></status>
</kw>
<status endtime="20170517 20:10:13.595" status="PASS" starttime="20170517 20:10:13.593"></status>
</kw>
<status endtime="20170517 20:10:13.595" status="PASS" starttime="20170517 20:10:13.592"></status>
</kw>
<kw name="Login" library="SSHLibrary">
<doc>Logs into the SSH server with the given `username` and `password`.</doc>
<arguments>
<arg>${username}</arg>
<arg>${password}</arg>
</arguments>
<msg level="INFO" timestamp="20170517 20:10:13.595">Logging into '9.3.86.161:22' as 'root'.</msg>
<msg level="INFO" timestamp="20170517 20:10:15.805">Read output: root@witherspoon:~#</msg>
<status endtime="20170517 20:10:15.805" status="PASS" starttime="20170517 20:10:13.595"></status>
</kw>
<status endtime="20170517 20:10:15.805" status="PASS" starttime="20170517 20:10:13.585"></status>
</kw>
<kw name="Execute Command" library="SSHLibrary">
<doc>Executes `command` on the remote machine and returns its outputs.</doc>
<arguments>
<arg>cat ${devicetree_base} | cut -d " " -f 1</arg>
<arg>return_stderr=True</arg>
</arguments>
<assign>
<var>${bmc_model}</var>
<var>${stderr}</var>
</assign>
<msg level="INFO" timestamp="20170517 20:10:15.806">Executing command 'cat /sys/firmware/devicetree/base/model | cut -d " " -f 1'.</msg>
<msg level="INFO" timestamp="20170517 20:10:15.913">Command exited with return code 0.</msg>
<msg level="INFO" timestamp="20170517 20:10:15.913">${bmc_model} = Witherspoon</msg>
<msg level="INFO" timestamp="20170517 20:10:15.913">${stderr} = </msg>
<status endtime="20170517 20:10:15.913" status="PASS" starttime="20170517 20:10:15.806"></status>
</kw>
<kw name="Should Be Empty" library="BuiltIn">
<doc>Verifies that the given item is empty.</doc>
<arguments>
<arg>${stderr}</arg>
</arguments>
<msg level="INFO" timestamp="20170517 20:10:15.914">Length is 0</msg>
<status endtime="20170517 20:10:15.914" status="PASS" starttime="20170517 20:10:15.913"></status>
</kw>
<kw name="Should Not Be Empty" library="BuiltIn">
<doc>Verifies that the given item is not empty.</doc>
<arguments>
<arg>${bmc_model}</arg>
</arguments>
<msg level="INFO" timestamp="20170517 20:10:15.914">Length is 11</msg>
<status endtime="20170517 20:10:15.914" status="PASS" starttime="20170517 20:10:15.914"></status>
</kw>
<msg level="INFO" timestamp="20170517 20:10:15.914">${bmc_model} = Witherspoon</msg>
<status endtime="20170517 20:10:15.914" status="PASS" starttime="20170517 20:10:13.585"></status>
</kw>
<kw name="Log" library="BuiltIn">
<doc>Logs the given message with the given level.</doc>
<arguments>
<arg>BMC Model=${bmc_model}</arg>
</arguments>
<msg level="INFO" timestamp="20170517 20:10:15.915">BMC Model=Witherspoon</msg>
<status endtime="20170517 20:10:15.915" status="PASS" starttime="20170517 20:10:15.915"></status>
</kw>
<status endtime="20170517 20:10:15.915" status="PASS" starttime="20170517 20:10:13.584"></status>
</kw>
<status endtime="20170517 20:10:15.915" status="PASS" starttime="20170517 20:10:13.584"></status>
</kw>
<kw name="Run Keyword And Ignore Error" library="BuiltIn">
<doc>Runs the given keyword with the given arguments and ignores possible error.</doc>
<arguments>
<arg>Enable Core Dump On BMC</arg>
</arguments>
<kw name="Enable Core Dump On BMC" library="utils">
<doc>Enable core dump collection.</doc>
<kw name="Open Connection And Log In" library="connection_client">
<doc>Opens a connection with the given arguments, and logs in.</doc>
<kw name="Run Keyword And Return Status" library="BuiltIn">
<doc>Runs the given keyword with given arguments and returns the status as a Boolean value.</doc>
<arguments>
<arg>Dictionary Should Contain Key</arg>
<arg>${connection_args}</arg>
<arg>host</arg>
</arguments>
<assign>
<var>${has_host}</var>
</assign>
<kw name="Dictionary Should Contain Key" library="Collections">
<doc>Fails if ``key`` is not found from ``dictionary``.</doc>
<arguments>
<arg>${connection_args}</arg>
<arg>host</arg>
</arguments>
<msg level="FAIL" timestamp="20170517 20:10:15.917">Dictionary does not contain key 'host'.</msg>
<status endtime="20170517 20:10:15.917" status="FAIL" starttime="20170517 20:10:15.917"></status>
</kw>
<msg level="INFO" timestamp="20170517 20:10:15.917">${has_host} = False</msg>
<status endtime="20170517 20:10:15.917" status="PASS" starttime="20170517 20:10:15.916"></status>
</kw>
<kw name="Run Keyword If" library="BuiltIn">
<doc>Runs the given keyword with the given arguments, if ``condition`` is true.</doc>
<arguments>
<arg>${has_host} == ${FALSE}</arg>
<arg>Set To Dictionary</arg>
<arg>${connection_args}</arg>
<arg>host=${OPENBMC_HOST}</arg>
</arguments>
<kw name="Set To Dictionary" library="Collections">
<doc>Adds the given ``key_value_pairs`` and ``items`` to the ``dictionary``.</doc>
<arguments>
<arg>${connection_args}</arg>
<arg>host=${OPENBMC_HOST}</arg>
</arguments>
<status endtime="20170517 20:10:15.918" status="PASS" starttime="20170517 20:10:15.918"></status>
</kw>
<status endtime="20170517 20:10:15.918" status="PASS" starttime="20170517 20:10:15.917"></status>
</kw>
<kw name="Run Keyword If" library="BuiltIn">
<doc>Runs the given keyword with the given arguments, if ``condition`` is true.</doc>
<arguments>
<arg>'${SSH_PORT}' != '${EMPTY}' and '${HTTPS_PORT}' != '${EMPTY}'</arg>
<arg>User input SSH and HTTPs Ports</arg>
</arguments>
<kw name="User input SSH and HTTPs Ports" library="connection_client">
<doc>Update the global SSH and HTTPs port variable for QEMU</doc>
<kw name="Convert To Integer" library="BuiltIn">
<doc>Converts the given item to an integer number.</doc>
<arguments>
<arg>${SSH_PORT}</arg>
</arguments>
<assign>
<var>${port_num}</var>
</assign>
<msg level="INFO" timestamp="20170517 20:10:15.920">${port_num} = 22</msg>
<status endtime="20170517 20:10:15.920" status="PASS" starttime="20170517 20:10:15.919"></status>
</kw>
<kw name="Replace Variables" library="BuiltIn">
<doc>Replaces variables in the given text with their current values.</doc>
<arguments>
<arg>${port_num}</arg>
</arguments>
<assign>
<var>${SSH_PORT}</var>
</assign>
<msg level="INFO" timestamp="20170517 20:10:15.920">${SSH_PORT} = 22</msg>
<status endtime="20170517 20:10:15.920" status="PASS" starttime="20170517 20:10:15.920"></status>
</kw>
<kw name="Convert To Integer" library="BuiltIn">
<doc>Converts the given item to an integer number.</doc>
<arguments>
<arg>${HTTPS_PORT}</arg>
</arguments>
<assign>
<var>${https_num}</var>
</assign>
<msg level="INFO" timestamp="20170517 20:10:15.921">${https_num} = 443</msg>
<status endtime="20170517 20:10:15.921" status="PASS" starttime="20170517 20:10:15.921"></status>
</kw>
<kw name="Set Global Variable" library="BuiltIn">
<doc>Makes a variable available globally in all tests and suites.</doc>
<arguments>
<arg>${AUTH_URI}</arg>
<arg>https://${OPENBMC_HOST}:${https_num}</arg>
</arguments>
<msg level="INFO" timestamp="20170517 20:10:15.922">${AUTH_URI} = https://9.3.86.161:443</msg>
<status endtime="20170517 20:10:15.922" status="PASS" starttime="20170517 20:10:15.921"></status>
</kw>
<status endtime="20170517 20:10:15.922" status="PASS" starttime="20170517 20:10:15.919"></status>
</kw>
<status endtime="20170517 20:10:15.922" status="PASS" starttime="20170517 20:10:15.919"></status>
</kw>
<kw name="Run Keyword And Return Status" library="BuiltIn">
<doc>Runs the given keyword with given arguments and returns the status as a Boolean value.</doc>
<arguments>
<arg>Dictionary Should Contain Key</arg>
<arg>${connection_args}</arg>
<arg>port</arg>
</arguments>
<assign>
<var>${has_port}</var>
</assign>
<kw name="Dictionary Should Contain Key" library="Collections">
<doc>Fails if ``key`` is not found from ``dictionary``.</doc>
<arguments>
<arg>${connection_args}</arg>
<arg>port</arg>
</arguments>
<msg level="FAIL" timestamp="20170517 20:10:15.923">Dictionary does not contain key 'port'.</msg>
<status endtime="20170517 20:10:15.923" status="FAIL" starttime="20170517 20:10:15.922"></status>
</kw>
<msg level="INFO" timestamp="20170517 20:10:15.923">${has_port} = False</msg>
<status endtime="20170517 20:10:15.923" status="PASS" starttime="20170517 20:10:15.922"></status>
</kw>
<kw name="Run Keyword If" library="BuiltIn">
<doc>Runs the given keyword with the given arguments, if ``condition`` is true.</doc>
<arguments>
<arg>'${SSH_PORT}' != '${EMPTY}' and ${has_port} == ${FALSE}</arg>
<arg>Run Keywords</arg>
<arg>Set To Dictionary</arg>
<arg>${connection_args}</arg>
<arg>port=${SSH_PORT}</arg>
<arg>AND</arg>
<arg>SSHLibrary.Open connection</arg>
<arg>&amp;{connection_args}</arg>
<arg>ELSE</arg>
<arg>Run Keyword</arg>
<arg>SSHLibrary.Open connection</arg>
<arg>&amp;{connection_args}</arg>
</arguments>
<kw name="Run Keywords" library="BuiltIn">
<doc>Executes all the given keywords in a sequence.</doc>
<arguments>
<arg>Set To Dictionary</arg>
<arg>${connection_args}</arg>
<arg>port=${SSH_PORT}</arg>
<arg>AND</arg>
<arg>SSHLibrary.Open connection</arg>
<arg>&amp;{connection_args}</arg>
</arguments>
<kw name="Set To Dictionary" library="Collections">
<doc>Adds the given ``key_value_pairs`` and ``items`` to the ``dictionary``.</doc>
<arguments>
<arg>${connection_args}</arg>
<arg>port=${SSH_PORT}</arg>
</arguments>
<status endtime="20170517 20:10:15.924" status="PASS" starttime="20170517 20:10:15.924"></status>
</kw>
<kw name="Open Connection" library="SSHLibrary">
<doc>Opens a new SSH connection to the given `host` and `port`.</doc>
<arguments>
<arg>&amp;{connection_args}</arg>
</arguments>
<status endtime="20170517 20:10:15.925" status="PASS" starttime="20170517 20:10:15.925"></status>
</kw>
<status endtime="20170517 20:10:15.925" status="PASS" starttime="20170517 20:10:15.924"></status>
</kw>
<status endtime="20170517 20:10:15.925" status="PASS" starttime="20170517 20:10:15.923"></status>
</kw>
<kw name="Login" library="SSHLibrary">
<doc>Logs into the SSH server with the given `username` and `password`.</doc>
<arguments>
<arg>${username}</arg>
<arg>${password}</arg>
</arguments>
<msg level="INFO" timestamp="20170517 20:10:15.926">Logging into '9.3.86.161:22' as 'root'.</msg>
<msg level="INFO" timestamp="20170517 20:10:17.571">Read output: root@witherspoon:~#</msg>
<status endtime="20170517 20:10:17.572" status="PASS" starttime="20170517 20:10:15.925"></status>
</kw>
<status endtime="20170517 20:10:17.572" status="PASS" starttime="20170517 20:10:15.916"></status>
</kw>
<kw name="Execute Command On BMC" library="utils">
<doc>Execute given command on BMC and return output.</doc>
<arguments>
<arg>echo '/tmp/core_%e.%p' | tee /proc/sys/kernel/core_pattern</arg>
</arguments>
<assign>
<var>${core_pattern}</var>
</assign>
<kw name="Execute Command" library="SSHLibrary">
<doc>Executes `command` on the remote machine and returns its outputs.</doc>
<arguments>
<arg>${command}</arg>
<arg>return_stderr=True</arg>
</arguments>
<assign>
<var>${stdout}</var>
<var>${stderr}</var>
</assign>
<msg level="INFO" timestamp="20170517 20:10:17.573">Executing command 'echo '/tmp/core_%e.%p' | tee /proc/sys/kernel/core_pattern'.</msg>
<msg level="INFO" timestamp="20170517 20:10:17.650">Command exited with return code 0.</msg>
<msg level="INFO" timestamp="20170517 20:10:17.650">${stdout} = /tmp/core_%e.%p</msg>
<msg level="INFO" timestamp="20170517 20:10:17.650">${stderr} = </msg>
<status endtime="20170517 20:10:17.650" status="PASS" starttime="20170517 20:10:17.573"></status>
</kw>
<kw name="Should Be Empty" library="BuiltIn">
<doc>Verifies that the given item is empty.</doc>
<arguments>
<arg>${stderr}</arg>
</arguments>
<msg level="INFO" timestamp="20170517 20:10:17.651">Length is 0</msg>
<status endtime="20170517 20:10:17.651" status="PASS" starttime="20170517 20:10:17.650"></status>
</kw>
<msg level="INFO" timestamp="20170517 20:10:17.651">${core_pattern} = /tmp/core_%e.%p</msg>
<status endtime="20170517 20:10:17.651" status="PASS" starttime="20170517 20:10:17.572"></status>
</kw>
<kw name="Should Be Equal As Strings" library="BuiltIn">
<doc>Fails if objects are unequal after converting them to strings.</doc>
<arguments>
<arg>${core_pattern}</arg>
<arg>/tmp/core_%e.%p</arg>
</arguments>
<status endtime="20170517 20:10:17.651" status="PASS" starttime="20170517 20:10:17.651"></status>
</kw>
<status endtime="20170517 20:10:17.652" status="PASS" starttime="20170517 20:10:15.916"></status>
</kw>
<status endtime="20170517 20:10:17.652" status="PASS" starttime="20170517 20:10:15.915"></status>
</kw>
<kw name="Run Keyword If" library="BuiltIn">
<doc>Runs the given keyword with the given arguments, if ``condition`` is true.</doc>
<arguments>
<arg>'${DEBUG_TARBALL_PATH}' != '${EMPTY}'</arg>
<arg>Run Keyword And Ignore Error</arg>
<arg>Install Debug Tarball On BMC</arg>
<arg>${DEBUG_TARBALL_PATH}</arg>
</arguments>
<status endtime="20170517 20:10:17.652" status="PASS" starttime="20170517 20:10:17.652"></status>
</kw>
<status endtime="20170517 20:10:17.652" status="PASS" starttime="20170517 20:10:11.402"></status>
</kw>
<suite name="Security" source="/tmp/fspcibld/16253/obmc-robot/tests/security" id="s1-s1">
<suite name="Test Ssl" source="/tmp/fspcibld/16253/obmc-robot/tests/security/test_ssl.robot" id="s1-s1-s1">
<test name="Test SSL Connection" id="s1-s1-s1-t1">
<kw name="Initialize OpenBMC" library="rest_client">
<kw name="Wait Until Keyword Succeeds" library="BuiltIn">
<doc>Runs the specified keyword and retries if it fails.</doc>
<arguments>
<arg>40 sec</arg>
<arg>20 sec</arg>
<arg>Post Login Request</arg>
<arg>${timeout}</arg>
<arg>${quiet}</arg>
</arguments>
<kw name="Post Login Request" library="rest_client">
<arguments>
<arg>${timeout}</arg>
<arg>${quiet}</arg>
</arguments>
<kw name="Create Session" library="RequestsLibrary.RequestsKeywords">
<doc>Create Session: create a HTTP session to a server</doc>
<arguments>
<arg>openbmc</arg>
<arg>${AUTH_URI}</arg>
<arg>timeout=${timeout}</arg>
<arg>max_retries=3</arg>
</arguments>
<msg level="INFO" timestamp="20170517 20:10:20.248">Creating Session using : alias=openbmc, url=https://9.3.86.161:443, headers={},                     cookies=None, auth=None, timeout=20, proxies=None, verify=False,                     debug=0 </msg>
<status endtime="20170517 20:10:20.249" status="PASS" starttime="20170517 20:10:20.246"></status>
</kw>
<kw name="Create Dictionary" library="BuiltIn">
<doc>Creates and returns a dictionary based on the given ``items``.</doc>
<arguments>
<arg>Content-Type=application/json</arg>
</arguments>
<assign>
<var>${headers}</var>
</assign>
<msg level="INFO" timestamp="20170517 20:10:20.249">${headers} = {u'Content-Type': u'application/json'}</msg>
<status endtime="20170517 20:10:20.249" status="PASS" starttime="20170517 20:10:20.249"></status>
</kw>
<kw name="Create List" library="BuiltIn">
<doc>Returns a list containing given items.</doc>
<arguments>
<arg>${OPENBMC_USERNAME}</arg>
<arg>${OPENBMC_PASSWORD}</arg>
</arguments>
<assign>
<var>@{credentials}</var>
</assign>
<msg level="INFO" timestamp="20170517 20:10:20.250">@{credentials} = [ root | 0penBmc ]</msg>
<status endtime="20170517 20:10:20.250" status="PASS" starttime="20170517 20:10:20.250"></status>
</kw>
<kw name="Create Dictionary" library="BuiltIn">
<doc>Creates and returns a dictionary based on the given ``items``.</doc>
<arguments>
<arg>data=@{credentials}</arg>
</arguments>
<assign>
<var>${data}</var>
</assign>
<msg level="INFO" timestamp="20170517 20:10:20.251">${data} = {u'data': [u'root', u'0penBmc']}</msg>
<status endtime="20170517 20:10:20.251" status="PASS" starttime="20170517 20:10:20.250"></status>
</kw>
<kw name="Run Keyword And Ignore Error" library="BuiltIn">
<doc>Runs the given keyword with the given arguments and ignores possible error.</doc>
<arguments>
<arg>Post Request</arg>
<arg>openbmc</arg>
<arg>/login</arg>
<arg>data=${data}</arg>
<arg>headers=${headers}</arg>
</arguments>
<assign>
<var>${status}</var>
<var>${resp}</var>
</assign>
<kw name="Post Request" library="RequestsLibrary.RequestsKeywords">
<doc>Send a POST request on the session object found using the</doc>
<arguments>
<arg>openbmc</arg>
<arg>/login</arg>
<arg>data=${data}</arg>
<arg>headers=${headers}</arg>
</arguments>
<msg level="INFO" timestamp="20170517 20:10:20.488">Post Request using : alias=openbmc, uri=/login, data={"data": ["root", "0penBmc"]}, headers={u'Content-Type': u'application/json'}, files=None, allow_redirects=True </msg>
<status endtime="20170517 20:10:20.488" status="PASS" starttime="20170517 20:10:20.251"></status>
</kw>
<msg level="INFO" timestamp="20170517 20:10:20.488">${status} = PASS</msg>
<msg level="INFO" timestamp="20170517 20:10:20.488">${resp} = &lt;Response [200]&gt;</msg>
<status endtime="20170517 20:10:20.488" status="PASS" starttime="20170517 20:10:20.251"></status>
</kw>
<kw name="Should Be Equal" library="BuiltIn">
<doc>Fails if the given objects are unequal.</doc>
<arguments>
<arg>${status}</arg>
<arg>PASS</arg>
<arg>msg=${resp}</arg>
</arguments>
<msg level="INFO" timestamp="20170517 20:10:20.489">Argument types are:
&lt;type 'str'&gt;
&lt;type 'unicode'&gt;</msg>
<status endtime="20170517 20:10:20.489" status="PASS" starttime="20170517 20:10:20.489"></status>
</kw>
<kw name="Should Be Equal As Strings" library="BuiltIn">
<doc>Fails if objects are unequal after converting them to strings.</doc>
<arguments>
<arg>${resp.status_code}</arg>
<arg>${HTTP_OK}</arg>
</arguments>
<msg level="INFO" timestamp="20170517 20:10:20.490">Argument types are:
&lt;type 'int'&gt;
&lt;type 'unicode'&gt;</msg>
<status endtime="20170517 20:10:20.491" status="PASS" starttime="20170517 20:10:20.490"></status>
</kw>
<status endtime="20170517 20:10:20.491" status="PASS" starttime="20170517 20:10:20.246"></status>
</kw>
<status endtime="20170517 20:10:20.491" status="PASS" starttime="20170517 20:10:20.245"></status>
</kw>
<status endtime="20170517 20:10:20.491" status="PASS" starttime="20170517 20:10:20.245"></status>
</kw>
<kw name="FFDC On Test Case Fail" library="openbmc_ffdc" type="teardown">
<doc>Generic FFDC entry point. Place holder to hook in</doc>
<kw name="Is Host Quiesced" library="state_manager">
<doc>Check if host state is quiesced.</doc>
<assign>
<var>${status}</var>
</assign>
<kw name="Get Host State" library="state_manager">
<doc>Return the state of the host as a string.</doc>
<assign>
<var>${host_state}</var>
</assign>
<kw name="Read Attribute" library="rest_client">
<arguments>
<arg>${HOST_STATE_URI}</arg>
<arg>CurrentHostState</arg>
<arg>quiet=${quiet}</arg>
</arguments>
<assign>
<var>${state}</var>
</assign>
<kw name="OpenBMC Get Request" library="rest_client">
<arguments>
<arg>${uri}/attr/${attr}</arg>
<arg>timeout=${timeout}</arg>
<arg>quiet=${quiet}</arg>
</arguments>
<assign>
<var>${resp}</var>
</assign>
<kw name="Initialize OpenBMC" library="rest_client">
<arguments>
<arg>${timeout}</arg>
<arg>quiet=${quiet}</arg>
</arguments>
<kw name="Wait Until Keyword Succeeds" library="BuiltIn">
<doc>Runs the specified keyword and retries if it fails.</doc>
<arguments>
<arg>40 sec</arg>
<arg>20 sec</arg>
<arg>Post Login Request</arg>
<arg>${timeout}</arg>
<arg>${quiet}</arg>
</arguments>
<kw name="Post Login Request" library="rest_client">
<arguments>
<arg>${timeout}</arg>
<arg>${quiet}</arg>
</arguments>
<kw name="Create Session" library="RequestsLibrary.RequestsKeywords">
<doc>Create Session: create a HTTP session to a server</doc>
<arguments>
<arg>openbmc</arg>
<arg>${AUTH_URI}</arg>
<arg>timeout=${timeout}</arg>
<arg>max_retries=3</arg>
</arguments>
<msg level="INFO" timestamp="20170517 20:10:20.497">Creating Session using : alias=openbmc, url=https://9.3.86.161:443, headers={},                     cookies=None, auth=None, timeout=10, proxies=None, verify=False,                     debug=0 </msg>
<status endtime="20170517 20:10:20.498" status="PASS" starttime="20170517 20:10:20.497"></status>
</kw>
<kw name="Create Dictionary" library="BuiltIn">
<doc>Creates and returns a dictionary based on the given ``items``.</doc>
<arguments>
<arg>Content-Type=application/json</arg>
</arguments>
<assign>
<var>${headers}</var>
</assign>
<msg level="INFO" timestamp="20170517 20:10:20.499">${headers} = {u'Content-Type': u'application/json'}</msg>
<status endtime="20170517 20:10:20.499" status="PASS" starttime="20170517 20:10:20.498"></status>
</kw>
<kw name="Create List" library="BuiltIn">
<doc>Returns a list containing given items.</doc>
<arguments>
<arg>${OPENBMC_USERNAME}</arg>
<arg>${OPENBMC_PASSWORD}</arg>
</arguments>
<assign>
<var>@{credentials}</var>
</assign>
<msg level="INFO" timestamp="20170517 20:10:20.500">@{credentials} = [ root | 0penBmc ]</msg>
<status endtime="20170517 20:10:20.500" status="PASS" starttime="20170517 20:10:20.499"></status>
</kw>
<kw name="Create Dictionary" library="BuiltIn">
<doc>Creates and returns a dictionary based on the given ``items``.</doc>
<arguments>
<arg>data=@{credentials}</arg>
</arguments>
<assign>
<var>${data}</var>
</assign>
<msg level="INFO" timestamp="20170517 20:10:20.501">${data} = {u'data': [u'root', u'0penBmc']}</msg>
<status endtime="20170517 20:10:20.501" status="PASS" starttime="20170517 20:10:20.500"></status>
</kw>
<kw name="Run Keyword And Ignore Error" library="BuiltIn">
<doc>Runs the given keyword with the given arguments and ignores possible error.</doc>
<arguments>
<arg>Post Request</arg>
<arg>openbmc</arg>
<arg>/login</arg>
<arg>data=${data}</arg>
<arg>headers=${headers}</arg>
</arguments>
<assign>
<var>${status}</var>
<var>${resp}</var>
</assign>
<kw name="Post Request" library="RequestsLibrary.RequestsKeywords">
<doc>Send a POST request on the session object found using the</doc>
<arguments>
<arg>openbmc</arg>
<arg>/login</arg>
<arg>data=${data}</arg>
<arg>headers=${headers}</arg>
</arguments>
<msg level="INFO" timestamp="20170517 20:10:20.703">Post Request using : alias=openbmc, uri=/login, data={"data": ["root", "0penBmc"]}, headers={u'Content-Type': u'application/json'}, files=None, allow_redirects=True </msg>
<status endtime="20170517 20:10:20.703" status="PASS" starttime="20170517 20:10:20.502"></status>
</kw>
<msg level="INFO" timestamp="20170517 20:10:20.703">${status} = PASS</msg>
<msg level="INFO" timestamp="20170517 20:10:20.703">${resp} = &lt;Response [200]&gt;</msg>
<status endtime="20170517 20:10:20.704" status="PASS" starttime="20170517 20:10:20.501"></status>
</kw>
<kw name="Should Be Equal" library="BuiltIn">
<doc>Fails if the given objects are unequal.</doc>
<arguments>
<arg>${status}</arg>
<arg>PASS</arg>
<arg>msg=${resp}</arg>
</arguments>
<msg level="INFO" timestamp="20170517 20:10:20.705">Argument types are:
&lt;type 'str'&gt;
&lt;type 'unicode'&gt;</msg>
<status endtime="20170517 20:10:20.705" status="PASS" starttime="20170517 20:10:20.704"></status>
</kw>
<kw name="Should Be Equal As Strings" library="BuiltIn">
<doc>Fails if objects are unequal after converting them to strings.</doc>
<arguments>
<arg>${resp.status_code}</arg>
<arg>${HTTP_OK}</arg>
</arguments>
<msg level="INFO" timestamp="20170517 20:10:20.706">Argument types are:
&lt;type 'int'&gt;
&lt;type 'unicode'&gt;</msg>
<status endtime="20170517 20:10:20.706" status="PASS" starttime="20170517 20:10:20.706"></status>
</kw>
<status endtime="20170517 20:10:20.707" status="PASS" starttime="20170517 20:10:20.496"></status>
</kw>
<status endtime="20170517 20:10:20.707" status="PASS" starttime="20170517 20:10:20.496"></status>
</kw>
<status endtime="20170517 20:10:20.707" status="PASS" starttime="20170517 20:10:20.495"></status>
</kw>
<kw name="Catenate" library="BuiltIn">
<doc>Catenates the given items together and returns the resulted string.</doc>
<arguments>
<arg>SEPARATOR=</arg>
<arg>${DBUS_PREFIX}</arg>
<arg>${uri}</arg>
</arguments>
<assign>
<var>${base_uri}</var>
</assign>
<msg level="INFO" timestamp="20170517 20:10:20.708">${base_uri} = /xyz/openbmc_project/state/host0//attr/CurrentHostState</msg>
<status endtime="20170517 20:10:20.708" status="PASS" starttime="20170517 20:10:20.708"></status>
</kw>
<kw name="Run Keyword If" library="BuiltIn">
<doc>Runs the given keyword with the given arguments, if ``condition`` is true.</doc>
<arguments>
<arg>'${quiet}' == '${0}'</arg>
<arg>Log Request</arg>
<arg>method=Get</arg>
<arg>base_uri=${base_uri}</arg>
<arg>args=&amp;{kwargs}</arg>
</arguments>
<kw name="Log Request" library="rest_client">
<arguments>
<arg>method=Get</arg>
<arg>base_uri=${base_uri}</arg>
<arg>args=&amp;{kwargs}</arg>
</arguments>
<kw name="Catenate" library="BuiltIn">
<doc>Catenates the given items together and returns the resulted string.</doc>
<arguments>
<arg>SEPARATOR=</arg>
<arg>URI:</arg>
<arg>${AUTH_URI}</arg>
<arg>${kwargs["base_uri"]}</arg>
<arg>, method:</arg>
<arg>${kwargs["method"]}</arg>
<arg>, args:</arg>
<arg>${kwargs["args"]}</arg>
</arguments>
<assign>
<var>${msg}</var>
</assign>
<msg level="INFO" timestamp="20170517 20:10:20.713">${msg} = URI:https://9.3.86.161:443/xyz/openbmc_project/state/host0//attr/CurrentHostState, method:Get, args:{}</msg>
<status endtime="20170517 20:10:20.713" status="PASS" starttime="20170517 20:10:20.711"></status>
</kw>
<kw name="Logging" library="rest_client">
<arguments>
<arg>${msg}</arg>
<arg>console=True</arg>
</arguments>
<kw name="Log" library="BuiltIn">
<doc>Logs the given message with the given level.</doc>
<arguments>
<arg>${msg}</arg>
<arg>console=True</arg>
</arguments>
<msg level="INFO" timestamp="20170517 20:10:20.715">URI:https://9.3.86.161:443/xyz/openbmc_project/state/host0//attr/CurrentHostState, method:Get, args:{}</msg>
<status endtime="20170517 20:10:20.715" status="PASS" starttime="20170517 20:10:20.714"></status>
</kw>
<status endtime="20170517 20:10:20.715" status="PASS" starttime="20170517 20:10:20.713"></status>
</kw>
<status endtime="20170517 20:10:20.716" status="PASS" starttime="20170517 20:10:20.710"></status>
</kw>
<status endtime="20170517 20:10:20.716" status="PASS" starttime="20170517 20:10:20.709"></status>
</kw>
<kw name="Get Request" library="RequestsLibrary.RequestsKeywords">
<doc>Send a GET request on the session object found using the</doc>
<arguments>
<arg>openbmc</arg>
<arg>${base_uri}</arg>
<arg>&amp;{kwargs}</arg>
<arg>timeout=${timeout}</arg>
</arguments>
<assign>
<var>${ret}</var>
</assign>
<msg level="INFO" timestamp="20170517 20:10:20.786">Get Request using : alias=openbmc, uri=/xyz/openbmc_project/state/host0//attr/CurrentHostState, headers=None json=None</msg>
<msg level="INFO" timestamp="20170517 20:10:20.786">${ret} = &lt;Response [200]&gt;</msg>
<status endtime="20170517 20:10:20.786" status="PASS" starttime="20170517 20:10:20.716"></status>
</kw>
<kw name="Run Keyword If" library="BuiltIn">
<doc>Runs the given keyword with the given arguments, if ``condition`` is true.</doc>
<arguments>
<arg>'${quiet}' == '${0}'</arg>
<arg>Log Response</arg>
<arg>${ret}</arg>
</arguments>
<kw name="Log Response" library="rest_client">
<arguments>
<arg>${ret}</arg>
</arguments>
<kw name="Catenate" library="BuiltIn">
<doc>Catenates the given items together and returns the resulted string.</doc>
<arguments>
<arg>SEPARATOR=</arg>
<arg>Response code:</arg>
<arg>${resp.status_code}</arg>
<arg>, Content:</arg>
<arg>${resp.content}</arg>
</arguments>
<assign>
<var>${msg}</var>
</assign>
<msg level="INFO" timestamp="20170517 20:10:20.789">${msg} = Response code:200, Content:{
  "data": "xyz.openbmc_project.State.Host.HostState.Running", 
  "message": "200 OK", 
  "status": "ok"
}</msg>
<status endtime="20170517 20:10:20.789" status="PASS" starttime="20170517 20:10:20.788"></status>
</kw>
<kw name="Logging" library="rest_client">
<arguments>
<arg>${msg}</arg>
<arg>console=True</arg>
</arguments>
<kw name="Log" library="BuiltIn">
<doc>Logs the given message with the given level.</doc>
<arguments>
<arg>${msg}</arg>
<arg>console=True</arg>
</arguments>
<msg level="INFO" timestamp="20170517 20:10:20.791">Response code:200, Content:{
  "data": "xyz.openbmc_project.State.Host.HostState.Running", 
  "message": "200 OK", 
  "status": "ok"
}</msg>
<status endtime="20170517 20:10:20.791" status="PASS" starttime="20170517 20:10:20.790"></status>
</kw>
<status endtime="20170517 20:10:20.791" status="PASS" starttime="20170517 20:10:20.789"></status>
</kw>
<status endtime="20170517 20:10:20.791" status="PASS" starttime="20170517 20:10:20.787"></status>
</kw>
<status endtime="20170517 20:10:20.791" status="PASS" starttime="20170517 20:10:20.787"></status>
</kw>
<msg level="INFO" timestamp="20170517 20:10:20.791">${resp} = &lt;Response [200]&gt;</msg>
<status endtime="20170517 20:10:20.791" status="PASS" starttime="20170517 20:10:20.494"></status>
</kw>
<kw name="Should Be Equal As Strings" library="BuiltIn">
<doc>Fails if objects are unequal after converting them to strings.</doc>
<arguments>
<arg>${resp.status_code}</arg>
<arg>${HTTP_OK}</arg>
</arguments>
<msg level="INFO" timestamp="20170517 20:10:20.792">Argument types are:
&lt;type 'int'&gt;
&lt;type 'unicode'&gt;</msg>
<status endtime="20170517 20:10:20.792" status="PASS" starttime="20170517 20:10:20.792"></status>
</kw>
<kw name="To Json" library="RequestsLibrary.RequestsKeywords">
<doc>Convert a string to a JSON object</doc>
<arguments>
<arg>${resp.content}</arg>
</arguments>
<assign>
<var>${content}</var>
</assign>
<msg level="INFO" timestamp="20170517 20:10:20.793">To JSON using : content={
  "data": "xyz.openbmc_project.State.Host.HostState.Running", 
  "message": "200 OK", 
  "status": "ok"
} </msg>
<msg level="INFO" timestamp="20170517 20:10:20.793">To JSON using : pretty_print=False </msg>
<msg level="INFO" timestamp="20170517 20:10:20.794">${content} = {u'data': u'xyz.openbmc_project.State.Host.HostState.Running', u'message': u'200 OK', u'status': u'ok'}</msg>
<status endtime="20170517 20:10:20.794" status="PASS" starttime="20170517 20:10:20.793"></status>
</kw>
<msg level="INFO" timestamp="20170517 20:10:20.794">${state} = xyz.openbmc_project.State.Host.HostState.Running</msg>
<status endtime="20170517 20:10:20.794" status="PASS" starttime="20170517 20:10:20.493"></status>
</kw>
<msg level="INFO" timestamp="20170517 20:10:20.794">${host_state} = Running</msg>
<status endtime="20170517 20:10:20.795" status="PASS" starttime="20170517 20:10:20.492"></status>
</kw>
<kw name="Run Keyword And Return Status" library="BuiltIn">
<doc>Runs the given keyword with given arguments and returns the status as a Boolean value.</doc>
<arguments>
<arg>Should Be Equal</arg>
<arg>${host_state}</arg>
<arg>Quiesced</arg>
</arguments>
<assign>
<var>${status}</var>
</assign>
<kw name="Should Be Equal" library="BuiltIn">
<doc>Fails if the given objects are unequal.</doc>
<arguments>
<arg>${host_state}</arg>
<arg>Quiesced</arg>
</arguments>
<msg level="FAIL" timestamp="20170517 20:10:20.796">Running != Quiesced</msg>
<status endtime="20170517 20:10:20.796" status="FAIL" starttime="20170517 20:10:20.795"></status>
</kw>
<msg level="INFO" timestamp="20170517 20:10:20.796">${status} = False</msg>
<status endtime="20170517 20:10:20.796" status="PASS" starttime="20170517 20:10:20.795"></status>
</kw>
<msg level="INFO" timestamp="20170517 20:10:20.797">${status} = False</msg>
<status endtime="20170517 20:10:20.797" status="PASS" starttime="20170517 20:10:20.492"></status>
</kw>
<kw name="Run Keyword If" library="BuiltIn">
<doc>Runs the given keyword with the given arguments, if ``condition`` is true.</doc>
<arguments>
<arg>'${TEST_STATUS}' == 'FAIL' or '${status}'=='True'</arg>
<arg>FFDC</arg>
</arguments>
<status endtime="20170517 20:10:20.797" status="PASS" starttime="20170517 20:10:20.797"></status>
</kw>
<kw name="Run Keyword If" library="BuiltIn">
<doc>Runs the given keyword with the given arguments, if ``condition`` is true.</doc>
<arguments>
<arg>'${status}'=='True'</arg>
<arg>Recover Quiesced Host</arg>
</arguments>
<status endtime="20170517 20:10:20.798" status="PASS" starttime="20170517 20:10:20.798"></status>
</kw>
<kw name="Log Test Case Status" library="openbmc_ffdc_methods">
<doc>Test case execution result history.</doc>
<kw name="Get Variable Value" library="BuiltIn">
<doc>Returns variable value or ``default`` if the variable does not exist.</doc>
<arguments>
<arg>${FFDC_DIR_PATH_STYLE}</arg>
<arg>${EMPTY}</arg>
</arguments>
<assign>
<var>${FFDC_DIR_PATH_STYLE}</var>
</assign>
<msg level="INFO" timestamp="20170517 20:10:20.810">${FFDC_DIR_PATH_STYLE} = </msg>
<status endtime="20170517 20:10:20.810" status="PASS" starttime="20170517 20:10:20.799"></status>
</kw>
<kw name="Get Variable Value" library="BuiltIn">
<doc>Returns variable value or ``default`` if the variable does not exist.</doc>
<arguments>
<arg>${FFDC_DIR_PATH}</arg>
<arg>${EMPTY}</arg>
</arguments>
<assign>
<var>${FFDC_DIR_PATH}</var>
</assign>
<msg level="INFO" timestamp="20170517 20:10:20.825">${FFDC_DIR_PATH} = </msg>
<status endtime="20170517 20:10:20.825" status="PASS" starttime="20170517 20:10:20.811"></status>
</kw>
<kw name="Run Keyword If" library="BuiltIn">
<doc>Runs the given keyword with the given arguments, if ``condition`` is true.</doc>
<arguments>
<arg>'${FFDC_DIR_PATH}' == '${EMPTY}'</arg>
<arg>Set FFDC Defaults</arg>
</arguments>
<kw name="Set Ffdc Defaults" library="openbmc_ffdc">
<doc>Set a default value for ffdc_dir_path and ffdc_prefix if they don't</doc>
<kw name="Get Current Time Stamp" library="openbmc_ffdc_utils">
<doc>Get the current time stamp data</doc>
<kw name="Get Current Date" library="DateTime">
<doc>Returns current local or UTC time with an optional increment.</doc>
<arguments>
<arg>result_format=%Y-%m-%d %H:%M:%S:%f</arg>
</arguments>
<assign>
<var>${cur_time}</var>
</assign>
<msg level="INFO" timestamp="20170517 20:10:20.842">${cur_time} = 2017-05-17 20:10:20:841407</msg>
<status endtime="20170517 20:10:20.842" status="PASS" starttime="20170517 20:10:20.841"></status>
</kw>
<kw name="Get Strip String" library="openbmc_ffdc_list">
<doc>########################################################################</doc>
<arguments>
<arg>${cur_time}</arg>
</arguments>
<assign>
<var>${cur_time}</var>
</assign>
<msg level="INFO" timestamp="20170517 20:10:20.843">${cur_time} = 20170517201020841407</msg>
<status endtime="20170517 20:10:20.843" status="PASS" starttime="20170517 20:10:20.842"></status>
</kw>
<status endtime="20170517 20:10:20.843" status="PASS" starttime="20170517 20:10:20.840"></status>
</kw>
<msg level="INFO" timestamp="20170517 20:10:20.848">${FFDC_TIME} = 20170517201020841407</msg>
<kw name="Get Test Dir and Name" library="openbmc_ffdc_utils">
<doc>SUITE_NAME and TEST_NAME are automatic variables</doc>
<kw name="Get Strip String" library="openbmc_ffdc_list">
<doc>########################################################################</doc>
<arguments>
<arg>${SUITE_NAME}</arg>
</arguments>
<assign>
<var>${suite_name}</var>
</assign>
<msg level="INFO" timestamp="20170517 20:10:20.850">${suite_name} = TestsSecurityTestSsl</msg>
<status endtime="20170517 20:10:20.850" status="PASS" starttime="20170517 20:10:20.849"></status>
</kw>
<kw name="Catenate" library="BuiltIn">
<doc>Catenates the given items together and returns the resulted string.</doc>
<arguments>
<arg>SEPARATOR=</arg>
<arg>${FFDC_TIME}_</arg>
<arg>${suite_name}</arg>
</arguments>
<assign>
<var>${suite_name}</var>
</assign>
<msg level="INFO" timestamp="20170517 20:10:20.851">${suite_name} = 20170517201020841407_TestsSecurityTestSsl</msg>
<status endtime="20170517 20:10:20.851" status="PASS" starttime="20170517 20:10:20.850"></status>
</kw>
<kw name="Get Strip String" library="openbmc_ffdc_list">
<doc>########################################################################</doc>
<arguments>
<arg>${TEST_NAME}</arg>
</arguments>
<assign>
<var>${test_name}</var>
</assign>
<msg level="INFO" timestamp="20170517 20:10:20.852">${test_name} = TestSSLConnection</msg>
<status endtime="20170517 20:10:20.852" status="PASS" starttime="20170517 20:10:20.851"></status>
</kw>
<kw name="Catenate" library="BuiltIn">
<doc>Catenates the given items together and returns the resulted string.</doc>
<arguments>
<arg>SEPARATOR=</arg>
<arg>${FFDC_TIME}_</arg>
<arg>${test_name}</arg>
</arguments>
<assign>
<var>${test_name}</var>
</assign>
<msg level="INFO" timestamp="20170517 20:10:20.852">${test_name} = 20170517201020841407_TestSSLConnection</msg>
<status endtime="20170517 20:10:20.852" status="PASS" starttime="20170517 20:10:20.852"></status>
</kw>
<status endtime="20170517 20:10:20.853" status="PASS" starttime="20170517 20:10:20.849"></status>
</kw>
<msg level="INFO" timestamp="20170517 20:10:20.853">${FFDC_DIR_PATH} = /tmp/fspcibld/16253/obmc-robot/logs/20170517201020841407_TestsSecurityTestSsl/20170517201020841407_TestSSLConnection/</msg>
<msg level="INFO" timestamp="20170517 20:10:20.860">${FFDC_PREFIX} = 20170517201020841407_</msg>
<status endtime="20170517 20:10:20.860" status="PASS" starttime="20170517 20:10:20.826"></status>
</kw>
<status endtime="20170517 20:10:20.860" status="PASS" starttime="20170517 20:10:20.825"></status>
</kw>
<kw name="Run Keyword If" library="BuiltIn">
<doc>Runs the given keyword with the given arguments, if ``condition`` is true.</doc>
<arguments>
<arg>'${FFDC_DIR_PATH_STYLE}' == '${1}'</arg>
<arg>Run Keywords</arg>
<arg>Set Global Variable</arg>
<arg>${FFDC_LOG_PATH}</arg>
<arg>${FFDC_DIR_PATH}</arg>
<arg>AND</arg>
<arg>Set Global Variable</arg>
<arg>${TEST_HISTORY}</arg>
<arg>${FFDC_DIR_PATH}test_history.txt</arg>
</arguments>
<status endtime="20170517 20:10:20.862" status="PASS" starttime="20170517 20:10:20.861"></status>
</kw>
<kw name="Create Directory" library="OperatingSystem">
<doc>Creates the specified directory.</doc>
<arguments>
<arg>${FFDC_LOG_PATH}</arg>
</arguments>
<msg level="INFO" html="yes" timestamp="20170517 20:10:20.863">Created directory '&lt;a href="file:///tmp/fspcibld/16253/obmc-robot/logs"&gt;/tmp/fspcibld/16253/obmc-robot/logs&lt;/a&gt;'.</msg>
<status endtime="20170517 20:10:20.863" status="PASS" starttime="20170517 20:10:20.862"></status>
</kw>
<kw name="Run Keyword And Return Status" library="BuiltIn">
<doc>Runs the given keyword with given arguments and returns the status as a Boolean value.</doc>
<arguments>
<arg>OperatingSystem.File Should Exist</arg>
<arg>${TEST_HISTORY}</arg>
</arguments>
<assign>
<var>${exist}</var>
</assign>
<kw name="File Should Exist" library="OperatingSystem">
<doc>Fails unless the given ``path`` points to an existing file.</doc>
<arguments>
<arg>${TEST_HISTORY}</arg>
</arguments>
<msg level="FAIL" timestamp="20170517 20:10:20.865">File '/tmp/fspcibld/16253/obmc-robot/logs/test_history.txt' does not exist.</msg>
<status endtime="20170517 20:10:20.865" status="FAIL" starttime="20170517 20:10:20.864"></status>
</kw>
<msg level="INFO" timestamp="20170517 20:10:20.865">${exist} = False</msg>
<status endtime="20170517 20:10:20.865" status="PASS" starttime="20170517 20:10:20.863"></status>
</kw>
<kw name="Run Keyword If" library="BuiltIn">
<doc>Runs the given keyword with the given arguments, if ``condition`` is true.</doc>
<arguments>
<arg>'${exist}' == '${False}'</arg>
<arg>Create File</arg>
<arg>${TEST_HISTORY}</arg>
</arguments>
<kw name="Create File" library="OperatingSystem">
<doc>Creates a file with the given content and encoding.</doc>
<arguments>
<arg>${TEST_HISTORY}</arg>
</arguments>
<msg level="INFO" html="yes" timestamp="20170517 20:10:20.867">Created file '&lt;a href="file:///tmp/fspcibld/16253/obmc-robot/logs/test_history.txt"&gt;/tmp/fspcibld/16253/obmc-robot/logs/test_history.txt&lt;/a&gt;'.</msg>
<status endtime="20170517 20:10:20.867" status="PASS" starttime="20170517 20:10:20.866"></status>
</kw>
<status endtime="20170517 20:10:20.867" status="PASS" starttime="20170517 20:10:20.866"></status>
</kw>
<kw name="Rpvars" library="gen_robot_print">
<arguments>
<arg>TEST_HISTORY</arg>
</arguments>
<status endtime="20170517 20:10:20.868" status="PASS" starttime="20170517 20:10:20.867"></status>
</kw>
<kw name="Get Current Time Stamp" library="openbmc_ffdc_utils">
<doc>Get the current time stamp data</doc>
<assign>
<var>${cur_time}</var>
</assign>
<kw name="Get Current Date" library="DateTime">
<doc>Returns current local or UTC time with an optional increment.</doc>
<arguments>
<arg>result_format=%Y-%m-%d %H:%M:%S:%f</arg>
</arguments>
<assign>
<var>${cur_time}</var>
</assign>
<msg level="INFO" timestamp="20170517 20:10:20.869">${cur_time} = 2017-05-17 20:10:20:869227</msg>
<status endtime="20170517 20:10:20.870" status="PASS" starttime="20170517 20:10:20.869"></status>
</kw>
<kw name="Get Strip String" library="openbmc_ffdc_list">
<doc>########################################################################</doc>
<arguments>
<arg>${cur_time}</arg>
</arguments>
<assign>
<var>${cur_time}</var>
</assign>
<msg level="INFO" timestamp="20170517 20:10:20.870">${cur_time} = 20170517201020869227</msg>
<status endtime="20170517 20:10:20.870" status="PASS" starttime="20170517 20:10:20.870"></status>
</kw>
<msg level="INFO" timestamp="20170517 20:10:20.871">${cur_time} = 20170517201020869227</msg>
<status endtime="20170517 20:10:20.871" status="PASS" starttime="20170517 20:10:20.868"></status>
</kw>
<kw name="Append To File" library="OperatingSystem">
<doc>Appends the given content to the specified file.</doc>
<arguments>
<arg>${TEST_HISTORY}</arg>
<arg>${cur_time}:${SUITE_NAME}:${TEST_NAME}:${TEST_STATUS}${\n}</arg>
</arguments>
<msg level="INFO" html="yes" timestamp="20170517 20:10:20.872">Appended to file '&lt;a href="file:///tmp/fspcibld/16253/obmc-robot/logs/test_history.txt"&gt;/tmp/fspcibld/16253/obmc-robot/logs/test_history.txt&lt;/a&gt;'.</msg>
<status endtime="20170517 20:10:20.873" status="PASS" starttime="20170517 20:10:20.871"></status>
</kw>
<status endtime="20170517 20:10:20.873" status="PASS" starttime="20170517 20:10:20.798"></status>
</kw>
<status endtime="20170517 20:10:20.873" status="PASS" starttime="20170517 20:10:20.491"></status>
</kw>
<doc>This testcase is for testing the SSL connection to the
OpenBMC machine.</doc>
<tags>
<tag>Test_SSL_Connection</tag>
</tags>
<status endtime="20170517 20:10:20.873" critical="yes" status="PASS" starttime="20170517 20:10:20.244"></status>
</test>
<kw name="Delete All Sessions" library="RequestsLibrary.RequestsKeywords" type="teardown">
<doc>Removes all the session objects</doc>
<msg level="INFO" timestamp="20170517 20:10:20.874">Delete All Sessions</msg>
<status endtime="20170517 20:10:20.874" status="PASS" starttime="20170517 20:10:20.874"></status>
</kw>
<doc>This testsuite is for testing SSL connection to OpenBMC</doc>
<status endtime="20170517 20:10:20.874" status="PASS" starttime="20170517 20:10:17.654"></status>
</suite>
<status endtime="20170517 20:10:20.876" status="PASS" starttime="20170517 20:10:17.653"></status>
</suite>
<suite name="Test Basic Poweron" source="/tmp/fspcibld/16253/obmc-robot/tests/test_basic_poweron.robot" id="s1-s2">
<test name="Power On Test" id="s1-s2-t1">
<kw name="Start SOL Console Logging" library="utils" type="setup">
<doc>Start system console log to file.</doc>
<kw name="Create OS Console File Path" library="utils">
<doc>Create OS console file path name and return it.</doc>
<arguments>
<arg>${log_file_path}</arg>
</arguments>
<assign>
<var>${log_file_path}</var>
</assign>
<kw name="Catenate" library="BuiltIn">
<doc>Catenates the given items together and returns the resulted string.</doc>
<arguments>
<arg>/tmp/${OPENBMC_HOST}_os_console</arg>
</arguments>
<assign>
<var>${default_file_path}</var>
</assign>
<msg level="INFO" timestamp="20170517 20:10:20.943">${default_file_path} = /tmp/9.3.86.161_os_console</msg>
<status endtime="20170517 20:10:20.943" status="PASS" starttime="20170517 20:10:20.942"></status>
</kw>
<kw name="Set Variable If" library="BuiltIn">
<doc>Sets variable based on the given condition.</doc>
<arguments>
<arg>'${log_file_path}' == '${EMPTY}'</arg>
<arg>${default_file_path}</arg>
<arg>${log_file_path}</arg>
</arguments>
<assign>
<var>${log_file_path}</var>
</assign>
<msg level="INFO" timestamp="20170517 20:10:20.944">${log_file_path} = /tmp/9.3.86.161_os_console</msg>
<status endtime="20170517 20:10:20.944" status="PASS" starttime="20170517 20:10:20.943"></status>
</kw>
<msg level="INFO" timestamp="20170517 20:10:20.944">${log_file_path} = /tmp/9.3.86.161_os_console</msg>
<status endtime="20170517 20:10:20.944" status="PASS" starttime="20170517 20:10:20.941"></status>
</kw>
<kw name="Stop SOL Console Logging" library="utils">
<doc>Stop system console logging and return log output.</doc>
<arguments>
<arg>${log_file_path}</arg>
</arguments>
<assign>
<var>${log_output}</var>
</assign>
<kw name="Create OS Console File Path" library="utils">
<doc>Create OS console file path name and return it.</doc>
<arguments>
<arg>${log_file_path}</arg>
</arguments>
<assign>
<var>${log_file_path}</var>
</assign>
<kw name="Catenate" library="BuiltIn">
<doc>Catenates the given items together and returns the resulted string.</doc>
<arguments>
<arg>/tmp/${OPENBMC_HOST}_os_console</arg>
</arguments>
<assign>
<var>${default_file_path}</var>
</assign>
<msg level="INFO" timestamp="20170517 20:10:20.946">${default_file_path} = /tmp/9.3.86.161_os_console</msg>
<status endtime="20170517 20:10:20.946" status="PASS" starttime="20170517 20:10:20.946"></status>
</kw>
<kw name="Set Variable If" library="BuiltIn">
<doc>Sets variable based on the given condition.</doc>
<arguments>
<arg>'${log_file_path}' == '${EMPTY}'</arg>
<arg>${default_file_path}</arg>
<arg>${log_file_path}</arg>
</arguments>
<assign>
<var>${log_file_path}</var>
</assign>
<msg level="INFO" timestamp="20170517 20:10:20.948">${log_file_path} = /tmp/9.3.86.161_os_console</msg>
<status endtime="20170517 20:10:20.948" status="PASS" starttime="20170517 20:10:20.947"></status>
</kw>
<msg level="INFO" timestamp="20170517 20:10:20.948">${log_file_path} = /tmp/9.3.86.161_os_console</msg>
<status endtime="20170517 20:10:20.948" status="PASS" starttime="20170517 20:10:20.945"></status>
</kw>
<kw name="Create OS Console Command String" library="utils">
<doc>Return a command string to start OS console logging.</doc>
<assign>
<var>${search_string}</var>
</assign>
<kw name="Catenate" library="BuiltIn">
<doc>Catenates the given items together and returns the resulted string.</doc>
<arguments>
<arg>which ssh_pw 2&gt;&amp;1</arg>
</arguments>
<assign>
<var>${cmd_buf}</var>
</assign>
<msg level="INFO" timestamp="20170517 20:10:20.949">${cmd_buf} = which ssh_pw 2&gt;&amp;1</msg>
<status endtime="20170517 20:10:20.949" status="PASS" starttime="20170517 20:10:20.949"></status>
</kw>
<kw name="Rdpissuing" library="gen_robot_print">
<arguments>
<arg>${cmd_buf}</arg>
</arguments>
<status endtime="20170517 20:10:20.957" status="PASS" starttime="20170517 20:10:20.950"></status>
</kw>
<kw name="Run And Return Rc And Output" library="OperatingSystem">
<doc>Runs the given command in the system and returns the RC and output.</doc>
<arguments>
<arg>${cmd_buf}</arg>
</arguments>
<assign>
<var>${rc}</var>
<var>${output}</var>
</assign>
<msg level="INFO" timestamp="20170517 20:10:20.962">Running command 'which ssh_pw 2&gt;&amp;1'.</msg>
<msg level="INFO" timestamp="20170517 20:10:20.965">${rc} = 0</msg>
<msg level="INFO" timestamp="20170517 20:10:20.965">${output} = /tmp/fspcibld/16253/obmc-robot/.tox/witherspoon/bin/ssh_pw</msg>
<status endtime="20170517 20:10:20.965" status="PASS" starttime="20170517 20:10:20.958"></status>
</kw>
<kw name="Rdpvars" library="gen_robot_print">
<arguments>
<arg>rc</arg>
<arg>output</arg>
</arguments>
<status endtime="20170517 20:10:20.979" status="PASS" starttime="20170517 20:10:20.966"></status>
</kw>
<kw name="Should Be Equal" library="BuiltIn">
<doc>Fails if the given objects are unequal.</doc>
<arguments>
<arg>${rc}</arg>
<arg>${0}</arg>
<arg>msg=${output}\n</arg>
</arguments>
<status endtime="20170517 20:10:20.980" status="PASS" starttime="20170517 20:10:20.979"></status>
</kw>
<kw name="Catenate" library="BuiltIn">
<doc>Catenates the given items together and returns the resulted string.</doc>
<arguments>
<arg>ssh_pw ${OPENBMC_PASSWORD} -p 2200</arg>
<arg>${OPENBMC_USERNAME}@${OPENBMC_HOST}</arg>
</arguments>
<assign>
<var>${cmd_buf}</var>
</assign>
<msg level="INFO" timestamp="20170517 20:10:20.980">${cmd_buf} = ssh_pw 0penBmc -p 2200 root@9.3.86.161</msg>
<status endtime="20170517 20:10:20.980" status="PASS" starttime="20170517 20:10:20.980"></status>
</kw>
<msg level="INFO" timestamp="20170517 20:10:20.981">${search_string} = ssh_pw 0penBmc -p 2200 root@9.3.86.161</msg>
<status endtime="20170517 20:10:20.981" status="PASS" starttime="20170517 20:10:20.949"></status>
</kw>
<kw name="Catenate" library="BuiltIn">
<doc>Catenates the given items together and returns the resulted string.</doc>
<arguments>
<arg>echo $(ps -ef | egrep '${search_string}'</arg>
<arg>| egrep -v grep | cut -c10-14)</arg>
</arguments>
<assign>
<var>${cmd_buf}</var>
</assign>
<msg level="INFO" timestamp="20170517 20:10:20.981">${cmd_buf} = echo $(ps -ef | egrep 'ssh_pw 0penBmc -p 2200 root@9.3.86.161' | egrep -v grep | cut -c10-14)</msg>
<status endtime="20170517 20:10:20.981" status="PASS" starttime="20170517 20:10:20.981"></status>
</kw>
<kw name="Rdpissuing" library="gen_robot_print">
<arguments>
<arg>${cmd_buf}</arg>
</arguments>
<status endtime="20170517 20:10:20.989" status="PASS" starttime="20170517 20:10:20.982"></status>
</kw>
<kw name="Run And Return Rc And Output" library="OperatingSystem">
<doc>Runs the given command in the system and returns the RC and output.</doc>
<arguments>
<arg>${cmd_buf}</arg>
</arguments>
<assign>
<var>${rc}</var>
<var>${os_con_pid}</var>
</assign>
<msg level="INFO" timestamp="20170517 20:10:20.996">Running command 'echo $(ps -ef | egrep 'ssh_pw 0penBmc -p 2200 root@9.3.86.161' | egrep -v grep | cut -c10-14) 2&gt;&amp;1'.</msg>
<msg level="INFO" timestamp="20170517 20:10:21.013">${rc} = 0</msg>
<msg level="INFO" timestamp="20170517 20:10:21.013">${os_con_pid} = </msg>
<status endtime="20170517 20:10:21.013" status="PASS" starttime="20170517 20:10:20.989"></status>
</kw>
<kw name="Rdpvars" library="gen_robot_print">
<arguments>
<arg>os_con_pid</arg>
</arguments>
<status endtime="20170517 20:10:21.045" status="PASS" starttime="20170517 20:10:21.016"></status>
</kw>
<kw name="Catenate" library="BuiltIn">
<doc>Catenates the given items together and returns the resulted string.</doc>
<arguments>
<arg>kill -9 ${os_con_pid}</arg>
</arguments>
<assign>
<var>${cmd_buf}</var>
</assign>
<msg level="INFO" timestamp="20170517 20:10:21.046">${cmd_buf} = kill -9 </msg>
<status endtime="20170517 20:10:21.046" status="PASS" starttime="20170517 20:10:21.045"></status>
</kw>
<kw name="Run Keyword If" library="BuiltIn">
<doc>Runs the given keyword with the given arguments, if ``condition`` is true.</doc>
<arguments>
<arg>'${os_con_pid}' != '${EMPTY}'</arg>
<arg>Rdpissuing</arg>
<arg>${cmd_buf}</arg>
</arguments>
<status endtime="20170517 20:10:21.048" status="PASS" starttime="20170517 20:10:21.047"></status>
</kw>
<kw name="Run Keyword If" library="BuiltIn">
<doc>Runs the given keyword with the given arguments, if ``condition`` is true.</doc>
<arguments>
<arg>'${os_con_pid}' != '${EMPTY}'</arg>
<arg>Run And Return Rc And Output</arg>
<arg>${cmd_buf}</arg>
</arguments>
<assign>
<var>${rc}</var>
<var>${output}</var>
</assign>
<msg level="INFO" timestamp="20170517 20:10:21.050">${rc} = None</msg>
<msg level="INFO" timestamp="20170517 20:10:21.050">${output} = None</msg>
<status endtime="20170517 20:10:21.050" status="PASS" starttime="20170517 20:10:21.049"></status>
</kw>
<kw name="Run Keyword If" library="BuiltIn">
<doc>Runs the given keyword with the given arguments, if ``condition`` is true.</doc>
<arguments>
<arg>'${os_con_pid}' != '${EMPTY}'</arg>
<arg>Rdpvars</arg>
<arg>rc</arg>
<arg>output</arg>
</arguments>
<status endtime="20170517 20:10:21.052" status="PASS" starttime="20170517 20:10:21.051"></status>
</kw>
<kw name="Set Variable" library="BuiltIn">
<doc>Returns the given values which can then be assigned to a variables.</doc>
<arguments>
<arg>cat ${log_file_path} 2&gt;&amp;1</arg>
</arguments>
<assign>
<var>${cmd_buf}</var>
</assign>
<msg level="INFO" timestamp="20170517 20:10:21.053">${cmd_buf} = cat /tmp/9.3.86.161_os_console 2&gt;&amp;1</msg>
<status endtime="20170517 20:10:21.053" status="PASS" starttime="20170517 20:10:21.053"></status>
</kw>
<kw name="Rdpissuing" library="gen_robot_print">
<arguments>
<arg>${cmd_buf}</arg>
</arguments>
<status endtime="20170517 20:10:21.066" status="PASS" starttime="20170517 20:10:21.054"></status>
</kw>
<kw name="Run And Return Rc And Output" library="OperatingSystem">
<doc>Runs the given command in the system and returns the RC and output.</doc>
<arguments>
<arg>${cmd_buf}</arg>
</arguments>
<assign>
<var>${rc}</var>
<var>${output}</var>
</assign>
<msg level="INFO" timestamp="20170517 20:10:21.070">Running command 'cat /tmp/9.3.86.161_os_console 2&gt;&amp;1'.</msg>
<msg level="INFO" timestamp="20170517 20:10:21.074">${rc} = 1</msg>
<msg level="INFO" timestamp="20170517 20:10:21.074">${output} = cat: /tmp/9.3.86.161_os_console: No such file or directory</msg>
<status endtime="20170517 20:10:21.074" status="PASS" starttime="20170517 20:10:21.066"></status>
</kw>
<kw name="Rdpvars" library="gen_robot_print">
<arguments>
<arg>rc</arg>
</arguments>
<status endtime="20170517 20:10:21.085" status="PASS" starttime="20170517 20:10:21.076"></status>
</kw>
<kw name="Run Keyword If" library="BuiltIn">
<doc>Runs the given keyword with the given arguments, if ``condition`` is true.</doc>
<arguments>
<arg>'${targ_file_path}' != '${EMPTY}'</arg>
<arg>Run Keyword And Ignore Error</arg>
<arg>Copy File</arg>
<arg>${log_file_path}</arg>
<arg>${targ_file_path}</arg>
</arguments>
<status endtime="20170517 20:10:21.087" status="PASS" starttime="20170517 20:10:21.086"></status>
</kw>
<msg level="INFO" timestamp="20170517 20:10:21.087">${log_output} = cat: /tmp/9.3.86.161_os_console: No such file or directory</msg>
<status endtime="20170517 20:10:21.087" status="PASS" starttime="20170517 20:10:20.944"></status>
</kw>
<kw name="Create File" library="OperatingSystem">
<doc>Creates a file with the given content and encoding.</doc>
<arguments>
<arg>${log_file_path}</arg>
</arguments>
<msg level="INFO" html="yes" timestamp="20170517 20:10:21.088">Created file '&lt;a href="file:///tmp/9.3.86.161_os_console"&gt;/tmp/9.3.86.161_os_console&lt;/a&gt;'.</msg>
<status endtime="20170517 20:10:21.088" status="PASS" starttime="20170517 20:10:21.087"></status>
</kw>
<kw name="Create OS Console Command String" library="utils">
<doc>Return a command string to start OS console logging.</doc>
<assign>
<var>${sub_cmd_buf}</var>
</assign>
<kw name="Catenate" library="BuiltIn">
<doc>Catenates the given items together and returns the resulted string.</doc>
<arguments>
<arg>which ssh_pw 2&gt;&amp;1</arg>
</arguments>
<assign>
<var>${cmd_buf}</var>
</assign>
<msg level="INFO" timestamp="20170517 20:10:21.089">${cmd_buf} = which ssh_pw 2&gt;&amp;1</msg>
<status endtime="20170517 20:10:21.089" status="PASS" starttime="20170517 20:10:21.089"></status>
</kw>
<kw name="Rdpissuing" library="gen_robot_print">
<arguments>
<arg>${cmd_buf}</arg>
</arguments>
<status endtime="20170517 20:10:21.097" status="PASS" starttime="20170517 20:10:21.089"></status>
</kw>
<kw name="Run And Return Rc And Output" library="OperatingSystem">
<doc>Runs the given command in the system and returns the RC and output.</doc>
<arguments>
<arg>${cmd_buf}</arg>
</arguments>
<assign>
<var>${rc}</var>
<var>${output}</var>
</assign>
<msg level="INFO" timestamp="20170517 20:10:21.104">Running command 'which ssh_pw 2&gt;&amp;1'.</msg>
<msg level="INFO" timestamp="20170517 20:10:21.112">${rc} = 0</msg>
<msg level="INFO" timestamp="20170517 20:10:21.112">${output} = /tmp/fspcibld/16253/obmc-robot/.tox/witherspoon/bin/ssh_pw</msg>
<status endtime="20170517 20:10:21.112" status="PASS" starttime="20170517 20:10:21.097"></status>
</kw>
<kw name="Rdpvars" library="gen_robot_print">
<arguments>
<arg>rc</arg>
<arg>output</arg>
</arguments>
<status endtime="20170517 20:10:21.122" status="PASS" starttime="20170517 20:10:21.114"></status>
</kw>
<kw name="Should Be Equal" library="BuiltIn">
<doc>Fails if the given objects are unequal.</doc>
<arguments>
<arg>${rc}</arg>
<arg>${0}</arg>
<arg>msg=${output}\n</arg>
</arguments>
<status endtime="20170517 20:10:21.123" status="PASS" starttime="20170517 20:10:21.123"></status>
</kw>
<kw name="Catenate" library="BuiltIn">
<doc>Catenates the given items together and returns the resulted string.</doc>
<arguments>
<arg>ssh_pw ${OPENBMC_PASSWORD} -p 2200</arg>
<arg>${OPENBMC_USERNAME}@${OPENBMC_HOST}</arg>
</arguments>
<assign>
<var>${cmd_buf}</var>
</assign>
<msg level="INFO" timestamp="20170517 20:10:21.124">${cmd_buf} = ssh_pw 0penBmc -p 2200 root@9.3.86.161</msg>
<status endtime="20170517 20:10:21.124" status="PASS" starttime="20170517 20:10:21.123"></status>
</kw>
<msg level="INFO" timestamp="20170517 20:10:21.124">${sub_cmd_buf} = ssh_pw 0penBmc -p 2200 root@9.3.86.161</msg>
<status endtime="20170517 20:10:21.124" status="PASS" starttime="20170517 20:10:21.088"></status>
</kw>
<kw name="Catenate" library="BuiltIn">
<doc>Catenates the given items together and returns the resulted string.</doc>
<arguments>
<arg>${sub_cmd_buf} &gt; ${log_file_path} 2&gt;&amp;1 &amp;</arg>
</arguments>
<assign>
<var>${cmd_buf}</var>
</assign>
<msg level="INFO" timestamp="20170517 20:10:21.125">${cmd_buf} = ssh_pw 0penBmc -p 2200 root@9.3.86.161 &gt; /tmp/9.3.86.161_os_console 2&gt;&amp;1 &amp;</msg>
<status endtime="20170517 20:10:21.125" status="PASS" starttime="20170517 20:10:21.125"></status>
</kw>
<kw name="Rdpissuing" library="gen_robot_print">
<arguments>
<arg>${cmd_buf}</arg>
</arguments>
<status endtime="20170517 20:10:21.133" status="PASS" starttime="20170517 20:10:21.125"></status>
</kw>
<kw name="Run And Return Rc And Output" library="OperatingSystem">
<doc>Runs the given command in the system and returns the RC and output.</doc>
<arguments>
<arg>${cmd_buf}</arg>
</arguments>
<assign>
<var>${rc}</var>
<var>${output}</var>
</assign>
<msg level="INFO" timestamp="20170517 20:10:21.138">Running command 'ssh_pw 0penBmc -p 2200 root@9.3.86.161 &gt; /tmp/9.3.86.161_os_console 2&gt;&amp;1 &amp;'.</msg>
<msg level="INFO" timestamp="20170517 20:10:21.141">${rc} = 0</msg>
<msg level="INFO" timestamp="20170517 20:10:21.141">${output} = </msg>
<status endtime="20170517 20:10:21.141" status="PASS" starttime="20170517 20:10:21.134"></status>
</kw>
<kw name="Should Be Equal" library="BuiltIn">
<doc>Fails if the given objects are unequal.</doc>
<arguments>
<arg>${rc}</arg>
<arg>${0}</arg>
</arguments>
<status endtime="20170517 20:10:21.144" status="PASS" starttime="20170517 20:10:21.143"></status>
</kw>
<status endtime="20170517 20:10:21.144" status="PASS" starttime="20170517 20:10:20.941"></status>
</kw>
<kw name="Repeat Keyword" library="BuiltIn">
<doc>Executes the specified keyword multiple times.</doc>
<arguments>
<arg>${LOOP_COUNT} times</arg>
<arg>Host Off And On</arg>
</arguments>
<msg level="INFO" timestamp="20170517 20:10:21.147">Repeating keyword, round 1/2.</msg>
<kw name="Host Off And On">
<doc>Verify power off and on.</doc>
<kw name="Initiate Host PowerOff" library="state_manager">
<doc>Initiate host power off.</doc>
<kw name="Create Dictionary" library="BuiltIn">
<doc>Creates and returns a dictionary based on the given ``items``.</doc>
<arguments>
<arg>data=${HOST_POWEROFF_TRANS}</arg>
</arguments>
<assign>
<var>${args}</var>
</assign>
<msg level="INFO" timestamp="20170517 20:10:21.149">${args} = {u'data': 'xyz.openbmc_project.State.Host.Transition.Off'}</msg>
<status endtime="20170517 20:10:21.149" status="PASS" starttime="20170517 20:10:21.148"></status>
</kw>
<kw name="Write Attribute" library="rest_client">
<arguments>
<arg>${HOST_STATE_URI}</arg>
<arg>RequestedHostTransition</arg>
<arg>data=${args}</arg>
</arguments>
<kw name="Catenate" library="BuiltIn">
<doc>Catenates the given items together and returns the resulted string.</doc>
<arguments>
<arg>SEPARATOR=</arg>
<arg>${DBUS_PREFIX}</arg>
<arg>${uri}</arg>
</arguments>
<assign>
<var>${base_uri}</var>
</assign>
<msg level="INFO" timestamp="20170517 20:10:21.150">${base_uri} = /xyz/openbmc_project/state/host0/</msg>
<status endtime="20170517 20:10:21.150" status="PASS" starttime="20170517 20:10:21.150"></status>
</kw>
<kw name="OpenBMC Put Request" library="rest_client">
<arguments>
<arg>${base_uri}/attr/${attr}</arg>
<arg>timeout=${timeout}</arg>
<arg>&amp;{kwargs}</arg>
</arguments>
<assign>
<var>${resp}</var>
</assign>
<kw name="Initialize OpenBMC" library="rest_client">
<arguments>
<arg>${timeout}</arg>
</arguments>
<kw name="Wait Until Keyword Succeeds" library="BuiltIn">
<doc>Runs the specified keyword and retries if it fails.</doc>
<arguments>
<arg>40 sec</arg>
<arg>20 sec</arg>
<arg>Post Login Request</arg>
<arg>${timeout}</arg>
<arg>${quiet}</arg>
</arguments>
<kw name="Post Login Request" library="rest_client">
<arguments>
<arg>${timeout}</arg>
<arg>${quiet}</arg>
</arguments>
<kw name="Create Session" library="RequestsLibrary.RequestsKeywords">
<doc>Create Session: create a HTTP session to a server</doc>
[...]
[    0.343723] pci_bus 0001:00: root bus resource [mem 0x600c080000000-0x600c0fffeffff] (bus address [0x80000000-0xfffeffff])
[    0.343941] pci_bus 0001:00: root bus resource [mem 0x6002000000000-0x6003f7fffffff 64bit pref]
[    0.344115] pci_bus 0001:00: root bus resource [bus 00-ff]
[    0.345037] pci 0001:00:00.0: PCI bridge to [bus 01]
[    0.345321] PCI host bridge to bus 0002:00
[    0.345410] pci_bus 0002:00: root bus resource [mem 0x600c100000000-0x600c17ffeffff] (bus address [0x80000000-0xfffeffff])
[    0.345616] pci_bus 0002:00: root bus resource [mem 0x6004000000000-0x6005f7fffffff 64bit pref]
[    0.345786] pci_bus 0002:00: root bus resource [bus 00-ff]
[    0.346696] pci 0002:00:00.0: PCI bridge to [bus 01-02]
[    0.347419] pci 0002:01:00.0: PCI bridge to [bus 02]
[    0.347679] PCI host bridge to bus 0003:00
[    0.347772] pci_bus 0003:00: root bus resource [mem 0x600c180000000-0x600c1fffeffff] (bus address [0x80000000-0xfffeffff])
[    0.347976] pci_bus 0003:00: root bus resource [mem 0x6006000000000-0x6007fbfffffff 64bit pref]
[    0.348147] pci_bus 0003:00: root bus resource [bus 00-ff]
[    0.348564] pci 0003:00:00.0: bridge configuration invalid ([bus 00-00]), reconfiguring
[    0.348855] pci 0003:00:00.0: PCI bridge to [bus 01-ff]
[    0.349102] PCI host bridge to bus 0004:00
[    0.349192] pci_bus 0004:00: root bus resource [mem 0x600c200000000-0x600c27ffeffff] (bus address [0x80000000-0xfffeffff])
[    0.349406] pci_bus 0004:00: root bus resource [mem 0x6008000000000-0x6009f7fffffff 64bit pref]
[    0.349581] pci_bus 0004:00: root bus resource [bus 00-ff]
[    0.352066] pci 0004:00:00.0: PCI bridge to [bus 01-12]
[    0.354189] pci 0004:01:00.0: PCI bridge to [bus 02-12]
[    0.355437] pci 0004:02:02.0: PCI bridge to [bus 03]
[    0.355721] pci 0004:02:0a.0: PCI bridge to [bus 04-08]
[    0.355991] pci 0004:02:0b.0: PCI bridge to [bus 09-0d]
[    0.356264] pci 0004:02:0c.0: PCI bridge to [bus 0e-12]
[    0.356548] PCI host bridge to bus 0005:00
[    0.356641] pci_bus 0005:00: root bus resource [mem 0x600c280000000-0x600c2fffeffff] (bus address [0x80000000-0xfffeffff])
[    0.356842] pci_bus 0005:00: root bus resource [mem 0x600a000000000-0x600bf7fffffff 64bit pref]
[    0.357014] pci_bus 0005:00: root bus resource [bus 00-ff]
[    0.358446] pci 0005:00:00.0: PCI bridge to [bus 01]
[    0.358777] PCI host bridge to bus 0030:00
[    0.358868] pci_bus 0030:00: root bus resource [mem 0x620c000000000-0x620c07ffeffff] (bus address [0x80000000-0xfffeffff])
[    0.359083] pci_bus 0030:00: root bus resource [mem 0x6200000000000-0x6201fbfffffff 64bit pref]
[    0.359253] pci_bus 0030:00: root bus resource [bus 00-ff]
[    0.359713] pci 0030:00:00.0: bridge configuration invalid ([bus 00-00]), reconfiguring
[    0.359996] pci 0030:00:00.0: PCI bridge to [bus 01-ff]
[    0.360230] PCI host bridge to bus 0033:00
[    0.360321] pci_bus 0033:00: root bus resource [mem 0x620c180000000-0x620c1fffeffff] (bus address [0x80000000-0xfffeffff])
[    0.360522] pci_bus 0033:00: root bus resource [mem 0x6206000000000-0x6207fbfffffff 64bit pref]
[    0.360696] pci_bus 0033:00: root bus resource [bus 00-ff]
[    0.361141] pci 0033:00:00.0: bridge configuration invalid ([bus 00-00]), reconfiguring
[    0.361420] pci 0033:00:00.0: PCI bridge to [bus 01-ff]
[    0.361662] PCI host bridge to bus 0034:00
[    0.361763] pci_bus 0034:00: root bus resource [mem 0x620c200000000-0x620c27ffeffff] (bus address [0x80000000-0xfffeffff])
[    0.361964] pci_bus 0034:00: root bus resource [mem 0x6208000000000-0x6209f7fffffff 64bit pref]
[    0.362135] pci_bus 0034:00: root bus resource [bus 00-ff]
[    0.362584] pci 0034:00:00.0: bridge configuration invalid ([bus 00-00]), reconfiguring
[    0.362903] pci 0034:00:00.0: PCI bridge to [bus 01-ff]
[    0.363150] PCI host bridge to bus 0035:00
[    0.363250] pci_bus 0035:00: root bus resource [mem 0x620c280000000-0x620c2fffeffff] (bus address [0x80000000-0xfffeffff])
[    0.363451] pci_bus 0035:00: root bus resource [mem 0x620a000000000-0x620bf7fffffff 64bit pref]
[    0.363622] pci_bus 0035:00: root bus resource [bus 00-ff]
[    0.364684] pci 0035:00:00.0: PCI bridge to [bus 01-0c]
[    0.365932] pci 0035:01:00.0: PCI bridge to [bus 02-0c]
[    0.366495] pci 0035:02:08.0: PCI bridge to [bus 03-07]
[    0.366771] pci 0035:02:0d.0: PCI bridge to [bus 08-0c]
[    0.367022] pci 0000:00:00.0: disabling bridge window [mem 0x00000000-0xffffffffffffffff 64bit pref] to [bus 01] (unused)
[    0.367225] pci 0000:00:00.0: disabling bridge window [mem 0x00000000-0xffffffffffffffff] to [bus 01] (unused)
[    0.367429] pci 0000:00     : [PE# fe] Secondary bus 0 associated with PE#fe
[    0.368012] pci 0000:00:00.0: PCI bridge to [bus 01]
[    0.368183] pci 0001:00:00.0: BAR 8: assigned [mem 0x600c080000000-0x600c080ffffff]
[    0.368342] pci 0001:01:00.0: BAR 0: assigned [mem 0x600c080000000-0x600c08000ffff 64bit]
[    0.368520] pci 0001:01:00.0: BAR 2: assigned [mem 0x600c080010000-0x600c080011fff 64bit]
[    0.368700] pci 0001:00     : [PE# 7e] Secondary bus 0 associated with PE#7e
[    0.369280] pci 0001:01     : [PE# 7d] Secondary bus 1 associated with PE#7d
[    0.369865] pci 0001:01     : [PE# 7d] Setting up 32-bit TCE table at 0..80000000
[    0.381741] IOMMU table initialized, virtual merging enabled
[    0.381876] pci 0001:01     : [PE# 7d] Setting up window#0 0..7fffffff pg=1000
[    0.382216] pci 0001:01     : [PE# 7d] Enabling 64-bit DMA bypass
[    0.382345] pci 0001:00:00.0: PCI bridge to [bus 01]
[    0.382455] pci 0001:00:00.0:   bridge window [mem 0x600c080000000-0x600c0ffefffff]
[    0.382683] pci 0002:00:00.0: BAR 8: assigned [mem 0x600c100000000-0x600c101ffffff]
[    0.382839] pci 0002:01:00.0: BAR 8: assigned [mem 0x600c100000000-0x600c101ffffff]
[    0.382994] pci 0002:01:00.0: BAR 7: no space for [io  size 0x1000]
[    0.383120] pci 0002:01:00.0: BAR 7: failed to assign [io  size 0x1000]
[    0.383246] pci 0002:02:00.0: BAR 0: assigned [mem 0x600c100000000-0x600c100ffffff]
[    0.383423] pci 0002:02:00.0: BAR 1: assigned [mem 0x600c101000000-0x600c10101ffff]
[    0.383584] pci 0002:02:00.0: BAR 2: no space for [io  size 0x0080]
[    0.383710] pci 0002:02:00.0: BAR 2: failed to assign [io  size 0x0080]
[    0.383837] pci 0002:00     : [PE# 7e] Secondary bus 0 associated with PE#7e
[    0.384418] pci 0002:02     : [PE# 7d] Secondary bus 2..2 associated with PE#7d
[    0.385022] pci 0002:02     : [PE# 7d] Setting up 32-bit TCE table at 0..80000000
[    0.396905] pci 0002:02     : [PE# 7d] Setting up window#0 0..7fffffff pg=1000
[    0.397059] pci 0002:02     : [PE# 7d] Enabling 64-bit DMA bypass
[    0.397191] pci 0002:01:00.0: PCI bridge to [bus 02]
[    0.397301] pci 0002:01:00.0:   bridge window [mem 0x600c100000000-0x600c17fefffff]
[    0.397474] pci 0002:01     : [PE# 7c] Secondary bus 1 associated with PE#7c
[    0.398052] pci 0002:00:00.0: PCI bridge to [bus 01-02]
[    0.398160] pci 0002:00:00.0:   bridge window [mem 0x600c100000000-0x600c17fefffff]
[    0.398344] pci_bus 0002:00: Some PCI device resources are unassigned, try booting with pci=realloc
[    0.398571] pci 0003:00:00.0: disabling bridge window [mem 0x00000000-0xffffffffffffffff 64bit pref] to [bus 01] (unused)
[    0.398775] pci 0003:00:00.0: disabling bridge window [mem 0x00000000-0xffffffffffffffff] to [bus 01] (unused)
[    0.398966] pci 0003:00     : [PE# fe] Secondary bus 0 associated with PE#fe
[    0.399539] pci 0003:00:00.0: PCI bridge to [bus 01]
[    0.399870] pci 0004:00:00.0: BAR 9: assigned [mem 0x6008000000000-0x600803fffffff 64bit pref]
[    0.400045] pci 0004:00:00.0: BAR 8: assigned [mem 0x600c200000000-0x600c201ffffff]
[    0.400226] pci 0004:01:00.0: BAR 9: assigned [mem 0x6008000000000-0x600803fffffff 64bit pref]
[    0.400396] pci 0004:01:00.0: BAR 8: assigned [mem 0x600c200000000-0x600c200ffffff]
[    0.400549] pci 0004:01:00.0: BAR 0: assigned [mem 0x600c201000000-0x600c20103ffff]
[    0.400690] pci 0004:01:00.1: BAR 0: assigned [mem 0x600c201040000-0x600c201041fff]
[    0.400849] pci 0004:01:00.2: BAR 0: assigned [mem 0x600c201042000-0x600c201043fff]
[    0.401007] pci 0004:01:00.3: BAR 0: assigned [mem 0x600c201044000-0x600c201045fff]
[    0.401166] pci 0004:01:00.4: BAR 0: assigned [mem 0x600c201046000-0x600c201047fff]
[    0.401328] pci 0004:01:00.0: BAR 7: no space for [io  size 0x1000]
[    0.401450] pci 0004:01:00.0: BAR 7: failed to assign [io  size 0x1000]
[    0.401575] pci 0004:01:00.0: BAR 7: no space for [io  size 0x1000]
[    0.401700] pci 0004:01:00.0: BAR 7: failed to assign [io  size 0x1000]
[    0.401846] pci 0004:02:02.0: BAR 9: assigned [mem 0x6008000000000-0x600803fffffff 64bit pref]
[    0.402028] pci 0004:02:02.0: BAR 8: assigned [mem 0x600c200000000-0x600c200ffffff]
[    0.402180] pci 0004:02:02.0: BAR 7: no space for [io  size 0x1000]
[    0.402306] pci 0004:02:02.0: BAR 7: failed to assign [io  size 0x1000]
[    0.402437] pci 0004:02:02.0: BAR 7: no space for [io  size 0x1000]
[    0.402562] pci 0004:02:02.0: BAR 7: failed to assign [io  size 0x1000]
[    0.402696] pci 0004:03:00.0: BAR 6: assigned [mem 0x600c200000000-0x600c20000ffff pref]
[    0.402852] pci 0004:03:00.0: BAR 5: assigned [mem 0x600c200010000-0x600c2000107ff]
[    0.403009] pci 0004:03:00.0: BAR 4: no space for [io  size 0x0020]
[    0.403134] pci 0004:03:00.0: BAR 4: failed to assign [io  size 0x0020]
[    0.403260] pci 0004:03:00.0: BAR 0: no space for [io  size 0x0008]
[    0.403385] pci 0004:03:00.0: BAR 0: failed to assign [io  size 0x0008]
[    0.403511] pci 0004:03:00.0: BAR 2: no space for [io  size 0x0008]
[    0.403632] pci 0004:03:00.0: BAR 2: failed to assign [io  size 0x0008]
[    0.403761] pci 0004:03:00.0: BAR 1: no space for [io  size 0x0004]
[    0.403882] pci 0004:03:00.0: BAR 1: failed to assign [io  size 0x0004]
[    0.404011] pci 0004:03:00.0: BAR 3: no space for [io  size 0x0004]
[    0.404133] pci 0004:03:00.0: BAR 3: failed to assign [io  size 0x0004]
[    0.404259] pci 0004:00     : [PE# 7e] Secondary bus 0 associated with PE#7e
[    0.404837] pci 0004:03     : [PE# 7d] Secondary bus 3 associated with PE#7d
[    0.405422] pci 0004:03     : [PE# 7d] Setting up 32-bit TCE table at 0..80000000
[    0.405787] random: fast init done
[    0.417406] pci 0004:03     : [PE# 7d] Setting up window#0 0..7fffffff pg=1000
[    0.417557] pci 0004:03     : [PE# 7d] Enabling 64-bit DMA bypass
[    0.417699] pci 0004:02:02.0: PCI bridge to [bus 03]
[    0.417809] pci 0004:02:02.0:   bridge window [mem 0x600c200000000-0x600c200ffffff]
[    0.417970] pci 0004:02:02.0:   bridge window [mem 0x6008000000000-0x600803fffffff 64bit pref]
[    0.418150] pci 0004:02:0a.0: PCI bridge to [bus 04-08]
[    0.418280] pci 0004:02:0b.0: PCI bridge to [bus 09-0d]
[    0.418404] pci 0004:02:0c.0: PCI bridge to [bus 0e-12]
[    0.418534] pci 0004:02     : [PE# 7c] Secondary bus 2 associated with PE#7c
[    0.419115] pci 0004:01:00.0: PCI bridge to [bus 02-12]
[    0.419240] pci 0004:01:00.0:   bridge window [mem 0x600c200000000-0x600c27fefffff]
[    0.419400] pci 0004:01:00.0:   bridge window [mem 0x6008000000000-0x6009f7ff0ffff 64bit pref]
[    0.419583] pci 0004:01     : [PE# 7b] Secondary bus 1 associated with PE#7b
[    0.420165] pci 0004:01     : [PE# 7b] Setting up 32-bit TCE table at 0..80000000
[    0.432044] pci 0004:01     : [PE# 7b] Setting up window#0 0..7fffffff pg=1000
[    0.432185] pci 0004:01     : [PE# 7b] Enabling 64-bit DMA bypass
[    0.432336] pci 0004:00:00.0: PCI bridge to [bus 01-12]
[    0.432448] pci 0004:00:00.0:   bridge window [mem 0x600c200000000-0x600c27fefffff]
[    0.432607] pci 0004:00:00.0:   bridge window [mem 0x6008000000000-0x6009f7ff0ffff 64bit pref]
[    0.432786] pci_bus 0004:00: Some PCI device resources are unassigned, try booting with pci=realloc
[    0.433054] pci 0005:00:00.0: BAR 9: assigned [mem 0x600a000000000-0x600a03fffffff 64bit pref]
[    0.433233] pci 0005:01:00.0: BAR 0: assigned [mem 0x600a000000000-0x600a00000ffff 64bit pref]
[    0.433425] pci 0005:01:00.0: BAR 2: assigned [mem 0x600a000010000-0x600a00001ffff 64bit pref]
[    0.433612] pci 0005:01:00.0: BAR 4: assigned [mem 0x600a000020000-0x600a00002ffff 64bit pref]
[    0.433801] pci 0005:01:00.1: BAR 0: assigned [mem 0x600a000030000-0x600a00003ffff 64bit pref]
[    0.433992] pci 0005:01:00.1: BAR 2: assigned [mem 0x600a000040000-0x600a00004ffff 64bit pref]
[    0.434185] pci 0005:01:00.1: BAR 4: assigned [mem 0x600a000050000-0x600a00005ffff 64bit pref]
[    0.434376] pci 0005:00     : [PE# 7e] Secondary bus 0 associated with PE#7e
[    0.434965] pci 0005:01     : [PE# 00] Secondary bus 1 associated with PE#0
[    0.435540] pci 0005:01     : [PE# 00] Setting up 32-bit TCE table at 0..80000000
[    0.447422] pci 0005:01     : [PE# 00] Setting up window#0 0..7fffffff pg=1000
[    0.447572] pci 0005:01     : [PE# 00] Enabling 64-bit DMA bypass
[    0.447715] pci 0005:00:00.0: PCI bridge to [bus 01]
[    0.447832] pci 0005:00:00.0:   bridge window [mem 0x600a000000000-0x600bf7fffffff 64bit pref]
[    0.448062] pci 0030:00:00.0: disabling bridge window [mem 0x00000000-0xffffffffffffffff 64bit pref] to [bus 01] (unused)
[    0.448266] pci 0030:00:00.0: disabling bridge window [mem 0x00000000-0xffffffffffffffff] to [bus 01] (unused)
[    0.448459] pci 0030:00     : [PE# fe] Secondary bus 0 associated with PE#fe
[    0.449037] pci 0030:00:00.0: PCI bridge to [bus 01]
[    0.449216] pci 0033:00:00.0: disabling bridge window [mem 0x00000000-0xffffffffffffffff 64bit pref] to [bus 01] (unused)
[    0.449418] pci 0033:00:00.0: disabling bridge window [mem 0x00000000-0xffffffffffffffff] to [bus 01] (unused)
[    0.449614] pci 0033:00     : [PE# fe] Secondary bus 0 associated with PE#fe
[    0.450191] pci 0033:00:00.0: PCI bridge to [bus 01]
[    0.450361] pci 0034:00:00.0: disabling bridge window [mem 0x00000000-0xffffffffffffffff 64bit pref] to [bus 01] (unused)
[    0.450562] pci 0034:00:00.0: disabling bridge window [mem 0x00000000-0xffffffffffffffff] to [bus 01] (unused)
[    0.450754] pci 0034:00     : [PE# 7e] Secondary bus 0 associated with PE#7e
[    0.451329] pci 0034:00:00.0: PCI bridge to [bus 01]
[    0.451564] pci 0035:00:00.0: BAR 8: assigned [mem 0x620c280000000-0x620c280ffffff]
[    0.451722] pci 0035:01:00.0: BAR 0: assigned [mem 0x620c280000000-0x620c28003ffff]
[    0.451884] pci 0035:00     : [PE# 7e] Secondary bus 0 associated with PE#7e
[    0.452469] pci 0035:02:08.0: PCI bridge to [bus 03-07]
[    0.452619] pci 0035:02:0d.0: PCI bridge to [bus 08-0c]
[    0.452748] pci 0035:02     : [PE# 7d] Secondary bus 2 associated with PE#7d
[    0.453326] pci 0035:01:00.0: PCI bridge to [bus 02-0c]
[    0.453472] pci 0035:01     : [PE# 7c] Secondary bus 1 associated with PE#7c
[    0.454049] pci 0035:00:00.0: PCI bridge to [bus 01-0c]
[    0.454174] pci 0035:00:00.0:   bridge window [mem 0x620c280000000-0x620c2ffefffff]
[    0.456410] EEH: PCI Enhanced I/O Error Handling Enabled
[    0.535344] pci 0002:02:00.0: vgaarb: VGA device added: decodes=io+mem,owns=none,locks=none
[    0.535508] pci 0002:02:00.0: vgaarb: bridge control possible
[    0.535617] vgaarb: loaded
[    0.536192] SCSI subsystem initialized
[    0.536485] usbcore: registered new interface driver usbfs
[    0.536626] usbcore: registered new interface driver hub
[    0.537306] usbcore: registered new device driver usb
[    0.537478] pps_core: LinuxPPS API ver. 1 registered
[    0.537577] pps_core: Software ver. 5.3.6 - Copyright 2005-2007 Rodolfo Giometti &lt;giometti@linux.it&gt;
[    0.537762] PTP clock support registered
[    0.538671] clocksource: Switched to clocksource timebase
[    0.544476] NET: Registered protocol family 2
[    0.545099] TCP established hash table entries: 524288 (order: 6, 4194304 bytes)
[    0.548438] TCP bind hash table entries: 65536 (order: 4, 1048576 bytes)
[    0.549009] TCP: Hash tables configured (established 524288 bind 65536)
[    0.549208] UDP hash table entries: 65536 (order: 5, 2097152 bytes)
[    0.550506] UDP-Lite hash table entries: 65536 (order: 5, 2097152 bytes)
[    0.551938] NET: Registered protocol family 1
[    0.552088] pci 0001:01:00.0: enabling device (0140 -&gt; 0142)</msg>
<status endtime="20170517 20:14:59.558" status="PASS" starttime="20170517 20:14:59.557"></status>
</kw>
<status endtime="20170517 20:14:59.558" status="PASS" starttime="20170517 20:14:18.811"></status>
</kw>
<doc>Parse the journal log and check for failures.</doc>
<tags>
<tag>chassisboot</tag>
<tag>Check_For_Application_Failures</tag>
</tags>
<status endtime="20170517 20:14:59.559" critical="yes" status="FAIL" starttime="20170517 20:14:13.172">'May 17 20:05:27 witherspoon systemd[1]: xyz.openbmc_project.Hwmon@ahb-apb-i2c\x401e78a000-i2c\x2dbus\x40100-max31785\x4052.service: Failed with result 'core-dump'.
May 17 20:05:35 witherspoon systemd[1]: phosphor-fan-monitor@0.service: Failed with result 'core-dump'.
May 17 20:05:36 witherspoon systemd[1]: phosphor-fan-monitor@0.service: Failed with result 'core-dump'.
May 17 20:05:37 witherspoon systemd[1]: phosphor-fan-monitor@0.service: Failed with result 'core-dump'.
May 17 20:05:53 witherspoon systemd[1]: phosphor-fan-monitor@0.service: Main process exited, code=dumped, status=11/SEGV
May 17 20:05:53 witherspoon systemd[1]: phosphor-fan-monitor@0.service: Failed with result 'core-dump'.
May 17 20:06:09 witherspoon systemd[1]: phosphor-fan-monitor@0.service: Main process exited, code=dumped, status=11/SEGV
May 17 20:06:09 witherspoon systemd[1]: phosphor-fan-monitor@0.service: Failed with result 'core-dump'.
May 17 20:06:24 witherspoon systemd[1]: phosphor-fan-monitor@0.service: Main process exited, code=dumped, status=11/SEGV
May 17 20:06:24 witherspoon systemd[1]: phosphor-fan-monitor@0.service: Fai...
    [ Message content over the limit has been removed. ]
May 17 20:13:12 witherspoon systemd[1]: phosphor-fan-monitor@0.service: Main process exited, code=dumped, status=11/SEGV
May 17 20:13:12 witherspoon systemd[1]: phosphor-fan-monitor@0.service: Failed with result 'core-dump'.
May 17 20:13:27 witherspoon systemd[1]: phosphor-fan-monitor@0.service: Main process exited, code=dumped, status=11/SEGV
May 17 20:13:27 witherspoon systemd[1]: phosphor-fan-monitor@0.service: Failed with result 'core-dump'.
May 17 20:13:43 witherspoon systemd[1]: phosphor-fan-monitor@0.service: Main process exited, code=dumped, status=11/SEGV
May 17 20:13:43 witherspoon systemd[1]: phosphor-fan-monitor@0.service: Failed with result 'core-dump'.
May 17 20:13:58 witherspoon systemd[1]: phosphor-fan-monitor@0.service: Main process exited, code=dumped, status=11/SEGV
May 17 20:13:58 witherspoon systemd[1]: phosphor-fan-monitor@0.service: Failed with result 'core-dump'.
May 17 20:14:14 witherspoon systemd[1]: phosphor-fan-monitor@0.service: Main process exited, code=dumped, status=11/SEGV
May 17 20:14:14 witherspoon systemd[1]: phosphor-fan-monitor@0.service: Failed with result 'core-dump'.' should be empty.</status>
</test>
<doc>Test power on for HW CI.</doc>
<status endtime="20170517 20:14:59.560" status="FAIL" starttime="20170517 20:10:20.877"></status>
</suite>
<doc>Set metadata for test suite.</doc>
<status endtime="20170517 20:14:59.563" status="FAIL" starttime="20170517 20:10:10.311"></status>
</suite>
<statistics>
<total>
<stat pass="2" fail="1">Critical Tests</stat>
<stat pass="2" fail="1">All Tests</stat>
</total>
<tag>
<stat pass="1" fail="1">chassisboot</stat>
<stat pass="0" fail="1">Check_For_Application_Failures</stat>
<stat pass="1" fail="0">Power_On_Test</stat>
<stat pass="1" fail="0">Test_SSL_Connection</stat>
</tag>
<suite>
<stat name="Tests" pass="2" id="s1" fail="1">Tests</stat>
<stat name="Security" pass="1" id="s1-s1" fail="0">Tests.Security</stat>
<stat name="Test Ssl" pass="1" id="s1-s1-s1" fail="0">Tests.Security.Test Ssl</stat>
<stat name="Test Basic Poweron" pass="1" id="s1-s2" fail="1">Tests.Test Basic Poweron</stat>
</suite>
</statistics>
<errors>
</errors>
</robot>
