<?xml version="1.0" encoding="UTF-8"?>
<robot generator="Robot 3.0.2 (Python 2.7.12 on linux2)" generated="20170706 17:12:08.862">
<suite id="s1" source="/tmp/fspcibld/13340/obmc-robot/tests" name="Tests">
<kw name="System Driver Data" type="setup">
<doc>System driver information.</doc>
<kw name="Open Connection And Log In" library="connection_client">
<doc>Opens a connection with the given arguments, and logs in.</doc>
<kw name="Run Keyword And Return Status" library="BuiltIn">
<doc>Runs the given keyword with given arguments and returns the status as a Boolean value.</doc>
<arguments>
<arg>Dictionary Should Contain Key</arg>
<arg>${connection_args}</arg>
<arg>host</arg>
</arguments>
<assign>
<var>${has_host}</var>
</assign>
<kw name="Dictionary Should Contain Key" library="Collections">
<doc>Fails if ``key`` is not found from ``dictionary``.</doc>
<arguments>
<arg>${connection_args}</arg>
<arg>host</arg>
</arguments>
<msg timestamp="20170706 17:12:09.490" level="FAIL">Dictionary does not contain key 'host'.</msg>
<status endtime="20170706 17:12:09.490" status="FAIL" starttime="20170706 17:12:09.489"></status>
</kw>
<msg timestamp="20170706 17:12:09.490" level="INFO">${has_host} = False</msg>
<status endtime="20170706 17:12:09.490" status="PASS" starttime="20170706 17:12:09.489"></status>
</kw>
<kw name="Run Keyword If" library="BuiltIn">
<doc>Runs the given keyword with the given arguments, if ``condition`` is true.</doc>
<arguments>
<arg>${has_host} == ${FALSE}</arg>
<arg>Set To Dictionary</arg>
<arg>${connection_args}</arg>
<arg>host=${OPENBMC_HOST}</arg>
</arguments>
<kw name="Set To Dictionary" library="Collections">
<doc>Adds the given ``key_value_pairs`` and ``items`` to the ``dictionary``.</doc>
<arguments>
<arg>${connection_args}</arg>
<arg>host=${OPENBMC_HOST}</arg>
</arguments>
<status endtime="20170706 17:12:09.491" status="PASS" starttime="20170706 17:12:09.491"></status>
</kw>
<status endtime="20170706 17:12:09.491" status="PASS" starttime="20170706 17:12:09.490"></status>
</kw>
<kw name="Run Keyword If" library="BuiltIn">
<doc>Runs the given keyword with the given arguments, if ``condition`` is true.</doc>
<arguments>
<arg>'${SSH_PORT}' != '${EMPTY}' and '${HTTPS_PORT}' != '${EMPTY}'</arg>
<arg>User input SSH and HTTPs Ports</arg>
</arguments>
<kw name="User input SSH and HTTPs Ports" library="connection_client">
<doc>Update the global SSH and HTTPs port variable for QEMU</doc>
<kw name="Convert To Integer" library="BuiltIn">
<doc>Converts the given item to an integer number.</doc>
<arguments>
<arg>${SSH_PORT}</arg>
</arguments>
<assign>
<var>${port_num}</var>
</assign>
<msg timestamp="20170706 17:12:09.492" level="INFO">${port_num} = 22</msg>
<status endtime="20170706 17:12:09.492" status="PASS" starttime="20170706 17:12:09.492"></status>
</kw>
<kw name="Replace Variables" library="BuiltIn">
<doc>Replaces variables in the given text with their current values.</doc>
<arguments>
<arg>${port_num}</arg>
</arguments>
<assign>
<var>${SSH_PORT}</var>
</assign>
<msg timestamp="20170706 17:12:09.493" level="INFO">${SSH_PORT} = 22</msg>
<status endtime="20170706 17:12:09.493" status="PASS" starttime="20170706 17:12:09.493"></status>
</kw>
<kw name="Convert To Integer" library="BuiltIn">
<doc>Converts the given item to an integer number.</doc>
<arguments>
<arg>${HTTPS_PORT}</arg>
</arguments>
<assign>
<var>${https_num}</var>
</assign>
<msg timestamp="20170706 17:12:09.493" level="INFO">${https_num} = 443</msg>
<status endtime="20170706 17:12:09.493" status="PASS" starttime="20170706 17:12:09.493"></status>
</kw>
<kw name="Set Global Variable" library="BuiltIn">
<doc>Makes a variable available globally in all tests and suites.</doc>
<arguments>
<arg>${AUTH_URI}</arg>
<arg>https://${OPENBMC_HOST}:${https_num}</arg>
</arguments>
<msg timestamp="20170706 17:12:09.494" level="INFO">${AUTH_URI} = https://9.3.21.61:443</msg>
<status endtime="20170706 17:12:09.494" status="PASS" starttime="20170706 17:12:09.494"></status>
</kw>
<status endtime="20170706 17:12:09.494" status="PASS" starttime="20170706 17:12:09.492"></status>
</kw>
<status endtime="20170706 17:12:09.494" status="PASS" starttime="20170706 17:12:09.491"></status>
</kw>
<kw name="Run Keyword And Return Status" library="BuiltIn">
<doc>Runs the given keyword with given arguments and returns the status as a Boolean value.</doc>
<arguments>
<arg>Dictionary Should Contain Key</arg>
<arg>${connection_args}</arg>
<arg>port</arg>
</arguments>
<assign>
<var>${has_port}</var>
</assign>
<kw name="Dictionary Should Contain Key" library="Collections">
<doc>Fails if ``key`` is not found from ``dictionary``.</doc>
<arguments>
<arg>${connection_args}</arg>
<arg>port</arg>
</arguments>
<msg timestamp="20170706 17:12:09.495" level="FAIL">Dictionary does not contain key 'port'.</msg>
<status endtime="20170706 17:12:09.495" status="FAIL" starttime="20170706 17:12:09.495"></status>
</kw>
<msg timestamp="20170706 17:12:09.496" level="INFO">${has_port} = False</msg>
<status endtime="20170706 17:12:09.496" status="PASS" starttime="20170706 17:12:09.495"></status>
</kw>
<kw name="Run Keyword If" library="BuiltIn">
<doc>Runs the given keyword with the given arguments, if ``condition`` is true.</doc>
<arguments>
<arg>'${SSH_PORT}' != '${EMPTY}' and ${has_port} == ${FALSE}</arg>
<arg>Run Keywords</arg>
<arg>Set To Dictionary</arg>
<arg>${connection_args}</arg>
<arg>port=${SSH_PORT}</arg>
<arg>AND</arg>
<arg>SSHLibrary.Open connection</arg>
<arg>&amp;{connection_args}</arg>
<arg>ELSE</arg>
<arg>Run Keyword</arg>
<arg>SSHLibrary.Open connection</arg>
<arg>&amp;{connection_args}</arg>
</arguments>
<kw name="Run Keywords" library="BuiltIn">
<doc>Executes all the given keywords in a sequence.</doc>
<arguments>
<arg>Set To Dictionary</arg>
<arg>${connection_args}</arg>
<arg>port=${SSH_PORT}</arg>
<arg>AND</arg>
<arg>SSHLibrary.Open connection</arg>
<arg>&amp;{connection_args}</arg>
</arguments>
<kw name="Set To Dictionary" library="Collections">
<doc>Adds the given ``key_value_pairs`` and ``items`` to the ``dictionary``.</doc>
<arguments>
<arg>${connection_args}</arg>
<arg>port=${SSH_PORT}</arg>
</arguments>
<status endtime="20170706 17:12:09.498" status="PASS" starttime="20170706 17:12:09.497"></status>
</kw>
<kw name="Open Connection" library="SSHLibrary">
<doc>Opens a new SSH connection to the given `host` and `port`.</doc>
<arguments>
<arg>&amp;{connection_args}</arg>
</arguments>
<status endtime="20170706 17:12:09.498" status="PASS" starttime="20170706 17:12:09.498"></status>
</kw>
<status endtime="20170706 17:12:09.498" status="PASS" starttime="20170706 17:12:09.497"></status>
</kw>
<status endtime="20170706 17:12:09.498" status="PASS" starttime="20170706 17:12:09.496"></status>
</kw>
<kw name="Login" library="SSHLibrary">
<doc>Logs into the SSH server with the given `username` and `password`.</doc>
<arguments>
<arg>${username}</arg>
<arg>${password}</arg>
</arguments>
<msg timestamp="20170706 17:12:09.499" level="INFO">Logging into '9.3.21.61:22' as 'root'.</msg>
<msg timestamp="20170706 17:12:11.315" level="INFO">Read output: root@witherspoon:~#</msg>
<status endtime="20170706 17:12:11.316" status="PASS" starttime="20170706 17:12:09.499"></status>
</kw>
<status endtime="20170706 17:12:11.316" status="PASS" starttime="20170706 17:12:09.488"></status>
</kw>
<kw name="Run Keyword And Ignore Error" library="BuiltIn">
<doc>Runs the given keyword with the given arguments and ignores possible error.</doc>
<arguments>
<arg>Log BMC Driver Details</arg>
</arguments>
<kw name="Log BMC Driver Details">
<doc>Get BMC driver details and log.</doc>
<kw name="Execute Command" library="SSHLibrary">
<doc>Executes `command` on the remote machine and returns its outputs.</doc>
<arguments>
<arg>${DRIVER_CMD}</arg>
<arg>return_stderr=True</arg>
</arguments>
<assign>
<var>${output}</var>
<var>${stderr}</var>
</assign>
<msg timestamp="20170706 17:12:11.318" level="INFO">Executing command 'cat /etc/os-release | grep ^VERSION_ID='.</msg>
<msg timestamp="20170706 17:12:11.415" level="INFO">Command exited with return code 0.</msg>
<msg timestamp="20170706 17:12:11.416" level="INFO">${output} = VERSION_ID="v1.99.7-82-g5ab2ef8"</msg>
<msg timestamp="20170706 17:12:11.416" level="INFO">${stderr} = </msg>
<status endtime="20170706 17:12:11.416" status="PASS" starttime="20170706 17:12:11.317"></status>
</kw>
<kw name="Should Be Empty" library="BuiltIn">
<doc>Verifies that the given item is empty.</doc>
<arguments>
<arg>${stderr}</arg>
</arguments>
<msg timestamp="20170706 17:12:11.416" level="INFO">Length is 0</msg>
<status endtime="20170706 17:12:11.417" status="PASS" starttime="20170706 17:12:11.416"></status>
</kw>
<kw name="Log" library="BuiltIn">
<doc>Logs the given message with the given level.</doc>
<arguments>
<arg>${output}</arg>
</arguments>
<msg timestamp="20170706 17:12:11.417" level="INFO">VERSION_ID="v1.99.7-82-g5ab2ef8"</msg>
<status endtime="20170706 17:12:11.417" status="PASS" starttime="20170706 17:12:11.417"></status>
</kw>
<status endtime="20170706 17:12:11.417" status="PASS" starttime="20170706 17:12:11.317"></status>
</kw>
<status endtime="20170706 17:12:11.417" status="PASS" starttime="20170706 17:12:11.316"></status>
</kw>
<kw name="Run Keyword And Ignore Error" library="BuiltIn">
<doc>Runs the given keyword with the given arguments and ignores possible error.</doc>
<arguments>
<arg>Log PNOR Driver Details</arg>
</arguments>
<kw name="Log PNOR Driver Details">
<doc>Get PNOR driver details and log.</doc>
<kw name="Execute Command On BMC" library="utils">
<doc>Execute given command on BMC and return output.</doc>
<arguments>
<arg>${PNOR_CMD}</arg>
</arguments>
<assign>
<var>${pnor_details}</var>
</assign>
<kw name="Execute Command" library="SSHLibrary">
<doc>Executes `command` on the remote machine and returns its outputs.</doc>
<arguments>
<arg>${command}</arg>
<arg>return_stderr=True</arg>
</arguments>
<assign>
<var>${stdout}</var>
<var>${stderr}</var>
</assign>
<msg timestamp="20170706 17:12:11.419" level="INFO">Executing command '/usr/sbin/pflash -r /tmp/out.txt -P VERSION; cat /tmp/out.txt'.</msg>
<msg timestamp="20170706 17:12:11.557" level="INFO">Command exited with return code 0.</msg>
<msg timestamp="20170706 17:12:11.557" level="INFO">${stdout} = Reading to "/tmp/out.txt" from 0x02820000..0x02821000 !
[                                                  ] 0%[==================================================] 100%
IBM-witherspoon-ibm-OP9_v1.17...</msg>
<msg timestamp="20170706 17:12:11.557" level="INFO">${stderr} = </msg>
<status endtime="20170706 17:12:11.557" status="PASS" starttime="20170706 17:12:11.418"></status>
</kw>
<kw name="Should Be Empty" library="BuiltIn">
<doc>Verifies that the given item is empty.</doc>
<arguments>
<arg>${stderr}</arg>
</arguments>
<msg timestamp="20170706 17:12:11.557" level="INFO">Length is 0</msg>
<status endtime="20170706 17:12:11.557" status="PASS" starttime="20170706 17:12:11.557"></status>
</kw>
<msg timestamp="20170706 17:12:11.558" level="INFO">${pnor_details} = Reading to "/tmp/out.txt" from 0x02820000..0x02821000 !
[                                                  ] 0%[==================================================] 100%
IBM-witherspoon-ibm-OP9_v1.17...</msg>
<status endtime="20170706 17:12:11.558" status="PASS" starttime="20170706 17:12:11.418"></status>
</kw>
<kw name="Log" library="BuiltIn">
<doc>Logs the given message with the given level.</doc>
<arguments>
<arg>PNOR_INFO=${pnor_details}</arg>
</arguments>
<msg timestamp="20170706 17:12:11.558" level="INFO">PNOR_INFO=Reading to "/tmp/out.txt" from 0x02820000..0x02821000 !
[                                                  ] 0%[==================================================] 100%
IBM-witherspoon-ibm-OP9_v1.17_1.46
	op-build-v1.17-101-g1c57f18-dirty
	buildroot-2017.02.2-7-g23118ce
	skiboot-5.6.0-158-ga1e0a047b2a0
	hostboot-0ffbb55
	linux-4.11.6-openpower1-p57dd16e
	petitboot-v1.4.3-pfac92ff
	machine-xml-5b59a1d
	occ-1dc97a6
	hostboot-binaries-711147e
	capp-ucode-9c73e9f
	sbe-0df81aa
</msg>
<status endtime="20170706 17:12:11.559" status="PASS" starttime="20170706 17:12:11.558"></status>
</kw>
<status endtime="20170706 17:12:11.559" status="PASS" starttime="20170706 17:12:11.418"></status>
</kw>
<status endtime="20170706 17:12:11.559" status="PASS" starttime="20170706 17:12:11.417"></status>
</kw>
<kw name="Run Keyword And Ignore Error" library="BuiltIn">
<doc>Runs the given keyword with the given arguments and ignores possible error.</doc>
<arguments>
<arg>Log BMC Model</arg>
</arguments>
<kw name="Log BMC Model">
<doc>Fetch BMC Model name from system and log.</doc>
<kw name="Get BMC System Model" library="utils">
<doc>Get the BMC model from the device tree.</doc>
<assign>
<var>${bmc_model}</var>
</assign>
<kw name="Open Connection And Log In" library="connection_client">
<doc>Opens a connection with the given arguments, and logs in.</doc>
<kw name="Run Keyword And Return Status" library="BuiltIn">
<doc>Runs the given keyword with given arguments and returns the status as a Boolean value.</doc>
<arguments>
<arg>Dictionary Should Contain Key</arg>
<arg>${connection_args}</arg>
<arg>host</arg>
</arguments>
<assign>
<var>${has_host}</var>
</assign>
<kw name="Dictionary Should Contain Key" library="Collections">
<doc>Fails if ``key`` is not found from ``dictionary``.</doc>
<arguments>
<arg>${connection_args}</arg>
<arg>host</arg>
</arguments>
<msg timestamp="20170706 17:12:11.562" level="FAIL">Dictionary does not contain key 'host'.</msg>
<status endtime="20170706 17:12:11.562" status="FAIL" starttime="20170706 17:12:11.561"></status>
</kw>
<msg timestamp="20170706 17:12:11.562" level="INFO">${has_host} = False</msg>
<status endtime="20170706 17:12:11.562" status="PASS" starttime="20170706 17:12:11.561"></status>
</kw>
<kw name="Run Keyword If" library="BuiltIn">
<doc>Runs the given keyword with the given arguments, if ``condition`` is true.</doc>
<arguments>
<arg>${has_host} == ${FALSE}</arg>
<arg>Set To Dictionary</arg>
<arg>${connection_args}</arg>
<arg>host=${OPENBMC_HOST}</arg>
</arguments>
<kw name="Set To Dictionary" library="Collections">
<doc>Adds the given ``key_value_pairs`` and ``items`` to the ``dictionary``.</doc>
<arguments>
<arg>${connection_args}</arg>
<arg>host=${OPENBMC_HOST}</arg>
</arguments>
<status endtime="20170706 17:12:11.563" status="PASS" starttime="20170706 17:12:11.563"></status>
</kw>
<status endtime="20170706 17:12:11.563" status="PASS" starttime="20170706 17:12:11.562"></status>
</kw>
<kw name="Run Keyword If" library="BuiltIn">
<doc>Runs the given keyword with the given arguments, if ``condition`` is true.</doc>
<arguments>
<arg>'${SSH_PORT}' != '${EMPTY}' and '${HTTPS_PORT}' != '${EMPTY}'</arg>
<arg>User input SSH and HTTPs Ports</arg>
</arguments>
<kw name="User input SSH and HTTPs Ports" library="connection_client">
<doc>Update the global SSH and HTTPs port variable for QEMU</doc>
<kw name="Convert To Integer" library="BuiltIn">
<doc>Converts the given item to an integer number.</doc>
<arguments>
<arg>${SSH_PORT}</arg>
</arguments>
<assign>
<var>${port_num}</var>
</assign>
<msg timestamp="20170706 17:12:11.564" level="INFO">${port_num} = 22</msg>
<status endtime="20170706 17:12:11.564" status="PASS" starttime="20170706 17:12:11.564"></status>
</kw>
<kw name="Replace Variables" library="BuiltIn">
<doc>Replaces variables in the given text with their current values.</doc>
<arguments>
<arg>${port_num}</arg>
</arguments>
<assign>
<var>${SSH_PORT}</var>
</assign>
<msg timestamp="20170706 17:12:11.565" level="INFO">${SSH_PORT} = 22</msg>
<status endtime="20170706 17:12:11.565" status="PASS" starttime="20170706 17:12:11.565"></status>
</kw>
<kw name="Convert To Integer" library="BuiltIn">
<doc>Converts the given item to an integer number.</doc>
<arguments>
<arg>${HTTPS_PORT}</arg>
</arguments>
<assign>
<var>${https_num}</var>
</assign>
<msg timestamp="20170706 17:12:11.565" level="INFO">${https_num} = 443</msg>
<status endtime="20170706 17:12:11.565" status="PASS" starttime="20170706 17:12:11.565"></status>
</kw>
<kw name="Set Global Variable" library="BuiltIn">
<doc>Makes a variable available globally in all tests and suites.</doc>
<arguments>
<arg>${AUTH_URI}</arg>
<arg>https://${OPENBMC_HOST}:${https_num}</arg>
</arguments>
<msg timestamp="20170706 17:12:11.566" level="INFO">${AUTH_URI} = https://9.3.21.61:443</msg>
<status endtime="20170706 17:12:11.566" status="PASS" starttime="20170706 17:12:11.566"></status>
</kw>
<status endtime="20170706 17:12:11.567" status="PASS" starttime="20170706 17:12:11.564"></status>
</kw>
<status endtime="20170706 17:12:11.567" status="PASS" starttime="20170706 17:12:11.563"></status>
</kw>
<kw name="Run Keyword And Return Status" library="BuiltIn">
<doc>Runs the given keyword with given arguments and returns the status as a Boolean value.</doc>
<arguments>
<arg>Dictionary Should Contain Key</arg>
<arg>${connection_args}</arg>
<arg>port</arg>
</arguments>
<assign>
<var>${has_port}</var>
</assign>
<kw name="Dictionary Should Contain Key" library="Collections">
<doc>Fails if ``key`` is not found from ``dictionary``.</doc>
<arguments>
<arg>${connection_args}</arg>
<arg>port</arg>
</arguments>
<msg timestamp="20170706 17:12:11.568" level="FAIL">Dictionary does not contain key 'port'.</msg>
<status endtime="20170706 17:12:11.568" status="FAIL" starttime="20170706 17:12:11.567"></status>
</kw>
<msg timestamp="20170706 17:12:11.568" level="INFO">${has_port} = False</msg>
<status endtime="20170706 17:12:11.568" status="PASS" starttime="20170706 17:12:11.567"></status>
</kw>
<kw name="Run Keyword If" library="BuiltIn">
<doc>Runs the given keyword with the given arguments, if ``condition`` is true.</doc>
<arguments>
<arg>'${SSH_PORT}' != '${EMPTY}' and ${has_port} == ${FALSE}</arg>
<arg>Run Keywords</arg>
<arg>Set To Dictionary</arg>
<arg>${connection_args}</arg>
<arg>port=${SSH_PORT}</arg>
<arg>AND</arg>
<arg>SSHLibrary.Open connection</arg>
<arg>&amp;{connection_args}</arg>
<arg>ELSE</arg>
<arg>Run Keyword</arg>
<arg>SSHLibrary.Open connection</arg>
<arg>&amp;{connection_args}</arg>
</arguments>
<kw name="Run Keywords" library="BuiltIn">
<doc>Executes all the given keywords in a sequence.</doc>
<arguments>
<arg>Set To Dictionary</arg>
<arg>${connection_args}</arg>
<arg>port=${SSH_PORT}</arg>
<arg>AND</arg>
<arg>SSHLibrary.Open connection</arg>
<arg>&amp;{connection_args}</arg>
</arguments>
<kw name="Set To Dictionary" library="Collections">
<doc>Adds the given ``key_value_pairs`` and ``items`` to the ``dictionary``.</doc>
<arguments>
<arg>${connection_args}</arg>
<arg>port=${SSH_PORT}</arg>
</arguments>
<status endtime="20170706 17:12:11.569" status="PASS" starttime="20170706 17:12:11.569"></status>
</kw>
<kw name="Open Connection" library="SSHLibrary">
<doc>Opens a new SSH connection to the given `host` and `port`.</doc>
<arguments>
<arg>&amp;{connection_args}</arg>
</arguments>
<status endtime="20170706 17:12:11.570" status="PASS" starttime="20170706 17:12:11.570"></status>
</kw>
<status endtime="20170706 17:12:11.570" status="PASS" starttime="20170706 17:12:11.569"></status>
</kw>
<status endtime="20170706 17:12:11.570" status="PASS" starttime="20170706 17:12:11.568"></status>
</kw>
<kw name="Login" library="SSHLibrary">
<doc>Logs into the SSH server with the given `username` and `password`.</doc>
<arguments>
<arg>${username}</arg>
<arg>${password}</arg>
</arguments>
<msg timestamp="20170706 17:12:11.570" level="INFO">Logging into '9.3.21.61:22' as 'root'.</msg>
<msg timestamp="20170706 17:12:13.281" level="INFO">Read output: root@witherspoon:~#</msg>
<status endtime="20170706 17:12:13.281" status="PASS" starttime="20170706 17:12:11.570"></status>
</kw>
<status endtime="20170706 17:12:13.281" status="PASS" starttime="20170706 17:12:11.560"></status>
</kw>
<kw name="Execute Command" library="SSHLibrary">
<doc>Executes `command` on the remote machine and returns its outputs.</doc>
<arguments>
<arg>cat ${devicetree_base} | cut -d " " -f 1</arg>
<arg>return_stderr=True</arg>
</arguments>
<assign>
<var>${bmc_model}</var>
<var>${stderr}</var>
</assign>
<msg timestamp="20170706 17:12:13.282" level="INFO">Executing command 'cat /sys/firmware/devicetree/base/model | cut -d " " -f 1'.</msg>
<msg timestamp="20170706 17:12:13.359" level="INFO">Command exited with return code 0.</msg>
<msg timestamp="20170706 17:12:13.360" level="INFO">${bmc_model} = Witherspoon</msg>
<msg timestamp="20170706 17:12:13.360" level="INFO">${stderr} = </msg>
<status endtime="20170706 17:12:13.360" status="PASS" starttime="20170706 17:12:13.281"></status>
</kw>
<kw name="Should Be Empty" library="BuiltIn">
<doc>Verifies that the given item is empty.</doc>
<arguments>
<arg>${stderr}</arg>
</arguments>
<msg timestamp="20170706 17:12:13.360" level="INFO">Length is 0</msg>
<status endtime="20170706 17:12:13.360" status="PASS" starttime="20170706 17:12:13.360"></status>
</kw>
<kw name="Should Not Be Empty" library="BuiltIn">
<doc>Verifies that the given item is not empty.</doc>
<arguments>
<arg>${bmc_model}</arg>
</arguments>
<msg timestamp="20170706 17:12:13.361" level="INFO">Length is 11</msg>
<status endtime="20170706 17:12:13.361" status="PASS" starttime="20170706 17:12:13.360"></status>
</kw>
<msg timestamp="20170706 17:12:13.361" level="INFO">${bmc_model} = Witherspoon</msg>
<status endtime="20170706 17:12:13.361" status="PASS" starttime="20170706 17:12:11.560"></status>
</kw>
<kw name="Log" library="BuiltIn">
<doc>Logs the given message with the given level.</doc>
<arguments>
<arg>BMC Model=${bmc_model}</arg>
</arguments>
<msg timestamp="20170706 17:12:13.361" level="INFO">BMC Model=Witherspoon</msg>
<status endtime="20170706 17:12:13.361" status="PASS" starttime="20170706 17:12:13.361"></status>
</kw>
<status endtime="20170706 17:12:13.362" status="PASS" starttime="20170706 17:12:11.560"></status>
</kw>
<status endtime="20170706 17:12:13.362" status="PASS" starttime="20170706 17:12:11.560"></status>
</kw>
<kw name="Run Keyword And Ignore Error" library="BuiltIn">
<doc>Runs the given keyword with the given arguments and ignores possible error.</doc>
<arguments>
<arg>Enable Core Dump On BMC</arg>
</arguments>
<kw name="Enable Core Dump On BMC" library="utils">
<doc>Enable core dump collection.</doc>
<kw name="Open Connection And Log In" library="connection_client">
<doc>Opens a connection with the given arguments, and logs in.</doc>
<kw name="Run Keyword And Return Status" library="BuiltIn">
<doc>Runs the given keyword with given arguments and returns the status as a Boolean value.</doc>
<arguments>
<arg>Dictionary Should Contain Key</arg>
<arg>${connection_args}</arg>
<arg>host</arg>
</arguments>
<assign>
<var>${has_host}</var>
</assign>
<kw name="Dictionary Should Contain Key" library="Collections">
<doc>Fails if ``key`` is not found from ``dictionary``.</doc>
<arguments>
<arg>${connection_args}</arg>
<arg>host</arg>
</arguments>
<msg timestamp="20170706 17:12:13.364" level="FAIL">Dictionary does not contain key 'host'.</msg>
<status endtime="20170706 17:12:13.364" status="FAIL" starttime="20170706 17:12:13.363"></status>
</kw>
<msg timestamp="20170706 17:12:13.364" level="INFO">${has_host} = False</msg>
<status endtime="20170706 17:12:13.364" status="PASS" starttime="20170706 17:12:13.363"></status>
</kw>
<kw name="Run Keyword If" library="BuiltIn">
<doc>Runs the given keyword with the given arguments, if ``condition`` is true.</doc>
<arguments>
<arg>${has_host} == ${FALSE}</arg>
<arg>Set To Dictionary</arg>
<arg>${connection_args}</arg>
<arg>host=${OPENBMC_HOST}</arg>
</arguments>
<kw name="Set To Dictionary" library="Collections">
<doc>Adds the given ``key_value_pairs`` and ``items`` to the ``dictionary``.</doc>
<arguments>
<arg>${connection_args}</arg>
<arg>host=${OPENBMC_HOST}</arg>
</arguments>
<status endtime="20170706 17:12:13.365" status="PASS" starttime="20170706 17:12:13.365"></status>
</kw>
<status endtime="20170706 17:12:13.365" status="PASS" starttime="20170706 17:12:13.364"></status>
</kw>
<kw name="Run Keyword If" library="BuiltIn">
<doc>Runs the given keyword with the given arguments, if ``condition`` is true.</doc>
<arguments>
<arg>'${SSH_PORT}' != '${EMPTY}' and '${HTTPS_PORT}' != '${EMPTY}'</arg>
<arg>User input SSH and HTTPs Ports</arg>
</arguments>
<kw name="User input SSH and HTTPs Ports" library="connection_client">
<doc>Update the global SSH and HTTPs port variable for QEMU</doc>
<kw name="Convert To Integer" library="BuiltIn">
<doc>Converts the given item to an integer number.</doc>
<arguments>
<arg>${SSH_PORT}</arg>
</arguments>
<assign>
<var>${port_num}</var>
</assign>
<msg timestamp="20170706 17:12:13.367" level="INFO">${port_num} = 22</msg>
<status endtime="20170706 17:12:13.367" status="PASS" starttime="20170706 17:12:13.366"></status>
</kw>
<kw name="Replace Variables" library="BuiltIn">
<doc>Replaces variables in the given text with their current values.</doc>
<arguments>
<arg>${port_num}</arg>
</arguments>
<assign>
<var>${SSH_PORT}</var>
</assign>
<msg timestamp="20170706 17:12:13.367" level="INFO">${SSH_PORT} = 22</msg>
<status endtime="20170706 17:12:13.367" status="PASS" starttime="20170706 17:12:13.367"></status>
</kw>
<kw name="Convert To Integer" library="BuiltIn">
<doc>Converts the given item to an integer number.</doc>
<arguments>
<arg>${HTTPS_PORT}</arg>
</arguments>
<assign>
<var>${https_num}</var>
</assign>
<msg timestamp="20170706 17:12:13.368" level="INFO">${https_num} = 443</msg>
<status endtime="20170706 17:12:13.368" status="PASS" starttime="20170706 17:12:13.368"></status>
</kw>
<kw name="Set Global Variable" library="BuiltIn">
<doc>Makes a variable available globally in all tests and suites.</doc>
<arguments>
<arg>${AUTH_URI}</arg>
<arg>https://${OPENBMC_HOST}:${https_num}</arg>
</arguments>
<msg timestamp="20170706 17:12:13.369" level="INFO">${AUTH_URI} = https://9.3.21.61:443</msg>
<status endtime="20170706 17:12:13.369" status="PASS" starttime="20170706 17:12:13.368"></status>
</kw>
<status endtime="20170706 17:12:13.369" status="PASS" starttime="20170706 17:12:13.366"></status>
</kw>
<status endtime="20170706 17:12:13.369" status="PASS" starttime="20170706 17:12:13.365"></status>
</kw>
<kw name="Run Keyword And Return Status" library="BuiltIn">
<doc>Runs the given keyword with given arguments and returns the status as a Boolean value.</doc>
<arguments>
<arg>Dictionary Should Contain Key</arg>
<arg>${connection_args}</arg>
<arg>port</arg>
</arguments>
<assign>
<var>${has_port}</var>
</assign>
<kw name="Dictionary Should Contain Key" library="Collections">
<doc>Fails if ``key`` is not found from ``dictionary``.</doc>
<arguments>
<arg>${connection_args}</arg>
<arg>port</arg>
</arguments>
<msg timestamp="20170706 17:12:13.370" level="FAIL">Dictionary does not contain key 'port'.</msg>
<status endtime="20170706 17:12:13.370" status="FAIL" starttime="20170706 17:12:13.369"></status>
</kw>
<msg timestamp="20170706 17:12:13.370" level="INFO">${has_port} = False</msg>
<status endtime="20170706 17:12:13.370" status="PASS" starttime="20170706 17:12:13.369"></status>
</kw>
<kw name="Run Keyword If" library="BuiltIn">
<doc>Runs the given keyword with the given arguments, if ``condition`` is true.</doc>
<arguments>
<arg>'${SSH_PORT}' != '${EMPTY}' and ${has_port} == ${FALSE}</arg>
<arg>Run Keywords</arg>
<arg>Set To Dictionary</arg>
<arg>${connection_args}</arg>
<arg>port=${SSH_PORT}</arg>
<arg>AND</arg>
<arg>SSHLibrary.Open connection</arg>
<arg>&amp;{connection_args}</arg>
<arg>ELSE</arg>
<arg>Run Keyword</arg>
<arg>SSHLibrary.Open connection</arg>
<arg>&amp;{connection_args}</arg>
</arguments>
<kw name="Run Keywords" library="BuiltIn">
<doc>Executes all the given keywords in a sequence.</doc>
<arguments>
<arg>Set To Dictionary</arg>
<arg>${connection_args}</arg>
<arg>port=${SSH_PORT}</arg>
<arg>AND</arg>
<arg>SSHLibrary.Open connection</arg>
<arg>&amp;{connection_args}</arg>
</arguments>
<kw name="Set To Dictionary" library="Collections">
<doc>Adds the given ``key_value_pairs`` and ``items`` to the ``dictionary``.</doc>
<arguments>
<arg>${connection_args}</arg>
<arg>port=${SSH_PORT}</arg>
</arguments>
<status endtime="20170706 17:12:13.371" status="PASS" starttime="20170706 17:12:13.371"></status>
</kw>
<kw name="Open Connection" library="SSHLibrary">
<doc>Opens a new SSH connection to the given `host` and `port`.</doc>
<arguments>
<arg>&amp;{connection_args}</arg>
</arguments>
<status endtime="20170706 17:12:13.372" status="PASS" starttime="20170706 17:12:13.372"></status>
</kw>
<status endtime="20170706 17:12:13.372" status="PASS" starttime="20170706 17:12:13.371"></status>
</kw>
<status endtime="20170706 17:12:13.372" status="PASS" starttime="20170706 17:12:13.370"></status>
</kw>
<kw name="Login" library="SSHLibrary">
<doc>Logs into the SSH server with the given `username` and `password`.</doc>
<arguments>
<arg>${username}</arg>
<arg>${password}</arg>
</arguments>
<msg timestamp="20170706 17:12:13.373" level="INFO">Logging into '9.3.21.61:22' as 'root'.</msg>
<msg timestamp="20170706 17:12:15.183" level="INFO">Read output: root@witherspoon:~#</msg>
<status endtime="20170706 17:12:15.183" status="PASS" starttime="20170706 17:12:13.372"></status>
</kw>
<status endtime="20170706 17:12:15.183" status="PASS" starttime="20170706 17:12:13.362"></status>
</kw>
<kw name="Execute Command On BMC" library="utils">
<doc>Execute given command on BMC and return output.</doc>
<arguments>
<arg>echo '/tmp/core_%e.%p' | tee /proc/sys/kernel/core_pattern</arg>
</arguments>
<assign>
<var>${core_pattern}</var>
</assign>
<kw name="Execute Command" library="SSHLibrary">
<doc>Executes `command` on the remote machine and returns its outputs.</doc>
<arguments>
<arg>${command}</arg>
<arg>return_stderr=True</arg>
</arguments>
<assign>
<var>${stdout}</var>
<var>${stderr}</var>
</assign>
<msg timestamp="20170706 17:12:15.184" level="INFO">Executing command 'echo '/tmp/core_%e.%p' | tee /proc/sys/kernel/core_pattern'.</msg>
<msg timestamp="20170706 17:12:15.261" level="INFO">Command exited with return code 0.</msg>
<msg timestamp="20170706 17:12:15.261" level="INFO">${stdout} = /tmp/core_%e.%p</msg>
<msg timestamp="20170706 17:12:15.261" level="INFO">${stderr} = </msg>
<status endtime="20170706 17:12:15.261" status="PASS" starttime="20170706 17:12:15.184"></status>
</kw>
<kw name="Should Be Empty" library="BuiltIn">
<doc>Verifies that the given item is empty.</doc>
<arguments>
<arg>${stderr}</arg>
</arguments>
<msg timestamp="20170706 17:12:15.262" level="INFO">Length is 0</msg>
<status endtime="20170706 17:12:15.262" status="PASS" starttime="20170706 17:12:15.262"></status>
</kw>
<msg timestamp="20170706 17:12:15.262" level="INFO">${core_pattern} = /tmp/core_%e.%p</msg>
<status endtime="20170706 17:12:15.262" status="PASS" starttime="20170706 17:12:15.183"></status>
</kw>
<kw name="Should Be Equal As Strings" library="BuiltIn">
<doc>Fails if objects are unequal after converting them to strings.</doc>
<arguments>
<arg>${core_pattern}</arg>
<arg>/tmp/core_%e.%p</arg>
</arguments>
<status endtime="20170706 17:12:15.263" status="PASS" starttime="20170706 17:12:15.263"></status>
</kw>
<status endtime="20170706 17:12:15.263" status="PASS" starttime="20170706 17:12:13.362"></status>
</kw>
<status endtime="20170706 17:12:15.263" status="PASS" starttime="20170706 17:12:13.362"></status>
</kw>
<kw name="Run Keyword If" library="BuiltIn">
<doc>Runs the given keyword with the given arguments, if ``condition`` is true.</doc>
<arguments>
<arg>'${DEBUG_TARBALL_PATH}' != '${EMPTY}'</arg>
<arg>Run Keyword And Ignore Error</arg>
<arg>Install Debug Tarball On BMC</arg>
<arg>${DEBUG_TARBALL_PATH}</arg>
</arguments>
<status endtime="20170706 17:12:15.264" status="PASS" starttime="20170706 17:12:15.264"></status>
</kw>
<status endtime="20170706 17:12:15.264" status="PASS" starttime="20170706 17:12:09.488"></status>
</kw>
<suite id="s1-s1" source="/tmp/fspcibld/13340/obmc-robot/tests/security" name="Security">
<suite id="s1-s1-s1" source="/tmp/fspcibld/13340/obmc-robot/tests/security/test_ssl.robot" name="Test Ssl">
<test id="s1-s1-s1-t1" name="Test SSL Connection">
<kw name="Initialize OpenBMC" library="rest_client">
<kw name="Wait Until Keyword Succeeds" library="BuiltIn">
<doc>Runs the specified keyword and retries if it fails.</doc>
<arguments>
<arg>40 sec</arg>
<arg>20 sec</arg>
<arg>Post Login Request</arg>
<arg>${timeout}</arg>
<arg>${quiet}</arg>
</arguments>
<kw name="Post Login Request" library="rest_client">
<arguments>
<arg>${timeout}</arg>
<arg>${quiet}</arg>
</arguments>
<kw name="Create Session" library="RequestsLibrary.RequestsKeywords">
<doc>Create Session: create a HTTP session to a server</doc>
<arguments>
<arg>openbmc</arg>
<arg>${AUTH_URI}</arg>
<arg>timeout=${timeout}</arg>
<arg>max_retries=3</arg>
</arguments>
<msg timestamp="20170706 17:12:15.347" level="INFO">Creating Session using : alias=openbmc, url=https://9.3.21.61:443, headers={},                     cookies=None, auth=None, timeout=20, proxies=None, verify=False,                     debug=0 </msg>
<status endtime="20170706 17:12:15.348" status="PASS" starttime="20170706 17:12:15.347"></status>
</kw>
<kw name="Create Dictionary" library="BuiltIn">
<doc>Creates and returns a dictionary based on the given ``items``.</doc>
<arguments>
<arg>Content-Type=application/json</arg>
</arguments>
<assign>
<var>${headers}</var>
</assign>
<msg timestamp="20170706 17:12:15.348" level="INFO">${headers} = {u'Content-Type': u'application/json'}</msg>
<status endtime="20170706 17:12:15.349" status="PASS" starttime="20170706 17:12:15.348"></status>
</kw>
<kw name="Create List" library="BuiltIn">
<doc>Returns a list containing given items.</doc>
<arguments>
<arg>${OPENBMC_USERNAME}</arg>
<arg>${OPENBMC_PASSWORD}</arg>
</arguments>
<assign>
<var>@{credentials}</var>
</assign>
<msg timestamp="20170706 17:12:15.349" level="INFO">@{credentials} = [ root | 0penBmc ]</msg>
<status endtime="20170706 17:12:15.349" status="PASS" starttime="20170706 17:12:15.349"></status>
</kw>
<kw name="Create Dictionary" library="BuiltIn">
<doc>Creates and returns a dictionary based on the given ``items``.</doc>
<arguments>
<arg>data=@{credentials}</arg>
</arguments>
<assign>
<var>${data}</var>
</assign>
<msg timestamp="20170706 17:12:15.350" level="INFO">${data} = {u'data': [u'root', u'0penBmc']}</msg>
<status endtime="20170706 17:12:15.350" status="PASS" starttime="20170706 17:12:15.349"></status>
</kw>
<kw name="Run Keyword And Ignore Error" library="BuiltIn">
<doc>Runs the given keyword with the given arguments and ignores possible error.</doc>
<arguments>
<arg>Post Request</arg>
<arg>openbmc</arg>
<arg>/login</arg>
<arg>data=${data}</arg>
<arg>headers=${headers}</arg>
</arguments>
<assign>
<var>${status}</var>
<var>${resp}</var>
</assign>
<kw name="Post Request" library="RequestsLibrary.RequestsKeywords">
<doc>Send a POST request on the session object found using the</doc>
<arguments>
<arg>openbmc</arg>
<arg>/login</arg>
<arg>data=${data}</arg>
<arg>headers=${headers}</arg>
</arguments>
<msg timestamp="20170706 17:12:15.545" level="INFO">Post Request using : alias=openbmc, uri=/login, data={"data": ["root", "0penBmc"]}, headers={u'Content-Type': u'application/json'}, files=None, allow_redirects=True </msg>
<status endtime="20170706 17:12:15.545" status="PASS" starttime="20170706 17:12:15.350"></status>
</kw>
<msg timestamp="20170706 17:12:15.545" level="INFO">${status} = PASS</msg>
<msg timestamp="20170706 17:12:15.545" level="INFO">${resp} = &lt;Response [200]&gt;</msg>
<status endtime="20170706 17:12:15.545" status="PASS" starttime="20170706 17:12:15.350"></status>
</kw>
<kw name="Should Be Equal" library="BuiltIn">
<doc>Fails if the given objects are unequal.</doc>
<arguments>
<arg>${status}</arg>
<arg>PASS</arg>
<arg>msg=${resp}</arg>
</arguments>
<msg timestamp="20170706 17:12:15.546" level="INFO">Argument types are:
&lt;type 'str'&gt;
&lt;type 'unicode'&gt;</msg>
<status endtime="20170706 17:12:15.546" status="PASS" starttime="20170706 17:12:15.545"></status>
</kw>
<kw name="Should Be Equal As Strings" library="BuiltIn">
<doc>Fails if objects are unequal after converting them to strings.</doc>
<arguments>
<arg>${resp.status_code}</arg>
<arg>${HTTP_OK}</arg>
</arguments>
<msg timestamp="20170706 17:12:15.546" level="INFO">Argument types are:
&lt;type 'int'&gt;
&lt;type 'unicode'&gt;</msg>
<status endtime="20170706 17:12:15.547" status="PASS" starttime="20170706 17:12:15.546"></status>
</kw>
<status endtime="20170706 17:12:15.547" status="PASS" starttime="20170706 17:12:15.346"></status>
</kw>
<status endtime="20170706 17:12:15.547" status="PASS" starttime="20170706 17:12:15.346"></status>
</kw>
<status endtime="20170706 17:12:15.547" status="PASS" starttime="20170706 17:12:15.345"></status>
</kw>
<kw name="FFDC On Test Case Fail" type="teardown" library="openbmc_ffdc">
<doc>Generic FFDC entry point. Place holder to hook in</doc>
<kw name="Is Host Quiesced" library="state_manager">
<doc>Check if host state is quiesced.</doc>
<assign>
<var>${status}</var>
</assign>
<kw name="Get Host State" library="state_manager">
<doc>Return the state of the host as a string.</doc>
<assign>
<var>${host_state}</var>
</assign>
<kw name="Read Attribute" library="rest_client">
<arguments>
<arg>${HOST_STATE_URI}</arg>
<arg>CurrentHostState</arg>
<arg>quiet=${quiet}</arg>
</arguments>
<assign>
<var>${state}</var>
</assign>
<kw name="OpenBMC Get Request" library="rest_client">
<arguments>
<arg>${uri}/attr/${attr}</arg>
<arg>timeout=${timeout}</arg>
<arg>quiet=${quiet}</arg>
</arguments>
<assign>
<var>${resp}</var>
</assign>
<kw name="Initialize OpenBMC" library="rest_client">
<arguments>
<arg>${timeout}</arg>
<arg>quiet=${quiet}</arg>
</arguments>
<kw name="Wait Until Keyword Succeeds" library="BuiltIn">
<doc>Runs the specified keyword and retries if it fails.</doc>
<arguments>
<arg>40 sec</arg>
<arg>20 sec</arg>
<arg>Post Login Request</arg>
<arg>${timeout}</arg>
<arg>${quiet}</arg>
</arguments>
<kw name="Post Login Request" library="rest_client">
<arguments>
<arg>${timeout}</arg>
<arg>${quiet}</arg>
</arguments>
<kw name="Create Session" library="RequestsLibrary.RequestsKeywords">
<doc>Create Session: create a HTTP session to a server</doc>
<arguments>
<arg>openbmc</arg>
<arg>${AUTH_URI}</arg>
<arg>timeout=${timeout}</arg>
<arg>max_retries=3</arg>
</arguments>
<msg timestamp="20170706 17:12:15.551" level="INFO">Creating Session using : alias=openbmc, url=https://9.3.21.61:443, headers={},                     cookies=None, auth=None, timeout=10, proxies=None, verify=False,                     debug=0 </msg>
<status endtime="20170706 17:12:15.552" status="PASS" starttime="20170706 17:12:15.551"></status>
</kw>
<kw name="Create Dictionary" library="BuiltIn">
<doc>Creates and returns a dictionary based on the given ``items``.</doc>
<arguments>
<arg>Content-Type=application/json</arg>
</arguments>
<assign>
<var>${headers}</var>
</assign>
<msg timestamp="20170706 17:12:15.552" level="INFO">${headers} = {u'Content-Type': u'application/json'}</msg>
<status endtime="20170706 17:12:15.553" status="PASS" starttime="20170706 17:12:15.552"></status>
</kw>
<kw name="Create List" library="BuiltIn">
<doc>Returns a list containing given items.</doc>
<arguments>
<arg>${OPENBMC_USERNAME}</arg>
<arg>${OPENBMC_PASSWORD}</arg>
</arguments>
<assign>
<var>@{credentials}</var>
</assign>
<msg timestamp="20170706 17:12:15.553" level="INFO">@{credentials} = [ root | 0penBmc ]</msg>
<status endtime="20170706 17:12:15.553" status="PASS" starttime="20170706 17:12:15.553"></status>
</kw>
<kw name="Create Dictionary" library="BuiltIn">
<doc>Creates and returns a dictionary based on the given ``items``.</doc>
<arguments>
<arg>data=@{credentials}</arg>
</arguments>
<assign>
<var>${data}</var>
</assign>
<msg timestamp="20170706 17:12:15.554" level="INFO">${data} = {u'data': [u'root', u'0penBmc']}</msg>
<status endtime="20170706 17:12:15.554" status="PASS" starttime="20170706 17:12:15.553"></status>
</kw>
<kw name="Run Keyword And Ignore Error" library="BuiltIn">
<doc>Runs the given keyword with the given arguments and ignores possible error.</doc>
<arguments>
<arg>Post Request</arg>
<arg>openbmc</arg>
<arg>/login</arg>
<arg>data=${data}</arg>
<arg>headers=${headers}</arg>
</arguments>
<assign>
<var>${status}</var>
<var>${resp}</var>
</assign>
<kw name="Post Request" library="RequestsLibrary.RequestsKeywords">
<doc>Send a POST request on the session object found using the</doc>
<arguments>
<arg>openbmc</arg>
<arg>/login</arg>
<arg>data=${data}</arg>
<arg>headers=${headers}</arg>
</arguments>
<msg timestamp="20170706 17:12:15.802" level="INFO">Post Request using : alias=openbmc, uri=/login, data={"data": ["root", "0penBmc"]}, headers={u'Content-Type': u'application/json'}, files=None, allow_redirects=True </msg>
<status endtime="20170706 17:12:15.802" status="PASS" starttime="20170706 17:12:15.554"></status>
</kw>
<msg timestamp="20170706 17:12:15.802" level="INFO">${status} = PASS</msg>
<msg timestamp="20170706 17:12:15.803" level="INFO">${resp} = &lt;Response [200]&gt;</msg>
<status endtime="20170706 17:12:15.803" status="PASS" starttime="20170706 17:12:15.554"></status>
</kw>
<kw name="Should Be Equal" library="BuiltIn">
<doc>Fails if the given objects are unequal.</doc>
<arguments>
<arg>${status}</arg>
<arg>PASS</arg>
<arg>msg=${resp}</arg>
</arguments>
<msg timestamp="20170706 17:12:15.803" level="INFO">Argument types are:
&lt;type 'str'&gt;
&lt;type 'unicode'&gt;</msg>
<status endtime="20170706 17:12:15.803" status="PASS" starttime="20170706 17:12:15.803"></status>
</kw>
<kw name="Should Be Equal As Strings" library="BuiltIn">
<doc>Fails if objects are unequal after converting them to strings.</doc>
<arguments>
<arg>${resp.status_code}</arg>
<arg>${HTTP_OK}</arg>
</arguments>
<msg timestamp="20170706 17:12:15.804" level="INFO">Argument types are:
&lt;type 'int'&gt;
&lt;type 'unicode'&gt;</msg>
<status endtime="20170706 17:12:15.804" status="PASS" starttime="20170706 17:12:15.804"></status>
</kw>
<status endtime="20170706 17:12:15.804" status="PASS" starttime="20170706 17:12:15.550"></status>
</kw>
<status endtime="20170706 17:12:15.804" status="PASS" starttime="20170706 17:12:15.550"></status>
</kw>
<status endtime="20170706 17:12:15.804" status="PASS" starttime="20170706 17:12:15.550"></status>
</kw>
<kw name="Catenate" library="BuiltIn">
<doc>Catenates the given items together and returns the resulted string.</doc>
<arguments>
<arg>SEPARATOR=</arg>
<arg>${DBUS_PREFIX}</arg>
<arg>${uri}</arg>
</arguments>
<assign>
<var>${base_uri}</var>
</assign>
<msg timestamp="20170706 17:12:15.805" level="INFO">${base_uri} = /xyz/openbmc_project/state/host0//attr/CurrentHostState</msg>
<status endtime="20170706 17:12:15.805" status="PASS" starttime="20170706 17:12:15.805"></status>
</kw>
<kw name="Run Keyword If" library="BuiltIn">
<doc>Runs the given keyword with the given arguments, if ``condition`` is true.</doc>
<arguments>
<arg>'${quiet}' == '${0}'</arg>
<arg>Log Request</arg>
<arg>method=Get</arg>
<arg>base_uri=${base_uri}</arg>
<arg>args=&amp;{kwargs}</arg>
</arguments>
<kw name="Log Request" library="rest_client">
<arguments>
<arg>method=Get</arg>
<arg>base_uri=${base_uri}</arg>
<arg>args=&amp;{kwargs}</arg>
</arguments>
<kw name="Catenate" library="BuiltIn">
<doc>Catenates the given items together and returns the resulted string.</doc>
<arguments>
<arg>SEPARATOR=</arg>
<arg>URI:</arg>
<arg>${AUTH_URI}</arg>
<arg>${kwargs["base_uri"]}</arg>
<arg>, method:</arg>
<arg>${kwargs["method"]}</arg>
<arg>, args:</arg>
<arg>${kwargs["args"]}</arg>
</arguments>
<assign>
<var>${msg}</var>
</assign>
<msg timestamp="20170706 17:12:15.807" level="INFO">${msg} = URI:https://9.3.21.61:443/xyz/openbmc_project/state/host0//attr/CurrentHostState, method:Get, args:{}</msg>
<status endtime="20170706 17:12:15.807" status="PASS" starttime="20170706 17:12:15.806"></status>
</kw>
<kw name="Logging" library="rest_client">
<arguments>
<arg>${msg}</arg>
<arg>console=True</arg>
</arguments>
<kw name="Log" library="BuiltIn">
<doc>Logs the given message with the given level.</doc>
<arguments>
<arg>${msg}</arg>
<arg>console=True</arg>
</arguments>
<msg timestamp="20170706 17:12:15.808" level="INFO">URI:https://9.3.21.61:443/xyz/openbmc_project/state/host0//attr/CurrentHostState, method:Get, args:{}</msg>
<status endtime="20170706 17:12:15.808" status="PASS" starttime="20170706 17:12:15.808"></status>
</kw>
<status endtime="20170706 17:12:15.808" status="PASS" starttime="20170706 17:12:15.807"></status>
</kw>
<status endtime="20170706 17:12:15.808" status="PASS" starttime="20170706 17:12:15.806"></status>
</kw>
<status endtime="20170706 17:12:15.808" status="PASS" starttime="20170706 17:12:15.805"></status>
</kw>
<kw name="Get Request" library="RequestsLibrary.RequestsKeywords">
<doc>Send a GET request on the session object found using the</doc>
<arguments>
<arg>openbmc</arg>
<arg>${base_uri}</arg>
<arg>&amp;{kwargs}</arg>
<arg>timeout=${timeout}</arg>
</arguments>
<assign>
<var>${ret}</var>
</assign>
<msg timestamp="20170706 17:12:15.937" level="INFO">Get Request using : alias=openbmc, uri=/xyz/openbmc_project/state/host0//attr/CurrentHostState, headers=None json=None</msg>
<msg timestamp="20170706 17:12:15.937" level="INFO">${ret} = &lt;Response [200]&gt;</msg>
<status endtime="20170706 17:12:15.937" status="PASS" starttime="20170706 17:12:15.809"></status>
</kw>
<kw name="Run Keyword If" library="BuiltIn">
<doc>Runs the given keyword with the given arguments, if ``condition`` is true.</doc>
<arguments>
<arg>'${quiet}' == '${0}'</arg>
<arg>Log Response</arg>
<arg>${ret}</arg>
</arguments>
<kw name="Log Response" library="rest_client">
<arguments>
<arg>${ret}</arg>
</arguments>
<kw name="Catenate" library="BuiltIn">
<doc>Catenates the given items together and returns the resulted string.</doc>
<arguments>
<arg>SEPARATOR=</arg>
<arg>Response code:</arg>
<arg>${resp.status_code}</arg>
<arg>, Content:</arg>
<arg>${resp.content}</arg>
</arguments>
<assign>
<var>${msg}</var>
</assign>
<msg timestamp="20170706 17:12:15.939" level="INFO">${msg} = Response code:200, Content:{
  "data": "xyz.openbmc_project.State.Host.HostState.Running", 
  "message": "200 OK", 
  "status": "ok"
}</msg>
<status endtime="20170706 17:12:15.939" status="PASS" starttime="20170706 17:12:15.938"></status>
</kw>
<kw name="Logging" library="rest_client">
<arguments>
<arg>${msg}</arg>
<arg>console=True</arg>
</arguments>
<kw name="Log" library="BuiltIn">
<doc>Logs the given message with the given level.</doc>
<arguments>
<arg>${msg}</arg>
<arg>console=True</arg>
</arguments>
<msg timestamp="20170706 17:12:15.940" level="INFO">Response code:200, Content:{
  "data": "xyz.openbmc_project.State.Host.HostState.Running", 
  "message": "200 OK", 
  "status": "ok"
}</msg>
<status endtime="20170706 17:12:15.940" status="PASS" starttime="20170706 17:12:15.939"></status>
</kw>
<status endtime="20170706 17:12:15.940" status="PASS" starttime="20170706 17:12:15.939"></status>
</kw>
<status endtime="20170706 17:12:15.940" status="PASS" starttime="20170706 17:12:15.937"></status>
</kw>
<status endtime="20170706 17:12:15.940" status="PASS" starttime="20170706 17:12:15.937"></status>
</kw>
<msg timestamp="20170706 17:12:15.940" level="INFO">${resp} = &lt;Response [200]&gt;</msg>
<status endtime="20170706 17:12:15.940" status="PASS" starttime="20170706 17:12:15.549"></status>
</kw>
<kw name="Should Be Equal As Strings" library="BuiltIn">
<doc>Fails if objects are unequal after converting them to strings.</doc>
<arguments>
<arg>${resp.status_code}</arg>
<arg>${HTTP_OK}</arg>
</arguments>
<msg timestamp="20170706 17:12:15.941" level="INFO">Argument types are:
&lt;type 'int'&gt;
&lt;type 'unicode'&gt;</msg>
<status endtime="20170706 17:12:15.941" status="PASS" starttime="20170706 17:12:15.941"></status>
</kw>
<kw name="To Json" library="RequestsLibrary.RequestsKeywords">
<doc>Convert a string to a JSON object</doc>
<arguments>
<arg>${resp.content}</arg>
</arguments>
<assign>
<var>${content}</var>
</assign>
<msg timestamp="20170706 17:12:15.942" level="INFO">To JSON using : content={
  "data": "xyz.openbmc_project.State.Host.HostState.Running", 
  "message": "200 OK", 
  "status": "ok"
} </msg>
<msg timestamp="20170706 17:12:15.942" level="INFO">To JSON using : pretty_print=False </msg>
<msg timestamp="20170706 17:12:15.942" level="INFO">${content} = {u'status': u'ok', u'message': u'200 OK', u'data': u'xyz.openbmc_project.State.Host.HostState.Running'}</msg>
<status endtime="20170706 17:12:15.942" status="PASS" starttime="20170706 17:12:15.941"></status>
</kw>
<msg timestamp="20170706 17:12:15.942" level="INFO">${state} = xyz.openbmc_project.State.Host.HostState.Running</msg>
<status endtime="20170706 17:12:15.942" status="PASS" starttime="20170706 17:12:15.548"></status>
</kw>
<msg timestamp="20170706 17:12:15.942" level="INFO">${host_state} = Running</msg>
<status endtime="20170706 17:12:15.942" status="PASS" starttime="20170706 17:12:15.548"></status>
</kw>
<kw name="Run Keyword And Return Status" library="BuiltIn">
<doc>Runs the given keyword with given arguments and returns the status as a Boolean value.</doc>
<arguments>
<arg>Should Be Equal</arg>
<arg>${host_state}</arg>
<arg>Quiesced</arg>
</arguments>
<assign>
<var>${status}</var>
</assign>
<kw name="Should Be Equal" library="BuiltIn">
<doc>Fails if the given objects are unequal.</doc>
<arguments>
<arg>${host_state}</arg>
<arg>Quiesced</arg>
</arguments>
<msg timestamp="20170706 17:12:15.943" level="FAIL">Running != Quiesced</msg>
<status endtime="20170706 17:12:15.944" status="FAIL" starttime="20170706 17:12:15.943"></status>
</kw>
<msg timestamp="20170706 17:12:15.944" level="INFO">${status} = False</msg>
<status endtime="20170706 17:12:15.944" status="PASS" starttime="20170706 17:12:15.943"></status>
</kw>
<msg timestamp="20170706 17:12:15.944" level="INFO">${status} = False</msg>
<status endtime="20170706 17:12:15.944" status="PASS" starttime="20170706 17:12:15.548"></status>
</kw>
<kw name="Run Keyword If" library="BuiltIn">
<doc>Runs the given keyword with the given arguments, if ``condition`` is true.</doc>
<arguments>
<arg>'${TEST_STATUS}' == 'FAIL' or '${status}'=='True'</arg>
<arg>FFDC</arg>
</arguments>
<status endtime="20170706 17:12:15.945" status="PASS" starttime="20170706 17:12:15.944"></status>
</kw>
<kw name="Run Keyword If" library="BuiltIn">
<doc>Runs the given keyword with the given arguments, if ``condition`` is true.</doc>
<arguments>
<arg>'${status}'=='True'</arg>
<arg>Recover Quiesced Host</arg>
</arguments>
<status endtime="20170706 17:12:15.945" status="PASS" starttime="20170706 17:12:15.945"></status>
</kw>
<kw name="Log Test Case Status" library="openbmc_ffdc_methods">
<doc>Test case execution result history.</doc>
<kw name="Get Variable Value" library="BuiltIn">
<doc>Returns variable value or ``default`` if the variable does not exist.</doc>
<arguments>
<arg>${FFDC_DIR_PATH_STYLE}</arg>
<arg>${EMPTY}</arg>
</arguments>
<assign>
<var>${FFDC_DIR_PATH_STYLE}</var>
</assign>
<msg timestamp="20170706 17:12:15.953" level="INFO">${FFDC_DIR_PATH_STYLE} = </msg>
<status endtime="20170706 17:12:15.953" status="PASS" starttime="20170706 17:12:15.946"></status>
</kw>
<kw name="Get Variable Value" library="BuiltIn">
<doc>Returns variable value or ``default`` if the variable does not exist.</doc>
<arguments>
<arg>${FFDC_DIR_PATH}</arg>
<arg>${EMPTY}</arg>
</arguments>
<assign>
<var>${FFDC_DIR_PATH}</var>
</assign>
<msg timestamp="20170706 17:12:15.962" level="INFO">${FFDC_DIR_PATH} = </msg>
<status endtime="20170706 17:12:15.962" status="PASS" starttime="20170706 17:12:15.954"></status>
</kw>
<kw name="Run Keyword If" library="BuiltIn">
<doc>Runs the given keyword with the given arguments, if ``condition`` is true.</doc>
<arguments>
<arg>'${FFDC_DIR_PATH}' == '${EMPTY}'</arg>
<arg>Set FFDC Defaults</arg>
</arguments>
<kw name="Set Ffdc Defaults" library="openbmc_ffdc">
<doc>Set a default value for ffdc_dir_path and ffdc_prefix if they don't</doc>
<kw name="Get Current Time Stamp" library="openbmc_ffdc_utils">
<doc>Get the current time stamp data</doc>
<kw name="Get Current Date" library="DateTime">
<doc>Returns current local or UTC time with an optional increment.</doc>
<arguments>
<arg>result_format=%Y-%m-%d %H:%M:%S:%f</arg>
</arguments>
<assign>
<var>${cur_time}</var>
</assign>
<msg timestamp="20170706 17:12:15.963" level="INFO">${cur_time} = 2017-07-06 17:12:15:963269</msg>
<status endtime="20170706 17:12:15.964" status="PASS" starttime="20170706 17:12:15.963"></status>
</kw>
<kw name="Get Strip String" library="openbmc_ffdc_list">
<doc>########################################################################</doc>
<arguments>
<arg>${cur_time}</arg>
</arguments>
<assign>
<var>${cur_time}</var>
</assign>
<msg timestamp="20170706 17:12:15.964" level="INFO">${cur_time} = 20170706171215963269</msg>
<status endtime="20170706 17:12:15.964" status="PASS" starttime="20170706 17:12:15.964"></status>
</kw>
<status endtime="20170706 17:12:15.964" status="PASS" starttime="20170706 17:12:15.963"></status>
</kw>
<msg timestamp="20170706 17:12:15.970" level="INFO">${FFDC_TIME} = 20170706171215963269</msg>
<kw name="Get Test Dir and Name" library="openbmc_ffdc_utils">
<doc>SUITE_NAME and TEST_NAME are automatic variables</doc>
<kw name="Get Strip String" library="openbmc_ffdc_list">
<doc>########################################################################</doc>
<arguments>
<arg>${SUITE_NAME}</arg>
</arguments>
<assign>
<var>${suite_name}</var>
</assign>
<msg timestamp="20170706 17:12:15.971" level="INFO">${suite_name} = TestsSecurityTestSsl</msg>
<status endtime="20170706 17:12:15.971" status="PASS" starttime="20170706 17:12:15.970"></status>
</kw>
<kw name="Catenate" library="BuiltIn">
<doc>Catenates the given items together and returns the resulted string.</doc>
<arguments>
<arg>SEPARATOR=</arg>
<arg>${FFDC_TIME}_</arg>
<arg>${suite_name}</arg>
</arguments>
<assign>
<var>${suite_name}</var>
</assign>
<msg timestamp="20170706 17:12:15.971" level="INFO">${suite_name} = 20170706171215963269_TestsSecurityTestSsl</msg>
<status endtime="20170706 17:12:15.971" status="PASS" starttime="20170706 17:12:15.971"></status>
</kw>
<kw name="Get Strip String" library="openbmc_ffdc_list">
<doc>########################################################################</doc>
<arguments>
<arg>${TEST_NAME}</arg>
</arguments>
<assign>
<var>${test_name}</var>
</assign>
<msg timestamp="20170706 17:12:15.972" level="INFO">${test_name} = TestSSLConnection</msg>
<status endtime="20170706 17:12:15.972" status="PASS" starttime="20170706 17:12:15.972"></status>
</kw>
<kw name="Catenate" library="BuiltIn">
<doc>Catenates the given items together and returns the resulted string.</doc>
<arguments>
<arg>SEPARATOR=</arg>
<arg>${FFDC_TIME}_</arg>
<arg>${test_name}</arg>
</arguments>
<assign>
<var>${test_name}</var>
</assign>
<msg timestamp="20170706 17:12:15.972" level="INFO">${test_name} = 20170706171215963269_TestSSLConnection</msg>
<status endtime="20170706 17:12:15.973" status="PASS" starttime="20170706 17:12:15.972"></status>
</kw>
<status endtime="20170706 17:12:15.973" status="PASS" starttime="20170706 17:12:15.970"></status>
</kw>
<msg timestamp="20170706 17:12:15.973" level="INFO">${FFDC_DIR_PATH} = /tmp/fspcibld/13340/obmc-robot/logs/20170706171215963269_TestsSecurityTestSsl/20170706171215963269_TestSSLConnection/</msg>
<msg timestamp="20170706 17:12:15.977" level="INFO">${FFDC_PREFIX} = 20170706171215963269_</msg>
<status endtime="20170706 17:12:15.977" status="PASS" starttime="20170706 17:12:15.962"></status>
</kw>
<status endtime="20170706 17:12:15.977" status="PASS" starttime="20170706 17:12:15.962"></status>
</kw>
<kw name="Run Keyword If" library="BuiltIn">
<doc>Runs the given keyword with the given arguments, if ``condition`` is true.</doc>
<arguments>
<arg>'${FFDC_DIR_PATH_STYLE}' == '${1}'</arg>
<arg>Run Keywords</arg>
<arg>Set Global Variable</arg>
<arg>${FFDC_LOG_PATH}</arg>
<arg>${FFDC_DIR_PATH}</arg>
<arg>AND</arg>
<arg>Set Global Variable</arg>
<arg>${TEST_HISTORY}</arg>
<arg>${FFDC_DIR_PATH}test_history.txt</arg>
</arguments>
<status endtime="20170706 17:12:15.978" status="PASS" starttime="20170706 17:12:15.978"></status>
</kw>
<kw name="Create Directory" library="OperatingSystem">
<doc>Creates the specified directory.</doc>
<arguments>
<arg>${FFDC_LOG_PATH}</arg>
</arguments>
<msg timestamp="20170706 17:12:15.979" level="INFO" html="yes">Created directory '&lt;a href="file:///tmp/fspcibld/13340/obmc-robot/logs"&gt;/tmp/fspcibld/13340/obmc-robot/logs&lt;/a&gt;'.</msg>
<status endtime="20170706 17:12:15.979" status="PASS" starttime="20170706 17:12:15.978"></status>
</kw>
<kw name="Run Keyword And Return Status" library="BuiltIn">
<doc>Runs the given keyword with given arguments and returns the status as a Boolean value.</doc>
<arguments>
<arg>OperatingSystem.File Should Exist</arg>
<arg>${TEST_HISTORY}</arg>
</arguments>
<assign>
<var>${exist}</var>
</assign>
<kw name="File Should Exist" library="OperatingSystem">
<doc>Fails unless the given ``path`` points to an existing file.</doc>
<arguments>
<arg>${TEST_HISTORY}</arg>
</arguments>
<msg timestamp="20170706 17:12:15.980" level="FAIL">File '/tmp/fspcibld/13340/obmc-robot/logs/test_history.txt' does not exist.</msg>
<status endtime="20170706 17:12:15.980" status="FAIL" starttime="20170706 17:12:15.979"></status>
</kw>
<msg timestamp="20170706 17:12:15.980" level="INFO">${exist} = False</msg>
<status endtime="20170706 17:12:15.980" status="PASS" starttime="20170706 17:12:15.979"></status>
</kw>
<kw name="Run Keyword If" library="BuiltIn">
<doc>Runs the given keyword with the given arguments, if ``condition`` is true.</doc>
<arguments>
<arg>'${exist}' == '${False}'</arg>
<arg>Create File</arg>
<arg>${TEST_HISTORY}</arg>
</arguments>
<kw name="Create File" library="OperatingSystem">
<doc>Creates a file with the given content and encoding.</doc>
<arguments>
<arg>${TEST_HISTORY}</arg>
</arguments>
<msg timestamp="20170706 17:12:15.981" level="INFO" html="yes">Created file '&lt;a href="file:///tmp/fspcibld/13340/obmc-robot/logs/test_history.txt"&gt;/tmp/fspcibld/13340/obmc-robot/logs/test_history.txt&lt;/a&gt;'.</msg>
<status endtime="20170706 17:12:15.981" status="PASS" starttime="20170706 17:12:15.981"></status>
</kw>
<status endtime="20170706 17:12:15.981" status="PASS" starttime="20170706 17:12:15.980"></status>
</kw>
<kw name="Rpvars" library="gen_robot_print">
<arguments>
<arg>TEST_HISTORY</arg>
</arguments>
<status endtime="20170706 17:12:15.982" status="PASS" starttime="20170706 17:12:15.982"></status>
</kw>
<kw name="Get Current Time Stamp" library="openbmc_ffdc_utils">
<doc>Get the current time stamp data</doc>
<assign>
<var>${cur_time}</var>
</assign>
<kw name="Get Current Date" library="DateTime">
<doc>Returns current local or UTC time with an optional increment.</doc>
<arguments>
<arg>result_format=%Y-%m-%d %H:%M:%S:%f</arg>
</arguments>
<assign>
<var>${cur_time}</var>
</assign>
<msg timestamp="20170706 17:12:15.983" level="INFO">${cur_time} = 2017-07-06 17:12:15:982709</msg>
<status endtime="20170706 17:12:15.983" status="PASS" starttime="20170706 17:12:15.983"></status>
</kw>
<kw name="Get Strip String" library="openbmc_ffdc_list">
<doc>########################################################################</doc>
<arguments>
<arg>${cur_time}</arg>
</arguments>
<assign>
<var>${cur_time}</var>
</assign>
<msg timestamp="20170706 17:12:15.983" level="INFO">${cur_time} = 20170706171215982709</msg>
<status endtime="20170706 17:12:15.983" status="PASS" starttime="20170706 17:12:15.983"></status>
</kw>
<msg timestamp="20170706 17:12:15.984" level="INFO">${cur_time} = 20170706171215982709</msg>
<status endtime="20170706 17:12:15.984" status="PASS" starttime="20170706 17:12:15.982"></status>
</kw>
<kw name="Append To File" library="OperatingSystem">
<doc>Appends the given content to the specified file.</doc>
<arguments>
<arg>${TEST_HISTORY}</arg>
<arg>${cur_time}:${SUITE_NAME}:${TEST_NAME}:${TEST_STATUS}${\n}</arg>
</arguments>
<msg timestamp="20170706 17:12:15.984" level="INFO" html="yes">Appended to file '&lt;a href="file:///tmp/fspcibld/13340/obmc-robot/logs/test_history.txt"&gt;/tmp/fspcibld/13340/obmc-robot/logs/test_history.txt&lt;/a&gt;'.</msg>
<status endtime="20170706 17:12:15.985" status="PASS" starttime="20170706 17:12:15.984"></status>
</kw>
<status endtime="20170706 17:12:15.985" status="PASS" starttime="20170706 17:12:15.945"></status>
</kw>
<status endtime="20170706 17:12:15.985" status="PASS" starttime="20170706 17:12:15.547"></status>
</kw>
<doc>This testcase is for testing the SSL connection to the
OpenBMC machine.</doc>
<tags>
<tag>Test_SSL_Connection</tag>
</tags>
<status critical="yes" endtime="20170706 17:12:15.985" status="PASS" starttime="20170706 17:12:15.345"></status>
</test>
<kw name="Delete All Sessions" type="teardown" library="RequestsLibrary.RequestsKeywords">
<doc>Removes all the session objects</doc>
<msg timestamp="20170706 17:12:15.986" level="INFO">Delete All Sessions</msg>
<status endtime="20170706 17:12:15.986" status="PASS" starttime="20170706 17:12:15.986"></status>
</kw>
<doc>This testsuite is for testing SSL connection to OpenBMC</doc>
<status endtime="20170706 17:12:15.986" status="PASS" starttime="20170706 17:12:15.267"></status>
</suite>
<status endtime="20170706 17:12:15.987" status="PASS" starttime="20170706 17:12:15.265"></status>
</suite>
<suite id="s1-s2" source="/tmp/fspcibld/13340/obmc-robot/tests/test_basic_poweron.robot" name="Test Basic Poweron">
<test id="s1-s2-t1" name="Power On Test">
<kw name="Start SOL Console Logging" type="setup" library="utils">
<doc>Start system console log to file.</doc>
<kw name="Create OS Console File Path" library="utils">
<doc>Create OS console file path name and return it.</doc>
<arguments>
<arg>${log_file_path}</arg>
</arguments>
<assign>
<var>${log_file_path}</var>
</assign>
<kw name="Catenate" library="BuiltIn">
<doc>Catenates the given items together and returns the resulted string.</doc>
<arguments>
<arg>/tmp/${OPENBMC_HOST}_os_console</arg>
</arguments>
<assign>
<var>${default_file_path}</var>
</assign>
<msg timestamp="20170706 17:12:16.022" level="INFO">${default_file_path} = /tmp/9.3.21.61_os_console</msg>
<status endtime="20170706 17:12:16.022" status="PASS" starttime="20170706 17:12:16.022"></status>
</kw>
<kw name="Set Variable If" library="BuiltIn">
<doc>Sets variable based on the given condition.</doc>
<arguments>
<arg>'${log_file_path}' == '${EMPTY}'</arg>
<arg>${default_file_path}</arg>
<arg>${log_file_path}</arg>
</arguments>
<assign>
<var>${log_file_path}</var>
</assign>
<msg timestamp="20170706 17:12:16.023" level="INFO">${log_file_path} = /tmp/9.3.21.61_os_console</msg>
<status endtime="20170706 17:12:16.023" status="PASS" starttime="20170706 17:12:16.022"></status>
</kw>
<msg timestamp="20170706 17:12:16.023" level="INFO">${log_file_path} = /tmp/9.3.21.61_os_console</msg>
<status endtime="20170706 17:12:16.023" status="PASS" starttime="20170706 17:12:16.021"></status>
</kw>
<kw name="Stop SOL Console Logging" library="utils">
<doc>Stop system console logging and return log output.</doc>
<arguments>
<arg>${log_file_path}</arg>
<arg>return_data=${return_data}</arg>
</arguments>
<assign>
<var>${log_output}</var>
</assign>
<kw name="Create OS Console File Path" library="utils">
<doc>Create OS console file path name and return it.</doc>
<arguments>
<arg>${log_file_path}</arg>
</arguments>
<assign>
<var>${log_file_path}</var>
</assign>
<kw name="Catenate" library="BuiltIn">
<doc>Catenates the given items together and returns the resulted string.</doc>
<arguments>
<arg>/tmp/${OPENBMC_HOST}_os_console</arg>
</arguments>
<assign>
<var>${default_file_path}</var>
</assign>
<msg timestamp="20170706 17:12:16.025" level="INFO">${default_file_path} = /tmp/9.3.21.61_os_console</msg>
<status endtime="20170706 17:12:16.025" status="PASS" starttime="20170706 17:12:16.025"></status>
</kw>
<kw name="Set Variable If" library="BuiltIn">
<doc>Sets variable based on the given condition.</doc>
<arguments>
<arg>'${log_file_path}' == '${EMPTY}'</arg>
<arg>${default_file_path}</arg>
<arg>${log_file_path}</arg>
</arguments>
<assign>
<var>${log_file_path}</var>
</assign>
<msg timestamp="20170706 17:12:16.026" level="INFO">${log_file_path} = /tmp/9.3.21.61_os_console</msg>
<status endtime="20170706 17:12:16.026" status="PASS" starttime="20170706 17:12:16.025"></status>
</kw>
<msg timestamp="20170706 17:12:16.026" level="INFO">${log_file_path} = /tmp/9.3.21.61_os_console</msg>
<status endtime="20170706 17:12:16.026" status="PASS" starttime="20170706 17:12:16.024"></status>
</kw>
<kw name="Create OS Console Command String" library="utils">
<doc>Return a command string to start OS console logging.</doc>
<assign>
<var>${search_string}</var>
</assign>
<kw name="Catenate" library="BuiltIn">
<doc>Catenates the given items together and returns the resulted string.</doc>
<arguments>
<arg>which ssh_pw 2&gt;&amp;1</arg>
</arguments>
<assign>
<var>${cmd_buf}</var>
</assign>
<msg timestamp="20170706 17:12:16.027" level="INFO">${cmd_buf} = which ssh_pw 2&gt;&amp;1</msg>
<status endtime="20170706 17:12:16.027" status="PASS" starttime="20170706 17:12:16.027"></status>
</kw>
<kw name="Rdpissuing" library="gen_robot_print">
<arguments>
<arg>${cmd_buf}</arg>
</arguments>
<status endtime="20170706 17:12:16.027" status="PASS" starttime="20170706 17:12:16.027"></status>
</kw>
<kw name="Run And Return Rc And Output" library="OperatingSystem">
<doc>Runs the given command in the system and returns the RC and output.</doc>
<arguments>
<arg>${cmd_buf}</arg>
</arguments>
<assign>
<var>${rc}</var>
<var>${output}</var>
</assign>
<msg timestamp="20170706 17:12:16.032" level="INFO">Running command 'which ssh_pw 2&gt;&amp;1'.</msg>
<msg timestamp="20170706 17:12:16.034" level="INFO">${rc} = 0</msg>
<msg timestamp="20170706 17:12:16.034" level="INFO">${output} = /tmp/fspcibld/13340/obmc-robot/.tox/witherspoon/bin/ssh_pw</msg>
<status endtime="20170706 17:12:16.034" status="PASS" starttime="20170706 17:12:16.028"></status>
</kw>
<kw name="Rdpvars" library="gen_robot_print">
<arguments>
<arg>rc</arg>
<arg>output</arg>
</arguments>
<status endtime="20170706 17:12:16.037" status="PASS" starttime="20170706 17:12:16.036"></status>
</kw>
<kw name="Should Be Equal" library="BuiltIn">
<doc>Fails if the given objects are unequal.</doc>
<arguments>
<arg>${rc}</arg>
<arg>${0}</arg>
<arg>msg=${output}\n</arg>
</arguments>
<status endtime="20170706 17:12:16.038" status="PASS" starttime="20170706 17:12:16.037"></status>
</kw>
<kw name="Catenate" library="BuiltIn">
<doc>Catenates the given items together and returns the resulted string.</doc>
<arguments>
<arg>ssh_pw ${OPENBMC_PASSWORD} -p 2200</arg>
<arg>-o "StrictHostKeyChecking no" ${OPENBMC_USERNAME}@${OPENBMC_HOST}</arg>
</arguments>
<assign>
<var>${cmd_buf}</var>
</assign>
<msg timestamp="20170706 17:12:16.039" level="INFO">${cmd_buf} = ssh_pw 0penBmc -p 2200 -o "StrictHostKeyChecking no" root@9.3.21.61</msg>
<status endtime="20170706 17:12:16.039" status="PASS" starttime="20170706 17:12:16.038"></status>
</kw>
<msg timestamp="20170706 17:12:16.039" level="INFO">${search_string} = ssh_pw 0penBmc -p 2200 -o "StrictHostKeyChecking no" root@9.3.21.61</msg>
<status endtime="20170706 17:12:16.039" status="PASS" starttime="20170706 17:12:16.026"></status>
</kw>
<kw name="Catenate" library="BuiltIn">
<doc>Catenates the given items together and returns the resulted string.</doc>
<arguments>
<arg>echo $(ps -ef | egrep '${search_string}'</arg>
<arg>| egrep -v grep | cut -c10-14)</arg>
</arguments>
<assign>
<var>${cmd_buf}</var>
</assign>
<msg timestamp="20170706 17:12:16.040" level="INFO">${cmd_buf} = echo $(ps -ef | egrep 'ssh_pw 0penBmc -p 2200 -o "StrictHostKeyChecking no" root@9.3.21.61' | egrep -v grep | cut -c10-14)</msg>
<status endtime="20170706 17:12:16.040" status="PASS" starttime="20170706 17:12:16.039"></status>
</kw>
<kw name="Rdpissuing" library="gen_robot_print">
<arguments>
<arg>${cmd_buf}</arg>
</arguments>
<status endtime="20170706 17:12:16.040" status="PASS" starttime="20170706 17:12:16.040"></status>
</kw>
<kw name="Run And Return Rc And Output" library="OperatingSystem">
<doc>Runs the given command in the system and returns the RC and output.</doc>
<arguments>
<arg>${cmd_buf}</arg>
</arguments>
<assign>
<var>${rc}</var>
<var>${os_con_pid}</var>
</assign>
<msg timestamp="20170706 17:12:16.043" level="INFO">Running command 'echo $(ps -ef | egrep 'ssh_pw 0penBmc -p 2200 -o "StrictHostKeyChecking no" root@9.3.21.61' | egrep -v grep | cut -c10-14) 2&gt;&amp;1'.</msg>
<msg timestamp="20170706 17:12:16.055" level="INFO">${rc} = 0</msg>
<msg timestamp="20170706 17:12:16.055" level="INFO">${os_con_pid} = </msg>
<status endtime="20170706 17:12:16.056" status="PASS" starttime="20170706 17:12:16.040"></status>
</kw>
<kw name="Rdpvars" library="gen_robot_print">
<arguments>
<arg>os_con_pid</arg>
</arguments>
<status endtime="20170706 17:12:16.060" status="PASS" starttime="20170706 17:12:16.059"></status>
</kw>
<kw name="Catenate" library="BuiltIn">
<doc>Catenates the given items together and returns the resulted string.</doc>
<arguments>
<arg>kill -9 ${os_con_pid}</arg>
</arguments>
<assign>
<var>${cmd_buf}</var>
</assign>
<msg timestamp="20170706 17:12:16.061" level="INFO">${cmd_buf} = kill -9 </msg>
<status endtime="20170706 17:12:16.061" status="PASS" starttime="20170706 17:12:16.060"></status>
</kw>
<kw name="Run Keyword If" library="BuiltIn">
<doc>Runs the given keyword with the given arguments, if ``condition`` is true.</doc>
<arguments>
<arg>'${os_con_pid}' != '${EMPTY}'</arg>
<arg>Rdpissuing</arg>
<arg>${cmd_buf}</arg>
</arguments>
<status endtime="20170706 17:12:16.062" status="PASS" starttime="20170706 17:12:16.062"></status>
</kw>
<kw name="Run Keyword If" library="BuiltIn">
<doc>Runs the given keyword with the given arguments, if ``condition`` is true.</doc>
<arguments>
<arg>'${os_con_pid}' != '${EMPTY}'</arg>
<arg>Run And Return Rc And Output</arg>
<arg>${cmd_buf}</arg>
</arguments>
<assign>
<var>${rc}</var>
<var>${output}</var>
</assign>
<msg timestamp="20170706 17:12:16.063" level="INFO">${rc} = None</msg>
<msg timestamp="20170706 17:12:16.063" level="INFO">${output} = None</msg>
<status endtime="20170706 17:12:16.063" status="PASS" starttime="20170706 17:12:16.063"></status>
</kw>
<kw name="Run Keyword If" library="BuiltIn">
<doc>Runs the given keyword with the given arguments, if ``condition`` is true.</doc>
<arguments>
<arg>'${os_con_pid}' != '${EMPTY}'</arg>
<arg>Rdpvars</arg>
<arg>rc</arg>
<arg>output</arg>
</arguments>
<status endtime="20170706 17:12:16.064" status="PASS" starttime="20170706 17:12:16.064"></status>
</kw>
<kw name="Run Keyword If" library="BuiltIn">
<doc>Runs the given keyword with the given arguments, if ``condition`` is true.</doc>
<arguments>
<arg>'${targ_file_path}' != '${EMPTY}'</arg>
<arg>Run Keyword And Ignore Error</arg>
<arg>Copy File</arg>
<arg>${log_file_path}</arg>
<arg>${targ_file_path}</arg>
</arguments>
<kw name="Run Keyword And Ignore Error" library="BuiltIn">
<doc>Runs the given keyword with the given arguments and ignores possible error.</doc>
<arguments>
<arg>Copy File</arg>
<arg>${log_file_path}</arg>
<arg>${targ_file_path}</arg>
</arguments>
<kw name="Copy File" library="OperatingSystem">
<doc>Copies the source file into the destination.</doc>
<arguments>
<arg>${log_file_path}</arg>
<arg>${targ_file_path}</arg>
</arguments>
<msg timestamp="20170706 17:12:16.067" level="FAIL">Source file '/tmp/9.3.21.61_os_console' does not exist.</msg>
<status endtime="20170706 17:12:16.067" status="FAIL" starttime="20170706 17:12:16.066"></status>
</kw>
<status endtime="20170706 17:12:16.067" status="PASS" starttime="20170706 17:12:16.066"></status>
</kw>
<status endtime="20170706 17:12:16.067" status="PASS" starttime="20170706 17:12:16.065"></status>
</kw>
<kw name="Set Variable" library="BuiltIn">
<doc>Returns the given values which can then be assigned to a variables.</doc>
<arguments>
<arg>${EMPTY}</arg>
</arguments>
<assign>
<var>${output}</var>
</assign>
<msg timestamp="20170706 17:12:16.068" level="INFO">${output} = </msg>
<status endtime="20170706 17:12:16.068" status="PASS" starttime="20170706 17:12:16.068"></status>
</kw>
<kw name="Evaluate" library="BuiltIn">
<doc>Evaluates the given expression in Python and returns the results.</doc>
<arguments>
<arg>${debug}^1</arg>
</arguments>
<assign>
<var>${loc_quiet}</var>
</assign>
<msg timestamp="20170706 17:12:16.068" level="INFO">${loc_quiet} = 1</msg>
<status endtime="20170706 17:12:16.068" status="PASS" starttime="20170706 17:12:16.068"></status>
</kw>
<kw name="Run Keyword If" library="BuiltIn">
<doc>Runs the given keyword with the given arguments, if ``condition`` is true.</doc>
<arguments>
<arg>'${return_data}' == '${1}'</arg>
<arg>Cmd Fnc</arg>
<arg>cat ${log_file_path}</arg>
<arg>quiet=${loc_quiet}</arg>
<arg>print_output=${0}</arg>
</arguments>
<assign>
<var>${rc}</var>
<var>${output}</var>
</assign>
<kw name="Cmd Fnc" library="gen_cmd">
<doc>Run the given command in a shell and return the shell return code.</doc>
<arguments>
<arg>cat ${log_file_path}</arg>
<arg>quiet=${loc_quiet}</arg>
<arg>print_output=${0}</arg>
</arguments>
<status endtime="20170706 17:12:16.507" status="PASS" starttime="20170706 17:12:16.069"></status>
</kw>
<msg timestamp="20170706 17:12:16.508" level="INFO">${rc} = 1</msg>
<msg timestamp="20170706 17:12:16.508" level="INFO">${output} = cat: /tmp/9.3.21.61_os_console: No such file or directory
</msg>
<status endtime="20170706 17:12:16.508" status="PASS" starttime="20170706 17:12:16.069"></status>
</kw>
<msg timestamp="20170706 17:12:16.509" level="INFO">${log_output} = cat: /tmp/9.3.21.61_os_console: No such file or directory
</msg>
<status endtime="20170706 17:12:16.509" status="PASS" starttime="20170706 17:12:16.023"></status>
</kw>
<kw name="Create File" library="OperatingSystem">
<doc>Creates a file with the given content and encoding.</doc>
<arguments>
<arg>${log_file_path}</arg>
</arguments>
<msg timestamp="20170706 17:12:16.511" level="INFO" html="yes">Created file '&lt;a href="file:///tmp/9.3.21.61_os_console"&gt;/tmp/9.3.21.61_os_console&lt;/a&gt;'.</msg>
<status endtime="20170706 17:12:16.511" status="PASS" starttime="20170706 17:12:16.510"></status>
</kw>
<kw name="Create OS Console Command String" library="utils">
<doc>Return a command string to start OS console logging.</doc>
<assign>
<var>${sub_cmd_buf}</var>
</assign>
<kw name="Catenate" library="BuiltIn">
<doc>Catenates the given items together and returns the resulted string.</doc>
<arguments>
<arg>which ssh_pw 2&gt;&amp;1</arg>
</arguments>
<assign>
<var>${cmd_buf}</var>
</assign>
<msg timestamp="20170706 17:12:16.512" level="INFO">${cmd_buf} = which ssh_pw 2&gt;&amp;1</msg>
<status endtime="20170706 17:12:16.512" status="PASS" starttime="20170706 17:12:16.512"></status>
</kw>
<kw name="Rdpissuing" library="gen_robot_print">
<arguments>
<arg>${cmd_buf}</arg>
</arguments>
<status endtime="20170706 17:12:16.512" status="PASS" starttime="20170706 17:12:16.512"></status>
</kw>
<kw name="Run And Return Rc And Output" library="OperatingSystem">
<doc>Runs the given command in the system and returns the RC and output.</doc>
<arguments>
<arg>${cmd_buf}</arg>
</arguments>
<assign>
<var>${rc}</var>
<var>${output}</var>
</assign>
<msg timestamp="20170706 17:12:16.516" level="INFO">Running command 'which ssh_pw 2&gt;&amp;1'.</msg>
<msg timestamp="20170706 17:12:16.519" level="INFO">${rc} = 0</msg>
<msg timestamp="20170706 17:12:16.519" level="INFO">${output} = /tmp/fspcibld/13340/obmc-robot/.tox/witherspoon/bin/ssh_pw</msg>
<status endtime="20170706 17:12:16.519" status="PASS" starttime="20170706 17:12:16.513"></status>
</kw>
<kw name="Rdpvars" library="gen_robot_print">
<arguments>
<arg>rc</arg>
<arg>output</arg>
</arguments>
<status endtime="20170706 17:12:16.524" status="PASS" starttime="20170706 17:12:16.524"></status>
</kw>
<kw name="Should Be Equal" library="BuiltIn">
<doc>Fails if the given objects are unequal.</doc>
<arguments>
<arg>${rc}</arg>
<arg>${0}</arg>
<arg>msg=${output}\n</arg>
</arguments>
<status endtime="20170706 17:12:16.525" status="PASS" starttime="20170706 17:12:16.525"></status>
</kw>
<kw name="Catenate" library="BuiltIn">
<doc>Catenates the given items together and returns the resulted string.</doc>
<arguments>
<arg>ssh_pw ${OPENBMC_PASSWORD} -p 2200</arg>
<arg>-o "StrictHostKeyChecking no" ${OPENBMC_USERNAME}@${OPENBMC_HOST}</arg>
</arguments>
<assign>
<var>${cmd_buf}</var>
</assign>
<msg timestamp="20170706 17:12:16.526" level="INFO">${cmd_buf} = ssh_pw 0penBmc -p 2200 -o "StrictHostKeyChecking no" root@9.3.21.61</msg>
<status endtime="20170706 17:12:16.526" status="PASS" starttime="20170706 17:12:16.526"></status>
</kw>
<msg timestamp="20170706 17:12:16.526" level="INFO">${sub_cmd_buf} = ssh_pw 0penBmc -p 2200 -o "StrictHostKeyChecking no" root@9.3.21.61</msg>
<status endtime="20170706 17:12:16.527" status="PASS" starttime="20170706 17:12:16.511"></status>
</kw>
<kw name="Catenate" library="BuiltIn">
<doc>Catenates the given items together and returns the resulted string.</doc>
<arguments>
<arg>${sub_cmd_buf} &gt; ${log_file_path} 2&gt;&amp;1 &amp;</arg>
</arguments>
<assign>
<var>${cmd_buf}</var>
</assign>
<msg timestamp="20170706 17:12:16.527" level="INFO">${cmd_buf} = ssh_pw 0penBmc -p 2200 -o "StrictHostKeyChecking no" root@9.3.21.61 &gt; /tmp/9.3.21.61_os_console 2&gt;&amp;1 &amp;</msg>
<status endtime="20170706 17:12:16.527" status="PASS" starttime="20170706 17:12:16.527"></status>
</kw>
<kw name="Rdpissuing" library="gen_robot_print">
<arguments>
<arg>${cmd_buf}</arg>
</arguments>
<status endtime="20170706 17:12:16.528" status="PASS" starttime="20170706 17:12:16.527"></status>
</kw>
<kw name="Run And Return Rc And Output" library="OperatingSystem">
<doc>Runs the given command in the system and returns the RC and output.</doc>
<arguments>
<arg>${cmd_buf}</arg>
</arguments>
<assign>
<var>${rc}</var>
<var>${output}</var>
</assign>
<msg timestamp="20170706 17:12:16.531" level="INFO">Running command 'ssh_pw 0penBmc -p 2200 -o "StrictHostKeyChecking no" root@9.3.21.61 &gt; /tmp/9.3.21.61_os_console 2&gt;&amp;1 &amp;'.</msg>
<msg timestamp="20170706 17:12:16.534" level="INFO">${rc} = 0</msg>
<msg timestamp="20170706 17:12:16.534" level="INFO">${output} = </msg>
<status endtime="20170706 17:12:16.534" status="PASS" starttime="20170706 17:12:16.528"></status>
</kw>
<kw name="Should Be Equal" library="BuiltIn">
<doc>Fails if the given objects are unequal.</doc>
<arguments>
<arg>${rc}</arg>
<arg>${0}</arg>
</arguments>
<status endtime="20170706 17:12:16.538" status="PASS" starttime="20170706 17:12:16.537"></status>
</kw>
<status endtime="20170706 17:12:16.538" status="PASS" starttime="20170706 17:12:16.021"></status>
</kw>
<kw name="Repeat Keyword" library="BuiltIn">
<doc>Executes the specified keyword multiple times.</doc>
<arguments>
<arg>${LOOP_COUNT} times</arg>
<arg>Host Off And On</arg>
</arguments>
<msg timestamp="20170706 17:12:16.539" level="INFO">Repeating keyword, round 1/2.</msg>
<kw name="Host Off And On">
<doc>Verify power off and on.</doc>
<kw name="Initiate Host PowerOff" library="state_manager">
<doc>Initiate host power off.</doc>
<kw name="Create Dictionary" library="BuiltIn">
<doc>Creates and returns a dictionary based on the given ``items``.</doc>
<arguments>
<arg>data=${HOST_POWEROFF_TRANS}</arg>
</arguments>
<assign>
<var>${args}</var>
</assign>
<msg timestamp="20170706 17:12:16.543" level="INFO">${args} = {u'data': 'xyz.openbmc_project.State.Host.Transition.Off'}</msg>
<status endtime="20170706 17:12:16.543" status="PASS" starttime="20170706 17:12:16.541"></status>
</kw>
<kw name="Write Attribute" library="rest_client">
<arguments>
<arg>${HOST_STATE_URI}</arg>
[...]
<kw name="Get Variable Value" library="BuiltIn">
<doc>Returns variable value or ``default`` if the variable does not exist.</doc>
<arguments>
<arg>${FFDC_DIR_PATH_STYLE}</arg>
<arg>${EMPTY}</arg>
</arguments>
<assign>
<var>${FFDC_DIR_PATH_STYLE}</var>
</assign>
<msg timestamp="20170706 17:15:45.210" level="INFO">${FFDC_DIR_PATH_STYLE} = </msg>
<status endtime="20170706 17:15:45.210" status="PASS" starttime="20170706 17:15:45.202"></status>
</kw>
<kw name="Get Variable Value" library="BuiltIn">
<doc>Returns variable value or ``default`` if the variable does not exist.</doc>
<arguments>
<arg>${FFDC_DIR_PATH}</arg>
<arg>${EMPTY}</arg>
</arguments>
<assign>
<var>${FFDC_DIR_PATH}</var>
</assign>
<msg timestamp="20170706 17:15:45.210" level="INFO">${FFDC_DIR_PATH} = /tmp/fspcibld/13340/obmc-robot/logs/20170706171525749346_TestsTestBasicPoweron/20170706171525749346_PowerOnTest/</msg>
<status endtime="20170706 17:15:45.210" status="PASS" starttime="20170706 17:15:45.210"></status>
</kw>
<kw name="Run Keyword If" library="BuiltIn">
<doc>Runs the given keyword with the given arguments, if ``condition`` is true.</doc>
<arguments>
<arg>'${FFDC_DIR_PATH}' == '${EMPTY}'</arg>
<arg>Set FFDC Defaults</arg>
</arguments>
<status endtime="20170706 17:15:45.211" status="PASS" starttime="20170706 17:15:45.211"></status>
</kw>
<kw name="Run Keyword If" library="BuiltIn">
<doc>Runs the given keyword with the given arguments, if ``condition`` is true.</doc>
<arguments>
<arg>'${FFDC_DIR_PATH_STYLE}' == '${1}'</arg>
<arg>Run Keywords</arg>
<arg>Set Global Variable</arg>
<arg>${FFDC_LOG_PATH}</arg>
<arg>${FFDC_DIR_PATH}</arg>
<arg>AND</arg>
<arg>Set Global Variable</arg>
<arg>${TEST_HISTORY}</arg>
<arg>${FFDC_DIR_PATH}test_history.txt</arg>
</arguments>
<status endtime="20170706 17:15:45.212" status="PASS" starttime="20170706 17:15:45.211"></status>
</kw>
<kw name="Create Directory" library="OperatingSystem">
<doc>Creates the specified directory.</doc>
<arguments>
<arg>${FFDC_LOG_PATH}</arg>
</arguments>
<msg timestamp="20170706 17:15:45.212" level="INFO" html="yes">Directory '&lt;a href="file:///tmp/fspcibld/13340/obmc-robot/logs"&gt;/tmp/fspcibld/13340/obmc-robot/logs&lt;/a&gt;' already exists.</msg>
<status endtime="20170706 17:15:45.212" status="PASS" starttime="20170706 17:15:45.212"></status>
</kw>
<kw name="Run Keyword And Return Status" library="BuiltIn">
<doc>Runs the given keyword with given arguments and returns the status as a Boolean value.</doc>
<arguments>
<arg>OperatingSystem.File Should Exist</arg>
<arg>${TEST_HISTORY}</arg>
</arguments>
<assign>
<var>${exist}</var>
</assign>
<kw name="File Should Exist" library="OperatingSystem">
<doc>Fails unless the given ``path`` points to an existing file.</doc>
<arguments>
<arg>${TEST_HISTORY}</arg>
</arguments>
<msg timestamp="20170706 17:15:45.213" level="INFO" html="yes">File '&lt;a href="file:///tmp/fspcibld/13340/obmc-robot/logs/test_history.txt"&gt;/tmp/fspcibld/13340/obmc-robot/logs/test_history.txt&lt;/a&gt;' exists.</msg>
<status endtime="20170706 17:15:45.213" status="PASS" starttime="20170706 17:15:45.213"></status>
</kw>
<msg timestamp="20170706 17:15:45.213" level="INFO">${exist} = True</msg>
<status endtime="20170706 17:15:45.213" status="PASS" starttime="20170706 17:15:45.212"></status>
</kw>
<kw name="Run Keyword If" library="BuiltIn">
<doc>Runs the given keyword with the given arguments, if ``condition`` is true.</doc>
<arguments>
<arg>'${exist}' == '${False}'</arg>
<arg>Create File</arg>
<arg>${TEST_HISTORY}</arg>
</arguments>
<status endtime="20170706 17:15:45.214" status="PASS" starttime="20170706 17:15:45.214"></status>
</kw>
<kw name="Rpvars" library="gen_robot_print">
<arguments>
<arg>TEST_HISTORY</arg>
</arguments>
<status endtime="20170706 17:15:45.214" status="PASS" starttime="20170706 17:15:45.214"></status>
</kw>
<kw name="Get Current Time Stamp" library="openbmc_ffdc_utils">
<doc>Get the current time stamp data</doc>
<assign>
<var>${cur_time}</var>
</assign>
<kw name="Get Current Date" library="DateTime">
<doc>Returns current local or UTC time with an optional increment.</doc>
<arguments>
<arg>result_format=%Y-%m-%d %H:%M:%S:%f</arg>
</arguments>
<assign>
<var>${cur_time}</var>
</assign>
<msg timestamp="20170706 17:15:45.215" level="INFO">${cur_time} = 2017-07-06 17:15:45:215239</msg>
<status endtime="20170706 17:15:45.215" status="PASS" starttime="20170706 17:15:45.215"></status>
</kw>
<kw name="Get Strip String" library="openbmc_ffdc_list">
<doc>########################################################################</doc>
<arguments>
<arg>${cur_time}</arg>
</arguments>
<assign>
<var>${cur_time}</var>
</assign>
<msg timestamp="20170706 17:15:45.216" level="INFO">${cur_time} = 20170706171545215239</msg>
<status endtime="20170706 17:15:45.216" status="PASS" starttime="20170706 17:15:45.216"></status>
</kw>
<msg timestamp="20170706 17:15:45.216" level="INFO">${cur_time} = 20170706171545215239</msg>
<status endtime="20170706 17:15:45.216" status="PASS" starttime="20170706 17:15:45.215"></status>
</kw>
<kw name="Append To File" library="OperatingSystem">
<doc>Appends the given content to the specified file.</doc>
<arguments>
<arg>${TEST_HISTORY}</arg>
<arg>${cur_time}:${SUITE_NAME}:${TEST_NAME}:${TEST_STATUS}${\n}</arg>
</arguments>
<msg timestamp="20170706 17:15:45.217" level="INFO" html="yes">Appended to file '&lt;a href="file:///tmp/fspcibld/13340/obmc-robot/logs/test_history.txt"&gt;/tmp/fspcibld/13340/obmc-robot/logs/test_history.txt&lt;/a&gt;'.</msg>
<status endtime="20170706 17:15:45.217" status="PASS" starttime="20170706 17:15:45.216"></status>
</kw>
<status endtime="20170706 17:15:45.217" status="PASS" starttime="20170706 17:15:45.201"></status>
</kw>
<status endtime="20170706 17:15:45.217" status="PASS" starttime="20170706 17:15:22.404"></status>
</kw>
<kw name="Stop SOL Console Logging" library="utils">
<doc>Stop system console logging and return log output.</doc>
<assign>
<var>${sol_log}</var>
</assign>
<kw name="Create OS Console File Path" library="utils">
<doc>Create OS console file path name and return it.</doc>
<arguments>
<arg>${log_file_path}</arg>
</arguments>
<assign>
<var>${log_file_path}</var>
</assign>
<kw name="Catenate" library="BuiltIn">
<doc>Catenates the given items together and returns the resulted string.</doc>
<arguments>
<arg>/tmp/${OPENBMC_HOST}_os_console</arg>
</arguments>
<assign>
<var>${default_file_path}</var>
</assign>
<msg timestamp="20170706 17:15:45.219" level="INFO">${default_file_path} = /tmp/9.3.21.61_os_console</msg>
<status endtime="20170706 17:15:45.219" status="PASS" starttime="20170706 17:15:45.219"></status>
</kw>
<kw name="Set Variable If" library="BuiltIn">
<doc>Sets variable based on the given condition.</doc>
<arguments>
<arg>'${log_file_path}' == '${EMPTY}'</arg>
<arg>${default_file_path}</arg>
<arg>${log_file_path}</arg>
</arguments>
<assign>
<var>${log_file_path}</var>
</assign>
<msg timestamp="20170706 17:15:45.220" level="INFO">${log_file_path} = /tmp/9.3.21.61_os_console</msg>
<status endtime="20170706 17:15:45.220" status="PASS" starttime="20170706 17:15:45.219"></status>
</kw>
<msg timestamp="20170706 17:15:45.220" level="INFO">${log_file_path} = /tmp/9.3.21.61_os_console</msg>
<status endtime="20170706 17:15:45.220" status="PASS" starttime="20170706 17:15:45.218"></status>
</kw>
<kw name="Create OS Console Command String" library="utils">
<doc>Return a command string to start OS console logging.</doc>
<assign>
<var>${search_string}</var>
</assign>
<kw name="Catenate" library="BuiltIn">
<doc>Catenates the given items together and returns the resulted string.</doc>
<arguments>
<arg>which ssh_pw 2&gt;&amp;1</arg>
</arguments>
<assign>
<var>${cmd_buf}</var>
</assign>
<msg timestamp="20170706 17:15:45.221" level="INFO">${cmd_buf} = which ssh_pw 2&gt;&amp;1</msg>
<status endtime="20170706 17:15:45.221" status="PASS" starttime="20170706 17:15:45.221"></status>
</kw>
<kw name="Rdpissuing" library="gen_robot_print">
<arguments>
<arg>${cmd_buf}</arg>
</arguments>
<status endtime="20170706 17:15:45.221" status="PASS" starttime="20170706 17:15:45.221"></status>
</kw>
<kw name="Run And Return Rc And Output" library="OperatingSystem">
<doc>Runs the given command in the system and returns the RC and output.</doc>
<arguments>
<arg>${cmd_buf}</arg>
</arguments>
<assign>
<var>${rc}</var>
<var>${output}</var>
</assign>
<msg timestamp="20170706 17:15:45.226" level="INFO">Running command 'which ssh_pw 2&gt;&amp;1'.</msg>
<msg timestamp="20170706 17:15:45.229" level="INFO">${rc} = 0</msg>
<msg timestamp="20170706 17:15:45.230" level="INFO">${output} = /tmp/fspcibld/13340/obmc-robot/.tox/witherspoon/bin/ssh_pw</msg>
<status endtime="20170706 17:15:45.230" status="PASS" starttime="20170706 17:15:45.222"></status>
</kw>
<kw name="Rdpvars" library="gen_robot_print">
<arguments>
<arg>rc</arg>
<arg>output</arg>
</arguments>
<status endtime="20170706 17:15:45.234" status="PASS" starttime="20170706 17:15:45.232"></status>
</kw>
<kw name="Should Be Equal" library="BuiltIn">
<doc>Fails if the given objects are unequal.</doc>
<arguments>
<arg>${rc}</arg>
<arg>${0}</arg>
<arg>msg=${output}\n</arg>
</arguments>
<status endtime="20170706 17:15:45.235" status="PASS" starttime="20170706 17:15:45.234"></status>
</kw>
<kw name="Catenate" library="BuiltIn">
<doc>Catenates the given items together and returns the resulted string.</doc>
<arguments>
<arg>ssh_pw ${OPENBMC_PASSWORD} -p 2200</arg>
<arg>-o "StrictHostKeyChecking no" ${OPENBMC_USERNAME}@${OPENBMC_HOST}</arg>
</arguments>
<assign>
<var>${cmd_buf}</var>
</assign>
<msg timestamp="20170706 17:15:45.236" level="INFO">${cmd_buf} = ssh_pw 0penBmc -p 2200 -o "StrictHostKeyChecking no" root@9.3.21.61</msg>
<status endtime="20170706 17:15:45.236" status="PASS" starttime="20170706 17:15:45.235"></status>
</kw>
<msg timestamp="20170706 17:15:45.236" level="INFO">${search_string} = ssh_pw 0penBmc -p 2200 -o "StrictHostKeyChecking no" root@9.3.21.61</msg>
<status endtime="20170706 17:15:45.236" status="PASS" starttime="20170706 17:15:45.220"></status>
</kw>
<kw name="Catenate" library="BuiltIn">
<doc>Catenates the given items together and returns the resulted string.</doc>
<arguments>
<arg>echo $(ps -ef | egrep '${search_string}'</arg>
<arg>| egrep -v grep | cut -c10-14)</arg>
</arguments>
<assign>
<var>${cmd_buf}</var>
</assign>
<msg timestamp="20170706 17:15:45.237" level="INFO">${cmd_buf} = echo $(ps -ef | egrep 'ssh_pw 0penBmc -p 2200 -o "StrictHostKeyChecking no" root@9.3.21.61' | egrep -v grep | cut -c10-14)</msg>
<status endtime="20170706 17:15:45.237" status="PASS" starttime="20170706 17:15:45.236"></status>
</kw>
<kw name="Rdpissuing" library="gen_robot_print">
<arguments>
<arg>${cmd_buf}</arg>
</arguments>
<status endtime="20170706 17:15:45.237" status="PASS" starttime="20170706 17:15:45.237"></status>
</kw>
<kw name="Run And Return Rc And Output" library="OperatingSystem">
<doc>Runs the given command in the system and returns the RC and output.</doc>
<arguments>
<arg>${cmd_buf}</arg>
</arguments>
<assign>
<var>${rc}</var>
<var>${os_con_pid}</var>
</assign>
<msg timestamp="20170706 17:15:45.242" level="INFO">Running command 'echo $(ps -ef | egrep 'ssh_pw 0penBmc -p 2200 -o "StrictHostKeyChecking no" root@9.3.21.61' | egrep -v grep | cut -c10-14) 2&gt;&amp;1'.</msg>
<msg timestamp="20170706 17:15:45.261" level="INFO">${rc} = 0</msg>
<msg timestamp="20170706 17:15:45.261" level="INFO">${os_con_pid} = </msg>
<status endtime="20170706 17:15:45.261" status="PASS" starttime="20170706 17:15:45.238"></status>
</kw>
<kw name="Rdpvars" library="gen_robot_print">
<arguments>
<arg>os_con_pid</arg>
</arguments>
<status endtime="20170706 17:15:45.265" status="PASS" starttime="20170706 17:15:45.264"></status>
</kw>
<kw name="Catenate" library="BuiltIn">
<doc>Catenates the given items together and returns the resulted string.</doc>
<arguments>
<arg>kill -9 ${os_con_pid}</arg>
</arguments>
<assign>
<var>${cmd_buf}</var>
</assign>
<msg timestamp="20170706 17:15:45.265" level="INFO">${cmd_buf} = kill -9 </msg>
<status endtime="20170706 17:15:45.265" status="PASS" starttime="20170706 17:15:45.265"></status>
</kw>
<kw name="Run Keyword If" library="BuiltIn">
<doc>Runs the given keyword with the given arguments, if ``condition`` is true.</doc>
<arguments>
<arg>'${os_con_pid}' != '${EMPTY}'</arg>
<arg>Rdpissuing</arg>
<arg>${cmd_buf}</arg>
</arguments>
<status endtime="20170706 17:15:45.268" status="PASS" starttime="20170706 17:15:45.266"></status>
</kw>
<kw name="Run Keyword If" library="BuiltIn">
<doc>Runs the given keyword with the given arguments, if ``condition`` is true.</doc>
<arguments>
<arg>'${os_con_pid}' != '${EMPTY}'</arg>
<arg>Run And Return Rc And Output</arg>
<arg>${cmd_buf}</arg>
</arguments>
<assign>
<var>${rc}</var>
<var>${output}</var>
</assign>
<msg timestamp="20170706 17:15:45.270" level="INFO">${rc} = None</msg>
<msg timestamp="20170706 17:15:45.270" level="INFO">${output} = None</msg>
<status endtime="20170706 17:15:45.270" status="PASS" starttime="20170706 17:15:45.269"></status>
</kw>
<kw name="Run Keyword If" library="BuiltIn">
<doc>Runs the given keyword with the given arguments, if ``condition`` is true.</doc>
<arguments>
<arg>'${os_con_pid}' != '${EMPTY}'</arg>
<arg>Rdpvars</arg>
<arg>rc</arg>
<arg>output</arg>
</arguments>
<status endtime="20170706 17:15:45.271" status="PASS" starttime="20170706 17:15:45.270"></status>
</kw>
<kw name="Run Keyword If" library="BuiltIn">
<doc>Runs the given keyword with the given arguments, if ``condition`` is true.</doc>
<arguments>
<arg>'${targ_file_path}' != '${EMPTY}'</arg>
<arg>Run Keyword And Ignore Error</arg>
<arg>Copy File</arg>
<arg>${log_file_path}</arg>
<arg>${targ_file_path}</arg>
</arguments>
<kw name="Run Keyword And Ignore Error" library="BuiltIn">
<doc>Runs the given keyword with the given arguments and ignores possible error.</doc>
<arguments>
<arg>Copy File</arg>
<arg>${log_file_path}</arg>
<arg>${targ_file_path}</arg>
</arguments>
<kw name="Copy File" library="OperatingSystem">
<doc>Copies the source file into the destination.</doc>
<arguments>
<arg>${log_file_path}</arg>
<arg>${targ_file_path}</arg>
</arguments>
<msg timestamp="20170706 17:15:45.276" level="INFO" html="yes">Copied file from '&lt;a href="file:///tmp/9.3.21.61_os_console"&gt;/tmp/9.3.21.61_os_console&lt;/a&gt;' to '&lt;a href="file:///tmp/fspcibld/13340/obmc-robot/logs/9.3.21.61_os_console"&gt;/tmp/fspcibld/13340/obmc-robot/logs/9.3.21.61_os_console&lt;/a&gt;'.</msg>
<status endtime="20170706 17:15:45.276" status="PASS" starttime="20170706 17:15:45.273"></status>
</kw>
<status endtime="20170706 17:15:45.276" status="PASS" starttime="20170706 17:15:45.272"></status>
</kw>
<status endtime="20170706 17:15:45.276" status="PASS" starttime="20170706 17:15:45.271"></status>
</kw>
<kw name="Set Variable" library="BuiltIn">
<doc>Returns the given values which can then be assigned to a variables.</doc>
<arguments>
<arg>${EMPTY}</arg>
</arguments>
<assign>
<var>${output}</var>
</assign>
<msg timestamp="20170706 17:15:45.277" level="INFO">${output} = </msg>
<status endtime="20170706 17:15:45.277" status="PASS" starttime="20170706 17:15:45.277"></status>
</kw>
<kw name="Evaluate" library="BuiltIn">
<doc>Evaluates the given expression in Python and returns the results.</doc>
<arguments>
<arg>${debug}^1</arg>
</arguments>
<assign>
<var>${loc_quiet}</var>
</assign>
<msg timestamp="20170706 17:15:45.277" level="INFO">${loc_quiet} = 1</msg>
<status endtime="20170706 17:15:45.277" status="PASS" starttime="20170706 17:15:45.277"></status>
</kw>
<kw name="Run Keyword If" library="BuiltIn">
<doc>Runs the given keyword with the given arguments, if ``condition`` is true.</doc>
<arguments>
<arg>'${return_data}' == '${1}'</arg>
<arg>Cmd Fnc</arg>
<arg>cat ${log_file_path}</arg>
<arg>quiet=${loc_quiet}</arg>
<arg>print_output=${0}</arg>
</arguments>
<assign>
<var>${rc}</var>
<var>${output}</var>
</assign>
<kw name="Cmd Fnc" library="gen_cmd">
<doc>Run the given command in a shell and return the shell return code.</doc>
<arguments>
<arg>cat ${log_file_path}</arg>
<arg>quiet=${loc_quiet}</arg>
<arg>print_output=${0}</arg>
</arguments>
<status endtime="20170706 17:15:45.327" status="PASS" starttime="20170706 17:15:45.278"></status>
</kw>
<msg timestamp="20170706 17:15:45.329" level="INFO">${rc} = 0</msg>
<msg timestamp="20170706 17:15:45.329" level="INFO">${output} = spawn ssh -p 2200 -o StrictHostKeyChecking no root@9.3.21.61
Warning: Permanently added '[9.3.21.61]:2200' (RSA) to the list of known hosts.
root@9.3.21.61's password: 
rebootThe system is go...</msg>
<status endtime="20170706 17:15:45.329" status="PASS" starttime="20170706 17:15:45.278"></status>
</kw>
<msg timestamp="20170706 17:15:45.330" level="INFO">${sol_log} = spawn ssh -p 2200 -o StrictHostKeyChecking no root@9.3.21.61
Warning: Permanently added '[9.3.21.61]:2200' (RSA) to the list of known hosts.
root@9.3.21.61's password: 
rebootThe system is go...</msg>
<status endtime="20170706 17:15:45.330" status="PASS" starttime="20170706 17:15:45.218"></status>
</kw>
<kw name="Log" library="BuiltIn">
<doc>Logs the given message with the given level.</doc>
<arguments>
<arg>${sol_log}</arg>
</arguments>
<msg timestamp="20170706 17:15:45.332" level="INFO">spawn ssh -p 2200 -o StrictHostKeyChecking no root@9.3.21.61
Warning: Permanently added '[9.3.21.61]:2200' (RSA) to the list of known hosts.
root@9.3.21.61's password: 
rebootThe system is going down NOW!
Sent SIGTERM to all processes
[   50.001946624,5] IPMI: Soft shutdown requested
Sent SIGKILL to all processes
[   34.683853] kexec_core: Starting new kernel
[   52.466085328,5] OPAL: Switch to big-endian OS
[   53.037871536,5] OPAL: Switch to little-endian OS
 -&gt; smp_release_cpus()
spinning_secondaries = 15
 &lt;- smp_release_cpus()
[    0.633015] Severe Machine check interrupt [[Not recovered]
[    0.633076]   I[   54.176099488,0] OPAL: Reboot requested due to Platform error.
[   54.176147712,3] OPAL: Reboot requested due to Platform error.nitiator: CPU
[    0.633130]   Error type: UE [Load/Store]
[    0.633173]     Effective address: 0000000003186b01
[    0.633451] opal: Reboot type 1 not supported
[    0.633534] Kernel panic - not syncing: PowerNV Unrecovered Machine Check
[    0.633654] CPU: 1 PID: 1 Comm: swapper/0 Tainted: G   M            [   54.279841024,4] IPMI: Dropped eSEL: BMC code is buggy/missing
4.10.0-26-generic #30-Ubuntu
[    0.633812] Call Trace:
[    2.044141] ---[ end Kernel panic - not syncing: PowerNV Unrecov</msg>
<status endtime="20170706 17:15:45.332" status="PASS" starttime="20170706 17:15:45.332"></status>
</kw>
<status endtime="20170706 17:15:45.333" status="PASS" starttime="20170706 17:15:22.403"></status>
</kw>
<doc>Power off and on.</doc>
<tags>
<tag>chassisboot</tag>
<tag>Power_On_Test</tag>
</tags>
<status critical="yes" endtime="20170706 17:15:45.333" status="FAIL" starttime="20170706 17:12:16.020">Keyword 'Is Host Off' failed after retrying for 3 minutes. The last error was: Off != Running</status>
</test>
<doc>Test power on for HW CI.</doc>
<status endtime="20170706 17:15:45.335" status="FAIL" starttime="20170706 17:12:15.988"></status>
</suite>
<doc>Set metadata for test suite.</doc>
<status endtime="20170706 17:15:45.338" status="FAIL" starttime="20170706 17:12:08.864"></status>
</suite>
<statistics>
<total>
<stat pass="1" fail="1">Critical Tests</stat>
<stat pass="1" fail="1">All Tests</stat>
</total>
<tag>
<stat pass="0" fail="1">chassisboot</stat>
<stat pass="0" fail="1">Power_On_Test</stat>
<stat pass="1" fail="0">Test_SSL_Connection</stat>
</tag>
<suite>
<stat id="s1" pass="1" fail="1" name="Tests">Tests</stat>
<stat id="s1-s1" pass="1" fail="0" name="Security">Tests.Security</stat>
<stat id="s1-s1-s1" pass="1" fail="0" name="Test Ssl">Tests.Security.Test Ssl</stat>
<stat id="s1-s2" pass="0" fail="1" name="Test Basic Poweron">Tests.Test Basic Poweron</stat>
</suite>
</statistics>
<errors>
</errors>
</robot>
