<?xml version="1.0" encoding="UTF-8"?>
<robot generator="Robot 3.0.2 (Python 2.7.12 on linux2)" generated="20170607 13:21:11.014">
<suite id="s1" source="/tmp/fspcibld/2878/obmc-robot/tests" name="Tests">
<kw type="setup" name="System Driver Data">
<doc>System driver information.</doc>
<kw name="Open Connection And Log In" library="connection_client">
<doc>Opens a connection with the given arguments, and logs in.</doc>
<kw name="Run Keyword And Return Status" library="BuiltIn">
<doc>Runs the given keyword with given arguments and returns the status as a Boolean value.</doc>
<arguments>
<arg>Dictionary Should Contain Key</arg>
<arg>${connection_args}</arg>
<arg>host</arg>
</arguments>
<assign>
<var>${has_host}</var>
</assign>
<kw name="Dictionary Should Contain Key" library="Collections">
<doc>Fails if ``key`` is not found from ``dictionary``.</doc>
<arguments>
<arg>${connection_args}</arg>
<arg>host</arg>
</arguments>
<msg timestamp="20170607 13:21:11.877" level="FAIL">Dictionary does not contain key 'host'.</msg>
<status starttime="20170607 13:21:11.877" status="FAIL" endtime="20170607 13:21:11.877"></status>
</kw>
<msg timestamp="20170607 13:21:11.878" level="INFO">${has_host} = False</msg>
<status starttime="20170607 13:21:11.877" status="PASS" endtime="20170607 13:21:11.878"></status>
</kw>
<kw name="Run Keyword If" library="BuiltIn">
<doc>Runs the given keyword with the given arguments, if ``condition`` is true.</doc>
<arguments>
<arg>${has_host} == ${FALSE}</arg>
<arg>Set To Dictionary</arg>
<arg>${connection_args}</arg>
<arg>host=${OPENBMC_HOST}</arg>
</arguments>
<kw name="Set To Dictionary" library="Collections">
<doc>Adds the given ``key_value_pairs`` and ``items`` to the ``dictionary``.</doc>
<arguments>
<arg>${connection_args}</arg>
<arg>host=${OPENBMC_HOST}</arg>
</arguments>
<status starttime="20170607 13:21:11.879" status="PASS" endtime="20170607 13:21:11.879"></status>
</kw>
<status starttime="20170607 13:21:11.878" status="PASS" endtime="20170607 13:21:11.879"></status>
</kw>
<kw name="Run Keyword If" library="BuiltIn">
<doc>Runs the given keyword with the given arguments, if ``condition`` is true.</doc>
<arguments>
<arg>'${SSH_PORT}' != '${EMPTY}' and '${HTTPS_PORT}' != '${EMPTY}'</arg>
<arg>User input SSH and HTTPs Ports</arg>
</arguments>
<kw name="User input SSH and HTTPs Ports" library="connection_client">
<doc>Update the global SSH and HTTPs port variable for QEMU</doc>
<kw name="Convert To Integer" library="BuiltIn">
<doc>Converts the given item to an integer number.</doc>
<arguments>
<arg>${SSH_PORT}</arg>
</arguments>
<assign>
<var>${port_num}</var>
</assign>
<msg timestamp="20170607 13:21:11.881" level="INFO">${port_num} = 22</msg>
<status starttime="20170607 13:21:11.880" status="PASS" endtime="20170607 13:21:11.881"></status>
</kw>
<kw name="Replace Variables" library="BuiltIn">
<doc>Replaces variables in the given text with their current values.</doc>
<arguments>
<arg>${port_num}</arg>
</arguments>
<assign>
<var>${SSH_PORT}</var>
</assign>
<msg timestamp="20170607 13:21:11.881" level="INFO">${SSH_PORT} = 22</msg>
<status starttime="20170607 13:21:11.881" status="PASS" endtime="20170607 13:21:11.881"></status>
</kw>
<kw name="Convert To Integer" library="BuiltIn">
<doc>Converts the given item to an integer number.</doc>
<arguments>
<arg>${HTTPS_PORT}</arg>
</arguments>
<assign>
<var>${https_num}</var>
</assign>
<msg timestamp="20170607 13:21:11.882" level="INFO">${https_num} = 443</msg>
<status starttime="20170607 13:21:11.881" status="PASS" endtime="20170607 13:21:11.882"></status>
</kw>
<kw name="Set Global Variable" library="BuiltIn">
<doc>Makes a variable available globally in all tests and suites.</doc>
<arguments>
<arg>${AUTH_URI}</arg>
<arg>https://${OPENBMC_HOST}:${https_num}</arg>
</arguments>
<msg timestamp="20170607 13:21:11.882" level="INFO">${AUTH_URI} = https://9.3.86.161:443</msg>
<status starttime="20170607 13:21:11.882" status="PASS" endtime="20170607 13:21:11.883"></status>
</kw>
<status starttime="20170607 13:21:11.880" status="PASS" endtime="20170607 13:21:11.883"></status>
</kw>
<status starttime="20170607 13:21:11.879" status="PASS" endtime="20170607 13:21:11.883"></status>
</kw>
<kw name="Run Keyword And Return Status" library="BuiltIn">
<doc>Runs the given keyword with given arguments and returns the status as a Boolean value.</doc>
<arguments>
<arg>Dictionary Should Contain Key</arg>
<arg>${connection_args}</arg>
<arg>port</arg>
</arguments>
<assign>
<var>${has_port}</var>
</assign>
<kw name="Dictionary Should Contain Key" library="Collections">
<doc>Fails if ``key`` is not found from ``dictionary``.</doc>
<arguments>
<arg>${connection_args}</arg>
<arg>port</arg>
</arguments>
<msg timestamp="20170607 13:21:11.884" level="FAIL">Dictionary does not contain key 'port'.</msg>
<status starttime="20170607 13:21:11.883" status="FAIL" endtime="20170607 13:21:11.884"></status>
</kw>
<msg timestamp="20170607 13:21:11.884" level="INFO">${has_port} = False</msg>
<status starttime="20170607 13:21:11.883" status="PASS" endtime="20170607 13:21:11.884"></status>
</kw>
<kw name="Run Keyword If" library="BuiltIn">
<doc>Runs the given keyword with the given arguments, if ``condition`` is true.</doc>
<arguments>
<arg>'${SSH_PORT}' != '${EMPTY}' and ${has_port} == ${FALSE}</arg>
<arg>Run Keywords</arg>
<arg>Set To Dictionary</arg>
<arg>${connection_args}</arg>
<arg>port=${SSH_PORT}</arg>
<arg>AND</arg>
<arg>SSHLibrary.Open connection</arg>
<arg>&amp;{connection_args}</arg>
<arg>ELSE</arg>
<arg>Run Keyword</arg>
<arg>SSHLibrary.Open connection</arg>
<arg>&amp;{connection_args}</arg>
</arguments>
<kw name="Run Keywords" library="BuiltIn">
<doc>Executes all the given keywords in a sequence.</doc>
<arguments>
<arg>Set To Dictionary</arg>
<arg>${connection_args}</arg>
<arg>port=${SSH_PORT}</arg>
<arg>AND</arg>
<arg>SSHLibrary.Open connection</arg>
<arg>&amp;{connection_args}</arg>
</arguments>
<kw name="Set To Dictionary" library="Collections">
<doc>Adds the given ``key_value_pairs`` and ``items`` to the ``dictionary``.</doc>
<arguments>
<arg>${connection_args}</arg>
<arg>port=${SSH_PORT}</arg>
</arguments>
<status starttime="20170607 13:21:11.885" status="PASS" endtime="20170607 13:21:11.886"></status>
</kw>
<kw name="Open Connection" library="SSHLibrary">
<doc>Opens a new SSH connection to the given `host` and `port`.</doc>
<arguments>
<arg>&amp;{connection_args}</arg>
</arguments>
<status starttime="20170607 13:21:11.886" status="PASS" endtime="20170607 13:21:11.887"></status>
</kw>
<status starttime="20170607 13:21:11.885" status="PASS" endtime="20170607 13:21:11.887"></status>
</kw>
<status starttime="20170607 13:21:11.884" status="PASS" endtime="20170607 13:21:11.887"></status>
</kw>
<kw name="Login" library="SSHLibrary">
<doc>Logs into the SSH server with the given `username` and `password`.</doc>
<arguments>
<arg>${username}</arg>
<arg>${password}</arg>
</arguments>
<msg timestamp="20170607 13:21:11.887" level="INFO">Logging into '9.3.86.161:22' as 'root'.</msg>
<msg timestamp="20170607 13:21:13.599" level="INFO">Read output: root@witherspoon:~#</msg>
<status starttime="20170607 13:21:11.887" status="PASS" endtime="20170607 13:21:13.599"></status>
</kw>
<status starttime="20170607 13:21:11.876" status="PASS" endtime="20170607 13:21:13.599"></status>
</kw>
<kw name="Run Keyword And Ignore Error" library="BuiltIn">
<doc>Runs the given keyword with the given arguments and ignores possible error.</doc>
<arguments>
<arg>Log BMC Driver Details</arg>
</arguments>
<kw name="Log BMC Driver Details">
<doc>Get BMC driver details and log.</doc>
<kw name="Execute Command" library="SSHLibrary">
<doc>Executes `command` on the remote machine and returns its outputs.</doc>
<arguments>
<arg>${DRIVER_CMD}</arg>
<arg>return_stderr=True</arg>
</arguments>
<assign>
<var>${output}</var>
<var>${stderr}</var>
</assign>
<msg timestamp="20170607 13:21:13.601" level="INFO">Executing command 'cat /etc/os-release | grep ^VERSION_ID='.</msg>
<msg timestamp="20170607 13:21:13.689" level="INFO">Command exited with return code 0.</msg>
<msg timestamp="20170607 13:21:13.689" level="INFO">${output} = VERSION_ID="v1.99.6-78-gfd4d3cc"</msg>
<msg timestamp="20170607 13:21:13.689" level="INFO">${stderr} = </msg>
<status starttime="20170607 13:21:13.601" status="PASS" endtime="20170607 13:21:13.689"></status>
</kw>
<kw name="Should Be Empty" library="BuiltIn">
<doc>Verifies that the given item is empty.</doc>
<arguments>
<arg>${stderr}</arg>
</arguments>
<msg timestamp="20170607 13:21:13.690" level="INFO">Length is 0</msg>
<status starttime="20170607 13:21:13.690" status="PASS" endtime="20170607 13:21:13.691"></status>
</kw>
<kw name="Log" library="BuiltIn">
<doc>Logs the given message with the given level.</doc>
<arguments>
<arg>${output}</arg>
</arguments>
<msg timestamp="20170607 13:21:13.691" level="INFO">VERSION_ID="v1.99.6-78-gfd4d3cc"</msg>
<status starttime="20170607 13:21:13.691" status="PASS" endtime="20170607 13:21:13.691"></status>
</kw>
<status starttime="20170607 13:21:13.600" status="PASS" endtime="20170607 13:21:13.691"></status>
</kw>
<status starttime="20170607 13:21:13.600" status="PASS" endtime="20170607 13:21:13.692"></status>
</kw>
<kw name="Run Keyword And Ignore Error" library="BuiltIn">
<doc>Runs the given keyword with the given arguments and ignores possible error.</doc>
<arguments>
<arg>Log PNOR Driver Details</arg>
</arguments>
<kw name="Log PNOR Driver Details">
<doc>Get PNOR driver details and log.</doc>
<kw name="Execute Command On BMC" library="utils">
<doc>Execute given command on BMC and return output.</doc>
<arguments>
<arg>${PNOR_CMD}</arg>
</arguments>
<assign>
<var>${pnor_details}</var>
</assign>
<kw name="Execute Command" library="SSHLibrary">
<doc>Executes `command` on the remote machine and returns its outputs.</doc>
<arguments>
<arg>${command}</arg>
<arg>return_stderr=True</arg>
</arguments>
<assign>
<var>${stdout}</var>
<var>${stderr}</var>
</assign>
<msg timestamp="20170607 13:21:13.693" level="INFO">Executing command '/usr/sbin/pflash -r /tmp/out.txt -P VERSION; cat /tmp/out.txt'.</msg>
<msg timestamp="20170607 13:21:13.945" level="INFO">Command exited with return code 0.</msg>
<msg timestamp="20170607 13:21:13.945" level="INFO">${stdout} = Reading to "/tmp/out.txt" from 0x027e0000..0x027e1000 !
[                                                  ] 0%[==================================================] 100%
IBM-witherspoon-ibm-OP9_v1.17...</msg>
<msg timestamp="20170607 13:21:13.945" level="INFO">${stderr} = </msg>
<status starttime="20170607 13:21:13.693" status="PASS" endtime="20170607 13:21:13.945"></status>
</kw>
<kw name="Should Be Empty" library="BuiltIn">
<doc>Verifies that the given item is empty.</doc>
<arguments>
<arg>${stderr}</arg>
</arguments>
<msg timestamp="20170607 13:21:13.946" level="INFO">Length is 0</msg>
<status starttime="20170607 13:21:13.946" status="PASS" endtime="20170607 13:21:13.946"></status>
</kw>
<msg timestamp="20170607 13:21:13.946" level="INFO">${pnor_details} = Reading to "/tmp/out.txt" from 0x027e0000..0x027e1000 !
[                                                  ] 0%[==================================================] 100%
IBM-witherspoon-ibm-OP9_v1.17...</msg>
<status starttime="20170607 13:21:13.692" status="PASS" endtime="20170607 13:21:13.946"></status>
</kw>
<kw name="Log" library="BuiltIn">
<doc>Logs the given message with the given level.</doc>
<arguments>
<arg>PNOR_INFO=${pnor_details}</arg>
</arguments>
<msg timestamp="20170607 13:21:13.947" level="INFO">PNOR_INFO=Reading to "/tmp/out.txt" from 0x027e0000..0x027e1000 !
[                                                  ] 0%[==================================================] 100%
IBM-witherspoon-ibm-OP9_v1.17_1.10
	op-build-v1.17-20-gbaac7a6-dirty
	buildroot-2017.02.2-7-g23118ce
	skiboot-d673ecc
	hostboot-dff36e4
	linux-4.11.2-openpower1-p062f2cf
	petitboot-v1.4.2-p9717304
	machine-xml-96746e9
	occ-bc34ad5
	hostboot-binaries-bc600e6
	capp-ucode-9c73e9f
	sbe-d770027
</msg>
<status starttime="20170607 13:21:13.946" status="PASS" endtime="20170607 13:21:13.948"></status>
</kw>
<status starttime="20170607 13:21:13.692" status="PASS" endtime="20170607 13:21:13.948"></status>
</kw>
<status starttime="20170607 13:21:13.692" status="PASS" endtime="20170607 13:21:13.948"></status>
</kw>
<kw name="Run Keyword And Ignore Error" library="BuiltIn">
<doc>Runs the given keyword with the given arguments and ignores possible error.</doc>
<arguments>
<arg>Log BMC Model</arg>
</arguments>
<kw name="Log BMC Model">
<doc>Fetch BMC Model name from system and log.</doc>
<kw name="Get BMC System Model" library="utils">
<doc>Get the BMC model from the device tree.</doc>
<assign>
<var>${bmc_model}</var>
</assign>
<kw name="Open Connection And Log In" library="connection_client">
<doc>Opens a connection with the given arguments, and logs in.</doc>
<kw name="Run Keyword And Return Status" library="BuiltIn">
<doc>Runs the given keyword with given arguments and returns the status as a Boolean value.</doc>
<arguments>
<arg>Dictionary Should Contain Key</arg>
<arg>${connection_args}</arg>
<arg>host</arg>
</arguments>
<assign>
<var>${has_host}</var>
</assign>
<kw name="Dictionary Should Contain Key" library="Collections">
<doc>Fails if ``key`` is not found from ``dictionary``.</doc>
<arguments>
<arg>${connection_args}</arg>
<arg>host</arg>
</arguments>
<msg timestamp="20170607 13:21:13.951" level="FAIL">Dictionary does not contain key 'host'.</msg>
<status starttime="20170607 13:21:13.951" status="FAIL" endtime="20170607 13:21:13.951"></status>
</kw>
<msg timestamp="20170607 13:21:13.951" level="INFO">${has_host} = False</msg>
<status starttime="20170607 13:21:13.950" status="PASS" endtime="20170607 13:21:13.951"></status>
</kw>
<kw name="Run Keyword If" library="BuiltIn">
<doc>Runs the given keyword with the given arguments, if ``condition`` is true.</doc>
<arguments>
<arg>${has_host} == ${FALSE}</arg>
<arg>Set To Dictionary</arg>
<arg>${connection_args}</arg>
<arg>host=${OPENBMC_HOST}</arg>
</arguments>
<kw name="Set To Dictionary" library="Collections">
<doc>Adds the given ``key_value_pairs`` and ``items`` to the ``dictionary``.</doc>
<arguments>
<arg>${connection_args}</arg>
<arg>host=${OPENBMC_HOST}</arg>
</arguments>
<status starttime="20170607 13:21:13.952" status="PASS" endtime="20170607 13:21:13.952"></status>
</kw>
<status starttime="20170607 13:21:13.951" status="PASS" endtime="20170607 13:21:13.952"></status>
</kw>
<kw name="Run Keyword If" library="BuiltIn">
<doc>Runs the given keyword with the given arguments, if ``condition`` is true.</doc>
<arguments>
<arg>'${SSH_PORT}' != '${EMPTY}' and '${HTTPS_PORT}' != '${EMPTY}'</arg>
<arg>User input SSH and HTTPs Ports</arg>
</arguments>
<kw name="User input SSH and HTTPs Ports" library="connection_client">
<doc>Update the global SSH and HTTPs port variable for QEMU</doc>
<kw name="Convert To Integer" library="BuiltIn">
<doc>Converts the given item to an integer number.</doc>
<arguments>
<arg>${SSH_PORT}</arg>
</arguments>
<assign>
<var>${port_num}</var>
</assign>
<msg timestamp="20170607 13:21:13.954" level="INFO">${port_num} = 22</msg>
<status starttime="20170607 13:21:13.954" status="PASS" endtime="20170607 13:21:13.954"></status>
</kw>
<kw name="Replace Variables" library="BuiltIn">
<doc>Replaces variables in the given text with their current values.</doc>
<arguments>
<arg>${port_num}</arg>
</arguments>
<assign>
<var>${SSH_PORT}</var>
</assign>
<msg timestamp="20170607 13:21:13.954" level="INFO">${SSH_PORT} = 22</msg>
<status starttime="20170607 13:21:13.954" status="PASS" endtime="20170607 13:21:13.955"></status>
</kw>
<kw name="Convert To Integer" library="BuiltIn">
<doc>Converts the given item to an integer number.</doc>
<arguments>
<arg>${HTTPS_PORT}</arg>
</arguments>
<assign>
<var>${https_num}</var>
</assign>
<msg timestamp="20170607 13:21:13.955" level="INFO">${https_num} = 443</msg>
<status starttime="20170607 13:21:13.955" status="PASS" endtime="20170607 13:21:13.955"></status>
</kw>
<kw name="Set Global Variable" library="BuiltIn">
<doc>Makes a variable available globally in all tests and suites.</doc>
<arguments>
<arg>${AUTH_URI}</arg>
<arg>https://${OPENBMC_HOST}:${https_num}</arg>
</arguments>
<msg timestamp="20170607 13:21:13.956" level="INFO">${AUTH_URI} = https://9.3.86.161:443</msg>
<status starttime="20170607 13:21:13.955" status="PASS" endtime="20170607 13:21:13.956"></status>
</kw>
<status starttime="20170607 13:21:13.953" status="PASS" endtime="20170607 13:21:13.956"></status>
</kw>
<status starttime="20170607 13:21:13.953" status="PASS" endtime="20170607 13:21:13.956"></status>
</kw>
<kw name="Run Keyword And Return Status" library="BuiltIn">
<doc>Runs the given keyword with given arguments and returns the status as a Boolean value.</doc>
<arguments>
<arg>Dictionary Should Contain Key</arg>
<arg>${connection_args}</arg>
<arg>port</arg>
</arguments>
<assign>
<var>${has_port}</var>
</assign>
<kw name="Dictionary Should Contain Key" library="Collections">
<doc>Fails if ``key`` is not found from ``dictionary``.</doc>
<arguments>
<arg>${connection_args}</arg>
<arg>port</arg>
</arguments>
<msg timestamp="20170607 13:21:13.957" level="FAIL">Dictionary does not contain key 'port'.</msg>
<status starttime="20170607 13:21:13.957" status="FAIL" endtime="20170607 13:21:13.957"></status>
</kw>
<msg timestamp="20170607 13:21:13.957" level="INFO">${has_port} = False</msg>
<status starttime="20170607 13:21:13.956" status="PASS" endtime="20170607 13:21:13.957"></status>
</kw>
<kw name="Run Keyword If" library="BuiltIn">
<doc>Runs the given keyword with the given arguments, if ``condition`` is true.</doc>
<arguments>
<arg>'${SSH_PORT}' != '${EMPTY}' and ${has_port} == ${FALSE}</arg>
<arg>Run Keywords</arg>
<arg>Set To Dictionary</arg>
<arg>${connection_args}</arg>
<arg>port=${SSH_PORT}</arg>
<arg>AND</arg>
<arg>SSHLibrary.Open connection</arg>
<arg>&amp;{connection_args}</arg>
<arg>ELSE</arg>
<arg>Run Keyword</arg>
<arg>SSHLibrary.Open connection</arg>
<arg>&amp;{connection_args}</arg>
</arguments>
<kw name="Run Keywords" library="BuiltIn">
<doc>Executes all the given keywords in a sequence.</doc>
<arguments>
<arg>Set To Dictionary</arg>
<arg>${connection_args}</arg>
<arg>port=${SSH_PORT}</arg>
<arg>AND</arg>
<arg>SSHLibrary.Open connection</arg>
<arg>&amp;{connection_args}</arg>
</arguments>
<kw name="Set To Dictionary" library="Collections">
<doc>Adds the given ``key_value_pairs`` and ``items`` to the ``dictionary``.</doc>
<arguments>
<arg>${connection_args}</arg>
<arg>port=${SSH_PORT}</arg>
</arguments>
<status starttime="20170607 13:21:13.959" status="PASS" endtime="20170607 13:21:13.959"></status>
</kw>
<kw name="Open Connection" library="SSHLibrary">
<doc>Opens a new SSH connection to the given `host` and `port`.</doc>
<arguments>
<arg>&amp;{connection_args}</arg>
</arguments>
<status starttime="20170607 13:21:13.960" status="PASS" endtime="20170607 13:21:13.960"></status>
</kw>
<status starttime="20170607 13:21:13.958" status="PASS" endtime="20170607 13:21:13.960"></status>
</kw>
<status starttime="20170607 13:21:13.958" status="PASS" endtime="20170607 13:21:13.960"></status>
</kw>
<kw name="Login" library="SSHLibrary">
<doc>Logs into the SSH server with the given `username` and `password`.</doc>
<arguments>
<arg>${username}</arg>
<arg>${password}</arg>
</arguments>
<msg timestamp="20170607 13:21:13.961" level="INFO">Logging into '9.3.86.161:22' as 'root'.</msg>
<msg timestamp="20170607 13:21:15.803" level="INFO">Read output: root@witherspoon:~#</msg>
<status starttime="20170607 13:21:13.960" status="PASS" endtime="20170607 13:21:15.804"></status>
</kw>
<status starttime="20170607 13:21:13.949" status="PASS" endtime="20170607 13:21:15.804"></status>
</kw>
<kw name="Execute Command" library="SSHLibrary">
<doc>Executes `command` on the remote machine and returns its outputs.</doc>
<arguments>
<arg>cat ${devicetree_base} | cut -d " " -f 1</arg>
<arg>return_stderr=True</arg>
</arguments>
<assign>
<var>${bmc_model}</var>
<var>${stderr}</var>
</assign>
<msg timestamp="20170607 13:21:15.805" level="INFO">Executing command 'cat /sys/firmware/devicetree/base/model | cut -d " " -f 1'.</msg>
<msg timestamp="20170607 13:21:15.882" level="INFO">Command exited with return code 0.</msg>
<msg timestamp="20170607 13:21:15.882" level="INFO">${bmc_model} = Witherspoon</msg>
<msg timestamp="20170607 13:21:15.882" level="INFO">${stderr} = </msg>
<status starttime="20170607 13:21:15.804" status="PASS" endtime="20170607 13:21:15.882"></status>
</kw>
<kw name="Should Be Empty" library="BuiltIn">
<doc>Verifies that the given item is empty.</doc>
<arguments>
<arg>${stderr}</arg>
</arguments>
<msg timestamp="20170607 13:21:15.882" level="INFO">Length is 0</msg>
<status starttime="20170607 13:21:15.882" status="PASS" endtime="20170607 13:21:15.882"></status>
</kw>
<kw name="Should Not Be Empty" library="BuiltIn">
<doc>Verifies that the given item is not empty.</doc>
<arguments>
<arg>${bmc_model}</arg>
</arguments>
<msg timestamp="20170607 13:21:15.883" level="INFO">Length is 11</msg>
<status starttime="20170607 13:21:15.883" status="PASS" endtime="20170607 13:21:15.883"></status>
</kw>
<msg timestamp="20170607 13:21:15.883" level="INFO">${bmc_model} = Witherspoon</msg>
<status starttime="20170607 13:21:13.949" status="PASS" endtime="20170607 13:21:15.883"></status>
</kw>
<kw name="Log" library="BuiltIn">
<doc>Logs the given message with the given level.</doc>
<arguments>
<arg>BMC Model=${bmc_model}</arg>
</arguments>
<msg timestamp="20170607 13:21:15.884" level="INFO">BMC Model=Witherspoon</msg>
<status starttime="20170607 13:21:15.883" status="PASS" endtime="20170607 13:21:15.884"></status>
</kw>
<status starttime="20170607 13:21:13.948" status="PASS" endtime="20170607 13:21:15.884"></status>
</kw>
<status starttime="20170607 13:21:13.948" status="PASS" endtime="20170607 13:21:15.884"></status>
</kw>
<kw name="Run Keyword And Ignore Error" library="BuiltIn">
<doc>Runs the given keyword with the given arguments and ignores possible error.</doc>
<arguments>
<arg>Enable Core Dump On BMC</arg>
</arguments>
<kw name="Enable Core Dump On BMC" library="utils">
<doc>Enable core dump collection.</doc>
<kw name="Open Connection And Log In" library="connection_client">
<doc>Opens a connection with the given arguments, and logs in.</doc>
<kw name="Run Keyword And Return Status" library="BuiltIn">
<doc>Runs the given keyword with given arguments and returns the status as a Boolean value.</doc>
<arguments>
<arg>Dictionary Should Contain Key</arg>
<arg>${connection_args}</arg>
<arg>host</arg>
</arguments>
<assign>
<var>${has_host}</var>
</assign>
<kw name="Dictionary Should Contain Key" library="Collections">
<doc>Fails if ``key`` is not found from ``dictionary``.</doc>
<arguments>
<arg>${connection_args}</arg>
<arg>host</arg>
</arguments>
<msg timestamp="20170607 13:21:15.886" level="FAIL">Dictionary does not contain key 'host'.</msg>
<status starttime="20170607 13:21:15.886" status="FAIL" endtime="20170607 13:21:15.886"></status>
</kw>
<msg timestamp="20170607 13:21:15.886" level="INFO">${has_host} = False</msg>
<status starttime="20170607 13:21:15.885" status="PASS" endtime="20170607 13:21:15.886"></status>
</kw>
<kw name="Run Keyword If" library="BuiltIn">
<doc>Runs the given keyword with the given arguments, if ``condition`` is true.</doc>
<arguments>
<arg>${has_host} == ${FALSE}</arg>
<arg>Set To Dictionary</arg>
<arg>${connection_args}</arg>
<arg>host=${OPENBMC_HOST}</arg>
</arguments>
<kw name="Set To Dictionary" library="Collections">
<doc>Adds the given ``key_value_pairs`` and ``items`` to the ``dictionary``.</doc>
<arguments>
<arg>${connection_args}</arg>
<arg>host=${OPENBMC_HOST}</arg>
</arguments>
<status starttime="20170607 13:21:15.887" status="PASS" endtime="20170607 13:21:15.888"></status>
</kw>
<status starttime="20170607 13:21:15.887" status="PASS" endtime="20170607 13:21:15.888"></status>
</kw>
<kw name="Run Keyword If" library="BuiltIn">
<doc>Runs the given keyword with the given arguments, if ``condition`` is true.</doc>
<arguments>
<arg>'${SSH_PORT}' != '${EMPTY}' and '${HTTPS_PORT}' != '${EMPTY}'</arg>
<arg>User input SSH and HTTPs Ports</arg>
</arguments>
<kw name="User input SSH and HTTPs Ports" library="connection_client">
<doc>Update the global SSH and HTTPs port variable for QEMU</doc>
<kw name="Convert To Integer" library="BuiltIn">
<doc>Converts the given item to an integer number.</doc>
<arguments>
<arg>${SSH_PORT}</arg>
</arguments>
<assign>
<var>${port_num}</var>
</assign>
<msg timestamp="20170607 13:21:15.889" level="INFO">${port_num} = 22</msg>
<status starttime="20170607 13:21:15.889" status="PASS" endtime="20170607 13:21:15.889"></status>
</kw>
<kw name="Replace Variables" library="BuiltIn">
<doc>Replaces variables in the given text with their current values.</doc>
<arguments>
<arg>${port_num}</arg>
</arguments>
<assign>
<var>${SSH_PORT}</var>
</assign>
<msg timestamp="20170607 13:21:15.890" level="INFO">${SSH_PORT} = 22</msg>
<status starttime="20170607 13:21:15.890" status="PASS" endtime="20170607 13:21:15.890"></status>
</kw>
<kw name="Convert To Integer" library="BuiltIn">
<doc>Converts the given item to an integer number.</doc>
<arguments>
<arg>${HTTPS_PORT}</arg>
</arguments>
<assign>
<var>${https_num}</var>
</assign>
<msg timestamp="20170607 13:21:15.890" level="INFO">${https_num} = 443</msg>
<status starttime="20170607 13:21:15.890" status="PASS" endtime="20170607 13:21:15.891"></status>
</kw>
<kw name="Set Global Variable" library="BuiltIn">
<doc>Makes a variable available globally in all tests and suites.</doc>
<arguments>
<arg>${AUTH_URI}</arg>
<arg>https://${OPENBMC_HOST}:${https_num}</arg>
</arguments>
<msg timestamp="20170607 13:21:15.891" level="INFO">${AUTH_URI} = https://9.3.86.161:443</msg>
<status starttime="20170607 13:21:15.891" status="PASS" endtime="20170607 13:21:15.891"></status>
</kw>
<status starttime="20170607 13:21:15.888" status="PASS" endtime="20170607 13:21:15.891"></status>
</kw>
<status starttime="20170607 13:21:15.888" status="PASS" endtime="20170607 13:21:15.891"></status>
</kw>
<kw name="Run Keyword And Return Status" library="BuiltIn">
<doc>Runs the given keyword with given arguments and returns the status as a Boolean value.</doc>
<arguments>
<arg>Dictionary Should Contain Key</arg>
<arg>${connection_args}</arg>
<arg>port</arg>
</arguments>
<assign>
<var>${has_port}</var>
</assign>
<kw name="Dictionary Should Contain Key" library="Collections">
<doc>Fails if ``key`` is not found from ``dictionary``.</doc>
<arguments>
<arg>${connection_args}</arg>
<arg>port</arg>
</arguments>
<msg timestamp="20170607 13:21:15.892" level="FAIL">Dictionary does not contain key 'port'.</msg>
<status starttime="20170607 13:21:15.892" status="FAIL" endtime="20170607 13:21:15.893"></status>
</kw>
<msg timestamp="20170607 13:21:15.893" level="INFO">${has_port} = False</msg>
<status starttime="20170607 13:21:15.892" status="PASS" endtime="20170607 13:21:15.893"></status>
</kw>
<kw name="Run Keyword If" library="BuiltIn">
<doc>Runs the given keyword with the given arguments, if ``condition`` is true.</doc>
<arguments>
<arg>'${SSH_PORT}' != '${EMPTY}' and ${has_port} == ${FALSE}</arg>
<arg>Run Keywords</arg>
<arg>Set To Dictionary</arg>
<arg>${connection_args}</arg>
<arg>port=${SSH_PORT}</arg>
<arg>AND</arg>
<arg>SSHLibrary.Open connection</arg>
<arg>&amp;{connection_args}</arg>
<arg>ELSE</arg>
<arg>Run Keyword</arg>
<arg>SSHLibrary.Open connection</arg>
<arg>&amp;{connection_args}</arg>
</arguments>
<kw name="Run Keywords" library="BuiltIn">
<doc>Executes all the given keywords in a sequence.</doc>
<arguments>
<arg>Set To Dictionary</arg>
<arg>${connection_args}</arg>
<arg>port=${SSH_PORT}</arg>
<arg>AND</arg>
<arg>SSHLibrary.Open connection</arg>
<arg>&amp;{connection_args}</arg>
</arguments>
<kw name="Set To Dictionary" library="Collections">
<doc>Adds the given ``key_value_pairs`` and ``items`` to the ``dictionary``.</doc>
<arguments>
<arg>${connection_args}</arg>
<arg>port=${SSH_PORT}</arg>
</arguments>
<status starttime="20170607 13:21:15.894" status="PASS" endtime="20170607 13:21:15.895"></status>
</kw>
<kw name="Open Connection" library="SSHLibrary">
<doc>Opens a new SSH connection to the given `host` and `port`.</doc>
<arguments>
<arg>&amp;{connection_args}</arg>
</arguments>
<status starttime="20170607 13:21:15.895" status="PASS" endtime="20170607 13:21:15.895"></status>
</kw>
<status starttime="20170607 13:21:15.894" status="PASS" endtime="20170607 13:21:15.895"></status>
</kw>
<status starttime="20170607 13:21:15.893" status="PASS" endtime="20170607 13:21:15.895"></status>
</kw>
<kw name="Login" library="SSHLibrary">
<doc>Logs into the SSH server with the given `username` and `password`.</doc>
<arguments>
<arg>${username}</arg>
<arg>${password}</arg>
</arguments>
<msg timestamp="20170607 13:21:15.896" level="INFO">Logging into '9.3.86.161:22' as 'root'.</msg>
<msg timestamp="20170607 13:21:17.545" level="INFO">Read output: root@witherspoon:~#</msg>
<status starttime="20170607 13:21:15.896" status="PASS" endtime="20170607 13:21:17.545"></status>
</kw>
<status starttime="20170607 13:21:15.885" status="PASS" endtime="20170607 13:21:17.546"></status>
</kw>
<kw name="Execute Command On BMC" library="utils">
<doc>Execute given command on BMC and return output.</doc>
<arguments>
<arg>echo '/tmp/core_%e.%p' | tee /proc/sys/kernel/core_pattern</arg>
</arguments>
<assign>
<var>${core_pattern}</var>
</assign>
<kw name="Execute Command" library="SSHLibrary">
<doc>Executes `command` on the remote machine and returns its outputs.</doc>
<arguments>
<arg>${command}</arg>
<arg>return_stderr=True</arg>
</arguments>
<assign>
<var>${stdout}</var>
<var>${stderr}</var>
</assign>
<msg timestamp="20170607 13:21:17.547" level="INFO">Executing command 'echo '/tmp/core_%e.%p' | tee /proc/sys/kernel/core_pattern'.</msg>
<msg timestamp="20170607 13:21:17.624" level="INFO">Command exited with return code 0.</msg>
<msg timestamp="20170607 13:21:17.624" level="INFO">${stdout} = /tmp/core_%e.%p</msg>
<msg timestamp="20170607 13:21:17.624" level="INFO">${stderr} = </msg>
<status starttime="20170607 13:21:17.546" status="PASS" endtime="20170607 13:21:17.624"></status>
</kw>
<kw name="Should Be Empty" library="BuiltIn">
<doc>Verifies that the given item is empty.</doc>
<arguments>
<arg>${stderr}</arg>
</arguments>
<msg timestamp="20170607 13:21:17.624" level="INFO">Length is 0</msg>
<status starttime="20170607 13:21:17.624" status="PASS" endtime="20170607 13:21:17.625"></status>
</kw>
<msg timestamp="20170607 13:21:17.625" level="INFO">${core_pattern} = /tmp/core_%e.%p</msg>
<status starttime="20170607 13:21:17.546" status="PASS" endtime="20170607 13:21:17.625"></status>
</kw>
<kw name="Should Be Equal As Strings" library="BuiltIn">
<doc>Fails if objects are unequal after converting them to strings.</doc>
<arguments>
<arg>${core_pattern}</arg>
<arg>/tmp/core_%e.%p</arg>
</arguments>
<status starttime="20170607 13:21:17.625" status="PASS" endtime="20170607 13:21:17.625"></status>
</kw>
<status starttime="20170607 13:21:15.885" status="PASS" endtime="20170607 13:21:17.626"></status>
</kw>
<status starttime="20170607 13:21:15.884" status="PASS" endtime="20170607 13:21:17.626"></status>
</kw>
<kw name="Run Keyword If" library="BuiltIn">
<doc>Runs the given keyword with the given arguments, if ``condition`` is true.</doc>
<arguments>
<arg>'${DEBUG_TARBALL_PATH}' != '${EMPTY}'</arg>
<arg>Run Keyword And Ignore Error</arg>
<arg>Install Debug Tarball On BMC</arg>
<arg>${DEBUG_TARBALL_PATH}</arg>
</arguments>
<status starttime="20170607 13:21:17.626" status="PASS" endtime="20170607 13:21:17.626"></status>
</kw>
<status starttime="20170607 13:21:11.875" status="PASS" endtime="20170607 13:21:17.626"></status>
</kw>
<suite id="s1-s1" source="/tmp/fspcibld/2878/obmc-robot/tests/security" name="Security">
<suite id="s1-s1-s1" source="/tmp/fspcibld/2878/obmc-robot/tests/security/test_ssl.robot" name="Test Ssl">
<test id="s1-s1-s1-t1" name="Test SSL Connection">
<kw name="Initialize OpenBMC" library="rest_client">
<kw name="Wait Until Keyword Succeeds" library="BuiltIn">
<doc>Runs the specified keyword and retries if it fails.</doc>
<arguments>
<arg>40 sec</arg>
<arg>20 sec</arg>
<arg>Post Login Request</arg>
<arg>${timeout}</arg>
<arg>${quiet}</arg>
</arguments>
<kw name="Post Login Request" library="rest_client">
<arguments>
<arg>${timeout}</arg>
<arg>${quiet}</arg>
</arguments>
<kw name="Create Session" library="RequestsLibrary.RequestsKeywords">
<doc>Create Session: create a HTTP session to a server</doc>
<arguments>
<arg>openbmc</arg>
<arg>${AUTH_URI}</arg>
<arg>timeout=${timeout}</arg>
<arg>max_retries=3</arg>
</arguments>
<msg timestamp="20170607 13:21:17.666" level="INFO">Creating Session using : alias=openbmc, url=https://9.3.86.161:443, headers={},                     cookies=None, auth=None, timeout=20, proxies=None, verify=False,                     debug=0 </msg>
<status starttime="20170607 13:21:17.666" status="PASS" endtime="20170607 13:21:17.667"></status>
</kw>
<kw name="Create Dictionary" library="BuiltIn">
<doc>Creates and returns a dictionary based on the given ``items``.</doc>
<arguments>
<arg>Content-Type=application/json</arg>
</arguments>
<assign>
<var>${headers}</var>
</assign>
<msg timestamp="20170607 13:21:17.667" level="INFO">${headers} = {u'Content-Type': u'application/json'}</msg>
<status starttime="20170607 13:21:17.667" status="PASS" endtime="20170607 13:21:17.667"></status>
</kw>
<kw name="Create List" library="BuiltIn">
<doc>Returns a list containing given items.</doc>
<arguments>
<arg>${OPENBMC_USERNAME}</arg>
<arg>${OPENBMC_PASSWORD}</arg>
</arguments>
<assign>
<var>@{credentials}</var>
</assign>
<msg timestamp="20170607 13:21:17.668" level="INFO">@{credentials} = [ root | 0penBmc ]</msg>
<status starttime="20170607 13:21:17.668" status="PASS" endtime="20170607 13:21:17.668"></status>
</kw>
<kw name="Create Dictionary" library="BuiltIn">
<doc>Creates and returns a dictionary based on the given ``items``.</doc>
<arguments>
<arg>data=@{credentials}</arg>
</arguments>
<assign>
<var>${data}</var>
</assign>
<msg timestamp="20170607 13:21:17.669" level="INFO">${data} = {u'data': [u'root', u'0penBmc']}</msg>
<status starttime="20170607 13:21:17.668" status="PASS" endtime="20170607 13:21:17.669"></status>
</kw>
<kw name="Run Keyword And Ignore Error" library="BuiltIn">
<doc>Runs the given keyword with the given arguments and ignores possible error.</doc>
<arguments>
<arg>Post Request</arg>
<arg>openbmc</arg>
<arg>/login</arg>
<arg>data=${data}</arg>
<arg>headers=${headers}</arg>
</arguments>
<assign>
<var>${status}</var>
<var>${resp}</var>
</assign>
<kw name="Post Request" library="RequestsLibrary.RequestsKeywords">
<doc>Send a POST request on the session object found using the</doc>
<arguments>
<arg>openbmc</arg>
<arg>/login</arg>
<arg>data=${data}</arg>
<arg>headers=${headers}</arg>
</arguments>
<msg timestamp="20170607 13:21:17.872" level="INFO">Post Request using : alias=openbmc, uri=/login, data={"data": ["root", "0penBmc"]}, headers={u'Content-Type': u'application/json'}, files=None, allow_redirects=True </msg>
<status starttime="20170607 13:21:17.669" status="PASS" endtime="20170607 13:21:17.872"></status>
</kw>
<msg timestamp="20170607 13:21:17.873" level="INFO">${status} = PASS</msg>
<msg timestamp="20170607 13:21:17.873" level="INFO">${resp} = &lt;Response [200]&gt;</msg>
<status starttime="20170607 13:21:17.669" status="PASS" endtime="20170607 13:21:17.873"></status>
</kw>
<kw name="Should Be Equal" library="BuiltIn">
<doc>Fails if the given objects are unequal.</doc>
<arguments>
<arg>${status}</arg>
<arg>PASS</arg>
<arg>msg=${resp}</arg>
</arguments>
<msg timestamp="20170607 13:21:17.874" level="INFO">Argument types are:
&lt;type 'str'&gt;
&lt;type 'unicode'&gt;</msg>
<status starttime="20170607 13:21:17.873" status="PASS" endtime="20170607 13:21:17.874"></status>
</kw>
<kw name="Should Be Equal As Strings" library="BuiltIn">
<doc>Fails if objects are unequal after converting them to strings.</doc>
<arguments>
<arg>${resp.status_code}</arg>
<arg>${HTTP_OK}</arg>
</arguments>
<msg timestamp="20170607 13:21:17.874" level="INFO">Argument types are:
&lt;type 'int'&gt;
&lt;type 'unicode'&gt;</msg>
<status starttime="20170607 13:21:17.874" status="PASS" endtime="20170607 13:21:17.874"></status>
</kw>
<status starttime="20170607 13:21:17.665" status="PASS" endtime="20170607 13:21:17.874"></status>
</kw>
<status starttime="20170607 13:21:17.665" status="PASS" endtime="20170607 13:21:17.875"></status>
</kw>
<status starttime="20170607 13:21:17.664" status="PASS" endtime="20170607 13:21:17.875"></status>
</kw>
<kw type="teardown" name="FFDC On Test Case Fail" library="openbmc_ffdc">
<doc>Generic FFDC entry point. Place holder to hook in</doc>
<kw name="Is Host Quiesced" library="state_manager">
<doc>Check if host state is quiesced.</doc>
<assign>
<var>${status}</var>
</assign>
<kw name="Get Host State" library="state_manager">
<doc>Return the state of the host as a string.</doc>
<assign>
<var>${host_state}</var>
</assign>
<kw name="Read Attribute" library="rest_client">
<arguments>
<arg>${HOST_STATE_URI}</arg>
<arg>CurrentHostState</arg>
<arg>quiet=${quiet}</arg>
</arguments>
<assign>
<var>${state}</var>
</assign>
<kw name="OpenBMC Get Request" library="rest_client">
<arguments>
<arg>${uri}/attr/${attr}</arg>
<arg>timeout=${timeout}</arg>
<arg>quiet=${quiet}</arg>
</arguments>
<assign>
<var>${resp}</var>
</assign>
<kw name="Initialize OpenBMC" library="rest_client">
<arguments>
<arg>${timeout}</arg>
<arg>quiet=${quiet}</arg>
</arguments>
<kw name="Wait Until Keyword Succeeds" library="BuiltIn">
<doc>Runs the specified keyword and retries if it fails.</doc>
<arguments>
<arg>40 sec</arg>
<arg>20 sec</arg>
<arg>Post Login Request</arg>
<arg>${timeout}</arg>
<arg>${quiet}</arg>
</arguments>
<kw name="Post Login Request" library="rest_client">
<arguments>
<arg>${timeout}</arg>
<arg>${quiet}</arg>
</arguments>
<kw name="Create Session" library="RequestsLibrary.RequestsKeywords">
<doc>Create Session: create a HTTP session to a server</doc>
<arguments>
<arg>openbmc</arg>
<arg>${AUTH_URI}</arg>
<arg>timeout=${timeout}</arg>
<arg>max_retries=3</arg>
</arguments>
<msg timestamp="20170607 13:21:17.881" level="INFO">Creating Session using : alias=openbmc, url=https://9.3.86.161:443, headers={},                     cookies=None, auth=None, timeout=10, proxies=None, verify=False,                     debug=0 </msg>
<status starttime="20170607 13:21:17.880" status="PASS" endtime="20170607 13:21:17.881"></status>
</kw>
<kw name="Create Dictionary" library="BuiltIn">
<doc>Creates and returns a dictionary based on the given ``items``.</doc>
<arguments>
<arg>Content-Type=application/json</arg>
</arguments>
<assign>
<var>${headers}</var>
</assign>
<msg timestamp="20170607 13:21:17.882" level="INFO">${headers} = {u'Content-Type': u'application/json'}</msg>
<status starttime="20170607 13:21:17.882" status="PASS" endtime="20170607 13:21:17.882"></status>
</kw>
<kw name="Create List" library="BuiltIn">
<doc>Returns a list containing given items.</doc>
<arguments>
<arg>${OPENBMC_USERNAME}</arg>
<arg>${OPENBMC_PASSWORD}</arg>
</arguments>
<assign>
<var>@{credentials}</var>
</assign>
<msg timestamp="20170607 13:21:17.883" level="INFO">@{credentials} = [ root | 0penBmc ]</msg>
<status starttime="20170607 13:21:17.883" status="PASS" endtime="20170607 13:21:17.883"></status>
</kw>
<kw name="Create Dictionary" library="BuiltIn">
<doc>Creates and returns a dictionary based on the given ``items``.</doc>
<arguments>
<arg>data=@{credentials}</arg>
</arguments>
<assign>
<var>${data}</var>
</assign>
<msg timestamp="20170607 13:21:17.884" level="INFO">${data} = {u'data': [u'root', u'0penBmc']}</msg>
<status starttime="20170607 13:21:17.884" status="PASS" endtime="20170607 13:21:17.884"></status>
</kw>
<kw name="Run Keyword And Ignore Error" library="BuiltIn">
<doc>Runs the given keyword with the given arguments and ignores possible error.</doc>
<arguments>
<arg>Post Request</arg>
<arg>openbmc</arg>
<arg>/login</arg>
<arg>data=${data}</arg>
<arg>headers=${headers}</arg>
</arguments>
<assign>
<var>${status}</var>
<var>${resp}</var>
</assign>
<kw name="Post Request" library="RequestsLibrary.RequestsKeywords">
<doc>Send a POST request on the session object found using the</doc>
<arguments>
<arg>openbmc</arg>
<arg>/login</arg>
<arg>data=${data}</arg>
<arg>headers=${headers}</arg>
</arguments>
<msg timestamp="20170607 13:21:18.072" level="INFO">Post Request using : alias=openbmc, uri=/login, data={"data": ["root", "0penBmc"]}, headers={u'Content-Type': u'application/json'}, files=None, allow_redirects=True </msg>
<status starttime="20170607 13:21:17.885" status="PASS" endtime="20170607 13:21:18.073"></status>
</kw>
<msg timestamp="20170607 13:21:18.073" level="INFO">${status} = PASS</msg>
<msg timestamp="20170607 13:21:18.073" level="INFO">${resp} = &lt;Response [200]&gt;</msg>
<status starttime="20170607 13:21:17.885" status="PASS" endtime="20170607 13:21:18.073"></status>
</kw>
<kw name="Should Be Equal" library="BuiltIn">
<doc>Fails if the given objects are unequal.</doc>
<arguments>
<arg>${status}</arg>
<arg>PASS</arg>
<arg>msg=${resp}</arg>
</arguments>
<msg timestamp="20170607 13:21:18.074" level="INFO">Argument types are:
&lt;type 'str'&gt;
&lt;type 'unicode'&gt;</msg>
<status starttime="20170607 13:21:18.073" status="PASS" endtime="20170607 13:21:18.074"></status>
</kw>
<kw name="Should Be Equal As Strings" library="BuiltIn">
<doc>Fails if objects are unequal after converting them to strings.</doc>
<arguments>
<arg>${resp.status_code}</arg>
<arg>${HTTP_OK}</arg>
</arguments>
<msg timestamp="20170607 13:21:18.074" level="INFO">Argument types are:
&lt;type 'int'&gt;
&lt;type 'unicode'&gt;</msg>
<status starttime="20170607 13:21:18.074" status="PASS" endtime="20170607 13:21:18.074"></status>
</kw>
<status starttime="20170607 13:21:17.879" status="PASS" endtime="20170607 13:21:18.075"></status>
</kw>
<status starttime="20170607 13:21:17.879" status="PASS" endtime="20170607 13:21:18.075"></status>
</kw>
<status starttime="20170607 13:21:17.878" status="PASS" endtime="20170607 13:21:18.075"></status>
</kw>
<kw name="Catenate" library="BuiltIn">
<doc>Catenates the given items together and returns the resulted string.</doc>
<arguments>
<arg>SEPARATOR=</arg>
<arg>${DBUS_PREFIX}</arg>
<arg>${uri}</arg>
</arguments>
<assign>
<var>${base_uri}</var>
</assign>
<msg timestamp="20170607 13:21:18.075" level="INFO">${base_uri} = /xyz/openbmc_project/state/host0//attr/CurrentHostState</msg>
<status starttime="20170607 13:21:18.075" status="PASS" endtime="20170607 13:21:18.075"></status>
</kw>
<kw name="Run Keyword If" library="BuiltIn">
<doc>Runs the given keyword with the given arguments, if ``condition`` is true.</doc>
<arguments>
<arg>'${quiet}' == '${0}'</arg>
<arg>Log Request</arg>
<arg>method=Get</arg>
<arg>base_uri=${base_uri}</arg>
<arg>args=&amp;{kwargs}</arg>
</arguments>
<kw name="Log Request" library="rest_client">
<arguments>
<arg>method=Get</arg>
<arg>base_uri=${base_uri}</arg>
<arg>args=&amp;{kwargs}</arg>
</arguments>
<kw name="Catenate" library="BuiltIn">
<doc>Catenates the given items together and returns the resulted string.</doc>
<arguments>
<arg>SEPARATOR=</arg>
<arg>URI:</arg>
<arg>${AUTH_URI}</arg>
<arg>${kwargs["base_uri"]}</arg>
<arg>, method:</arg>
<arg>${kwargs["method"]}</arg>
<arg>, args:</arg>
<arg>${kwargs["args"]}</arg>
</arguments>
<assign>
<var>${msg}</var>
</assign>
<msg timestamp="20170607 13:21:18.077" level="INFO">${msg} = URI:https://9.3.86.161:443/xyz/openbmc_project/state/host0//attr/CurrentHostState, method:Get, args:{}</msg>
<status starttime="20170607 13:21:18.077" status="PASS" endtime="20170607 13:21:18.077"></status>
</kw>
<kw name="Logging" library="rest_client">
<arguments>
<arg>${msg}</arg>
<arg>console=True</arg>
</arguments>
<kw name="Log" library="BuiltIn">
<doc>Logs the given message with the given level.</doc>
<arguments>
<arg>${msg}</arg>
<arg>console=True</arg>
</arguments>
<msg timestamp="20170607 13:21:18.078" level="INFO">URI:https://9.3.86.161:443/xyz/openbmc_project/state/host0//attr/CurrentHostState, method:Get, args:{}</msg>
<status starttime="20170607 13:21:18.078" status="PASS" endtime="20170607 13:21:18.078"></status>
</kw>
<status starttime="20170607 13:21:18.078" status="PASS" endtime="20170607 13:21:18.079"></status>
</kw>
<status starttime="20170607 13:21:18.076" status="PASS" endtime="20170607 13:21:18.079"></status>
</kw>
<status starttime="20170607 13:21:18.076" status="PASS" endtime="20170607 13:21:18.079"></status>
</kw>
<kw name="Get Request" library="RequestsLibrary.RequestsKeywords">
<doc>Send a GET request on the session object found using the</doc>
<arguments>
<arg>openbmc</arg>
<arg>${base_uri}</arg>
<arg>&amp;{kwargs}</arg>
<arg>timeout=${timeout}</arg>
</arguments>
<assign>
<var>${ret}</var>
</assign>
<msg timestamp="20170607 13:21:18.143" level="INFO">Get Request using : alias=openbmc, uri=/xyz/openbmc_project/state/host0//attr/CurrentHostState, headers=None json=None</msg>
<msg timestamp="20170607 13:21:18.143" level="INFO">${ret} = &lt;Response [200]&gt;</msg>
<status starttime="20170607 13:21:18.079" status="PASS" endtime="20170607 13:21:18.143"></status>
</kw>
<kw name="Run Keyword If" library="BuiltIn">
<doc>Runs the given keyword with the given arguments, if ``condition`` is true.</doc>
<arguments>
<arg>'${quiet}' == '${0}'</arg>
<arg>Log Response</arg>
<arg>${ret}</arg>
</arguments>
<kw name="Log Response" library="rest_client">
<arguments>
<arg>${ret}</arg>
</arguments>
<kw name="Catenate" library="BuiltIn">
<doc>Catenates the given items together and returns the resulted string.</doc>
<arguments>
<arg>SEPARATOR=</arg>
<arg>Response code:</arg>
<arg>${resp.status_code}</arg>
<arg>, Content:</arg>
<arg>${resp.content}</arg>
</arguments>
<assign>
<var>${msg}</var>
</assign>
<msg timestamp="20170607 13:21:18.146" level="INFO">${msg} = Response code:200, Content:{
  "data": "xyz.openbmc_project.State.Host.HostState.Running", 
  "message": "200 OK", 
  "status": "ok"
}</msg>
<status starttime="20170607 13:21:18.145" status="PASS" endtime="20170607 13:21:18.146"></status>
</kw>
<kw name="Logging" library="rest_client">
<arguments>
<arg>${msg}</arg>
<arg>console=True</arg>
</arguments>
<kw name="Log" library="BuiltIn">
<doc>Logs the given message with the given level.</doc>
<arguments>
<arg>${msg}</arg>
<arg>console=True</arg>
</arguments>
<msg timestamp="20170607 13:21:18.147" level="INFO">Response code:200, Content:{
  "data": "xyz.openbmc_project.State.Host.HostState.Running", 
  "message": "200 OK", 
  "status": "ok"
}</msg>
<status starttime="20170607 13:21:18.147" status="PASS" endtime="20170607 13:21:18.147"></status>
</kw>
<status starttime="20170607 13:21:18.146" status="PASS" endtime="20170607 13:21:18.147"></status>
</kw>
<status starttime="20170607 13:21:18.144" status="PASS" endtime="20170607 13:21:18.147"></status>
</kw>
<status starttime="20170607 13:21:18.144" status="PASS" endtime="20170607 13:21:18.148"></status>
</kw>
<msg timestamp="20170607 13:21:18.148" level="INFO">${resp} = &lt;Response [200]&gt;</msg>
<status starttime="20170607 13:21:17.877" status="PASS" endtime="20170607 13:21:18.148"></status>
</kw>
<kw name="Should Be Equal As Strings" library="BuiltIn">
<doc>Fails if objects are unequal after converting them to strings.</doc>
<arguments>
<arg>${resp.status_code}</arg>
<arg>${HTTP_OK}</arg>
</arguments>
<msg timestamp="20170607 13:21:18.148" level="INFO">Argument types are:
&lt;type 'int'&gt;
&lt;type 'unicode'&gt;</msg>
<status starttime="20170607 13:21:18.148" status="PASS" endtime="20170607 13:21:18.148"></status>
</kw>
<kw name="To Json" library="RequestsLibrary.RequestsKeywords">
<doc>Convert a string to a JSON object</doc>
<arguments>
<arg>${resp.content}</arg>
</arguments>
<assign>
<var>${content}</var>
</assign>
<msg timestamp="20170607 13:21:18.149" level="INFO">To JSON using : content={
  "data": "xyz.openbmc_project.State.Host.HostState.Running", 
  "message": "200 OK", 
  "status": "ok"
} </msg>
<msg timestamp="20170607 13:21:18.149" level="INFO">To JSON using : pretty_print=False </msg>
<msg timestamp="20170607 13:21:18.149" level="INFO">${content} = {u'message': u'200 OK', u'status': u'ok', u'data': u'xyz.openbmc_project.State.Host.HostState.Running'}</msg>
<status starttime="20170607 13:21:18.149" status="PASS" endtime="20170607 13:21:18.149"></status>
</kw>
<msg timestamp="20170607 13:21:18.149" level="INFO">${state} = xyz.openbmc_project.State.Host.HostState.Running</msg>
<status starttime="20170607 13:21:17.876" status="PASS" endtime="20170607 13:21:18.149"></status>
</kw>
<msg timestamp="20170607 13:21:18.150" level="INFO">${host_state} = Running</msg>
<status starttime="20170607 13:21:17.876" status="PASS" endtime="20170607 13:21:18.150"></status>
</kw>
<kw name="Run Keyword And Return Status" library="BuiltIn">
<doc>Runs the given keyword with given arguments and returns the status as a Boolean value.</doc>
<arguments>
<arg>Should Be Equal</arg>
<arg>${host_state}</arg>
<arg>Quiesced</arg>
</arguments>
<assign>
<var>${status}</var>
</assign>
<kw name="Should Be Equal" library="BuiltIn">
<doc>Fails if the given objects are unequal.</doc>
<arguments>
<arg>${host_state}</arg>
<arg>Quiesced</arg>
</arguments>
<msg timestamp="20170607 13:21:18.151" level="FAIL">Running != Quiesced</msg>
<status starttime="20170607 13:21:18.151" status="FAIL" endtime="20170607 13:21:18.151"></status>
</kw>
<msg timestamp="20170607 13:21:18.151" level="INFO">${status} = False</msg>
<status starttime="20170607 13:21:18.150" status="PASS" endtime="20170607 13:21:18.151"></status>
</kw>
<msg timestamp="20170607 13:21:18.152" level="INFO">${status} = False</msg>
<status starttime="20170607 13:21:17.875" status="PASS" endtime="20170607 13:21:18.152"></status>
</kw>
<kw name="Run Keyword If" library="BuiltIn">
<doc>Runs the given keyword with the given arguments, if ``condition`` is true.</doc>
<arguments>
<arg>'${TEST_STATUS}' == 'FAIL' or '${status}'=='True'</arg>
<arg>FFDC</arg>
</arguments>
<status starttime="20170607 13:21:18.152" status="PASS" endtime="20170607 13:21:18.152"></status>
</kw>
<kw name="Run Keyword If" library="BuiltIn">
<doc>Runs the given keyword with the given arguments, if ``condition`` is true.</doc>
<arguments>
<arg>'${status}'=='True'</arg>
<arg>Recover Quiesced Host</arg>
</arguments>
<status starttime="20170607 13:21:18.153" status="PASS" endtime="20170607 13:21:18.153"></status>
</kw>
<kw name="Log Test Case Status" library="openbmc_ffdc_methods">
<doc>Test case execution result history.</doc>
<kw name="Get Variable Value" library="BuiltIn">
<doc>Returns variable value or ``default`` if the variable does not exist.</doc>
<arguments>
<arg>${FFDC_DIR_PATH_STYLE}</arg>
<arg>${EMPTY}</arg>
</arguments>
<assign>
<var>${FFDC_DIR_PATH_STYLE}</var>
</assign>
<msg timestamp="20170607 13:21:18.154" level="INFO">${FFDC_DIR_PATH_STYLE} = </msg>
<status starttime="20170607 13:21:18.154" status="PASS" endtime="20170607 13:21:18.154"></status>
</kw>
<kw name="Get Variable Value" library="BuiltIn">
<doc>Returns variable value or ``default`` if the variable does not exist.</doc>
<arguments>
<arg>${FFDC_DIR_PATH}</arg>
<arg>${EMPTY}</arg>
</arguments>
<assign>
<var>${FFDC_DIR_PATH}</var>
</assign>
<msg timestamp="20170607 13:21:18.163" level="INFO">${FFDC_DIR_PATH} = </msg>
<status starttime="20170607 13:21:18.154" status="PASS" endtime="20170607 13:21:18.163"></status>
</kw>
<kw name="Run Keyword If" library="BuiltIn">
<doc>Runs the given keyword with the given arguments, if ``condition`` is true.</doc>
<arguments>
<arg>'${FFDC_DIR_PATH}' == '${EMPTY}'</arg>
<arg>Set FFDC Defaults</arg>
</arguments>
<kw name="Set Ffdc Defaults" library="openbmc_ffdc">
<doc>Set a default value for ffdc_dir_path and ffdc_prefix if they don't</doc>
<kw name="Get Current Time Stamp" library="openbmc_ffdc_utils">
<doc>Get the current time stamp data</doc>
<kw name="Get Current Date" library="DateTime">
<doc>Returns current local or UTC time with an optional increment.</doc>
<arguments>
<arg>result_format=%Y-%m-%d %H:%M:%S:%f</arg>
</arguments>
<assign>
<var>${cur_time}</var>
</assign>
<msg timestamp="20170607 13:21:18.165" level="INFO">${cur_time} = 2017-06-07 13:21:18:164512</msg>
<status starttime="20170607 13:21:18.164" status="PASS" endtime="20170607 13:21:18.165"></status>
</kw>
<kw name="Get Strip String" library="openbmc_ffdc_list">
<doc>########################################################################</doc>
<arguments>
<arg>${cur_time}</arg>
</arguments>
<assign>
<var>${cur_time}</var>
</assign>
<msg timestamp="20170607 13:21:18.165" level="INFO">${cur_time} = 20170607132118164512</msg>
<status starttime="20170607 13:21:18.165" status="PASS" endtime="20170607 13:21:18.165"></status>
</kw>
<status starttime="20170607 13:21:18.164" status="PASS" endtime="20170607 13:21:18.166"></status>
</kw>
<msg timestamp="20170607 13:21:18.170" level="INFO">${FFDC_TIME} = 20170607132118164512</msg>
<kw name="Get Test Dir and Name" library="openbmc_ffdc_utils">
<doc>SUITE_NAME and TEST_NAME are automatic variables</doc>
<kw name="Get Strip String" library="openbmc_ffdc_list">
<doc>########################################################################</doc>
<arguments>
<arg>${SUITE_NAME}</arg>
</arguments>
<assign>
<var>${suite_name}</var>
</assign>
<msg timestamp="20170607 13:21:18.171" level="INFO">${suite_name} = TestsSecurityTestSsl</msg>
<status starttime="20170607 13:21:18.171" status="PASS" endtime="20170607 13:21:18.171"></status>
</kw>
<kw name="Catenate" library="BuiltIn">
<doc>Catenates the given items together and returns the resulted string.</doc>
<arguments>
<arg>SEPARATOR=</arg>
<arg>${FFDC_TIME}_</arg>
<arg>${suite_name}</arg>
</arguments>
<assign>
<var>${suite_name}</var>
</assign>
<msg timestamp="20170607 13:21:18.172" level="INFO">${suite_name} = 20170607132118164512_TestsSecurityTestSsl</msg>
<status starttime="20170607 13:21:18.171" status="PASS" endtime="20170607 13:21:18.172"></status>
</kw>
<kw name="Get Strip String" library="openbmc_ffdc_list">
<doc>########################################################################</doc>
<arguments>
<arg>${TEST_NAME}</arg>
</arguments>
<assign>
<var>${test_name}</var>
</assign>
<msg timestamp="20170607 13:21:18.172" level="INFO">${test_name} = TestSSLConnection</msg>
<status starttime="20170607 13:21:18.172" status="PASS" endtime="20170607 13:21:18.172"></status>
</kw>
<kw name="Catenate" library="BuiltIn">
<doc>Catenates the given items together and returns the resulted string.</doc>
<arguments>
<arg>SEPARATOR=</arg>
<arg>${FFDC_TIME}_</arg>
<arg>${test_name}</arg>
</arguments>
<assign>
<var>${test_name}</var>
</assign>
<msg timestamp="20170607 13:21:18.173" level="INFO">${test_name} = 20170607132118164512_TestSSLConnection</msg>
<status starttime="20170607 13:21:18.172" status="PASS" endtime="20170607 13:21:18.173"></status>
</kw>
<status starttime="20170607 13:21:18.170" status="PASS" endtime="20170607 13:21:18.173"></status>
</kw>
<msg timestamp="20170607 13:21:18.173" level="INFO">${FFDC_DIR_PATH} = /tmp/fspcibld/2878/obmc-robot/logs/20170607132118164512_TestsSecurityTestSsl/20170607132118164512_TestSSLConnection/</msg>
<msg timestamp="20170607 13:21:18.178" level="INFO">${FFDC_PREFIX} = 20170607132118164512_</msg>
<status starttime="20170607 13:21:18.164" status="PASS" endtime="20170607 13:21:18.178"></status>
</kw>
<status starttime="20170607 13:21:18.163" status="PASS" endtime="20170607 13:21:18.178"></status>
</kw>
<kw name="Run Keyword If" library="BuiltIn">
<doc>Runs the given keyword with the given arguments, if ``condition`` is true.</doc>
<arguments>
<arg>'${FFDC_DIR_PATH_STYLE}' == '${1}'</arg>
<arg>Run Keywords</arg>
<arg>Set Global Variable</arg>
<arg>${FFDC_LOG_PATH}</arg>
<arg>${FFDC_DIR_PATH}</arg>
<arg>AND</arg>
<arg>Set Global Variable</arg>
<arg>${TEST_HISTORY}</arg>
<arg>${FFDC_DIR_PATH}test_history.txt</arg>
</arguments>
<status starttime="20170607 13:21:18.178" status="PASS" endtime="20170607 13:21:18.179"></status>
</kw>
<kw name="Create Directory" library="OperatingSystem">
<doc>Creates the specified directory.</doc>
<arguments>
<arg>${FFDC_LOG_PATH}</arg>
</arguments>
<msg timestamp="20170607 13:21:18.179" html="yes" level="INFO">Created directory '&lt;a href="file:///tmp/fspcibld/2878/obmc-robot/logs"&gt;/tmp/fspcibld/2878/obmc-robot/logs&lt;/a&gt;'.</msg>
<status starttime="20170607 13:21:18.179" status="PASS" endtime="20170607 13:21:18.179"></status>
</kw>
<kw name="Run Keyword And Return Status" library="BuiltIn">
<doc>Runs the given keyword with given arguments and returns the status as a Boolean value.</doc>
<arguments>
<arg>OperatingSystem.File Should Exist</arg>
<arg>${TEST_HISTORY}</arg>
</arguments>
<assign>
<var>${exist}</var>
</assign>
<kw name="File Should Exist" library="OperatingSystem">
<doc>Fails unless the given ``path`` points to an existing file.</doc>
<arguments>
<arg>${TEST_HISTORY}</arg>
</arguments>
<msg timestamp="20170607 13:21:18.180" level="FAIL">File '/tmp/fspcibld/2878/obmc-robot/logs/test_history.txt' does not exist.</msg>
<status starttime="20170607 13:21:18.180" status="FAIL" endtime="20170607 13:21:18.181"></status>
</kw>
<msg timestamp="20170607 13:21:18.181" level="INFO">${exist} = False</msg>
<status starttime="20170607 13:21:18.180" status="PASS" endtime="20170607 13:21:18.181"></status>
</kw>
<kw name="Run Keyword If" library="BuiltIn">
<doc>Runs the given keyword with the given arguments, if ``condition`` is true.</doc>
<arguments>
<arg>'${exist}' == '${False}'</arg>
<arg>Create File</arg>
<arg>${TEST_HISTORY}</arg>
</arguments>
<kw name="Create File" library="OperatingSystem">
<doc>Creates a file with the given content and encoding.</doc>
<arguments>
<arg>${TEST_HISTORY}</arg>
</arguments>
<msg timestamp="20170607 13:21:18.182" html="yes" level="INFO">Created file '&lt;a href="file:///tmp/fspcibld/2878/obmc-robot/logs/test_history.txt"&gt;/tmp/fspcibld/2878/obmc-robot/logs/test_history.txt&lt;/a&gt;'.</msg>
<status starttime="20170607 13:21:18.182" status="PASS" endtime="20170607 13:21:18.182"></status>
</kw>
<status starttime="20170607 13:21:18.181" status="PASS" endtime="20170607 13:21:18.182"></status>
</kw>
<kw name="Rpvars" library="gen_robot_print">
<arguments>
<arg>TEST_HISTORY</arg>
</arguments>
<status starttime="20170607 13:21:18.182" status="PASS" endtime="20170607 13:21:18.183"></status>
</kw>
<kw name="Get Current Time Stamp" library="openbmc_ffdc_utils">
<doc>Get the current time stamp data</doc>
<assign>
<var>${cur_time}</var>
</assign>
<kw name="Get Current Date" library="DateTime">
<doc>Returns current local or UTC time with an optional increment.</doc>
<arguments>
<arg>result_format=%Y-%m-%d %H:%M:%S:%f</arg>
</arguments>
<assign>
<var>${cur_time}</var>
</assign>
<msg timestamp="20170607 13:21:18.184" level="INFO">${cur_time} = 2017-06-07 13:21:18:183432</msg>
<status starttime="20170607 13:21:18.183" status="PASS" endtime="20170607 13:21:18.184"></status>
</kw>
<kw name="Get Strip String" library="openbmc_ffdc_list">
<doc>########################################################################</doc>
<arguments>
<arg>${cur_time}</arg>
</arguments>
<assign>
<var>${cur_time}</var>
</assign>
<msg timestamp="20170607 13:21:18.184" level="INFO">${cur_time} = 20170607132118183432</msg>
<status starttime="20170607 13:21:18.184" status="PASS" endtime="20170607 13:21:18.184"></status>
</kw>
<msg timestamp="20170607 13:21:18.184" level="INFO">${cur_time} = 20170607132118183432</msg>
<status starttime="20170607 13:21:18.183" status="PASS" endtime="20170607 13:21:18.184"></status>
</kw>
<kw name="Append To File" library="OperatingSystem">
<doc>Appends the given content to the specified file.</doc>
<arguments>
<arg>${TEST_HISTORY}</arg>
<arg>${cur_time}:${SUITE_NAME}:${TEST_NAME}:${TEST_STATUS}${\n}</arg>
</arguments>
<msg timestamp="20170607 13:21:18.185" html="yes" level="INFO">Appended to file '&lt;a href="file:///tmp/fspcibld/2878/obmc-robot/logs/test_history.txt"&gt;/tmp/fspcibld/2878/obmc-robot/logs/test_history.txt&lt;/a&gt;'.</msg>
<status starttime="20170607 13:21:18.185" status="PASS" endtime="20170607 13:21:18.185"></status>
</kw>
<status starttime="20170607 13:21:18.153" status="PASS" endtime="20170607 13:21:18.185"></status>
</kw>
<status starttime="20170607 13:21:17.875" status="PASS" endtime="20170607 13:21:18.186"></status>
</kw>
<doc>This testcase is for testing the SSL connection to the
OpenBMC machine.</doc>
<tags>
<tag>Test_SSL_Connection</tag>
</tags>
<status starttime="20170607 13:21:17.663" status="PASS" critical="yes" endtime="20170607 13:21:18.186"></status>
</test>
<kw type="teardown" name="Delete All Sessions" library="RequestsLibrary.RequestsKeywords">
<doc>Removes all the session objects</doc>
<msg timestamp="20170607 13:21:18.187" level="INFO">Delete All Sessions</msg>
<status starttime="20170607 13:21:18.187" status="PASS" endtime="20170607 13:21:18.187"></status>
</kw>
<doc>This testsuite is for testing SSL connection to OpenBMC</doc>
<status starttime="20170607 13:21:17.629" status="PASS" endtime="20170607 13:21:18.187"></status>
</suite>
<status starttime="20170607 13:21:17.627" status="PASS" endtime="20170607 13:21:18.189"></status>
</suite>
<suite id="s1-s2" source="/tmp/fspcibld/2878/obmc-robot/tests/test_basic_poweron.robot" name="Test Basic Poweron">
<test id="s1-s2-t1" name="Power On Test">
<kw type="setup" name="Start SOL Console Logging" library="utils">
<doc>Start system console log to file.</doc>
<kw name="Create OS Console File Path" library="utils">
<doc>Create OS console file path name and return it.</doc>
<arguments>
<arg>${log_file_path}</arg>
</arguments>
<assign>
<var>${log_file_path}</var>
</assign>
<kw name="Catenate" library="BuiltIn">
<doc>Catenates the given items together and returns the resulted string.</doc>
<arguments>
<arg>/tmp/${OPENBMC_HOST}_os_console</arg>
</arguments>
<assign>
<var>${default_file_path}</var>
</assign>
<msg timestamp="20170607 13:21:18.230" level="INFO">${default_file_path} = /tmp/9.3.86.161_os_console</msg>
<status starttime="20170607 13:21:18.230" status="PASS" endtime="20170607 13:21:18.231"></status>
</kw>
<kw name="Set Variable If" library="BuiltIn">
<doc>Sets variable based on the given condition.</doc>
<arguments>
<arg>'${log_file_path}' == '${EMPTY}'</arg>
<arg>${default_file_path}</arg>
<arg>${log_file_path}</arg>
</arguments>
<assign>
<var>${log_file_path}</var>
</assign>
<msg timestamp="20170607 13:21:18.231" level="INFO">${log_file_path} = /tmp/9.3.86.161_os_console</msg>
<status starttime="20170607 13:21:18.231" status="PASS" endtime="20170607 13:21:18.231"></status>
</kw>
<msg timestamp="20170607 13:21:18.231" level="INFO">${log_file_path} = /tmp/9.3.86.161_os_console</msg>
<status starttime="20170607 13:21:18.230" status="PASS" endtime="20170607 13:21:18.232"></status>
</kw>
<kw name="Stop SOL Console Logging" library="utils">
<doc>Stop system console logging and return log output.</doc>
<arguments>
<arg>${log_file_path}</arg>
<arg>return_data=${return_data}</arg>
</arguments>
<assign>
<var>${log_output}</var>
</assign>
<kw name="Create OS Console File Path" library="utils">
<doc>Create OS console file path name and return it.</doc>
<arguments>
<arg>${log_file_path}</arg>
</arguments>
<assign>
<var>${log_file_path}</var>
</assign>
<kw name="Catenate" library="BuiltIn">
<doc>Catenates the given items together and returns the resulted string.</doc>
<arguments>
<arg>/tmp/${OPENBMC_HOST}_os_console</arg>
</arguments>
<assign>
<var>${default_file_path}</var>
</assign>
<msg timestamp="20170607 13:21:18.233" level="INFO">${default_file_path} = /tmp/9.3.86.161_os_console</msg>
<status starttime="20170607 13:21:18.233" status="PASS" endtime="20170607 13:21:18.233"></status>
</kw>
<kw name="Set Variable If" library="BuiltIn">
<doc>Sets variable based on the given condition.</doc>
<arguments>
<arg>'${log_file_path}' == '${EMPTY}'</arg>
<arg>${default_file_path}</arg>
<arg>${log_file_path}</arg>
</arguments>
<assign>
<var>${log_file_path}</var>
</assign>
<msg timestamp="20170607 13:21:18.234" level="INFO">${log_file_path} = /tmp/9.3.86.161_os_console</msg>
<status starttime="20170607 13:21:18.233" status="PASS" endtime="20170607 13:21:18.234"></status>
</kw>
<msg timestamp="20170607 13:21:18.234" level="INFO">${log_file_path} = /tmp/9.3.86.161_os_console</msg>
<status starttime="20170607 13:21:18.232" status="PASS" endtime="20170607 13:21:18.234"></status>
</kw>
<kw name="Create OS Console Command String" library="utils">
<doc>Return a command string to start OS console logging.</doc>
<assign>
<var>${search_string}</var>
</assign>
<kw name="Catenate" library="BuiltIn">
<doc>Catenates the given items together and returns the resulted string.</doc>
<arguments>
<arg>which ssh_pw 2&gt;&amp;1</arg>
</arguments>
<assign>
<var>${cmd_buf}</var>
</assign>
<msg timestamp="20170607 13:21:18.235" level="INFO">${cmd_buf} = which ssh_pw 2&gt;&amp;1</msg>
<status starttime="20170607 13:21:18.235" status="PASS" endtime="20170607 13:21:18.235"></status>
</kw>
<kw name="Rdpissuing" library="gen_robot_print">
<arguments>
<arg>${cmd_buf}</arg>
</arguments>
<status starttime="20170607 13:21:18.235" status="PASS" endtime="20170607 13:21:18.235"></status>
</kw>
<kw name="Run And Return Rc And Output" library="OperatingSystem">
<doc>Runs the given command in the system and returns the RC and output.</doc>
<arguments>
<arg>${cmd_buf}</arg>
</arguments>
<assign>
<var>${rc}</var>
<var>${output}</var>
</assign>
<msg timestamp="20170607 13:21:18.241" level="INFO">Running command 'which ssh_pw 2&gt;&amp;1'.</msg>
<msg timestamp="20170607 13:21:18.244" level="INFO">${rc} = 0</msg>
<msg timestamp="20170607 13:21:18.244" level="INFO">${output} = /tmp/fspcibld/2878/obmc-robot/.tox/witherspoon/bin/ssh_pw</msg>
<status starttime="20170607 13:21:18.236" status="PASS" endtime="20170607 13:21:18.244"></status>
</kw>
<kw name="Rdpvars" library="gen_robot_print">
<arguments>
<arg>rc</arg>
<arg>output</arg>
</arguments>
<status starttime="20170607 13:21:18.246" status="PASS" endtime="20170607 13:21:18.247"></status>
</kw>
<kw name="Should Be Equal" library="BuiltIn">
<doc>Fails if the given objects are unequal.</doc>
<arguments>
<arg>${rc}</arg>
<arg>${0}</arg>
<arg>msg=${output}\n</arg>
</arguments>
<status starttime="20170607 13:21:18.247" status="PASS" endtime="20170607 13:21:18.248"></status>
</kw>
<kw name="Catenate" library="BuiltIn">
<doc>Catenates the given items together and returns the resulted string.</doc>
<arguments>
<arg>ssh_pw ${OPENBMC_PASSWORD} -p 2200</arg>
<arg>-o "StrictHostKeyChecking no" ${OPENBMC_USERNAME}@${OPENBMC_HOST}</arg>
</arguments>
<assign>
<var>${cmd_buf}</var>
</assign>
<msg timestamp="20170607 13:21:18.249" level="INFO">${cmd_buf} = ssh_pw 0penBmc -p 2200 -o "StrictHostKeyChecking no" root@9.3.86.161</msg>
<status starttime="20170607 13:21:18.248" status="PASS" endtime="20170607 13:21:18.249"></status>
</kw>
<msg timestamp="20170607 13:21:18.249" level="INFO">${search_string} = ssh_pw 0penBmc -p 2200 -o "StrictHostKeyChecking no" root@9.3.86.161</msg>
<status starttime="20170607 13:21:18.234" status="PASS" endtime="20170607 13:21:18.249"></status>
</kw>
<kw name="Catenate" library="BuiltIn">
<doc>Catenates the given items together and returns the resulted string.</doc>
<arguments>
<arg>echo $(ps -ef | egrep '${search_string}'</arg>
<arg>| egrep -v grep | cut -c10-14)</arg>
</arguments>
<assign>
<var>${cmd_buf}</var>
</assign>
<msg timestamp="20170607 13:21:18.250" level="INFO">${cmd_buf} = echo $(ps -ef | egrep 'ssh_pw 0penBmc -p 2200 -o "StrictHostKeyChecking no" root@9.3.86.161' | egrep -v grep | cut -c10-14)</msg>
<status starttime="20170607 13:21:18.249" status="PASS" endtime="20170607 13:21:18.250"></status>
</kw>
<kw name="Rdpissuing" library="gen_robot_print">
<arguments>
<arg>${cmd_buf}</arg>
</arguments>
<status starttime="20170607 13:21:18.250" status="PASS" endtime="20170607 13:21:18.251"></status>
</kw>
<kw name="Run And Return Rc And Output" library="OperatingSystem">
<doc>Runs the given command in the system and returns the RC and output.</doc>
<arguments>
<arg>${cmd_buf}</arg>
</arguments>
<assign>
<var>${rc}</var>
<var>${os_con_pid}</var>
</assign>
<msg timestamp="20170607 13:21:18.258" level="INFO">Running command 'echo $(ps -ef | egrep 'ssh_pw 0penBmc -p 2200 -o "StrictHostKeyChecking no" root@9.3.86.161' | egrep -v grep | cut -c10-14) 2&gt;&amp;1'.</msg>
<msg timestamp="20170607 13:21:18.262" level="INFO">${rc} = 0</msg>
<msg timestamp="20170607 13:21:18.262" level="INFO">${os_con_pid} = </msg>
<status starttime="20170607 13:21:18.251" status="PASS" endtime="20170607 13:21:18.262"></status>
</kw>
<kw name="Rdpvars" library="gen_robot_print">
<arguments>
<arg>os_con_pid</arg>
</arguments>
<status starttime="20170607 13:21:18.264" status="PASS" endtime="20170607 13:21:18.265"></status>
</kw>
<kw name="Catenate" library="BuiltIn">
<doc>Catenates the given items together and returns the resulted string.</doc>
<arguments>
<arg>kill -9 ${os_con_pid}</arg>
</arguments>
<assign>
<var>${cmd_buf}</var>
</assign>
<msg timestamp="20170607 13:21:18.265" level="INFO">${cmd_buf} = kill -9 </msg>
<status starttime="20170607 13:21:18.265" status="PASS" endtime="20170607 13:21:18.265"></status>
</kw>
<kw name="Run Keyword If" library="BuiltIn">
<doc>Runs the given keyword with the given arguments, if ``condition`` is true.</doc>
<arguments>
<arg>'${os_con_pid}' != '${EMPTY}'</arg>
<arg>Rdpissuing</arg>
<arg>${cmd_buf}</arg>
</arguments>
<status starttime="20170607 13:21:18.266" status="PASS" endtime="20170607 13:21:18.266"></status>
</kw>
<kw name="Run Keyword If" library="BuiltIn">
<doc>Runs the given keyword with the given arguments, if ``condition`` is true.</doc>
<arguments>
<arg>'${os_con_pid}' != '${EMPTY}'</arg>
<arg>Run And Return Rc And Output</arg>
<arg>${cmd_buf}</arg>
</arguments>
<assign>
<var>${rc}</var>
<var>${output}</var>
</assign>
<msg timestamp="20170607 13:21:18.267" level="INFO">${rc} = None</msg>
<msg timestamp="20170607 13:21:18.267" level="INFO">${output} = None</msg>
<status starttime="20170607 13:21:18.267" status="PASS" endtime="20170607 13:21:18.267"></status>
</kw>
<kw name="Run Keyword If" library="BuiltIn">
<doc>Runs the given keyword with the given arguments, if ``condition`` is true.</doc>
<arguments>
<arg>'${os_con_pid}' != '${EMPTY}'</arg>
<arg>Rdpvars</arg>
<arg>rc</arg>
<arg>output</arg>
</arguments>
<status starttime="20170607 13:21:18.268" status="PASS" endtime="20170607 13:21:18.268"></status>
</kw>
<kw name="Run Keyword If" library="BuiltIn">
<doc>Runs the given keyword with the given arguments, if ``condition`` is true.</doc>
<arguments>
<arg>'${targ_file_path}' != '${EMPTY}'</arg>
<arg>Run Keyword And Ignore Error</arg>
<arg>Copy File</arg>
<arg>${log_file_path}</arg>
<arg>${targ_file_path}</arg>
</arguments>
<status starttime="20170607 13:21:18.268" status="PASS" endtime="20170607 13:21:18.269"></status>
</kw>
<kw name="Set Variable" library="BuiltIn">
<doc>Returns the given values which can then be assigned to a variables.</doc>
<arguments>
<arg>${EMPTY}</arg>
</arguments>
<assign>
<var>${output}</var>
</assign>
<msg timestamp="20170607 13:21:18.269" level="INFO">${output} = </msg>
<status starttime="20170607 13:21:18.269" status="PASS" endtime="20170607 13:21:18.269"></status>
</kw>
<kw name="Evaluate" library="BuiltIn">
<doc>Evaluates the given expression in Python and returns the results.</doc>
<arguments>
<arg>${debug}^1</arg>
</arguments>
<assign>
<var>${loc_quiet}</var>
</assign>
<msg timestamp="20170607 13:21:18.271" level="INFO">${loc_quiet} = 1</msg>
<status starttime="20170607 13:21:18.270" status="PASS" endtime="20170607 13:21:18.271"></status>
</kw>
<kw name="Run Keyword If" library="BuiltIn">
<doc>Runs the given keyword with the given arguments, if ``condition`` is true.</doc>
<arguments>
<arg>'${return_data}' == '${1}'</arg>
<arg>Cmd Fnc</arg>
<arg>cat ${log_file_path}</arg>
<arg>quiet=${loc_quiet}</arg>
<arg>print_output=${0}</arg>
</arguments>
<assign>
<var>${rc}</var>
<var>${output}</var>
</assign>
<kw name="Cmd Fnc" library="gen_cmd">
<doc>Run the given command in a shell and return the shell return code.</doc>
<arguments>
<arg>cat ${log_file_path}</arg>
<arg>quiet=${loc_quiet}</arg>
<arg>print_output=${0}</arg>
</arguments>
<status starttime="20170607 13:21:18.272" status="PASS" endtime="20170607 13:21:18.329"></status>
</kw>
<msg timestamp="20170607 13:21:18.332" level="INFO">${rc} = 1</msg>
<msg timestamp="20170607 13:21:18.333" level="INFO">${output} = cat: /tmp/9.3.86.161_os_console: No such file or directory
</msg>
<status starttime="20170607 13:21:18.271" status="PASS" endtime="20170607 13:21:18.333"></status>
</kw>
<msg timestamp="20170607 13:21:18.335" level="INFO">${log_output} = cat: /tmp/9.3.86.161_os_console: No such file or directory
</msg>
<status starttime="20170607 13:21:18.232" status="PASS" endtime="20170607 13:21:18.335"></status>
</kw>
<kw name="Create File" library="OperatingSystem">
<doc>Creates a file with the given content and encoding.</doc>
<arguments>
<arg>${log_file_path}</arg>
</arguments>
<msg timestamp="20170607 13:21:18.343" html="yes" level="INFO">Created file '&lt;a href="file:///tmp/9.3.86.161_os_console"&gt;/tmp/9.3.86.161_os_console&lt;/a&gt;'.</msg>
<status starttime="20170607 13:21:18.341" status="PASS" endtime="20170607 13:21:18.343"></status>
</kw>
<kw name="Create OS Console Command String" library="utils">
<doc>Return a command string to start OS console logging.</doc>
<assign>
<var>${sub_cmd_buf}</var>
</assign>
<kw name="Catenate" library="BuiltIn">
<doc>Catenates the given items together and returns the resulted string.</doc>
<arguments>
<arg>which ssh_pw 2&gt;&amp;1</arg>
</arguments>
<assign>
<var>${cmd_buf}</var>
</assign>
<msg timestamp="20170607 13:21:18.344" level="INFO">${cmd_buf} = which ssh_pw 2&gt;&amp;1</msg>
<status starttime="20170607 13:21:18.344" status="PASS" endtime="20170607 13:21:18.344"></status>
</kw>
<kw name="Rdpissuing" library="gen_robot_print">
<arguments>
<arg>${cmd_buf}</arg>
</arguments>
<status starttime="20170607 13:21:18.344" status="PASS" endtime="20170607 13:21:18.345"></status>
</kw>
<kw name="Run And Return Rc And Output" library="OperatingSystem">
<doc>Runs the given command in the system and returns the RC and output.</doc>
<arguments>
<arg>${cmd_buf}</arg>
</arguments>
<assign>
<var>${rc}</var>
<var>${output}</var>
</assign>
<msg timestamp="20170607 13:21:18.348" level="INFO">Running command 'which ssh_pw 2&gt;&amp;1'.</msg>
<msg timestamp="20170607 13:21:18.351" level="INFO">${rc} = 0</msg>
<msg timestamp="20170607 13:21:18.351" level="INFO">${output} = /tmp/fspcibld/2878/obmc-robot/.tox/witherspoon/bin/ssh_pw</msg>
<status starttime="20170607 13:21:18.345" status="PASS" endtime="20170607 13:21:18.351"></status>
</kw>
<kw name="Rdpvars" library="gen_robot_print">
<arguments>
<arg>rc</arg>
<arg>output</arg>
</arguments>
<status starttime="20170607 13:21:18.353" status="PASS" endtime="20170607 13:21:18.354"></status>
</kw>
<kw name="Should Be Equal" library="BuiltIn">
<doc>Fails if the given objects are unequal.</doc>
<arguments>
<arg>${rc}</arg>
<arg>${0}</arg>
<arg>msg=${output}\n</arg>
</arguments>
<status starttime="20170607 13:21:18.354" status="PASS" endtime="20170607 13:21:18.355"></status>
</kw>
<kw name="Catenate" library="BuiltIn">
<doc>Catenates the given items together and returns the resulted string.</doc>
<arguments>
<arg>ssh_pw ${OPENBMC_PASSWORD} -p 2200</arg>
<arg>-o "StrictHostKeyChecking no" ${OPENBMC_USERNAME}@${OPENBMC_HOST}</arg>
</arguments>
<assign>
<var>${cmd_buf}</var>
</assign>
<msg timestamp="20170607 13:21:18.356" level="INFO">${cmd_buf} = ssh_pw 0penBmc -p 2200 -o "StrictHostKeyChecking no" root@9.3.86.161</msg>
<status starttime="20170607 13:21:18.355" status="PASS" endtime="20170607 13:21:18.356"></status>
</kw>
<msg timestamp="20170607 13:21:18.356" level="INFO">${sub_cmd_buf} = ssh_pw 0penBmc -p 2200 -o "StrictHostKeyChecking no" root@9.3.86.161</msg>
<status starttime="20170607 13:21:18.343" status="PASS" endtime="20170607 13:21:18.356"></status>
</kw>
<kw name="Catenate" library="BuiltIn">
<doc>Catenates the given items together and returns the resulted string.</doc>
<arguments>
<arg>${sub_cmd_buf} &gt; ${log_file_path} 2&gt;&amp;1 &amp;</arg>
</arguments>
<assign>
<var>${cmd_buf}</var>
</assign>
<msg timestamp="20170607 13:21:18.357" level="INFO">${cmd_buf} = ssh_pw 0penBmc -p 2200 -o "StrictHostKeyChecking no" root@9.3.86.161 &gt; /tmp/9.3.86.161_os_console 2&gt;&amp;1 &amp;</msg>
<status starttime="20170607 13:21:18.357" status="PASS" endtime="20170607 13:21:18.357"></status>
</kw>
<kw name="Rdpissuing" library="gen_robot_print">
<arguments>
<arg>${cmd_buf}</arg>
</arguments>
<status starttime="20170607 13:21:18.358" status="PASS" endtime="20170607 13:21:18.358"></status>
</kw>
<kw name="Run And Return Rc And Output" library="OperatingSystem">
<doc>Runs the given command in the system and returns the RC and output.</doc>
<arguments>
<arg>${cmd_buf}</arg>
</arguments>
<assign>
<var>${rc}</var>
<var>${output}</var>
</assign>
<msg timestamp="20170607 13:21:18.362" level="INFO">Running command 'ssh_pw 0penBmc -p 2200 -o "StrictHostKeyChecking no" root@9.3.86.161 &gt; /tmp/9.3.86.161_os_console 2&gt;&amp;1 &amp;'.</msg>
<msg timestamp="20170607 13:21:18.364" level="INFO">${rc} = 0</msg>
<msg timestamp="20170607 13:21:18.365" level="INFO">${output} = </msg>
<status starttime="20170607 13:21:18.359" status="PASS" endtime="20170607 13:21:18.365"></status>
</kw>
<kw name="Should Be Equal" library="BuiltIn">
<doc>Fails if the given objects are unequal.</doc>
<arguments>
<arg>${rc}</arg>
<arg>${0}</arg>
</arguments>
<status starttime="20170607 13:21:18.367" status="PASS" endtime="20170607 13:21:18.368"></status>
</kw>
<status starttime="20170607 13:21:18.229" status="PASS" endtime="20170607 13:21:18.368"></status>
</kw>
<kw name="Repeat Keyword" library="BuiltIn">
<doc>Executes the specified keyword multiple times.</doc>
<arguments>
<arg>${LOOP_COUNT} times</arg>
<arg>Host Off And On</arg>
</arguments>
<msg timestamp="20170607 13:21:18.369" level="INFO">Repeating keyword, round 1/2.</msg>
<kw name="Host Off And On">
<doc>Verify power off and on.</doc>
<kw name="Initiate Host PowerOff" library="state_manager">
<doc>Initiate host power off.</doc>
<kw name="Create Dictionary" library="BuiltIn">
<doc>Creates and returns a dictionary based on the given ``items``.</doc>
<arguments>
<arg>data=${HOST_POWEROFF_TRANS}</arg>
</arguments>
<assign>
<var>${args}</var>
</assign>
<msg timestamp="20170607 13:21:18.371" level="INFO">${args} = {u'data': 'xyz.openbmc_project.State.Host.Transition.Off'}</msg>
<status starttime="20170607 13:21:18.370" status="PASS" endtime="20170607 13:21:18.371"></status>
</kw>
<kw name="Write Attribute" library="rest_client">
<arguments>
<arg>${HOST_STATE_URI}</arg>
<arg>RequestedHostTransition</arg>
<arg>data=${args}</arg>
</arguments>
<kw name="Catenate" library="BuiltIn">
<doc>Catenates the given items together and returns the resulted string.</doc>
<arguments>
<arg>SEPARATOR=</arg>
<arg>${DBUS_PREFIX}</arg>
<arg>${uri}</arg>
</arguments>
<assign>
<var>${base_uri}</var>
</assign>
<msg timestamp="20170607 13:21:18.372" level="INFO">${base_uri} = /xyz/openbmc_project/state/host0/</msg>
<status starttime="20170607 13:21:18.371" status="PASS" endtime="20170607 13:21:18.372"></status>
</kw>
<kw name="OpenBMC Put Request" library="rest_client">
<arguments>
<arg>${base_uri}/attr/${attr}</arg>
<arg>timeout=${timeout}</arg>
<arg>&amp;{kwargs}</arg>
</arguments>
<assign>
<var>${resp}</var>
</assign>
[...]
</kw>
<kw name="Run Keyword If" library="BuiltIn">
<doc>Runs the given keyword with the given arguments, if ``condition`` is true.</doc>
<arguments>
<arg>'${FFDC_DIR_PATH}' == '${EMPTY}'</arg>
<arg>Set FFDC Defaults</arg>
</arguments>
<status starttime="20170607 13:24:49.577" status="PASS" endtime="20170607 13:24:49.577"></status>
</kw>
<kw name="Run Keyword If" library="BuiltIn">
<doc>Runs the given keyword with the given arguments, if ``condition`` is true.</doc>
<arguments>
<arg>'${FFDC_DIR_PATH_STYLE}' == '${1}'</arg>
<arg>Run Keywords</arg>
<arg>Set Global Variable</arg>
<arg>${FFDC_LOG_PATH}</arg>
<arg>${FFDC_DIR_PATH}</arg>
<arg>AND</arg>
<arg>Set Global Variable</arg>
<arg>${TEST_HISTORY}</arg>
<arg>${FFDC_DIR_PATH}test_history.txt</arg>
</arguments>
<status starttime="20170607 13:24:49.577" status="PASS" endtime="20170607 13:24:49.578"></status>
</kw>
<kw name="Create Directory" library="OperatingSystem">
<doc>Creates the specified directory.</doc>
<arguments>
<arg>${FFDC_LOG_PATH}</arg>
</arguments>
<msg timestamp="20170607 13:24:49.578" html="yes" level="INFO">Directory '&lt;a href="file:///tmp/fspcibld/2878/obmc-robot/logs"&gt;/tmp/fspcibld/2878/obmc-robot/logs&lt;/a&gt;' already exists.</msg>
<status starttime="20170607 13:24:49.578" status="PASS" endtime="20170607 13:24:49.578"></status>
</kw>
<kw name="Run Keyword And Return Status" library="BuiltIn">
<doc>Runs the given keyword with given arguments and returns the status as a Boolean value.</doc>
<arguments>
<arg>OperatingSystem.File Should Exist</arg>
<arg>${TEST_HISTORY}</arg>
</arguments>
<assign>
<var>${exist}</var>
</assign>
<kw name="File Should Exist" library="OperatingSystem">
<doc>Fails unless the given ``path`` points to an existing file.</doc>
<arguments>
<arg>${TEST_HISTORY}</arg>
</arguments>
<msg timestamp="20170607 13:24:49.579" html="yes" level="INFO">File '&lt;a href="file:///tmp/fspcibld/2878/obmc-robot/logs/test_history.txt"&gt;/tmp/fspcibld/2878/obmc-robot/logs/test_history.txt&lt;/a&gt;' exists.</msg>
<status starttime="20170607 13:24:49.579" status="PASS" endtime="20170607 13:24:49.579"></status>
</kw>
<msg timestamp="20170607 13:24:49.579" level="INFO">${exist} = True</msg>
<status starttime="20170607 13:24:49.579" status="PASS" endtime="20170607 13:24:49.579"></status>
</kw>
<kw name="Run Keyword If" library="BuiltIn">
<doc>Runs the given keyword with the given arguments, if ``condition`` is true.</doc>
<arguments>
<arg>'${exist}' == '${False}'</arg>
<arg>Create File</arg>
<arg>${TEST_HISTORY}</arg>
</arguments>
<status starttime="20170607 13:24:49.580" status="PASS" endtime="20170607 13:24:49.580"></status>
</kw>
<kw name="Rpvars" library="gen_robot_print">
<arguments>
<arg>TEST_HISTORY</arg>
</arguments>
<status starttime="20170607 13:24:49.580" status="PASS" endtime="20170607 13:24:49.581"></status>
</kw>
<kw name="Get Current Time Stamp" library="openbmc_ffdc_utils">
<doc>Get the current time stamp data</doc>
<assign>
<var>${cur_time}</var>
</assign>
<kw name="Get Current Date" library="DateTime">
<doc>Returns current local or UTC time with an optional increment.</doc>
<arguments>
<arg>result_format=%Y-%m-%d %H:%M:%S:%f</arg>
</arguments>
<assign>
<var>${cur_time}</var>
</assign>
<msg timestamp="20170607 13:24:49.581" level="INFO">${cur_time} = 2017-06-07 13:24:49:581351</msg>
<status starttime="20170607 13:24:49.581" status="PASS" endtime="20170607 13:24:49.582"></status>
</kw>
<kw name="Get Strip String" library="openbmc_ffdc_list">
<doc>########################################################################</doc>
<arguments>
<arg>${cur_time}</arg>
</arguments>
<assign>
<var>${cur_time}</var>
</assign>
<msg timestamp="20170607 13:24:49.582" level="INFO">${cur_time} = 20170607132449581351</msg>
<status starttime="20170607 13:24:49.582" status="PASS" endtime="20170607 13:24:49.582"></status>
</kw>
<msg timestamp="20170607 13:24:49.582" level="INFO">${cur_time} = 20170607132449581351</msg>
<status starttime="20170607 13:24:49.581" status="PASS" endtime="20170607 13:24:49.582"></status>
</kw>
<kw name="Append To File" library="OperatingSystem">
<doc>Appends the given content to the specified file.</doc>
<arguments>
<arg>${TEST_HISTORY}</arg>
<arg>${cur_time}:${SUITE_NAME}:${TEST_NAME}:${TEST_STATUS}${\n}</arg>
</arguments>
<msg timestamp="20170607 13:24:49.583" html="yes" level="INFO">Appended to file '&lt;a href="file:///tmp/fspcibld/2878/obmc-robot/logs/test_history.txt"&gt;/tmp/fspcibld/2878/obmc-robot/logs/test_history.txt&lt;/a&gt;'.</msg>
<status starttime="20170607 13:24:49.583" status="PASS" endtime="20170607 13:24:49.583"></status>
</kw>
<status starttime="20170607 13:24:49.575" status="PASS" endtime="20170607 13:24:49.583"></status>
</kw>
<status starttime="20170607 13:24:26.800" status="PASS" endtime="20170607 13:24:49.584"></status>
</kw>
<kw name="Stop SOL Console Logging" library="utils">
<doc>Stop system console logging and return log output.</doc>
<assign>
<var>${sol_log}</var>
</assign>
<kw name="Create OS Console File Path" library="utils">
<doc>Create OS console file path name and return it.</doc>
<arguments>
<arg>${log_file_path}</arg>
</arguments>
<assign>
<var>${log_file_path}</var>
</assign>
<kw name="Catenate" library="BuiltIn">
<doc>Catenates the given items together and returns the resulted string.</doc>
<arguments>
<arg>/tmp/${OPENBMC_HOST}_os_console</arg>
</arguments>
<assign>
<var>${default_file_path}</var>
</assign>
<msg timestamp="20170607 13:24:49.585" level="INFO">${default_file_path} = /tmp/9.3.86.161_os_console</msg>
<status starttime="20170607 13:24:49.585" status="PASS" endtime="20170607 13:24:49.585"></status>
</kw>
<kw name="Set Variable If" library="BuiltIn">
<doc>Sets variable based on the given condition.</doc>
<arguments>
<arg>'${log_file_path}' == '${EMPTY}'</arg>
<arg>${default_file_path}</arg>
<arg>${log_file_path}</arg>
</arguments>
<assign>
<var>${log_file_path}</var>
</assign>
<msg timestamp="20170607 13:24:49.586" level="INFO">${log_file_path} = /tmp/9.3.86.161_os_console</msg>
<status starttime="20170607 13:24:49.585" status="PASS" endtime="20170607 13:24:49.586"></status>
</kw>
<msg timestamp="20170607 13:24:49.586" level="INFO">${log_file_path} = /tmp/9.3.86.161_os_console</msg>
<status starttime="20170607 13:24:49.584" status="PASS" endtime="20170607 13:24:49.586"></status>
</kw>
<kw name="Create OS Console Command String" library="utils">
<doc>Return a command string to start OS console logging.</doc>
<assign>
<var>${search_string}</var>
</assign>
<kw name="Catenate" library="BuiltIn">
<doc>Catenates the given items together and returns the resulted string.</doc>
<arguments>
<arg>which ssh_pw 2&gt;&amp;1</arg>
</arguments>
<assign>
<var>${cmd_buf}</var>
</assign>
<msg timestamp="20170607 13:24:49.587" level="INFO">${cmd_buf} = which ssh_pw 2&gt;&amp;1</msg>
<status starttime="20170607 13:24:49.587" status="PASS" endtime="20170607 13:24:49.587"></status>
</kw>
<kw name="Rdpissuing" library="gen_robot_print">
<arguments>
<arg>${cmd_buf}</arg>
</arguments>
<status starttime="20170607 13:24:49.587" status="PASS" endtime="20170607 13:24:49.588"></status>
</kw>
<kw name="Run And Return Rc And Output" library="OperatingSystem">
<doc>Runs the given command in the system and returns the RC and output.</doc>
<arguments>
<arg>${cmd_buf}</arg>
</arguments>
<assign>
<var>${rc}</var>
<var>${output}</var>
</assign>
<msg timestamp="20170607 13:24:49.592" level="INFO">Running command 'which ssh_pw 2&gt;&amp;1'.</msg>
<msg timestamp="20170607 13:24:49.595" level="INFO">${rc} = 0</msg>
<msg timestamp="20170607 13:24:49.595" level="INFO">${output} = /tmp/fspcibld/2878/obmc-robot/.tox/witherspoon/bin/ssh_pw</msg>
<status starttime="20170607 13:24:49.588" status="PASS" endtime="20170607 13:24:49.596"></status>
</kw>
<kw name="Rdpvars" library="gen_robot_print">
<arguments>
<arg>rc</arg>
<arg>output</arg>
</arguments>
<status starttime="20170607 13:24:49.598" status="PASS" endtime="20170607 13:24:49.599"></status>
</kw>
<kw name="Should Be Equal" library="BuiltIn">
<doc>Fails if the given objects are unequal.</doc>
<arguments>
<arg>${rc}</arg>
<arg>${0}</arg>
<arg>msg=${output}\n</arg>
</arguments>
<status starttime="20170607 13:24:49.599" status="PASS" endtime="20170607 13:24:49.600"></status>
</kw>
<kw name="Catenate" library="BuiltIn">
<doc>Catenates the given items together and returns the resulted string.</doc>
<arguments>
<arg>ssh_pw ${OPENBMC_PASSWORD} -p 2200</arg>
<arg>-o "StrictHostKeyChecking no" ${OPENBMC_USERNAME}@${OPENBMC_HOST}</arg>
</arguments>
<assign>
<var>${cmd_buf}</var>
</assign>
<msg timestamp="20170607 13:24:49.600" level="INFO">${cmd_buf} = ssh_pw 0penBmc -p 2200 -o "StrictHostKeyChecking no" root@9.3.86.161</msg>
<status starttime="20170607 13:24:49.600" status="PASS" endtime="20170607 13:24:49.600"></status>
</kw>
<msg timestamp="20170607 13:24:49.601" level="INFO">${search_string} = ssh_pw 0penBmc -p 2200 -o "StrictHostKeyChecking no" root@9.3.86.161</msg>
<status starttime="20170607 13:24:49.586" status="PASS" endtime="20170607 13:24:49.601"></status>
</kw>
<kw name="Catenate" library="BuiltIn">
<doc>Catenates the given items together and returns the resulted string.</doc>
<arguments>
<arg>echo $(ps -ef | egrep '${search_string}'</arg>
<arg>| egrep -v grep | cut -c10-14)</arg>
</arguments>
<assign>
<var>${cmd_buf}</var>
</assign>
<msg timestamp="20170607 13:24:49.602" level="INFO">${cmd_buf} = echo $(ps -ef | egrep 'ssh_pw 0penBmc -p 2200 -o "StrictHostKeyChecking no" root@9.3.86.161' | egrep -v grep | cut -c10-14)</msg>
<status starttime="20170607 13:24:49.601" status="PASS" endtime="20170607 13:24:49.602"></status>
</kw>
<kw name="Rdpissuing" library="gen_robot_print">
<arguments>
<arg>${cmd_buf}</arg>
</arguments>
<status starttime="20170607 13:24:49.602" status="PASS" endtime="20170607 13:24:49.602"></status>
</kw>
<kw name="Run And Return Rc And Output" library="OperatingSystem">
<doc>Runs the given command in the system and returns the RC and output.</doc>
<arguments>
<arg>${cmd_buf}</arg>
</arguments>
<assign>
<var>${rc}</var>
<var>${os_con_pid}</var>
</assign>
<msg timestamp="20170607 13:24:49.607" level="INFO">Running command 'echo $(ps -ef | egrep 'ssh_pw 0penBmc -p 2200 -o "StrictHostKeyChecking no" root@9.3.86.161' | egrep -v grep | cut -c10-14) 2&gt;&amp;1'.</msg>
<msg timestamp="20170607 13:24:49.618" level="INFO">${rc} = 0</msg>
<msg timestamp="20170607 13:24:49.618" level="INFO">${os_con_pid} = </msg>
<status starttime="20170607 13:24:49.602" status="PASS" endtime="20170607 13:24:49.619"></status>
</kw>
<kw name="Rdpvars" library="gen_robot_print">
<arguments>
<arg>os_con_pid</arg>
</arguments>
<status starttime="20170607 13:24:49.621" status="PASS" endtime="20170607 13:24:49.622"></status>
</kw>
<kw name="Catenate" library="BuiltIn">
<doc>Catenates the given items together and returns the resulted string.</doc>
<arguments>
<arg>kill -9 ${os_con_pid}</arg>
</arguments>
<assign>
<var>${cmd_buf}</var>
</assign>
<msg timestamp="20170607 13:24:49.623" level="INFO">${cmd_buf} = kill -9 </msg>
<status starttime="20170607 13:24:49.622" status="PASS" endtime="20170607 13:24:49.623"></status>
</kw>
<kw name="Run Keyword If" library="BuiltIn">
<doc>Runs the given keyword with the given arguments, if ``condition`` is true.</doc>
<arguments>
<arg>'${os_con_pid}' != '${EMPTY}'</arg>
<arg>Rdpissuing</arg>
<arg>${cmd_buf}</arg>
</arguments>
<status starttime="20170607 13:24:49.623" status="PASS" endtime="20170607 13:24:49.626"></status>
</kw>
<kw name="Run Keyword If" library="BuiltIn">
<doc>Runs the given keyword with the given arguments, if ``condition`` is true.</doc>
<arguments>
<arg>'${os_con_pid}' != '${EMPTY}'</arg>
<arg>Run And Return Rc And Output</arg>
<arg>${cmd_buf}</arg>
</arguments>
<assign>
<var>${rc}</var>
<var>${output}</var>
</assign>
<msg timestamp="20170607 13:24:49.627" level="INFO">${rc} = None</msg>
<msg timestamp="20170607 13:24:49.627" level="INFO">${output} = None</msg>
<status starttime="20170607 13:24:49.626" status="PASS" endtime="20170607 13:24:49.627"></status>
</kw>
<kw name="Run Keyword If" library="BuiltIn">
<doc>Runs the given keyword with the given arguments, if ``condition`` is true.</doc>
<arguments>
<arg>'${os_con_pid}' != '${EMPTY}'</arg>
<arg>Rdpvars</arg>
<arg>rc</arg>
<arg>output</arg>
</arguments>
<status starttime="20170607 13:24:49.627" status="PASS" endtime="20170607 13:24:49.628"></status>
</kw>
<kw name="Run Keyword If" library="BuiltIn">
<doc>Runs the given keyword with the given arguments, if ``condition`` is true.</doc>
<arguments>
<arg>'${targ_file_path}' != '${EMPTY}'</arg>
<arg>Run Keyword And Ignore Error</arg>
<arg>Copy File</arg>
<arg>${log_file_path}</arg>
<arg>${targ_file_path}</arg>
</arguments>
<status starttime="20170607 13:24:49.628" status="PASS" endtime="20170607 13:24:49.628"></status>
</kw>
<kw name="Set Variable" library="BuiltIn">
<doc>Returns the given values which can then be assigned to a variables.</doc>
<arguments>
<arg>${EMPTY}</arg>
</arguments>
<assign>
<var>${output}</var>
</assign>
<msg timestamp="20170607 13:24:49.629" level="INFO">${output} = </msg>
<status starttime="20170607 13:24:49.628" status="PASS" endtime="20170607 13:24:49.629"></status>
</kw>
<kw name="Evaluate" library="BuiltIn">
<doc>Evaluates the given expression in Python and returns the results.</doc>
<arguments>
<arg>${debug}^1</arg>
</arguments>
<assign>
<var>${loc_quiet}</var>
</assign>
<msg timestamp="20170607 13:24:49.629" level="INFO">${loc_quiet} = 1</msg>
<status starttime="20170607 13:24:49.629" status="PASS" endtime="20170607 13:24:49.629"></status>
</kw>
<kw name="Run Keyword If" library="BuiltIn">
<doc>Runs the given keyword with the given arguments, if ``condition`` is true.</doc>
<arguments>
<arg>'${return_data}' == '${1}'</arg>
<arg>Cmd Fnc</arg>
<arg>cat ${log_file_path}</arg>
<arg>quiet=${loc_quiet}</arg>
<arg>print_output=${0}</arg>
</arguments>
<assign>
<var>${rc}</var>
<var>${output}</var>
</assign>
<kw name="Cmd Fnc" library="gen_cmd">
<doc>Run the given command in a shell and return the shell return code.</doc>
<arguments>
<arg>cat ${log_file_path}</arg>
<arg>quiet=${loc_quiet}</arg>
<arg>print_output=${0}</arg>
</arguments>
<status starttime="20170607 13:24:49.630" status="PASS" endtime="20170607 13:24:49.661"></status>
</kw>
<msg timestamp="20170607 13:24:49.663" level="INFO">${rc} = 0</msg>
<msg timestamp="20170607 13:24:49.663" level="INFO">${output} = spawn ssh -p 2200 -o StrictHostKeyChecking no root@9.3.86.161
Warning: Permanently added '[9.3.86.161]:2200' (RSA) to the list of known hosts.
root@9.3.86.161's password: 
[   28.083998048,5] IPMI...</msg>
<status starttime="20170607 13:24:49.630" status="PASS" endtime="20170607 13:24:49.663"></status>
</kw>
<msg timestamp="20170607 13:24:49.665" level="INFO">${sol_log} = spawn ssh -p 2200 -o StrictHostKeyChecking no root@9.3.86.161
Warning: Permanently added '[9.3.86.161]:2200' (RSA) to the list of known hosts.
root@9.3.86.161's password: 
[   28.083998048,5] IPMI...</msg>
<status starttime="20170607 13:24:49.584" status="PASS" endtime="20170607 13:24:49.665"></status>
</kw>
<kw name="Log" library="BuiltIn">
<doc>Logs the given message with the given level.</doc>
<arguments>
<arg>${sol_log}</arg>
</arguments>
<msg timestamp="20170607 13:24:49.667" level="INFO">spawn ssh -p 2200 -o StrictHostKeyChecking no root@9.3.86.161
Warning: Permanently added '[9.3.86.161]:2200' (RSA) to the list of known hosts.
root@9.3.86.161's password: 
[   28.083998048,5] IPMI: Soft shutdown requested
[    7.106460] opal-power: Poweroff requested
[    7.106737] reboot: Failed to start orderly shutdown: forcing the issue
[    7.110558] reboot: Power down
[   28.100067296,5] OPAL: Shutdown request type 0x0...
[   28.138030] INFO: rcu_sched detected stalls on CPUs/tasks:
[   28.138145] 	0-...: (1 ticks this GP) idle=43b/140000000000000/0 softirq=9/9 fqs=984 
[   28.138373] 	(detected by 25, t=2102 jiffies, g=-221, c=-222, q=296)
[   28.138525] Task dump for CPU 0:
[   28.138619] kworker/28:1    R  running task        0   218      2 0x00000804
[   28.138794] Workqueue: events poweroff_work_func
[   28.138909] Call Trace:
[   28.138976] [c000201fe6f07800] [0000000000000000]           (null)
[   29.278041] INFO: rcu_sched detected expedited stalls on CPUs/tasks: { 0-... } 2108 jiffies s: 5 root: 0x1/.
[   29.278313] blocking rcu_node structures:
[   29.278406] Task dump for CPU 0:
[   29.278508] kworker/28:1    R  running task        0   218      2 0x00000804
[   29.278669] Workqueue: events poweroff_work_func
[   29.278798] Call Trace:
[   29.278860] [c000201fe6f07800] [0000000000000000]           (null)
[   91.188027] INFO: rcu_sched detected stalls on CPUs/tasks:
[   91.188126] 	0-...: (1 ticks this GP) idle=43b/140000000000000/0 softirq=9/9 fqs=3870 
[   91.188350] 	(detected by 26, t=8407 jiffies, g=-221, c=-222, q=296)
[   91.188510] Task dump for CPU 0:
[   91.188614] kworker/28:1    R  running task        0   218      2 0x00000804
[   91.188793] Workqueue: events poweroff_work_func
[   91.188919] Call Trace:
[   91.188987] [c000201fe6f07800] [0000000000000000]           (null)
[   95.208039] INFO: rcu_sched detected expedited stalls on CPUs/tasks: { 0-... } 8701 jiffies s: 5 root: 0x1/.
[   95.208270] blocking rcu_node structures:
[   95.208372] Task dump for CPU 0:
[   95.208452] kworker/28:1    R  running task        0   218      2 0x00000804
[   95.208628] Workqueue: events poweroff_work_func
[   95.208739] Call Trace:
[   95.208803] [c000201fe6f07800] [0000000000000000]           (null)
[  154.238028] INFO: rcu_sched detected stalls on CPUs/tasks:
[  154.238137] 	0-...: (1 ticks this GP) idle=43b/140000000000000/0 softirq=9/9 fqs=6761 
[  154.238343] 	(detected by 30, t=14712 jiffies, g=-221, c=-222, q=296)
[  154.238490] Task dump for CPU 0:
[  154.238577] kworker/28:1    R  running task        0   218      2 0x00000804
[  154.238748] Workqueue: events poweroff_work_func
[  154.238867] Call Trace:
[  154.238935] [c000201fe6f07800] [0000000000000000]           (null)
[  161.758039] INFO: rcu_sched detected expedited stalls on CPUs/tasks: { 0-... } 15356 jiffies s: 5 root: 0x1/.
[  161.758300] blocking rcu_node structures:
[  161.758414] Task dump for CPU 0:
[  161.758524] kworker/28:1    R  running task        0   218      2 0x00000804
[  161.758690] Workqueue: events poweroff_work_func
[  161.758800] Call Trace:
[  161.758861] [c000201fe6f07800] [0000000000000000]           (null)
</msg>
<status starttime="20170607 13:24:49.667" status="PASS" endtime="20170607 13:24:49.668"></status>
</kw>
<status starttime="20170607 13:24:26.800" status="PASS" endtime="20170607 13:24:49.668"></status>
</kw>
<doc>Power off and on.</doc>
<tags>
<tag>chassisboot</tag>
<tag>Power_On_Test</tag>
</tags>
<status starttime="20170607 13:21:18.229" status="FAIL" critical="yes" endtime="20170607 13:24:49.668">Keyword 'Is Host Off' failed after retrying for 3 minutes. The last error was: Off != Running</status>
</test>
<doc>Test power on for HW CI.</doc>
<status starttime="20170607 13:21:18.191" status="FAIL" endtime="20170607 13:24:49.670"></status>
</suite>
<doc>Set metadata for test suite.</doc>
<status starttime="20170607 13:21:11.016" status="FAIL" endtime="20170607 13:24:49.673"></status>
</suite>
<statistics>
<total>
<stat fail="1" pass="1">Critical Tests</stat>
<stat fail="1" pass="1">All Tests</stat>
</total>
<tag>
<stat fail="1" pass="0">chassisboot</stat>
<stat fail="1" pass="0">Power_On_Test</stat>
<stat fail="0" pass="1">Test_SSL_Connection</stat>
</tag>
<suite>
<stat id="s1" fail="1" pass="1" name="Tests">Tests</stat>
<stat id="s1-s1" fail="0" pass="1" name="Security">Tests.Security</stat>
<stat id="s1-s1-s1" fail="0" pass="1" name="Test Ssl">Tests.Security.Test Ssl</stat>
<stat id="s1-s2" fail="1" pass="0" name="Test Basic Poweron">Tests.Test Basic Poweron</stat>
</suite>
</statistics>
<errors>
</errors>
</robot>
