<?xml version="1.0" encoding="UTF-8"?>
<robot generator="Robot 3.0.2 (Python 2.7.12 on linux2)" generated="20170607 03:41:16.560">
<suite id="s1" source="/tmp/fspcibld/29220/obmc-robot/tests" name="Tests">
<kw type="setup" name="System Driver Data">
<doc>System driver information.</doc>
<kw name="Open Connection And Log In" library="connection_client">
<doc>Opens a connection with the given arguments, and logs in.</doc>
<kw name="Run Keyword And Return Status" library="BuiltIn">
<doc>Runs the given keyword with given arguments and returns the status as a Boolean value.</doc>
<arguments>
<arg>Dictionary Should Contain Key</arg>
<arg>${connection_args}</arg>
<arg>host</arg>
</arguments>
<assign>
<var>${has_host}</var>
</assign>
<kw name="Dictionary Should Contain Key" library="Collections">
<doc>Fails if ``key`` is not found from ``dictionary``.</doc>
<arguments>
<arg>${connection_args}</arg>
<arg>host</arg>
</arguments>
<msg level="FAIL" timestamp="20170607 03:41:17.534">Dictionary does not contain key 'host'.</msg>
<status status="FAIL" endtime="20170607 03:41:17.534" starttime="20170607 03:41:17.533"></status>
</kw>
<msg level="INFO" timestamp="20170607 03:41:17.534">${has_host} = False</msg>
<status status="PASS" endtime="20170607 03:41:17.534" starttime="20170607 03:41:17.532"></status>
</kw>
<kw name="Run Keyword If" library="BuiltIn">
<doc>Runs the given keyword with the given arguments, if ``condition`` is true.</doc>
<arguments>
<arg>${has_host} == ${FALSE}</arg>
<arg>Set To Dictionary</arg>
<arg>${connection_args}</arg>
<arg>host=${OPENBMC_HOST}</arg>
</arguments>
<kw name="Set To Dictionary" library="Collections">
<doc>Adds the given ``key_value_pairs`` and ``items`` to the ``dictionary``.</doc>
<arguments>
<arg>${connection_args}</arg>
<arg>host=${OPENBMC_HOST}</arg>
</arguments>
<status status="PASS" endtime="20170607 03:41:17.535" starttime="20170607 03:41:17.535"></status>
</kw>
<status status="PASS" endtime="20170607 03:41:17.535" starttime="20170607 03:41:17.534"></status>
</kw>
<kw name="Run Keyword If" library="BuiltIn">
<doc>Runs the given keyword with the given arguments, if ``condition`` is true.</doc>
<arguments>
<arg>'${SSH_PORT}' != '${EMPTY}' and '${HTTPS_PORT}' != '${EMPTY}'</arg>
<arg>User input SSH and HTTPs Ports</arg>
</arguments>
<kw name="User input SSH and HTTPs Ports" library="connection_client">
<doc>Update the global SSH and HTTPs port variable for QEMU</doc>
<kw name="Convert To Integer" library="BuiltIn">
<doc>Converts the given item to an integer number.</doc>
<arguments>
<arg>${SSH_PORT}</arg>
</arguments>
<assign>
<var>${port_num}</var>
</assign>
<msg level="INFO" timestamp="20170607 03:41:17.537">${port_num} = 22</msg>
<status status="PASS" endtime="20170607 03:41:17.537" starttime="20170607 03:41:17.536"></status>
</kw>
<kw name="Replace Variables" library="BuiltIn">
<doc>Replaces variables in the given text with their current values.</doc>
<arguments>
<arg>${port_num}</arg>
</arguments>
<assign>
<var>${SSH_PORT}</var>
</assign>
<msg level="INFO" timestamp="20170607 03:41:17.537">${SSH_PORT} = 22</msg>
<status status="PASS" endtime="20170607 03:41:17.537" starttime="20170607 03:41:17.537"></status>
</kw>
<kw name="Convert To Integer" library="BuiltIn">
<doc>Converts the given item to an integer number.</doc>
<arguments>
<arg>${HTTPS_PORT}</arg>
</arguments>
<assign>
<var>${https_num}</var>
</assign>
<msg level="INFO" timestamp="20170607 03:41:17.538">${https_num} = 443</msg>
<status status="PASS" endtime="20170607 03:41:17.538" starttime="20170607 03:41:17.538"></status>
</kw>
<kw name="Set Global Variable" library="BuiltIn">
<doc>Makes a variable available globally in all tests and suites.</doc>
<arguments>
<arg>${AUTH_URI}</arg>
<arg>https://${OPENBMC_HOST}:${https_num}</arg>
</arguments>
<msg level="INFO" timestamp="20170607 03:41:17.539">${AUTH_URI} = https://9.3.86.161:443</msg>
<status status="PASS" endtime="20170607 03:41:17.539" starttime="20170607 03:41:17.538"></status>
</kw>
<status status="PASS" endtime="20170607 03:41:17.539" starttime="20170607 03:41:17.536"></status>
</kw>
<status status="PASS" endtime="20170607 03:41:17.539" starttime="20170607 03:41:17.536"></status>
</kw>
<kw name="Run Keyword And Return Status" library="BuiltIn">
<doc>Runs the given keyword with given arguments and returns the status as a Boolean value.</doc>
<arguments>
<arg>Dictionary Should Contain Key</arg>
<arg>${connection_args}</arg>
<arg>port</arg>
</arguments>
<assign>
<var>${has_port}</var>
</assign>
<kw name="Dictionary Should Contain Key" library="Collections">
<doc>Fails if ``key`` is not found from ``dictionary``.</doc>
<arguments>
<arg>${connection_args}</arg>
<arg>port</arg>
</arguments>
<msg level="FAIL" timestamp="20170607 03:41:17.540">Dictionary does not contain key 'port'.</msg>
<status status="FAIL" endtime="20170607 03:41:17.540" starttime="20170607 03:41:17.540"></status>
</kw>
<msg level="INFO" timestamp="20170607 03:41:17.540">${has_port} = False</msg>
<status status="PASS" endtime="20170607 03:41:17.540" starttime="20170607 03:41:17.539"></status>
</kw>
<kw name="Run Keyword If" library="BuiltIn">
<doc>Runs the given keyword with the given arguments, if ``condition`` is true.</doc>
<arguments>
<arg>'${SSH_PORT}' != '${EMPTY}' and ${has_port} == ${FALSE}</arg>
<arg>Run Keywords</arg>
<arg>Set To Dictionary</arg>
<arg>${connection_args}</arg>
<arg>port=${SSH_PORT}</arg>
<arg>AND</arg>
<arg>SSHLibrary.Open connection</arg>
<arg>&amp;{connection_args}</arg>
<arg>ELSE</arg>
<arg>Run Keyword</arg>
<arg>SSHLibrary.Open connection</arg>
<arg>&amp;{connection_args}</arg>
</arguments>
<kw name="Run Keywords" library="BuiltIn">
<doc>Executes all the given keywords in a sequence.</doc>
<arguments>
<arg>Set To Dictionary</arg>
<arg>${connection_args}</arg>
<arg>port=${SSH_PORT}</arg>
<arg>AND</arg>
<arg>SSHLibrary.Open connection</arg>
<arg>&amp;{connection_args}</arg>
</arguments>
<kw name="Set To Dictionary" library="Collections">
<doc>Adds the given ``key_value_pairs`` and ``items`` to the ``dictionary``.</doc>
<arguments>
<arg>${connection_args}</arg>
<arg>port=${SSH_PORT}</arg>
</arguments>
<status status="PASS" endtime="20170607 03:41:17.542" starttime="20170607 03:41:17.542"></status>
</kw>
<kw name="Open Connection" library="SSHLibrary">
<doc>Opens a new SSH connection to the given `host` and `port`.</doc>
<arguments>
<arg>&amp;{connection_args}</arg>
</arguments>
<status status="PASS" endtime="20170607 03:41:17.544" starttime="20170607 03:41:17.543"></status>
</kw>
<status status="PASS" endtime="20170607 03:41:17.544" starttime="20170607 03:41:17.541"></status>
</kw>
<status status="PASS" endtime="20170607 03:41:17.544" starttime="20170607 03:41:17.540"></status>
</kw>
<kw name="Login" library="SSHLibrary">
<doc>Logs into the SSH server with the given `username` and `password`.</doc>
<arguments>
<arg>${username}</arg>
<arg>${password}</arg>
</arguments>
<msg level="INFO" timestamp="20170607 03:41:17.545">Logging into '9.3.86.161:22' as 'root'.</msg>
<msg level="INFO" timestamp="20170607 03:41:19.364">Read output: root@witherspoon:~#</msg>
<status status="PASS" endtime="20170607 03:41:19.364" starttime="20170607 03:41:17.545"></status>
</kw>
<status status="PASS" endtime="20170607 03:41:19.364" starttime="20170607 03:41:17.531"></status>
</kw>
<kw name="Run Keyword And Ignore Error" library="BuiltIn">
<doc>Runs the given keyword with the given arguments and ignores possible error.</doc>
<arguments>
<arg>Log BMC Driver Details</arg>
</arguments>
<kw name="Log BMC Driver Details">
<doc>Get BMC driver details and log.</doc>
<kw name="Execute Command" library="SSHLibrary">
<doc>Executes `command` on the remote machine and returns its outputs.</doc>
<arguments>
<arg>${DRIVER_CMD}</arg>
<arg>return_stderr=True</arg>
</arguments>
<assign>
<var>${output}</var>
<var>${stderr}</var>
</assign>
<msg level="INFO" timestamp="20170607 03:41:19.366">Executing command 'cat /etc/os-release | grep ^VERSION_ID='.</msg>
<msg level="INFO" timestamp="20170607 03:41:19.495">Command exited with return code 0.</msg>
<msg level="INFO" timestamp="20170607 03:41:19.495">${output} = VERSION_ID="v1.99.6-78-gfd4d3cc"</msg>
<msg level="INFO" timestamp="20170607 03:41:19.496">${stderr} = </msg>
<status status="PASS" endtime="20170607 03:41:19.496" starttime="20170607 03:41:19.366"></status>
</kw>
<kw name="Should Be Empty" library="BuiltIn">
<doc>Verifies that the given item is empty.</doc>
<arguments>
<arg>${stderr}</arg>
</arguments>
<msg level="INFO" timestamp="20170607 03:41:19.496">Length is 0</msg>
<status status="PASS" endtime="20170607 03:41:19.496" starttime="20170607 03:41:19.496"></status>
</kw>
<kw name="Log" library="BuiltIn">
<doc>Logs the given message with the given level.</doc>
<arguments>
<arg>${output}</arg>
</arguments>
<msg level="INFO" timestamp="20170607 03:41:19.497">VERSION_ID="v1.99.6-78-gfd4d3cc"</msg>
<status status="PASS" endtime="20170607 03:41:19.497" starttime="20170607 03:41:19.497"></status>
</kw>
<status status="PASS" endtime="20170607 03:41:19.497" starttime="20170607 03:41:19.365"></status>
</kw>
<status status="PASS" endtime="20170607 03:41:19.497" starttime="20170607 03:41:19.365"></status>
</kw>
<kw name="Run Keyword And Ignore Error" library="BuiltIn">
<doc>Runs the given keyword with the given arguments and ignores possible error.</doc>
<arguments>
<arg>Log PNOR Driver Details</arg>
</arguments>
<kw name="Log PNOR Driver Details">
<doc>Get PNOR driver details and log.</doc>
<kw name="Execute Command On BMC" library="utils">
<doc>Execute given command on BMC and return output.</doc>
<arguments>
<arg>${PNOR_CMD}</arg>
</arguments>
<assign>
<var>${pnor_details}</var>
</assign>
<kw name="Execute Command" library="SSHLibrary">
<doc>Executes `command` on the remote machine and returns its outputs.</doc>
<arguments>
<arg>${command}</arg>
<arg>return_stderr=True</arg>
</arguments>
<assign>
<var>${stdout}</var>
<var>${stderr}</var>
</assign>
<msg level="INFO" timestamp="20170607 03:41:19.499">Executing command '/usr/sbin/pflash -r /tmp/out.txt -P VERSION; cat /tmp/out.txt'.</msg>
<msg level="INFO" timestamp="20170607 03:41:19.646">Command exited with return code 0.</msg>
<msg level="INFO" timestamp="20170607 03:41:19.646">${stdout} = Reading to "/tmp/out.txt" from 0x027e0000..0x027e1000 !
[                                                  ] 0%[==================================================] 100%
IBM-witherspoon-ibm-OP9_v1.17...</msg>
<msg level="INFO" timestamp="20170607 03:41:19.646">${stderr} = </msg>
<status status="PASS" endtime="20170607 03:41:19.646" starttime="20170607 03:41:19.499"></status>
</kw>
<kw name="Should Be Empty" library="BuiltIn">
<doc>Verifies that the given item is empty.</doc>
<arguments>
<arg>${stderr}</arg>
</arguments>
<msg level="INFO" timestamp="20170607 03:41:19.647">Length is 0</msg>
<status status="PASS" endtime="20170607 03:41:19.647" starttime="20170607 03:41:19.646"></status>
</kw>
<msg level="INFO" timestamp="20170607 03:41:19.647">${pnor_details} = Reading to "/tmp/out.txt" from 0x027e0000..0x027e1000 !
[                                                  ] 0%[==================================================] 100%
IBM-witherspoon-ibm-OP9_v1.17...</msg>
<status status="PASS" endtime="20170607 03:41:19.647" starttime="20170607 03:41:19.498"></status>
</kw>
<kw name="Log" library="BuiltIn">
<doc>Logs the given message with the given level.</doc>
<arguments>
<arg>PNOR_INFO=${pnor_details}</arg>
</arguments>
<msg level="INFO" timestamp="20170607 03:41:19.647">PNOR_INFO=Reading to "/tmp/out.txt" from 0x027e0000..0x027e1000 !
[                                                  ] 0%[==================================================] 100%
IBM-witherspoon-ibm-OP9_v1.17_1.10
	op-build-v1.17-20-gbaac7a6-dirty
	buildroot-2017.02.2-7-g23118ce
	skiboot-d673ecc
	hostboot-dff36e4
	linux-4.11.2-openpower1-p062f2cf
	petitboot-v1.4.2-p9717304
	machine-xml-96746e9
	occ-bc34ad5
	hostboot-binaries-bc600e6
	capp-ucode-9c73e9f
	sbe-d770027
</msg>
<status status="PASS" endtime="20170607 03:41:19.648" starttime="20170607 03:41:19.647"></status>
</kw>
<status status="PASS" endtime="20170607 03:41:19.649" starttime="20170607 03:41:19.498"></status>
</kw>
<status status="PASS" endtime="20170607 03:41:19.649" starttime="20170607 03:41:19.498"></status>
</kw>
<kw name="Run Keyword And Ignore Error" library="BuiltIn">
<doc>Runs the given keyword with the given arguments and ignores possible error.</doc>
<arguments>
<arg>Log BMC Model</arg>
</arguments>
<kw name="Log BMC Model">
<doc>Fetch BMC Model name from system and log.</doc>
<kw name="Get BMC System Model" library="utils">
<doc>Get the BMC model from the device tree.</doc>
<assign>
<var>${bmc_model}</var>
</assign>
<kw name="Open Connection And Log In" library="connection_client">
<doc>Opens a connection with the given arguments, and logs in.</doc>
<kw name="Run Keyword And Return Status" library="BuiltIn">
<doc>Runs the given keyword with given arguments and returns the status as a Boolean value.</doc>
<arguments>
<arg>Dictionary Should Contain Key</arg>
<arg>${connection_args}</arg>
<arg>host</arg>
</arguments>
<assign>
<var>${has_host}</var>
</assign>
<kw name="Dictionary Should Contain Key" library="Collections">
<doc>Fails if ``key`` is not found from ``dictionary``.</doc>
<arguments>
<arg>${connection_args}</arg>
<arg>host</arg>
</arguments>
<msg level="FAIL" timestamp="20170607 03:41:19.651">Dictionary does not contain key 'host'.</msg>
<status status="FAIL" endtime="20170607 03:41:19.651" starttime="20170607 03:41:19.651"></status>
</kw>
<msg level="INFO" timestamp="20170607 03:41:19.651">${has_host} = False</msg>
<status status="PASS" endtime="20170607 03:41:19.651" starttime="20170607 03:41:19.650"></status>
</kw>
<kw name="Run Keyword If" library="BuiltIn">
<doc>Runs the given keyword with the given arguments, if ``condition`` is true.</doc>
<arguments>
<arg>${has_host} == ${FALSE}</arg>
<arg>Set To Dictionary</arg>
<arg>${connection_args}</arg>
<arg>host=${OPENBMC_HOST}</arg>
</arguments>
<kw name="Set To Dictionary" library="Collections">
<doc>Adds the given ``key_value_pairs`` and ``items`` to the ``dictionary``.</doc>
<arguments>
<arg>${connection_args}</arg>
<arg>host=${OPENBMC_HOST}</arg>
</arguments>
<status status="PASS" endtime="20170607 03:41:19.653" starttime="20170607 03:41:19.652"></status>
</kw>
<status status="PASS" endtime="20170607 03:41:19.653" starttime="20170607 03:41:19.652"></status>
</kw>
<kw name="Run Keyword If" library="BuiltIn">
<doc>Runs the given keyword with the given arguments, if ``condition`` is true.</doc>
<arguments>
<arg>'${SSH_PORT}' != '${EMPTY}' and '${HTTPS_PORT}' != '${EMPTY}'</arg>
<arg>User input SSH and HTTPs Ports</arg>
</arguments>
<kw name="User input SSH and HTTPs Ports" library="connection_client">
<doc>Update the global SSH and HTTPs port variable for QEMU</doc>
<kw name="Convert To Integer" library="BuiltIn">
<doc>Converts the given item to an integer number.</doc>
<arguments>
<arg>${SSH_PORT}</arg>
</arguments>
<assign>
<var>${port_num}</var>
</assign>
<msg level="INFO" timestamp="20170607 03:41:19.654">${port_num} = 22</msg>
<status status="PASS" endtime="20170607 03:41:19.654" starttime="20170607 03:41:19.654"></status>
</kw>
<kw name="Replace Variables" library="BuiltIn">
<doc>Replaces variables in the given text with their current values.</doc>
<arguments>
<arg>${port_num}</arg>
</arguments>
<assign>
<var>${SSH_PORT}</var>
</assign>
<msg level="INFO" timestamp="20170607 03:41:19.655">${SSH_PORT} = 22</msg>
<status status="PASS" endtime="20170607 03:41:19.655" starttime="20170607 03:41:19.654"></status>
</kw>
<kw name="Convert To Integer" library="BuiltIn">
<doc>Converts the given item to an integer number.</doc>
<arguments>
<arg>${HTTPS_PORT}</arg>
</arguments>
<assign>
<var>${https_num}</var>
</assign>
<msg level="INFO" timestamp="20170607 03:41:19.655">${https_num} = 443</msg>
<status status="PASS" endtime="20170607 03:41:19.655" starttime="20170607 03:41:19.655"></status>
</kw>
<kw name="Set Global Variable" library="BuiltIn">
<doc>Makes a variable available globally in all tests and suites.</doc>
<arguments>
<arg>${AUTH_URI}</arg>
<arg>https://${OPENBMC_HOST}:${https_num}</arg>
</arguments>
<msg level="INFO" timestamp="20170607 03:41:19.656">${AUTH_URI} = https://9.3.86.161:443</msg>
<status status="PASS" endtime="20170607 03:41:19.656" starttime="20170607 03:41:19.656"></status>
</kw>
<status status="PASS" endtime="20170607 03:41:19.656" starttime="20170607 03:41:19.653"></status>
</kw>
<status status="PASS" endtime="20170607 03:41:19.656" starttime="20170607 03:41:19.653"></status>
</kw>
<kw name="Run Keyword And Return Status" library="BuiltIn">
<doc>Runs the given keyword with given arguments and returns the status as a Boolean value.</doc>
<arguments>
<arg>Dictionary Should Contain Key</arg>
<arg>${connection_args}</arg>
<arg>port</arg>
</arguments>
<assign>
<var>${has_port}</var>
</assign>
<kw name="Dictionary Should Contain Key" library="Collections">
<doc>Fails if ``key`` is not found from ``dictionary``.</doc>
<arguments>
<arg>${connection_args}</arg>
<arg>port</arg>
</arguments>
<msg level="FAIL" timestamp="20170607 03:41:19.657">Dictionary does not contain key 'port'.</msg>
<status status="FAIL" endtime="20170607 03:41:19.657" starttime="20170607 03:41:19.657"></status>
</kw>
<msg level="INFO" timestamp="20170607 03:41:19.658">${has_port} = False</msg>
<status status="PASS" endtime="20170607 03:41:19.658" starttime="20170607 03:41:19.657"></status>
</kw>
<kw name="Run Keyword If" library="BuiltIn">
<doc>Runs the given keyword with the given arguments, if ``condition`` is true.</doc>
<arguments>
<arg>'${SSH_PORT}' != '${EMPTY}' and ${has_port} == ${FALSE}</arg>
<arg>Run Keywords</arg>
<arg>Set To Dictionary</arg>
<arg>${connection_args}</arg>
<arg>port=${SSH_PORT}</arg>
<arg>AND</arg>
<arg>SSHLibrary.Open connection</arg>
<arg>&amp;{connection_args}</arg>
<arg>ELSE</arg>
<arg>Run Keyword</arg>
<arg>SSHLibrary.Open connection</arg>
<arg>&amp;{connection_args}</arg>
</arguments>
<kw name="Run Keywords" library="BuiltIn">
<doc>Executes all the given keywords in a sequence.</doc>
<arguments>
<arg>Set To Dictionary</arg>
<arg>${connection_args}</arg>
<arg>port=${SSH_PORT}</arg>
<arg>AND</arg>
<arg>SSHLibrary.Open connection</arg>
<arg>&amp;{connection_args}</arg>
</arguments>
<kw name="Set To Dictionary" library="Collections">
<doc>Adds the given ``key_value_pairs`` and ``items`` to the ``dictionary``.</doc>
<arguments>
<arg>${connection_args}</arg>
<arg>port=${SSH_PORT}</arg>
</arguments>
<status status="PASS" endtime="20170607 03:41:19.660" starttime="20170607 03:41:19.659"></status>
</kw>
<kw name="Open Connection" library="SSHLibrary">
<doc>Opens a new SSH connection to the given `host` and `port`.</doc>
<arguments>
<arg>&amp;{connection_args}</arg>
</arguments>
<status status="PASS" endtime="20170607 03:41:19.660" starttime="20170607 03:41:19.660"></status>
</kw>
<status status="PASS" endtime="20170607 03:41:19.660" starttime="20170607 03:41:19.659"></status>
</kw>
<status status="PASS" endtime="20170607 03:41:19.660" starttime="20170607 03:41:19.658"></status>
</kw>
<kw name="Login" library="SSHLibrary">
<doc>Logs into the SSH server with the given `username` and `password`.</doc>
<arguments>
<arg>${username}</arg>
<arg>${password}</arg>
</arguments>
<msg level="INFO" timestamp="20170607 03:41:19.661">Logging into '9.3.86.161:22' as 'root'.</msg>
<msg level="INFO" timestamp="20170607 03:41:21.547">Read output: root@witherspoon:~#</msg>
<status status="PASS" endtime="20170607 03:41:21.548" starttime="20170607 03:41:19.661"></status>
</kw>
<status status="PASS" endtime="20170607 03:41:21.548" starttime="20170607 03:41:19.650"></status>
</kw>
<kw name="Execute Command" library="SSHLibrary">
<doc>Executes `command` on the remote machine and returns its outputs.</doc>
<arguments>
<arg>cat ${devicetree_base} | cut -d " " -f 1</arg>
<arg>return_stderr=True</arg>
</arguments>
<assign>
<var>${bmc_model}</var>
<var>${stderr}</var>
</assign>
<msg level="INFO" timestamp="20170607 03:41:21.549">Executing command 'cat /sys/firmware/devicetree/base/model | cut -d " " -f 1'.</msg>
<msg level="INFO" timestamp="20170607 03:41:21.627">Command exited with return code 0.</msg>
<msg level="INFO" timestamp="20170607 03:41:21.627">${bmc_model} = Witherspoon</msg>
<msg level="INFO" timestamp="20170607 03:41:21.627">${stderr} = </msg>
<status status="PASS" endtime="20170607 03:41:21.627" starttime="20170607 03:41:21.548"></status>
</kw>
<kw name="Should Be Empty" library="BuiltIn">
<doc>Verifies that the given item is empty.</doc>
<arguments>
<arg>${stderr}</arg>
</arguments>
<msg level="INFO" timestamp="20170607 03:41:21.628">Length is 0</msg>
<status status="PASS" endtime="20170607 03:41:21.628" starttime="20170607 03:41:21.628"></status>
</kw>
<kw name="Should Not Be Empty" library="BuiltIn">
<doc>Verifies that the given item is not empty.</doc>
<arguments>
<arg>${bmc_model}</arg>
</arguments>
<msg level="INFO" timestamp="20170607 03:41:21.629">Length is 11</msg>
<status status="PASS" endtime="20170607 03:41:21.629" starttime="20170607 03:41:21.628"></status>
</kw>
<msg level="INFO" timestamp="20170607 03:41:21.629">${bmc_model} = Witherspoon</msg>
<status status="PASS" endtime="20170607 03:41:21.629" starttime="20170607 03:41:19.649"></status>
</kw>
<kw name="Log" library="BuiltIn">
<doc>Logs the given message with the given level.</doc>
<arguments>
<arg>BMC Model=${bmc_model}</arg>
</arguments>
<msg level="INFO" timestamp="20170607 03:41:21.629">BMC Model=Witherspoon</msg>
<status status="PASS" endtime="20170607 03:41:21.629" starttime="20170607 03:41:21.629"></status>
</kw>
<status status="PASS" endtime="20170607 03:41:21.630" starttime="20170607 03:41:19.649"></status>
</kw>
<status status="PASS" endtime="20170607 03:41:21.630" starttime="20170607 03:41:19.649"></status>
</kw>
<kw name="Run Keyword And Ignore Error" library="BuiltIn">
<doc>Runs the given keyword with the given arguments and ignores possible error.</doc>
<arguments>
<arg>Enable Core Dump On BMC</arg>
</arguments>
<kw name="Enable Core Dump On BMC" library="utils">
<doc>Enable core dump collection.</doc>
<kw name="Open Connection And Log In" library="connection_client">
<doc>Opens a connection with the given arguments, and logs in.</doc>
<kw name="Run Keyword And Return Status" library="BuiltIn">
<doc>Runs the given keyword with given arguments and returns the status as a Boolean value.</doc>
<arguments>
<arg>Dictionary Should Contain Key</arg>
<arg>${connection_args}</arg>
<arg>host</arg>
</arguments>
<assign>
<var>${has_host}</var>
</assign>
<kw name="Dictionary Should Contain Key" library="Collections">
<doc>Fails if ``key`` is not found from ``dictionary``.</doc>
<arguments>
<arg>${connection_args}</arg>
<arg>host</arg>
</arguments>
<msg level="FAIL" timestamp="20170607 03:41:21.632">Dictionary does not contain key 'host'.</msg>
<status status="FAIL" endtime="20170607 03:41:21.632" starttime="20170607 03:41:21.632"></status>
</kw>
<msg level="INFO" timestamp="20170607 03:41:21.632">${has_host} = False</msg>
<status status="PASS" endtime="20170607 03:41:21.632" starttime="20170607 03:41:21.631"></status>
</kw>
<kw name="Run Keyword If" library="BuiltIn">
<doc>Runs the given keyword with the given arguments, if ``condition`` is true.</doc>
<arguments>
<arg>${has_host} == ${FALSE}</arg>
<arg>Set To Dictionary</arg>
<arg>${connection_args}</arg>
<arg>host=${OPENBMC_HOST}</arg>
</arguments>
<kw name="Set To Dictionary" library="Collections">
<doc>Adds the given ``key_value_pairs`` and ``items`` to the ``dictionary``.</doc>
<arguments>
<arg>${connection_args}</arg>
<arg>host=${OPENBMC_HOST}</arg>
</arguments>
<status status="PASS" endtime="20170607 03:41:21.633" starttime="20170607 03:41:21.633"></status>
</kw>
<status status="PASS" endtime="20170607 03:41:21.633" starttime="20170607 03:41:21.632"></status>
</kw>
<kw name="Run Keyword If" library="BuiltIn">
<doc>Runs the given keyword with the given arguments, if ``condition`` is true.</doc>
<arguments>
<arg>'${SSH_PORT}' != '${EMPTY}' and '${HTTPS_PORT}' != '${EMPTY}'</arg>
<arg>User input SSH and HTTPs Ports</arg>
</arguments>
<kw name="User input SSH and HTTPs Ports" library="connection_client">
<doc>Update the global SSH and HTTPs port variable for QEMU</doc>
<kw name="Convert To Integer" library="BuiltIn">
<doc>Converts the given item to an integer number.</doc>
<arguments>
<arg>${SSH_PORT}</arg>
</arguments>
<assign>
<var>${port_num}</var>
</assign>
<msg level="INFO" timestamp="20170607 03:41:21.635">${port_num} = 22</msg>
<status status="PASS" endtime="20170607 03:41:21.635" starttime="20170607 03:41:21.635"></status>
</kw>
<kw name="Replace Variables" library="BuiltIn">
<doc>Replaces variables in the given text with their current values.</doc>
<arguments>
<arg>${port_num}</arg>
</arguments>
<assign>
<var>${SSH_PORT}</var>
</assign>
<msg level="INFO" timestamp="20170607 03:41:21.636">${SSH_PORT} = 22</msg>
<status status="PASS" endtime="20170607 03:41:21.636" starttime="20170607 03:41:21.635"></status>
</kw>
<kw name="Convert To Integer" library="BuiltIn">
<doc>Converts the given item to an integer number.</doc>
<arguments>
<arg>${HTTPS_PORT}</arg>
</arguments>
<assign>
<var>${https_num}</var>
</assign>
<msg level="INFO" timestamp="20170607 03:41:21.636">${https_num} = 443</msg>
<status status="PASS" endtime="20170607 03:41:21.636" starttime="20170607 03:41:21.636"></status>
</kw>
<kw name="Set Global Variable" library="BuiltIn">
<doc>Makes a variable available globally in all tests and suites.</doc>
<arguments>
<arg>${AUTH_URI}</arg>
<arg>https://${OPENBMC_HOST}:${https_num}</arg>
</arguments>
<msg level="INFO" timestamp="20170607 03:41:21.637">${AUTH_URI} = https://9.3.86.161:443</msg>
<status status="PASS" endtime="20170607 03:41:21.637" starttime="20170607 03:41:21.636"></status>
</kw>
<status status="PASS" endtime="20170607 03:41:21.637" starttime="20170607 03:41:21.634"></status>
</kw>
<status status="PASS" endtime="20170607 03:41:21.637" starttime="20170607 03:41:21.634"></status>
</kw>
<kw name="Run Keyword And Return Status" library="BuiltIn">
<doc>Runs the given keyword with given arguments and returns the status as a Boolean value.</doc>
<arguments>
<arg>Dictionary Should Contain Key</arg>
<arg>${connection_args}</arg>
<arg>port</arg>
</arguments>
<assign>
<var>${has_port}</var>
</assign>
<kw name="Dictionary Should Contain Key" library="Collections">
<doc>Fails if ``key`` is not found from ``dictionary``.</doc>
<arguments>
<arg>${connection_args}</arg>
<arg>port</arg>
</arguments>
<msg level="FAIL" timestamp="20170607 03:41:21.638">Dictionary does not contain key 'port'.</msg>
<status status="FAIL" endtime="20170607 03:41:21.638" starttime="20170607 03:41:21.638"></status>
</kw>
<msg level="INFO" timestamp="20170607 03:41:21.638">${has_port} = False</msg>
<status status="PASS" endtime="20170607 03:41:21.638" starttime="20170607 03:41:21.637"></status>
</kw>
<kw name="Run Keyword If" library="BuiltIn">
<doc>Runs the given keyword with the given arguments, if ``condition`` is true.</doc>
<arguments>
<arg>'${SSH_PORT}' != '${EMPTY}' and ${has_port} == ${FALSE}</arg>
<arg>Run Keywords</arg>
<arg>Set To Dictionary</arg>
<arg>${connection_args}</arg>
<arg>port=${SSH_PORT}</arg>
<arg>AND</arg>
<arg>SSHLibrary.Open connection</arg>
<arg>&amp;{connection_args}</arg>
<arg>ELSE</arg>
<arg>Run Keyword</arg>
<arg>SSHLibrary.Open connection</arg>
<arg>&amp;{connection_args}</arg>
</arguments>
<kw name="Run Keywords" library="BuiltIn">
<doc>Executes all the given keywords in a sequence.</doc>
<arguments>
<arg>Set To Dictionary</arg>
<arg>${connection_args}</arg>
<arg>port=${SSH_PORT}</arg>
<arg>AND</arg>
<arg>SSHLibrary.Open connection</arg>
<arg>&amp;{connection_args}</arg>
</arguments>
<kw name="Set To Dictionary" library="Collections">
<doc>Adds the given ``key_value_pairs`` and ``items`` to the ``dictionary``.</doc>
<arguments>
<arg>${connection_args}</arg>
<arg>port=${SSH_PORT}</arg>
</arguments>
<status status="PASS" endtime="20170607 03:41:21.641" starttime="20170607 03:41:21.640"></status>
</kw>
<kw name="Open Connection" library="SSHLibrary">
<doc>Opens a new SSH connection to the given `host` and `port`.</doc>
<arguments>
<arg>&amp;{connection_args}</arg>
</arguments>
<status status="PASS" endtime="20170607 03:41:21.641" starttime="20170607 03:41:21.641"></status>
</kw>
<status status="PASS" endtime="20170607 03:41:21.642" starttime="20170607 03:41:21.640"></status>
</kw>
<status status="PASS" endtime="20170607 03:41:21.642" starttime="20170607 03:41:21.639"></status>
</kw>
<kw name="Login" library="SSHLibrary">
<doc>Logs into the SSH server with the given `username` and `password`.</doc>
<arguments>
<arg>${username}</arg>
<arg>${password}</arg>
</arguments>
<msg level="INFO" timestamp="20170607 03:41:21.642">Logging into '9.3.86.161:22' as 'root'.</msg>
<msg level="INFO" timestamp="20170607 03:41:23.496">Read output: root@witherspoon:~#</msg>
<status status="PASS" endtime="20170607 03:41:23.496" starttime="20170607 03:41:21.642"></status>
</kw>
<status status="PASS" endtime="20170607 03:41:23.496" starttime="20170607 03:41:21.631"></status>
</kw>
<kw name="Execute Command On BMC" library="utils">
<doc>Execute given command on BMC and return output.</doc>
<arguments>
<arg>echo '/tmp/core_%e.%p' | tee /proc/sys/kernel/core_pattern</arg>
</arguments>
<assign>
<var>${core_pattern}</var>
</assign>
<kw name="Execute Command" library="SSHLibrary">
<doc>Executes `command` on the remote machine and returns its outputs.</doc>
<arguments>
<arg>${command}</arg>
<arg>return_stderr=True</arg>
</arguments>
<assign>
<var>${stdout}</var>
<var>${stderr}</var>
</assign>
<msg level="INFO" timestamp="20170607 03:41:23.497">Executing command 'echo '/tmp/core_%e.%p' | tee /proc/sys/kernel/core_pattern'.</msg>
<msg level="INFO" timestamp="20170607 03:41:23.575">Command exited with return code 0.</msg>
<msg level="INFO" timestamp="20170607 03:41:23.576">${stdout} = /tmp/core_%e.%p</msg>
<msg level="INFO" timestamp="20170607 03:41:23.576">${stderr} = </msg>
<status status="PASS" endtime="20170607 03:41:23.576" starttime="20170607 03:41:23.497"></status>
</kw>
<kw name="Should Be Empty" library="BuiltIn">
<doc>Verifies that the given item is empty.</doc>
<arguments>
<arg>${stderr}</arg>
</arguments>
<msg level="INFO" timestamp="20170607 03:41:23.577">Length is 0</msg>
<status status="PASS" endtime="20170607 03:41:23.577" starttime="20170607 03:41:23.576"></status>
</kw>
<msg level="INFO" timestamp="20170607 03:41:23.577">${core_pattern} = /tmp/core_%e.%p</msg>
<status status="PASS" endtime="20170607 03:41:23.577" starttime="20170607 03:41:23.496"></status>
</kw>
<kw name="Should Be Equal As Strings" library="BuiltIn">
<doc>Fails if objects are unequal after converting them to strings.</doc>
<arguments>
<arg>${core_pattern}</arg>
<arg>/tmp/core_%e.%p</arg>
</arguments>
<status status="PASS" endtime="20170607 03:41:23.578" starttime="20170607 03:41:23.577"></status>
</kw>
<status status="PASS" endtime="20170607 03:41:23.578" starttime="20170607 03:41:21.630"></status>
</kw>
<status status="PASS" endtime="20170607 03:41:23.578" starttime="20170607 03:41:21.630"></status>
</kw>
<kw name="Run Keyword If" library="BuiltIn">
<doc>Runs the given keyword with the given arguments, if ``condition`` is true.</doc>
<arguments>
<arg>'${DEBUG_TARBALL_PATH}' != '${EMPTY}'</arg>
<arg>Run Keyword And Ignore Error</arg>
<arg>Install Debug Tarball On BMC</arg>
<arg>${DEBUG_TARBALL_PATH}</arg>
</arguments>
<status status="PASS" endtime="20170607 03:41:23.578" starttime="20170607 03:41:23.578"></status>
</kw>
<status status="PASS" endtime="20170607 03:41:23.579" starttime="20170607 03:41:17.530"></status>
</kw>
<suite id="s1-s1" source="/tmp/fspcibld/29220/obmc-robot/tests/security" name="Security">
<suite id="s1-s1-s1" source="/tmp/fspcibld/29220/obmc-robot/tests/security/test_ssl.robot" name="Test Ssl">
<test id="s1-s1-s1-t1" name="Test SSL Connection">
<kw name="Initialize OpenBMC" library="rest_client">
<kw name="Wait Until Keyword Succeeds" library="BuiltIn">
<doc>Runs the specified keyword and retries if it fails.</doc>
<arguments>
<arg>40 sec</arg>
<arg>20 sec</arg>
<arg>Post Login Request</arg>
<arg>${timeout}</arg>
<arg>${quiet}</arg>
</arguments>
<kw name="Post Login Request" library="rest_client">
<arguments>
<arg>${timeout}</arg>
<arg>${quiet}</arg>
</arguments>
<kw name="Create Session" library="RequestsLibrary.RequestsKeywords">
<doc>Create Session: create a HTTP session to a server</doc>
<arguments>
<arg>openbmc</arg>
<arg>${AUTH_URI}</arg>
<arg>timeout=${timeout}</arg>
<arg>max_retries=3</arg>
</arguments>
<msg level="INFO" timestamp="20170607 03:41:23.619">Creating Session using : alias=openbmc, url=https://9.3.86.161:443, headers={},                     cookies=None, auth=None, timeout=20, proxies=None, verify=False,                     debug=0 </msg>
<status status="PASS" endtime="20170607 03:41:23.620" starttime="20170607 03:41:23.619"></status>
</kw>
<kw name="Create Dictionary" library="BuiltIn">
<doc>Creates and returns a dictionary based on the given ``items``.</doc>
<arguments>
<arg>Content-Type=application/json</arg>
</arguments>
<assign>
<var>${headers}</var>
</assign>
<msg level="INFO" timestamp="20170607 03:41:23.621">${headers} = {u'Content-Type': u'application/json'}</msg>
<status status="PASS" endtime="20170607 03:41:23.621" starttime="20170607 03:41:23.620"></status>
</kw>
<kw name="Create List" library="BuiltIn">
<doc>Returns a list containing given items.</doc>
<arguments>
<arg>${OPENBMC_USERNAME}</arg>
<arg>${OPENBMC_PASSWORD}</arg>
</arguments>
<assign>
<var>@{credentials}</var>
</assign>
<msg level="INFO" timestamp="20170607 03:41:23.622">@{credentials} = [ root | 0penBmc ]</msg>
<status status="PASS" endtime="20170607 03:41:23.622" starttime="20170607 03:41:23.621"></status>
</kw>
<kw name="Create Dictionary" library="BuiltIn">
<doc>Creates and returns a dictionary based on the given ``items``.</doc>
<arguments>
<arg>data=@{credentials}</arg>
</arguments>
<assign>
<var>${data}</var>
</assign>
<msg level="INFO" timestamp="20170607 03:41:23.622">${data} = {u'data': [u'root', u'0penBmc']}</msg>
<status status="PASS" endtime="20170607 03:41:23.622" starttime="20170607 03:41:23.622"></status>
</kw>
<kw name="Run Keyword And Ignore Error" library="BuiltIn">
<doc>Runs the given keyword with the given arguments and ignores possible error.</doc>
<arguments>
<arg>Post Request</arg>
<arg>openbmc</arg>
<arg>/login</arg>
<arg>data=${data}</arg>
<arg>headers=${headers}</arg>
</arguments>
<assign>
<var>${status}</var>
<var>${resp}</var>
</assign>
<kw name="Post Request" library="RequestsLibrary.RequestsKeywords">
<doc>Send a POST request on the session object found using the</doc>
<arguments>
<arg>openbmc</arg>
<arg>/login</arg>
<arg>data=${data}</arg>
<arg>headers=${headers}</arg>
</arguments>
<msg level="INFO" timestamp="20170607 03:41:23.867">Post Request using : alias=openbmc, uri=/login, data={"data": ["root", "0penBmc"]}, headers={u'Content-Type': u'application/json'}, files=None, allow_redirects=True </msg>
<status status="PASS" endtime="20170607 03:41:23.867" starttime="20170607 03:41:23.623"></status>
</kw>
<msg level="INFO" timestamp="20170607 03:41:23.867">${status} = PASS</msg>
<msg level="INFO" timestamp="20170607 03:41:23.868">${resp} = &lt;Response [200]&gt;</msg>
<status status="PASS" endtime="20170607 03:41:23.868" starttime="20170607 03:41:23.623"></status>
</kw>
<kw name="Should Be Equal" library="BuiltIn">
<doc>Fails if the given objects are unequal.</doc>
<arguments>
<arg>${status}</arg>
<arg>PASS</arg>
<arg>msg=${resp}</arg>
</arguments>
<msg level="INFO" timestamp="20170607 03:41:23.868">Argument types are:
&lt;type 'str'&gt;
&lt;type 'unicode'&gt;</msg>
<status status="PASS" endtime="20170607 03:41:23.868" starttime="20170607 03:41:23.868"></status>
</kw>
<kw name="Should Be Equal As Strings" library="BuiltIn">
<doc>Fails if objects are unequal after converting them to strings.</doc>
<arguments>
<arg>${resp.status_code}</arg>
<arg>${HTTP_OK}</arg>
</arguments>
<msg level="INFO" timestamp="20170607 03:41:23.869">Argument types are:
&lt;type 'int'&gt;
&lt;type 'unicode'&gt;</msg>
<status status="PASS" endtime="20170607 03:41:23.869" starttime="20170607 03:41:23.869"></status>
</kw>
<status status="PASS" endtime="20170607 03:41:23.869" starttime="20170607 03:41:23.618"></status>
</kw>
<status status="PASS" endtime="20170607 03:41:23.869" starttime="20170607 03:41:23.618"></status>
</kw>
<status status="PASS" endtime="20170607 03:41:23.870" starttime="20170607 03:41:23.617"></status>
</kw>
<kw type="teardown" name="FFDC On Test Case Fail" library="openbmc_ffdc">
<doc>Generic FFDC entry point. Place holder to hook in</doc>
<kw name="Is Host Quiesced" library="state_manager">
<doc>Check if host state is quiesced.</doc>
<assign>
<var>${status}</var>
</assign>
<kw name="Get Host State" library="state_manager">
<doc>Return the state of the host as a string.</doc>
<assign>
<var>${host_state}</var>
</assign>
<kw name="Read Attribute" library="rest_client">
<arguments>
<arg>${HOST_STATE_URI}</arg>
<arg>CurrentHostState</arg>
<arg>quiet=${quiet}</arg>
</arguments>
<assign>
<var>${state}</var>
</assign>
<kw name="OpenBMC Get Request" library="rest_client">
<arguments>
<arg>${uri}/attr/${attr}</arg>
<arg>timeout=${timeout}</arg>
<arg>quiet=${quiet}</arg>
</arguments>
<assign>
<var>${resp}</var>
</assign>
<kw name="Initialize OpenBMC" library="rest_client">
<arguments>
<arg>${timeout}</arg>
<arg>quiet=${quiet}</arg>
</arguments>
<kw name="Wait Until Keyword Succeeds" library="BuiltIn">
<doc>Runs the specified keyword and retries if it fails.</doc>
<arguments>
<arg>40 sec</arg>
<arg>20 sec</arg>
<arg>Post Login Request</arg>
<arg>${timeout}</arg>
<arg>${quiet}</arg>
</arguments>
<kw name="Post Login Request" library="rest_client">
<arguments>
<arg>${timeout}</arg>
<arg>${quiet}</arg>
</arguments>
<kw name="Create Session" library="RequestsLibrary.RequestsKeywords">
<doc>Create Session: create a HTTP session to a server</doc>
<arguments>
<arg>openbmc</arg>
<arg>${AUTH_URI}</arg>
<arg>timeout=${timeout}</arg>
<arg>max_retries=3</arg>
</arguments>
<msg level="INFO" timestamp="20170607 03:41:23.874">Creating Session using : alias=openbmc, url=https://9.3.86.161:443, headers={},                     cookies=None, auth=None, timeout=10, proxies=None, verify=False,                     debug=0 </msg>
<status status="PASS" endtime="20170607 03:41:23.875" starttime="20170607 03:41:23.874"></status>
</kw>
<kw name="Create Dictionary" library="BuiltIn">
<doc>Creates and returns a dictionary based on the given ``items``.</doc>
<arguments>
<arg>Content-Type=application/json</arg>
</arguments>
<assign>
<var>${headers}</var>
</assign>
<msg level="INFO" timestamp="20170607 03:41:23.875">${headers} = {u'Content-Type': u'application/json'}</msg>
<status status="PASS" endtime="20170607 03:41:23.875" starttime="20170607 03:41:23.875"></status>
</kw>
<kw name="Create List" library="BuiltIn">
<doc>Returns a list containing given items.</doc>
<arguments>
<arg>${OPENBMC_USERNAME}</arg>
<arg>${OPENBMC_PASSWORD}</arg>
</arguments>
<assign>
<var>@{credentials}</var>
</assign>
<msg level="INFO" timestamp="20170607 03:41:23.876">@{credentials} = [ root | 0penBmc ]</msg>
<status status="PASS" endtime="20170607 03:41:23.876" starttime="20170607 03:41:23.876"></status>
</kw>
<kw name="Create Dictionary" library="BuiltIn">
<doc>Creates and returns a dictionary based on the given ``items``.</doc>
<arguments>
<arg>data=@{credentials}</arg>
</arguments>
<assign>
<var>${data}</var>
</assign>
<msg level="INFO" timestamp="20170607 03:41:23.877">${data} = {u'data': [u'root', u'0penBmc']}</msg>
<status status="PASS" endtime="20170607 03:41:23.877" starttime="20170607 03:41:23.876"></status>
</kw>
<kw name="Run Keyword And Ignore Error" library="BuiltIn">
<doc>Runs the given keyword with the given arguments and ignores possible error.</doc>
<arguments>
<arg>Post Request</arg>
<arg>openbmc</arg>
<arg>/login</arg>
<arg>data=${data}</arg>
<arg>headers=${headers}</arg>
</arguments>
<assign>
<var>${status}</var>
<var>${resp}</var>
</assign>
<kw name="Post Request" library="RequestsLibrary.RequestsKeywords">
<doc>Send a POST request on the session object found using the</doc>
<arguments>
<arg>openbmc</arg>
<arg>/login</arg>
<arg>data=${data}</arg>
<arg>headers=${headers}</arg>
</arguments>
<msg level="INFO" timestamp="20170607 03:41:24.065">Post Request using : alias=openbmc, uri=/login, data={"data": ["root", "0penBmc"]}, headers={u'Content-Type': u'application/json'}, files=None, allow_redirects=True </msg>
<status status="PASS" endtime="20170607 03:41:24.065" starttime="20170607 03:41:23.877"></status>
</kw>
<msg level="INFO" timestamp="20170607 03:41:24.065">${status} = PASS</msg>
<msg level="INFO" timestamp="20170607 03:41:24.065">${resp} = &lt;Response [200]&gt;</msg>
<status status="PASS" endtime="20170607 03:41:24.065" starttime="20170607 03:41:23.877"></status>
</kw>
<kw name="Should Be Equal" library="BuiltIn">
<doc>Fails if the given objects are unequal.</doc>
<arguments>
<arg>${status}</arg>
<arg>PASS</arg>
<arg>msg=${resp}</arg>
</arguments>
<msg level="INFO" timestamp="20170607 03:41:24.066">Argument types are:
&lt;type 'str'&gt;
&lt;type 'unicode'&gt;</msg>
<status status="PASS" endtime="20170607 03:41:24.066" starttime="20170607 03:41:24.066"></status>
</kw>
<kw name="Should Be Equal As Strings" library="BuiltIn">
<doc>Fails if objects are unequal after converting them to strings.</doc>
<arguments>
<arg>${resp.status_code}</arg>
<arg>${HTTP_OK}</arg>
</arguments>
<msg level="INFO" timestamp="20170607 03:41:24.067">Argument types are:
&lt;type 'int'&gt;
&lt;type 'unicode'&gt;</msg>
<status status="PASS" endtime="20170607 03:41:24.067" starttime="20170607 03:41:24.066"></status>
</kw>
<status status="PASS" endtime="20170607 03:41:24.067" starttime="20170607 03:41:23.873"></status>
</kw>
<status status="PASS" endtime="20170607 03:41:24.067" starttime="20170607 03:41:23.873"></status>
</kw>
<status status="PASS" endtime="20170607 03:41:24.067" starttime="20170607 03:41:23.872"></status>
</kw>
<kw name="Catenate" library="BuiltIn">
<doc>Catenates the given items together and returns the resulted string.</doc>
<arguments>
<arg>SEPARATOR=</arg>
<arg>${DBUS_PREFIX}</arg>
<arg>${uri}</arg>
</arguments>
<assign>
<var>${base_uri}</var>
</assign>
<msg level="INFO" timestamp="20170607 03:41:24.068">${base_uri} = /xyz/openbmc_project/state/host0//attr/CurrentHostState</msg>
<status status="PASS" endtime="20170607 03:41:24.068" starttime="20170607 03:41:24.067"></status>
</kw>
<kw name="Run Keyword If" library="BuiltIn">
<doc>Runs the given keyword with the given arguments, if ``condition`` is true.</doc>
<arguments>
<arg>'${quiet}' == '${0}'</arg>
<arg>Log Request</arg>
<arg>method=Get</arg>
<arg>base_uri=${base_uri}</arg>
<arg>args=&amp;{kwargs}</arg>
</arguments>
<kw name="Log Request" library="rest_client">
<arguments>
<arg>method=Get</arg>
<arg>base_uri=${base_uri}</arg>
<arg>args=&amp;{kwargs}</arg>
</arguments>
<kw name="Catenate" library="BuiltIn">
<doc>Catenates the given items together and returns the resulted string.</doc>
<arguments>
<arg>SEPARATOR=</arg>
<arg>URI:</arg>
<arg>${AUTH_URI}</arg>
<arg>${kwargs["base_uri"]}</arg>
<arg>, method:</arg>
<arg>${kwargs["method"]}</arg>
<arg>, args:</arg>
<arg>${kwargs["args"]}</arg>
</arguments>
<assign>
<var>${msg}</var>
</assign>
<msg level="INFO" timestamp="20170607 03:41:24.070">${msg} = URI:https://9.3.86.161:443/xyz/openbmc_project/state/host0//attr/CurrentHostState, method:Get, args:{}</msg>
<status status="PASS" endtime="20170607 03:41:24.070" starttime="20170607 03:41:24.069"></status>
</kw>
<kw name="Logging" library="rest_client">
<arguments>
<arg>${msg}</arg>
<arg>console=True</arg>
</arguments>
<kw name="Log" library="BuiltIn">
<doc>Logs the given message with the given level.</doc>
<arguments>
<arg>${msg}</arg>
<arg>console=True</arg>
</arguments>
<msg level="INFO" timestamp="20170607 03:41:24.071">URI:https://9.3.86.161:443/xyz/openbmc_project/state/host0//attr/CurrentHostState, method:Get, args:{}</msg>
<status status="PASS" endtime="20170607 03:41:24.071" starttime="20170607 03:41:24.071"></status>
</kw>
<status status="PASS" endtime="20170607 03:41:24.071" starttime="20170607 03:41:24.070"></status>
</kw>
<status status="PASS" endtime="20170607 03:41:24.071" starttime="20170607 03:41:24.069"></status>
</kw>
<status status="PASS" endtime="20170607 03:41:24.071" starttime="20170607 03:41:24.068"></status>
</kw>
<kw name="Get Request" library="RequestsLibrary.RequestsKeywords">
<doc>Send a GET request on the session object found using the</doc>
<arguments>
<arg>openbmc</arg>
<arg>${base_uri}</arg>
<arg>&amp;{kwargs}</arg>
<arg>timeout=${timeout}</arg>
</arguments>
<assign>
<var>${ret}</var>
</assign>
<msg level="INFO" timestamp="20170607 03:41:24.147">Get Request using : alias=openbmc, uri=/xyz/openbmc_project/state/host0//attr/CurrentHostState, headers=None json=None</msg>
<msg level="INFO" timestamp="20170607 03:41:24.147">${ret} = &lt;Response [200]&gt;</msg>
<status status="PASS" endtime="20170607 03:41:24.147" starttime="20170607 03:41:24.071"></status>
</kw>
<kw name="Run Keyword If" library="BuiltIn">
<doc>Runs the given keyword with the given arguments, if ``condition`` is true.</doc>
<arguments>
<arg>'${quiet}' == '${0}'</arg>
<arg>Log Response</arg>
<arg>${ret}</arg>
</arguments>
<kw name="Log Response" library="rest_client">
<arguments>
<arg>${ret}</arg>
</arguments>
<kw name="Catenate" library="BuiltIn">
<doc>Catenates the given items together and returns the resulted string.</doc>
<arguments>
<arg>SEPARATOR=</arg>
<arg>Response code:</arg>
<arg>${resp.status_code}</arg>
<arg>, Content:</arg>
<arg>${resp.content}</arg>
</arguments>
<assign>
<var>${msg}</var>
</assign>
<msg level="INFO" timestamp="20170607 03:41:24.149">${msg} = Response code:200, Content:{
  "data": "xyz.openbmc_project.State.Host.HostState.Running", 
  "message": "200 OK", 
  "status": "ok"
}</msg>
<status status="PASS" endtime="20170607 03:41:24.149" starttime="20170607 03:41:24.148"></status>
</kw>
<kw name="Logging" library="rest_client">
<arguments>
<arg>${msg}</arg>
<arg>console=True</arg>
</arguments>
<kw name="Log" library="BuiltIn">
<doc>Logs the given message with the given level.</doc>
<arguments>
<arg>${msg}</arg>
<arg>console=True</arg>
</arguments>
<msg level="INFO" timestamp="20170607 03:41:24.150">Response code:200, Content:{
  "data": "xyz.openbmc_project.State.Host.HostState.Running", 
  "message": "200 OK", 
  "status": "ok"
}</msg>
<status status="PASS" endtime="20170607 03:41:24.150" starttime="20170607 03:41:24.150"></status>
</kw>
<status status="PASS" endtime="20170607 03:41:24.150" starttime="20170607 03:41:24.149"></status>
</kw>
<status status="PASS" endtime="20170607 03:41:24.150" starttime="20170607 03:41:24.148"></status>
</kw>
<status status="PASS" endtime="20170607 03:41:24.150" starttime="20170607 03:41:24.147"></status>
</kw>
<msg level="INFO" timestamp="20170607 03:41:24.150">${resp} = &lt;Response [200]&gt;</msg>
<status status="PASS" endtime="20170607 03:41:24.150" starttime="20170607 03:41:23.872"></status>
</kw>
<kw name="Should Be Equal As Strings" library="BuiltIn">
<doc>Fails if objects are unequal after converting them to strings.</doc>
<arguments>
<arg>${resp.status_code}</arg>
<arg>${HTTP_OK}</arg>
</arguments>
<msg level="INFO" timestamp="20170607 03:41:24.151">Argument types are:
&lt;type 'int'&gt;
&lt;type 'unicode'&gt;</msg>
<status status="PASS" endtime="20170607 03:41:24.151" starttime="20170607 03:41:24.151"></status>
</kw>
<kw name="To Json" library="RequestsLibrary.RequestsKeywords">
<doc>Convert a string to a JSON object</doc>
<arguments>
<arg>${resp.content}</arg>
</arguments>
<assign>
<var>${content}</var>
</assign>
<msg level="INFO" timestamp="20170607 03:41:24.152">To JSON using : content={
  "data": "xyz.openbmc_project.State.Host.HostState.Running", 
  "message": "200 OK", 
  "status": "ok"
} </msg>
<msg level="INFO" timestamp="20170607 03:41:24.152">To JSON using : pretty_print=False </msg>
<msg level="INFO" timestamp="20170607 03:41:24.152">${content} = {u'data': u'xyz.openbmc_project.State.Host.HostState.Running', u'status': u'ok', u'message': u'200 OK'}</msg>
<status status="PASS" endtime="20170607 03:41:24.152" starttime="20170607 03:41:24.151"></status>
</kw>
<msg level="INFO" timestamp="20170607 03:41:24.152">${state} = xyz.openbmc_project.State.Host.HostState.Running</msg>
<status status="PASS" endtime="20170607 03:41:24.152" starttime="20170607 03:41:23.871"></status>
</kw>
<msg level="INFO" timestamp="20170607 03:41:24.152">${host_state} = Running</msg>
<status status="PASS" endtime="20170607 03:41:24.153" starttime="20170607 03:41:23.871"></status>
</kw>
<kw name="Run Keyword And Return Status" library="BuiltIn">
<doc>Runs the given keyword with given arguments and returns the status as a Boolean value.</doc>
<arguments>
<arg>Should Be Equal</arg>
<arg>${host_state}</arg>
<arg>Quiesced</arg>
</arguments>
<assign>
<var>${status}</var>
</assign>
<kw name="Should Be Equal" library="BuiltIn">
<doc>Fails if the given objects are unequal.</doc>
<arguments>
<arg>${host_state}</arg>
<arg>Quiesced</arg>
</arguments>
<msg level="FAIL" timestamp="20170607 03:41:24.154">Running != Quiesced</msg>
<status status="FAIL" endtime="20170607 03:41:24.154" starttime="20170607 03:41:24.153"></status>
</kw>
<msg level="INFO" timestamp="20170607 03:41:24.154">${status} = False</msg>
<status status="PASS" endtime="20170607 03:41:24.154" starttime="20170607 03:41:24.153"></status>
</kw>
<msg level="INFO" timestamp="20170607 03:41:24.155">${status} = False</msg>
<status status="PASS" endtime="20170607 03:41:24.155" starttime="20170607 03:41:23.870"></status>
</kw>
<kw name="Run Keyword If" library="BuiltIn">
<doc>Runs the given keyword with the given arguments, if ``condition`` is true.</doc>
<arguments>
<arg>'${TEST_STATUS}' == 'FAIL' or '${status}'=='True'</arg>
<arg>FFDC</arg>
</arguments>
<status status="PASS" endtime="20170607 03:41:24.155" starttime="20170607 03:41:24.155"></status>
</kw>
<kw name="Run Keyword If" library="BuiltIn">
<doc>Runs the given keyword with the given arguments, if ``condition`` is true.</doc>
<arguments>
<arg>'${status}'=='True'</arg>
<arg>Recover Quiesced Host</arg>
</arguments>
<status status="PASS" endtime="20170607 03:41:24.156" starttime="20170607 03:41:24.156"></status>
</kw>
<kw name="Log Test Case Status" library="openbmc_ffdc_methods">
<doc>Test case execution result history.</doc>
<kw name="Get Variable Value" library="BuiltIn">
<doc>Returns variable value or ``default`` if the variable does not exist.</doc>
<arguments>
<arg>${FFDC_DIR_PATH_STYLE}</arg>
<arg>${EMPTY}</arg>
</arguments>
<assign>
<var>${FFDC_DIR_PATH_STYLE}</var>
</assign>
<msg level="INFO" timestamp="20170607 03:41:24.157">${FFDC_DIR_PATH_STYLE} = </msg>
<status status="PASS" endtime="20170607 03:41:24.158" starttime="20170607 03:41:24.157"></status>
</kw>
<kw name="Get Variable Value" library="BuiltIn">
<doc>Returns variable value or ``default`` if the variable does not exist.</doc>
<arguments>
<arg>${FFDC_DIR_PATH}</arg>
<arg>${EMPTY}</arg>
</arguments>
<assign>
<var>${FFDC_DIR_PATH}</var>
</assign>
<msg level="INFO" timestamp="20170607 03:41:24.167">${FFDC_DIR_PATH} = </msg>
<status status="PASS" endtime="20170607 03:41:24.167" starttime="20170607 03:41:24.158"></status>
</kw>
<kw name="Run Keyword If" library="BuiltIn">
<doc>Runs the given keyword with the given arguments, if ``condition`` is true.</doc>
<arguments>
<arg>'${FFDC_DIR_PATH}' == '${EMPTY}'</arg>
<arg>Set FFDC Defaults</arg>
</arguments>
<kw name="Set Ffdc Defaults" library="openbmc_ffdc">
<doc>Set a default value for ffdc_dir_path and ffdc_prefix if they don't</doc>
<kw name="Get Current Time Stamp" library="openbmc_ffdc_utils">
<doc>Get the current time stamp data</doc>
<kw name="Get Current Date" library="DateTime">
<doc>Returns current local or UTC time with an optional increment.</doc>
<arguments>
<arg>result_format=%Y-%m-%d %H:%M:%S:%f</arg>
</arguments>
<assign>
<var>${cur_time}</var>
</assign>
<msg level="INFO" timestamp="20170607 03:41:24.169">${cur_time} = 2017-06-07 03:41:24:168334</msg>
<status status="PASS" endtime="20170607 03:41:24.169" starttime="20170607 03:41:24.168"></status>
</kw>
<kw name="Get Strip String" library="openbmc_ffdc_list">
<doc>########################################################################</doc>
<arguments>
<arg>${cur_time}</arg>
</arguments>
<assign>
<var>${cur_time}</var>
</assign>
<msg level="INFO" timestamp="20170607 03:41:24.169">${cur_time} = 20170607034124168334</msg>
<status status="PASS" endtime="20170607 03:41:24.169" starttime="20170607 03:41:24.169"></status>
</kw>
<status status="PASS" endtime="20170607 03:41:24.169" starttime="20170607 03:41:24.168"></status>
</kw>
<msg level="INFO" timestamp="20170607 03:41:24.174">${FFDC_TIME} = 20170607034124168334</msg>
<kw name="Get Test Dir and Name" library="openbmc_ffdc_utils">
<doc>SUITE_NAME and TEST_NAME are automatic variables</doc>
<kw name="Get Strip String" library="openbmc_ffdc_list">
<doc>########################################################################</doc>
<arguments>
<arg>${SUITE_NAME}</arg>
</arguments>
<assign>
<var>${suite_name}</var>
</assign>
<msg level="INFO" timestamp="20170607 03:41:24.175">${suite_name} = TestsSecurityTestSsl</msg>
<status status="PASS" endtime="20170607 03:41:24.175" starttime="20170607 03:41:24.175"></status>
</kw>
<kw name="Catenate" library="BuiltIn">
<doc>Catenates the given items together and returns the resulted string.</doc>
<arguments>
<arg>SEPARATOR=</arg>
<arg>${FFDC_TIME}_</arg>
<arg>${suite_name}</arg>
</arguments>
<assign>
<var>${suite_name}</var>
</assign>
<msg level="INFO" timestamp="20170607 03:41:24.176">${suite_name} = 20170607034124168334_TestsSecurityTestSsl</msg>
<status status="PASS" endtime="20170607 03:41:24.176" starttime="20170607 03:41:24.175"></status>
</kw>
<kw name="Get Strip String" library="openbmc_ffdc_list">
<doc>########################################################################</doc>
<arguments>
<arg>${TEST_NAME}</arg>
</arguments>
<assign>
<var>${test_name}</var>
</assign>
<msg level="INFO" timestamp="20170607 03:41:24.176">${test_name} = TestSSLConnection</msg>
<status status="PASS" endtime="20170607 03:41:24.176" starttime="20170607 03:41:24.176"></status>
</kw>
<kw name="Catenate" library="BuiltIn">
<doc>Catenates the given items together and returns the resulted string.</doc>
<arguments>
<arg>SEPARATOR=</arg>
<arg>${FFDC_TIME}_</arg>
<arg>${test_name}</arg>
</arguments>
<assign>
<var>${test_name}</var>
</assign>
<msg level="INFO" timestamp="20170607 03:41:24.177">${test_name} = 20170607034124168334_TestSSLConnection</msg>
<status status="PASS" endtime="20170607 03:41:24.177" starttime="20170607 03:41:24.176"></status>
</kw>
<status status="PASS" endtime="20170607 03:41:24.177" starttime="20170607 03:41:24.174"></status>
</kw>
<msg level="INFO" timestamp="20170607 03:41:24.177">${FFDC_DIR_PATH} = /tmp/fspcibld/29220/obmc-robot/logs/20170607034124168334_TestsSecurityTestSsl/20170607034124168334_TestSSLConnection/</msg>
<msg level="INFO" timestamp="20170607 03:41:24.182">${FFDC_PREFIX} = 20170607034124168334_</msg>
<status status="PASS" endtime="20170607 03:41:24.182" starttime="20170607 03:41:24.167"></status>
</kw>
<status status="PASS" endtime="20170607 03:41:24.182" starttime="20170607 03:41:24.167"></status>
</kw>
<kw name="Run Keyword If" library="BuiltIn">
<doc>Runs the given keyword with the given arguments, if ``condition`` is true.</doc>
<arguments>
<arg>'${FFDC_DIR_PATH_STYLE}' == '${1}'</arg>
<arg>Run Keywords</arg>
<arg>Set Global Variable</arg>
<arg>${FFDC_LOG_PATH}</arg>
<arg>${FFDC_DIR_PATH}</arg>
<arg>AND</arg>
<arg>Set Global Variable</arg>
<arg>${TEST_HISTORY}</arg>
<arg>${FFDC_DIR_PATH}test_history.txt</arg>
</arguments>
<status status="PASS" endtime="20170607 03:41:24.183" starttime="20170607 03:41:24.183"></status>
</kw>
<kw name="Create Directory" library="OperatingSystem">
<doc>Creates the specified directory.</doc>
<arguments>
<arg>${FFDC_LOG_PATH}</arg>
</arguments>
<msg level="INFO" timestamp="20170607 03:41:24.184" html="yes">Created directory '&lt;a href="file:///tmp/fspcibld/29220/obmc-robot/logs"&gt;/tmp/fspcibld/29220/obmc-robot/logs&lt;/a&gt;'.</msg>
<status status="PASS" endtime="20170607 03:41:24.184" starttime="20170607 03:41:24.183"></status>
</kw>
<kw name="Run Keyword And Return Status" library="BuiltIn">
<doc>Runs the given keyword with given arguments and returns the status as a Boolean value.</doc>
<arguments>
<arg>OperatingSystem.File Should Exist</arg>
<arg>${TEST_HISTORY}</arg>
</arguments>
<assign>
<var>${exist}</var>
</assign>
<kw name="File Should Exist" library="OperatingSystem">
<doc>Fails unless the given ``path`` points to an existing file.</doc>
<arguments>
<arg>${TEST_HISTORY}</arg>
</arguments>
<msg level="FAIL" timestamp="20170607 03:41:24.185">File '/tmp/fspcibld/29220/obmc-robot/logs/test_history.txt' does not exist.</msg>
<status status="FAIL" endtime="20170607 03:41:24.185" starttime="20170607 03:41:24.185"></status>
</kw>
<msg level="INFO" timestamp="20170607 03:41:24.185">${exist} = False</msg>
<status status="PASS" endtime="20170607 03:41:24.185" starttime="20170607 03:41:24.184"></status>
</kw>
<kw name="Run Keyword If" library="BuiltIn">
<doc>Runs the given keyword with the given arguments, if ``condition`` is true.</doc>
<arguments>
<arg>'${exist}' == '${False}'</arg>
<arg>Create File</arg>
<arg>${TEST_HISTORY}</arg>
</arguments>
<kw name="Create File" library="OperatingSystem">
<doc>Creates a file with the given content and encoding.</doc>
<arguments>
<arg>${TEST_HISTORY}</arg>
</arguments>
<msg level="INFO" timestamp="20170607 03:41:24.186" html="yes">Created file '&lt;a href="file:///tmp/fspcibld/29220/obmc-robot/logs/test_history.txt"&gt;/tmp/fspcibld/29220/obmc-robot/logs/test_history.txt&lt;/a&gt;'.</msg>
<status status="PASS" endtime="20170607 03:41:24.187" starttime="20170607 03:41:24.186"></status>
</kw>
<status status="PASS" endtime="20170607 03:41:24.187" starttime="20170607 03:41:24.186"></status>
</kw>
<kw name="Rpvars" library="gen_robot_print">
<arguments>
<arg>TEST_HISTORY</arg>
</arguments>
<status status="PASS" endtime="20170607 03:41:24.187" starttime="20170607 03:41:24.187"></status>
</kw>
<kw name="Get Current Time Stamp" library="openbmc_ffdc_utils">
<doc>Get the current time stamp data</doc>
<assign>
<var>${cur_time}</var>
</assign>
<kw name="Get Current Date" library="DateTime">
<doc>Returns current local or UTC time with an optional increment.</doc>
<arguments>
<arg>result_format=%Y-%m-%d %H:%M:%S:%f</arg>
</arguments>
<assign>
<var>${cur_time}</var>
</assign>
<msg level="INFO" timestamp="20170607 03:41:24.188">${cur_time} = 2017-06-07 03:41:24:188098</msg>
<status status="PASS" endtime="20170607 03:41:24.188" starttime="20170607 03:41:24.188"></status>
</kw>
<kw name="Get Strip String" library="openbmc_ffdc_list">
<doc>########################################################################</doc>
<arguments>
<arg>${cur_time}</arg>
</arguments>
<assign>
<var>${cur_time}</var>
</assign>
<msg level="INFO" timestamp="20170607 03:41:24.189">${cur_time} = 20170607034124188098</msg>
<status status="PASS" endtime="20170607 03:41:24.189" starttime="20170607 03:41:24.189"></status>
</kw>
<msg level="INFO" timestamp="20170607 03:41:24.189">${cur_time} = 20170607034124188098</msg>
<status status="PASS" endtime="20170607 03:41:24.189" starttime="20170607 03:41:24.187"></status>
</kw>
<kw name="Append To File" library="OperatingSystem">
<doc>Appends the given content to the specified file.</doc>
<arguments>
<arg>${TEST_HISTORY}</arg>
<arg>${cur_time}:${SUITE_NAME}:${TEST_NAME}:${TEST_STATUS}${\n}</arg>
</arguments>
<msg level="INFO" timestamp="20170607 03:41:24.190" html="yes">Appended to file '&lt;a href="file:///tmp/fspcibld/29220/obmc-robot/logs/test_history.txt"&gt;/tmp/fspcibld/29220/obmc-robot/logs/test_history.txt&lt;/a&gt;'.</msg>
<status status="PASS" endtime="20170607 03:41:24.190" starttime="20170607 03:41:24.189"></status>
</kw>
<status status="PASS" endtime="20170607 03:41:24.190" starttime="20170607 03:41:24.157"></status>
</kw>
<status status="PASS" endtime="20170607 03:41:24.190" starttime="20170607 03:41:23.870"></status>
</kw>
<doc>This testcase is for testing the SSL connection to the
OpenBMC machine.</doc>
<tags>
<tag>Test_SSL_Connection</tag>
</tags>
<status status="PASS" critical="yes" endtime="20170607 03:41:24.190" starttime="20170607 03:41:23.617"></status>
</test>
<kw type="teardown" name="Delete All Sessions" library="RequestsLibrary.RequestsKeywords">
<doc>Removes all the session objects</doc>
<msg level="INFO" timestamp="20170607 03:41:24.191">Delete All Sessions</msg>
<status status="PASS" endtime="20170607 03:41:24.191" starttime="20170607 03:41:24.191"></status>
</kw>
<doc>This testsuite is for testing SSL connection to OpenBMC</doc>
<status status="PASS" endtime="20170607 03:41:24.191" starttime="20170607 03:41:23.581"></status>
</suite>
<status status="PASS" endtime="20170607 03:41:24.193" starttime="20170607 03:41:23.579"></status>
</suite>
<suite id="s1-s2" source="/tmp/fspcibld/29220/obmc-robot/tests/test_basic_poweron.robot" name="Test Basic Poweron">
<test id="s1-s2-t1" name="Power On Test">
<kw type="setup" name="Start SOL Console Logging" library="utils">
<doc>Start system console log to file.</doc>
<kw name="Create OS Console File Path" library="utils">
<doc>Create OS console file path name and return it.</doc>
<arguments>
<arg>${log_file_path}</arg>
</arguments>
<assign>
<var>${log_file_path}</var>
</assign>
<kw name="Catenate" library="BuiltIn">
<doc>Catenates the given items together and returns the resulted string.</doc>
<arguments>
<arg>/tmp/${OPENBMC_HOST}_os_console</arg>
</arguments>
<assign>
<var>${default_file_path}</var>
</assign>
<msg level="INFO" timestamp="20170607 03:41:24.233">${default_file_path} = /tmp/9.3.86.161_os_console</msg>
<status status="PASS" endtime="20170607 03:41:24.233" starttime="20170607 03:41:24.233"></status>
</kw>
<kw name="Set Variable If" library="BuiltIn">
<doc>Sets variable based on the given condition.</doc>
<arguments>
<arg>'${log_file_path}' == '${EMPTY}'</arg>
<arg>${default_file_path}</arg>
<arg>${log_file_path}</arg>
</arguments>
<assign>
<var>${log_file_path}</var>
</assign>
<msg level="INFO" timestamp="20170607 03:41:24.234">${log_file_path} = /tmp/9.3.86.161_os_console</msg>
<status status="PASS" endtime="20170607 03:41:24.234" starttime="20170607 03:41:24.233"></status>
</kw>
<msg level="INFO" timestamp="20170607 03:41:24.234">${log_file_path} = /tmp/9.3.86.161_os_console</msg>
<status status="PASS" endtime="20170607 03:41:24.234" starttime="20170607 03:41:24.232"></status>
</kw>
<kw name="Stop SOL Console Logging" library="utils">
<doc>Stop system console logging and return log output.</doc>
<arguments>
<arg>${log_file_path}</arg>
<arg>return_data=${return_data}</arg>
</arguments>
<assign>
<var>${log_output}</var>
</assign>
<kw name="Create OS Console File Path" library="utils">
<doc>Create OS console file path name and return it.</doc>
<arguments>
<arg>${log_file_path}</arg>
</arguments>
<assign>
<var>${log_file_path}</var>
</assign>
<kw name="Catenate" library="BuiltIn">
<doc>Catenates the given items together and returns the resulted string.</doc>
<arguments>
<arg>/tmp/${OPENBMC_HOST}_os_console</arg>
</arguments>
<assign>
<var>${default_file_path}</var>
</assign>
<msg level="INFO" timestamp="20170607 03:41:24.236">${default_file_path} = /tmp/9.3.86.161_os_console</msg>
<status status="PASS" endtime="20170607 03:41:24.236" starttime="20170607 03:41:24.235"></status>
</kw>
<kw name="Set Variable If" library="BuiltIn">
<doc>Sets variable based on the given condition.</doc>
<arguments>
<arg>'${log_file_path}' == '${EMPTY}'</arg>
<arg>${default_file_path}</arg>
<arg>${log_file_path}</arg>
</arguments>
<assign>
<var>${log_file_path}</var>
</assign>
<msg level="INFO" timestamp="20170607 03:41:24.236">${log_file_path} = /tmp/9.3.86.161_os_console</msg>
<status status="PASS" endtime="20170607 03:41:24.236" starttime="20170607 03:41:24.236"></status>
</kw>
<msg level="INFO" timestamp="20170607 03:41:24.237">${log_file_path} = /tmp/9.3.86.161_os_console</msg>
<status status="PASS" endtime="20170607 03:41:24.237" starttime="20170607 03:41:24.235"></status>
</kw>
<kw name="Create OS Console Command String" library="utils">
<doc>Return a command string to start OS console logging.</doc>
<assign>
<var>${search_string}</var>
</assign>
<kw name="Catenate" library="BuiltIn">
<doc>Catenates the given items together and returns the resulted string.</doc>
<arguments>
<arg>which ssh_pw 2&gt;&amp;1</arg>
</arguments>
<assign>
<var>${cmd_buf}</var>
</assign>
<msg level="INFO" timestamp="20170607 03:41:24.237">${cmd_buf} = which ssh_pw 2&gt;&amp;1</msg>
<status status="PASS" endtime="20170607 03:41:24.237" starttime="20170607 03:41:24.237"></status>
</kw>
<kw name="Rdpissuing" library="gen_robot_print">
<arguments>
<arg>${cmd_buf}</arg>
</arguments>
<status status="PASS" endtime="20170607 03:41:24.238" starttime="20170607 03:41:24.238"></status>
</kw>
<kw name="Run And Return Rc And Output" library="OperatingSystem">
<doc>Runs the given command in the system and returns the RC and output.</doc>
<arguments>
<arg>${cmd_buf}</arg>
</arguments>
<assign>
<var>${rc}</var>
<var>${output}</var>
</assign>
<msg level="INFO" timestamp="20170607 03:41:24.244">Running command 'which ssh_pw 2&gt;&amp;1'.</msg>
<msg level="INFO" timestamp="20170607 03:41:24.250">${rc} = 0</msg>
<msg level="INFO" timestamp="20170607 03:41:24.250">${output} = /tmp/fspcibld/29220/obmc-robot/.tox/witherspoon/bin/ssh_pw</msg>
<status status="PASS" endtime="20170607 03:41:24.250" starttime="20170607 03:41:24.238"></status>
</kw>
<kw name="Rdpvars" library="gen_robot_print">
<arguments>
<arg>rc</arg>
<arg>output</arg>
</arguments>
<status status="PASS" endtime="20170607 03:41:24.253" starttime="20170607 03:41:24.253"></status>
</kw>
<kw name="Should Be Equal" library="BuiltIn">
<doc>Fails if the given objects are unequal.</doc>
<arguments>
<arg>${rc}</arg>
<arg>${0}</arg>
<arg>msg=${output}\n</arg>
</arguments>
<status status="PASS" endtime="20170607 03:41:24.254" starttime="20170607 03:41:24.254"></status>
</kw>
<kw name="Catenate" library="BuiltIn">
<doc>Catenates the given items together and returns the resulted string.</doc>
<arguments>
<arg>ssh_pw ${OPENBMC_PASSWORD} -p 2200</arg>
<arg>-o "StrictHostKeyChecking no" ${OPENBMC_USERNAME}@${OPENBMC_HOST}</arg>
</arguments>
<assign>
<var>${cmd_buf}</var>
</assign>
<msg level="INFO" timestamp="20170607 03:41:24.255">${cmd_buf} = ssh_pw 0penBmc -p 2200 -o "StrictHostKeyChecking no" root@9.3.86.161</msg>
<status status="PASS" endtime="20170607 03:41:24.255" starttime="20170607 03:41:24.255"></status>
</kw>
<msg level="INFO" timestamp="20170607 03:41:24.255">${search_string} = ssh_pw 0penBmc -p 2200 -o "StrictHostKeyChecking no" root@9.3.86.161</msg>
<status status="PASS" endtime="20170607 03:41:24.255" starttime="20170607 03:41:24.237"></status>
</kw>
<kw name="Catenate" library="BuiltIn">
<doc>Catenates the given items together and returns the resulted string.</doc>
<arguments>
<arg>echo $(ps -ef | egrep '${search_string}'</arg>
<arg>| egrep -v grep | cut -c10-14)</arg>
</arguments>
<assign>
<var>${cmd_buf}</var>
</assign>
<msg level="INFO" timestamp="20170607 03:41:24.257">${cmd_buf} = echo $(ps -ef | egrep 'ssh_pw 0penBmc -p 2200 -o "StrictHostKeyChecking no" root@9.3.86.161' | egrep -v grep | cut -c10-14)</msg>
<status status="PASS" endtime="20170607 03:41:24.257" starttime="20170607 03:41:24.256"></status>
</kw>
<kw name="Rdpissuing" library="gen_robot_print">
<arguments>
<arg>${cmd_buf}</arg>
</arguments>
<status status="PASS" endtime="20170607 03:41:24.258" starttime="20170607 03:41:24.257"></status>
</kw>
<kw name="Run And Return Rc And Output" library="OperatingSystem">
<doc>Runs the given command in the system and returns the RC and output.</doc>
<arguments>
<arg>${cmd_buf}</arg>
</arguments>
<assign>
<var>${rc}</var>
<var>${os_con_pid}</var>
</assign>
<msg level="INFO" timestamp="20170607 03:41:24.261">Running command 'echo $(ps -ef | egrep 'ssh_pw 0penBmc -p 2200 -o "StrictHostKeyChecking no" root@9.3.86.161' | egrep -v grep | cut -c10-14) 2&gt;&amp;1'.</msg>
<msg level="INFO" timestamp="20170607 03:41:24.276">${rc} = 0</msg>
<msg level="INFO" timestamp="20170607 03:41:24.276">${os_con_pid} = </msg>
<status status="PASS" endtime="20170607 03:41:24.276" starttime="20170607 03:41:24.258"></status>
</kw>
<kw name="Rdpvars" library="gen_robot_print">
<arguments>
<arg>os_con_pid</arg>
</arguments>
<status status="PASS" endtime="20170607 03:41:24.280" starttime="20170607 03:41:24.279"></status>
</kw>
<kw name="Catenate" library="BuiltIn">
<doc>Catenates the given items together and returns the resulted string.</doc>
<arguments>
<arg>kill -9 ${os_con_pid}</arg>
</arguments>
<assign>
<var>${cmd_buf}</var>
</assign>
<msg level="INFO" timestamp="20170607 03:41:24.281">${cmd_buf} = kill -9 </msg>
<status status="PASS" endtime="20170607 03:41:24.281" starttime="20170607 03:41:24.280"></status>
</kw>
<kw name="Run Keyword If" library="BuiltIn">
<doc>Runs the given keyword with the given arguments, if ``condition`` is true.</doc>
<arguments>
<arg>'${os_con_pid}' != '${EMPTY}'</arg>
<arg>Rdpissuing</arg>
<arg>${cmd_buf}</arg>
</arguments>
<status status="PASS" endtime="20170607 03:41:24.282" starttime="20170607 03:41:24.281"></status>
</kw>
<kw name="Run Keyword If" library="BuiltIn">
<doc>Runs the given keyword with the given arguments, if ``condition`` is true.</doc>
<arguments>
<arg>'${os_con_pid}' != '${EMPTY}'</arg>
<arg>Run And Return Rc And Output</arg>
<arg>${cmd_buf}</arg>
</arguments>
<assign>
<var>${rc}</var>
<var>${output}</var>
</assign>
<msg level="INFO" timestamp="20170607 03:41:24.283">${rc} = None</msg>
<msg level="INFO" timestamp="20170607 03:41:24.283">${output} = None</msg>
<status status="PASS" endtime="20170607 03:41:24.283" starttime="20170607 03:41:24.282"></status>
</kw>
<kw name="Run Keyword If" library="BuiltIn">
<doc>Runs the given keyword with the given arguments, if ``condition`` is true.</doc>
<arguments>
<arg>'${os_con_pid}' != '${EMPTY}'</arg>
<arg>Rdpvars</arg>
<arg>rc</arg>
<arg>output</arg>
</arguments>
<status status="PASS" endtime="20170607 03:41:24.283" starttime="20170607 03:41:24.283"></status>
</kw>
<kw name="Run Keyword If" library="BuiltIn">
<doc>Runs the given keyword with the given arguments, if ``condition`` is true.</doc>
<arguments>
<arg>'${targ_file_path}' != '${EMPTY}'</arg>
<arg>Run Keyword And Ignore Error</arg>
<arg>Copy File</arg>
<arg>${log_file_path}</arg>
<arg>${targ_file_path}</arg>
</arguments>
<status status="PASS" endtime="20170607 03:41:24.284" starttime="20170607 03:41:24.284"></status>
</kw>
<kw name="Set Variable" library="BuiltIn">
<doc>Returns the given values which can then be assigned to a variables.</doc>
<arguments>
<arg>${EMPTY}</arg>
</arguments>
<assign>
<var>${output}</var>
</assign>
<msg level="INFO" timestamp="20170607 03:41:24.285">${output} = </msg>
<status status="PASS" endtime="20170607 03:41:24.285" starttime="20170607 03:41:24.284"></status>
</kw>
<kw name="Evaluate" library="BuiltIn">
<doc>Evaluates the given expression in Python and returns the results.</doc>
<arguments>
<arg>${debug}^1</arg>
</arguments>
<assign>
<var>${loc_quiet}</var>
</assign>
<msg level="INFO" timestamp="20170607 03:41:24.286">${loc_quiet} = 1</msg>
<status status="PASS" endtime="20170607 03:41:24.286" starttime="20170607 03:41:24.285"></status>
</kw>
<kw name="Run Keyword If" library="BuiltIn">
<doc>Runs the given keyword with the given arguments, if ``condition`` is true.</doc>
<arguments>
<arg>'${return_data}' == '${1}'</arg>
<arg>Cmd Fnc</arg>
<arg>cat ${log_file_path}</arg>
<arg>quiet=${loc_quiet}</arg>
<arg>print_output=${0}</arg>
</arguments>
<assign>
<var>${rc}</var>
<var>${output}</var>
</assign>
<kw name="Cmd Fnc" library="gen_cmd">
<doc>Run the given command in a shell and return the shell return code.</doc>
<arguments>
<arg>cat ${log_file_path}</arg>
<arg>quiet=${loc_quiet}</arg>
<arg>print_output=${0}</arg>
</arguments>
<status status="PASS" endtime="20170607 03:41:24.322" starttime="20170607 03:41:24.287"></status>
</kw>
<msg level="INFO" timestamp="20170607 03:41:24.323">${rc} = 1</msg>
<msg level="INFO" timestamp="20170607 03:41:24.323">${output} = cat: /tmp/9.3.86.161_os_console: No such file or directory
</msg>
<status status="PASS" endtime="20170607 03:41:24.323" starttime="20170607 03:41:24.287"></status>
</kw>
<msg level="INFO" timestamp="20170607 03:41:24.323">${log_output} = cat: /tmp/9.3.86.161_os_console: No such file or directory
</msg>
<status status="PASS" endtime="20170607 03:41:24.324" starttime="20170607 03:41:24.234"></status>
</kw>
<kw name="Create File" library="OperatingSystem">
<doc>Creates a file with the given content and encoding.</doc>
<arguments>
<arg>${log_file_path}</arg>
</arguments>
<msg level="INFO" timestamp="20170607 03:41:24.326" html="yes">Created file '&lt;a href="file:///tmp/9.3.86.161_os_console"&gt;/tmp/9.3.86.161_os_console&lt;/a&gt;'.</msg>
<status status="PASS" endtime="20170607 03:41:24.326" starttime="20170607 03:41:24.325"></status>
</kw>
<kw name="Create OS Console Command String" library="utils">
<doc>Return a command string to start OS console logging.</doc>
<assign>
<var>${sub_cmd_buf}</var>
</assign>
<kw name="Catenate" library="BuiltIn">
<doc>Catenates the given items together and returns the resulted string.</doc>
<arguments>
<arg>which ssh_pw 2&gt;&amp;1</arg>
</arguments>
<assign>
<var>${cmd_buf}</var>
</assign>
<msg level="INFO" timestamp="20170607 03:41:24.327">${cmd_buf} = which ssh_pw 2&gt;&amp;1</msg>
<status status="PASS" endtime="20170607 03:41:24.327" starttime="20170607 03:41:24.327"></status>
</kw>
<kw name="Rdpissuing" library="gen_robot_print">
<arguments>
<arg>${cmd_buf}</arg>
</arguments>
<status status="PASS" endtime="20170607 03:41:24.328" starttime="20170607 03:41:24.327"></status>
</kw>
<kw name="Run And Return Rc And Output" library="OperatingSystem">
<doc>Runs the given command in the system and returns the RC and output.</doc>
<arguments>
<arg>${cmd_buf}</arg>
</arguments>
<assign>
<var>${rc}</var>
<var>${output}</var>
</assign>
<msg level="INFO" timestamp="20170607 03:41:24.331">Running command 'which ssh_pw 2&gt;&amp;1'.</msg>
<msg level="INFO" timestamp="20170607 03:41:24.335">${rc} = 0</msg>
<msg level="INFO" timestamp="20170607 03:41:24.335">${output} = /tmp/fspcibld/29220/obmc-robot/.tox/witherspoon/bin/ssh_pw</msg>
<status status="PASS" endtime="20170607 03:41:24.335" starttime="20170607 03:41:24.328"></status>
</kw>
<kw name="Rdpvars" library="gen_robot_print">
<arguments>
<arg>rc</arg>
<arg>output</arg>
</arguments>
<status status="PASS" endtime="20170607 03:41:24.338" starttime="20170607 03:41:24.337"></status>
</kw>
<kw name="Should Be Equal" library="BuiltIn">
<doc>Fails if the given objects are unequal.</doc>
<arguments>
<arg>${rc}</arg>
<arg>${0}</arg>
<arg>msg=${output}\n</arg>
</arguments>
<status status="PASS" endtime="20170607 03:41:24.339" starttime="20170607 03:41:24.338"></status>
</kw>
<kw name="Catenate" library="BuiltIn">
<doc>Catenates the given items together and returns the resulted string.</doc>
<arguments>
<arg>ssh_pw ${OPENBMC_PASSWORD} -p 2200</arg>
<arg>-o "StrictHostKeyChecking no" ${OPENBMC_USERNAME}@${OPENBMC_HOST}</arg>
</arguments>
<assign>
<var>${cmd_buf}</var>
</assign>
<msg level="INFO" timestamp="20170607 03:41:24.340">${cmd_buf} = ssh_pw 0penBmc -p 2200 -o "StrictHostKeyChecking no" root@9.3.86.161</msg>
<status status="PASS" endtime="20170607 03:41:24.340" starttime="20170607 03:41:24.339"></status>
</kw>
<msg level="INFO" timestamp="20170607 03:41:24.340">${sub_cmd_buf} = ssh_pw 0penBmc -p 2200 -o "StrictHostKeyChecking no" root@9.3.86.161</msg>
<status status="PASS" endtime="20170607 03:41:24.340" starttime="20170607 03:41:24.326"></status>
</kw>
<kw name="Catenate" library="BuiltIn">
<doc>Catenates the given items together and returns the resulted string.</doc>
<arguments>
<arg>${sub_cmd_buf} &gt; ${log_file_path} 2&gt;&amp;1 &amp;</arg>
</arguments>
<assign>
<var>${cmd_buf}</var>
</assign>
<msg level="INFO" timestamp="20170607 03:41:24.341">${cmd_buf} = ssh_pw 0penBmc -p 2200 -o "StrictHostKeyChecking no" root@9.3.86.161 &gt; /tmp/9.3.86.161_os_console 2&gt;&amp;1 &amp;</msg>
<status status="PASS" endtime="20170607 03:41:24.341" starttime="20170607 03:41:24.340"></status>
</kw>
<kw name="Rdpissuing" library="gen_robot_print">
<arguments>
<arg>${cmd_buf}</arg>
</arguments>
<status status="PASS" endtime="20170607 03:41:24.341" starttime="20170607 03:41:24.341"></status>
</kw>
<kw name="Run And Return Rc And Output" library="OperatingSystem">
<doc>Runs the given command in the system and returns the RC and output.</doc>
<arguments>
<arg>${cmd_buf}</arg>
</arguments>
<assign>
<var>${rc}</var>
<var>${output}</var>
</assign>
<msg level="INFO" timestamp="20170607 03:41:24.345">Running command 'ssh_pw 0penBmc -p 2200 -o "StrictHostKeyChecking no" root@9.3.86.161 &gt; /tmp/9.3.86.161_os_console 2&gt;&amp;1 &amp;'.</msg>
<msg level="INFO" timestamp="20170607 03:41:24.348">${rc} = 0</msg>
<msg level="INFO" timestamp="20170607 03:41:24.348">${output} = </msg>
<status status="PASS" endtime="20170607 03:41:24.348" starttime="20170607 03:41:24.342"></status>
</kw>
<kw name="Should Be Equal" library="BuiltIn">
<doc>Fails if the given objects are unequal.</doc>
<arguments>
<arg>${rc}</arg>
<arg>${0}</arg>
</arguments>
<status status="PASS" endtime="20170607 03:41:24.351" starttime="20170607 03:41:24.351"></status>
</kw>
<status status="PASS" endtime="20170607 03:41:24.352" starttime="20170607 03:41:24.232"></status>
</kw>
<kw name="Repeat Keyword" library="BuiltIn">
<doc>Executes the specified keyword multiple times.</doc>
<arguments>
<arg>${LOOP_COUNT} times</arg>
<arg>Host Off And On</arg>
</arguments>
<msg level="INFO" timestamp="20170607 03:41:24.353">Repeating keyword, round 1/2.</msg>
<kw name="Host Off And On">
<doc>Verify power off and on.</doc>
<kw name="Initiate Host PowerOff" library="state_manager">
<doc>Initiate host power off.</doc>
<kw name="Create Dictionary" library="BuiltIn">
<doc>Creates and returns a dictionary based on the given ``items``.</doc>
<arguments>
<arg>data=${HOST_POWEROFF_TRANS}</arg>
</arguments>
<assign>
<var>${args}</var>
</assign>
<msg level="INFO" timestamp="20170607 03:41:24.355">${args} = {u'data': 'xyz.openbmc_project.State.Host.Transition.Off'}</msg>
<status status="PASS" endtime="20170607 03:41:24.355" starttime="20170607 03:41:24.354"></status>
</kw>
<kw name="Write Attribute" library="rest_client">
<arguments>
<arg>${HOST_STATE_URI}</arg>
<arg>RequestedHostTransition</arg>
<arg>data=${args}</arg>
</arguments>
<kw name="Catenate" library="BuiltIn">
<doc>Catenates the given items together and returns the resulted string.</doc>
<arguments>
<arg>SEPARATOR=</arg>
<arg>${DBUS_PREFIX}</arg>
<arg>${uri}</arg>
</arguments>
<assign>
<var>${base_uri}</var>
</assign>
<msg level="INFO" timestamp="20170607 03:41:24.356">${base_uri} = /xyz/openbmc_project/state/host0/</msg>
<status status="PASS" endtime="20170607 03:41:24.356" starttime="20170607 03:41:24.355"></status>
</kw>
<kw name="OpenBMC Put Request" library="rest_client">
<arguments>
<arg>${base_uri}/attr/${attr}</arg>
<arg>timeout=${timeout}</arg>
<arg>&amp;{kwargs}</arg>
</arguments>
<assign>
<var>${resp}</var>
</assign>
[...]
[   23.089180176,3] XIVE[ IC 00  ] ISN 1 lead to invalid IVE !
[    2.403732] irq: XICS didn't like hwirq-0x1 to VIRQ17 mapping (rc=-22)
[    2.403963] PCI host bridge to bus 0007:00
[    2.404050] pci_bus 0007:00: root bus resource [mem 0x6230201400000-0x623020151ffff]
[    2.404205] pci_bus 0007:00: root bus resource [bus 00-ff]
[   23.090452336,3] XIVE[ IC 00  ] ISN 1 lead to invalid IVE !
[    2.406234] irq: XICS didn't like hwirq-0x1 to VIRQ17 mapping (rc=-22)
[   23.090600320,3] XIVE[ IC 00  ] ISN 1 lead to invalid IVE !
[    2.406502] irq: XICS didn't like hwirq-0x1 to VIRQ17 mapping (rc=-22)
[   23.090736160,3] XIVE[ IC 00  ] ISN 1 lead to invalid IVE !
[    2.406767] irq: XICS didn't like hwirq-0x1 to VIRQ17 mapping (rc=-22)
[    2.406989] pci 0000:00:00.0: disabling bridge window [mem 0x00000000-0xffffffffffffffff 64bit pref] to [bus 01] (unused)
[    2.407170] pci 0000:00:00.0: disabling bridge window [mem 0x00000000-0xffffffffffffffff] to [bus 01] (unused)
[    2.407408] pci 0000:00     : [PE# fe] Secondary bus 0 associated with PE#fe
[    2.407997] pci 0000:00:00.0: PCI bridge to [bus 01]
[    2.408173] pci 0001:00:00.0: BAR 8: assigned [mem 0x600c080000000-0x600c080ffffff]
[    2.408332] pci 0001:01:00.0: BAR 0: assigned [mem 0x600c080000000-0x600c08000ffff 64bit]
[    2.408518] pci 0001:01:00.0: BAR 2: assigned [mem 0x600c080010000-0x600c080011fff 64bit]
[    2.408709] pci 0001:00     : [PE# 7e] Secondary bus 0 associated with PE#7e
[    2.409291] pci 0001:01     : [PE# 7d] Secondary bus 1 associated with PE#7d
[    2.409875] pci 0001:01     : [PE# 7d] Setting up 32-bit TCE table at 0..80000000
[    2.421997] IOMMU table initialized, virtual merging enabled
[    2.422098] pci 0001:01     : [PE# 7d] Setting up window#0 0..7fffffff pg=1000
[    2.422269] pci 0001:01     : [PE# 7d] Enabling 64-bit DMA bypass
[    2.422393] pci 0001:00:00.0: PCI bridge to [bus 01]
[    2.422507] pci 0001:00:00.0:   bridge window [mem 0x600c080000000-0x600c0ffefffff]
[    2.422753] pci 0002:00:00.0: BAR 8: assigned [mem 0x600c100000000-0x600c101ffffff]
[    2.422902] pci 0002:01:00.0: BAR 8: assigned [mem 0x600c100000000-0x600c101ffffff]
[    2.423061] pci 0002:01:00.0: BAR 7: no space for [io  size 0x1000]
[    2.423186] pci 0002:01:00.0: BAR 7: failed to assign [io  size 0x1000]
[    2.423316] pci 0002:02:00.0: BAR 0: assigned [mem 0x600c100000000-0x600c100ffffff]
[    2.423476] pci 0002:02:00.0: BAR 1: assigned [mem 0x600c101000000-0x600c10101ffff]
[    2.423643] pci 0002:02:00.0: BAR 2: no space for [io  size 0x0080]
[    2.423765] pci 0002:02:00.0: BAR 2: failed to assign [io  size 0x0080]
[    2.423897] pci 0002:00     : [PE# 7e] Secondary bus 0 associated with PE#7e
[    2.424478] pci 0002:02     : [PE# 7d] Secondary bus 2..2 associated with PE#7d
[    2.425070] pci 0002:02     : [PE# 7d] Setting up 32-bit TCE table at 0..80000000
[    2.437194] pci 0002:02     : [PE# 7d] Setting up window#0 0..7fffffff pg=1000
[    2.437319] pci 0002:02     : [PE# 7d] Enabling 64-bit DMA bypass
[    2.437432] pci 0002:01:00.0: PCI bridge to [bus 02]
[    2.437556] pci 0002:01:00.0:   bridge window [mem 0x600c100000000-0x600c17fefffff]
[    2.437749] pci 0002:01     : [PE# 7c] Secondary bus 1 associated with PE#7c
[    2.438331] pci 0002:00:00.0: PCI bridge to [bus 01-02]
[    2.438423] pci 0002:00:00.0:   bridge window [mem 0x600c100000000-0x600c17fefffff]
[    2.438618] pci_bus 0002:00: Some PCI device resources are unassigned, try booting with pci=realloc
[    2.438865] pci 0003:00:00.0: disabling bridge window [mem 0x00000000-0xffffffffffffffff 64bit pref] to [bus 01] (unused)
[    2.439074] pci 0003:00:00.0: disabling bridge window [mem 0x00000000-0xffffffffffffffff] to [bus 01] (unused)
[    2.439277] pci 0003:00     : [PE# fe] Secondary bus 0 associated with PE#fe
[    2.439852] pci 0003:00:00.0: PCI bridge to [bus 01]
[    2.440164] pci 0004:00:00.0: BAR 9: assigned [mem 0x6024000000000-0x602407fffffff 64bit pref]
[    2.440330] pci 0004:00:00.0: BAR 8: assigned [mem 0x600c200000000-0x600c201ffffff]
[    2.440492] pci 0004:01:00.0: BAR 9: assigned [mem 0x6024000000000-0x602407fffffff 64bit pref]
[    2.440668] pci 0004:01:00.0: BAR 8: assigned [mem 0x600c200000000-0x600c200ffffff]
[    2.440827] pci 0004:01:00.0: BAR 0: assigned [mem 0x600c201000000-0x600c20103ffff]
[    2.440989] pci 0004:01:00.1: BAR 0: assigned [mem 0x600c201040000-0x600c201041fff]
[    2.441154] pci 0004:01:00.2: BAR 0: assigned [mem 0x600c201042000-0x600c201043fff]
[    2.441317] pci 0004:01:00.3: BAR 0: assigned [mem 0x600c201044000-0x600c201045fff]
[    2.441481] pci 0004:01:00.4: BAR 0: assigned [mem 0x600c201046000-0x600c201047fff]
[    2.441647] pci 0004:01:00.0: BAR 7: no space for [io  size 0x1000]
[    2.441773] pci 0004:01:00.0: BAR 7: failed to assign [io  size 0x1000]
[    2.441902] pci 0004:01:00.0: BAR 7: no space for [io  size 0x1000]
[    2.442025] pci 0004:01:00.0: BAR 7: failed to assign [io  size 0x1000]
[    2.442159] pci 0004:02:02.0: BAR 9: assigned [mem 0x6024000000000-0x602407fffffff 64bit pref]
[    2.442336] pci 0004:02:02.0: BAR 8: assigned [mem 0x600c200000000-0x600c200ffffff]
[    2.442496] pci 0004:02:02.0: BAR 7: no space for [io  size 0x1000]
[    2.442616] pci 0004:02:02.0: BAR 7: failed to assign [io  size 0x1000]
[    2.442732] pci 0004:02:02.0: BAR 7: no space for [io  size 0x1000]
[    2.442861] pci 0004:02:02.0: BAR 7: failed to assign [io  size 0x1000]
[    2.442995] pci 0004:03:00.0: BAR 6: assigned [mem 0x600c200000000-0x600c20000ffff pref]
[    2.443159] pci 0004:03:00.0: BAR 5: assigned [mem 0x600c200010000-0x600c2000107ff]
[    2.443326] pci 0004:03:00.0: BAR 4: no space for [io  size 0x0020]
[    2.443450] pci 0004:03:00.0: BAR 4: failed to assign [io  size 0x0020]
[    2.443577] pci 0004:03:00.0: BAR 0: no space for [io  size 0x0008]
[    2.443701] pci 0004:03:00.0: BAR 0: failed to assign [io  size 0x0008]
[    2.443827] pci 0004:03:00.0: BAR 2: no space for [io  size 0x0008]
[    2.443950] pci 0004:03:00.0: BAR 2: failed to assign [io  size 0x0008]
[    2.444079] pci 0004:03:00.0: BAR 1: no space for [io  size 0x0004]
[    2.444203] pci 0004:03:00.0: BAR 1: failed to assign [io  size 0x0004]
[    2.444331] pci 0004:03:00.0: BAR 3: no space for [io  size 0x0004]
[    2.444457] pci 0004:03:00.0: BAR 3: failed to assign [io  size 0x0004]
[    2.444585] pci 0004:00     : [PE# 7e] Secondary bus 0 associated with PE#7e
[    2.445166] pci 0004:03     : [PE# 7d] Secondary bus 3 associated with PE#7d
[    2.445733] pci 0004:03     : [PE# 7d] Setting up 32-bit TCE table at 0..80000000
[    2.457851] pci 0004:03     : [PE# 7d] Setting up window#0 0..7fffffff pg=1000
[    2.457978] pci 0004:03     : [PE# 7d] Enabling 64-bit DMA bypass
[    2.458113] pci 0004:02:02.0: PCI bridge to [bus 03]
[    2.458231] pci 0004:02:02.0:   bridge window [mem 0x600c200000000-0x600c200ffffff]
[    2.458397] pci 0004:02:02.0:   bridge window [mem 0x6024000000000-0x602407fffffff 64bit pref]
[    2.458590] pci 0004:02:0a.0: PCI bridge to [bus 04]
[    2.458718] pci 0004:02:0b.0: PCI bridge to [bus 05]
[    2.458852] pci 0004:02:0c.0: PCI bridge to [bus 06]
[    2.458988] pci 0004:02     : [PE# 7c] Secondary bus 2 associated with PE#7c
[    2.459570] pci 0004:01:00.0: PCI bridge to [bus 02-06]
[    2.459678] pci 0004:01:00.0:   bridge window [mem 0x600c200000000-0x600c27fefffff]
[    2.459820] pci 0004:01:00.0:   bridge window [mem 0x6024000000000-0x6027efff0ffff 64bit pref]
[    2.460008] pci 0004:01     : [PE# 7b] Secondary bus 1 associated with PE#7b
[    2.460594] pci 0004:01     : [PE# 7b] Setting up 32-bit TCE table at 0..80000000
[    2.472705] pci 0004:01     : [PE# 7b] Setting up window#0 0..7fffffff pg=1000
[    2.472836] pci 0004:01     : [PE# 7b] Enabling 64-bit DMA bypass
[    2.472948] pci 0004:00:00.0: PCI bridge to [bus 01-06]
[    2.473082] pci 0004:00:00.0:   bridge window [mem 0x600c200000000-0x600c27fefffff]
[    2.473242] pci 0004:00:00.0:   bridge window [mem 0x6024000000000-0x6027efff0ffff 64bit pref]
[    2.473432] pci_bus 0004:00: Some PCI device resources are unassigned, try booting with pci=realloc
[    2.473699] pci 0005:00:00.0: BAR 9: assigned [mem 0x6028000000000-0x602807fffffff 64bit pref]
[    2.473884] pci 0005:01:00.0: BAR 0: assigned [mem 0x6028000000000-0x602800000ffff 64bit pref]
[    2.474085] pci 0005:01:00.0: BAR 2: assigned [mem 0x6028000010000-0x602800001ffff 64bit pref]
[    2.474283] pci 0005:01:00.0: BAR 4: assigned [mem 0x6028000020000-0x602800002ffff 64bit pref]
[    2.474482] pci 0005:01:00.1: BAR 0: assigned [mem 0x6028000030000-0x602800003ffff 64bit pref]
[    2.474686] pci 0005:01:00.1: BAR 2: assigned [mem 0x6028000040000-0x602800004ffff 64bit pref]
[    2.474890] pci 0005:01:00.1: BAR 4: assigned [mem 0x6028000050000-0x602800005ffff 64bit pref]
[    2.475097] pci 0005:00     : [PE# 7e] Secondary bus 0 associated with PE#7e
[    2.475685] pci 0005:01     : [PE# 00] Secondary bus 1 associated with PE#0
[    2.476220] pci 0005:01     : [PE# 00] Setting up 32-bit TCE table at 0..80000000
[    2.488337] pci 0005:01     : [PE# 00] Setting up window#0 0..7fffffff pg=1000
[    2.488468] pci 0005:01     : [PE# 00] Enabling 64-bit DMA bypass
[    2.488609] pci 0005:00:00.0: PCI bridge to [bus 01]
[    2.488732] pci 0005:00:00.0:   bridge window [mem 0x6028000000000-0x602beffffffff 64bit pref]
[    2.488982] pci 0030:00:00.0: disabling bridge window [mem 0x00000000-0xffffffffffffffff 64bit pref] to [bus 01] (unused)
[    2.489193] pci 0030:00:00.0: disabling bridge window [mem 0x00000000-0xffffffffffffffff] to [bus 01] (unused)
[    2.489393] pci 0030:00     : [PE# fe] Secondary bus 0 associated with PE#fe
[    2.489972] pci 0030:00:00.0: PCI bridge to [bus 01]
[    2.490141] pci 0033:00:00.0: disabling bridge window [mem 0x00000000-0xffffffffffffffff 64bit pref] to [bus 01] (unused)
[    2.490354] pci 0033:00:00.0: disabling bridge window [mem 0x00000000-0xffffffffffffffff] to [bus 01] (unused)
[    2.490557] pci 0033:00     : [PE# fe] Secondary bus 0 associated with PE#fe
[    2.491138] pci 0033:00:00.0: PCI bridge to [bus 01]
[    2.491302] pci 0034:00:00.0: disabling bridge window [mem 0x00000000-0xffffffffffffffff 64bit pref] to [bus 01] (unused)
[    2.491508] pci 0034:00:00.0: disabling bridge window [mem 0x00000000-0xffffffffffffffff] to [bus 01] (unused)
[    2.491713] pci 0034:00     : [PE# 7e] Secondary bus 0 associated with PE#7e
[    2.492289] pci 0034:00:00.0: PCI bridge to [bus 01]
[    2.492535] pci 0035:00:00.0: BAR 8: assigned [mem 0x620c280000000-0x620c280ffffff]
[    2.492692] pci 0035:01:00.0: BAR 0: assigned [mem 0x620c280000000-0x620c28003ffff]
[    2.492859] pci 0035:00     : [PE# 7e] Secondary bus 0 associated with PE#7e
[    2.493443] pci 0035:02:08.0: PCI bridge to [bus 03-07]
[    2.493540] pci 0035:02:0d.0: PCI bridge to [bus 08]
[    2.493675] pci 0035:02     : [PE# 7d] Secondary bus 2 associated with PE#7d
[    2.494258] pci 0035:01:00.0: PCI bridge to [bus 02-08]
[    2.494376] pci 0035:01     : [PE# 7c] Secondary bus 1 associated with PE#7c
[    2.494958] pci 0035:00:00.0: PCI bridge to [bus 01-08]
[    2.495053] pci 0035:00:00.0:   bridge window [mem 0x620c280000000-0x620c2ffefffff]
[    2.495279] pci 0006:00:00.0: BAR 0: assigned [mem 0x6030201400000-0x603020141ffff 64bit]
[    2.495502] pci 0006:00:00.1: BAR 0: assigned [mem 0x6030201420000-0x603020143ffff 64bit]
[    2.495720] pci 0006:00:01.0: BAR 0: assigned [mem 0x6030201440000-0x603020145ffff 64bit]
[    2.495933] pci 0006:00:01.1: BAR 0: assigned [mem 0x6030201460000-0x603020147ffff 64bit]
[    2.496148] pci 0006:00:02.0: BAR 0: assigned [mem 0x6030201480000-0x603020149ffff 64bit]
[    2.496362] pci 0006:00:02.1: BAR 0: assigned [mem 0x60302014a0000-0x60302014bffff 64bit]
[    2.496577] pci 0006:00:00.0: BAR 2: assigned [mem 0x60302014c0000-0x60302014cffff 64bit]
[    2.496793] pci 0006:00:00.1: BAR 2: assigned [mem 0x60302014d0000-0x60302014dffff 64bit]
[    2.497009] pci 0006:00:01.0: BAR 2: assigned [mem 0x60302014e0000-0x60302014effff 64bit]
[    2.497226] pci 0006:00:01.1: BAR 2: assigned [mem 0x60302014f0000-0x60302014fffff 64bit]
[    2.497435] pci 0006:00:02.0: BAR 2: assigned [mem 0x6030201500000-0x603020150ffff 64bit]
[    2.497631] pci 0006:00:02.1: BAR 2: assigned [mem 0x6030201510000-0x603020151ffff 64bit]
[    2.497865] pci 0007:00:00.0: BAR 0: assigned [mem 0x6230201400000-0x623020141ffff 64bit]
[    2.498088] pci 0007:00:00.1: BAR 0: assigned [mem 0x6230201420000-0x623020143ffff 64bit]
[    2.498311] pci 0007:00:01.0: BAR 0: assigned [mem 0x6230201440000-0x623020145ffff 64bit]
[    2.498540] pci 0007:00:01.1: BAR 0: assigned [mem 0x6230201460000-0x623020147ffff 64bit]
[    2.498764] pci 0007:00:02.0: BAR 0: assigned [mem 0x6230201480000-0x623020149ffff 64bit]
[    2.498993] pci 0007:00:02.1: BAR 0: assigned [mem 0x62302014a0000-0x62302014bffff 64bit]
[    2.499216] pci 0007:00:00.0: BAR 2: assigned [mem 0x62302014c0000-0x62302014cffff 64bit]
[    2.499429] pci 0007:00:00.1: BAR 2: assigned [mem 0x62302014d0000-0x62302014dffff 64bit]
[    2.499653] pci 0007:00:01.0: BAR 2: assigned [mem 0x62302014e0000-0x62302014effff 64bit]
[    2.499871] pci 0007:00:01.1: BAR 2: assigned [mem 0x62302014f0000-0x62302014fffff 64bit]
[    2.500091] pci 0007:00:02.0: BAR 2: assigned [mem 0x6230201500000-0x623020150ffff 64bit]
[    2.500316] pci 0007:00:02.1: BAR 2: assigned [mem 0x6230201510000-0x623020151ffff 64bit]
[    2.500556] pci 0006:00:00.0: [PE# 0d] Associated device to PE
[    2.500690] pci 0006:00:00.1: Associating to existing PE d
[    2.500806] pci 0006:00:01.0: Associating to existing PE d
[    2.500920] pci 0006:00:01.1: Associating to existing PE d
[    2.501037] pci 0006:00:02.0: Associating to existing PE d
[    2.501151] pci 0006:00:02.1: Associating to existing PE d
[    2.501268] pci 0007:00:00.0: [PE# 0d] Associated device to PE
[    2.501397] pci 0007:00:00.1: Associating to existing PE d
[    2.501511] pci 0007:00:01.0: Associating to existing PE d
[    2.501625] pci 0007:00:01.1: Associating to existing PE d
[    2.501742] pci 0007:00:02.0: Associating to existing PE d
[    2.501860] pci 0007:00:02.1: Associating to existing PE d
[    2.508260] EEH: PCI Enhanced I/O Error Handling Enabled
[    2.521862] pci 0002:02:00.0: vgaarb: VGA device added: decodes=io+mem,owns=none,locks=none
[    2.522028] pci 0002:02:00.0: vgaarb: bridge control possible
[    2.522156] vgaarb: loaded
[    2.522730] SCSI subsystem initialized
[    2.523016] usbcore: registered new interface driver usbfs
[    2.523158] usbcore: registered new interface driver hub
[    2.523462] usbcore: registered new device driver usb
[    2.523653] pps_core: LinuxPPS API ver. 1 registered
[    2.523755] pps_core: Software ver. 5.3.6 - Copyright 2005-2007 Rodolfo Giometti &lt;giometti@linux.it&gt;
[    2.523949] PTP clock support registered
[    2.524665] clocksource: Switched to clocksource timebase
[    2.530461] NET: Registered protocol family 2
[    2.530992] TCP established hash table entries: 524288 (order: 6, 4194304 bytes)
[    2.534556] TCP bind hash table entries: 65536 (order: 4, 1048576 bytes)
[    2.535281] TCP: Hash tables configured (established 524288 bind 65536)
[    2.535550] UDP hash table entries: 65536 (order: 5, 2097152 bytes)
[    2.536839] UDP-Lite hash table entries: 65536 (order: 5, 2097152 bytes)
[    2.538647] NET: Registered protocol family 1
[    2.538787] pci 0001:01:00.0: enabling device (0140 -&gt; 0142)
[   24.267289408,5] IPMI: Soft shutdown requested
[    3.751626] opal-power: Poweroff requested
[    3.751844] reboot: Failed to start orderly shutdown: forcing the issue
[    3.756087] reboot: Power down
[   24.281655088,5] OPAL: Shutdown request type 0x0...
[   25.034627] INFO: rcu_sched detected stalls on CPUs/tasks:
[   25.034726] 	0-...: (1 GPs behind) idle=d01/140000000000000/0 softirq=15/15 fqs=1051 
[   25.034933] 	(detected by 4, t=2102 jiffies, g=-275, c=-276, q=1028)
[   25.035085] Task dump for CPU 0:
[   25.035163] kworker/16:1    R  running task        0   218      2 0x00000804
[   25.035321] Workqueue: events poweroff_work_func
[   25.035428] Call Trace:
[   25.035492] [c000001feaa6b800] [0000000000000000]           (null)
[   29.914642] INFO: rcu_sched detected expedited stalls on CPUs/tasks: { 0-... } 2131 jiffies s: 5 root: 0x1/.
[   29.914873] blocking rcu_node structures:
[   29.914936] Task dump for CPU 0:
[   29.915009] kworker/16:1    R  running task        0   218      2 0x00000804
[   29.915162] Workqueue: events poweroff_work_func
[   29.915270] Call Trace:
[   29.915335] [c000001feaa6b800] [0000000000000000]           (null)
[   88.084625] INFO: rcu_sched detected stalls on CPUs/tasks:
[   88.084716] 	0-...: (1 GPs behind) idle=d01/140000000000000/0 softirq=15/15 fqs=4196 
[   88.084854] 	(detected by 2, t=8407 jiffies, g=-275, c=-276, q=1028)
[   88.084983] Task dump for CPU 0:
[   88.085053] kworker/16:1    R  running task        0   218      2 0x00000804
[   88.085189] Workqueue: events poweroff_work_func
[   88.085284] Call Trace:
[   88.085338] [c000001feaa6b800] [0000000000000000]           (null)
[   95.194643] INFO: rcu_sched detected expedited stalls on CPUs/tasks: { 0-... } 8659 jiffies s: 5 root: 0x1/.
[   95.194798] blocking rcu_node structures:
[   95.194907] Task dump for CPU 0:
[   95.194973] kworker/16:1    R  running task        0   218      2 0x00000804
[   95.195121] Workqueue: events poweroff_work_func
[   95.195222] Call Trace:
[   95.195287] [c000001feaa6b800] [0000000000000000]           (null)
[  151.134626] INFO: rcu_sched detected stalls on CPUs/tasks:
[  151.134734] 	0-...: (1 GPs behind) idle=d01/140000000000000/0 softirq=15/15 fqs=7349 
[  151.134928] 	(detected by 20, t=14712 jiffies, g=-275, c=-276, q=1028)
[  151.135071] Task dump for CPU 0:
[  151.135155] kworker/16:1    R  running task        0   218      2 0x00000804
[  151.135310] Workqueue: events poweroff_work_func
[  151.135424] Call Trace:
[  151.135490] [c000001feaa6b800] [0000000000000000]           (null)
[  161.754642] INFO: rcu_sched detected expedited stalls on CPUs/tasks: { 0-... } 15315 jiffies s: 5 root: 0x1/.
[  161.754821] blocking rcu_node structures:
[  161.754887] Task dump for CPU 0:
[  161.754962] kworker/16:1    R  running task        0   218      2 0x00000804
[  161.755106] Workqueue: events poweroff_work_func
[  161.755213] Call Trace:
[  161.755275] [c000001feaa6b800] [0000000000000000]           (null)
</msg>
<status status="PASS" endtime="20170607 03:44:57.314" starttime="20170607 03:44:57.312"></status>
</kw>
<status status="PASS" endtime="20170607 03:44:57.314" starttime="20170607 03:44:35.306"></status>
</kw>
<doc>Power off and on.</doc>
<tags>
<tag>chassisboot</tag>
<tag>Power_On_Test</tag>
</tags>
<status status="FAIL" critical="yes" endtime="20170607 03:44:57.315" starttime="20170607 03:41:24.231">Keyword 'Is Host Off' failed after retrying for 3 minutes. The last error was: Off != Running</status>
</test>
<doc>Test power on for HW CI.</doc>
<status status="FAIL" endtime="20170607 03:44:57.316" starttime="20170607 03:41:24.195"></status>
</suite>
<doc>Set metadata for test suite.</doc>
<status status="FAIL" endtime="20170607 03:44:57.319" starttime="20170607 03:41:16.562"></status>
</suite>
<statistics>
<total>
<stat fail="1" pass="1">Critical Tests</stat>
<stat fail="1" pass="1">All Tests</stat>
</total>
<tag>
<stat fail="1" pass="0">chassisboot</stat>
<stat fail="1" pass="0">Power_On_Test</stat>
<stat fail="0" pass="1">Test_SSL_Connection</stat>
</tag>
<suite>
<stat id="s1" fail="1" name="Tests" pass="1">Tests</stat>
<stat id="s1-s1" fail="0" name="Security" pass="1">Tests.Security</stat>
<stat id="s1-s1-s1" fail="0" name="Test Ssl" pass="1">Tests.Security.Test Ssl</stat>
<stat id="s1-s2" fail="1" name="Test Basic Poweron" pass="0">Tests.Test Basic Poweron</stat>
</suite>
</statistics>
<errors>
</errors>
</robot>
