<?xml version="1.0" encoding="UTF-8"?>
<robot generator="Robot 3.0 (Python 2.7.12 on linux2)" generated="20161202 21:42:27.684">
<suite name="Tests" id="s1" source="/tmp/root/11941/obmc-robot/tests">
<suite name="Security" id="s1-s1" source="/tmp/root/11941/obmc-robot/tests/security">
<suite name="Test Ssl" id="s1-s1-s1" source="/tmp/root/11941/obmc-robot/tests/security/test_ssl.robot">
<test name="Test SSL Connection" id="s1-s1-s1-t1">
<kw name="Initialize OpenBMC" library="rest_client">
<kw name="Create Session" library="RequestsLibrary.RequestsKeywords">
<doc>Create Session: create a HTTP session to a server</doc>
<arguments>
<arg>openbmc</arg>
<arg>${AUTH_URI}</arg>
<arg>timeout=${timeout}</arg>
<arg>max_retries=3</arg>
</arguments>
<msg level="INFO" timestamp="20161202 21:42:28.146">Creating Session using : alias=openbmc, url=https://9.3.23.30:443, headers={},                     cookies=None, auth=None, timeout=10, proxies=None, verify=False,                     debug=0 </msg>
<status endtime="20161202 21:42:28.147" starttime="20161202 21:42:28.146" status="PASS"></status>
</kw>
<kw name="Create Dictionary" library="BuiltIn">
<doc>Creates and returns a dictionary based on given items.</doc>
<arguments>
<arg>Content-Type=application/json</arg>
</arguments>
<assign>
<var>${headers}</var>
</assign>
<msg level="INFO" timestamp="20161202 21:42:28.147">${headers} = {u'Content-Type': u'application/json'}</msg>
<status endtime="20161202 21:42:28.147" starttime="20161202 21:42:28.147" status="PASS"></status>
</kw>
<kw name="Create List" library="BuiltIn">
<doc>Returns a list containing given items.</doc>
<arguments>
<arg>${OPENBMC_USERNAME}</arg>
<arg>${OPENBMC_PASSWORD}</arg>
</arguments>
<assign>
<var>@{credentials}</var>
</assign>
<msg level="INFO" timestamp="20161202 21:42:28.148">@{credentials} = [ root | 0penBmc ]</msg>
<status endtime="20161202 21:42:28.148" starttime="20161202 21:42:28.147" status="PASS"></status>
</kw>
<kw name="Create Dictionary" library="BuiltIn">
<doc>Creates and returns a dictionary based on given items.</doc>
<arguments>
<arg>data=@{credentials}</arg>
</arguments>
<assign>
<var>${data}</var>
</assign>
<msg level="INFO" timestamp="20161202 21:42:28.148">${data} = {u'data': [u'root', u'0penBmc']}</msg>
<status endtime="20161202 21:42:28.148" starttime="20161202 21:42:28.148" status="PASS"></status>
</kw>
<kw name="Post Request" library="RequestsLibrary.RequestsKeywords">
<doc>Send a POST request on the session object found using the</doc>
<arguments>
<arg>openbmc</arg>
<arg>/login</arg>
<arg>data=${data}</arg>
<arg>headers=${headers}</arg>
</arguments>
<assign>
<var>${resp}</var>
</assign>
<msg level="INFO" timestamp="20161202 21:42:28.724">Post Request using : alias=openbmc, uri=/login, data={"data": ["root", "0penBmc"]},                     headers={u'Content-Type': u'application/json'}, files=None, allow_redirects=True </msg>
<msg level="INFO" timestamp="20161202 21:42:28.724">${resp} = &lt;Response [200]&gt;</msg>
<status endtime="20161202 21:42:28.724" starttime="20161202 21:42:28.149" status="PASS"></status>
</kw>
<kw name="Should Be Equal As Strings" library="BuiltIn">
<doc>Fails if objects are unequal after converting them to strings.</doc>
<arguments>
<arg>${resp.status_code}</arg>
<arg>${HTTP_OK}</arg>
</arguments>
<msg level="INFO" timestamp="20161202 21:42:28.725">Argument types are:
&lt;type 'int'&gt;
&lt;type 'unicode'&gt;</msg>
<status endtime="20161202 21:42:28.725" starttime="20161202 21:42:28.724" status="PASS"></status>
</kw>
<status endtime="20161202 21:42:28.725" starttime="20161202 21:42:28.145" status="PASS"></status>
</kw>
<kw name="FFDC On Test Case Fail" library="openbmc_ffdc" type="teardown">
<doc>Generic FFDC entry point. Place holder to hook in</doc>
<kw name="Run Keyword If" library="BuiltIn">
<doc>Runs the given keyword with the given arguments, if ``condition`` is true.</doc>
<arguments>
<arg>'${TEST_STATUS}' == 'FAIL'</arg>
<arg>FFDC</arg>
</arguments>
<status endtime="20161202 21:42:28.728" starttime="20161202 21:42:28.726" status="PASS"></status>
</kw>
<kw name="Log Test Case Status" library="openbmc_ffdc_methods">
<doc>Test case execution result history.</doc>
<kw name="Create Directory" library="OperatingSystem">
<doc>Creates the specified directory.</doc>
<arguments>
<arg>${FFDC_LOG_PATH}</arg>
</arguments>
<msg level="INFO" timestamp="20161202 21:42:28.729" html="yes">Created directory '&lt;a href="file:///tmp/root/11941/obmc-robot/logs"&gt;/tmp/root/11941/obmc-robot/logs&lt;/a&gt;'.</msg>
<status endtime="20161202 21:42:28.730" starttime="20161202 21:42:28.729" status="PASS"></status>
</kw>
<kw name="Run Keyword And Return Status" library="BuiltIn">
<doc>Runs the given keyword with given arguments and returns the status as a Boolean value.</doc>
<arguments>
<arg>OperatingSystem.File Should Exist</arg>
<arg>${TEST_HISTORY}</arg>
</arguments>
<assign>
<var>${exist}</var>
</assign>
<kw name="File Should Exist" library="OperatingSystem">
<doc>Fails unless the given ``path`` points to an existing file.</doc>
<arguments>
<arg>${TEST_HISTORY}</arg>
</arguments>
<msg level="FAIL" timestamp="20161202 21:42:28.730">File '/tmp/root/11941/obmc-robot/logs/test_history.txt' does not exist.</msg>
<status endtime="20161202 21:42:28.731" starttime="20161202 21:42:28.730" status="FAIL"></status>
</kw>
<msg level="INFO" timestamp="20161202 21:42:28.731">${exist} = False</msg>
<status endtime="20161202 21:42:28.731" starttime="20161202 21:42:28.730" status="PASS"></status>
</kw>
<kw name="Run Keyword If" library="BuiltIn">
<doc>Runs the given keyword with the given arguments, if ``condition`` is true.</doc>
<arguments>
<arg>'${exist}' == '${False}'</arg>
<arg>Create File</arg>
<arg>${TEST_HISTORY}</arg>
</arguments>
<kw name="Create File" library="OperatingSystem">
<doc>Creates a file with the given content and encoding.</doc>
<arguments>
<arg>${TEST_HISTORY}</arg>
</arguments>
<msg level="INFO" timestamp="20161202 21:42:28.734" html="yes">Created file '&lt;a href="file:///tmp/root/11941/obmc-robot/logs/test_history.txt"&gt;/tmp/root/11941/obmc-robot/logs/test_history.txt&lt;/a&gt;'.</msg>
<status endtime="20161202 21:42:28.734" starttime="20161202 21:42:28.734" status="PASS"></status>
</kw>
<status endtime="20161202 21:42:28.734" starttime="20161202 21:42:28.731" status="PASS"></status>
</kw>
<kw name="Get Current Time Stamp" library="openbmc_ffdc_utils">
<doc>Get the current time stamp data</doc>
<assign>
<var>${cur_time}</var>
</assign>
<kw name="Get Current Date" library="DateTime">
<doc>Returns current local or UTC time with an optional increment.</doc>
<arguments>
<arg>result_format=%Y-%m-%d %H:%M:%S:%f</arg>
</arguments>
<assign>
<var>${cur_time}</var>
</assign>
<msg level="INFO" timestamp="20161202 21:42:28.735">${cur_time} = 2016-12-02 21:42:28:734642</msg>
<status endtime="20161202 21:42:28.735" starttime="20161202 21:42:28.734" status="PASS"></status>
</kw>
<kw name="Get Strip String" library="openbmc_ffdc_list">
<doc>########################################################################</doc>
<arguments>
<arg>${cur_time}</arg>
</arguments>
<assign>
<var>${cur_time}</var>
</assign>
<msg level="INFO" timestamp="20161202 21:42:28.735">${cur_time} = 20161202214228734642</msg>
<status endtime="20161202 21:42:28.735" starttime="20161202 21:42:28.735" status="PASS"></status>
</kw>
<msg level="INFO" timestamp="20161202 21:42:28.736">${cur_time} = 20161202214228734642</msg>
<status endtime="20161202 21:42:28.736" starttime="20161202 21:42:28.734" status="PASS"></status>
</kw>
<kw name="Append To File" library="OperatingSystem">
<doc>Appends the given contend to the specified file.</doc>
<arguments>
<arg>${TEST_HISTORY}</arg>
<arg>${cur_time}:${SUITE_NAME}:${TEST_NAME}:${TEST_STATUS}${\n}</arg>
</arguments>
<msg level="INFO" timestamp="20161202 21:42:28.736" html="yes">Appended to file '&lt;a href="file:///tmp/root/11941/obmc-robot/logs/test_history.txt"&gt;/tmp/root/11941/obmc-robot/logs/test_history.txt&lt;/a&gt;'.</msg>
<status endtime="20161202 21:42:28.736" starttime="20161202 21:42:28.736" status="PASS"></status>
</kw>
<status endtime="20161202 21:42:28.736" starttime="20161202 21:42:28.729" status="PASS"></status>
</kw>
<status endtime="20161202 21:42:28.737" starttime="20161202 21:42:28.725" status="PASS"></status>
</kw>
<doc>This testcase is for testing the SSL connection to the
OpenBMC machine.</doc>
<tags>
<tag>Test_SSL_Connection</tag>
</tags>
<status endtime="20161202 21:42:28.737" starttime="20161202 21:42:28.145" status="PASS" critical="yes"></status>
</test>
<kw name="Delete All Sessions" library="RequestsLibrary.RequestsKeywords" type="teardown">
<doc>Removes all the session objects</doc>
<msg level="INFO" timestamp="20161202 21:42:28.737">Delete All Sessions</msg>
<status endtime="20161202 21:42:28.737" starttime="20161202 21:42:28.737" status="PASS"></status>
</kw>
<doc>This testsuite is for testing SSL connection to OpenBMC</doc>
<status endtime="20161202 21:42:28.737" starttime="20161202 21:42:27.707" status="PASS"></status>
</suite>
<status endtime="20161202 21:42:28.739" starttime="20161202 21:42:27.706" status="PASS"></status>
</suite>
<suite name="Test Association" id="s1-s2" source="/tmp/root/11941/obmc-robot/tests/test_association.robot">
<kw name="Suite Initialization Setup" type="setup">
<kw name="Open Connection And Log In" library="connection_client">
<doc>Opens a connection with the given arguments, and logs in.</doc>
<kw name="Run Keyword And Return Status" library="BuiltIn">
<doc>Runs the given keyword with given arguments and returns the status as a Boolean value.</doc>
<arguments>
<arg>Dictionary Should Contain Key</arg>
<arg>${connection_args}</arg>
<arg>host</arg>
</arguments>
<assign>
<var>${has_host}</var>
</assign>
<kw name="Dictionary Should Contain Key" library="Collections">
<doc>Fails if ``key`` is not found from ``dictionary``.</doc>
<arguments>
<arg>${connection_args}</arg>
<arg>host</arg>
</arguments>
<msg level="FAIL" timestamp="20161202 21:42:28.768">Dictionary does not contain key 'host'.</msg>
<status endtime="20161202 21:42:28.768" starttime="20161202 21:42:28.767" status="FAIL"></status>
</kw>
<msg level="INFO" timestamp="20161202 21:42:28.768">${has_host} = False</msg>
<status endtime="20161202 21:42:28.768" starttime="20161202 21:42:28.767" status="PASS"></status>
</kw>
<kw name="Run Keyword If" library="BuiltIn">
<doc>Runs the given keyword with the given arguments, if ``condition`` is true.</doc>
<arguments>
<arg>${has_host} == ${FALSE}</arg>
<arg>Set To Dictionary</arg>
<arg>${connection_args}</arg>
<arg>host=${OPENBMC_HOST}</arg>
</arguments>
<kw name="Set To Dictionary" library="Collections">
<doc>Adds the given ``key_value_pairs`` and ``items`` to the ``dictionary``.</doc>
<arguments>
<arg>${connection_args}</arg>
<arg>host=${OPENBMC_HOST}</arg>
</arguments>
<status endtime="20161202 21:42:28.771" starttime="20161202 21:42:28.771" status="PASS"></status>
</kw>
<status endtime="20161202 21:42:28.771" starttime="20161202 21:42:28.768" status="PASS"></status>
</kw>
<kw name="Run Keyword If" library="BuiltIn">
<doc>Runs the given keyword with the given arguments, if ``condition`` is true.</doc>
<arguments>
<arg>'${SSH_PORT}' != '${EMPTY}' and '${HTTPS_PORT}' != '${EMPTY}'</arg>
<arg>User input SSH and HTTPs Ports</arg>
</arguments>
<kw name="User input SSH and HTTPs Ports" library="connection_client">
<doc>Update the global SSH and HTTPs port variable for QEMU</doc>
<kw name="Convert To Integer" library="BuiltIn">
<doc>Converts the given item to an integer number.</doc>
<arguments>
<arg>${SSH_PORT}</arg>
</arguments>
<assign>
<var>${port_num}</var>
</assign>
<msg level="INFO" timestamp="20161202 21:42:28.775">${port_num} = 22</msg>
<status endtime="20161202 21:42:28.775" starttime="20161202 21:42:28.775" status="PASS"></status>
</kw>
<kw name="Replace Variables" library="BuiltIn">
<doc>Replaces variables in the given text with their current values.</doc>
<arguments>
<arg>${port_num}</arg>
</arguments>
<assign>
<var>${SSH_PORT}</var>
</assign>
<msg level="INFO" timestamp="20161202 21:42:28.776">${SSH_PORT} = 22</msg>
<status endtime="20161202 21:42:28.776" starttime="20161202 21:42:28.775" status="PASS"></status>
</kw>
<kw name="Convert To Integer" library="BuiltIn">
<doc>Converts the given item to an integer number.</doc>
<arguments>
<arg>${HTTPS_PORT}</arg>
</arguments>
<assign>
<var>${https_num}</var>
</assign>
<msg level="INFO" timestamp="20161202 21:42:28.776">${https_num} = 443</msg>
<status endtime="20161202 21:42:28.776" starttime="20161202 21:42:28.776" status="PASS"></status>
</kw>
<kw name="Set Global Variable" library="BuiltIn">
<doc>Makes a variable available globally in all tests and suites.</doc>
<arguments>
<arg>${AUTH_URI}</arg>
<arg>https://${OPENBMC_HOST}:${https_num}</arg>
</arguments>
<msg level="INFO" timestamp="20161202 21:42:28.777">${AUTH_URI} = https://9.3.23.30:443</msg>
<status endtime="20161202 21:42:28.777" starttime="20161202 21:42:28.776" status="PASS"></status>
</kw>
<status endtime="20161202 21:42:28.777" starttime="20161202 21:42:28.774" status="PASS"></status>
</kw>
<status endtime="20161202 21:42:28.777" starttime="20161202 21:42:28.772" status="PASS"></status>
</kw>
<kw name="Run Keyword And Return Status" library="BuiltIn">
<doc>Runs the given keyword with given arguments and returns the status as a Boolean value.</doc>
<arguments>
<arg>Dictionary Should Contain Key</arg>
<arg>${connection_args}</arg>
<arg>port</arg>
</arguments>
<assign>
<var>${has_port}</var>
</assign>
<kw name="Dictionary Should Contain Key" library="Collections">
<doc>Fails if ``key`` is not found from ``dictionary``.</doc>
<arguments>
<arg>${connection_args}</arg>
<arg>port</arg>
</arguments>
<msg level="FAIL" timestamp="20161202 21:42:28.778">Dictionary does not contain key 'port'.</msg>
<status endtime="20161202 21:42:28.778" starttime="20161202 21:42:28.777" status="FAIL"></status>
</kw>
<msg level="INFO" timestamp="20161202 21:42:28.778">${has_port} = False</msg>
<status endtime="20161202 21:42:28.778" starttime="20161202 21:42:28.777" status="PASS"></status>
</kw>
<kw name="Run Keyword If" library="BuiltIn">
<doc>Runs the given keyword with the given arguments, if ``condition`` is true.</doc>
<arguments>
<arg>'${SSH_PORT}' != '${EMPTY}' and ${has_port} == ${FALSE}</arg>
<arg>Run Keywords</arg>
<arg>Set To Dictionary</arg>
<arg>${connection_args}</arg>
<arg>port=${SSH_PORT}</arg>
<arg>AND</arg>
<arg>SSHLibrary.Open connection</arg>
<arg>&amp;{connection_args}</arg>
<arg>ELSE</arg>
<arg>Run Keyword</arg>
<arg>SSHLibrary.Open connection</arg>
<arg>&amp;{connection_args}</arg>
</arguments>
<kw name="Run Keywords" library="BuiltIn">
<doc>Executes all the given keywords in a sequence.</doc>
<arguments>
<arg>Set To Dictionary</arg>
<arg>${connection_args}</arg>
<arg>port=${SSH_PORT}</arg>
<arg>AND</arg>
<arg>SSHLibrary.Open connection</arg>
<arg>&amp;{connection_args}</arg>
</arguments>
<kw name="Set To Dictionary" library="Collections">
<doc>Adds the given ``key_value_pairs`` and ``items`` to the ``dictionary``.</doc>
<arguments>
<arg>${connection_args}</arg>
<arg>port=${SSH_PORT}</arg>
</arguments>
<status endtime="20161202 21:42:28.782" starttime="20161202 21:42:28.782" status="PASS"></status>
</kw>
<kw name="Open Connection" library="SSHLibrary">
<doc>Opens a new SSH connection to the given `host` and `port`.</doc>
<arguments>
<arg>&amp;{connection_args}</arg>
</arguments>
<status endtime="20161202 21:42:28.782" starttime="20161202 21:42:28.782" status="PASS"></status>
</kw>
<status endtime="20161202 21:42:28.782" starttime="20161202 21:42:28.781" status="PASS"></status>
</kw>
<status endtime="20161202 21:42:28.783" starttime="20161202 21:42:28.778" status="PASS"></status>
</kw>
<kw name="Login" library="SSHLibrary">
<doc>Logs into the SSH server with the given `username` and `password`.</doc>
<arguments>
<arg>${username}</arg>
<arg>${password}</arg>
</arguments>
<msg level="INFO" timestamp="20161202 21:42:28.783">Logging into '9.3.23.30:22' as 'root'.</msg>
<msg level="INFO" timestamp="20161202 21:42:31.700">Read output: 7[r[999;999H[6n</msg>
<status endtime="20161202 21:42:31.701" starttime="20161202 21:42:28.783" status="PASS"></status>
</kw>
<status endtime="20161202 21:42:31.701" starttime="20161202 21:42:28.767" status="PASS"></status>
</kw>
<kw name="Run Keyword And Continue On Failure" library="BuiltIn">
<doc>Runs the keyword and continues execution even if a failure occurs.</doc>
<arguments>
<arg>Clear all logs</arg>
</arguments>
<kw name="Clear all logs">
<kw name="OpenBMC Post Request" library="rest_client">
<arguments>
<arg>/org/openbmc/records/events/action/clear</arg>
<arg>data=${NIL}</arg>
</arguments>
<assign>
<var>${resp}</var>
</assign>
<kw name="Catenate" library="BuiltIn">
<doc>Catenates the given items together and returns the resulted string.</doc>
<arguments>
<arg>SEPARATOR=</arg>
<arg>${DBUS_PREFIX}</arg>
<arg>${uri}</arg>
</arguments>
<assign>
<var>${base_uri}</var>
</assign>
<msg level="INFO" timestamp="20161202 21:42:31.705">${base_uri} = /org/openbmc/records/events/action/clear</msg>
<status endtime="20161202 21:42:31.705" starttime="20161202 21:42:31.704" status="PASS"></status>
</kw>
<kw name="Create Dictionary" library="BuiltIn">
<doc>Creates and returns a dictionary based on given items.</doc>
<arguments>
<arg>Content-Type=application/json</arg>
</arguments>
<assign>
<var>${headers}</var>
</assign>
<msg level="INFO" timestamp="20161202 21:42:31.706">${headers} = {u'Content-Type': u'application/json'}</msg>
<status endtime="20161202 21:42:31.706" starttime="20161202 21:42:31.705" status="PASS"></status>
</kw>
<kw name="Set To Dictionary" library="Collections">
<doc>Adds the given ``key_value_pairs`` and ``items`` to the ``dictionary``.</doc>
<arguments>
<arg>${kwargs}</arg>
<arg>headers</arg>
<arg>${headers}</arg>
</arguments>
<status endtime="20161202 21:42:31.707" starttime="20161202 21:42:31.706" status="PASS"></status>
</kw>
<kw name="Run Keyword If" library="BuiltIn">
<doc>Runs the given keyword with the given arguments, if ``condition`` is true.</doc>
<arguments>
<arg>'${quiet}' == '${0}'</arg>
<arg>Log Request</arg>
<arg>method=Post</arg>
<arg>base_uri=${base_uri}</arg>
<arg>args=&amp;{kwargs}</arg>
</arguments>
<kw name="Log Request" library="rest_client">
<arguments>
<arg>method=Post</arg>
<arg>base_uri=${base_uri}</arg>
<arg>args=&amp;{kwargs}</arg>
</arguments>
<kw name="Catenate" library="BuiltIn">
<doc>Catenates the given items together and returns the resulted string.</doc>
<arguments>
<arg>SEPARATOR=</arg>
<arg>URI:</arg>
<arg>${AUTH_URI}</arg>
<arg>${kwargs["base_uri"]}</arg>
<arg>, method:</arg>
<arg>${kwargs["method"]}</arg>
<arg>, args:</arg>
<arg>${kwargs["args"]}</arg>
</arguments>
<assign>
<var>${msg}</var>
</assign>
<msg level="INFO" timestamp="20161202 21:42:31.715">${msg} = URI:https://9.3.23.30:443/org/openbmc/records/events/action/clear, method:Post, args:{u'data': {u'data': []}, u'headers': {u'Content-Type': u'application/json'}}</msg>
<status endtime="20161202 21:42:31.715" starttime="20161202 21:42:31.713" status="PASS"></status>
</kw>
<kw name="Logging" library="rest_client">
<arguments>
<arg>${msg}</arg>
<arg>console=True</arg>
</arguments>
<kw name="Log" library="BuiltIn">
<doc>Logs the given message with the given level.</doc>
<arguments>
<arg>${msg}</arg>
<arg>console=True</arg>
</arguments>
<msg level="INFO" timestamp="20161202 21:42:31.716">URI:https://9.3.23.30:443/org/openbmc/records/events/action/clear, method:Post, args:{u'data': {u'data': []}, u'headers': {u'Content-Type': u'application/json'}}</msg>
<status endtime="20161202 21:42:31.716" starttime="20161202 21:42:31.715" status="PASS"></status>
</kw>
<status endtime="20161202 21:42:31.716" starttime="20161202 21:42:31.715" status="PASS"></status>
</kw>
<status endtime="20161202 21:42:31.717" starttime="20161202 21:42:31.713" status="PASS"></status>
</kw>
<status endtime="20161202 21:42:31.717" starttime="20161202 21:42:31.707" status="PASS"></status>
</kw>
<kw name="Initialize OpenBMC" library="rest_client">
<arguments>
<arg>${timeout}</arg>
</arguments>
<kw name="Create Session" library="RequestsLibrary.RequestsKeywords">
<doc>Create Session: create a HTTP session to a server</doc>
<arguments>
<arg>openbmc</arg>
<arg>${AUTH_URI}</arg>
<arg>timeout=${timeout}</arg>
<arg>max_retries=3</arg>
</arguments>
<msg level="INFO" timestamp="20161202 21:42:31.718">Creating Session using : alias=openbmc, url=https://9.3.23.30:443, headers={},                     cookies=None, auth=None, timeout=10, proxies=None, verify=False,                     debug=0 </msg>
<status endtime="20161202 21:42:31.719" starttime="20161202 21:42:31.718" status="PASS"></status>
</kw>
<kw name="Create Dictionary" library="BuiltIn">
<doc>Creates and returns a dictionary based on given items.</doc>
<arguments>
<arg>Content-Type=application/json</arg>
</arguments>
<assign>
<var>${headers}</var>
</assign>
<msg level="INFO" timestamp="20161202 21:42:31.720">${headers} = {u'Content-Type': u'application/json'}</msg>
<status endtime="20161202 21:42:31.720" starttime="20161202 21:42:31.719" status="PASS"></status>
</kw>
<kw name="Create List" library="BuiltIn">
<doc>Returns a list containing given items.</doc>
<arguments>
<arg>${OPENBMC_USERNAME}</arg>
<arg>${OPENBMC_PASSWORD}</arg>
</arguments>
<assign>
<var>@{credentials}</var>
</assign>
<msg level="INFO" timestamp="20161202 21:42:31.720">@{credentials} = [ root | 0penBmc ]</msg>
<status endtime="20161202 21:42:31.720" starttime="20161202 21:42:31.720" status="PASS"></status>
</kw>
<kw name="Create Dictionary" library="BuiltIn">
<doc>Creates and returns a dictionary based on given items.</doc>
<arguments>
<arg>data=@{credentials}</arg>
</arguments>
<assign>
<var>${data}</var>
</assign>
<msg level="INFO" timestamp="20161202 21:42:31.721">${data} = {u'data': [u'root', u'0penBmc']}</msg>
<status endtime="20161202 21:42:31.721" starttime="20161202 21:42:31.721" status="PASS"></status>
</kw>
<kw name="Post Request" library="RequestsLibrary.RequestsKeywords">
<doc>Send a POST request on the session object found using the</doc>
<arguments>
<arg>openbmc</arg>
<arg>/login</arg>
<arg>data=${data}</arg>
<arg>headers=${headers}</arg>
</arguments>
<assign>
<var>${resp}</var>
</assign>
<msg level="INFO" timestamp="20161202 21:42:32.049">Post Request using : alias=openbmc, uri=/login, data={"data": ["root", "0penBmc"]},                     headers={u'Content-Type': u'application/json'}, files=None, allow_redirects=True </msg>
<msg level="INFO" timestamp="20161202 21:42:32.049">${resp} = &lt;Response [200]&gt;</msg>
<status endtime="20161202 21:42:32.049" starttime="20161202 21:42:31.721" status="PASS"></status>
</kw>
<kw name="Should Be Equal As Strings" library="BuiltIn">
<doc>Fails if objects are unequal after converting them to strings.</doc>
<arguments>
<arg>${resp.status_code}</arg>
<arg>${HTTP_OK}</arg>
</arguments>
<msg level="INFO" timestamp="20161202 21:42:32.050">Argument types are:
&lt;type 'int'&gt;
&lt;type 'unicode'&gt;</msg>
<status endtime="20161202 21:42:32.050" starttime="20161202 21:42:32.050" status="PASS"></status>
</kw>
<status endtime="20161202 21:42:32.050" starttime="20161202 21:42:31.717" status="PASS"></status>
</kw>
<kw name="Post Request" library="RequestsLibrary.RequestsKeywords">
<doc>Send a POST request on the session object found using the</doc>
<arguments>
<arg>openbmc</arg>
<arg>${base_uri}</arg>
<arg>&amp;{kwargs}</arg>
<arg>timeout=${timeout}</arg>
</arguments>
<assign>
<var>${ret}</var>
</assign>
<msg level="INFO" timestamp="20161202 21:42:32.336">Post Request using : alias=openbmc, uri=/org/openbmc/records/events/action/clear, data={"data": []},                     headers={u'Content-Type': u'application/json'}, files=None, allow_redirects=True </msg>
<msg level="INFO" timestamp="20161202 21:42:32.336">${ret} = &lt;Response [200]&gt;</msg>
<status endtime="20161202 21:42:32.336" starttime="20161202 21:42:32.051" status="PASS"></status>
</kw>
<kw name="Run Keyword If" library="BuiltIn">
<doc>Runs the given keyword with the given arguments, if ``condition`` is true.</doc>
<arguments>
<arg>'${quiet}' == '${0}'</arg>
<arg>Log Response</arg>
<arg>${ret}</arg>
</arguments>
<kw name="Log Response" library="rest_client">
<arguments>
<arg>${ret}</arg>
</arguments>
<kw name="Catenate" library="BuiltIn">
<doc>Catenates the given items together and returns the resulted string.</doc>
<arguments>
<arg>SEPARATOR=</arg>
<arg>Response code:</arg>
<arg>${resp.status_code}</arg>
<arg>, Content:</arg>
<arg>${resp.content}</arg>
</arguments>
<assign>
<var>${msg}</var>
</assign>
<msg level="INFO" timestamp="20161202 21:42:32.340">${msg} = Response code:200, Content:{
  "data": 0, 
  "message": "200 OK", 
  "status": "ok"
}</msg>
<status endtime="20161202 21:42:32.340" starttime="20161202 21:42:32.339" status="PASS"></status>
</kw>
<kw name="Logging" library="rest_client">
<arguments>
<arg>${msg}</arg>
<arg>console=True</arg>
</arguments>
<kw name="Log" library="BuiltIn">
<doc>Logs the given message with the given level.</doc>
<arguments>
<arg>${msg}</arg>
<arg>console=True</arg>
</arguments>
<msg level="INFO" timestamp="20161202 21:42:32.341">Response code:200, Content:{
  "data": 0, 
  "message": "200 OK", 
  "status": "ok"
}</msg>
<status endtime="20161202 21:42:32.341" starttime="20161202 21:42:32.340" status="PASS"></status>
</kw>
<status endtime="20161202 21:42:32.341" starttime="20161202 21:42:32.340" status="PASS"></status>
</kw>
<status endtime="20161202 21:42:32.341" starttime="20161202 21:42:32.339" status="PASS"></status>
</kw>
<status endtime="20161202 21:42:32.341" starttime="20161202 21:42:32.336" status="PASS"></status>
</kw>
<msg level="INFO" timestamp="20161202 21:42:32.341">${resp} = &lt;Response [200]&gt;</msg>
<status endtime="20161202 21:42:32.341" starttime="20161202 21:42:31.703" status="PASS"></status>
</kw>
<kw name="Should Be Equal As Strings" library="BuiltIn">
<doc>Fails if objects are unequal after converting them to strings.</doc>
<arguments>
<arg>${resp.status_code}</arg>
<arg>${HTTP_OK}</arg>
</arguments>
<msg level="INFO" timestamp="20161202 21:42:32.342">Argument types are:
&lt;type 'int'&gt;
&lt;type 'unicode'&gt;</msg>
<status endtime="20161202 21:42:32.342" starttime="20161202 21:42:32.341" status="PASS"></status>
</kw>
<kw name="OpenBMC Get Request" library="rest_client">
<arguments>
<arg>/org/openbmc/records/events/</arg>
</arguments>
<assign>
<var>${resp}</var>
</assign>
<kw name="Catenate" library="BuiltIn">
<doc>Catenates the given items together and returns the resulted string.</doc>
<arguments>
<arg>SEPARATOR=</arg>
<arg>${DBUS_PREFIX}</arg>
<arg>${uri}</arg>
</arguments>
<assign>
<var>${base_uri}</var>
</assign>
<msg level="INFO" timestamp="20161202 21:42:32.343">${base_uri} = /org/openbmc/records/events/</msg>
<status endtime="20161202 21:42:32.343" starttime="20161202 21:42:32.342" status="PASS"></status>
</kw>
<kw name="Run Keyword If" library="BuiltIn">
<doc>Runs the given keyword with the given arguments, if ``condition`` is true.</doc>
<arguments>
<arg>'${quiet}' == '${0}'</arg>
<arg>Log Request</arg>
<arg>method=Get</arg>
<arg>base_uri=${base_uri}</arg>
<arg>args=&amp;{kwargs}</arg>
</arguments>
<kw name="Log Request" library="rest_client">
<arguments>
<arg>method=Get</arg>
<arg>base_uri=${base_uri}</arg>
<arg>args=&amp;{kwargs}</arg>
</arguments>
<kw name="Catenate" library="BuiltIn">
<doc>Catenates the given items together and returns the resulted string.</doc>
<arguments>
<arg>SEPARATOR=</arg>
<arg>URI:</arg>
<arg>${AUTH_URI}</arg>
<arg>${kwargs["base_uri"]}</arg>
<arg>, method:</arg>
<arg>${kwargs["method"]}</arg>
<arg>, args:</arg>
<arg>${kwargs["args"]}</arg>
</arguments>
<assign>
<var>${msg}</var>
</assign>
<msg level="INFO" timestamp="20161202 21:42:32.347">${msg} = URI:https://9.3.23.30:443/org/openbmc/records/events/, method:Get, args:{}</msg>
<status endtime="20161202 21:42:32.347" starttime="20161202 21:42:32.346" status="PASS"></status>
</kw>
<kw name="Logging" library="rest_client">
<arguments>
<arg>${msg}</arg>
<arg>console=True</arg>
</arguments>
<kw name="Log" library="BuiltIn">
<doc>Logs the given message with the given level.</doc>
<arguments>
<arg>${msg}</arg>
<arg>console=True</arg>
</arguments>
<msg level="INFO" timestamp="20161202 21:42:32.348">URI:https://9.3.23.30:443/org/openbmc/records/events/, method:Get, args:{}</msg>
<status endtime="20161202 21:42:32.348" starttime="20161202 21:42:32.348" status="PASS"></status>
</kw>
<status endtime="20161202 21:42:32.348" starttime="20161202 21:42:32.347" status="PASS"></status>
</kw>
<status endtime="20161202 21:42:32.348" starttime="20161202 21:42:32.346" status="PASS"></status>
</kw>
<status endtime="20161202 21:42:32.348" starttime="20161202 21:42:32.343" status="PASS"></status>
</kw>
<kw name="Initialize OpenBMC" library="rest_client">
<arguments>
<arg>${timeout}</arg>
</arguments>
<kw name="Create Session" library="RequestsLibrary.RequestsKeywords">
<doc>Create Session: create a HTTP session to a server</doc>
<arguments>
<arg>openbmc</arg>
<arg>${AUTH_URI}</arg>
<arg>timeout=${timeout}</arg>
<arg>max_retries=3</arg>
</arguments>
<msg level="INFO" timestamp="20161202 21:42:32.349">Creating Session using : alias=openbmc, url=https://9.3.23.30:443, headers={},                     cookies=None, auth=None, timeout=10, proxies=None, verify=False,                     debug=0 </msg>
<status endtime="20161202 21:42:32.349" starttime="20161202 21:42:32.349" status="PASS"></status>
</kw>
<kw name="Create Dictionary" library="BuiltIn">
<doc>Creates and returns a dictionary based on given items.</doc>
<arguments>
<arg>Content-Type=application/json</arg>
</arguments>
<assign>
<var>${headers}</var>
</assign>
<msg level="INFO" timestamp="20161202 21:42:32.350">${headers} = {u'Content-Type': u'application/json'}</msg>
<status endtime="20161202 21:42:32.350" starttime="20161202 21:42:32.350" status="PASS"></status>
</kw>
<kw name="Create List" library="BuiltIn">
<doc>Returns a list containing given items.</doc>
<arguments>
<arg>${OPENBMC_USERNAME}</arg>
<arg>${OPENBMC_PASSWORD}</arg>
</arguments>
<assign>
<var>@{credentials}</var>
</assign>
<msg level="INFO" timestamp="20161202 21:42:32.350">@{credentials} = [ root | 0penBmc ]</msg>
<status endtime="20161202 21:42:32.350" starttime="20161202 21:42:32.350" status="PASS"></status>
</kw>
<kw name="Create Dictionary" library="BuiltIn">
<doc>Creates and returns a dictionary based on given items.</doc>
<arguments>
<arg>data=@{credentials}</arg>
</arguments>
<assign>
<var>${data}</var>
</assign>
<msg level="INFO" timestamp="20161202 21:42:32.351">${data} = {u'data': [u'root', u'0penBmc']}</msg>
<status endtime="20161202 21:42:32.351" starttime="20161202 21:42:32.351" status="PASS"></status>
</kw>
<kw name="Post Request" library="RequestsLibrary.RequestsKeywords">
<doc>Send a POST request on the session object found using the</doc>
<arguments>
<arg>openbmc</arg>
<arg>/login</arg>
<arg>data=${data}</arg>
<arg>headers=${headers}</arg>
</arguments>
<assign>
<var>${resp}</var>
</assign>
<msg level="INFO" timestamp="20161202 21:42:32.992">Post Request using : alias=openbmc, uri=/login, data={"data": ["root", "0penBmc"]},                     headers={u'Content-Type': u'application/json'}, files=None, allow_redirects=True </msg>
<msg level="INFO" timestamp="20161202 21:42:32.992">${resp} = &lt;Response [200]&gt;</msg>
<status endtime="20161202 21:42:32.992" starttime="20161202 21:42:32.351" status="PASS"></status>
</kw>
<kw name="Should Be Equal As Strings" library="BuiltIn">
<doc>Fails if objects are unequal after converting them to strings.</doc>
<arguments>
<arg>${resp.status_code}</arg>
<arg>${HTTP_OK}</arg>
</arguments>
<msg level="INFO" timestamp="20161202 21:42:32.993">Argument types are:
&lt;type 'int'&gt;
&lt;type 'unicode'&gt;</msg>
<status endtime="20161202 21:42:32.993" starttime="20161202 21:42:32.993" status="PASS"></status>
</kw>
<status endtime="20161202 21:42:32.994" starttime="20161202 21:42:32.348" status="PASS"></status>
</kw>
<kw name="Get Request" library="RequestsLibrary.RequestsKeywords">
<doc>Send a GET request on the session object found using the</doc>
<arguments>
<arg>openbmc</arg>
<arg>${base_uri}</arg>
<arg>&amp;{kwargs}</arg>
<arg>timeout=${timeout}</arg>
</arguments>
<assign>
<var>${ret}</var>
</assign>
<msg level="INFO" timestamp="20161202 21:42:33.057">Get Request using : alias=openbmc, uri=/org/openbmc/records/events/, headers=None </msg>
<msg level="INFO" timestamp="20161202 21:42:33.057">${ret} = &lt;Response [200]&gt;</msg>
<status endtime="20161202 21:42:33.057" starttime="20161202 21:42:32.994" status="PASS"></status>
</kw>
<kw name="Run Keyword If" library="BuiltIn">
<doc>Runs the given keyword with the given arguments, if ``condition`` is true.</doc>
<arguments>
<arg>'${quiet}' == '${0}'</arg>
<arg>Log Response</arg>
<arg>${ret}</arg>
</arguments>
<kw name="Log Response" library="rest_client">
<arguments>
<arg>${ret}</arg>
</arguments>
<kw name="Catenate" library="BuiltIn">
<doc>Catenates the given items together and returns the resulted string.</doc>
<arguments>
<arg>SEPARATOR=</arg>
<arg>Response code:</arg>
<arg>${resp.status_code}</arg>
<arg>, Content:</arg>
<arg>${resp.content}</arg>
</arguments>
<assign>
<var>${msg}</var>
</assign>
<msg level="INFO" timestamp="20161202 21:42:33.065">${msg} = Response code:200, Content:{
  "data": [], 
  "message": "200 OK", 
  "status": "ok"
}</msg>
<status endtime="20161202 21:42:33.065" starttime="20161202 21:42:33.064" status="PASS"></status>
</kw>
<kw name="Logging" library="rest_client">
<arguments>
<arg>${msg}</arg>
<arg>console=True</arg>
</arguments>
<kw name="Log" library="BuiltIn">
<doc>Logs the given message with the given level.</doc>
<arguments>
<arg>${msg}</arg>
<arg>console=True</arg>
</arguments>
<msg level="INFO" timestamp="20161202 21:42:33.066">Response code:200, Content:{
  "data": [], 
  "message": "200 OK", 
  "status": "ok"
}</msg>
<status endtime="20161202 21:42:33.066" starttime="20161202 21:42:33.066" status="PASS"></status>
</kw>
<status endtime="20161202 21:42:33.066" starttime="20161202 21:42:33.065" status="PASS"></status>
</kw>
<status endtime="20161202 21:42:33.066" starttime="20161202 21:42:33.063" status="PASS"></status>
</kw>
<status endtime="20161202 21:42:33.067" starttime="20161202 21:42:33.058" status="PASS"></status>
</kw>
<msg level="INFO" timestamp="20161202 21:42:33.067">${resp} = &lt;Response [200]&gt;</msg>
<status endtime="20161202 21:42:33.067" starttime="20161202 21:42:32.342" status="PASS"></status>
</kw>
<kw name="To Json" library="RequestsLibrary.RequestsKeywords">
<doc>Convert a string to a JSON object</doc>
<arguments>
<arg>${resp.content}</arg>
</arguments>
<assign>
<var>${json}</var>
</assign>
<msg level="INFO" timestamp="20161202 21:42:33.068">To JSON using : content={
  "data": [], 
  "message": "200 OK", 
  "status": "ok"
} </msg>
<msg level="INFO" timestamp="20161202 21:42:33.068">To JSON using : pretty_print=False </msg>
<msg level="INFO" timestamp="20161202 21:42:33.068">${json} = {u'message': u'200 OK', u'status': u'ok', u'data': []}</msg>
<status endtime="20161202 21:42:33.068" starttime="20161202 21:42:33.067" status="PASS"></status>
</kw>
<kw name="Should Be Empty" library="BuiltIn">
<doc>Verifies that the given item is empty.</doc>
<arguments>
<arg>${json['data']}</arg>
</arguments>
<msg level="INFO" timestamp="20161202 21:42:33.069">Length is 0</msg>
<status endtime="20161202 21:42:33.069" starttime="20161202 21:42:33.069" status="PASS"></status>
</kw>
<status endtime="20161202 21:42:33.069" starttime="20161202 21:42:31.702" status="PASS"></status>
</kw>
<status endtime="20161202 21:42:33.070" starttime="20161202 21:42:31.701" status="PASS"></status>
</kw>
<status endtime="20161202 21:42:33.070" starttime="20161202 21:42:28.766" status="PASS"></status>
</kw>
<test name="Create error log on single FRU" id="s1-s2-t1">
<kw name="Run Keyword And Continue On Failure" library="BuiltIn">
<doc>Runs the keyword and continues execution even if a failure occurs.</doc>
<arguments>
<arg>Clear all logs</arg>
</arguments>
<kw name="Clear all logs">
<kw name="OpenBMC Post Request" library="rest_client">
<arguments>
<arg>/org/openbmc/records/events/action/clear</arg>
<arg>data=${NIL}</arg>
</arguments>
<assign>
<var>${resp}</var>
</assign>
<kw name="Catenate" library="BuiltIn">
<doc>Catenates the given items together and returns the resulted string.</doc>
<arguments>
<arg>SEPARATOR=</arg>
<arg>${DBUS_PREFIX}</arg>
<arg>${uri}</arg>
</arguments>
<assign>
<var>${base_uri}</var>
</assign>
<msg level="INFO" timestamp="20161202 21:42:33.072">${base_uri} = /org/openbmc/records/events/action/clear</msg>
<status endtime="20161202 21:42:33.072" starttime="20161202 21:42:33.072" status="PASS"></status>
</kw>
<kw name="Create Dictionary" library="BuiltIn">
<doc>Creates and returns a dictionary based on given items.</doc>
<arguments>
<arg>Content-Type=application/json</arg>
</arguments>
<assign>
<var>${headers}</var>
</assign>
<msg level="INFO" timestamp="20161202 21:42:33.073">${headers} = {u'Content-Type': u'application/json'}</msg>
<status endtime="20161202 21:42:33.073" starttime="20161202 21:42:33.072" status="PASS"></status>
</kw>
<kw name="Set To Dictionary" library="Collections">
<doc>Adds the given ``key_value_pairs`` and ``items`` to the ``dictionary``.</doc>
<arguments>
<arg>${kwargs}</arg>
<arg>headers</arg>
<arg>${headers}</arg>
</arguments>
<status endtime="20161202 21:42:33.073" starttime="20161202 21:42:33.073" status="PASS"></status>
</kw>
<kw name="Run Keyword If" library="BuiltIn">
<doc>Runs the given keyword with the given arguments, if ``condition`` is true.</doc>
<arguments>
<arg>'${quiet}' == '${0}'</arg>
<arg>Log Request</arg>
<arg>method=Post</arg>
<arg>base_uri=${base_uri}</arg>
<arg>args=&amp;{kwargs}</arg>
</arguments>
<kw name="Log Request" library="rest_client">
<arguments>
<arg>method=Post</arg>
<arg>base_uri=${base_uri}</arg>
<arg>args=&amp;{kwargs}</arg>
</arguments>
<kw name="Catenate" library="BuiltIn">
<doc>Catenates the given items together and returns the resulted string.</doc>
<arguments>
<arg>SEPARATOR=</arg>
<arg>URI:</arg>
<arg>${AUTH_URI}</arg>
<arg>${kwargs["base_uri"]}</arg>
<arg>, method:</arg>
<arg>${kwargs["method"]}</arg>
<arg>, args:</arg>
<arg>${kwargs["args"]}</arg>
</arguments>
<assign>
<var>${msg}</var>
</assign>
<msg level="INFO" timestamp="20161202 21:42:33.077">${msg} = URI:https://9.3.23.30:443/org/openbmc/records/events/action/clear, method:Post, args:{u'data': {u'data': []}, u'headers': {u'Content-Type': u'application/json'}}</msg>
<status endtime="20161202 21:42:33.077" starttime="20161202 21:42:33.077" status="PASS"></status>
</kw>
<kw name="Logging" library="rest_client">
<arguments>
<arg>${msg}</arg>
<arg>console=True</arg>
</arguments>
<kw name="Log" library="BuiltIn">
<doc>Logs the given message with the given level.</doc>
<arguments>
<arg>${msg}</arg>
<arg>console=True</arg>
</arguments>
<msg level="INFO" timestamp="20161202 21:42:33.078">URI:https://9.3.23.30:443/org/openbmc/records/events/action/clear, method:Post, args:{u'data': {u'data': []}, u'headers': {u'Content-Type': u'application/json'}}</msg>
<status endtime="20161202 21:42:33.078" starttime="20161202 21:42:33.078" status="PASS"></status>
</kw>
<status endtime="20161202 21:42:33.078" starttime="20161202 21:42:33.078" status="PASS"></status>
</kw>
<status endtime="20161202 21:42:33.079" starttime="20161202 21:42:33.076" status="PASS"></status>
</kw>
<status endtime="20161202 21:42:33.079" starttime="20161202 21:42:33.073" status="PASS"></status>
</kw>
<kw name="Initialize OpenBMC" library="rest_client">
<arguments>
<arg>${timeout}</arg>
</arguments>
<kw name="Create Session" library="RequestsLibrary.RequestsKeywords">
<doc>Create Session: create a HTTP session to a server</doc>
<arguments>
<arg>openbmc</arg>
<arg>${AUTH_URI}</arg>
<arg>timeout=${timeout}</arg>
<arg>max_retries=3</arg>
</arguments>
<msg level="INFO" timestamp="20161202 21:42:33.079">Creating Session using : alias=openbmc, url=https://9.3.23.30:443, headers={},                     cookies=None, auth=None, timeout=10, proxies=None, verify=False,                     debug=0 </msg>
<status endtime="20161202 21:42:33.080" starttime="20161202 21:42:33.079" status="PASS"></status>
</kw>
<kw name="Create Dictionary" library="BuiltIn">
<doc>Creates and returns a dictionary based on given items.</doc>
<arguments>
<arg>Content-Type=application/json</arg>
</arguments>
<assign>
<var>${headers}</var>
</assign>
<msg level="INFO" timestamp="20161202 21:42:33.080">${headers} = {u'Content-Type': u'application/json'}</msg>
<status endtime="20161202 21:42:33.080" starttime="20161202 21:42:33.080" status="PASS"></status>
</kw>
<kw name="Create List" library="BuiltIn">
<doc>Returns a list containing given items.</doc>
<arguments>
<arg>${OPENBMC_USERNAME}</arg>
<arg>${OPENBMC_PASSWORD}</arg>
</arguments>
<assign>
<var>@{credentials}</var>
</assign>
<msg level="INFO" timestamp="20161202 21:42:33.081">@{credentials} = [ root | 0penBmc ]</msg>
<status endtime="20161202 21:42:33.081" starttime="20161202 21:42:33.081" status="PASS"></status>
</kw>
<kw name="Create Dictionary" library="BuiltIn">
<doc>Creates and returns a dictionary based on given items.</doc>
<arguments>
<arg>data=@{credentials}</arg>
</arguments>
<assign>
<var>${data}</var>
</assign>
<msg level="INFO" timestamp="20161202 21:42:33.081">${data} = {u'data': [u'root', u'0penBmc']}</msg>
<status endtime="20161202 21:42:33.082" starttime="20161202 21:42:33.081" status="PASS"></status>
</kw>
<kw name="Post Request" library="RequestsLibrary.RequestsKeywords">
<doc>Send a POST request on the session object found using the</doc>
<arguments>
<arg>openbmc</arg>
<arg>/login</arg>
<arg>data=${data}</arg>
<arg>headers=${headers}</arg>
</arguments>
<assign>
<var>${resp}</var>
</assign>
<msg level="INFO" timestamp="20161202 21:42:33.408">Post Request using : alias=openbmc, uri=/login, data={"data": ["root", "0penBmc"]},                     headers={u'Content-Type': u'application/json'}, files=None, allow_redirects=True </msg>
<msg level="INFO" timestamp="20161202 21:42:33.408">${resp} = &lt;Response [200]&gt;</msg>
<status endtime="20161202 21:42:33.408" starttime="20161202 21:42:33.082" status="PASS"></status>
</kw>
<kw name="Should Be Equal As Strings" library="BuiltIn">
<doc>Fails if objects are unequal after converting them to strings.</doc>
<arguments>
<arg>${resp.status_code}</arg>
<arg>${HTTP_OK}</arg>
</arguments>
<msg level="INFO" timestamp="20161202 21:42:33.409">Argument types are:
&lt;type 'int'&gt;
&lt;type 'unicode'&gt;</msg>
<status endtime="20161202 21:42:33.409" starttime="20161202 21:42:33.409" status="PASS"></status>
</kw>
<status endtime="20161202 21:42:33.409" starttime="20161202 21:42:33.079" status="PASS"></status>
</kw>
<kw name="Post Request" library="RequestsLibrary.RequestsKeywords">
<doc>Send a POST request on the session object found using the</doc>
<arguments>
<arg>openbmc</arg>
<arg>${base_uri}</arg>
<arg>&amp;{kwargs}</arg>
<arg>timeout=${timeout}</arg>
</arguments>
<assign>
<var>${ret}</var>
</assign>
<msg level="INFO" timestamp="20161202 21:42:33.641">Post Request using : alias=openbmc, uri=/org/openbmc/records/events/action/clear, data={"data": []},                     headers={u'Content-Type': u'application/json'}, files=None, allow_redirects=True </msg>
<msg level="INFO" timestamp="20161202 21:42:33.641">${ret} = &lt;Response [200]&gt;</msg>
<status endtime="20161202 21:42:33.641" starttime="20161202 21:42:33.410" status="PASS"></status>
</kw>
<kw name="Run Keyword If" library="BuiltIn">
<doc>Runs the given keyword with the given arguments, if ``condition`` is true.</doc>
<arguments>
<arg>'${quiet}' == '${0}'</arg>
<arg>Log Response</arg>
<arg>${ret}</arg>
</arguments>
<kw name="Log Response" library="rest_client">
<arguments>
<arg>${ret}</arg>
</arguments>
<kw name="Catenate" library="BuiltIn">
<doc>Catenates the given items together and returns the resulted string.</doc>
<arguments>
<arg>SEPARATOR=</arg>
<arg>Response code:</arg>
<arg>${resp.status_code}</arg>
<arg>, Content:</arg>
<arg>${resp.content}</arg>
</arguments>
<assign>
<var>${msg}</var>
</assign>
<msg level="INFO" timestamp="20161202 21:42:33.652">${msg} = Response code:200, Content:{
  "data": 0, 
  "message": "200 OK", 
  "status": "ok"
}</msg>
<status endtime="20161202 21:42:33.652" starttime="20161202 21:42:33.651" status="PASS"></status>
</kw>
<kw name="Logging" library="rest_client">
<arguments>
<arg>${msg}</arg>
<arg>console=True</arg>
</arguments>
<kw name="Log" library="BuiltIn">
<doc>Logs the given message with the given level.</doc>
<arguments>
<arg>${msg}</arg>
<arg>console=True</arg>
</arguments>
<msg level="INFO" timestamp="20161202 21:42:33.653">Response code:200, Content:{
  "data": 0, 
  "message": "200 OK", 
  "status": "ok"
}</msg>
<status endtime="20161202 21:42:33.653" starttime="20161202 21:42:33.653" status="PASS"></status>
</kw>
<status endtime="20161202 21:42:33.653" starttime="20161202 21:42:33.652" status="PASS"></status>
</kw>
<status endtime="20161202 21:42:33.654" starttime="20161202 21:42:33.647" status="PASS"></status>
</kw>
<status endtime="20161202 21:42:33.654" starttime="20161202 21:42:33.641" status="PASS"></status>
</kw>
<msg level="INFO" timestamp="20161202 21:42:33.654">${resp} = &lt;Response [200]&gt;</msg>
<status endtime="20161202 21:42:33.654" starttime="20161202 21:42:33.071" status="PASS"></status>
</kw>
<kw name="Should Be Equal As Strings" library="BuiltIn">
<doc>Fails if objects are unequal after converting them to strings.</doc>
<arguments>
<arg>${resp.status_code}</arg>
<arg>${HTTP_OK}</arg>
</arguments>
<msg level="INFO" timestamp="20161202 21:42:33.655">Argument types are:
&lt;type 'int'&gt;
&lt;type 'unicode'&gt;</msg>
<status endtime="20161202 21:42:33.655" starttime="20161202 21:42:33.654" status="PASS"></status>
</kw>
<kw name="OpenBMC Get Request" library="rest_client">
<arguments>
<arg>/org/openbmc/records/events/</arg>
</arguments>
<assign>
<var>${resp}</var>
</assign>
<kw name="Catenate" library="BuiltIn">
<doc>Catenates the given items together and returns the resulted string.</doc>
<arguments>
<arg>SEPARATOR=</arg>
<arg>${DBUS_PREFIX}</arg>
<arg>${uri}</arg>
</arguments>
<assign>
<var>${base_uri}</var>
</assign>
<msg level="INFO" timestamp="20161202 21:42:33.657">${base_uri} = /org/openbmc/records/events/</msg>
<status endtime="20161202 21:42:33.657" starttime="20161202 21:42:33.656" status="PASS"></status>
</kw>
<kw name="Run Keyword If" library="BuiltIn">
<doc>Runs the given keyword with the given arguments, if ``condition`` is true.</doc>
<arguments>
<arg>'${quiet}' == '${0}'</arg>
<arg>Log Request</arg>
<arg>method=Get</arg>
<arg>base_uri=${base_uri}</arg>
<arg>args=&amp;{kwargs}</arg>
</arguments>
<kw name="Log Request" library="rest_client">
<arguments>
<arg>method=Get</arg>
<arg>base_uri=${base_uri}</arg>
<arg>args=&amp;{kwargs}</arg>
</arguments>
<kw name="Catenate" library="BuiltIn">
<doc>Catenates the given items together and returns the resulted string.</doc>
<arguments>
<arg>SEPARATOR=</arg>
<arg>URI:</arg>
<arg>${AUTH_URI}</arg>
<arg>${kwargs["base_uri"]}</arg>
<arg>, method:</arg>
<arg>${kwargs["method"]}</arg>
<arg>, args:</arg>
<arg>${kwargs["args"]}</arg>
</arguments>
<assign>
<var>${msg}</var>
</assign>
<msg level="INFO" timestamp="20161202 21:42:33.662">${msg} = URI:https://9.3.23.30:443/org/openbmc/records/events/, method:Get, args:{}</msg>
<status endtime="20161202 21:42:33.662" starttime="20161202 21:42:33.662" status="PASS"></status>
</kw>
<kw name="Logging" library="rest_client">
<arguments>
<arg>${msg}</arg>
<arg>console=True</arg>
</arguments>
<kw name="Log" library="BuiltIn">
<doc>Logs the given message with the given level.</doc>
<arguments>
<arg>${msg}</arg>
<arg>console=True</arg>
</arguments>
<msg level="INFO" timestamp="20161202 21:42:33.663">URI:https://9.3.23.30:443/org/openbmc/records/events/, method:Get, args:{}</msg>
<status endtime="20161202 21:42:33.663" starttime="20161202 21:42:33.663" status="PASS"></status>
</kw>
<status endtime="20161202 21:42:33.663" starttime="20161202 21:42:33.663" status="PASS"></status>
</kw>
<status endtime="20161202 21:42:33.664" starttime="20161202 21:42:33.661" status="PASS"></status>
</kw>
<status endtime="20161202 21:42:33.664" starttime="20161202 21:42:33.657" status="PASS"></status>
</kw>
<kw name="Initialize OpenBMC" library="rest_client">
<arguments>
<arg>${timeout}</arg>
</arguments>
<kw name="Create Session" library="RequestsLibrary.RequestsKeywords">
<doc>Create Session: create a HTTP session to a server</doc>
<arguments>
<arg>openbmc</arg>
<arg>${AUTH_URI}</arg>
<arg>timeout=${timeout}</arg>
<arg>max_retries=3</arg>
</arguments>
<msg level="INFO" timestamp="20161202 21:42:33.664">Creating Session using : alias=openbmc, url=https://9.3.23.30:443, headers={},                     cookies=None, auth=None, timeout=10, proxies=None, verify=False,                     debug=0 </msg>
<status endtime="20161202 21:42:33.665" starttime="20161202 21:42:33.664" status="PASS"></status>
</kw>
<kw name="Create Dictionary" library="BuiltIn">
<doc>Creates and returns a dictionary based on given items.</doc>
<arguments>
<arg>Content-Type=application/json</arg>
</arguments>
<assign>
<var>${headers}</var>
</assign>
<msg level="INFO" timestamp="20161202 21:42:33.665">${headers} = {u'Content-Type': u'application/json'}</msg>
<status endtime="20161202 21:42:33.666" starttime="20161202 21:42:33.665" status="PASS"></status>
</kw>
<kw name="Create List" library="BuiltIn">
<doc>Returns a list containing given items.</doc>
<arguments>
<arg>${OPENBMC_USERNAME}</arg>
<arg>${OPENBMC_PASSWORD}</arg>
</arguments>
<assign>
<var>@{credentials}</var>
</assign>
<msg level="INFO" timestamp="20161202 21:42:33.666">@{credentials} = [ root | 0penBmc ]</msg>
<status endtime="20161202 21:42:33.666" starttime="20161202 21:42:33.666" status="PASS"></status>
</kw>
<kw name="Create Dictionary" library="BuiltIn">
<doc>Creates and returns a dictionary based on given items.</doc>
<arguments>
<arg>data=@{credentials}</arg>
</arguments>
<assign>
<var>${data}</var>
</assign>
<msg level="INFO" timestamp="20161202 21:42:33.667">${data} = {u'data': [u'root', u'0penBmc']}</msg>
<status endtime="20161202 21:42:33.667" starttime="20161202 21:42:33.666" status="PASS"></status>
</kw>
<kw name="Post Request" library="RequestsLibrary.RequestsKeywords">
<doc>Send a POST request on the session object found using the</doc>
<arguments>
<arg>openbmc</arg>
<arg>/login</arg>
<arg>data=${data}</arg>
<arg>headers=${headers}</arg>
</arguments>
<assign>
<var>${resp}</var>
</assign>
<msg level="INFO" timestamp="20161202 21:42:34.006">Post Request using : alias=openbmc, uri=/login, data={"data": ["root", "0penBmc"]},                     headers={u'Content-Type': u'application/json'}, files=None, allow_redirects=True </msg>
<msg level="INFO" timestamp="20161202 21:42:34.006">${resp} = &lt;Response [200]&gt;</msg>
<status endtime="20161202 21:42:34.006" starttime="20161202 21:42:33.667" status="PASS"></status>
</kw>
<kw name="Should Be Equal As Strings" library="BuiltIn">
<doc>Fails if objects are unequal after converting them to strings.</doc>
<arguments>
<arg>${resp.status_code}</arg>
<arg>${HTTP_OK}</arg>
</arguments>
<msg level="INFO" timestamp="20161202 21:42:34.007">Argument types are:
&lt;type 'int'&gt;
&lt;type 'unicode'&gt;</msg>
<status endtime="20161202 21:42:34.007" starttime="20161202 21:42:34.006" status="PASS"></status>
</kw>
<status endtime="20161202 21:42:34.007" starttime="20161202 21:42:33.664" status="PASS"></status>
</kw>
<kw name="Get Request" library="RequestsLibrary.RequestsKeywords">
<doc>Send a GET request on the session object found using the</doc>
<arguments>
<arg>openbmc</arg>
<arg>${base_uri}</arg>
<arg>&amp;{kwargs}</arg>
<arg>timeout=${timeout}</arg>
</arguments>
<assign>
<var>${ret}</var>
</assign>
<msg level="INFO" timestamp="20161202 21:42:34.091">Get Request using : alias=openbmc, uri=/org/openbmc/records/events/, headers=None </msg>
<msg level="INFO" timestamp="20161202 21:42:34.091">${ret} = &lt;Response [200]&gt;</msg>
<status endtime="20161202 21:42:34.092" starttime="20161202 21:42:34.007" status="PASS"></status>
</kw>
<kw name="Run Keyword If" library="BuiltIn">
<doc>Runs the given keyword with the given arguments, if ``condition`` is true.</doc>
<arguments>
<arg>'${quiet}' == '${0}'</arg>
<arg>Log Response</arg>
<arg>${ret}</arg>
</arguments>
<kw name="Log Response" library="rest_client">
<arguments>
<arg>${ret}</arg>
</arguments>
<kw name="Catenate" library="BuiltIn">
<doc>Catenates the given items together and returns the resulted string.</doc>
<arguments>
<arg>SEPARATOR=</arg>
<arg>Response code:</arg>
<arg>${resp.status_code}</arg>
<arg>, Content:</arg>
<arg>${resp.content}</arg>
</arguments>
<assign>
<var>${msg}</var>
</assign>
<msg level="INFO" timestamp="20161202 21:42:34.096">${msg} = Response code:200, Content:{
  "data": [], 
  "message": "200 OK", 
  "status": "ok"
}</msg>
<status endtime="20161202 21:42:34.096" starttime="20161202 21:42:34.095" status="PASS"></status>
</kw>
<kw name="Logging" library="rest_client">
<arguments>
<arg>${msg}</arg>
<arg>console=True</arg>
</arguments>
<kw name="Log" library="BuiltIn">
<doc>Logs the given message with the given level.</doc>
<arguments>
<arg>${msg}</arg>
<arg>console=True</arg>
</arguments>
<msg level="INFO" timestamp="20161202 21:42:34.097">Response code:200, Content:{
  "data": [], 
  "message": "200 OK", 
  "status": "ok"
}</msg>
<status endtime="20161202 21:42:34.097" starttime="20161202 21:42:34.097" status="PASS"></status>
</kw>
<status endtime="20161202 21:42:34.097" starttime="20161202 21:42:34.096" status="PASS"></status>
</kw>
<status endtime="20161202 21:42:34.097" starttime="20161202 21:42:34.095" status="PASS"></status>
</kw>
<status endtime="20161202 21:42:34.097" starttime="20161202 21:42:34.092" status="PASS"></status>
</kw>
<msg level="INFO" timestamp="20161202 21:42:34.097">${resp} = &lt;Response [200]&gt;</msg>
<status endtime="20161202 21:42:34.097" starttime="20161202 21:42:33.655" status="PASS"></status>
</kw>
<kw name="To Json" library="RequestsLibrary.RequestsKeywords">
<doc>Convert a string to a JSON object</doc>
<arguments>
<arg>${resp.content}</arg>
</arguments>
<assign>
<var>${json}</var>
</assign>
<msg level="INFO" timestamp="20161202 21:42:34.098">To JSON using : content={
  "data": [], 
  "message": "200 OK", 
  "status": "ok"
} </msg>
<msg level="INFO" timestamp="20161202 21:42:34.098">To JSON using : pretty_print=False </msg>
<msg level="INFO" timestamp="20161202 21:42:34.098">${json} = {u'message': u'200 OK', u'status': u'ok', u'data': []}</msg>
<status endtime="20161202 21:42:34.098" starttime="20161202 21:42:34.098" status="PASS"></status>
</kw>
<kw name="Should Be Empty" library="BuiltIn">
<doc>Verifies that the given item is empty.</doc>
<arguments>
<arg>${json['data']}</arg>
</arguments>
<msg level="INFO" timestamp="20161202 21:42:34.099">Length is 0</msg>
<status endtime="20161202 21:42:34.099" starttime="20161202 21:42:34.098" status="PASS"></status>
</kw>
<status endtime="20161202 21:42:34.099" starttime="20161202 21:42:33.071" status="PASS"></status>
</kw>
<status endtime="20161202 21:42:34.099" starttime="20161202 21:42:33.071" status="PASS"></status>
</kw>
<kw name="Execute Command" library="SSHLibrary">
<doc>Executes `command` on the remote machine and returns its outputs.</doc>
<arguments>
<arg>${CREATE_ERROR_SINGLE_FRU}</arg>
<arg>return_stderr=True</arg>
</arguments>
<assign>
<var>${elog}</var>
<var>${stderr}</var>
</assign>
<msg level="INFO" timestamp="20161202 21:42:34.099">Executing command 'busctl call org.openbmc.records.events /org/openbmc/records/events org.openbmc.recordlog acceptHostMessage sssay "Error" "Testing failure" "/org/openbmc/inventory/system/chassis/motherboard/dimm1" 1 1'.</msg>
<msg level="INFO" timestamp="20161202 21:42:34.662">Command exited with return code 0.</msg>
<msg level="INFO" timestamp="20161202 21:42:34.662">${elog} = q 165</msg>
<msg level="INFO" timestamp="20161202 21:42:34.662">${stderr} = </msg>
<status endtime="20161202 21:42:34.662" starttime="20161202 21:42:34.099" status="PASS"></status>
</kw>
<kw name="Should Be Empty" library="BuiltIn">
<doc>Verifies that the given item is empty.</doc>
<arguments>
<arg>${stderr}</arg>
</arguments>
<msg level="INFO" timestamp="20161202 21:42:34.663">Length is 0</msg>
<status endtime="20161202 21:42:34.663" starttime="20161202 21:42:34.663" status="PASS"></status>
</kw>
<kw name="Get EventList">
<assign>
<var>${log_list}</var>
</assign>
<kw name="OpenBMC Get Request" library="rest_client">
<arguments>
<arg>/org/openbmc/records/events/</arg>
</arguments>
<assign>
<var>${resp}</var>
</assign>
<kw name="Catenate" library="BuiltIn">
<doc>Catenates the given items together and returns the resulted string.</doc>
<arguments>
<arg>SEPARATOR=</arg>
<arg>${DBUS_PREFIX}</arg>
<arg>${uri}</arg>
</arguments>
<assign>
<var>${base_uri}</var>
</assign>
<msg level="INFO" timestamp="20161202 21:42:34.665">${base_uri} = /org/openbmc/records/events/</msg>
<status endtime="20161202 21:42:34.665" starttime="20161202 21:42:34.665" status="PASS"></status>
</kw>
<kw name="Run Keyword If" library="BuiltIn">
<doc>Runs the given keyword with the given arguments, if ``condition`` is true.</doc>
<arguments>
<arg>'${quiet}' == '${0}'</arg>
<arg>Log Request</arg>
<arg>method=Get</arg>
<arg>base_uri=${base_uri}</arg>
<arg>args=&amp;{kwargs}</arg>
</arguments>
<kw name="Log Request" library="rest_client">
<arguments>
<arg>method=Get</arg>
<arg>base_uri=${base_uri}</arg>
<arg>args=&amp;{kwargs}</arg>
</arguments>
<kw name="Catenate" library="BuiltIn">
<doc>Catenates the given items together and returns the resulted string.</doc>
<arguments>
<arg>SEPARATOR=</arg>
<arg>URI:</arg>
<arg>${AUTH_URI}</arg>
<arg>${kwargs["base_uri"]}</arg>
<arg>, method:</arg>
<arg>${kwargs["method"]}</arg>
<arg>, args:</arg>
<arg>${kwargs["args"]}</arg>
</arguments>
<assign>
<var>${msg}</var>
</assign>
<msg level="INFO" timestamp="20161202 21:42:34.672">${msg} = URI:https://9.3.23.30:443/org/openbmc/records/events/, method:Get, args:{}</msg>
<status endtime="20161202 21:42:34.672" starttime="20161202 21:42:34.671" status="PASS"></status>
</kw>
<kw name="Logging" library="rest_client">
<arguments>
<arg>${msg}</arg>
<arg>console=True</arg>
</arguments>
<kw name="Log" library="BuiltIn">
<doc>Logs the given message with the given level.</doc>
<arguments>
<arg>${msg}</arg>
<arg>console=True</arg>
</arguments>
<msg level="INFO" timestamp="20161202 21:42:34.673">URI:https://9.3.23.30:443/org/openbmc/records/events/, method:Get, args:{}</msg>
<status endtime="20161202 21:42:34.673" starttime="20161202 21:42:34.672" status="PASS"></status>
</kw>
<status endtime="20161202 21:42:34.673" starttime="20161202 21:42:34.672" status="PASS"></status>
</kw>
<status endtime="20161202 21:42:34.673" starttime="20161202 21:42:34.670" status="PASS"></status>
</kw>
<status endtime="20161202 21:42:34.673" starttime="20161202 21:42:34.666" status="PASS"></status>
</kw>
<kw name="Initialize OpenBMC" library="rest_client">
<arguments>
<arg>${timeout}</arg>
</arguments>
<kw name="Create Session" library="RequestsLibrary.RequestsKeywords">
<doc>Create Session: create a HTTP session to a server</doc>
<arguments>
<arg>openbmc</arg>
<arg>${AUTH_URI}</arg>
<arg>timeout=${timeout}</arg>
<arg>max_retries=3</arg>
</arguments>
<msg level="INFO" timestamp="20161202 21:42:34.674">Creating Session using : alias=openbmc, url=https://9.3.23.30:443, headers={},                     cookies=None, auth=None, timeout=10, proxies=None, verify=False,                     debug=0 </msg>
<status endtime="20161202 21:42:34.674" starttime="20161202 21:42:34.674" status="PASS"></status>
</kw>
<kw name="Create Dictionary" library="BuiltIn">
<doc>Creates and returns a dictionary based on given items.</doc>
<arguments>
<arg>Content-Type=application/json</arg>
</arguments>
<assign>
<var>${headers}</var>
</assign>
<msg level="INFO" timestamp="20161202 21:42:34.675">${headers} = {u'Content-Type': u'application/json'}</msg>
<status endtime="20161202 21:42:34.675" starttime="20161202 21:42:34.674" status="PASS"></status>
</kw>
<kw name="Create List" library="BuiltIn">
<doc>Returns a list containing given items.</doc>
<arguments>
<arg>${OPENBMC_USERNAME}</arg>
<arg>${OPENBMC_PASSWORD}</arg>
</arguments>
<assign>
<var>@{credentials}</var>
</assign>
<msg level="INFO" timestamp="20161202 21:42:34.675">@{credentials} = [ root | 0penBmc ]</msg>
<status endtime="20161202 21:42:34.675" starttime="20161202 21:42:34.675" status="PASS"></status>
</kw>
<kw name="Create Dictionary" library="BuiltIn">
<doc>Creates and returns a dictionary based on given items.</doc>
<arguments>
<arg>data=@{credentials}</arg>
</arguments>
<assign>
<var>${data}</var>
</assign>
<msg level="INFO" timestamp="20161202 21:42:34.676">${data} = {u'data': [u'root', u'0penBmc']}</msg>
<status endtime="20161202 21:42:34.676" starttime="20161202 21:42:34.676" status="PASS"></status>
</kw>
<kw name="Post Request" library="RequestsLibrary.RequestsKeywords">
<doc>Send a POST request on the session object found using the</doc>
<arguments>
<arg>openbmc</arg>
<arg>/login</arg>
<arg>data=${data}</arg>
<arg>headers=${headers}</arg>
</arguments>
<assign>
<var>${resp}</var>
</assign>
<msg level="INFO" timestamp="20161202 21:42:35.142">Post Request using : alias=openbmc, uri=/login, data={"data": ["root", "0penBmc"]},                     headers={u'Content-Type': u'application/json'}, files=None, allow_redirects=True </msg>
<msg level="INFO" timestamp="20161202 21:42:35.142">${resp} = &lt;Response [200]&gt;</msg>
<status endtime="20161202 21:42:35.142" starttime="20161202 21:42:34.676" status="PASS"></status>
</kw>
<kw name="Should Be Equal As Strings" library="BuiltIn">
<doc>Fails if objects are unequal after converting them to strings.</doc>
<arguments>
<arg>${resp.status_code}</arg>
<arg>${HTTP_OK}</arg>
</arguments>
<msg level="INFO" timestamp="20161202 21:42:35.143">Argument types are:
&lt;type 'int'&gt;
&lt;type 'unicode'&gt;</msg>
<status endtime="20161202 21:42:35.143" starttime="20161202 21:42:35.142" status="PASS"></status>
</kw>
<status endtime="20161202 21:42:35.143" starttime="20161202 21:42:34.673" status="PASS"></status>
</kw>
<kw name="Get Request" library="RequestsLibrary.RequestsKeywords">
<doc>Send a GET request on the session object found using the</doc>
<arguments>
<arg>openbmc</arg>
<arg>${base_uri}</arg>
<arg>&amp;{kwargs}</arg>
<arg>timeout=${timeout}</arg>
</arguments>
<assign>
<var>${ret}</var>
</assign>
<msg level="INFO" timestamp="20161202 21:42:35.202">Get Request using : alias=openbmc, uri=/org/openbmc/records/events/, headers=None </msg>
<msg level="INFO" timestamp="20161202 21:42:35.202">${ret} = &lt;Response [200]&gt;</msg>
<status endtime="20161202 21:42:35.203" starttime="20161202 21:42:35.144" status="PASS"></status>
</kw>
<kw name="Run Keyword If" library="BuiltIn">
<doc>Runs the given keyword with the given arguments, if ``condition`` is true.</doc>
<arguments>
<arg>'${quiet}' == '${0}'</arg>
<arg>Log Response</arg>
<arg>${ret}</arg>
</arguments>
<kw name="Log Response" library="rest_client">
<arguments>
<arg>${ret}</arg>
</arguments>
<kw name="Catenate" library="BuiltIn">
<doc>Catenates the given items together and returns the resulted string.</doc>
<arguments>
<arg>SEPARATOR=</arg>
<arg>Response code:</arg>
<arg>${resp.status_code}</arg>
<arg>, Content:</arg>
<arg>${resp.content}</arg>
</arguments>
<assign>
<var>${msg}</var>
</assign>
<msg level="INFO" timestamp="20161202 21:42:35.210">${msg} = Response code:200, Content:{
  "data": [
    "/org/openbmc/records/events/165"
  ], 
  "message": "200 OK", 
  "status": "ok"
}</msg>
<status endtime="20161202 21:42:35.210" starttime="20161202 21:42:35.209" status="PASS"></status>
</kw>
<kw name="Logging" library="rest_client">
<arguments>
<arg>${msg}</arg>
<arg>console=True</arg>
</arguments>
<kw name="Log" library="BuiltIn">
<doc>Logs the given message with the given level.</doc>
<arguments>
<arg>${msg}</arg>
<arg>console=True</arg>
</arguments>
<msg level="INFO" timestamp="20161202 21:42:35.212">Response code:200, Content:{
  "data": [
    "/org/openbmc/records/events/165"
  ], 
  "message": "200 OK", 
  "status": "ok"
}</msg>
<status endtime="20161202 21:42:35.212" starttime="20161202 21:42:35.211" status="PASS"></status>
</kw>
<status endtime="20161202 21:42:35.212" starttime="20161202 21:42:35.210" status="PASS"></status>
</kw>
<status endtime="20161202 21:42:35.212" starttime="20161202 21:42:35.208" status="PASS"></status>
</kw>
<status endtime="20161202 21:42:35.212" starttime="20161202 21:42:35.203" status="PASS"></status>
</kw>
<msg level="INFO" timestamp="20161202 21:42:35.212">${resp} = &lt;Response [200]&gt;</msg>
<status endtime="20161202 21:42:35.213" starttime="20161202 21:42:34.664" status="PASS"></status>
</kw>
<kw name="Should Be Equal As Strings" library="BuiltIn">
<doc>Fails if objects are unequal after converting them to strings.</doc>
<arguments>
<arg>${resp.status_code}</arg>
<arg>${HTTP_OK}</arg>
</arguments>
<msg level="INFO" timestamp="20161202 21:42:35.213">Argument types are:
&lt;type 'int'&gt;
&lt;type 'unicode'&gt;</msg>
<status endtime="20161202 21:42:35.213" starttime="20161202 21:42:35.213" status="PASS"></status>
</kw>
<kw name="To Json" library="RequestsLibrary.RequestsKeywords">
<doc>Convert a string to a JSON object</doc>
<arguments>
<arg>${resp.content}</arg>
</arguments>
<assign>
<var>${jsondata}</var>
</assign>
<msg level="INFO" timestamp="20161202 21:42:35.214">To JSON using : content={
  "data": [
    "/org/openbmc/records/events/165"
  ], 
  "message": "200 OK", 
  "status": "ok"
} </msg>
<msg level="INFO" timestamp="20161202 21:42:35.214">To JSON using : pretty_print=False </msg>
<msg level="INFO" timestamp="20161202 21:42:35.215">${jsondata} = {u'message': u'200 OK', u'status': u'ok', u'data': [u'/org/openbmc/records/events/165']}</msg>
<status endtime="20161202 21:42:35.215" starttime="20161202 21:42:35.214" status="PASS"></status>
</kw>
<msg level="INFO" timestamp="20161202 21:42:35.215">${log_list} = [u'/org/openbmc/records/events/165']</msg>
<status endtime="20161202 21:42:35.215" starttime="20161202 21:42:34.663" status="PASS"></status>
</kw>
<kw name="Should Contain" library="BuiltIn">
<doc>Fails if ``container`` does not contain ``item`` one or more times.</doc>
<arguments>
<arg>'${log_list}'</arg>
<arg>${elog.strip('q ')}</arg>
</arguments>
<status endtime="20161202 21:42:35.216" starttime="20161202 21:42:35.215" status="PASS"></status>
</kw>
<kw name="Catenate" library="BuiltIn">
<doc>Catenates the given items together and returns the resulted string.</doc>
<arguments>
<arg>SEPARATOR=</arg>
<arg>${EVENT_RECORD}/${elog.strip('q ')}</arg>
<arg>/fru</arg>
</arguments>
<assign>
<var>${association_uri}</var>
</assign>
<msg level="INFO" timestamp="20161202 21:42:35.217">${association_uri} = /org/openbmc/records/events/165/fru</msg>
<status endtime="20161202 21:42:35.217" starttime="20161202 21:42:35.216" status="PASS"></status>
</kw>
<kw name="Read Attribute" library="rest_client">
<arguments>
<arg>${association_uri}</arg>
<arg>endpoints</arg>
</arguments>
<assign>
<var>${association_content}</var>
</assign>
<kw name="OpenBMC Get Request" library="rest_client">
<arguments>
<arg>${uri}/attr/${attr}</arg>
<arg>timeout=${timeout}</arg>
<arg>quiet=${quiet}</arg>
</arguments>
<assign>
<var>${resp}</var>
</assign>
<kw name="Catenate" library="BuiltIn">
<doc>Catenates the given items together and returns the resulted string.</doc>
<arguments>
<arg>SEPARATOR=</arg>
<arg>${DBUS_PREFIX}</arg>
<arg>${uri}</arg>
</arguments>
<assign>
<var>${base_uri}</var>
</assign>
<msg level="INFO" timestamp="20161202 21:42:35.219">${base_uri} = /org/openbmc/records/events/165/fru/attr/endpoints</msg>
<status endtime="20161202 21:42:35.219" starttime="20161202 21:42:35.219" status="PASS"></status>
</kw>
<kw name="Run Keyword If" library="BuiltIn">
<doc>Runs the given keyword with the given arguments, if ``condition`` is true.</doc>
<arguments>
<arg>'${quiet}' == '${0}'</arg>
<arg>Log Request</arg>
<arg>method=Get</arg>
<arg>base_uri=${base_uri}</arg>
<arg>args=&amp;{kwargs}</arg>
</arguments>
<kw name="Log Request" library="rest_client">
<arguments>
<arg>method=Get</arg>
<arg>base_uri=${base_uri}</arg>
<arg>args=&amp;{kwargs}</arg>
</arguments>
<kw name="Catenate" library="BuiltIn">
<doc>Catenates the given items together and returns the resulted string.</doc>
<arguments>
<arg>SEPARATOR=</arg>
<arg>URI:</arg>
<arg>${AUTH_URI}</arg>
<arg>${kwargs["base_uri"]}</arg>
<arg>, method:</arg>
<arg>${kwargs["method"]}</arg>
<arg>, args:</arg>
<arg>${kwargs["args"]}</arg>
</arguments>
<assign>
<var>${msg}</var>
</assign>
<msg level="INFO" timestamp="20161202 21:42:35.224">${msg} = URI:https://9.3.23.30:443/org/openbmc/records/events/165/fru/attr/endpoints, method:Get, args:{}</msg>
<status endtime="20161202 21:42:35.224" starttime="20161202 21:42:35.223" status="PASS"></status>
</kw>
<kw name="Logging" library="rest_client">
<arguments>
<arg>${msg}</arg>
<arg>console=True</arg>
</arguments>
<kw name="Log" library="BuiltIn">
<doc>Logs the given message with the given level.</doc>
<arguments>
<arg>${msg}</arg>
<arg>console=True</arg>
</arguments>
<msg level="INFO" timestamp="20161202 21:42:35.224">URI:https://9.3.23.30:443/org/openbmc/records/events/165/fru/attr/endpoints, method:Get, args:{}</msg>
<status endtime="20161202 21:42:35.225" starttime="20161202 21:42:35.224" status="PASS"></status>
</kw>
<status endtime="20161202 21:42:35.225" starttime="20161202 21:42:35.224" status="PASS"></status>
</kw>
<status endtime="20161202 21:42:35.225" starttime="20161202 21:42:35.223" status="PASS"></status>
</kw>
<status endtime="20161202 21:42:35.225" starttime="20161202 21:42:35.220" status="PASS"></status>
</kw>
<kw name="Initialize OpenBMC" library="rest_client">
<arguments>
<arg>${timeout}</arg>
</arguments>
<kw name="Create Session" library="RequestsLibrary.RequestsKeywords">
<doc>Create Session: create a HTTP session to a server</doc>
<arguments>
<arg>openbmc</arg>
<arg>${AUTH_URI}</arg>
<arg>timeout=${timeout}</arg>
<arg>max_retries=3</arg>
</arguments>
<msg level="INFO" timestamp="20161202 21:42:35.226">Creating Session using : alias=openbmc, url=https://9.3.23.30:443, headers={},                     cookies=None, auth=None, timeout=10, proxies=None, verify=False,                     debug=0 </msg>
<status endtime="20161202 21:42:35.226" starttime="20161202 21:42:35.225" status="PASS"></status>
</kw>
<kw name="Create Dictionary" library="BuiltIn">
<doc>Creates and returns a dictionary based on given items.</doc>
<arguments>
<arg>Content-Type=application/json</arg>
</arguments>
<assign>
<var>${headers}</var>
</assign>
<msg level="INFO" timestamp="20161202 21:42:35.227">${headers} = {u'Content-Type': u'application/json'}</msg>
<status endtime="20161202 21:42:35.227" starttime="20161202 21:42:35.226" status="PASS"></status>
</kw>
<kw name="Create List" library="BuiltIn">
<doc>Returns a list containing given items.</doc>
<arguments>
<arg>${OPENBMC_USERNAME}</arg>
<arg>${OPENBMC_PASSWORD}</arg>
</arguments>
<assign>
<var>@{credentials}</var>
</assign>
<msg level="INFO" timestamp="20161202 21:42:35.227">@{credentials} = [ root | 0penBmc ]</msg>
<status endtime="20161202 21:42:35.227" starttime="20161202 21:42:35.227" status="PASS"></status>
</kw>
<kw name="Create Dictionary" library="BuiltIn">
<doc>Creates and returns a dictionary based on given items.</doc>
<arguments>
<arg>data=@{credentials}</arg>
</arguments>
<assign>
<var>${data}</var>
</assign>
<msg level="INFO" timestamp="20161202 21:42:35.228">${data} = {u'data': [u'root', u'0penBmc']}</msg>
<status endtime="20161202 21:42:35.228" starttime="20161202 21:42:35.228" status="PASS"></status>
</kw>
<kw name="Post Request" library="RequestsLibrary.RequestsKeywords">
<doc>Send a POST request on the session object found using the</doc>
<arguments>
<arg>openbmc</arg>
<arg>/login</arg>
<arg>data=${data}</arg>
<arg>headers=${headers}</arg>
</arguments>
<assign>
<var>${resp}</var>
</assign>
<msg level="INFO" timestamp="20161202 21:42:35.558">Post Request using : alias=openbmc, uri=/login, data={"data": ["root", "0penBmc"]},                     headers={u'Content-Type': u'application/json'}, files=None, allow_redirects=True </msg>
<msg level="INFO" timestamp="20161202 21:42:35.559">${resp} = &lt;Response [200]&gt;</msg>
<status endtime="20161202 21:42:35.559" starttime="20161202 21:42:35.228" status="PASS"></status>
</kw>
<kw name="Should Be Equal As Strings" library="BuiltIn">
<doc>Fails if objects are unequal after converting them to strings.</doc>
<arguments>
<arg>${resp.status_code}</arg>
<arg>${HTTP_OK}</arg>
</arguments>
<msg level="INFO" timestamp="20161202 21:42:35.560">Argument types are:
&lt;type 'int'&gt;
&lt;type 'unicode'&gt;</msg>
<status endtime="20161202 21:42:35.560" starttime="20161202 21:42:35.559" status="PASS"></status>
</kw>
<status endtime="20161202 21:42:35.560" starttime="20161202 21:42:35.225" status="PASS"></status>
</kw>
<kw name="Get Request" library="RequestsLibrary.RequestsKeywords">
<doc>Send a GET request on the session object found using the</doc>
<arguments>
<arg>openbmc</arg>
<arg>${base_uri}</arg>
<arg>&amp;{kwargs}</arg>
<arg>timeout=${timeout}</arg>
</arguments>
<assign>
<var>${ret}</var>
</assign>
<msg level="INFO" timestamp="20161202 21:42:35.643">Get Request using : alias=openbmc, uri=/org/openbmc/records/events/165/fru/attr/endpoints, headers=None </msg>
<msg level="INFO" timestamp="20161202 21:42:35.643">${ret} = &lt;Response [200]&gt;</msg>
<status endtime="20161202 21:42:35.644" starttime="20161202 21:42:35.560" status="PASS"></status>
</kw>
<kw name="Run Keyword If" library="BuiltIn">
<doc>Runs the given keyword with the given arguments, if ``condition`` is true.</doc>
<arguments>
<arg>'${quiet}' == '${0}'</arg>
<arg>Log Response</arg>
<arg>${ret}</arg>
</arguments>
<kw name="Log Response" library="rest_client">
<arguments>
<arg>${ret}</arg>
</arguments>
<kw name="Catenate" library="BuiltIn">
<doc>Catenates the given items together and returns the resulted string.</doc>
<arguments>
<arg>SEPARATOR=</arg>
<arg>Response code:</arg>
<arg>${resp.status_code}</arg>
<arg>, Content:</arg>
<arg>${resp.content}</arg>
</arguments>
<assign>
<var>${msg}</var>
</assign>
<msg level="INFO" timestamp="20161202 21:42:35.651">${msg} = Response code:200, Content:{
  "data": [
    "/org/openbmc/inventory/system/chassis/motherboard/dimm1"
  ], 
  "message": "200 OK", 
  "status": "ok"
}</msg>
<status endtime="20161202 21:42:35.651" starttime="20161202 21:42:35.650" status="PASS"></status>
</kw>
<kw name="Logging" library="rest_client">
<arguments>
<arg>${msg}</arg>
<arg>console=True</arg>
</arguments>
<kw name="Log" library="BuiltIn">
<doc>Logs the given message with the given level.</doc>
<arguments>
<arg>${msg}</arg>
<arg>console=True</arg>
</arguments>
<msg level="INFO" timestamp="20161202 21:42:35.652">Response code:200, Content:{
  "data": [
    "/org/openbmc/inventory/system/chassis/motherboard/dimm1"
  ], 
  "message": "200 OK", 
  "status": "ok"
}</msg>
<status endtime="20161202 21:42:35.652" starttime="20161202 21:42:35.652" status="PASS"></status>
</kw>
<status endtime="20161202 21:42:35.652" starttime="20161202 21:42:35.651" status="PASS"></status>
</kw>
<status endtime="20161202 21:42:35.653" starttime="20161202 21:42:35.649" status="PASS"></status>
</kw>
<status endtime="20161202 21:42:35.653" starttime="20161202 21:42:35.644" status="PASS"></status>
</kw>
<msg level="INFO" timestamp="20161202 21:42:35.653">${resp} = &lt;Response [200]&gt;</msg>
<status endtime="20161202 21:42:35.653" starttime="20161202 21:42:35.218" status="PASS"></status>
</kw>
<kw name="To Json" library="RequestsLibrary.RequestsKeywords">
<doc>Convert a string to a JSON object</doc>
<arguments>
<arg>${resp.content}</arg>
</arguments>
<assign>
<var>${content}</var>
</assign>
<msg level="INFO" timestamp="20161202 21:42:35.654">To JSON using : content={
  "data": [
    "/org/openbmc/inventory/system/chassis/motherboard/dimm1"
  ], 
  "message": "200 OK", 
  "status": "ok"
} </msg>
<msg level="INFO" timestamp="20161202 21:42:35.654">To JSON using : pretty_print=False </msg>
<msg level="INFO" timestamp="20161202 21:42:35.654">${content} = {u'message': u'200 OK', u'status': u'ok', u'data': [u'/org/openbmc/inventory/system/chassis/motherboard/dimm1']}</msg>
<status endtime="20161202 21:42:35.654" starttime="20161202 21:42:35.653" status="PASS"></status>
</kw>
<msg level="INFO" timestamp="20161202 21:42:35.655">${association_content} = [u'/org/openbmc/inventory/system/chassis/motherboard/dimm1']</msg>
<status endtime="20161202 21:42:35.655" starttime="20161202 21:42:35.217" status="PASS"></status>
</kw>
<kw name="Should Contain" library="BuiltIn">
<doc>Fails if ``container`` does not contain ``item`` one or more times.</doc>
<arguments>
<arg>${association_content}</arg>
<arg>${DIMM1_URI}</arg>
</arguments>
<status endtime="20161202 21:42:35.655" starttime="20161202 21:42:35.655" status="PASS"></status>
</kw>
<kw name="Read Attribute" library="rest_client">
<arguments>
<arg>${DIMM1_URI}/event</arg>
<arg>endpoints</arg>
</arguments>
<assign>
<var>${dimm1_event}</var>
</assign>
<kw name="OpenBMC Get Request" library="rest_client">
<arguments>
<arg>${uri}/attr/${attr}</arg>
<arg>timeout=${timeout}</arg>
<arg>quiet=${quiet}</arg>
</arguments>
<assign>
<var>${resp}</var>
</assign>
<kw name="Catenate" library="BuiltIn">
<doc>Catenates the given items together and returns the resulted string.</doc>
<arguments>
<arg>SEPARATOR=</arg>
<arg>${DBUS_PREFIX}</arg>
<arg>${uri}</arg>
</arguments>
<assign>
<var>${base_uri}</var>
</assign>
<msg level="INFO" timestamp="20161202 21:42:35.658">${base_uri} = /org/openbmc/inventory/system/chassis/motherboard/dimm1/event/attr/endpoints</msg>
<status endtime="20161202 21:42:35.658" starttime="20161202 21:42:35.658" status="PASS"></status>
</kw>
<kw name="Run Keyword If" library="BuiltIn">
<doc>Runs the given keyword with the given arguments, if ``condition`` is true.</doc>
<arguments>
<arg>'${quiet}' == '${0}'</arg>
<arg>Log Request</arg>
<arg>method=Get</arg>
<arg>base_uri=${base_uri}</arg>
<arg>args=&amp;{kwargs}</arg>
</arguments>
<kw name="Log Request" library="rest_client">
<arguments>
<arg>method=Get</arg>
<arg>base_uri=${base_uri}</arg>
<arg>args=&amp;{kwargs}</arg>
</arguments>
<kw name="Catenate" library="BuiltIn">
<doc>Catenates the given items together and returns the resulted string.</doc>
<arguments>
<arg>SEPARATOR=</arg>
<arg>URI:</arg>
<arg>${AUTH_URI}</arg>
<arg>${kwargs["base_uri"]}</arg>
<arg>, method:</arg>
<arg>${kwargs["method"]}</arg>
<arg>, args:</arg>
<arg>${kwargs["args"]}</arg>
</arguments>
<assign>
<var>${msg}</var>
</assign>
<msg level="INFO" timestamp="20161202 21:42:35.668">${msg} = URI:https://9.3.23.30:443/org/openbmc/inventory/system/chassis/motherboard/dimm1/event/attr/endpoints, method:Get, args:{}</msg>
<status endtime="20161202 21:42:35.668" starttime="20161202 21:42:35.666" status="PASS"></status>
</kw>
<kw name="Logging" library="rest_client">
<arguments>
<arg>${msg}</arg>
<arg>console=True</arg>
</arguments>
<kw name="Log" library="BuiltIn">
<doc>Logs the given message with the given level.</doc>
<arguments>
<arg>${msg}</arg>
<arg>console=True</arg>
</arguments>
<msg level="INFO" timestamp="20161202 21:42:35.669">URI:https://9.3.23.30:443/org/openbmc/inventory/system/chassis/motherboard/dimm1/event/attr/endpoints, method:Get, args:{}</msg>
[...]
<status endtime="20161202 21:44:08.178" starttime="20161202 21:44:08.178" status="PASS"></status>
</kw>
<kw name="Run Keyword And Return Status" library="BuiltIn">
<doc>Runs the given keyword with given arguments and returns the status as a Boolean value.</doc>
<arguments>
<arg>OperatingSystem.File Should Exist</arg>
<arg>${TEST_HISTORY}</arg>
</arguments>
<assign>
<var>${exist}</var>
</assign>
<kw name="File Should Exist" library="OperatingSystem">
<doc>Fails unless the given ``path`` points to an existing file.</doc>
<arguments>
<arg>${TEST_HISTORY}</arg>
</arguments>
<msg level="INFO" timestamp="20161202 21:44:08.179" html="yes">File '&lt;a href="file:///tmp/root/11941/obmc-robot/logs/test_history.txt"&gt;/tmp/root/11941/obmc-robot/logs/test_history.txt&lt;/a&gt;' exists.</msg>
<status endtime="20161202 21:44:08.179" starttime="20161202 21:44:08.179" status="PASS"></status>
</kw>
<msg level="INFO" timestamp="20161202 21:44:08.179">${exist} = True</msg>
<status endtime="20161202 21:44:08.179" starttime="20161202 21:44:08.178" status="PASS"></status>
</kw>
<kw name="Run Keyword If" library="BuiltIn">
<doc>Runs the given keyword with the given arguments, if ``condition`` is true.</doc>
<arguments>
<arg>'${exist}' == '${False}'</arg>
<arg>Create File</arg>
<arg>${TEST_HISTORY}</arg>
</arguments>
<status endtime="20161202 21:44:08.182" starttime="20161202 21:44:08.179" status="PASS"></status>
</kw>
<kw name="Get Current Time Stamp" library="openbmc_ffdc_utils">
<doc>Get the current time stamp data</doc>
<assign>
<var>${cur_time}</var>
</assign>
<kw name="Get Current Date" library="DateTime">
<doc>Returns current local or UTC time with an optional increment.</doc>
<arguments>
<arg>result_format=%Y-%m-%d %H:%M:%S:%f</arg>
</arguments>
<assign>
<var>${cur_time}</var>
</assign>
<msg level="INFO" timestamp="20161202 21:44:08.183">${cur_time} = 2016-12-02 21:44:08:182651</msg>
<status endtime="20161202 21:44:08.183" starttime="20161202 21:44:08.182" status="PASS"></status>
</kw>
<kw name="Get Strip String" library="openbmc_ffdc_list">
<doc>########################################################################</doc>
<arguments>
<arg>${cur_time}</arg>
</arguments>
<assign>
<var>${cur_time}</var>
</assign>
<msg level="INFO" timestamp="20161202 21:44:08.183">${cur_time} = 20161202214408182651</msg>
<status endtime="20161202 21:44:08.183" starttime="20161202 21:44:08.183" status="PASS"></status>
</kw>
<msg level="INFO" timestamp="20161202 21:44:08.184">${cur_time} = 20161202214408182651</msg>
<status endtime="20161202 21:44:08.184" starttime="20161202 21:44:08.182" status="PASS"></status>
</kw>
<kw name="Append To File" library="OperatingSystem">
<doc>Appends the given contend to the specified file.</doc>
<arguments>
<arg>${TEST_HISTORY}</arg>
<arg>${cur_time}:${SUITE_NAME}:${TEST_NAME}:${TEST_STATUS}${\n}</arg>
</arguments>
<msg level="INFO" timestamp="20161202 21:44:08.184" html="yes">Appended to file '&lt;a href="file:///tmp/root/11941/obmc-robot/logs/test_history.txt"&gt;/tmp/root/11941/obmc-robot/logs/test_history.txt&lt;/a&gt;'.</msg>
<status endtime="20161202 21:44:08.184" starttime="20161202 21:44:08.184" status="PASS"></status>
</kw>
<status endtime="20161202 21:44:08.184" starttime="20161202 21:44:08.177" status="PASS"></status>
</kw>
<status endtime="20161202 21:44:08.185" starttime="20161202 21:44:08.174" status="PASS"></status>
</kw>
<doc>Test create event</doc>
<tags>
<tag>CI</tag>
<tag>write_a_log</tag>
</tags>
<status endtime="20161202 21:44:08.185" starttime="20161202 21:44:07.513" status="PASS" critical="yes"></status>
</test>
<kw name="Close All Connections" library="SSHLibrary" type="teardown">
<doc>Closes all open connections.</doc>
<status endtime="20161202 21:44:08.264" starttime="20161202 21:44:08.185" status="PASS"></status>
</kw>
<doc>This suite is used for testing the error logging
capability from the host</doc>
<status endtime="20161202 21:44:08.264" starttime="20161202 21:44:03.611" status="PASS"></status>
</suite>
<suite name="Test Obmcrest" id="s1-s5" source="/tmp/root/11941/obmc-robot/tests/test_obmcrest.robot">
<test name="Get a Property" id="s1-s5-t1">
<kw name="Read Attribute" library="rest_client">
<arguments>
<arg>/org/openbmc/inventory/system/chassis/motherboard/cpu0</arg>
<arg>is_fru</arg>
</arguments>
<assign>
<var>${resp}</var>
</assign>
<kw name="OpenBMC Get Request" library="rest_client">
<arguments>
<arg>${uri}/attr/${attr}</arg>
<arg>timeout=${timeout}</arg>
<arg>quiet=${quiet}</arg>
</arguments>
<assign>
<var>${resp}</var>
</assign>
<kw name="Catenate" library="BuiltIn">
<doc>Catenates the given items together and returns the resulted string.</doc>
<arguments>
<arg>SEPARATOR=</arg>
<arg>${DBUS_PREFIX}</arg>
<arg>${uri}</arg>
</arguments>
<assign>
<var>${base_uri}</var>
</assign>
<msg level="INFO" timestamp="20161202 21:44:08.311">${base_uri} = /org/openbmc/inventory/system/chassis/motherboard/cpu0/attr/is_fru</msg>
<status endtime="20161202 21:44:08.311" starttime="20161202 21:44:08.310" status="PASS"></status>
</kw>
<kw name="Run Keyword If" library="BuiltIn">
<doc>Runs the given keyword with the given arguments, if ``condition`` is true.</doc>
<arguments>
<arg>'${quiet}' == '${0}'</arg>
<arg>Log Request</arg>
<arg>method=Get</arg>
<arg>base_uri=${base_uri}</arg>
<arg>args=&amp;{kwargs}</arg>
</arguments>
<kw name="Log Request" library="rest_client">
<arguments>
<arg>method=Get</arg>
<arg>base_uri=${base_uri}</arg>
<arg>args=&amp;{kwargs}</arg>
</arguments>
<kw name="Catenate" library="BuiltIn">
<doc>Catenates the given items together and returns the resulted string.</doc>
<arguments>
<arg>SEPARATOR=</arg>
<arg>URI:</arg>
<arg>${AUTH_URI}</arg>
<arg>${kwargs["base_uri"]}</arg>
<arg>, method:</arg>
<arg>${kwargs["method"]}</arg>
<arg>, args:</arg>
<arg>${kwargs["args"]}</arg>
</arguments>
<assign>
<var>${msg}</var>
</assign>
<msg level="INFO" timestamp="20161202 21:44:08.315">${msg} = URI:https://9.3.23.30:443/org/openbmc/inventory/system/chassis/motherboard/cpu0/attr/is_fru, method:Get, args:{}</msg>
<status endtime="20161202 21:44:08.315" starttime="20161202 21:44:08.314" status="PASS"></status>
</kw>
<kw name="Logging" library="rest_client">
<arguments>
<arg>${msg}</arg>
<arg>console=True</arg>
</arguments>
<kw name="Log" library="BuiltIn">
<doc>Logs the given message with the given level.</doc>
<arguments>
<arg>${msg}</arg>
<arg>console=True</arg>
</arguments>
<msg level="INFO" timestamp="20161202 21:44:08.316">URI:https://9.3.23.30:443/org/openbmc/inventory/system/chassis/motherboard/cpu0/attr/is_fru, method:Get, args:{}</msg>
<status endtime="20161202 21:44:08.316" starttime="20161202 21:44:08.316" status="PASS"></status>
</kw>
<status endtime="20161202 21:44:08.316" starttime="20161202 21:44:08.315" status="PASS"></status>
</kw>
<status endtime="20161202 21:44:08.316" starttime="20161202 21:44:08.314" status="PASS"></status>
</kw>
<status endtime="20161202 21:44:08.316" starttime="20161202 21:44:08.311" status="PASS"></status>
</kw>
<kw name="Initialize OpenBMC" library="rest_client">
<arguments>
<arg>${timeout}</arg>
</arguments>
<kw name="Create Session" library="RequestsLibrary.RequestsKeywords">
<doc>Create Session: create a HTTP session to a server</doc>
<arguments>
<arg>openbmc</arg>
<arg>${AUTH_URI}</arg>
<arg>timeout=${timeout}</arg>
<arg>max_retries=3</arg>
</arguments>
<msg level="INFO" timestamp="20161202 21:44:08.317">Creating Session using : alias=openbmc, url=https://9.3.23.30:443, headers={},                     cookies=None, auth=None, timeout=10, proxies=None, verify=False,                     debug=0 </msg>
<status endtime="20161202 21:44:08.317" starttime="20161202 21:44:08.317" status="PASS"></status>
</kw>
<kw name="Create Dictionary" library="BuiltIn">
<doc>Creates and returns a dictionary based on given items.</doc>
<arguments>
<arg>Content-Type=application/json</arg>
</arguments>
<assign>
<var>${headers}</var>
</assign>
<msg level="INFO" timestamp="20161202 21:44:08.318">${headers} = {u'Content-Type': u'application/json'}</msg>
<status endtime="20161202 21:44:08.318" starttime="20161202 21:44:08.317" status="PASS"></status>
</kw>
<kw name="Create List" library="BuiltIn">
<doc>Returns a list containing given items.</doc>
<arguments>
<arg>${OPENBMC_USERNAME}</arg>
<arg>${OPENBMC_PASSWORD}</arg>
</arguments>
<assign>
<var>@{credentials}</var>
</assign>
<msg level="INFO" timestamp="20161202 21:44:08.318">@{credentials} = [ root | 0penBmc ]</msg>
<status endtime="20161202 21:44:08.318" starttime="20161202 21:44:08.318" status="PASS"></status>
</kw>
<kw name="Create Dictionary" library="BuiltIn">
<doc>Creates and returns a dictionary based on given items.</doc>
<arguments>
<arg>data=@{credentials}</arg>
</arguments>
<assign>
<var>${data}</var>
</assign>
<msg level="INFO" timestamp="20161202 21:44:08.319">${data} = {u'data': [u'root', u'0penBmc']}</msg>
<status endtime="20161202 21:44:08.319" starttime="20161202 21:44:08.319" status="PASS"></status>
</kw>
<kw name="Post Request" library="RequestsLibrary.RequestsKeywords">
<doc>Send a POST request on the session object found using the</doc>
<arguments>
<arg>openbmc</arg>
<arg>/login</arg>
<arg>data=${data}</arg>
<arg>headers=${headers}</arg>
</arguments>
<assign>
<var>${resp}</var>
</assign>
<msg level="INFO" timestamp="20161202 21:44:09.265">Post Request using : alias=openbmc, uri=/login, data={"data": ["root", "0penBmc"]},                     headers={u'Content-Type': u'application/json'}, files=None, allow_redirects=True </msg>
<msg level="INFO" timestamp="20161202 21:44:09.265">${resp} = &lt;Response [200]&gt;</msg>
<status endtime="20161202 21:44:09.265" starttime="20161202 21:44:08.319" status="PASS"></status>
</kw>
<kw name="Should Be Equal As Strings" library="BuiltIn">
<doc>Fails if objects are unequal after converting them to strings.</doc>
<arguments>
<arg>${resp.status_code}</arg>
<arg>${HTTP_OK}</arg>
</arguments>
<msg level="INFO" timestamp="20161202 21:44:09.266">Argument types are:
&lt;type 'int'&gt;
&lt;type 'unicode'&gt;</msg>
<status endtime="20161202 21:44:09.266" starttime="20161202 21:44:09.266" status="PASS"></status>
</kw>
<status endtime="20161202 21:44:09.267" starttime="20161202 21:44:08.316" status="PASS"></status>
</kw>
<kw name="Get Request" library="RequestsLibrary.RequestsKeywords">
<doc>Send a GET request on the session object found using the</doc>
<arguments>
<arg>openbmc</arg>
<arg>${base_uri}</arg>
<arg>&amp;{kwargs}</arg>
<arg>timeout=${timeout}</arg>
</arguments>
<assign>
<var>${ret}</var>
</assign>
<msg level="INFO" timestamp="20161202 21:44:09.473">Get Request using : alias=openbmc, uri=/org/openbmc/inventory/system/chassis/motherboard/cpu0/attr/is_fru, headers=None </msg>
<msg level="INFO" timestamp="20161202 21:44:09.474">${ret} = &lt;Response [200]&gt;</msg>
<status endtime="20161202 21:44:09.474" starttime="20161202 21:44:09.267" status="PASS"></status>
</kw>
<kw name="Run Keyword If" library="BuiltIn">
<doc>Runs the given keyword with the given arguments, if ``condition`` is true.</doc>
<arguments>
<arg>'${quiet}' == '${0}'</arg>
<arg>Log Response</arg>
<arg>${ret}</arg>
</arguments>
<kw name="Log Response" library="rest_client">
<arguments>
<arg>${ret}</arg>
</arguments>
<kw name="Catenate" library="BuiltIn">
<doc>Catenates the given items together and returns the resulted string.</doc>
<arguments>
<arg>SEPARATOR=</arg>
<arg>Response code:</arg>
<arg>${resp.status_code}</arg>
<arg>, Content:</arg>
<arg>${resp.content}</arg>
</arguments>
<assign>
<var>${msg}</var>
</assign>
<msg level="INFO" timestamp="20161202 21:44:09.481">${msg} = Response code:200, Content:{
  "data": 1, 
  "message": "200 OK", 
  "status": "ok"
}</msg>
<status endtime="20161202 21:44:09.481" starttime="20161202 21:44:09.480" status="PASS"></status>
</kw>
<kw name="Logging" library="rest_client">
<arguments>
<arg>${msg}</arg>
<arg>console=True</arg>
</arguments>
<kw name="Log" library="BuiltIn">
<doc>Logs the given message with the given level.</doc>
<arguments>
<arg>${msg}</arg>
<arg>console=True</arg>
</arguments>
<msg level="INFO" timestamp="20161202 21:44:09.482">Response code:200, Content:{
  "data": 1, 
  "message": "200 OK", 
  "status": "ok"
}</msg>
<status endtime="20161202 21:44:09.483" starttime="20161202 21:44:09.482" status="PASS"></status>
</kw>
<status endtime="20161202 21:44:09.483" starttime="20161202 21:44:09.481" status="PASS"></status>
</kw>
<status endtime="20161202 21:44:09.483" starttime="20161202 21:44:09.480" status="PASS"></status>
</kw>
<status endtime="20161202 21:44:09.483" starttime="20161202 21:44:09.474" status="PASS"></status>
</kw>
<msg level="INFO" timestamp="20161202 21:44:09.483">${resp} = &lt;Response [200]&gt;</msg>
<status endtime="20161202 21:44:09.483" starttime="20161202 21:44:08.310" status="PASS"></status>
</kw>
<kw name="To Json" library="RequestsLibrary.RequestsKeywords">
<doc>Convert a string to a JSON object</doc>
<arguments>
<arg>${resp.content}</arg>
</arguments>
<assign>
<var>${content}</var>
</assign>
<msg level="INFO" timestamp="20161202 21:44:09.484">To JSON using : content={
  "data": 1, 
  "message": "200 OK", 
  "status": "ok"
} </msg>
<msg level="INFO" timestamp="20161202 21:44:09.484">To JSON using : pretty_print=False </msg>
<msg level="INFO" timestamp="20161202 21:44:09.484">${content} = {u'message': u'200 OK', u'status': u'ok', u'data': 1}</msg>
<status endtime="20161202 21:44:09.484" starttime="20161202 21:44:09.484" status="PASS"></status>
</kw>
<msg level="INFO" timestamp="20161202 21:44:09.485">${resp} = 1</msg>
<status endtime="20161202 21:44:09.485" starttime="20161202 21:44:08.309" status="PASS"></status>
</kw>
<kw name="Should Be Equal" library="BuiltIn">
<doc>Fails if the given objects are unequal.</doc>
<arguments>
<arg>${resp}</arg>
<arg>${1}</arg>
</arguments>
<status endtime="20161202 21:44:09.486" starttime="20161202 21:44:09.485" status="PASS"></status>
</kw>
<kw name="FFDC On Test Case Fail" library="openbmc_ffdc" type="teardown">
<doc>Generic FFDC entry point. Place holder to hook in</doc>
<kw name="Run Keyword If" library="BuiltIn">
<doc>Runs the given keyword with the given arguments, if ``condition`` is true.</doc>
<arguments>
<arg>'${TEST_STATUS}' == 'FAIL'</arg>
<arg>FFDC</arg>
</arguments>
<status endtime="20161202 21:44:09.490" starttime="20161202 21:44:09.486" status="PASS"></status>
</kw>
<kw name="Log Test Case Status" library="openbmc_ffdc_methods">
<doc>Test case execution result history.</doc>
<kw name="Create Directory" library="OperatingSystem">
<doc>Creates the specified directory.</doc>
<arguments>
<arg>${FFDC_LOG_PATH}</arg>
</arguments>
<msg level="INFO" timestamp="20161202 21:44:09.491" html="yes">Directory '&lt;a href="file:///tmp/root/11941/obmc-robot/logs"&gt;/tmp/root/11941/obmc-robot/logs&lt;/a&gt;' already exists.</msg>
<status endtime="20161202 21:44:09.492" starttime="20161202 21:44:09.491" status="PASS"></status>
</kw>
<kw name="Run Keyword And Return Status" library="BuiltIn">
<doc>Runs the given keyword with given arguments and returns the status as a Boolean value.</doc>
<arguments>
<arg>OperatingSystem.File Should Exist</arg>
<arg>${TEST_HISTORY}</arg>
</arguments>
<assign>
<var>${exist}</var>
</assign>
<kw name="File Should Exist" library="OperatingSystem">
<doc>Fails unless the given ``path`` points to an existing file.</doc>
<arguments>
<arg>${TEST_HISTORY}</arg>
</arguments>
<msg level="INFO" timestamp="20161202 21:44:09.492" html="yes">File '&lt;a href="file:///tmp/root/11941/obmc-robot/logs/test_history.txt"&gt;/tmp/root/11941/obmc-robot/logs/test_history.txt&lt;/a&gt;' exists.</msg>
<status endtime="20161202 21:44:09.492" starttime="20161202 21:44:09.492" status="PASS"></status>
</kw>
<msg level="INFO" timestamp="20161202 21:44:09.492">${exist} = True</msg>
<status endtime="20161202 21:44:09.493" starttime="20161202 21:44:09.492" status="PASS"></status>
</kw>
<kw name="Run Keyword If" library="BuiltIn">
<doc>Runs the given keyword with the given arguments, if ``condition`` is true.</doc>
<arguments>
<arg>'${exist}' == '${False}'</arg>
<arg>Create File</arg>
<arg>${TEST_HISTORY}</arg>
</arguments>
<status endtime="20161202 21:44:09.495" starttime="20161202 21:44:09.493" status="PASS"></status>
</kw>
<kw name="Get Current Time Stamp" library="openbmc_ffdc_utils">
<doc>Get the current time stamp data</doc>
<assign>
<var>${cur_time}</var>
</assign>
<kw name="Get Current Date" library="DateTime">
<doc>Returns current local or UTC time with an optional increment.</doc>
<arguments>
<arg>result_format=%Y-%m-%d %H:%M:%S:%f</arg>
</arguments>
<assign>
<var>${cur_time}</var>
</assign>
<msg level="INFO" timestamp="20161202 21:44:09.496">${cur_time} = 2016-12-02 21:44:09:495897</msg>
<status endtime="20161202 21:44:09.496" starttime="20161202 21:44:09.496" status="PASS"></status>
</kw>
<kw name="Get Strip String" library="openbmc_ffdc_list">
<doc>########################################################################</doc>
<arguments>
<arg>${cur_time}</arg>
</arguments>
<assign>
<var>${cur_time}</var>
</assign>
<msg level="INFO" timestamp="20161202 21:44:09.497">${cur_time} = 20161202214409495897</msg>
<status endtime="20161202 21:44:09.497" starttime="20161202 21:44:09.496" status="PASS"></status>
</kw>
<msg level="INFO" timestamp="20161202 21:44:09.497">${cur_time} = 20161202214409495897</msg>
<status endtime="20161202 21:44:09.497" starttime="20161202 21:44:09.495" status="PASS"></status>
</kw>
<kw name="Append To File" library="OperatingSystem">
<doc>Appends the given contend to the specified file.</doc>
<arguments>
<arg>${TEST_HISTORY}</arg>
<arg>${cur_time}:${SUITE_NAME}:${TEST_NAME}:${TEST_STATUS}${\n}</arg>
</arguments>
<msg level="INFO" timestamp="20161202 21:44:09.497" html="yes">Appended to file '&lt;a href="file:///tmp/root/11941/obmc-robot/logs/test_history.txt"&gt;/tmp/root/11941/obmc-robot/logs/test_history.txt&lt;/a&gt;'.</msg>
<status endtime="20161202 21:44:09.498" starttime="20161202 21:44:09.497" status="PASS"></status>
</kw>
<status endtime="20161202 21:44:09.498" starttime="20161202 21:44:09.491" status="PASS"></status>
</kw>
<status endtime="20161202 21:44:09.498" starttime="20161202 21:44:09.486" status="PASS"></status>
</kw>
<tags>
<tag>Get_a_Property</tag>
</tags>
<status endtime="20161202 21:44:09.498" starttime="20161202 21:44:08.309" status="PASS" critical="yes"></status>
</test>
<doc>This suite will verifiy all OpenBMC rest interfaces
Details of valid interfaces can be found here...
https://github.com/openbmc/docs/blob/master/rest-api.md</doc>
<status endtime="20161202 21:44:09.498" starttime="20161202 21:44:08.266" status="PASS"></status>
</suite>
<status endtime="20161202 21:44:09.501" starttime="20161202 21:42:27.686" status="PASS"></status>
</suite>
<statistics>
<total>
<stat pass="7" fail="0">Critical Tests</stat>
<stat pass="7" fail="0">All Tests</stat>
</total>
<tag>
<stat pass="1" fail="0">chassisboot</stat>
<stat pass="2" fail="0">CI</stat>
<stat pass="1" fail="0">clear_any_logs</stat>
<stat pass="1" fail="0">Create_error_log_on_single_FRU</stat>
<stat pass="1" fail="0">Delete_error_log</stat>
<stat pass="1" fail="0">Get_a_Property</stat>
<stat pass="1" fail="0">power_on_test</stat>
<stat pass="1" fail="0">Test_SSL_Connection</stat>
<stat pass="1" fail="0">write_a_log</stat>
</tag>
<suite>
<stat pass="7" id="s1" name="Tests" fail="0">Tests</stat>
<stat pass="1" id="s1-s1" name="Security" fail="0">Tests.Security</stat>
<stat pass="1" id="s1-s1-s1" name="Test Ssl" fail="0">Tests.Security.Test Ssl</stat>
<stat pass="2" id="s1-s2" name="Test Association" fail="0">Tests.Test Association</stat>
<stat pass="1" id="s1-s3" name="Test Basic Poweron" fail="0">Tests.Test Basic Poweron</stat>
<stat pass="2" id="s1-s4" name="Test Eventlog" fail="0">Tests.Test Eventlog</stat>
<stat pass="1" id="s1-s5" name="Test Obmcrest" fail="0">Tests.Test Obmcrest</stat>
</suite>
</statistics>
<errors>
</errors>
</robot>
