<?xml version="1.0" encoding="UTF-8"?>
<robot generator="Robot 3.0.2 (Python 2.7.12 on linux2)" generated="20170707 01:55:10.706">
<suite name="Tests" source="/tmp/fspcibld/21959/obmc-robot/tests" id="s1">
<kw name="System Driver Data" type="setup">
<doc>System driver information.</doc>
<kw name="Open Connection And Log In" library="connection_client">
<doc>Opens a connection with the given arguments, and logs in.</doc>
<kw name="Run Keyword And Return Status" library="BuiltIn">
<doc>Runs the given keyword with given arguments and returns the status as a Boolean value.</doc>
<arguments>
<arg>Dictionary Should Contain Key</arg>
<arg>${connection_args}</arg>
<arg>host</arg>
</arguments>
<assign>
<var>${has_host}</var>
</assign>
<kw name="Dictionary Should Contain Key" library="Collections">
<doc>Fails if ``key`` is not found from ``dictionary``.</doc>
<arguments>
<arg>${connection_args}</arg>
<arg>host</arg>
</arguments>
<msg timestamp="20170707 01:55:11.314" level="FAIL">Dictionary does not contain key 'host'.</msg>
<status endtime="20170707 01:55:11.314" starttime="20170707 01:55:11.314" status="FAIL"></status>
</kw>
<msg timestamp="20170707 01:55:11.314" level="INFO">${has_host} = False</msg>
<status endtime="20170707 01:55:11.314" starttime="20170707 01:55:11.313" status="PASS"></status>
</kw>
<kw name="Run Keyword If" library="BuiltIn">
<doc>Runs the given keyword with the given arguments, if ``condition`` is true.</doc>
<arguments>
<arg>${has_host} == ${FALSE}</arg>
<arg>Set To Dictionary</arg>
<arg>${connection_args}</arg>
<arg>host=${OPENBMC_HOST}</arg>
</arguments>
<kw name="Set To Dictionary" library="Collections">
<doc>Adds the given ``key_value_pairs`` and ``items`` to the ``dictionary``.</doc>
<arguments>
<arg>${connection_args}</arg>
<arg>host=${OPENBMC_HOST}</arg>
</arguments>
<status endtime="20170707 01:55:11.315" starttime="20170707 01:55:11.315" status="PASS"></status>
</kw>
<status endtime="20170707 01:55:11.315" starttime="20170707 01:55:11.314" status="PASS"></status>
</kw>
<kw name="Run Keyword If" library="BuiltIn">
<doc>Runs the given keyword with the given arguments, if ``condition`` is true.</doc>
<arguments>
<arg>'${SSH_PORT}' != '${EMPTY}' and '${HTTPS_PORT}' != '${EMPTY}'</arg>
<arg>User input SSH and HTTPs Ports</arg>
</arguments>
<kw name="User input SSH and HTTPs Ports" library="connection_client">
<doc>Update the global SSH and HTTPs port variable for QEMU</doc>
<kw name="Convert To Integer" library="BuiltIn">
<doc>Converts the given item to an integer number.</doc>
<arguments>
<arg>${SSH_PORT}</arg>
</arguments>
<assign>
<var>${port_num}</var>
</assign>
<msg timestamp="20170707 01:55:11.317" level="INFO">${port_num} = 22</msg>
<status endtime="20170707 01:55:11.317" starttime="20170707 01:55:11.316" status="PASS"></status>
</kw>
<kw name="Replace Variables" library="BuiltIn">
<doc>Replaces variables in the given text with their current values.</doc>
<arguments>
<arg>${port_num}</arg>
</arguments>
<assign>
<var>${SSH_PORT}</var>
</assign>
<msg timestamp="20170707 01:55:11.317" level="INFO">${SSH_PORT} = 22</msg>
<status endtime="20170707 01:55:11.317" starttime="20170707 01:55:11.317" status="PASS"></status>
</kw>
<kw name="Convert To Integer" library="BuiltIn">
<doc>Converts the given item to an integer number.</doc>
<arguments>
<arg>${HTTPS_PORT}</arg>
</arguments>
<assign>
<var>${https_num}</var>
</assign>
<msg timestamp="20170707 01:55:11.318" level="INFO">${https_num} = 443</msg>
<status endtime="20170707 01:55:11.318" starttime="20170707 01:55:11.318" status="PASS"></status>
</kw>
<kw name="Set Global Variable" library="BuiltIn">
<doc>Makes a variable available globally in all tests and suites.</doc>
<arguments>
<arg>${AUTH_URI}</arg>
<arg>https://${OPENBMC_HOST}:${https_num}</arg>
</arguments>
<msg timestamp="20170707 01:55:11.319" level="INFO">${AUTH_URI} = https://9.3.21.61:443</msg>
<status endtime="20170707 01:55:11.319" starttime="20170707 01:55:11.318" status="PASS"></status>
</kw>
<status endtime="20170707 01:55:11.319" starttime="20170707 01:55:11.316" status="PASS"></status>
</kw>
<status endtime="20170707 01:55:11.319" starttime="20170707 01:55:11.316" status="PASS"></status>
</kw>
<kw name="Run Keyword And Return Status" library="BuiltIn">
<doc>Runs the given keyword with given arguments and returns the status as a Boolean value.</doc>
<arguments>
<arg>Dictionary Should Contain Key</arg>
<arg>${connection_args}</arg>
<arg>port</arg>
</arguments>
<assign>
<var>${has_port}</var>
</assign>
<kw name="Dictionary Should Contain Key" library="Collections">
<doc>Fails if ``key`` is not found from ``dictionary``.</doc>
<arguments>
<arg>${connection_args}</arg>
<arg>port</arg>
</arguments>
<msg timestamp="20170707 01:55:11.320" level="FAIL">Dictionary does not contain key 'port'.</msg>
<status endtime="20170707 01:55:11.320" starttime="20170707 01:55:11.319" status="FAIL"></status>
</kw>
<msg timestamp="20170707 01:55:11.320" level="INFO">${has_port} = False</msg>
<status endtime="20170707 01:55:11.320" starttime="20170707 01:55:11.319" status="PASS"></status>
</kw>
<kw name="Run Keyword If" library="BuiltIn">
<doc>Runs the given keyword with the given arguments, if ``condition`` is true.</doc>
<arguments>
<arg>'${SSH_PORT}' != '${EMPTY}' and ${has_port} == ${FALSE}</arg>
<arg>Run Keywords</arg>
<arg>Set To Dictionary</arg>
<arg>${connection_args}</arg>
<arg>port=${SSH_PORT}</arg>
<arg>AND</arg>
<arg>SSHLibrary.Open connection</arg>
<arg>&amp;{connection_args}</arg>
<arg>ELSE</arg>
<arg>Run Keyword</arg>
<arg>SSHLibrary.Open connection</arg>
<arg>&amp;{connection_args}</arg>
</arguments>
<kw name="Run Keywords" library="BuiltIn">
<doc>Executes all the given keywords in a sequence.</doc>
<arguments>
<arg>Set To Dictionary</arg>
<arg>${connection_args}</arg>
<arg>port=${SSH_PORT}</arg>
<arg>AND</arg>
<arg>SSHLibrary.Open connection</arg>
<arg>&amp;{connection_args}</arg>
</arguments>
<kw name="Set To Dictionary" library="Collections">
<doc>Adds the given ``key_value_pairs`` and ``items`` to the ``dictionary``.</doc>
<arguments>
<arg>${connection_args}</arg>
<arg>port=${SSH_PORT}</arg>
</arguments>
<status endtime="20170707 01:55:11.321" starttime="20170707 01:55:11.321" status="PASS"></status>
</kw>
<kw name="Open Connection" library="SSHLibrary">
<doc>Opens a new SSH connection to the given `host` and `port`.</doc>
<arguments>
<arg>&amp;{connection_args}</arg>
</arguments>
<status endtime="20170707 01:55:11.322" starttime="20170707 01:55:11.322" status="PASS"></status>
</kw>
<status endtime="20170707 01:55:11.322" starttime="20170707 01:55:11.321" status="PASS"></status>
</kw>
<status endtime="20170707 01:55:11.322" starttime="20170707 01:55:11.320" status="PASS"></status>
</kw>
<kw name="Login" library="SSHLibrary">
<doc>Logs into the SSH server with the given `username` and `password`.</doc>
<arguments>
<arg>${username}</arg>
<arg>${password}</arg>
</arguments>
<msg timestamp="20170707 01:55:11.323" level="INFO">Logging into '9.3.21.61:22' as 'root'.</msg>
<msg timestamp="20170707 01:55:13.017" level="INFO">Read output: root@witherspoon:~#</msg>
<status endtime="20170707 01:55:13.017" starttime="20170707 01:55:11.322" status="PASS"></status>
</kw>
<status endtime="20170707 01:55:13.017" starttime="20170707 01:55:11.312" status="PASS"></status>
</kw>
<kw name="Run Keyword And Ignore Error" library="BuiltIn">
<doc>Runs the given keyword with the given arguments and ignores possible error.</doc>
<arguments>
<arg>Log BMC Driver Details</arg>
</arguments>
<kw name="Log BMC Driver Details">
<doc>Get BMC driver details and log.</doc>
<kw name="Execute Command" library="SSHLibrary">
<doc>Executes `command` on the remote machine and returns its outputs.</doc>
<arguments>
<arg>${DRIVER_CMD}</arg>
<arg>return_stderr=True</arg>
</arguments>
<assign>
<var>${output}</var>
<var>${stderr}</var>
</assign>
<msg timestamp="20170707 01:55:13.019" level="INFO">Executing command 'cat /etc/os-release | grep ^VERSION_ID='.</msg>
<msg timestamp="20170707 01:55:13.117" level="INFO">Command exited with return code 0.</msg>
<msg timestamp="20170707 01:55:13.117" level="INFO">${output} = VERSION_ID="v1.99.7-84-g3da42c3"</msg>
<msg timestamp="20170707 01:55:13.117" level="INFO">${stderr} = </msg>
<status endtime="20170707 01:55:13.117" starttime="20170707 01:55:13.018" status="PASS"></status>
</kw>
<kw name="Should Be Empty" library="BuiltIn">
<doc>Verifies that the given item is empty.</doc>
<arguments>
<arg>${stderr}</arg>
</arguments>
<msg timestamp="20170707 01:55:13.118" level="INFO">Length is 0</msg>
<status endtime="20170707 01:55:13.118" starttime="20170707 01:55:13.118" status="PASS"></status>
</kw>
<kw name="Log" library="BuiltIn">
<doc>Logs the given message with the given level.</doc>
<arguments>
<arg>${output}</arg>
</arguments>
<msg timestamp="20170707 01:55:13.118" level="INFO">VERSION_ID="v1.99.7-84-g3da42c3"</msg>
<status endtime="20170707 01:55:13.118" starttime="20170707 01:55:13.118" status="PASS"></status>
</kw>
<status endtime="20170707 01:55:13.118" starttime="20170707 01:55:13.018" status="PASS"></status>
</kw>
<status endtime="20170707 01:55:13.119" starttime="20170707 01:55:13.018" status="PASS"></status>
</kw>
<kw name="Run Keyword And Ignore Error" library="BuiltIn">
<doc>Runs the given keyword with the given arguments and ignores possible error.</doc>
<arguments>
<arg>Log PNOR Driver Details</arg>
</arguments>
<kw name="Log PNOR Driver Details">
<doc>Get PNOR driver details and log.</doc>
<kw name="Execute Command On BMC" library="utils">
<doc>Execute given command on BMC and return output.</doc>
<arguments>
<arg>${PNOR_CMD}</arg>
</arguments>
<assign>
<var>${pnor_details}</var>
</assign>
<kw name="Execute Command" library="SSHLibrary">
<doc>Executes `command` on the remote machine and returns its outputs.</doc>
<arguments>
<arg>${command}</arg>
<arg>return_stderr=True</arg>
</arguments>
<assign>
<var>${stdout}</var>
<var>${stderr}</var>
</assign>
<msg timestamp="20170707 01:55:13.120" level="INFO">Executing command '/usr/sbin/pflash -r /tmp/out.txt -P VERSION; cat /tmp/out.txt'.</msg>
<msg timestamp="20170707 01:55:13.328" level="INFO">Command exited with return code 0.</msg>
<msg timestamp="20170707 01:55:13.328" level="INFO">${stdout} = Reading to "/tmp/out.txt" from 0x02820000..0x02821000 !
[                                                  ] 0%[==================================================] 100%
IBM-witherspoon-ibm-OP9_v1.17...</msg>
<msg timestamp="20170707 01:55:13.328" level="INFO">${stderr} = </msg>
<status endtime="20170707 01:55:13.328" starttime="20170707 01:55:13.120" status="PASS"></status>
</kw>
<kw name="Should Be Empty" library="BuiltIn">
<doc>Verifies that the given item is empty.</doc>
<arguments>
<arg>${stderr}</arg>
</arguments>
<msg timestamp="20170707 01:55:13.328" level="INFO">Length is 0</msg>
<status endtime="20170707 01:55:13.329" starttime="20170707 01:55:13.328" status="PASS"></status>
</kw>
<msg timestamp="20170707 01:55:13.329" level="INFO">${pnor_details} = Reading to "/tmp/out.txt" from 0x02820000..0x02821000 !
[                                                  ] 0%[==================================================] 100%
IBM-witherspoon-ibm-OP9_v1.17...</msg>
<status endtime="20170707 01:55:13.329" starttime="20170707 01:55:13.119" status="PASS"></status>
</kw>
<kw name="Log" library="BuiltIn">
<doc>Logs the given message with the given level.</doc>
<arguments>
<arg>PNOR_INFO=${pnor_details}</arg>
</arguments>
<msg timestamp="20170707 01:55:13.329" level="INFO">PNOR_INFO=Reading to "/tmp/out.txt" from 0x02820000..0x02821000 !
[                                                  ] 0%[==================================================] 100%
IBM-witherspoon-ibm-OP9_v1.17_1.46
	op-build-v1.17-101-g1c57f18-dirty
	buildroot-2017.02.2-7-g23118ce
	skiboot-5.6.0-158-ga1e0a047b2a0
	hostboot-0ffbb55
	linux-4.11.6-openpower1-p57dd16e
	petitboot-v1.4.3-pfac92ff
	machine-xml-5b59a1d
	occ-1dc97a6
	hostboot-binaries-711147e
	capp-ucode-9c73e9f
	sbe-0df81aa
</msg>
<status endtime="20170707 01:55:13.330" starttime="20170707 01:55:13.329" status="PASS"></status>
</kw>
<status endtime="20170707 01:55:13.330" starttime="20170707 01:55:13.119" status="PASS"></status>
</kw>
<status endtime="20170707 01:55:13.330" starttime="20170707 01:55:13.119" status="PASS"></status>
</kw>
<kw name="Run Keyword And Ignore Error" library="BuiltIn">
<doc>Runs the given keyword with the given arguments and ignores possible error.</doc>
<arguments>
<arg>Log BMC Model</arg>
</arguments>
<kw name="Log BMC Model">
<doc>Fetch BMC Model name from system and log.</doc>
<kw name="Get BMC System Model" library="utils">
<doc>Get the BMC model from the device tree.</doc>
<assign>
<var>${bmc_model}</var>
</assign>
<kw name="Open Connection And Log In" library="connection_client">
<doc>Opens a connection with the given arguments, and logs in.</doc>
<kw name="Run Keyword And Return Status" library="BuiltIn">
<doc>Runs the given keyword with given arguments and returns the status as a Boolean value.</doc>
<arguments>
<arg>Dictionary Should Contain Key</arg>
<arg>${connection_args}</arg>
<arg>host</arg>
</arguments>
<assign>
<var>${has_host}</var>
</assign>
<kw name="Dictionary Should Contain Key" library="Collections">
<doc>Fails if ``key`` is not found from ``dictionary``.</doc>
<arguments>
<arg>${connection_args}</arg>
<arg>host</arg>
</arguments>
<msg timestamp="20170707 01:55:13.333" level="FAIL">Dictionary does not contain key 'host'.</msg>
<status endtime="20170707 01:55:13.333" starttime="20170707 01:55:13.333" status="FAIL"></status>
</kw>
<msg timestamp="20170707 01:55:13.333" level="INFO">${has_host} = False</msg>
<status endtime="20170707 01:55:13.333" starttime="20170707 01:55:13.332" status="PASS"></status>
</kw>
<kw name="Run Keyword If" library="BuiltIn">
<doc>Runs the given keyword with the given arguments, if ``condition`` is true.</doc>
<arguments>
<arg>${has_host} == ${FALSE}</arg>
<arg>Set To Dictionary</arg>
<arg>${connection_args}</arg>
<arg>host=${OPENBMC_HOST}</arg>
</arguments>
<kw name="Set To Dictionary" library="Collections">
<doc>Adds the given ``key_value_pairs`` and ``items`` to the ``dictionary``.</doc>
<arguments>
<arg>${connection_args}</arg>
<arg>host=${OPENBMC_HOST}</arg>
</arguments>
<status endtime="20170707 01:55:13.334" starttime="20170707 01:55:13.334" status="PASS"></status>
</kw>
<status endtime="20170707 01:55:13.334" starttime="20170707 01:55:13.333" status="PASS"></status>
</kw>
<kw name="Run Keyword If" library="BuiltIn">
<doc>Runs the given keyword with the given arguments, if ``condition`` is true.</doc>
<arguments>
<arg>'${SSH_PORT}' != '${EMPTY}' and '${HTTPS_PORT}' != '${EMPTY}'</arg>
<arg>User input SSH and HTTPs Ports</arg>
</arguments>
<kw name="User input SSH and HTTPs Ports" library="connection_client">
<doc>Update the global SSH and HTTPs port variable for QEMU</doc>
<kw name="Convert To Integer" library="BuiltIn">
<doc>Converts the given item to an integer number.</doc>
<arguments>
<arg>${SSH_PORT}</arg>
</arguments>
<assign>
<var>${port_num}</var>
</assign>
<msg timestamp="20170707 01:55:13.336" level="INFO">${port_num} = 22</msg>
<status endtime="20170707 01:55:13.336" starttime="20170707 01:55:13.335" status="PASS"></status>
</kw>
<kw name="Replace Variables" library="BuiltIn">
<doc>Replaces variables in the given text with their current values.</doc>
<arguments>
<arg>${port_num}</arg>
</arguments>
<assign>
<var>${SSH_PORT}</var>
</assign>
<msg timestamp="20170707 01:55:13.336" level="INFO">${SSH_PORT} = 22</msg>
<status endtime="20170707 01:55:13.336" starttime="20170707 01:55:13.336" status="PASS"></status>
</kw>
<kw name="Convert To Integer" library="BuiltIn">
<doc>Converts the given item to an integer number.</doc>
<arguments>
<arg>${HTTPS_PORT}</arg>
</arguments>
<assign>
<var>${https_num}</var>
</assign>
<msg timestamp="20170707 01:55:13.337" level="INFO">${https_num} = 443</msg>
<status endtime="20170707 01:55:13.337" starttime="20170707 01:55:13.336" status="PASS"></status>
</kw>
<kw name="Set Global Variable" library="BuiltIn">
<doc>Makes a variable available globally in all tests and suites.</doc>
<arguments>
<arg>${AUTH_URI}</arg>
<arg>https://${OPENBMC_HOST}:${https_num}</arg>
</arguments>
<msg timestamp="20170707 01:55:13.338" level="INFO">${AUTH_URI} = https://9.3.21.61:443</msg>
<status endtime="20170707 01:55:13.338" starttime="20170707 01:55:13.337" status="PASS"></status>
</kw>
<status endtime="20170707 01:55:13.338" starttime="20170707 01:55:13.335" status="PASS"></status>
</kw>
<status endtime="20170707 01:55:13.338" starttime="20170707 01:55:13.335" status="PASS"></status>
</kw>
<kw name="Run Keyword And Return Status" library="BuiltIn">
<doc>Runs the given keyword with given arguments and returns the status as a Boolean value.</doc>
<arguments>
<arg>Dictionary Should Contain Key</arg>
<arg>${connection_args}</arg>
<arg>port</arg>
</arguments>
<assign>
<var>${has_port}</var>
</assign>
<kw name="Dictionary Should Contain Key" library="Collections">
<doc>Fails if ``key`` is not found from ``dictionary``.</doc>
<arguments>
<arg>${connection_args}</arg>
<arg>port</arg>
</arguments>
<msg timestamp="20170707 01:55:13.339" level="FAIL">Dictionary does not contain key 'port'.</msg>
<status endtime="20170707 01:55:13.339" starttime="20170707 01:55:13.339" status="FAIL"></status>
</kw>
<msg timestamp="20170707 01:55:13.339" level="INFO">${has_port} = False</msg>
<status endtime="20170707 01:55:13.339" starttime="20170707 01:55:13.338" status="PASS"></status>
</kw>
<kw name="Run Keyword If" library="BuiltIn">
<doc>Runs the given keyword with the given arguments, if ``condition`` is true.</doc>
<arguments>
<arg>'${SSH_PORT}' != '${EMPTY}' and ${has_port} == ${FALSE}</arg>
<arg>Run Keywords</arg>
<arg>Set To Dictionary</arg>
<arg>${connection_args}</arg>
<arg>port=${SSH_PORT}</arg>
<arg>AND</arg>
<arg>SSHLibrary.Open connection</arg>
<arg>&amp;{connection_args}</arg>
<arg>ELSE</arg>
<arg>Run Keyword</arg>
<arg>SSHLibrary.Open connection</arg>
<arg>&amp;{connection_args}</arg>
</arguments>
<kw name="Run Keywords" library="BuiltIn">
<doc>Executes all the given keywords in a sequence.</doc>
<arguments>
<arg>Set To Dictionary</arg>
<arg>${connection_args}</arg>
<arg>port=${SSH_PORT}</arg>
<arg>AND</arg>
<arg>SSHLibrary.Open connection</arg>
<arg>&amp;{connection_args}</arg>
</arguments>
<kw name="Set To Dictionary" library="Collections">
<doc>Adds the given ``key_value_pairs`` and ``items`` to the ``dictionary``.</doc>
<arguments>
<arg>${connection_args}</arg>
<arg>port=${SSH_PORT}</arg>
</arguments>
<status endtime="20170707 01:55:13.341" starttime="20170707 01:55:13.340" status="PASS"></status>
</kw>
<kw name="Open Connection" library="SSHLibrary">
<doc>Opens a new SSH connection to the given `host` and `port`.</doc>
<arguments>
<arg>&amp;{connection_args}</arg>
</arguments>
<status endtime="20170707 01:55:13.341" starttime="20170707 01:55:13.341" status="PASS"></status>
</kw>
<status endtime="20170707 01:55:13.341" starttime="20170707 01:55:13.340" status="PASS"></status>
</kw>
<status endtime="20170707 01:55:13.341" starttime="20170707 01:55:13.339" status="PASS"></status>
</kw>
<kw name="Login" library="SSHLibrary">
<doc>Logs into the SSH server with the given `username` and `password`.</doc>
<arguments>
<arg>${username}</arg>
<arg>${password}</arg>
</arguments>
<msg timestamp="20170707 01:55:13.342" level="INFO">Logging into '9.3.21.61:22' as 'root'.</msg>
<msg timestamp="20170707 01:55:14.989" level="INFO">Read output: root@witherspoon:~#</msg>
<status endtime="20170707 01:55:14.989" starttime="20170707 01:55:13.342" status="PASS"></status>
</kw>
<status endtime="20170707 01:55:14.989" starttime="20170707 01:55:13.331" status="PASS"></status>
</kw>
<kw name="Execute Command" library="SSHLibrary">
<doc>Executes `command` on the remote machine and returns its outputs.</doc>
<arguments>
<arg>cat ${devicetree_base} | cut -d " " -f 1</arg>
<arg>return_stderr=True</arg>
</arguments>
<assign>
<var>${bmc_model}</var>
<var>${stderr}</var>
</assign>
<msg timestamp="20170707 01:55:14.990" level="INFO">Executing command 'cat /sys/firmware/devicetree/base/model | cut -d " " -f 1'.</msg>
<msg timestamp="20170707 01:55:15.067" level="INFO">Command exited with return code 0.</msg>
<msg timestamp="20170707 01:55:15.067" level="INFO">${bmc_model} = Witherspoon</msg>
<msg timestamp="20170707 01:55:15.067" level="INFO">${stderr} = </msg>
<status endtime="20170707 01:55:15.067" starttime="20170707 01:55:14.989" status="PASS"></status>
</kw>
<kw name="Should Be Empty" library="BuiltIn">
<doc>Verifies that the given item is empty.</doc>
<arguments>
<arg>${stderr}</arg>
</arguments>
<msg timestamp="20170707 01:55:15.068" level="INFO">Length is 0</msg>
<status endtime="20170707 01:55:15.068" starttime="20170707 01:55:15.068" status="PASS"></status>
</kw>
<kw name="Should Not Be Empty" library="BuiltIn">
<doc>Verifies that the given item is not empty.</doc>
<arguments>
<arg>${bmc_model}</arg>
</arguments>
<msg timestamp="20170707 01:55:15.068" level="INFO">Length is 11</msg>
<status endtime="20170707 01:55:15.069" starttime="20170707 01:55:15.068" status="PASS"></status>
</kw>
<msg timestamp="20170707 01:55:15.069" level="INFO">${bmc_model} = Witherspoon</msg>
<status endtime="20170707 01:55:15.069" starttime="20170707 01:55:13.331" status="PASS"></status>
</kw>
<kw name="Log" library="BuiltIn">
<doc>Logs the given message with the given level.</doc>
<arguments>
<arg>BMC Model=${bmc_model}</arg>
</arguments>
<msg timestamp="20170707 01:55:15.069" level="INFO">BMC Model=Witherspoon</msg>
<status endtime="20170707 01:55:15.069" starttime="20170707 01:55:15.069" status="PASS"></status>
</kw>
<status endtime="20170707 01:55:15.069" starttime="20170707 01:55:13.331" status="PASS"></status>
</kw>
<status endtime="20170707 01:55:15.069" starttime="20170707 01:55:13.331" status="PASS"></status>
</kw>
<kw name="Run Keyword And Ignore Error" library="BuiltIn">
<doc>Runs the given keyword with the given arguments and ignores possible error.</doc>
<arguments>
<arg>Enable Core Dump On BMC</arg>
</arguments>
<kw name="Enable Core Dump On BMC" library="utils">
<doc>Enable core dump collection.</doc>
<kw name="Open Connection And Log In" library="connection_client">
<doc>Opens a connection with the given arguments, and logs in.</doc>
<kw name="Run Keyword And Return Status" library="BuiltIn">
<doc>Runs the given keyword with given arguments and returns the status as a Boolean value.</doc>
<arguments>
<arg>Dictionary Should Contain Key</arg>
<arg>${connection_args}</arg>
<arg>host</arg>
</arguments>
<assign>
<var>${has_host}</var>
</assign>
<kw name="Dictionary Should Contain Key" library="Collections">
<doc>Fails if ``key`` is not found from ``dictionary``.</doc>
<arguments>
<arg>${connection_args}</arg>
<arg>host</arg>
</arguments>
<msg timestamp="20170707 01:55:15.071" level="FAIL">Dictionary does not contain key 'host'.</msg>
<status endtime="20170707 01:55:15.071" starttime="20170707 01:55:15.071" status="FAIL"></status>
</kw>
<msg timestamp="20170707 01:55:15.072" level="INFO">${has_host} = False</msg>
<status endtime="20170707 01:55:15.072" starttime="20170707 01:55:15.071" status="PASS"></status>
</kw>
<kw name="Run Keyword If" library="BuiltIn">
<doc>Runs the given keyword with the given arguments, if ``condition`` is true.</doc>
<arguments>
<arg>${has_host} == ${FALSE}</arg>
<arg>Set To Dictionary</arg>
<arg>${connection_args}</arg>
<arg>host=${OPENBMC_HOST}</arg>
</arguments>
<kw name="Set To Dictionary" library="Collections">
<doc>Adds the given ``key_value_pairs`` and ``items`` to the ``dictionary``.</doc>
<arguments>
<arg>${connection_args}</arg>
<arg>host=${OPENBMC_HOST}</arg>
</arguments>
<status endtime="20170707 01:55:15.073" starttime="20170707 01:55:15.072" status="PASS"></status>
</kw>
<status endtime="20170707 01:55:15.073" starttime="20170707 01:55:15.072" status="PASS"></status>
</kw>
<kw name="Run Keyword If" library="BuiltIn">
<doc>Runs the given keyword with the given arguments, if ``condition`` is true.</doc>
<arguments>
<arg>'${SSH_PORT}' != '${EMPTY}' and '${HTTPS_PORT}' != '${EMPTY}'</arg>
<arg>User input SSH and HTTPs Ports</arg>
</arguments>
<kw name="User input SSH and HTTPs Ports" library="connection_client">
<doc>Update the global SSH and HTTPs port variable for QEMU</doc>
<kw name="Convert To Integer" library="BuiltIn">
<doc>Converts the given item to an integer number.</doc>
<arguments>
<arg>${SSH_PORT}</arg>
</arguments>
<assign>
<var>${port_num}</var>
</assign>
<msg timestamp="20170707 01:55:15.074" level="INFO">${port_num} = 22</msg>
<status endtime="20170707 01:55:15.074" starttime="20170707 01:55:15.074" status="PASS"></status>
</kw>
<kw name="Replace Variables" library="BuiltIn">
<doc>Replaces variables in the given text with their current values.</doc>
<arguments>
<arg>${port_num}</arg>
</arguments>
<assign>
<var>${SSH_PORT}</var>
</assign>
<msg timestamp="20170707 01:55:15.075" level="INFO">${SSH_PORT} = 22</msg>
<status endtime="20170707 01:55:15.075" starttime="20170707 01:55:15.075" status="PASS"></status>
</kw>
<kw name="Convert To Integer" library="BuiltIn">
<doc>Converts the given item to an integer number.</doc>
<arguments>
<arg>${HTTPS_PORT}</arg>
</arguments>
<assign>
<var>${https_num}</var>
</assign>
<msg timestamp="20170707 01:55:15.075" level="INFO">${https_num} = 443</msg>
<status endtime="20170707 01:55:15.075" starttime="20170707 01:55:15.075" status="PASS"></status>
</kw>
<kw name="Set Global Variable" library="BuiltIn">
<doc>Makes a variable available globally in all tests and suites.</doc>
<arguments>
<arg>${AUTH_URI}</arg>
<arg>https://${OPENBMC_HOST}:${https_num}</arg>
</arguments>
<msg timestamp="20170707 01:55:15.076" level="INFO">${AUTH_URI} = https://9.3.21.61:443</msg>
<status endtime="20170707 01:55:15.076" starttime="20170707 01:55:15.076" status="PASS"></status>
</kw>
<status endtime="20170707 01:55:15.076" starttime="20170707 01:55:15.073" status="PASS"></status>
</kw>
<status endtime="20170707 01:55:15.076" starttime="20170707 01:55:15.073" status="PASS"></status>
</kw>
<kw name="Run Keyword And Return Status" library="BuiltIn">
<doc>Runs the given keyword with given arguments and returns the status as a Boolean value.</doc>
<arguments>
<arg>Dictionary Should Contain Key</arg>
<arg>${connection_args}</arg>
<arg>port</arg>
</arguments>
<assign>
<var>${has_port}</var>
</assign>
<kw name="Dictionary Should Contain Key" library="Collections">
<doc>Fails if ``key`` is not found from ``dictionary``.</doc>
<arguments>
<arg>${connection_args}</arg>
<arg>port</arg>
</arguments>
<msg timestamp="20170707 01:55:15.077" level="FAIL">Dictionary does not contain key 'port'.</msg>
<status endtime="20170707 01:55:15.077" starttime="20170707 01:55:15.077" status="FAIL"></status>
</kw>
<msg timestamp="20170707 01:55:15.077" level="INFO">${has_port} = False</msg>
<status endtime="20170707 01:55:15.077" starttime="20170707 01:55:15.077" status="PASS"></status>
</kw>
<kw name="Run Keyword If" library="BuiltIn">
<doc>Runs the given keyword with the given arguments, if ``condition`` is true.</doc>
<arguments>
<arg>'${SSH_PORT}' != '${EMPTY}' and ${has_port} == ${FALSE}</arg>
<arg>Run Keywords</arg>
<arg>Set To Dictionary</arg>
<arg>${connection_args}</arg>
<arg>port=${SSH_PORT}</arg>
<arg>AND</arg>
<arg>SSHLibrary.Open connection</arg>
<arg>&amp;{connection_args}</arg>
<arg>ELSE</arg>
<arg>Run Keyword</arg>
<arg>SSHLibrary.Open connection</arg>
<arg>&amp;{connection_args}</arg>
</arguments>
<kw name="Run Keywords" library="BuiltIn">
<doc>Executes all the given keywords in a sequence.</doc>
<arguments>
<arg>Set To Dictionary</arg>
<arg>${connection_args}</arg>
<arg>port=${SSH_PORT}</arg>
<arg>AND</arg>
<arg>SSHLibrary.Open connection</arg>
<arg>&amp;{connection_args}</arg>
</arguments>
<kw name="Set To Dictionary" library="Collections">
<doc>Adds the given ``key_value_pairs`` and ``items`` to the ``dictionary``.</doc>
<arguments>
<arg>${connection_args}</arg>
<arg>port=${SSH_PORT}</arg>
</arguments>
<status endtime="20170707 01:55:15.079" starttime="20170707 01:55:15.079" status="PASS"></status>
</kw>
<kw name="Open Connection" library="SSHLibrary">
<doc>Opens a new SSH connection to the given `host` and `port`.</doc>
<arguments>
<arg>&amp;{connection_args}</arg>
</arguments>
<status endtime="20170707 01:55:15.080" starttime="20170707 01:55:15.079" status="PASS"></status>
</kw>
<status endtime="20170707 01:55:15.080" starttime="20170707 01:55:15.078" status="PASS"></status>
</kw>
<status endtime="20170707 01:55:15.080" starttime="20170707 01:55:15.078" status="PASS"></status>
</kw>
<kw name="Login" library="SSHLibrary">
<doc>Logs into the SSH server with the given `username` and `password`.</doc>
<arguments>
<arg>${username}</arg>
<arg>${password}</arg>
</arguments>
<msg timestamp="20170707 01:55:15.080" level="INFO">Logging into '9.3.21.61:22' as 'root'.</msg>
<msg timestamp="20170707 01:55:16.827" level="INFO">Read output: root@witherspoon:~#</msg>
<status endtime="20170707 01:55:16.828" starttime="20170707 01:55:15.080" status="PASS"></status>
</kw>
<status endtime="20170707 01:55:16.828" starttime="20170707 01:55:15.070" status="PASS"></status>
</kw>
<kw name="Execute Command On BMC" library="utils">
<doc>Execute given command on BMC and return output.</doc>
<arguments>
<arg>echo '/tmp/core_%e.%p' | tee /proc/sys/kernel/core_pattern</arg>
</arguments>
<assign>
<var>${core_pattern}</var>
</assign>
<kw name="Execute Command" library="SSHLibrary">
<doc>Executes `command` on the remote machine and returns its outputs.</doc>
<arguments>
<arg>${command}</arg>
<arg>return_stderr=True</arg>
</arguments>
<assign>
<var>${stdout}</var>
<var>${stderr}</var>
</assign>
<msg timestamp="20170707 01:55:16.829" level="INFO">Executing command 'echo '/tmp/core_%e.%p' | tee /proc/sys/kernel/core_pattern'.</msg>
<msg timestamp="20170707 01:55:16.906" level="INFO">Command exited with return code 0.</msg>
<msg timestamp="20170707 01:55:16.906" level="INFO">${stdout} = /tmp/core_%e.%p</msg>
<msg timestamp="20170707 01:55:16.906" level="INFO">${stderr} = </msg>
<status endtime="20170707 01:55:16.906" starttime="20170707 01:55:16.829" status="PASS"></status>
</kw>
<kw name="Should Be Empty" library="BuiltIn">
<doc>Verifies that the given item is empty.</doc>
<arguments>
<arg>${stderr}</arg>
</arguments>
<msg timestamp="20170707 01:55:16.906" level="INFO">Length is 0</msg>
<status endtime="20170707 01:55:16.907" starttime="20170707 01:55:16.906" status="PASS"></status>
</kw>
<msg timestamp="20170707 01:55:16.907" level="INFO">${core_pattern} = /tmp/core_%e.%p</msg>
<status endtime="20170707 01:55:16.907" starttime="20170707 01:55:16.828" status="PASS"></status>
</kw>
<kw name="Should Be Equal As Strings" library="BuiltIn">
<doc>Fails if objects are unequal after converting them to strings.</doc>
<arguments>
<arg>${core_pattern}</arg>
<arg>/tmp/core_%e.%p</arg>
</arguments>
<status endtime="20170707 01:55:16.907" starttime="20170707 01:55:16.907" status="PASS"></status>
</kw>
<status endtime="20170707 01:55:16.908" starttime="20170707 01:55:15.070" status="PASS"></status>
</kw>
<status endtime="20170707 01:55:16.908" starttime="20170707 01:55:15.070" status="PASS"></status>
</kw>
<kw name="Run Keyword If" library="BuiltIn">
<doc>Runs the given keyword with the given arguments, if ``condition`` is true.</doc>
<arguments>
<arg>'${DEBUG_TARBALL_PATH}' != '${EMPTY}'</arg>
<arg>Run Keyword And Ignore Error</arg>
<arg>Install Debug Tarball On BMC</arg>
<arg>${DEBUG_TARBALL_PATH}</arg>
</arguments>
<status endtime="20170707 01:55:16.908" starttime="20170707 01:55:16.908" status="PASS"></status>
</kw>
<status endtime="20170707 01:55:16.908" starttime="20170707 01:55:11.312" status="PASS"></status>
</kw>
<suite name="Security" source="/tmp/fspcibld/21959/obmc-robot/tests/security" id="s1-s1">
<suite name="Test Ssl" source="/tmp/fspcibld/21959/obmc-robot/tests/security/test_ssl.robot" id="s1-s1-s1">
<test name="Test SSL Connection" id="s1-s1-s1-t1">
<kw name="Initialize OpenBMC" library="rest_client">
<kw name="Wait Until Keyword Succeeds" library="BuiltIn">
<doc>Runs the specified keyword and retries if it fails.</doc>
<arguments>
<arg>40 sec</arg>
<arg>20 sec</arg>
<arg>Post Login Request</arg>
<arg>${timeout}</arg>
<arg>${quiet}</arg>
</arguments>
<kw name="Post Login Request" library="rest_client">
<arguments>
<arg>${timeout}</arg>
<arg>${quiet}</arg>
</arguments>
<kw name="Create Session" library="RequestsLibrary.RequestsKeywords">
<doc>Create Session: create a HTTP session to a server</doc>
<arguments>
<arg>openbmc</arg>
<arg>${AUTH_URI}</arg>
<arg>timeout=${timeout}</arg>
<arg>max_retries=3</arg>
</arguments>
<msg timestamp="20170707 01:55:16.991" level="INFO">Creating Session using : alias=openbmc, url=https://9.3.21.61:443, headers={},                     cookies=None, auth=None, timeout=20, proxies=None, verify=False,                     debug=0 </msg>
<status endtime="20170707 01:55:16.992" starttime="20170707 01:55:16.991" status="PASS"></status>
</kw>
<kw name="Create Dictionary" library="BuiltIn">
<doc>Creates and returns a dictionary based on the given ``items``.</doc>
<arguments>
<arg>Content-Type=application/json</arg>
</arguments>
<assign>
<var>${headers}</var>
</assign>
<msg timestamp="20170707 01:55:16.993" level="INFO">${headers} = {u'Content-Type': u'application/json'}</msg>
<status endtime="20170707 01:55:16.993" starttime="20170707 01:55:16.992" status="PASS"></status>
</kw>
<kw name="Create List" library="BuiltIn">
<doc>Returns a list containing given items.</doc>
<arguments>
<arg>${OPENBMC_USERNAME}</arg>
<arg>${OPENBMC_PASSWORD}</arg>
</arguments>
<assign>
<var>@{credentials}</var>
</assign>
<msg timestamp="20170707 01:55:16.993" level="INFO">@{credentials} = [ root | 0penBmc ]</msg>
<status endtime="20170707 01:55:16.993" starttime="20170707 01:55:16.993" status="PASS"></status>
</kw>
<kw name="Create Dictionary" library="BuiltIn">
<doc>Creates and returns a dictionary based on the given ``items``.</doc>
<arguments>
<arg>data=@{credentials}</arg>
</arguments>
<assign>
<var>${data}</var>
</assign>
<msg timestamp="20170707 01:55:16.994" level="INFO">${data} = {u'data': [u'root', u'0penBmc']}</msg>
<status endtime="20170707 01:55:16.994" starttime="20170707 01:55:16.993" status="PASS"></status>
</kw>
<kw name="Run Keyword And Ignore Error" library="BuiltIn">
<doc>Runs the given keyword with the given arguments and ignores possible error.</doc>
<arguments>
<arg>Post Request</arg>
<arg>openbmc</arg>
<arg>/login</arg>
<arg>data=${data}</arg>
<arg>headers=${headers}</arg>
</arguments>
<assign>
<var>${status}</var>
<var>${resp}</var>
</assign>
<kw name="Post Request" library="RequestsLibrary.RequestsKeywords">
<doc>Send a POST request on the session object found using the</doc>
<arguments>
<arg>openbmc</arg>
<arg>/login</arg>
<arg>data=${data}</arg>
<arg>headers=${headers}</arg>
</arguments>
<msg timestamp="20170707 01:55:17.191" level="INFO">Post Request using : alias=openbmc, uri=/login, data={"data": ["root", "0penBmc"]}, headers={u'Content-Type': u'application/json'}, files=None, allow_redirects=True </msg>
<status endtime="20170707 01:55:17.191" starttime="20170707 01:55:16.995" status="PASS"></status>
</kw>
<msg timestamp="20170707 01:55:17.191" level="INFO">${status} = PASS</msg>
<msg timestamp="20170707 01:55:17.191" level="INFO">${resp} = &lt;Response [200]&gt;</msg>
<status endtime="20170707 01:55:17.191" starttime="20170707 01:55:16.994" status="PASS"></status>
</kw>
<kw name="Should Be Equal" library="BuiltIn">
<doc>Fails if the given objects are unequal.</doc>
<arguments>
<arg>${status}</arg>
<arg>PASS</arg>
<arg>msg=${resp}</arg>
</arguments>
<msg timestamp="20170707 01:55:17.192" level="INFO">Argument types are:
&lt;type 'str'&gt;
&lt;type 'unicode'&gt;</msg>
<status endtime="20170707 01:55:17.192" starttime="20170707 01:55:17.191" status="PASS"></status>
</kw>
<kw name="Should Be Equal As Strings" library="BuiltIn">
<doc>Fails if objects are unequal after converting them to strings.</doc>
<arguments>
<arg>${resp.status_code}</arg>
<arg>${HTTP_OK}</arg>
</arguments>
<msg timestamp="20170707 01:55:17.193" level="INFO">Argument types are:
&lt;type 'int'&gt;
&lt;type 'unicode'&gt;</msg>
<status endtime="20170707 01:55:17.193" starttime="20170707 01:55:17.192" status="PASS"></status>
</kw>
<status endtime="20170707 01:55:17.193" starttime="20170707 01:55:16.990" status="PASS"></status>
</kw>
<status endtime="20170707 01:55:17.193" starttime="20170707 01:55:16.990" status="PASS"></status>
</kw>
<status endtime="20170707 01:55:17.193" starttime="20170707 01:55:16.989" status="PASS"></status>
</kw>
<kw name="FFDC On Test Case Fail" library="openbmc_ffdc" type="teardown">
<doc>Generic FFDC entry point. Place holder to hook in</doc>
<kw name="Is Host Quiesced" library="state_manager">
<doc>Check if host state is quiesced.</doc>
<assign>
<var>${status}</var>
</assign>
<kw name="Get Host State" library="state_manager">
<doc>Return the state of the host as a string.</doc>
<assign>
<var>${host_state}</var>
</assign>
<kw name="Read Attribute" library="rest_client">
<arguments>
<arg>${HOST_STATE_URI}</arg>
<arg>CurrentHostState</arg>
<arg>quiet=${quiet}</arg>
</arguments>
<assign>
<var>${state}</var>
</assign>
<kw name="OpenBMC Get Request" library="rest_client">
<arguments>
<arg>${uri}/attr/${attr}</arg>
<arg>timeout=${timeout}</arg>
<arg>quiet=${quiet}</arg>
</arguments>
<assign>
<var>${resp}</var>
</assign>
<kw name="Initialize OpenBMC" library="rest_client">
<arguments>
<arg>${timeout}</arg>
<arg>quiet=${quiet}</arg>
</arguments>
<kw name="Wait Until Keyword Succeeds" library="BuiltIn">
<doc>Runs the specified keyword and retries if it fails.</doc>
<arguments>
<arg>40 sec</arg>
<arg>20 sec</arg>
<arg>Post Login Request</arg>
<arg>${timeout}</arg>
<arg>${quiet}</arg>
</arguments>
<kw name="Post Login Request" library="rest_client">
<arguments>
<arg>${timeout}</arg>
<arg>${quiet}</arg>
</arguments>
<kw name="Create Session" library="RequestsLibrary.RequestsKeywords">
<doc>Create Session: create a HTTP session to a server</doc>
<arguments>
<arg>openbmc</arg>
<arg>${AUTH_URI}</arg>
<arg>timeout=${timeout}</arg>
<arg>max_retries=3</arg>
</arguments>
<msg timestamp="20170707 01:55:17.197" level="INFO">Creating Session using : alias=openbmc, url=https://9.3.21.61:443, headers={},                     cookies=None, auth=None, timeout=10, proxies=None, verify=False,                     debug=0 </msg>
<status endtime="20170707 01:55:17.198" starttime="20170707 01:55:17.197" status="PASS"></status>
</kw>
<kw name="Create Dictionary" library="BuiltIn">
<doc>Creates and returns a dictionary based on the given ``items``.</doc>
<arguments>
<arg>Content-Type=application/json</arg>
</arguments>
<assign>
<var>${headers}</var>
</assign>
<msg timestamp="20170707 01:55:17.199" level="INFO">${headers} = {u'Content-Type': u'application/json'}</msg>
<status endtime="20170707 01:55:17.199" starttime="20170707 01:55:17.198" status="PASS"></status>
</kw>
<kw name="Create List" library="BuiltIn">
<doc>Returns a list containing given items.</doc>
<arguments>
<arg>${OPENBMC_USERNAME}</arg>
<arg>${OPENBMC_PASSWORD}</arg>
</arguments>
<assign>
<var>@{credentials}</var>
</assign>
<msg timestamp="20170707 01:55:17.199" level="INFO">@{credentials} = [ root | 0penBmc ]</msg>
<status endtime="20170707 01:55:17.199" starttime="20170707 01:55:17.199" status="PASS"></status>
</kw>
<kw name="Create Dictionary" library="BuiltIn">
<doc>Creates and returns a dictionary based on the given ``items``.</doc>
<arguments>
<arg>data=@{credentials}</arg>
</arguments>
<assign>
<var>${data}</var>
</assign>
<msg timestamp="20170707 01:55:17.200" level="INFO">${data} = {u'data': [u'root', u'0penBmc']}</msg>
<status endtime="20170707 01:55:17.200" starttime="20170707 01:55:17.200" status="PASS"></status>
</kw>
<kw name="Run Keyword And Ignore Error" library="BuiltIn">
<doc>Runs the given keyword with the given arguments and ignores possible error.</doc>
<arguments>
<arg>Post Request</arg>
<arg>openbmc</arg>
<arg>/login</arg>
<arg>data=${data}</arg>
<arg>headers=${headers}</arg>
</arguments>
<assign>
<var>${status}</var>
<var>${resp}</var>
</assign>
<kw name="Post Request" library="RequestsLibrary.RequestsKeywords">
<doc>Send a POST request on the session object found using the</doc>
<arguments>
<arg>openbmc</arg>
<arg>/login</arg>
<arg>data=${data}</arg>
<arg>headers=${headers}</arg>
</arguments>
<msg timestamp="20170707 01:55:17.433" level="INFO">Post Request using : alias=openbmc, uri=/login, data={"data": ["root", "0penBmc"]}, headers={u'Content-Type': u'application/json'}, files=None, allow_redirects=True </msg>
<status endtime="20170707 01:55:17.433" starttime="20170707 01:55:17.201" status="PASS"></status>
</kw>
<msg timestamp="20170707 01:55:17.433" level="INFO">${status} = PASS</msg>
<msg timestamp="20170707 01:55:17.433" level="INFO">${resp} = &lt;Response [200]&gt;</msg>
<status endtime="20170707 01:55:17.433" starttime="20170707 01:55:17.200" status="PASS"></status>
</kw>
<kw name="Should Be Equal" library="BuiltIn">
<doc>Fails if the given objects are unequal.</doc>
<arguments>
<arg>${status}</arg>
<arg>PASS</arg>
<arg>msg=${resp}</arg>
</arguments>
<msg timestamp="20170707 01:55:17.434" level="INFO">Argument types are:
&lt;type 'str'&gt;
&lt;type 'unicode'&gt;</msg>
<status endtime="20170707 01:55:17.434" starttime="20170707 01:55:17.433" status="PASS"></status>
</kw>
<kw name="Should Be Equal As Strings" library="BuiltIn">
<doc>Fails if objects are unequal after converting them to strings.</doc>
<arguments>
<arg>${resp.status_code}</arg>
<arg>${HTTP_OK}</arg>
</arguments>
<msg timestamp="20170707 01:55:17.434" level="INFO">Argument types are:
&lt;type 'int'&gt;
&lt;type 'unicode'&gt;</msg>
<status endtime="20170707 01:55:17.434" starttime="20170707 01:55:17.434" status="PASS"></status>
</kw>
<status endtime="20170707 01:55:17.435" starttime="20170707 01:55:17.197" status="PASS"></status>
</kw>
<status endtime="20170707 01:55:17.435" starttime="20170707 01:55:17.196" status="PASS"></status>
</kw>
<status endtime="20170707 01:55:17.435" starttime="20170707 01:55:17.196" status="PASS"></status>
</kw>
<kw name="Catenate" library="BuiltIn">
<doc>Catenates the given items together and returns the resulted string.</doc>
<arguments>
<arg>SEPARATOR=</arg>
<arg>${DBUS_PREFIX}</arg>
<arg>${uri}</arg>
</arguments>
<assign>
<var>${base_uri}</var>
</assign>
<msg timestamp="20170707 01:55:17.435" level="INFO">${base_uri} = /xyz/openbmc_project/state/host0//attr/CurrentHostState</msg>
<status endtime="20170707 01:55:17.435" starttime="20170707 01:55:17.435" status="PASS"></status>
</kw>
<kw name="Run Keyword If" library="BuiltIn">
<doc>Runs the given keyword with the given arguments, if ``condition`` is true.</doc>
<arguments>
<arg>'${quiet}' == '${0}'</arg>
<arg>Log Request</arg>
<arg>method=Get</arg>
<arg>base_uri=${base_uri}</arg>
<arg>args=&amp;{kwargs}</arg>
</arguments>
<kw name="Log Request" library="rest_client">
<arguments>
<arg>method=Get</arg>
<arg>base_uri=${base_uri}</arg>
<arg>args=&amp;{kwargs}</arg>
</arguments>
<kw name="Catenate" library="BuiltIn">
<doc>Catenates the given items together and returns the resulted string.</doc>
<arguments>
<arg>SEPARATOR=</arg>
<arg>URI:</arg>
<arg>${AUTH_URI}</arg>
<arg>${kwargs["base_uri"]}</arg>
<arg>, method:</arg>
<arg>${kwargs["method"]}</arg>
<arg>, args:</arg>
<arg>${kwargs["args"]}</arg>
</arguments>
<assign>
<var>${msg}</var>
</assign>
<msg timestamp="20170707 01:55:17.438" level="INFO">${msg} = URI:https://9.3.21.61:443/xyz/openbmc_project/state/host0//attr/CurrentHostState, method:Get, args:{}</msg>
<status endtime="20170707 01:55:17.438" starttime="20170707 01:55:17.437" status="PASS"></status>
</kw>
<kw name="Logging" library="rest_client">
<arguments>
<arg>${msg}</arg>
<arg>console=True</arg>
</arguments>
<kw name="Log" library="BuiltIn">
<doc>Logs the given message with the given level.</doc>
<arguments>
<arg>${msg}</arg>
<arg>console=True</arg>
</arguments>
<msg timestamp="20170707 01:55:17.438" level="INFO">URI:https://9.3.21.61:443/xyz/openbmc_project/state/host0//attr/CurrentHostState, method:Get, args:{}</msg>
<status endtime="20170707 01:55:17.439" starttime="20170707 01:55:17.438" status="PASS"></status>
</kw>
<status endtime="20170707 01:55:17.439" starttime="20170707 01:55:17.438" status="PASS"></status>
</kw>
<status endtime="20170707 01:55:17.439" starttime="20170707 01:55:17.436" status="PASS"></status>
</kw>
<status endtime="20170707 01:55:17.439" starttime="20170707 01:55:17.436" status="PASS"></status>
</kw>
<kw name="Get Request" library="RequestsLibrary.RequestsKeywords">
<doc>Send a GET request on the session object found using the</doc>
<arguments>
<arg>openbmc</arg>
<arg>${base_uri}</arg>
<arg>&amp;{kwargs}</arg>
<arg>timeout=${timeout}</arg>
</arguments>
<assign>
<var>${ret}</var>
</assign>
<msg timestamp="20170707 01:55:17.530" level="INFO">Get Request using : alias=openbmc, uri=/xyz/openbmc_project/state/host0//attr/CurrentHostState, headers=None json=None</msg>
<msg timestamp="20170707 01:55:17.530" level="INFO">${ret} = &lt;Response [200]&gt;</msg>
<status endtime="20170707 01:55:17.530" starttime="20170707 01:55:17.439" status="PASS"></status>
</kw>
<kw name="Run Keyword If" library="BuiltIn">
<doc>Runs the given keyword with the given arguments, if ``condition`` is true.</doc>
<arguments>
<arg>'${quiet}' == '${0}'</arg>
<arg>Log Response</arg>
<arg>${ret}</arg>
</arguments>
<kw name="Log Response" library="rest_client">
<arguments>
<arg>${ret}</arg>
</arguments>
<kw name="Catenate" library="BuiltIn">
<doc>Catenates the given items together and returns the resulted string.</doc>
<arguments>
<arg>SEPARATOR=</arg>
<arg>Response code:</arg>
<arg>${resp.status_code}</arg>
<arg>, Content:</arg>
<arg>${resp.content}</arg>
</arguments>
<assign>
<var>${msg}</var>
</assign>
<msg timestamp="20170707 01:55:17.532" level="INFO">${msg} = Response code:200, Content:{
  "data": "xyz.openbmc_project.State.Host.HostState.Running", 
  "message": "200 OK", 
  "status": "ok"
}</msg>
<status endtime="20170707 01:55:17.532" starttime="20170707 01:55:17.531" status="PASS"></status>
</kw>
<kw name="Logging" library="rest_client">
<arguments>
<arg>${msg}</arg>
<arg>console=True</arg>
</arguments>
<kw name="Log" library="BuiltIn">
<doc>Logs the given message with the given level.</doc>
<arguments>
<arg>${msg}</arg>
<arg>console=True</arg>
</arguments>
<msg timestamp="20170707 01:55:17.533" level="INFO">Response code:200, Content:{
  "data": "xyz.openbmc_project.State.Host.HostState.Running", 
  "message": "200 OK", 
  "status": "ok"
}</msg>
<status endtime="20170707 01:55:17.533" starttime="20170707 01:55:17.533" status="PASS"></status>
</kw>
<status endtime="20170707 01:55:17.533" starttime="20170707 01:55:17.532" status="PASS"></status>
</kw>
<status endtime="20170707 01:55:17.533" starttime="20170707 01:55:17.531" status="PASS"></status>
</kw>
<status endtime="20170707 01:55:17.534" starttime="20170707 01:55:17.530" status="PASS"></status>
</kw>
<msg timestamp="20170707 01:55:17.534" level="INFO">${resp} = &lt;Response [200]&gt;</msg>
<status endtime="20170707 01:55:17.534" starttime="20170707 01:55:17.195" status="PASS"></status>
</kw>
<kw name="Should Be Equal As Strings" library="BuiltIn">
<doc>Fails if objects are unequal after converting them to strings.</doc>
<arguments>
<arg>${resp.status_code}</arg>
<arg>${HTTP_OK}</arg>
</arguments>
<msg timestamp="20170707 01:55:17.534" level="INFO">Argument types are:
&lt;type 'int'&gt;
&lt;type 'unicode'&gt;</msg>
<status endtime="20170707 01:55:17.534" starttime="20170707 01:55:17.534" status="PASS"></status>
</kw>
<kw name="To Json" library="RequestsLibrary.RequestsKeywords">
<doc>Convert a string to a JSON object</doc>
<arguments>
<arg>${resp.content}</arg>
</arguments>
<assign>
<var>${content}</var>
</assign>
<msg timestamp="20170707 01:55:17.535" level="INFO">To JSON using : content={
  "data": "xyz.openbmc_project.State.Host.HostState.Running", 
  "message": "200 OK", 
  "status": "ok"
} </msg>
<msg timestamp="20170707 01:55:17.535" level="INFO">To JSON using : pretty_print=False </msg>
<msg timestamp="20170707 01:55:17.535" level="INFO">${content} = {u'message': u'200 OK', u'status': u'ok', u'data': u'xyz.openbmc_project.State.Host.HostState.Running'}</msg>
<status endtime="20170707 01:55:17.535" starttime="20170707 01:55:17.535" status="PASS"></status>
</kw>
<msg timestamp="20170707 01:55:17.535" level="INFO">${state} = xyz.openbmc_project.State.Host.HostState.Running</msg>
<status endtime="20170707 01:55:17.536" starttime="20170707 01:55:17.194" status="PASS"></status>
</kw>
<msg timestamp="20170707 01:55:17.536" level="INFO">${host_state} = Running</msg>
<status endtime="20170707 01:55:17.536" starttime="20170707 01:55:17.194" status="PASS"></status>
</kw>
<kw name="Run Keyword And Return Status" library="BuiltIn">
<doc>Runs the given keyword with given arguments and returns the status as a Boolean value.</doc>
<arguments>
<arg>Should Be Equal</arg>
<arg>${host_state}</arg>
<arg>Quiesced</arg>
</arguments>
<assign>
<var>${status}</var>
</assign>
<kw name="Should Be Equal" library="BuiltIn">
<doc>Fails if the given objects are unequal.</doc>
<arguments>
<arg>${host_state}</arg>
<arg>Quiesced</arg>
</arguments>
<msg timestamp="20170707 01:55:17.537" level="FAIL">Running != Quiesced</msg>
<status endtime="20170707 01:55:17.537" starttime="20170707 01:55:17.537" status="FAIL"></status>
</kw>
<msg timestamp="20170707 01:55:17.537" level="INFO">${status} = False</msg>
<status endtime="20170707 01:55:17.537" starttime="20170707 01:55:17.536" status="PASS"></status>
</kw>
<msg timestamp="20170707 01:55:17.537" level="INFO">${status} = False</msg>
<status endtime="20170707 01:55:17.537" starttime="20170707 01:55:17.194" status="PASS"></status>
</kw>
<kw name="Run Keyword If" library="BuiltIn">
<doc>Runs the given keyword with the given arguments, if ``condition`` is true.</doc>
<arguments>
<arg>'${TEST_STATUS}' == 'FAIL' or '${status}'=='True'</arg>
<arg>FFDC</arg>
</arguments>
<status endtime="20170707 01:55:17.538" starttime="20170707 01:55:17.538" status="PASS"></status>
</kw>
<kw name="Run Keyword If" library="BuiltIn">
<doc>Runs the given keyword with the given arguments, if ``condition`` is true.</doc>
<arguments>
<arg>'${status}'=='True'</arg>
<arg>Recover Quiesced Host</arg>
</arguments>
<status endtime="20170707 01:55:17.538" starttime="20170707 01:55:17.538" status="PASS"></status>
</kw>
<kw name="Log Test Case Status" library="openbmc_ffdc_methods">
<doc>Test case execution result history.</doc>
<kw name="Get Variable Value" library="BuiltIn">
<doc>Returns variable value or ``default`` if the variable does not exist.</doc>
<arguments>
<arg>${FFDC_DIR_PATH_STYLE}</arg>
<arg>${EMPTY}</arg>
</arguments>
<assign>
<var>${FFDC_DIR_PATH_STYLE}</var>
</assign>
<msg timestamp="20170707 01:55:17.551" level="INFO">${FFDC_DIR_PATH_STYLE} = </msg>
<status endtime="20170707 01:55:17.551" starttime="20170707 01:55:17.539" status="PASS"></status>
</kw>
<kw name="Get Variable Value" library="BuiltIn">
<doc>Returns variable value or ``default`` if the variable does not exist.</doc>
<arguments>
<arg>${FFDC_DIR_PATH}</arg>
<arg>${EMPTY}</arg>
</arguments>
<assign>
<var>${FFDC_DIR_PATH}</var>
</assign>
<msg timestamp="20170707 01:55:17.564" level="INFO">${FFDC_DIR_PATH} = </msg>
<status endtime="20170707 01:55:17.564" starttime="20170707 01:55:17.552" status="PASS"></status>
</kw>
<kw name="Run Keyword If" library="BuiltIn">
<doc>Runs the given keyword with the given arguments, if ``condition`` is true.</doc>
<arguments>
<arg>'${FFDC_DIR_PATH}' == '${EMPTY}'</arg>
<arg>Set FFDC Defaults</arg>
</arguments>
<kw name="Set Ffdc Defaults" library="openbmc_ffdc">
<doc>Set a default value for ffdc_dir_path and ffdc_prefix if they don't</doc>
<kw name="Get Current Time Stamp" library="openbmc_ffdc_utils">
<doc>Get the current time stamp data</doc>
<kw name="Get Current Date" library="DateTime">
<doc>Returns current local or UTC time with an optional increment.</doc>
<arguments>
<arg>result_format=%Y-%m-%d %H:%M:%S:%f</arg>
</arguments>
<assign>
<var>${cur_time}</var>
</assign>
<msg timestamp="20170707 01:55:17.567" level="INFO">${cur_time} = 2017-07-07 01:55:17:566659</msg>
<status endtime="20170707 01:55:17.567" starttime="20170707 01:55:17.566" status="PASS"></status>
</kw>
<kw name="Get Strip String" library="openbmc_ffdc_list">
<doc>########################################################################</doc>
<arguments>
<arg>${cur_time}</arg>
</arguments>
<assign>
<var>${cur_time}</var>
</assign>
<msg timestamp="20170707 01:55:17.568" level="INFO">${cur_time} = 20170707015517566659</msg>
<status endtime="20170707 01:55:17.568" starttime="20170707 01:55:17.567" status="PASS"></status>
</kw>
<status endtime="20170707 01:55:17.568" starttime="20170707 01:55:17.566" status="PASS"></status>
</kw>
<msg timestamp="20170707 01:55:17.574" level="INFO">${FFDC_TIME} = 20170707015517566659</msg>
<kw name="Get Test Dir and Name" library="openbmc_ffdc_utils">
<doc>SUITE_NAME and TEST_NAME are automatic variables</doc>
<kw name="Get Strip String" library="openbmc_ffdc_list">
<doc>########################################################################</doc>
<arguments>
<arg>${SUITE_NAME}</arg>
</arguments>
<assign>
<var>${suite_name}</var>
</assign>
<msg timestamp="20170707 01:55:17.576" level="INFO">${suite_name} = TestsSecurityTestSsl</msg>
<status endtime="20170707 01:55:17.576" starttime="20170707 01:55:17.575" status="PASS"></status>
</kw>
<kw name="Catenate" library="BuiltIn">
<doc>Catenates the given items together and returns the resulted string.</doc>
<arguments>
<arg>SEPARATOR=</arg>
<arg>${FFDC_TIME}_</arg>
<arg>${suite_name}</arg>
</arguments>
<assign>
<var>${suite_name}</var>
</assign>
<msg timestamp="20170707 01:55:17.576" level="INFO">${suite_name} = 20170707015517566659_TestsSecurityTestSsl</msg>
<status endtime="20170707 01:55:17.576" starttime="20170707 01:55:17.576" status="PASS"></status>
</kw>
<kw name="Get Strip String" library="openbmc_ffdc_list">
<doc>########################################################################</doc>
<arguments>
<arg>${TEST_NAME}</arg>
</arguments>
<assign>
<var>${test_name}</var>
</assign>
<msg timestamp="20170707 01:55:17.577" level="INFO">${test_name} = TestSSLConnection</msg>
<status endtime="20170707 01:55:17.577" starttime="20170707 01:55:17.576" status="PASS"></status>
</kw>
<kw name="Catenate" library="BuiltIn">
<doc>Catenates the given items together and returns the resulted string.</doc>
<arguments>
<arg>SEPARATOR=</arg>
<arg>${FFDC_TIME}_</arg>
<arg>${test_name}</arg>
</arguments>
<assign>
<var>${test_name}</var>
</assign>
<msg timestamp="20170707 01:55:17.577" level="INFO">${test_name} = 20170707015517566659_TestSSLConnection</msg>
<status endtime="20170707 01:55:17.577" starttime="20170707 01:55:17.577" status="PASS"></status>
</kw>
<status endtime="20170707 01:55:17.578" starttime="20170707 01:55:17.575" status="PASS"></status>
</kw>
<msg timestamp="20170707 01:55:17.578" level="INFO">${FFDC_DIR_PATH} = /tmp/fspcibld/21959/obmc-robot/logs/20170707015517566659_TestsSecurityTestSsl/20170707015517566659_TestSSLConnection/</msg>
<msg timestamp="20170707 01:55:17.582" level="INFO">${FFDC_PREFIX} = 20170707015517566659_</msg>
<status endtime="20170707 01:55:17.582" starttime="20170707 01:55:17.565" status="PASS"></status>
</kw>
<status endtime="20170707 01:55:17.582" starttime="20170707 01:55:17.565" status="PASS"></status>
</kw>
<kw name="Run Keyword If" library="BuiltIn">
<doc>Runs the given keyword with the given arguments, if ``condition`` is true.</doc>
<arguments>
<arg>'${FFDC_DIR_PATH_STYLE}' == '${1}'</arg>
<arg>Run Keywords</arg>
<arg>Set Global Variable</arg>
<arg>${FFDC_LOG_PATH}</arg>
<arg>${FFDC_DIR_PATH}</arg>
<arg>AND</arg>
<arg>Set Global Variable</arg>
<arg>${TEST_HISTORY}</arg>
<arg>${FFDC_DIR_PATH}test_history.txt</arg>
</arguments>
<status endtime="20170707 01:55:17.583" starttime="20170707 01:55:17.582" status="PASS"></status>
</kw>
<kw name="Create Directory" library="OperatingSystem">
<doc>Creates the specified directory.</doc>
<arguments>
<arg>${FFDC_LOG_PATH}</arg>
</arguments>
<msg html="yes" timestamp="20170707 01:55:17.583" level="INFO">Created directory '&lt;a href="file:///tmp/fspcibld/21959/obmc-robot/logs"&gt;/tmp/fspcibld/21959/obmc-robot/logs&lt;/a&gt;'.</msg>
<status endtime="20170707 01:55:17.584" starttime="20170707 01:55:17.583" status="PASS"></status>
</kw>
<kw name="Run Keyword And Return Status" library="BuiltIn">
<doc>Runs the given keyword with given arguments and returns the status as a Boolean value.</doc>
<arguments>
<arg>OperatingSystem.File Should Exist</arg>
<arg>${TEST_HISTORY}</arg>
</arguments>
<assign>
<var>${exist}</var>
</assign>
<kw name="File Should Exist" library="OperatingSystem">
<doc>Fails unless the given ``path`` points to an existing file.</doc>
<arguments>
<arg>${TEST_HISTORY}</arg>
</arguments>
<msg timestamp="20170707 01:55:17.585" level="FAIL">File '/tmp/fspcibld/21959/obmc-robot/logs/test_history.txt' does not exist.</msg>
<status endtime="20170707 01:55:17.585" starttime="20170707 01:55:17.584" status="FAIL"></status>
</kw>
<msg timestamp="20170707 01:55:17.585" level="INFO">${exist} = False</msg>
<status endtime="20170707 01:55:17.585" starttime="20170707 01:55:17.584" status="PASS"></status>
</kw>
<kw name="Run Keyword If" library="BuiltIn">
<doc>Runs the given keyword with the given arguments, if ``condition`` is true.</doc>
<arguments>
<arg>'${exist}' == '${False}'</arg>
<arg>Create File</arg>
<arg>${TEST_HISTORY}</arg>
</arguments>
<kw name="Create File" library="OperatingSystem">
<doc>Creates a file with the given content and encoding.</doc>
<arguments>
<arg>${TEST_HISTORY}</arg>
</arguments>
<msg html="yes" timestamp="20170707 01:55:17.586" level="INFO">Created file '&lt;a href="file:///tmp/fspcibld/21959/obmc-robot/logs/test_history.txt"&gt;/tmp/fspcibld/21959/obmc-robot/logs/test_history.txt&lt;/a&gt;'.</msg>
<status endtime="20170707 01:55:17.586" starttime="20170707 01:55:17.586" status="PASS"></status>
</kw>
<status endtime="20170707 01:55:17.586" starttime="20170707 01:55:17.585" status="PASS"></status>
</kw>
<kw name="Rpvars" library="gen_robot_print">
<arguments>
<arg>TEST_HISTORY</arg>
</arguments>
<status endtime="20170707 01:55:17.587" starttime="20170707 01:55:17.586" status="PASS"></status>
</kw>
<kw name="Get Current Time Stamp" library="openbmc_ffdc_utils">
<doc>Get the current time stamp data</doc>
<assign>
<var>${cur_time}</var>
</assign>
<kw name="Get Current Date" library="DateTime">
<doc>Returns current local or UTC time with an optional increment.</doc>
<arguments>
<arg>result_format=%Y-%m-%d %H:%M:%S:%f</arg>
</arguments>
<assign>
<var>${cur_time}</var>
</assign>
<msg timestamp="20170707 01:55:17.588" level="INFO">${cur_time} = 2017-07-07 01:55:17:587417</msg>
<status endtime="20170707 01:55:17.588" starttime="20170707 01:55:17.587" status="PASS"></status>
</kw>
<kw name="Get Strip String" library="openbmc_ffdc_list">
<doc>########################################################################</doc>
<arguments>
<arg>${cur_time}</arg>
</arguments>
<assign>
<var>${cur_time}</var>
</assign>
<msg timestamp="20170707 01:55:17.588" level="INFO">${cur_time} = 20170707015517587417</msg>
<status endtime="20170707 01:55:17.588" starttime="20170707 01:55:17.588" status="PASS"></status>
</kw>
<msg timestamp="20170707 01:55:17.588" level="INFO">${cur_time} = 20170707015517587417</msg>
<status endtime="20170707 01:55:17.588" starttime="20170707 01:55:17.587" status="PASS"></status>
</kw>
<kw name="Append To File" library="OperatingSystem">
<doc>Appends the given content to the specified file.</doc>
<arguments>
<arg>${TEST_HISTORY}</arg>
<arg>${cur_time}:${SUITE_NAME}:${TEST_NAME}:${TEST_STATUS}${\n}</arg>
</arguments>
<msg html="yes" timestamp="20170707 01:55:17.589" level="INFO">Appended to file '&lt;a href="file:///tmp/fspcibld/21959/obmc-robot/logs/test_history.txt"&gt;/tmp/fspcibld/21959/obmc-robot/logs/test_history.txt&lt;/a&gt;'.</msg>
<status endtime="20170707 01:55:17.590" starttime="20170707 01:55:17.589" status="PASS"></status>
</kw>
<status endtime="20170707 01:55:17.590" starttime="20170707 01:55:17.539" status="PASS"></status>
</kw>
<status endtime="20170707 01:55:17.590" starttime="20170707 01:55:17.193" status="PASS"></status>
</kw>
<doc>This testcase is for testing the SSL connection to the
OpenBMC machine.</doc>
<tags>
<tag>Test_SSL_Connection</tag>
</tags>
<status endtime="20170707 01:55:17.590" starttime="20170707 01:55:16.989" critical="yes" status="PASS"></status>
</test>
<kw name="Delete All Sessions" library="RequestsLibrary.RequestsKeywords" type="teardown">
<doc>Removes all the session objects</doc>
<msg timestamp="20170707 01:55:17.591" level="INFO">Delete All Sessions</msg>
<status endtime="20170707 01:55:17.591" starttime="20170707 01:55:17.591" status="PASS"></status>
</kw>
<doc>This testsuite is for testing SSL connection to OpenBMC</doc>
<status endtime="20170707 01:55:17.591" starttime="20170707 01:55:16.911" status="PASS"></status>
</suite>
<status endtime="20170707 01:55:17.594" starttime="20170707 01:55:16.908" status="PASS"></status>
</suite>
<suite name="Test Basic Poweron" source="/tmp/fspcibld/21959/obmc-robot/tests/test_basic_poweron.robot" id="s1-s2">
<test name="Power On Test" id="s1-s2-t1">
<kw name="Start SOL Console Logging" library="utils" type="setup">
<doc>Start system console log to file.</doc>
<kw name="Create OS Console File Path" library="utils">
<doc>Create OS console file path name and return it.</doc>
<arguments>
<arg>${log_file_path}</arg>
</arguments>
<assign>
<var>${log_file_path}</var>
</assign>
<kw name="Catenate" library="BuiltIn">
<doc>Catenates the given items together and returns the resulted string.</doc>
<arguments>
<arg>/tmp/${OPENBMC_HOST}_os_console</arg>
</arguments>
<assign>
<var>${default_file_path}</var>
</assign>
<msg timestamp="20170707 01:55:17.630" level="INFO">${default_file_path} = /tmp/9.3.21.61_os_console</msg>
<status endtime="20170707 01:55:17.630" starttime="20170707 01:55:17.630" status="PASS"></status>
</kw>
<kw name="Set Variable If" library="BuiltIn">
<doc>Sets variable based on the given condition.</doc>
<arguments>
<arg>'${log_file_path}' == '${EMPTY}'</arg>
<arg>${default_file_path}</arg>
<arg>${log_file_path}</arg>
</arguments>
<assign>
<var>${log_file_path}</var>
</assign>
<msg timestamp="20170707 01:55:17.631" level="INFO">${log_file_path} = /tmp/9.3.21.61_os_console</msg>
<status endtime="20170707 01:55:17.631" starttime="20170707 01:55:17.630" status="PASS"></status>
</kw>
<msg timestamp="20170707 01:55:17.631" level="INFO">${log_file_path} = /tmp/9.3.21.61_os_console</msg>
<status endtime="20170707 01:55:17.631" starttime="20170707 01:55:17.629" status="PASS"></status>
</kw>
<kw name="Stop SOL Console Logging" library="utils">
<doc>Stop system console logging and return log output.</doc>
<arguments>
<arg>${log_file_path}</arg>
<arg>return_data=${return_data}</arg>
</arguments>
<assign>
<var>${log_output}</var>
</assign>
<kw name="Create OS Console File Path" library="utils">
<doc>Create OS console file path name and return it.</doc>
<arguments>
<arg>${log_file_path}</arg>
</arguments>
<assign>
<var>${log_file_path}</var>
</assign>
<kw name="Catenate" library="BuiltIn">
<doc>Catenates the given items together and returns the resulted string.</doc>
<arguments>
<arg>/tmp/${OPENBMC_HOST}_os_console</arg>
</arguments>
<assign>
<var>${default_file_path}</var>
</assign>
<msg timestamp="20170707 01:55:17.633" level="INFO">${default_file_path} = /tmp/9.3.21.61_os_console</msg>
<status endtime="20170707 01:55:17.633" starttime="20170707 01:55:17.633" status="PASS"></status>
</kw>
<kw name="Set Variable If" library="BuiltIn">
<doc>Sets variable based on the given condition.</doc>
<arguments>
<arg>'${log_file_path}' == '${EMPTY}'</arg>
<arg>${default_file_path}</arg>
<arg>${log_file_path}</arg>
</arguments>
<assign>
<var>${log_file_path}</var>
</assign>
<msg timestamp="20170707 01:55:17.634" level="INFO">${log_file_path} = /tmp/9.3.21.61_os_console</msg>
<status endtime="20170707 01:55:17.634" starttime="20170707 01:55:17.634" status="PASS"></status>
</kw>
<msg timestamp="20170707 01:55:17.634" level="INFO">${log_file_path} = /tmp/9.3.21.61_os_console</msg>
<status endtime="20170707 01:55:17.634" starttime="20170707 01:55:17.633" status="PASS"></status>
</kw>
<kw name="Create OS Console Command String" library="utils">
<doc>Return a command string to start OS console logging.</doc>
<assign>
<var>${search_string}</var>
</assign>
<kw name="Catenate" library="BuiltIn">
<doc>Catenates the given items together and returns the resulted string.</doc>
<arguments>
<arg>which ssh_pw 2&gt;&amp;1</arg>
</arguments>
<assign>
<var>${cmd_buf}</var>
</assign>
<msg timestamp="20170707 01:55:17.635" level="INFO">${cmd_buf} = which ssh_pw 2&gt;&amp;1</msg>
<status endtime="20170707 01:55:17.635" starttime="20170707 01:55:17.635" status="PASS"></status>
</kw>
<kw name="Rdpissuing" library="gen_robot_print">
<arguments>
<arg>${cmd_buf}</arg>
</arguments>
<status endtime="20170707 01:55:17.636" starttime="20170707 01:55:17.635" status="PASS"></status>
</kw>
<kw name="Run And Return Rc And Output" library="OperatingSystem">
<doc>Runs the given command in the system and returns the RC and output.</doc>
<arguments>
<arg>${cmd_buf}</arg>
</arguments>
<assign>
<var>${rc}</var>
<var>${output}</var>
</assign>
<msg timestamp="20170707 01:55:17.640" level="INFO">Running command 'which ssh_pw 2&gt;&amp;1'.</msg>
<msg timestamp="20170707 01:55:17.643" level="INFO">${rc} = 0</msg>
<msg timestamp="20170707 01:55:17.643" level="INFO">${output} = /tmp/fspcibld/21959/obmc-robot/.tox/witherspoon/bin/ssh_pw</msg>
<status endtime="20170707 01:55:17.643" starttime="20170707 01:55:17.636" status="PASS"></status>
</kw>
<kw name="Rdpvars" library="gen_robot_print">
<arguments>
<arg>rc</arg>
<arg>output</arg>
</arguments>
<status endtime="20170707 01:55:17.646" starttime="20170707 01:55:17.645" status="PASS"></status>
</kw>
<kw name="Should Be Equal" library="BuiltIn">
<doc>Fails if the given objects are unequal.</doc>
<arguments>
<arg>${rc}</arg>
<arg>${0}</arg>
<arg>msg=${output}\n</arg>
</arguments>
<status endtime="20170707 01:55:17.646" starttime="20170707 01:55:17.646" status="PASS"></status>
</kw>
<kw name="Catenate" library="BuiltIn">
<doc>Catenates the given items together and returns the resulted string.</doc>
<arguments>
<arg>ssh_pw ${OPENBMC_PASSWORD} -p 2200</arg>
<arg>-o "StrictHostKeyChecking no" ${OPENBMC_USERNAME}@${OPENBMC_HOST}</arg>
</arguments>
<assign>
<var>${cmd_buf}</var>
</assign>
<msg timestamp="20170707 01:55:17.647" level="INFO">${cmd_buf} = ssh_pw 0penBmc -p 2200 -o "StrictHostKeyChecking no" root@9.3.21.61</msg>
<status endtime="20170707 01:55:17.647" starttime="20170707 01:55:17.647" status="PASS"></status>
</kw>
<msg timestamp="20170707 01:55:17.647" level="INFO">${search_string} = ssh_pw 0penBmc -p 2200 -o "StrictHostKeyChecking no" root@9.3.21.61</msg>
<status endtime="20170707 01:55:17.647" starttime="20170707 01:55:17.635" status="PASS"></status>
</kw>
<kw name="Catenate" library="BuiltIn">
<doc>Catenates the given items together and returns the resulted string.</doc>
<arguments>
<arg>echo $(ps -ef | egrep '${search_string}'</arg>
<arg>| egrep -v grep | cut -c10-14)</arg>
</arguments>
<assign>
<var>${cmd_buf}</var>
</assign>
<msg timestamp="20170707 01:55:17.648" level="INFO">${cmd_buf} = echo $(ps -ef | egrep 'ssh_pw 0penBmc -p 2200 -o "StrictHostKeyChecking no" root@9.3.21.61' | egrep -v grep | cut -c10-14)</msg>
<status endtime="20170707 01:55:17.648" starttime="20170707 01:55:17.648" status="PASS"></status>
</kw>
<kw name="Rdpissuing" library="gen_robot_print">
<arguments>
<arg>${cmd_buf}</arg>
</arguments>
<status endtime="20170707 01:55:17.649" starttime="20170707 01:55:17.648" status="PASS"></status>
</kw>
<kw name="Run And Return Rc And Output" library="OperatingSystem">
<doc>Runs the given command in the system and returns the RC and output.</doc>
<arguments>
<arg>${cmd_buf}</arg>
</arguments>
<assign>
<var>${rc}</var>
<var>${os_con_pid}</var>
</assign>
<msg timestamp="20170707 01:55:17.652" level="INFO">Running command 'echo $(ps -ef | egrep 'ssh_pw 0penBmc -p 2200 -o "StrictHostKeyChecking no" root@9.3.21.61' | egrep -v grep | cut -c10-14) 2&gt;&amp;1'.</msg>
<msg timestamp="20170707 01:55:17.677" level="INFO">${rc} = 0</msg>
<msg timestamp="20170707 01:55:17.677" level="INFO">${os_con_pid} = </msg>
<status endtime="20170707 01:55:17.677" starttime="20170707 01:55:17.649" status="PASS"></status>
</kw>
<kw name="Rdpvars" library="gen_robot_print">
<arguments>
<arg>os_con_pid</arg>
</arguments>
<status endtime="20170707 01:55:17.679" starttime="20170707 01:55:17.679" status="PASS"></status>
</kw>
<kw name="Catenate" library="BuiltIn">
<doc>Catenates the given items together and returns the resulted string.</doc>
<arguments>
<arg>kill -9 ${os_con_pid}</arg>
</arguments>
<assign>
<var>${cmd_buf}</var>
</assign>
<msg timestamp="20170707 01:55:17.680" level="INFO">${cmd_buf} = kill -9 </msg>
<status endtime="20170707 01:55:17.680" starttime="20170707 01:55:17.679" status="PASS"></status>
</kw>
<kw name="Run Keyword If" library="BuiltIn">
<doc>Runs the given keyword with the given arguments, if ``condition`` is true.</doc>
<arguments>
<arg>'${os_con_pid}' != '${EMPTY}'</arg>
<arg>Rdpissuing</arg>
<arg>${cmd_buf}</arg>
</arguments>
<status endtime="20170707 01:55:17.681" starttime="20170707 01:55:17.680" status="PASS"></status>
</kw>
<kw name="Run Keyword If" library="BuiltIn">
<doc>Runs the given keyword with the given arguments, if ``condition`` is true.</doc>
<arguments>
<arg>'${os_con_pid}' != '${EMPTY}'</arg>
<arg>Run And Return Rc And Output</arg>
<arg>${cmd_buf}</arg>
</arguments>
<assign>
<var>${rc}</var>
<var>${output}</var>
</assign>
<msg timestamp="20170707 01:55:17.681" level="INFO">${rc} = None</msg>
<msg timestamp="20170707 01:55:17.681" level="INFO">${output} = None</msg>
<status endtime="20170707 01:55:17.681" starttime="20170707 01:55:17.681" status="PASS"></status>
</kw>
<kw name="Run Keyword If" library="BuiltIn">
<doc>Runs the given keyword with the given arguments, if ``condition`` is true.</doc>
<arguments>
<arg>'${os_con_pid}' != '${EMPTY}'</arg>
<arg>Rdpvars</arg>
<arg>rc</arg>
<arg>output</arg>
</arguments>
<status endtime="20170707 01:55:17.682" starttime="20170707 01:55:17.682" status="PASS"></status>
</kw>
<kw name="Run Keyword If" library="BuiltIn">
<doc>Runs the given keyword with the given arguments, if ``condition`` is true.</doc>
<arguments>
<arg>'${targ_file_path}' != '${EMPTY}'</arg>
<arg>Run Keyword And Ignore Error</arg>
<arg>Copy File</arg>
<arg>${log_file_path}</arg>
<arg>${targ_file_path}</arg>
</arguments>
<kw name="Run Keyword And Ignore Error" library="BuiltIn">
<doc>Runs the given keyword with the given arguments and ignores possible error.</doc>
<arguments>
<arg>Copy File</arg>
<arg>${log_file_path}</arg>
<arg>${targ_file_path}</arg>
</arguments>
<kw name="Copy File" library="OperatingSystem">
<doc>Copies the source file into the destination.</doc>
<arguments>
<arg>${log_file_path}</arg>
<arg>${targ_file_path}</arg>
</arguments>
<msg timestamp="20170707 01:55:17.684" level="FAIL">Source file '/tmp/9.3.21.61_os_console' does not exist.</msg>
<status endtime="20170707 01:55:17.684" starttime="20170707 01:55:17.683" status="FAIL"></status>
</kw>
<status endtime="20170707 01:55:17.684" starttime="20170707 01:55:17.683" status="PASS"></status>
</kw>
<status endtime="20170707 01:55:17.685" starttime="20170707 01:55:17.682" status="PASS"></status>
</kw>
<kw name="Set Variable" library="BuiltIn">
<doc>Returns the given values which can then be assigned to a variables.</doc>
<arguments>
<arg>${EMPTY}</arg>
</arguments>
<assign>
<var>${output}</var>
</assign>
<msg timestamp="20170707 01:55:17.685" level="INFO">${output} = </msg>
<status endtime="20170707 01:55:17.685" starttime="20170707 01:55:17.685" status="PASS"></status>
</kw>
<kw name="Evaluate" library="BuiltIn">
<doc>Evaluates the given expression in Python and returns the results.</doc>
<arguments>
<arg>${debug}^1</arg>
</arguments>
<assign>
<var>${loc_quiet}</var>
</assign>
<msg timestamp="20170707 01:55:17.686" level="INFO">${loc_quiet} = 1</msg>
<status endtime="20170707 01:55:17.686" starttime="20170707 01:55:17.685" status="PASS"></status>
</kw>
<kw name="Run Keyword If" library="BuiltIn">
<doc>Runs the given keyword with the given arguments, if ``condition`` is true.</doc>
<arguments>
<arg>'${return_data}' == '${1}'</arg>
<arg>Cmd Fnc</arg>
<arg>cat ${log_file_path}</arg>
<arg>quiet=${loc_quiet}</arg>
<arg>print_output=${0}</arg>
</arguments>
<assign>
<var>${rc}</var>
<var>${output}</var>
</assign>
<kw name="Cmd Fnc" library="gen_cmd">
<doc>Run the given command in a shell and return the shell return code.</doc>
<arguments>
<arg>cat ${log_file_path}</arg>
<arg>quiet=${loc_quiet}</arg>
<arg>print_output=${0}</arg>
</arguments>
<status endtime="20170707 01:55:18.122" starttime="20170707 01:55:17.687" status="PASS"></status>
</kw>
<msg timestamp="20170707 01:55:18.122" level="INFO">${rc} = 1</msg>
<msg timestamp="20170707 01:55:18.122" level="INFO">${output} = cat: /tmp/9.3.21.61_os_console: No such file or directory
</msg>
<status endtime="20170707 01:55:18.122" starttime="20170707 01:55:17.686" status="PASS"></status>
</kw>
<msg timestamp="20170707 01:55:18.123" level="INFO">${log_output} = cat: /tmp/9.3.21.61_os_console: No such file or directory
</msg>
<status endtime="20170707 01:55:18.123" starttime="20170707 01:55:17.631" status="PASS"></status>
</kw>
<kw name="Create File" library="OperatingSystem">
<doc>Creates a file with the given content and encoding.</doc>
<arguments>
<arg>${log_file_path}</arg>
</arguments>
<msg html="yes" timestamp="20170707 01:55:18.125" level="INFO">Created file '&lt;a href="file:///tmp/9.3.21.61_os_console"&gt;/tmp/9.3.21.61_os_console&lt;/a&gt;'.</msg>
<status endtime="20170707 01:55:18.125" starttime="20170707 01:55:18.124" status="PASS"></status>
</kw>
<kw name="Create OS Console Command String" library="utils">
<doc>Return a command string to start OS console logging.</doc>
<assign>
<var>${sub_cmd_buf}</var>
</assign>
<kw name="Catenate" library="BuiltIn">
<doc>Catenates the given items together and returns the resulted string.</doc>
<arguments>
<arg>which ssh_pw 2&gt;&amp;1</arg>
</arguments>
<assign>
<var>${cmd_buf}</var>
</assign>
<msg timestamp="20170707 01:55:18.126" level="INFO">${cmd_buf} = which ssh_pw 2&gt;&amp;1</msg>
<status endtime="20170707 01:55:18.126" starttime="20170707 01:55:18.126" status="PASS"></status>
</kw>
<kw name="Rdpissuing" library="gen_robot_print">
<arguments>
<arg>${cmd_buf}</arg>
</arguments>
<status endtime="20170707 01:55:18.127" starttime="20170707 01:55:18.126" status="PASS"></status>
</kw>
<kw name="Run And Return Rc And Output" library="OperatingSystem">
<doc>Runs the given command in the system and returns the RC and output.</doc>
<arguments>
<arg>${cmd_buf}</arg>
</arguments>
<assign>
<var>${rc}</var>
<var>${output}</var>
</assign>
<msg timestamp="20170707 01:55:18.131" level="INFO">Running command 'which ssh_pw 2&gt;&amp;1'.</msg>
<msg timestamp="20170707 01:55:18.134" level="INFO">${rc} = 0</msg>
<msg timestamp="20170707 01:55:18.135" level="INFO">${output} = /tmp/fspcibld/21959/obmc-robot/.tox/witherspoon/bin/ssh_pw</msg>
<status endtime="20170707 01:55:18.135" starttime="20170707 01:55:18.127" status="PASS"></status>
</kw>
<kw name="Rdpvars" library="gen_robot_print">
<arguments>
<arg>rc</arg>
<arg>output</arg>
</arguments>
<status endtime="20170707 01:55:18.137" starttime="20170707 01:55:18.137" status="PASS"></status>
</kw>
<kw name="Should Be Equal" library="BuiltIn">
<doc>Fails if the given objects are unequal.</doc>
<arguments>
<arg>${rc}</arg>
<arg>${0}</arg>
<arg>msg=${output}\n</arg>
</arguments>
<status endtime="20170707 01:55:18.138" starttime="20170707 01:55:18.138" status="PASS"></status>
</kw>
<kw name="Catenate" library="BuiltIn">
<doc>Catenates the given items together and returns the resulted string.</doc>
<arguments>
<arg>ssh_pw ${OPENBMC_PASSWORD} -p 2200</arg>
<arg>-o "StrictHostKeyChecking no" ${OPENBMC_USERNAME}@${OPENBMC_HOST}</arg>
</arguments>
<assign>
<var>${cmd_buf}</var>
</assign>
<msg timestamp="20170707 01:55:18.139" level="INFO">${cmd_buf} = ssh_pw 0penBmc -p 2200 -o "StrictHostKeyChecking no" root@9.3.21.61</msg>
<status endtime="20170707 01:55:18.139" starttime="20170707 01:55:18.139" status="PASS"></status>
</kw>
<msg timestamp="20170707 01:55:18.139" level="INFO">${sub_cmd_buf} = ssh_pw 0penBmc -p 2200 -o "StrictHostKeyChecking no" root@9.3.21.61</msg>
<status endtime="20170707 01:55:18.139" starttime="20170707 01:55:18.125" status="PASS"></status>
</kw>
<kw name="Catenate" library="BuiltIn">
<doc>Catenates the given items together and returns the resulted string.</doc>
<arguments>
<arg>${sub_cmd_buf} &gt; ${log_file_path} 2&gt;&amp;1 &amp;</arg>
</arguments>
<assign>
<var>${cmd_buf}</var>
</assign>
<msg timestamp="20170707 01:55:18.140" level="INFO">${cmd_buf} = ssh_pw 0penBmc -p 2200 -o "StrictHostKeyChecking no" root@9.3.21.61 &gt; /tmp/9.3.21.61_os_console 2&gt;&amp;1 &amp;</msg>
<status endtime="20170707 01:55:18.140" starttime="20170707 01:55:18.140" status="PASS"></status>
</kw>
<kw name="Rdpissuing" library="gen_robot_print">
<arguments>
<arg>${cmd_buf}</arg>
</arguments>
<status endtime="20170707 01:55:18.141" starttime="20170707 01:55:18.140" status="PASS"></status>
</kw>
<kw name="Run And Return Rc And Output" library="OperatingSystem">
<doc>Runs the given command in the system and returns the RC and output.</doc>
<arguments>
<arg>${cmd_buf}</arg>
</arguments>
<assign>
<var>${rc}</var>
<var>${output}</var>
</assign>
<msg timestamp="20170707 01:55:18.144" level="INFO">Running command 'ssh_pw 0penBmc -p 2200 -o "StrictHostKeyChecking no" root@9.3.21.61 &gt; /tmp/9.3.21.61_os_console 2&gt;&amp;1 &amp;'.</msg>
<msg timestamp="20170707 01:55:18.512" level="INFO">${rc} = 0</msg>
<msg timestamp="20170707 01:55:18.513" level="INFO">${output} = </msg>
<status endtime="20170707 01:55:18.514" starttime="20170707 01:55:18.141" status="PASS"></status>
</kw>
<kw name="Should Be Equal" library="BuiltIn">
<doc>Fails if the given objects are unequal.</doc>
<arguments>
<arg>${rc}</arg>
<arg>${0}</arg>
</arguments>
<status endtime="20170707 01:55:18.525" starttime="20170707 01:55:18.523" status="PASS"></status>
</kw>
<status endtime="20170707 01:55:18.527" starttime="20170707 01:55:17.629" status="PASS"></status>
</kw>
<kw name="Repeat Keyword" library="BuiltIn">
<doc>Executes the specified keyword multiple times.</doc>
<arguments>
<arg>${LOOP_COUNT} times</arg>
<arg>Host Off And On</arg>
</arguments>
<msg timestamp="20170707 01:55:18.528" level="INFO">Repeating keyword, round 1/2.</msg>
<kw name="Host Off And On">
<doc>Verify power off and on.</doc>
<kw name="Initiate Host PowerOff" library="state_manager">
<doc>Initiate host power off.</doc>
<kw name="Create Dictionary" library="BuiltIn">
<doc>Creates and returns a dictionary based on the given ``items``.</doc>
<arguments>
<arg>data=${HOST_POWEROFF_TRANS}</arg>
</arguments>
<assign>
<var>${args}</var>
</assign>
<msg timestamp="20170707 01:55:18.531" level="INFO">${args} = {u'data': 'xyz.openbmc_project.State.Host.Transition.Off'}</msg>
<status endtime="20170707 01:55:18.532" starttime="20170707 01:55:18.530" status="PASS"></status>
</kw>
<kw name="Write Attribute" library="rest_client">
<arguments>
<arg>${HOST_STATE_URI}</arg>
[...]
<doc>Returns variable value or ``default`` if the variable does not exist.</doc>
<arguments>
<arg>${FFDC_DIR_PATH}</arg>
<arg>${EMPTY}</arg>
</arguments>
<assign>
<var>${FFDC_DIR_PATH}</var>
</assign>
<msg timestamp="20170707 01:58:43.993" level="INFO">${FFDC_DIR_PATH} = /tmp/fspcibld/21959/obmc-robot/logs/20170707015825667647_TestsTestBasicPoweron/20170707015825667647_PowerOnTest/</msg>
<status endtime="20170707 01:58:43.993" starttime="20170707 01:58:43.993" status="PASS"></status>
</kw>
<kw name="Run Keyword If" library="BuiltIn">
<doc>Runs the given keyword with the given arguments, if ``condition`` is true.</doc>
<arguments>
<arg>'${FFDC_DIR_PATH}' == '${EMPTY}'</arg>
<arg>Set FFDC Defaults</arg>
</arguments>
<status endtime="20170707 01:58:43.994" starttime="20170707 01:58:43.993" status="PASS"></status>
</kw>
<kw name="Run Keyword If" library="BuiltIn">
<doc>Runs the given keyword with the given arguments, if ``condition`` is true.</doc>
<arguments>
<arg>'${FFDC_DIR_PATH_STYLE}' == '${1}'</arg>
<arg>Run Keywords</arg>
<arg>Set Global Variable</arg>
<arg>${FFDC_LOG_PATH}</arg>
<arg>${FFDC_DIR_PATH}</arg>
<arg>AND</arg>
<arg>Set Global Variable</arg>
<arg>${TEST_HISTORY}</arg>
<arg>${FFDC_DIR_PATH}test_history.txt</arg>
</arguments>
<status endtime="20170707 01:58:43.994" starttime="20170707 01:58:43.994" status="PASS"></status>
</kw>
<kw name="Create Directory" library="OperatingSystem">
<doc>Creates the specified directory.</doc>
<arguments>
<arg>${FFDC_LOG_PATH}</arg>
</arguments>
<msg html="yes" timestamp="20170707 01:58:43.995" level="INFO">Directory '&lt;a href="file:///tmp/fspcibld/21959/obmc-robot/logs"&gt;/tmp/fspcibld/21959/obmc-robot/logs&lt;/a&gt;' already exists.</msg>
<status endtime="20170707 01:58:43.995" starttime="20170707 01:58:43.995" status="PASS"></status>
</kw>
<kw name="Run Keyword And Return Status" library="BuiltIn">
<doc>Runs the given keyword with given arguments and returns the status as a Boolean value.</doc>
<arguments>
<arg>OperatingSystem.File Should Exist</arg>
<arg>${TEST_HISTORY}</arg>
</arguments>
<assign>
<var>${exist}</var>
</assign>
<kw name="File Should Exist" library="OperatingSystem">
<doc>Fails unless the given ``path`` points to an existing file.</doc>
<arguments>
<arg>${TEST_HISTORY}</arg>
</arguments>
<msg html="yes" timestamp="20170707 01:58:43.996" level="INFO">File '&lt;a href="file:///tmp/fspcibld/21959/obmc-robot/logs/test_history.txt"&gt;/tmp/fspcibld/21959/obmc-robot/logs/test_history.txt&lt;/a&gt;' exists.</msg>
<status endtime="20170707 01:58:43.996" starttime="20170707 01:58:43.996" status="PASS"></status>
</kw>
<msg timestamp="20170707 01:58:43.996" level="INFO">${exist} = True</msg>
<status endtime="20170707 01:58:43.996" starttime="20170707 01:58:43.995" status="PASS"></status>
</kw>
<kw name="Run Keyword If" library="BuiltIn">
<doc>Runs the given keyword with the given arguments, if ``condition`` is true.</doc>
<arguments>
<arg>'${exist}' == '${False}'</arg>
<arg>Create File</arg>
<arg>${TEST_HISTORY}</arg>
</arguments>
<status endtime="20170707 01:58:43.997" starttime="20170707 01:58:43.996" status="PASS"></status>
</kw>
<kw name="Rpvars" library="gen_robot_print">
<arguments>
<arg>TEST_HISTORY</arg>
</arguments>
<status endtime="20170707 01:58:43.997" starttime="20170707 01:58:43.997" status="PASS"></status>
</kw>
<kw name="Get Current Time Stamp" library="openbmc_ffdc_utils">
<doc>Get the current time stamp data</doc>
<assign>
<var>${cur_time}</var>
</assign>
<kw name="Get Current Date" library="DateTime">
<doc>Returns current local or UTC time with an optional increment.</doc>
<arguments>
<arg>result_format=%Y-%m-%d %H:%M:%S:%f</arg>
</arguments>
<assign>
<var>${cur_time}</var>
</assign>
<msg timestamp="20170707 01:58:43.999" level="INFO">${cur_time} = 2017-07-07 01:58:43:998407</msg>
<status endtime="20170707 01:58:43.999" starttime="20170707 01:58:43.998" status="PASS"></status>
</kw>
<kw name="Get Strip String" library="openbmc_ffdc_list">
<doc>########################################################################</doc>
<arguments>
<arg>${cur_time}</arg>
</arguments>
<assign>
<var>${cur_time}</var>
</assign>
<msg timestamp="20170707 01:58:43.999" level="INFO">${cur_time} = 20170707015843998407</msg>
<status endtime="20170707 01:58:43.999" starttime="20170707 01:58:43.999" status="PASS"></status>
</kw>
<msg timestamp="20170707 01:58:43.999" level="INFO">${cur_time} = 20170707015843998407</msg>
<status endtime="20170707 01:58:43.999" starttime="20170707 01:58:43.998" status="PASS"></status>
</kw>
<kw name="Append To File" library="OperatingSystem">
<doc>Appends the given content to the specified file.</doc>
<arguments>
<arg>${TEST_HISTORY}</arg>
<arg>${cur_time}:${SUITE_NAME}:${TEST_NAME}:${TEST_STATUS}${\n}</arg>
</arguments>
<msg html="yes" timestamp="20170707 01:58:44.000" level="INFO">Appended to file '&lt;a href="file:///tmp/fspcibld/21959/obmc-robot/logs/test_history.txt"&gt;/tmp/fspcibld/21959/obmc-robot/logs/test_history.txt&lt;/a&gt;'.</msg>
<status endtime="20170707 01:58:44.001" starttime="20170707 01:58:44.000" status="PASS"></status>
</kw>
<status endtime="20170707 01:58:44.001" starttime="20170707 01:58:43.983" status="PASS"></status>
</kw>
<status endtime="20170707 01:58:44.001" starttime="20170707 01:58:22.297" status="PASS"></status>
</kw>
<kw name="Stop SOL Console Logging" library="utils">
<doc>Stop system console logging and return log output.</doc>
<assign>
<var>${sol_log}</var>
</assign>
<kw name="Create OS Console File Path" library="utils">
<doc>Create OS console file path name and return it.</doc>
<arguments>
<arg>${log_file_path}</arg>
</arguments>
<assign>
<var>${log_file_path}</var>
</assign>
<kw name="Catenate" library="BuiltIn">
<doc>Catenates the given items together and returns the resulted string.</doc>
<arguments>
<arg>/tmp/${OPENBMC_HOST}_os_console</arg>
</arguments>
<assign>
<var>${default_file_path}</var>
</assign>
<msg timestamp="20170707 01:58:44.002" level="INFO">${default_file_path} = /tmp/9.3.21.61_os_console</msg>
<status endtime="20170707 01:58:44.002" starttime="20170707 01:58:44.002" status="PASS"></status>
</kw>
<kw name="Set Variable If" library="BuiltIn">
<doc>Sets variable based on the given condition.</doc>
<arguments>
<arg>'${log_file_path}' == '${EMPTY}'</arg>
<arg>${default_file_path}</arg>
<arg>${log_file_path}</arg>
</arguments>
<assign>
<var>${log_file_path}</var>
</assign>
<msg timestamp="20170707 01:58:44.003" level="INFO">${log_file_path} = /tmp/9.3.21.61_os_console</msg>
<status endtime="20170707 01:58:44.003" starttime="20170707 01:58:44.003" status="PASS"></status>
</kw>
<msg timestamp="20170707 01:58:44.004" level="INFO">${log_file_path} = /tmp/9.3.21.61_os_console</msg>
<status endtime="20170707 01:58:44.004" starttime="20170707 01:58:44.002" status="PASS"></status>
</kw>
<kw name="Create OS Console Command String" library="utils">
<doc>Return a command string to start OS console logging.</doc>
<assign>
<var>${search_string}</var>
</assign>
<kw name="Catenate" library="BuiltIn">
<doc>Catenates the given items together and returns the resulted string.</doc>
<arguments>
<arg>which ssh_pw 2&gt;&amp;1</arg>
</arguments>
<assign>
<var>${cmd_buf}</var>
</assign>
<msg timestamp="20170707 01:58:44.005" level="INFO">${cmd_buf} = which ssh_pw 2&gt;&amp;1</msg>
<status endtime="20170707 01:58:44.005" starttime="20170707 01:58:44.004" status="PASS"></status>
</kw>
<kw name="Rdpissuing" library="gen_robot_print">
<arguments>
<arg>${cmd_buf}</arg>
</arguments>
<status endtime="20170707 01:58:44.005" starttime="20170707 01:58:44.005" status="PASS"></status>
</kw>
<kw name="Run And Return Rc And Output" library="OperatingSystem">
<doc>Runs the given command in the system and returns the RC and output.</doc>
<arguments>
<arg>${cmd_buf}</arg>
</arguments>
<assign>
<var>${rc}</var>
<var>${output}</var>
</assign>
<msg timestamp="20170707 01:58:44.012" level="INFO">Running command 'which ssh_pw 2&gt;&amp;1'.</msg>
<msg timestamp="20170707 01:58:44.016" level="INFO">${rc} = 0</msg>
<msg timestamp="20170707 01:58:44.016" level="INFO">${output} = /tmp/fspcibld/21959/obmc-robot/.tox/witherspoon/bin/ssh_pw</msg>
<status endtime="20170707 01:58:44.016" starttime="20170707 01:58:44.005" status="PASS"></status>
</kw>
<kw name="Rdpvars" library="gen_robot_print">
<arguments>
<arg>rc</arg>
<arg>output</arg>
</arguments>
<status endtime="20170707 01:58:44.019" starttime="20170707 01:58:44.018" status="PASS"></status>
</kw>
<kw name="Should Be Equal" library="BuiltIn">
<doc>Fails if the given objects are unequal.</doc>
<arguments>
<arg>${rc}</arg>
<arg>${0}</arg>
<arg>msg=${output}\n</arg>
</arguments>
<status endtime="20170707 01:58:44.020" starttime="20170707 01:58:44.019" status="PASS"></status>
</kw>
<kw name="Catenate" library="BuiltIn">
<doc>Catenates the given items together and returns the resulted string.</doc>
<arguments>
<arg>ssh_pw ${OPENBMC_PASSWORD} -p 2200</arg>
<arg>-o "StrictHostKeyChecking no" ${OPENBMC_USERNAME}@${OPENBMC_HOST}</arg>
</arguments>
<assign>
<var>${cmd_buf}</var>
</assign>
<msg timestamp="20170707 01:58:44.021" level="INFO">${cmd_buf} = ssh_pw 0penBmc -p 2200 -o "StrictHostKeyChecking no" root@9.3.21.61</msg>
<status endtime="20170707 01:58:44.021" starttime="20170707 01:58:44.021" status="PASS"></status>
</kw>
<msg timestamp="20170707 01:58:44.022" level="INFO">${search_string} = ssh_pw 0penBmc -p 2200 -o "StrictHostKeyChecking no" root@9.3.21.61</msg>
<status endtime="20170707 01:58:44.022" starttime="20170707 01:58:44.004" status="PASS"></status>
</kw>
<kw name="Catenate" library="BuiltIn">
<doc>Catenates the given items together and returns the resulted string.</doc>
<arguments>
<arg>echo $(ps -ef | egrep '${search_string}'</arg>
<arg>| egrep -v grep | cut -c10-14)</arg>
</arguments>
<assign>
<var>${cmd_buf}</var>
</assign>
<msg timestamp="20170707 01:58:44.023" level="INFO">${cmd_buf} = echo $(ps -ef | egrep 'ssh_pw 0penBmc -p 2200 -o "StrictHostKeyChecking no" root@9.3.21.61' | egrep -v grep | cut -c10-14)</msg>
<status endtime="20170707 01:58:44.023" starttime="20170707 01:58:44.022" status="PASS"></status>
</kw>
<kw name="Rdpissuing" library="gen_robot_print">
<arguments>
<arg>${cmd_buf}</arg>
</arguments>
<status endtime="20170707 01:58:44.024" starttime="20170707 01:58:44.023" status="PASS"></status>
</kw>
<kw name="Run And Return Rc And Output" library="OperatingSystem">
<doc>Runs the given command in the system and returns the RC and output.</doc>
<arguments>
<arg>${cmd_buf}</arg>
</arguments>
<assign>
<var>${rc}</var>
<var>${os_con_pid}</var>
</assign>
<msg timestamp="20170707 01:58:44.029" level="INFO">Running command 'echo $(ps -ef | egrep 'ssh_pw 0penBmc -p 2200 -o "StrictHostKeyChecking no" root@9.3.21.61' | egrep -v grep | cut -c10-14) 2&gt;&amp;1'.</msg>
<msg timestamp="20170707 01:58:44.043" level="INFO">${rc} = 0</msg>
<msg timestamp="20170707 01:58:44.043" level="INFO">${os_con_pid} = </msg>
<status endtime="20170707 01:58:44.043" starttime="20170707 01:58:44.024" status="PASS"></status>
</kw>
<kw name="Rdpvars" library="gen_robot_print">
<arguments>
<arg>os_con_pid</arg>
</arguments>
<status endtime="20170707 01:58:44.046" starttime="20170707 01:58:44.045" status="PASS"></status>
</kw>
<kw name="Catenate" library="BuiltIn">
<doc>Catenates the given items together and returns the resulted string.</doc>
<arguments>
<arg>kill -9 ${os_con_pid}</arg>
</arguments>
<assign>
<var>${cmd_buf}</var>
</assign>
<msg timestamp="20170707 01:58:44.047" level="INFO">${cmd_buf} = kill -9 </msg>
<status endtime="20170707 01:58:44.047" starttime="20170707 01:58:44.046" status="PASS"></status>
</kw>
<kw name="Run Keyword If" library="BuiltIn">
<doc>Runs the given keyword with the given arguments, if ``condition`` is true.</doc>
<arguments>
<arg>'${os_con_pid}' != '${EMPTY}'</arg>
<arg>Rdpissuing</arg>
<arg>${cmd_buf}</arg>
</arguments>
<status endtime="20170707 01:58:44.050" starttime="20170707 01:58:44.048" status="PASS"></status>
</kw>
<kw name="Run Keyword If" library="BuiltIn">
<doc>Runs the given keyword with the given arguments, if ``condition`` is true.</doc>
<arguments>
<arg>'${os_con_pid}' != '${EMPTY}'</arg>
<arg>Run And Return Rc And Output</arg>
<arg>${cmd_buf}</arg>
</arguments>
<assign>
<var>${rc}</var>
<var>${output}</var>
</assign>
<msg timestamp="20170707 01:58:44.050" level="INFO">${rc} = None</msg>
<msg timestamp="20170707 01:58:44.051" level="INFO">${output} = None</msg>
<status endtime="20170707 01:58:44.051" starttime="20170707 01:58:44.050" status="PASS"></status>
</kw>
<kw name="Run Keyword If" library="BuiltIn">
<doc>Runs the given keyword with the given arguments, if ``condition`` is true.</doc>
<arguments>
<arg>'${os_con_pid}' != '${EMPTY}'</arg>
<arg>Rdpvars</arg>
<arg>rc</arg>
<arg>output</arg>
</arguments>
<status endtime="20170707 01:58:44.051" starttime="20170707 01:58:44.051" status="PASS"></status>
</kw>
<kw name="Run Keyword If" library="BuiltIn">
<doc>Runs the given keyword with the given arguments, if ``condition`` is true.</doc>
<arguments>
<arg>'${targ_file_path}' != '${EMPTY}'</arg>
<arg>Run Keyword And Ignore Error</arg>
<arg>Copy File</arg>
<arg>${log_file_path}</arg>
<arg>${targ_file_path}</arg>
</arguments>
<kw name="Run Keyword And Ignore Error" library="BuiltIn">
<doc>Runs the given keyword with the given arguments and ignores possible error.</doc>
<arguments>
<arg>Copy File</arg>
<arg>${log_file_path}</arg>
<arg>${targ_file_path}</arg>
</arguments>
<kw name="Copy File" library="OperatingSystem">
<doc>Copies the source file into the destination.</doc>
<arguments>
<arg>${log_file_path}</arg>
<arg>${targ_file_path}</arg>
</arguments>
<msg html="yes" timestamp="20170707 01:58:44.056" level="INFO">Copied file from '&lt;a href="file:///tmp/9.3.21.61_os_console"&gt;/tmp/9.3.21.61_os_console&lt;/a&gt;' to '&lt;a href="file:///tmp/fspcibld/21959/obmc-robot/logs/9.3.21.61_os_console"&gt;/tmp/fspcibld/21959/obmc-robot/logs/9.3.21.61_os_console&lt;/a&gt;'.</msg>
<status endtime="20170707 01:58:44.056" starttime="20170707 01:58:44.053" status="PASS"></status>
</kw>
<status endtime="20170707 01:58:44.056" starttime="20170707 01:58:44.052" status="PASS"></status>
</kw>
<status endtime="20170707 01:58:44.056" starttime="20170707 01:58:44.052" status="PASS"></status>
</kw>
<kw name="Set Variable" library="BuiltIn">
<doc>Returns the given values which can then be assigned to a variables.</doc>
<arguments>
<arg>${EMPTY}</arg>
</arguments>
<assign>
<var>${output}</var>
</assign>
<msg timestamp="20170707 01:58:44.056" level="INFO">${output} = </msg>
<status endtime="20170707 01:58:44.056" starttime="20170707 01:58:44.056" status="PASS"></status>
</kw>
<kw name="Evaluate" library="BuiltIn">
<doc>Evaluates the given expression in Python and returns the results.</doc>
<arguments>
<arg>${debug}^1</arg>
</arguments>
<assign>
<var>${loc_quiet}</var>
</assign>
<msg timestamp="20170707 01:58:44.057" level="INFO">${loc_quiet} = 1</msg>
<status endtime="20170707 01:58:44.057" starttime="20170707 01:58:44.057" status="PASS"></status>
</kw>
<kw name="Run Keyword If" library="BuiltIn">
<doc>Runs the given keyword with the given arguments, if ``condition`` is true.</doc>
<arguments>
<arg>'${return_data}' == '${1}'</arg>
<arg>Cmd Fnc</arg>
<arg>cat ${log_file_path}</arg>
<arg>quiet=${loc_quiet}</arg>
<arg>print_output=${0}</arg>
</arguments>
<assign>
<var>${rc}</var>
<var>${output}</var>
</assign>
<kw name="Cmd Fnc" library="gen_cmd">
<doc>Run the given command in a shell and return the shell return code.</doc>
<arguments>
<arg>cat ${log_file_path}</arg>
<arg>quiet=${loc_quiet}</arg>
<arg>print_output=${0}</arg>
</arguments>
<status endtime="20170707 01:58:44.117" starttime="20170707 01:58:44.058" status="PASS"></status>
</kw>
<msg timestamp="20170707 01:58:44.125" level="INFO">${rc} = 0</msg>
<msg timestamp="20170707 01:58:44.126" level="INFO">${output} = spawn ssh -p 2200 -o StrictHostKeyChecking no root@9.3.21.61
Warning: Permanently added '[9.3.21.61]:2200' (RSA) to the list of known hosts.
root@9.3.21.61's password: 
[24;10HUbuntu          [2...</msg>
<status endtime="20170707 01:58:44.126" starttime="20170707 01:58:44.057" status="PASS"></status>
</kw>
<msg timestamp="20170707 01:58:44.127" level="INFO">${sol_log} = spawn ssh -p 2200 -o StrictHostKeyChecking no root@9.3.21.61
Warning: Permanently added '[9.3.21.61]:2200' (RSA) to the list of known hosts.
root@9.3.21.61's password: 
[24;10HUbuntu          [2...</msg>
<status endtime="20170707 01:58:44.128" starttime="20170707 01:58:44.001" status="PASS"></status>
</kw>
<kw name="Log" library="BuiltIn">
<doc>Logs the given message with the given level.</doc>
<arguments>
<arg>${sol_log}</arg>
</arguments>
<msg timestamp="20170707 01:58:44.130" level="INFO">spawn ssh -p 2200 -o StrictHostKeyChecking no root@9.3.21.61
Warning: Permanently added '[9.3.21.61]:2200' (RSA) to the list of known hosts.
root@9.3.21.61's password: 
[24;10HUbuntu          [24;16H Loaded kernel image from file:///var/petitboot/mnt/dev/sda2/boot/vmlinux-4.10.[?7l0[?7h[24;9Hinitrd from file:///var/petitboot/mnt/dev/sda2/boot/initrd.img-4.10.0-2[?7l6[?7h Running boot hooks[K Performing kexec loadreboot[   47.108435536,5] IPMI: Soft shutdown requested
The system is going down NOW!
Sent SIGTERM to all processes
Sent SIGKILL to all processes
[   32.108511] kexec_core: Starting new kernel
[   51.007062608,5] OPAL: Switch to big-endian OS
[   51.086521648,5] OPAL: Switch to little-endian OS
 -&gt; smp_release_cpus()
spinning_secondaries = 15
 &lt;- smp_release_cpus()
[    1.659013] Unable to open file: /etc/keys/x509_ima.der (-2)
[    1.659019] Unable to open file: /etc/keys/x509_evm.der (-2)
[40m[2J[-1;-1f[?25l[-1;-1f[40m[37mUbuntu 17.04[-1;-1f[37m.  [37m.  [37m.  [37m.[-1;-1f[40m[37mUbuntu 17.04[-1;-1f[33m.  [37m.  [37m.  [37m.[-1;-1f[40m[37mUbuntu 17.04[-1;-1f[33m.  [33m.  [37m.  [37m.[-1;-1f[40m[37mUbuntu 17.04[-1;-1f[33m.  [33m.  [33m.  [37m.[-1;-1f[40m[37mUbuntu 17.04[-1;-1f[33m.  [33m.  [33m.  [33m.[-1;-1f[40m[37mUbuntu 17.04[-1;-1f[37m.  [33m.  [33m.  [33m.[-1;-1f[40m[37mUbuntu 17.04[-1;-1f[37m.  [37m.  [33m.  [33m.[-1;-1f[40m[37mUbuntu 17.04[-1;-1f[37m.  [37m.  [37m.  [33m.[-1;-1f[40m[37mUbuntu 17.04[-1;-1f[37m.  [37m.  [37m.  [37m.[-1;-1f[40m[37mUbuntu 17.04[-1;-1f[33m.  [37m.  [37m.  [37m.[-1;-1f[40m[37mUbuntu 17.04[-1;-1f[33m.  [33m.  [37m.  [37m.[-1;-1f[40m[37mUbuntu 17.04[-1;-1f[33m.  [33m.  [33m.  [37m.[49m[2J[-1;-1f[?25h
Ubuntu 17.04 ws017p1 hvc0

ws017p1 login: </msg>
<status endtime="20170707 01:58:44.130" starttime="20170707 01:58:44.129" status="PASS"></status>
</kw>
<status endtime="20170707 01:58:44.130" starttime="20170707 01:58:22.297" status="PASS"></status>
</kw>
<doc>Power off and on.</doc>
<tags>
<tag>chassisboot</tag>
<tag>Power_On_Test</tag>
</tags>
<status endtime="20170707 01:58:44.130" starttime="20170707 01:55:17.628" critical="yes" status="FAIL">Keyword 'Is Host Off' failed after retrying for 3 minutes. The last error was: Off != Running</status>
</test>
<doc>Test power on for HW CI.</doc>
<status endtime="20170707 01:58:44.132" starttime="20170707 01:55:17.595" status="FAIL"></status>
</suite>
<doc>Set metadata for test suite.</doc>
<status endtime="20170707 01:58:44.136" starttime="20170707 01:55:10.708" status="FAIL"></status>
</suite>
<statistics>
<total>
<stat pass="1" fail="1">Critical Tests</stat>
<stat pass="1" fail="1">All Tests</stat>
</total>
<tag>
<stat pass="0" fail="1">chassisboot</stat>
<stat pass="0" fail="1">Power_On_Test</stat>
<stat pass="1" fail="0">Test_SSL_Connection</stat>
</tag>
<suite>
<stat pass="1" name="Tests" id="s1" fail="1">Tests</stat>
<stat pass="1" name="Security" id="s1-s1" fail="0">Tests.Security</stat>
<stat pass="1" name="Test Ssl" id="s1-s1-s1" fail="0">Tests.Security.Test Ssl</stat>
<stat pass="0" name="Test Basic Poweron" id="s1-s2" fail="1">Tests.Test Basic Poweron</stat>
</suite>
</statistics>
<errors>
</errors>
</robot>
