<?xml version="1.0" encoding="UTF-8"?>
<robot generator="Robot 3.0.2 (Python 2.7.12 on linux2)" generated="20170630 19:22:50.796">
<suite id="s1" source="/tmp/fspcibld/7388/obmc-robot/tests" name="Tests">
<kw name="System Driver Data" type="setup">
<doc>System driver information.</doc>
<kw name="Open Connection And Log In" library="connection_client">
<doc>Opens a connection with the given arguments, and logs in.</doc>
<kw name="Run Keyword And Return Status" library="BuiltIn">
<doc>Runs the given keyword with given arguments and returns the status as a Boolean value.</doc>
<arguments>
<arg>Dictionary Should Contain Key</arg>
<arg>${connection_args}</arg>
<arg>host</arg>
</arguments>
<assign>
<var>${has_host}</var>
</assign>
<kw name="Dictionary Should Contain Key" library="Collections">
<doc>Fails if ``key`` is not found from ``dictionary``.</doc>
<arguments>
<arg>${connection_args}</arg>
<arg>host</arg>
</arguments>
<msg timestamp="20170630 19:22:51.212" level="FAIL">Dictionary does not contain key 'host'.</msg>
<status status="FAIL" endtime="20170630 19:22:51.212" starttime="20170630 19:22:51.212"></status>
</kw>
<msg timestamp="20170630 19:22:51.212" level="INFO">${has_host} = False</msg>
<status status="PASS" endtime="20170630 19:22:51.213" starttime="20170630 19:22:51.212"></status>
</kw>
<kw name="Run Keyword If" library="BuiltIn">
<doc>Runs the given keyword with the given arguments, if ``condition`` is true.</doc>
<arguments>
<arg>${has_host} == ${FALSE}</arg>
<arg>Set To Dictionary</arg>
<arg>${connection_args}</arg>
<arg>host=${OPENBMC_HOST}</arg>
</arguments>
<kw name="Set To Dictionary" library="Collections">
<doc>Adds the given ``key_value_pairs`` and ``items`` to the ``dictionary``.</doc>
<arguments>
<arg>${connection_args}</arg>
<arg>host=${OPENBMC_HOST}</arg>
</arguments>
<status status="PASS" endtime="20170630 19:22:51.214" starttime="20170630 19:22:51.213"></status>
</kw>
<status status="PASS" endtime="20170630 19:22:51.214" starttime="20170630 19:22:51.213"></status>
</kw>
<kw name="Run Keyword If" library="BuiltIn">
<doc>Runs the given keyword with the given arguments, if ``condition`` is true.</doc>
<arguments>
<arg>'${SSH_PORT}' != '${EMPTY}' and '${HTTPS_PORT}' != '${EMPTY}'</arg>
<arg>User input SSH and HTTPs Ports</arg>
</arguments>
<kw name="User input SSH and HTTPs Ports" library="connection_client">
<doc>Update the global SSH and HTTPs port variable for QEMU</doc>
<kw name="Convert To Integer" library="BuiltIn">
<doc>Converts the given item to an integer number.</doc>
<arguments>
<arg>${SSH_PORT}</arg>
</arguments>
<assign>
<var>${port_num}</var>
</assign>
<msg timestamp="20170630 19:22:51.215" level="INFO">${port_num} = 22</msg>
<status status="PASS" endtime="20170630 19:22:51.215" starttime="20170630 19:22:51.215"></status>
</kw>
<kw name="Replace Variables" library="BuiltIn">
<doc>Replaces variables in the given text with their current values.</doc>
<arguments>
<arg>${port_num}</arg>
</arguments>
<assign>
<var>${SSH_PORT}</var>
</assign>
<msg timestamp="20170630 19:22:51.216" level="INFO">${SSH_PORT} = 22</msg>
<status status="PASS" endtime="20170630 19:22:51.216" starttime="20170630 19:22:51.215"></status>
</kw>
<kw name="Convert To Integer" library="BuiltIn">
<doc>Converts the given item to an integer number.</doc>
<arguments>
<arg>${HTTPS_PORT}</arg>
</arguments>
<assign>
<var>${https_num}</var>
</assign>
<msg timestamp="20170630 19:22:51.216" level="INFO">${https_num} = 443</msg>
<status status="PASS" endtime="20170630 19:22:51.216" starttime="20170630 19:22:51.216"></status>
</kw>
<kw name="Set Global Variable" library="BuiltIn">
<doc>Makes a variable available globally in all tests and suites.</doc>
<arguments>
<arg>${AUTH_URI}</arg>
<arg>https://${OPENBMC_HOST}:${https_num}</arg>
</arguments>
<msg timestamp="20170630 19:22:51.217" level="INFO">${AUTH_URI} = https://9.41.166.169:443</msg>
<status status="PASS" endtime="20170630 19:22:51.217" starttime="20170630 19:22:51.216"></status>
</kw>
<status status="PASS" endtime="20170630 19:22:51.217" starttime="20170630 19:22:51.214"></status>
</kw>
<status status="PASS" endtime="20170630 19:22:51.217" starttime="20170630 19:22:51.214"></status>
</kw>
<kw name="Run Keyword And Return Status" library="BuiltIn">
<doc>Runs the given keyword with given arguments and returns the status as a Boolean value.</doc>
<arguments>
<arg>Dictionary Should Contain Key</arg>
<arg>${connection_args}</arg>
<arg>port</arg>
</arguments>
<assign>
<var>${has_port}</var>
</assign>
<kw name="Dictionary Should Contain Key" library="Collections">
<doc>Fails if ``key`` is not found from ``dictionary``.</doc>
<arguments>
<arg>${connection_args}</arg>
<arg>port</arg>
</arguments>
<msg timestamp="20170630 19:22:51.218" level="FAIL">Dictionary does not contain key 'port'.</msg>
<status status="FAIL" endtime="20170630 19:22:51.218" starttime="20170630 19:22:51.218"></status>
</kw>
<msg timestamp="20170630 19:22:51.218" level="INFO">${has_port} = False</msg>
<status status="PASS" endtime="20170630 19:22:51.218" starttime="20170630 19:22:51.217"></status>
</kw>
<kw name="Run Keyword If" library="BuiltIn">
<doc>Runs the given keyword with the given arguments, if ``condition`` is true.</doc>
<arguments>
<arg>'${SSH_PORT}' != '${EMPTY}' and ${has_port} == ${FALSE}</arg>
<arg>Run Keywords</arg>
<arg>Set To Dictionary</arg>
<arg>${connection_args}</arg>
<arg>port=${SSH_PORT}</arg>
<arg>AND</arg>
<arg>SSHLibrary.Open connection</arg>
<arg>&amp;{connection_args}</arg>
<arg>ELSE</arg>
<arg>Run Keyword</arg>
<arg>SSHLibrary.Open connection</arg>
<arg>&amp;{connection_args}</arg>
</arguments>
<kw name="Run Keywords" library="BuiltIn">
<doc>Executes all the given keywords in a sequence.</doc>
<arguments>
<arg>Set To Dictionary</arg>
<arg>${connection_args}</arg>
<arg>port=${SSH_PORT}</arg>
<arg>AND</arg>
<arg>SSHLibrary.Open connection</arg>
<arg>&amp;{connection_args}</arg>
</arguments>
<kw name="Set To Dictionary" library="Collections">
<doc>Adds the given ``key_value_pairs`` and ``items`` to the ``dictionary``.</doc>
<arguments>
<arg>${connection_args}</arg>
<arg>port=${SSH_PORT}</arg>
</arguments>
<status status="PASS" endtime="20170630 19:22:51.220" starttime="20170630 19:22:51.220"></status>
</kw>
<kw name="Open Connection" library="SSHLibrary">
<doc>Opens a new SSH connection to the given `host` and `port`.</doc>
<arguments>
<arg>&amp;{connection_args}</arg>
</arguments>
<status status="PASS" endtime="20170630 19:22:51.221" starttime="20170630 19:22:51.220"></status>
</kw>
<status status="PASS" endtime="20170630 19:22:51.221" starttime="20170630 19:22:51.219"></status>
</kw>
<status status="PASS" endtime="20170630 19:22:51.221" starttime="20170630 19:22:51.219"></status>
</kw>
<kw name="Login" library="SSHLibrary">
<doc>Logs into the SSH server with the given `username` and `password`.</doc>
<arguments>
<arg>${username}</arg>
<arg>${password}</arg>
</arguments>
<msg timestamp="20170630 19:22:51.221" level="INFO">Logging into '9.41.166.169:22' as 'root'.</msg>
<msg timestamp="20170630 19:22:53.001" level="INFO">Read output: root@witherspoon:~#</msg>
<status status="PASS" endtime="20170630 19:22:53.001" starttime="20170630 19:22:51.221"></status>
</kw>
<status status="PASS" endtime="20170630 19:22:53.001" starttime="20170630 19:22:51.211"></status>
</kw>
<kw name="Run Keyword And Ignore Error" library="BuiltIn">
<doc>Runs the given keyword with the given arguments and ignores possible error.</doc>
<arguments>
<arg>Log BMC Driver Details</arg>
</arguments>
<kw name="Log BMC Driver Details">
<doc>Get BMC driver details and log.</doc>
<kw name="Execute Command" library="SSHLibrary">
<doc>Executes `command` on the remote machine and returns its outputs.</doc>
<arguments>
<arg>${DRIVER_CMD}</arg>
<arg>return_stderr=True</arg>
</arguments>
<assign>
<var>${output}</var>
<var>${stderr}</var>
</assign>
<msg timestamp="20170630 19:22:53.002" level="INFO">Executing command 'cat /etc/os-release | grep ^VERSION_ID='.</msg>
<msg timestamp="20170630 19:22:53.080" level="INFO">Command exited with return code 0.</msg>
<msg timestamp="20170630 19:22:53.080" level="INFO">${output} = VERSION_ID="v1.99.7-68-g256a51b"</msg>
<msg timestamp="20170630 19:22:53.080" level="INFO">${stderr} = </msg>
<status status="PASS" endtime="20170630 19:22:53.080" starttime="20170630 19:22:53.002"></status>
</kw>
<kw name="Should Be Empty" library="BuiltIn">
<doc>Verifies that the given item is empty.</doc>
<arguments>
<arg>${stderr}</arg>
</arguments>
<msg timestamp="20170630 19:22:53.081" level="INFO">Length is 0</msg>
<status status="PASS" endtime="20170630 19:22:53.081" starttime="20170630 19:22:53.081"></status>
</kw>
<kw name="Log" library="BuiltIn">
<doc>Logs the given message with the given level.</doc>
<arguments>
<arg>${output}</arg>
</arguments>
<msg timestamp="20170630 19:22:53.082" level="INFO">VERSION_ID="v1.99.7-68-g256a51b"</msg>
<status status="PASS" endtime="20170630 19:22:53.082" starttime="20170630 19:22:53.082"></status>
</kw>
<status status="PASS" endtime="20170630 19:22:53.082" starttime="20170630 19:22:53.002"></status>
</kw>
<status status="PASS" endtime="20170630 19:22:53.082" starttime="20170630 19:22:53.001"></status>
</kw>
<kw name="Run Keyword And Ignore Error" library="BuiltIn">
<doc>Runs the given keyword with the given arguments and ignores possible error.</doc>
<arguments>
<arg>Log PNOR Driver Details</arg>
</arguments>
<kw name="Log PNOR Driver Details">
<doc>Get PNOR driver details and log.</doc>
<kw name="Execute Command On BMC" library="utils">
<doc>Execute given command on BMC and return output.</doc>
<arguments>
<arg>${PNOR_CMD}</arg>
</arguments>
<assign>
<var>${pnor_details}</var>
</assign>
<kw name="Execute Command" library="SSHLibrary">
<doc>Executes `command` on the remote machine and returns its outputs.</doc>
<arguments>
<arg>${command}</arg>
<arg>return_stderr=True</arg>
</arguments>
<assign>
<var>${stdout}</var>
<var>${stderr}</var>
</assign>
<msg timestamp="20170630 19:22:53.084" level="INFO">Executing command '/usr/sbin/pflash -r /tmp/out.txt -P VERSION; cat /tmp/out.txt'.</msg>
<msg timestamp="20170630 19:22:53.222" level="INFO">Command exited with return code 0.</msg>
<msg timestamp="20170630 19:22:53.222" level="INFO">${stdout} = Reading to "/tmp/out.txt" from 0x02820000..0x02821000 !
[                                                  ] 0%[==================================================] 100%
IBM-witherspoon-ibm-OP9_v1.17...</msg>
<msg timestamp="20170630 19:22:53.222" level="INFO">${stderr} = </msg>
<status status="PASS" endtime="20170630 19:22:53.222" starttime="20170630 19:22:53.083"></status>
</kw>
<kw name="Should Be Empty" library="BuiltIn">
<doc>Verifies that the given item is empty.</doc>
<arguments>
<arg>${stderr}</arg>
</arguments>
<msg timestamp="20170630 19:22:53.222" level="INFO">Length is 0</msg>
<status status="PASS" endtime="20170630 19:22:53.223" starttime="20170630 19:22:53.222"></status>
</kw>
<msg timestamp="20170630 19:22:53.223" level="INFO">${pnor_details} = Reading to "/tmp/out.txt" from 0x02820000..0x02821000 !
[                                                  ] 0%[==================================================] 100%
IBM-witherspoon-ibm-OP9_v1.17...</msg>
<status status="PASS" endtime="20170630 19:22:53.223" starttime="20170630 19:22:53.083"></status>
</kw>
<kw name="Log" library="BuiltIn">
<doc>Logs the given message with the given level.</doc>
<arguments>
<arg>PNOR_INFO=${pnor_details}</arg>
</arguments>
<msg timestamp="20170630 19:22:53.223" level="INFO">PNOR_INFO=Reading to "/tmp/out.txt" from 0x02820000..0x02821000 !
[                                                  ] 0%[==================================================] 100%
IBM-witherspoon-ibm-OP9_v1.17_1.46
	op-build-v1.17-101-g1c57f18-dirty
	buildroot-2017.02.2-7-g23118ce
	skiboot-5.6.0-158-ga1e0a047b2a0
	hostboot-0ffbb55
	linux-4.11.6-openpower1-p57dd16e
	petitboot-v1.4.3-pfac92ff
	machine-xml-5b59a1d
	occ-1dc97a6
	hostboot-binaries-711147e
	capp-ucode-9c73e9f
	sbe-0df81aa
</msg>
<status status="PASS" endtime="20170630 19:22:53.224" starttime="20170630 19:22:53.223"></status>
</kw>
<status status="PASS" endtime="20170630 19:22:53.225" starttime="20170630 19:22:53.083"></status>
</kw>
<status status="PASS" endtime="20170630 19:22:53.225" starttime="20170630 19:22:53.083"></status>
</kw>
<kw name="Run Keyword And Ignore Error" library="BuiltIn">
<doc>Runs the given keyword with the given arguments and ignores possible error.</doc>
<arguments>
<arg>Log BMC Model</arg>
</arguments>
<kw name="Log BMC Model">
<doc>Fetch BMC Model name from system and log.</doc>
<kw name="Get BMC System Model" library="utils">
<doc>Get the BMC model from the device tree.</doc>
<assign>
<var>${bmc_model}</var>
</assign>
<kw name="Open Connection And Log In" library="connection_client">
<doc>Opens a connection with the given arguments, and logs in.</doc>
<kw name="Run Keyword And Return Status" library="BuiltIn">
<doc>Runs the given keyword with given arguments and returns the status as a Boolean value.</doc>
<arguments>
<arg>Dictionary Should Contain Key</arg>
<arg>${connection_args}</arg>
<arg>host</arg>
</arguments>
<assign>
<var>${has_host}</var>
</assign>
<kw name="Dictionary Should Contain Key" library="Collections">
<doc>Fails if ``key`` is not found from ``dictionary``.</doc>
<arguments>
<arg>${connection_args}</arg>
<arg>host</arg>
</arguments>
<msg timestamp="20170630 19:22:53.227" level="FAIL">Dictionary does not contain key 'host'.</msg>
<status status="FAIL" endtime="20170630 19:22:53.227" starttime="20170630 19:22:53.227"></status>
</kw>
<msg timestamp="20170630 19:22:53.227" level="INFO">${has_host} = False</msg>
<status status="PASS" endtime="20170630 19:22:53.227" starttime="20170630 19:22:53.226"></status>
</kw>
<kw name="Run Keyword If" library="BuiltIn">
<doc>Runs the given keyword with the given arguments, if ``condition`` is true.</doc>
<arguments>
<arg>${has_host} == ${FALSE}</arg>
<arg>Set To Dictionary</arg>
<arg>${connection_args}</arg>
<arg>host=${OPENBMC_HOST}</arg>
</arguments>
<kw name="Set To Dictionary" library="Collections">
<doc>Adds the given ``key_value_pairs`` and ``items`` to the ``dictionary``.</doc>
<arguments>
<arg>${connection_args}</arg>
<arg>host=${OPENBMC_HOST}</arg>
</arguments>
<status status="PASS" endtime="20170630 19:22:53.228" starttime="20170630 19:22:53.228"></status>
</kw>
<status status="PASS" endtime="20170630 19:22:53.228" starttime="20170630 19:22:53.228"></status>
</kw>
<kw name="Run Keyword If" library="BuiltIn">
<doc>Runs the given keyword with the given arguments, if ``condition`` is true.</doc>
<arguments>
<arg>'${SSH_PORT}' != '${EMPTY}' and '${HTTPS_PORT}' != '${EMPTY}'</arg>
<arg>User input SSH and HTTPs Ports</arg>
</arguments>
<kw name="User input SSH and HTTPs Ports" library="connection_client">
<doc>Update the global SSH and HTTPs port variable for QEMU</doc>
<kw name="Convert To Integer" library="BuiltIn">
<doc>Converts the given item to an integer number.</doc>
<arguments>
<arg>${SSH_PORT}</arg>
</arguments>
<assign>
<var>${port_num}</var>
</assign>
<msg timestamp="20170630 19:22:53.230" level="INFO">${port_num} = 22</msg>
<status status="PASS" endtime="20170630 19:22:53.230" starttime="20170630 19:22:53.230"></status>
</kw>
<kw name="Replace Variables" library="BuiltIn">
<doc>Replaces variables in the given text with their current values.</doc>
<arguments>
<arg>${port_num}</arg>
</arguments>
<assign>
<var>${SSH_PORT}</var>
</assign>
<msg timestamp="20170630 19:22:53.230" level="INFO">${SSH_PORT} = 22</msg>
<status status="PASS" endtime="20170630 19:22:53.230" starttime="20170630 19:22:53.230"></status>
</kw>
<kw name="Convert To Integer" library="BuiltIn">
<doc>Converts the given item to an integer number.</doc>
<arguments>
<arg>${HTTPS_PORT}</arg>
</arguments>
<assign>
<var>${https_num}</var>
</assign>
<msg timestamp="20170630 19:22:53.231" level="INFO">${https_num} = 443</msg>
<status status="PASS" endtime="20170630 19:22:53.231" starttime="20170630 19:22:53.231"></status>
</kw>
<kw name="Set Global Variable" library="BuiltIn">
<doc>Makes a variable available globally in all tests and suites.</doc>
<arguments>
<arg>${AUTH_URI}</arg>
<arg>https://${OPENBMC_HOST}:${https_num}</arg>
</arguments>
<msg timestamp="20170630 19:22:53.232" level="INFO">${AUTH_URI} = https://9.41.166.169:443</msg>
<status status="PASS" endtime="20170630 19:22:53.232" starttime="20170630 19:22:53.231"></status>
</kw>
<status status="PASS" endtime="20170630 19:22:53.232" starttime="20170630 19:22:53.229"></status>
</kw>
<status status="PASS" endtime="20170630 19:22:53.232" starttime="20170630 19:22:53.229"></status>
</kw>
<kw name="Run Keyword And Return Status" library="BuiltIn">
<doc>Runs the given keyword with given arguments and returns the status as a Boolean value.</doc>
<arguments>
<arg>Dictionary Should Contain Key</arg>
<arg>${connection_args}</arg>
<arg>port</arg>
</arguments>
<assign>
<var>${has_port}</var>
</assign>
<kw name="Dictionary Should Contain Key" library="Collections">
<doc>Fails if ``key`` is not found from ``dictionary``.</doc>
<arguments>
<arg>${connection_args}</arg>
<arg>port</arg>
</arguments>
<msg timestamp="20170630 19:22:53.233" level="FAIL">Dictionary does not contain key 'port'.</msg>
<status status="FAIL" endtime="20170630 19:22:53.233" starttime="20170630 19:22:53.233"></status>
</kw>
<msg timestamp="20170630 19:22:53.233" level="INFO">${has_port} = False</msg>
<status status="PASS" endtime="20170630 19:22:53.233" starttime="20170630 19:22:53.232"></status>
</kw>
<kw name="Run Keyword If" library="BuiltIn">
<doc>Runs the given keyword with the given arguments, if ``condition`` is true.</doc>
<arguments>
<arg>'${SSH_PORT}' != '${EMPTY}' and ${has_port} == ${FALSE}</arg>
<arg>Run Keywords</arg>
<arg>Set To Dictionary</arg>
<arg>${connection_args}</arg>
<arg>port=${SSH_PORT}</arg>
<arg>AND</arg>
<arg>SSHLibrary.Open connection</arg>
<arg>&amp;{connection_args}</arg>
<arg>ELSE</arg>
<arg>Run Keyword</arg>
<arg>SSHLibrary.Open connection</arg>
<arg>&amp;{connection_args}</arg>
</arguments>
<kw name="Run Keywords" library="BuiltIn">
<doc>Executes all the given keywords in a sequence.</doc>
<arguments>
<arg>Set To Dictionary</arg>
<arg>${connection_args}</arg>
<arg>port=${SSH_PORT}</arg>
<arg>AND</arg>
<arg>SSHLibrary.Open connection</arg>
<arg>&amp;{connection_args}</arg>
</arguments>
<kw name="Set To Dictionary" library="Collections">
<doc>Adds the given ``key_value_pairs`` and ``items`` to the ``dictionary``.</doc>
<arguments>
<arg>${connection_args}</arg>
<arg>port=${SSH_PORT}</arg>
</arguments>
<status status="PASS" endtime="20170630 19:22:53.235" starttime="20170630 19:22:53.235"></status>
</kw>
<kw name="Open Connection" library="SSHLibrary">
<doc>Opens a new SSH connection to the given `host` and `port`.</doc>
<arguments>
<arg>&amp;{connection_args}</arg>
</arguments>
<status status="PASS" endtime="20170630 19:22:53.235" starttime="20170630 19:22:53.235"></status>
</kw>
<status status="PASS" endtime="20170630 19:22:53.235" starttime="20170630 19:22:53.234"></status>
</kw>
<status status="PASS" endtime="20170630 19:22:53.236" starttime="20170630 19:22:53.233"></status>
</kw>
<kw name="Login" library="SSHLibrary">
<doc>Logs into the SSH server with the given `username` and `password`.</doc>
<arguments>
<arg>${username}</arg>
<arg>${password}</arg>
</arguments>
<msg timestamp="20170630 19:22:53.236" level="INFO">Logging into '9.41.166.169:22' as 'root'.</msg>
<msg timestamp="20170630 19:22:55.046" level="INFO">Read output: root@witherspoon:~#</msg>
<status status="PASS" endtime="20170630 19:22:55.046" starttime="20170630 19:22:53.236"></status>
</kw>
<status status="PASS" endtime="20170630 19:22:55.046" starttime="20170630 19:22:53.226"></status>
</kw>
<kw name="Execute Command" library="SSHLibrary">
<doc>Executes `command` on the remote machine and returns its outputs.</doc>
<arguments>
<arg>cat ${devicetree_base} | cut -d " " -f 1</arg>
<arg>return_stderr=True</arg>
</arguments>
<assign>
<var>${bmc_model}</var>
<var>${stderr}</var>
</assign>
<msg timestamp="20170630 19:22:55.047" level="INFO">Executing command 'cat /sys/firmware/devicetree/base/model | cut -d " " -f 1'.</msg>
<msg timestamp="20170630 19:22:55.123" level="INFO">Command exited with return code 0.</msg>
<msg timestamp="20170630 19:22:55.124" level="INFO">${bmc_model} = Witherspoon</msg>
<msg timestamp="20170630 19:22:55.124" level="INFO">${stderr} = </msg>
<status status="PASS" endtime="20170630 19:22:55.124" starttime="20170630 19:22:55.046"></status>
</kw>
<kw name="Should Be Empty" library="BuiltIn">
<doc>Verifies that the given item is empty.</doc>
<arguments>
<arg>${stderr}</arg>
</arguments>
<msg timestamp="20170630 19:22:55.124" level="INFO">Length is 0</msg>
<status status="PASS" endtime="20170630 19:22:55.124" starttime="20170630 19:22:55.124"></status>
</kw>
<kw name="Should Not Be Empty" library="BuiltIn">
<doc>Verifies that the given item is not empty.</doc>
<arguments>
<arg>${bmc_model}</arg>
</arguments>
<msg timestamp="20170630 19:22:55.125" level="INFO">Length is 11</msg>
<status status="PASS" endtime="20170630 19:22:55.125" starttime="20170630 19:22:55.124"></status>
</kw>
<msg timestamp="20170630 19:22:55.125" level="INFO">${bmc_model} = Witherspoon</msg>
<status status="PASS" endtime="20170630 19:22:55.125" starttime="20170630 19:22:53.225"></status>
</kw>
<kw name="Log" library="BuiltIn">
<doc>Logs the given message with the given level.</doc>
<arguments>
<arg>BMC Model=${bmc_model}</arg>
</arguments>
<msg timestamp="20170630 19:22:55.125" level="INFO">BMC Model=Witherspoon</msg>
<status status="PASS" endtime="20170630 19:22:55.125" starttime="20170630 19:22:55.125"></status>
</kw>
<status status="PASS" endtime="20170630 19:22:55.126" starttime="20170630 19:22:53.225"></status>
</kw>
<status status="PASS" endtime="20170630 19:22:55.126" starttime="20170630 19:22:53.225"></status>
</kw>
<kw name="Run Keyword And Ignore Error" library="BuiltIn">
<doc>Runs the given keyword with the given arguments and ignores possible error.</doc>
<arguments>
<arg>Enable Core Dump On BMC</arg>
</arguments>
<kw name="Enable Core Dump On BMC" library="utils">
<doc>Enable core dump collection.</doc>
<kw name="Open Connection And Log In" library="connection_client">
<doc>Opens a connection with the given arguments, and logs in.</doc>
<kw name="Run Keyword And Return Status" library="BuiltIn">
<doc>Runs the given keyword with given arguments and returns the status as a Boolean value.</doc>
<arguments>
<arg>Dictionary Should Contain Key</arg>
<arg>${connection_args}</arg>
<arg>host</arg>
</arguments>
<assign>
<var>${has_host}</var>
</assign>
<kw name="Dictionary Should Contain Key" library="Collections">
<doc>Fails if ``key`` is not found from ``dictionary``.</doc>
<arguments>
<arg>${connection_args}</arg>
<arg>host</arg>
</arguments>
<msg timestamp="20170630 19:22:55.128" level="FAIL">Dictionary does not contain key 'host'.</msg>
<status status="FAIL" endtime="20170630 19:22:55.128" starttime="20170630 19:22:55.127"></status>
</kw>
<msg timestamp="20170630 19:22:55.128" level="INFO">${has_host} = False</msg>
<status status="PASS" endtime="20170630 19:22:55.128" starttime="20170630 19:22:55.127"></status>
</kw>
<kw name="Run Keyword If" library="BuiltIn">
<doc>Runs the given keyword with the given arguments, if ``condition`` is true.</doc>
<arguments>
<arg>${has_host} == ${FALSE}</arg>
<arg>Set To Dictionary</arg>
<arg>${connection_args}</arg>
<arg>host=${OPENBMC_HOST}</arg>
</arguments>
<kw name="Set To Dictionary" library="Collections">
<doc>Adds the given ``key_value_pairs`` and ``items`` to the ``dictionary``.</doc>
<arguments>
<arg>${connection_args}</arg>
<arg>host=${OPENBMC_HOST}</arg>
</arguments>
<status status="PASS" endtime="20170630 19:22:55.129" starttime="20170630 19:22:55.129"></status>
</kw>
<status status="PASS" endtime="20170630 19:22:55.129" starttime="20170630 19:22:55.128"></status>
</kw>
<kw name="Run Keyword If" library="BuiltIn">
<doc>Runs the given keyword with the given arguments, if ``condition`` is true.</doc>
<arguments>
<arg>'${SSH_PORT}' != '${EMPTY}' and '${HTTPS_PORT}' != '${EMPTY}'</arg>
<arg>User input SSH and HTTPs Ports</arg>
</arguments>
<kw name="User input SSH and HTTPs Ports" library="connection_client">
<doc>Update the global SSH and HTTPs port variable for QEMU</doc>
<kw name="Convert To Integer" library="BuiltIn">
<doc>Converts the given item to an integer number.</doc>
<arguments>
<arg>${SSH_PORT}</arg>
</arguments>
<assign>
<var>${port_num}</var>
</assign>
<msg timestamp="20170630 19:22:55.131" level="INFO">${port_num} = 22</msg>
<status status="PASS" endtime="20170630 19:22:55.131" starttime="20170630 19:22:55.130"></status>
</kw>
<kw name="Replace Variables" library="BuiltIn">
<doc>Replaces variables in the given text with their current values.</doc>
<arguments>
<arg>${port_num}</arg>
</arguments>
<assign>
<var>${SSH_PORT}</var>
</assign>
<msg timestamp="20170630 19:22:55.131" level="INFO">${SSH_PORT} = 22</msg>
<status status="PASS" endtime="20170630 19:22:55.131" starttime="20170630 19:22:55.131"></status>
</kw>
<kw name="Convert To Integer" library="BuiltIn">
<doc>Converts the given item to an integer number.</doc>
<arguments>
<arg>${HTTPS_PORT}</arg>
</arguments>
<assign>
<var>${https_num}</var>
</assign>
<msg timestamp="20170630 19:22:55.132" level="INFO">${https_num} = 443</msg>
<status status="PASS" endtime="20170630 19:22:55.132" starttime="20170630 19:22:55.132"></status>
</kw>
<kw name="Set Global Variable" library="BuiltIn">
<doc>Makes a variable available globally in all tests and suites.</doc>
<arguments>
<arg>${AUTH_URI}</arg>
<arg>https://${OPENBMC_HOST}:${https_num}</arg>
</arguments>
<msg timestamp="20170630 19:22:55.132" level="INFO">${AUTH_URI} = https://9.41.166.169:443</msg>
<status status="PASS" endtime="20170630 19:22:55.133" starttime="20170630 19:22:55.132"></status>
</kw>
<status status="PASS" endtime="20170630 19:22:55.133" starttime="20170630 19:22:55.130"></status>
</kw>
<status status="PASS" endtime="20170630 19:22:55.133" starttime="20170630 19:22:55.129"></status>
</kw>
<kw name="Run Keyword And Return Status" library="BuiltIn">
<doc>Runs the given keyword with given arguments and returns the status as a Boolean value.</doc>
<arguments>
<arg>Dictionary Should Contain Key</arg>
<arg>${connection_args}</arg>
<arg>port</arg>
</arguments>
<assign>
<var>${has_port}</var>
</assign>
<kw name="Dictionary Should Contain Key" library="Collections">
<doc>Fails if ``key`` is not found from ``dictionary``.</doc>
<arguments>
<arg>${connection_args}</arg>
<arg>port</arg>
</arguments>
<msg timestamp="20170630 19:22:55.134" level="FAIL">Dictionary does not contain key 'port'.</msg>
<status status="FAIL" endtime="20170630 19:22:55.134" starttime="20170630 19:22:55.133"></status>
</kw>
<msg timestamp="20170630 19:22:55.134" level="INFO">${has_port} = False</msg>
<status status="PASS" endtime="20170630 19:22:55.134" starttime="20170630 19:22:55.133"></status>
</kw>
<kw name="Run Keyword If" library="BuiltIn">
<doc>Runs the given keyword with the given arguments, if ``condition`` is true.</doc>
<arguments>
<arg>'${SSH_PORT}' != '${EMPTY}' and ${has_port} == ${FALSE}</arg>
<arg>Run Keywords</arg>
<arg>Set To Dictionary</arg>
<arg>${connection_args}</arg>
<arg>port=${SSH_PORT}</arg>
<arg>AND</arg>
<arg>SSHLibrary.Open connection</arg>
<arg>&amp;{connection_args}</arg>
<arg>ELSE</arg>
<arg>Run Keyword</arg>
<arg>SSHLibrary.Open connection</arg>
<arg>&amp;{connection_args}</arg>
</arguments>
<kw name="Run Keywords" library="BuiltIn">
<doc>Executes all the given keywords in a sequence.</doc>
<arguments>
<arg>Set To Dictionary</arg>
<arg>${connection_args}</arg>
<arg>port=${SSH_PORT}</arg>
<arg>AND</arg>
<arg>SSHLibrary.Open connection</arg>
<arg>&amp;{connection_args}</arg>
</arguments>
<kw name="Set To Dictionary" library="Collections">
<doc>Adds the given ``key_value_pairs`` and ``items`` to the ``dictionary``.</doc>
<arguments>
<arg>${connection_args}</arg>
<arg>port=${SSH_PORT}</arg>
</arguments>
<status status="PASS" endtime="20170630 19:22:55.135" starttime="20170630 19:22:55.135"></status>
</kw>
<kw name="Open Connection" library="SSHLibrary">
<doc>Opens a new SSH connection to the given `host` and `port`.</doc>
<arguments>
<arg>&amp;{connection_args}</arg>
</arguments>
<status status="PASS" endtime="20170630 19:22:55.136" starttime="20170630 19:22:55.136"></status>
</kw>
<status status="PASS" endtime="20170630 19:22:55.136" starttime="20170630 19:22:55.135"></status>
</kw>
<status status="PASS" endtime="20170630 19:22:55.136" starttime="20170630 19:22:55.134"></status>
</kw>
<kw name="Login" library="SSHLibrary">
<doc>Logs into the SSH server with the given `username` and `password`.</doc>
<arguments>
<arg>${username}</arg>
<arg>${password}</arg>
</arguments>
<msg timestamp="20170630 19:22:55.137" level="INFO">Logging into '9.41.166.169:22' as 'root'.</msg>
<msg timestamp="20170630 19:22:56.878" level="INFO">Read output: root@witherspoon:~#</msg>
<status status="PASS" endtime="20170630 19:22:56.878" starttime="20170630 19:22:55.136"></status>
</kw>
<status status="PASS" endtime="20170630 19:22:56.878" starttime="20170630 19:22:55.126"></status>
</kw>
<kw name="Execute Command On BMC" library="utils">
<doc>Execute given command on BMC and return output.</doc>
<arguments>
<arg>echo '/tmp/core_%e.%p' | tee /proc/sys/kernel/core_pattern</arg>
</arguments>
<assign>
<var>${core_pattern}</var>
</assign>
<kw name="Execute Command" library="SSHLibrary">
<doc>Executes `command` on the remote machine and returns its outputs.</doc>
<arguments>
<arg>${command}</arg>
<arg>return_stderr=True</arg>
</arguments>
<assign>
<var>${stdout}</var>
<var>${stderr}</var>
</assign>
<msg timestamp="20170630 19:22:56.879" level="INFO">Executing command 'echo '/tmp/core_%e.%p' | tee /proc/sys/kernel/core_pattern'.</msg>
<msg timestamp="20170630 19:22:56.956" level="INFO">Command exited with return code 0.</msg>
<msg timestamp="20170630 19:22:56.956" level="INFO">${stdout} = /tmp/core_%e.%p</msg>
<msg timestamp="20170630 19:22:56.956" level="INFO">${stderr} = </msg>
<status status="PASS" endtime="20170630 19:22:56.956" starttime="20170630 19:22:56.879"></status>
</kw>
<kw name="Should Be Empty" library="BuiltIn">
<doc>Verifies that the given item is empty.</doc>
<arguments>
<arg>${stderr}</arg>
</arguments>
<msg timestamp="20170630 19:22:56.957" level="INFO">Length is 0</msg>
<status status="PASS" endtime="20170630 19:22:56.957" starttime="20170630 19:22:56.956"></status>
</kw>
<msg timestamp="20170630 19:22:56.957" level="INFO">${core_pattern} = /tmp/core_%e.%p</msg>
<status status="PASS" endtime="20170630 19:22:56.957" starttime="20170630 19:22:56.878"></status>
</kw>
<kw name="Should Be Equal As Strings" library="BuiltIn">
<doc>Fails if objects are unequal after converting them to strings.</doc>
<arguments>
<arg>${core_pattern}</arg>
<arg>/tmp/core_%e.%p</arg>
</arguments>
<status status="PASS" endtime="20170630 19:22:56.957" starttime="20170630 19:22:56.957"></status>
</kw>
<status status="PASS" endtime="20170630 19:22:56.958" starttime="20170630 19:22:55.126"></status>
</kw>
<status status="PASS" endtime="20170630 19:22:56.958" starttime="20170630 19:22:55.126"></status>
</kw>
<kw name="Run Keyword If" library="BuiltIn">
<doc>Runs the given keyword with the given arguments, if ``condition`` is true.</doc>
<arguments>
<arg>'${DEBUG_TARBALL_PATH}' != '${EMPTY}'</arg>
<arg>Run Keyword And Ignore Error</arg>
<arg>Install Debug Tarball On BMC</arg>
<arg>${DEBUG_TARBALL_PATH}</arg>
</arguments>
<status status="PASS" endtime="20170630 19:22:56.958" starttime="20170630 19:22:56.958"></status>
</kw>
<status status="PASS" endtime="20170630 19:22:56.958" starttime="20170630 19:22:51.211"></status>
</kw>
<suite id="s1-s1" source="/tmp/fspcibld/7388/obmc-robot/tests/security" name="Security">
<suite id="s1-s1-s1" source="/tmp/fspcibld/7388/obmc-robot/tests/security/test_ssl.robot" name="Test Ssl">
<test id="s1-s1-s1-t1" name="Test SSL Connection">
<kw name="Initialize OpenBMC" library="rest_client">
<kw name="Wait Until Keyword Succeeds" library="BuiltIn">
<doc>Runs the specified keyword and retries if it fails.</doc>
<arguments>
<arg>40 sec</arg>
<arg>20 sec</arg>
<arg>Post Login Request</arg>
<arg>${timeout}</arg>
<arg>${quiet}</arg>
</arguments>
<kw name="Post Login Request" library="rest_client">
<arguments>
<arg>${timeout}</arg>
<arg>${quiet}</arg>
</arguments>
<kw name="Create Session" library="RequestsLibrary.RequestsKeywords">
<doc>Create Session: create a HTTP session to a server</doc>
<arguments>
<arg>openbmc</arg>
<arg>${AUTH_URI}</arg>
<arg>timeout=${timeout}</arg>
<arg>max_retries=3</arg>
</arguments>
<msg timestamp="20170630 19:22:57.039" level="INFO">Creating Session using : alias=openbmc, url=https://9.41.166.169:443, headers={},                     cookies=None, auth=None, timeout=20, proxies=None, verify=False,                     debug=0 </msg>
<status status="PASS" endtime="20170630 19:22:57.039" starttime="20170630 19:22:57.039"></status>
</kw>
<kw name="Create Dictionary" library="BuiltIn">
<doc>Creates and returns a dictionary based on the given ``items``.</doc>
<arguments>
<arg>Content-Type=application/json</arg>
</arguments>
<assign>
<var>${headers}</var>
</assign>
<msg timestamp="20170630 19:22:57.040" level="INFO">${headers} = {u'Content-Type': u'application/json'}</msg>
<status status="PASS" endtime="20170630 19:22:57.040" starttime="20170630 19:22:57.040"></status>
</kw>
<kw name="Create List" library="BuiltIn">
<doc>Returns a list containing given items.</doc>
<arguments>
<arg>${OPENBMC_USERNAME}</arg>
<arg>${OPENBMC_PASSWORD}</arg>
</arguments>
<assign>
<var>@{credentials}</var>
</assign>
<msg timestamp="20170630 19:22:57.041" level="INFO">@{credentials} = [ root | 0penBmc ]</msg>
<status status="PASS" endtime="20170630 19:22:57.041" starttime="20170630 19:22:57.040"></status>
</kw>
<kw name="Create Dictionary" library="BuiltIn">
<doc>Creates and returns a dictionary based on the given ``items``.</doc>
<arguments>
<arg>data=@{credentials}</arg>
</arguments>
<assign>
<var>${data}</var>
</assign>
<msg timestamp="20170630 19:22:57.041" level="INFO">${data} = {u'data': [u'root', u'0penBmc']}</msg>
<status status="PASS" endtime="20170630 19:22:57.041" starttime="20170630 19:22:57.041"></status>
</kw>
<kw name="Run Keyword And Ignore Error" library="BuiltIn">
<doc>Runs the given keyword with the given arguments and ignores possible error.</doc>
<arguments>
<arg>Post Request</arg>
<arg>openbmc</arg>
<arg>/login</arg>
<arg>data=${data}</arg>
<arg>headers=${headers}</arg>
</arguments>
<assign>
<var>${status}</var>
<var>${resp}</var>
</assign>
<kw name="Post Request" library="RequestsLibrary.RequestsKeywords">
<doc>Send a POST request on the session object found using the</doc>
<arguments>
<arg>openbmc</arg>
<arg>/login</arg>
<arg>data=${data}</arg>
<arg>headers=${headers}</arg>
</arguments>
<msg timestamp="20170630 19:22:57.248" level="INFO">Post Request using : alias=openbmc, uri=/login, data={"data": ["root", "0penBmc"]}, headers={u'Content-Type': u'application/json'}, files=None, allow_redirects=True </msg>
<status status="PASS" endtime="20170630 19:22:57.248" starttime="20170630 19:22:57.042"></status>
</kw>
<msg timestamp="20170630 19:22:57.248" level="INFO">${status} = PASS</msg>
<msg timestamp="20170630 19:22:57.248" level="INFO">${resp} = &lt;Response [200]&gt;</msg>
<status status="PASS" endtime="20170630 19:22:57.248" starttime="20170630 19:22:57.042"></status>
</kw>
<kw name="Should Be Equal" library="BuiltIn">
<doc>Fails if the given objects are unequal.</doc>
<arguments>
<arg>${status}</arg>
<arg>PASS</arg>
<arg>msg=${resp}</arg>
</arguments>
<msg timestamp="20170630 19:22:57.248" level="INFO">Argument types are:
&lt;type 'str'&gt;
&lt;type 'unicode'&gt;</msg>
<status status="PASS" endtime="20170630 19:22:57.249" starttime="20170630 19:22:57.248"></status>
</kw>
<kw name="Should Be Equal As Strings" library="BuiltIn">
<doc>Fails if objects are unequal after converting them to strings.</doc>
<arguments>
<arg>${resp.status_code}</arg>
<arg>${HTTP_OK}</arg>
</arguments>
<msg timestamp="20170630 19:22:57.249" level="INFO">Argument types are:
&lt;type 'int'&gt;
&lt;type 'unicode'&gt;</msg>
<status status="PASS" endtime="20170630 19:22:57.249" starttime="20170630 19:22:57.249"></status>
</kw>
<status status="PASS" endtime="20170630 19:22:57.249" starttime="20170630 19:22:57.038"></status>
</kw>
<status status="PASS" endtime="20170630 19:22:57.249" starttime="20170630 19:22:57.038"></status>
</kw>
<status status="PASS" endtime="20170630 19:22:57.250" starttime="20170630 19:22:57.037"></status>
</kw>
<kw name="FFDC On Test Case Fail" library="openbmc_ffdc" type="teardown">
<doc>Generic FFDC entry point. Place holder to hook in</doc>
<kw name="Is Host Quiesced" library="state_manager">
<doc>Check if host state is quiesced.</doc>
<assign>
<var>${status}</var>
</assign>
<kw name="Get Host State" library="state_manager">
<doc>Return the state of the host as a string.</doc>
<assign>
<var>${host_state}</var>
</assign>
<kw name="Read Attribute" library="rest_client">
<arguments>
<arg>${HOST_STATE_URI}</arg>
<arg>CurrentHostState</arg>
<arg>quiet=${quiet}</arg>
</arguments>
<assign>
<var>${state}</var>
</assign>
<kw name="OpenBMC Get Request" library="rest_client">
<arguments>
<arg>${uri}/attr/${attr}</arg>
<arg>timeout=${timeout}</arg>
<arg>quiet=${quiet}</arg>
</arguments>
<assign>
<var>${resp}</var>
</assign>
<kw name="Initialize OpenBMC" library="rest_client">
<arguments>
<arg>${timeout}</arg>
<arg>quiet=${quiet}</arg>
</arguments>
<kw name="Wait Until Keyword Succeeds" library="BuiltIn">
<doc>Runs the specified keyword and retries if it fails.</doc>
<arguments>
<arg>40 sec</arg>
<arg>20 sec</arg>
<arg>Post Login Request</arg>
<arg>${timeout}</arg>
<arg>${quiet}</arg>
</arguments>
<kw name="Post Login Request" library="rest_client">
<arguments>
<arg>${timeout}</arg>
<arg>${quiet}</arg>
</arguments>
<kw name="Create Session" library="RequestsLibrary.RequestsKeywords">
<doc>Create Session: create a HTTP session to a server</doc>
<arguments>
<arg>openbmc</arg>
<arg>${AUTH_URI}</arg>
<arg>timeout=${timeout}</arg>
<arg>max_retries=3</arg>
</arguments>
<msg timestamp="20170630 19:22:57.254" level="INFO">Creating Session using : alias=openbmc, url=https://9.41.166.169:443, headers={},                     cookies=None, auth=None, timeout=10, proxies=None, verify=False,                     debug=0 </msg>
<status status="PASS" endtime="20170630 19:22:57.255" starttime="20170630 19:22:57.254"></status>
</kw>
<kw name="Create Dictionary" library="BuiltIn">
<doc>Creates and returns a dictionary based on the given ``items``.</doc>
<arguments>
<arg>Content-Type=application/json</arg>
</arguments>
<assign>
<var>${headers}</var>
</assign>
<msg timestamp="20170630 19:22:57.255" level="INFO">${headers} = {u'Content-Type': u'application/json'}</msg>
<status status="PASS" endtime="20170630 19:22:57.255" starttime="20170630 19:22:57.255"></status>
</kw>
<kw name="Create List" library="BuiltIn">
<doc>Returns a list containing given items.</doc>
<arguments>
<arg>${OPENBMC_USERNAME}</arg>
<arg>${OPENBMC_PASSWORD}</arg>
</arguments>
<assign>
<var>@{credentials}</var>
</assign>
<msg timestamp="20170630 19:22:57.256" level="INFO">@{credentials} = [ root | 0penBmc ]</msg>
<status status="PASS" endtime="20170630 19:22:57.256" starttime="20170630 19:22:57.256"></status>
</kw>
<kw name="Create Dictionary" library="BuiltIn">
<doc>Creates and returns a dictionary based on the given ``items``.</doc>
<arguments>
<arg>data=@{credentials}</arg>
</arguments>
<assign>
<var>${data}</var>
</assign>
<msg timestamp="20170630 19:22:57.257" level="INFO">${data} = {u'data': [u'root', u'0penBmc']}</msg>
<status status="PASS" endtime="20170630 19:22:57.257" starttime="20170630 19:22:57.257"></status>
</kw>
<kw name="Run Keyword And Ignore Error" library="BuiltIn">
<doc>Runs the given keyword with the given arguments and ignores possible error.</doc>
<arguments>
<arg>Post Request</arg>
<arg>openbmc</arg>
<arg>/login</arg>
<arg>data=${data}</arg>
<arg>headers=${headers}</arg>
</arguments>
<assign>
<var>${status}</var>
<var>${resp}</var>
</assign>
<kw name="Post Request" library="RequestsLibrary.RequestsKeywords">
<doc>Send a POST request on the session object found using the</doc>
<arguments>
<arg>openbmc</arg>
<arg>/login</arg>
<arg>data=${data}</arg>
<arg>headers=${headers}</arg>
</arguments>
<msg timestamp="20170630 19:22:57.461" level="INFO">Post Request using : alias=openbmc, uri=/login, data={"data": ["root", "0penBmc"]}, headers={u'Content-Type': u'application/json'}, files=None, allow_redirects=True </msg>
<status status="PASS" endtime="20170630 19:22:57.462" starttime="20170630 19:22:57.258"></status>
</kw>
<msg timestamp="20170630 19:22:57.462" level="INFO">${status} = PASS</msg>
<msg timestamp="20170630 19:22:57.462" level="INFO">${resp} = &lt;Response [200]&gt;</msg>
<status status="PASS" endtime="20170630 19:22:57.462" starttime="20170630 19:22:57.258"></status>
</kw>
<kw name="Should Be Equal" library="BuiltIn">
<doc>Fails if the given objects are unequal.</doc>
<arguments>
<arg>${status}</arg>
<arg>PASS</arg>
<arg>msg=${resp}</arg>
</arguments>
<msg timestamp="20170630 19:22:57.462" level="INFO">Argument types are:
&lt;type 'str'&gt;
&lt;type 'unicode'&gt;</msg>
<status status="PASS" endtime="20170630 19:22:57.463" starttime="20170630 19:22:57.462"></status>
</kw>
<kw name="Should Be Equal As Strings" library="BuiltIn">
<doc>Fails if objects are unequal after converting them to strings.</doc>
<arguments>
<arg>${resp.status_code}</arg>
<arg>${HTTP_OK}</arg>
</arguments>
<msg timestamp="20170630 19:22:57.463" level="INFO">Argument types are:
&lt;type 'int'&gt;
&lt;type 'unicode'&gt;</msg>
<status status="PASS" endtime="20170630 19:22:57.463" starttime="20170630 19:22:57.463"></status>
</kw>
<status status="PASS" endtime="20170630 19:22:57.463" starttime="20170630 19:22:57.253"></status>
</kw>
<status status="PASS" endtime="20170630 19:22:57.463" starttime="20170630 19:22:57.253"></status>
</kw>
<status status="PASS" endtime="20170630 19:22:57.463" starttime="20170630 19:22:57.252"></status>
</kw>
<kw name="Catenate" library="BuiltIn">
<doc>Catenates the given items together and returns the resulted string.</doc>
<arguments>
<arg>SEPARATOR=</arg>
<arg>${DBUS_PREFIX}</arg>
<arg>${uri}</arg>
</arguments>
<assign>
<var>${base_uri}</var>
</assign>
<msg timestamp="20170630 19:22:57.464" level="INFO">${base_uri} = /xyz/openbmc_project/state/host0//attr/CurrentHostState</msg>
<status status="PASS" endtime="20170630 19:22:57.464" starttime="20170630 19:22:57.464"></status>
</kw>
<kw name="Run Keyword If" library="BuiltIn">
<doc>Runs the given keyword with the given arguments, if ``condition`` is true.</doc>
<arguments>
<arg>'${quiet}' == '${0}'</arg>
<arg>Log Request</arg>
<arg>method=Get</arg>
<arg>base_uri=${base_uri}</arg>
<arg>args=&amp;{kwargs}</arg>
</arguments>
<kw name="Log Request" library="rest_client">
<arguments>
<arg>method=Get</arg>
<arg>base_uri=${base_uri}</arg>
<arg>args=&amp;{kwargs}</arg>
</arguments>
<kw name="Catenate" library="BuiltIn">
<doc>Catenates the given items together and returns the resulted string.</doc>
<arguments>
<arg>SEPARATOR=</arg>
<arg>URI:</arg>
<arg>${AUTH_URI}</arg>
<arg>${kwargs["base_uri"]}</arg>
<arg>, method:</arg>
<arg>${kwargs["method"]}</arg>
<arg>, args:</arg>
<arg>${kwargs["args"]}</arg>
</arguments>
<assign>
<var>${msg}</var>
</assign>
<msg timestamp="20170630 19:22:57.466" level="INFO">${msg} = URI:https://9.41.166.169:443/xyz/openbmc_project/state/host0//attr/CurrentHostState, method:Get, args:{}</msg>
<status status="PASS" endtime="20170630 19:22:57.466" starttime="20170630 19:22:57.466"></status>
</kw>
<kw name="Logging" library="rest_client">
<arguments>
<arg>${msg}</arg>
<arg>console=True</arg>
</arguments>
<kw name="Log" library="BuiltIn">
<doc>Logs the given message with the given level.</doc>
<arguments>
<arg>${msg}</arg>
<arg>console=True</arg>
</arguments>
<msg timestamp="20170630 19:22:57.468" level="INFO">URI:https://9.41.166.169:443/xyz/openbmc_project/state/host0//attr/CurrentHostState, method:Get, args:{}</msg>
<status status="PASS" endtime="20170630 19:22:57.468" starttime="20170630 19:22:57.468"></status>
</kw>
<status status="PASS" endtime="20170630 19:22:57.468" starttime="20170630 19:22:57.467"></status>
</kw>
<status status="PASS" endtime="20170630 19:22:57.468" starttime="20170630 19:22:57.465"></status>
</kw>
<status status="PASS" endtime="20170630 19:22:57.468" starttime="20170630 19:22:57.464"></status>
</kw>
<kw name="Get Request" library="RequestsLibrary.RequestsKeywords">
<doc>Send a GET request on the session object found using the</doc>
<arguments>
<arg>openbmc</arg>
<arg>${base_uri}</arg>
<arg>&amp;{kwargs}</arg>
<arg>timeout=${timeout}</arg>
</arguments>
<assign>
<var>${ret}</var>
</assign>
<msg timestamp="20170630 19:22:57.563" level="INFO">Get Request using : alias=openbmc, uri=/xyz/openbmc_project/state/host0//attr/CurrentHostState, headers=None json=None</msg>
<msg timestamp="20170630 19:22:57.563" level="INFO">${ret} = &lt;Response [200]&gt;</msg>
<status status="PASS" endtime="20170630 19:22:57.563" starttime="20170630 19:22:57.468"></status>
</kw>
<kw name="Run Keyword If" library="BuiltIn">
<doc>Runs the given keyword with the given arguments, if ``condition`` is true.</doc>
<arguments>
<arg>'${quiet}' == '${0}'</arg>
<arg>Log Response</arg>
<arg>${ret}</arg>
</arguments>
<kw name="Log Response" library="rest_client">
<arguments>
<arg>${ret}</arg>
</arguments>
<kw name="Catenate" library="BuiltIn">
<doc>Catenates the given items together and returns the resulted string.</doc>
<arguments>
<arg>SEPARATOR=</arg>
<arg>Response code:</arg>
<arg>${resp.status_code}</arg>
<arg>, Content:</arg>
<arg>${resp.content}</arg>
</arguments>
<assign>
<var>${msg}</var>
</assign>
<msg timestamp="20170630 19:22:57.564" level="INFO">${msg} = Response code:200, Content:{
  "data": "xyz.openbmc_project.State.Host.HostState.Running", 
  "message": "200 OK", 
  "status": "ok"
}</msg>
<status status="PASS" endtime="20170630 19:22:57.565" starttime="20170630 19:22:57.564"></status>
</kw>
<kw name="Logging" library="rest_client">
<arguments>
<arg>${msg}</arg>
<arg>console=True</arg>
</arguments>
<kw name="Log" library="BuiltIn">
<doc>Logs the given message with the given level.</doc>
<arguments>
<arg>${msg}</arg>
<arg>console=True</arg>
</arguments>
<msg timestamp="20170630 19:22:57.566" level="INFO">Response code:200, Content:{
  "data": "xyz.openbmc_project.State.Host.HostState.Running", 
  "message": "200 OK", 
  "status": "ok"
}</msg>
<status status="PASS" endtime="20170630 19:22:57.566" starttime="20170630 19:22:57.565"></status>
</kw>
<status status="PASS" endtime="20170630 19:22:57.566" starttime="20170630 19:22:57.565"></status>
</kw>
<status status="PASS" endtime="20170630 19:22:57.566" starttime="20170630 19:22:57.563"></status>
</kw>
<status status="PASS" endtime="20170630 19:22:57.566" starttime="20170630 19:22:57.563"></status>
</kw>
<msg timestamp="20170630 19:22:57.566" level="INFO">${resp} = &lt;Response [200]&gt;</msg>
<status status="PASS" endtime="20170630 19:22:57.566" starttime="20170630 19:22:57.252"></status>
</kw>
<kw name="Should Be Equal As Strings" library="BuiltIn">
<doc>Fails if objects are unequal after converting them to strings.</doc>
<arguments>
<arg>${resp.status_code}</arg>
<arg>${HTTP_OK}</arg>
</arguments>
<msg timestamp="20170630 19:22:57.567" level="INFO">Argument types are:
&lt;type 'int'&gt;
&lt;type 'unicode'&gt;</msg>
<status status="PASS" endtime="20170630 19:22:57.567" starttime="20170630 19:22:57.567"></status>
</kw>
<kw name="To Json" library="RequestsLibrary.RequestsKeywords">
<doc>Convert a string to a JSON object</doc>
<arguments>
<arg>${resp.content}</arg>
</arguments>
<assign>
<var>${content}</var>
</assign>
<msg timestamp="20170630 19:22:57.568" level="INFO">To JSON using : content={
  "data": "xyz.openbmc_project.State.Host.HostState.Running", 
  "message": "200 OK", 
  "status": "ok"
} </msg>
<msg timestamp="20170630 19:22:57.568" level="INFO">To JSON using : pretty_print=False </msg>
<msg timestamp="20170630 19:22:57.568" level="INFO">${content} = {u'message': u'200 OK', u'data': u'xyz.openbmc_project.State.Host.HostState.Running', u'status': u'ok'}</msg>
<status status="PASS" endtime="20170630 19:22:57.568" starttime="20170630 19:22:57.567"></status>
</kw>
<msg timestamp="20170630 19:22:57.568" level="INFO">${state} = xyz.openbmc_project.State.Host.HostState.Running</msg>
<status status="PASS" endtime="20170630 19:22:57.568" starttime="20170630 19:22:57.251"></status>
</kw>
<msg timestamp="20170630 19:22:57.569" level="INFO">${host_state} = Running</msg>
<status status="PASS" endtime="20170630 19:22:57.569" starttime="20170630 19:22:57.251"></status>
</kw>
<kw name="Run Keyword And Return Status" library="BuiltIn">
<doc>Runs the given keyword with given arguments and returns the status as a Boolean value.</doc>
<arguments>
<arg>Should Be Equal</arg>
<arg>${host_state}</arg>
<arg>Quiesced</arg>
</arguments>
<assign>
<var>${status}</var>
</assign>
<kw name="Should Be Equal" library="BuiltIn">
<doc>Fails if the given objects are unequal.</doc>
<arguments>
<arg>${host_state}</arg>
<arg>Quiesced</arg>
</arguments>
<msg timestamp="20170630 19:22:57.570" level="FAIL">Running != Quiesced</msg>
<status status="FAIL" endtime="20170630 19:22:57.570" starttime="20170630 19:22:57.569"></status>
</kw>
<msg timestamp="20170630 19:22:57.570" level="INFO">${status} = False</msg>
<status status="PASS" endtime="20170630 19:22:57.570" starttime="20170630 19:22:57.569"></status>
</kw>
<msg timestamp="20170630 19:22:57.570" level="INFO">${status} = False</msg>
<status status="PASS" endtime="20170630 19:22:57.570" starttime="20170630 19:22:57.250"></status>
</kw>
<kw name="Run Keyword If" library="BuiltIn">
<doc>Runs the given keyword with the given arguments, if ``condition`` is true.</doc>
<arguments>
<arg>'${TEST_STATUS}' == 'FAIL' or '${status}'=='True'</arg>
<arg>FFDC</arg>
</arguments>
<status status="PASS" endtime="20170630 19:22:57.571" starttime="20170630 19:22:57.570"></status>
</kw>
<kw name="Run Keyword If" library="BuiltIn">
<doc>Runs the given keyword with the given arguments, if ``condition`` is true.</doc>
<arguments>
<arg>'${status}'=='True'</arg>
<arg>Recover Quiesced Host</arg>
</arguments>
<status status="PASS" endtime="20170630 19:22:57.571" starttime="20170630 19:22:57.571"></status>
</kw>
<kw name="Log Test Case Status" library="openbmc_ffdc_methods">
<doc>Test case execution result history.</doc>
<kw name="Get Variable Value" library="BuiltIn">
<doc>Returns variable value or ``default`` if the variable does not exist.</doc>
<arguments>
<arg>${FFDC_DIR_PATH_STYLE}</arg>
<arg>${EMPTY}</arg>
</arguments>
<assign>
<var>${FFDC_DIR_PATH_STYLE}</var>
</assign>
<msg timestamp="20170630 19:22:57.580" level="INFO">${FFDC_DIR_PATH_STYLE} = </msg>
<status status="PASS" endtime="20170630 19:22:57.580" starttime="20170630 19:22:57.572"></status>
</kw>
<kw name="Get Variable Value" library="BuiltIn">
<doc>Returns variable value or ``default`` if the variable does not exist.</doc>
<arguments>
<arg>${FFDC_DIR_PATH}</arg>
<arg>${EMPTY}</arg>
</arguments>
<assign>
<var>${FFDC_DIR_PATH}</var>
</assign>
<msg timestamp="20170630 19:22:57.588" level="INFO">${FFDC_DIR_PATH} = </msg>
<status status="PASS" endtime="20170630 19:22:57.588" starttime="20170630 19:22:57.580"></status>
</kw>
<kw name="Run Keyword If" library="BuiltIn">
<doc>Runs the given keyword with the given arguments, if ``condition`` is true.</doc>
<arguments>
<arg>'${FFDC_DIR_PATH}' == '${EMPTY}'</arg>
<arg>Set FFDC Defaults</arg>
</arguments>
<kw name="Set Ffdc Defaults" library="openbmc_ffdc">
<doc>Set a default value for ffdc_dir_path and ffdc_prefix if they don't</doc>
<kw name="Get Current Time Stamp" library="openbmc_ffdc_utils">
<doc>Get the current time stamp data</doc>
<kw name="Get Current Date" library="DateTime">
<doc>Returns current local or UTC time with an optional increment.</doc>
<arguments>
<arg>result_format=%Y-%m-%d %H:%M:%S:%f</arg>
</arguments>
<assign>
<var>${cur_time}</var>
</assign>
<msg timestamp="20170630 19:22:57.589" level="INFO">${cur_time} = 2017-06-30 19:22:57:589291</msg>
<status status="PASS" endtime="20170630 19:22:57.590" starttime="20170630 19:22:57.589"></status>
</kw>
<kw name="Get Strip String" library="openbmc_ffdc_list">
<doc>########################################################################</doc>
<arguments>
<arg>${cur_time}</arg>
</arguments>
<assign>
<var>${cur_time}</var>
</assign>
<msg timestamp="20170630 19:22:57.590" level="INFO">${cur_time} = 20170630192257589291</msg>
<status status="PASS" endtime="20170630 19:22:57.590" starttime="20170630 19:22:57.590"></status>
</kw>
<status status="PASS" endtime="20170630 19:22:57.590" starttime="20170630 19:22:57.589"></status>
</kw>
<msg timestamp="20170630 19:22:57.594" level="INFO">${FFDC_TIME} = 20170630192257589291</msg>
<kw name="Get Test Dir and Name" library="openbmc_ffdc_utils">
<doc>SUITE_NAME and TEST_NAME are automatic variables</doc>
<kw name="Get Strip String" library="openbmc_ffdc_list">
<doc>########################################################################</doc>
<arguments>
<arg>${SUITE_NAME}</arg>
</arguments>
<assign>
<var>${suite_name}</var>
</assign>
<msg timestamp="20170630 19:22:57.595" level="INFO">${suite_name} = TestsSecurityTestSsl</msg>
<status status="PASS" endtime="20170630 19:22:57.595" starttime="20170630 19:22:57.595"></status>
</kw>
<kw name="Catenate" library="BuiltIn">
<doc>Catenates the given items together and returns the resulted string.</doc>
<arguments>
<arg>SEPARATOR=</arg>
<arg>${FFDC_TIME}_</arg>
<arg>${suite_name}</arg>
</arguments>
<assign>
<var>${suite_name}</var>
</assign>
<msg timestamp="20170630 19:22:57.596" level="INFO">${suite_name} = 20170630192257589291_TestsSecurityTestSsl</msg>
<status status="PASS" endtime="20170630 19:22:57.596" starttime="20170630 19:22:57.595"></status>
</kw>
<kw name="Get Strip String" library="openbmc_ffdc_list">
<doc>########################################################################</doc>
<arguments>
<arg>${TEST_NAME}</arg>
</arguments>
<assign>
<var>${test_name}</var>
</assign>
<msg timestamp="20170630 19:22:57.596" level="INFO">${test_name} = TestSSLConnection</msg>
<status status="PASS" endtime="20170630 19:22:57.596" starttime="20170630 19:22:57.596"></status>
</kw>
<kw name="Catenate" library="BuiltIn">
<doc>Catenates the given items together and returns the resulted string.</doc>
<arguments>
<arg>SEPARATOR=</arg>
<arg>${FFDC_TIME}_</arg>
<arg>${test_name}</arg>
</arguments>
<assign>
<var>${test_name}</var>
</assign>
<msg timestamp="20170630 19:22:57.597" level="INFO">${test_name} = 20170630192257589291_TestSSLConnection</msg>
<status status="PASS" endtime="20170630 19:22:57.597" starttime="20170630 19:22:57.597"></status>
</kw>
<status status="PASS" endtime="20170630 19:22:57.597" starttime="20170630 19:22:57.594"></status>
</kw>
<msg timestamp="20170630 19:22:57.597" level="INFO">${FFDC_DIR_PATH} = /tmp/fspcibld/7388/obmc-robot/logs/20170630192257589291_TestsSecurityTestSsl/20170630192257589291_TestSSLConnection/</msg>
<msg timestamp="20170630 19:22:57.602" level="INFO">${FFDC_PREFIX} = 20170630192257589291_</msg>
<status status="PASS" endtime="20170630 19:22:57.602" starttime="20170630 19:22:57.588"></status>
</kw>
<status status="PASS" endtime="20170630 19:22:57.602" starttime="20170630 19:22:57.588"></status>
</kw>
<kw name="Run Keyword If" library="BuiltIn">
<doc>Runs the given keyword with the given arguments, if ``condition`` is true.</doc>
<arguments>
<arg>'${FFDC_DIR_PATH_STYLE}' == '${1}'</arg>
<arg>Run Keywords</arg>
<arg>Set Global Variable</arg>
<arg>${FFDC_LOG_PATH}</arg>
<arg>${FFDC_DIR_PATH}</arg>
<arg>AND</arg>
<arg>Set Global Variable</arg>
<arg>${TEST_HISTORY}</arg>
<arg>${FFDC_DIR_PATH}test_history.txt</arg>
</arguments>
<status status="PASS" endtime="20170630 19:22:57.602" starttime="20170630 19:22:57.602"></status>
</kw>
<kw name="Create Directory" library="OperatingSystem">
<doc>Creates the specified directory.</doc>
<arguments>
<arg>${FFDC_LOG_PATH}</arg>
</arguments>
<msg timestamp="20170630 19:22:57.603" level="INFO" html="yes">Created directory '&lt;a href="file:///tmp/fspcibld/7388/obmc-robot/logs"&gt;/tmp/fspcibld/7388/obmc-robot/logs&lt;/a&gt;'.</msg>
<status status="PASS" endtime="20170630 19:22:57.603" starttime="20170630 19:22:57.603"></status>
</kw>
<kw name="Run Keyword And Return Status" library="BuiltIn">
<doc>Runs the given keyword with given arguments and returns the status as a Boolean value.</doc>
<arguments>
<arg>OperatingSystem.File Should Exist</arg>
<arg>${TEST_HISTORY}</arg>
</arguments>
<assign>
<var>${exist}</var>
</assign>
<kw name="File Should Exist" library="OperatingSystem">
<doc>Fails unless the given ``path`` points to an existing file.</doc>
<arguments>
<arg>${TEST_HISTORY}</arg>
</arguments>
<msg timestamp="20170630 19:22:57.604" level="FAIL">File '/tmp/fspcibld/7388/obmc-robot/logs/test_history.txt' does not exist.</msg>
<status status="FAIL" endtime="20170630 19:22:57.604" starttime="20170630 19:22:57.604"></status>
</kw>
<msg timestamp="20170630 19:22:57.604" level="INFO">${exist} = False</msg>
<status status="PASS" endtime="20170630 19:22:57.604" starttime="20170630 19:22:57.603"></status>
</kw>
<kw name="Run Keyword If" library="BuiltIn">
<doc>Runs the given keyword with the given arguments, if ``condition`` is true.</doc>
<arguments>
<arg>'${exist}' == '${False}'</arg>
<arg>Create File</arg>
<arg>${TEST_HISTORY}</arg>
</arguments>
<kw name="Create File" library="OperatingSystem">
<doc>Creates a file with the given content and encoding.</doc>
<arguments>
<arg>${TEST_HISTORY}</arg>
</arguments>
<msg timestamp="20170630 19:22:57.605" level="INFO" html="yes">Created file '&lt;a href="file:///tmp/fspcibld/7388/obmc-robot/logs/test_history.txt"&gt;/tmp/fspcibld/7388/obmc-robot/logs/test_history.txt&lt;/a&gt;'.</msg>
<status status="PASS" endtime="20170630 19:22:57.605" starttime="20170630 19:22:57.605"></status>
</kw>
<status status="PASS" endtime="20170630 19:22:57.606" starttime="20170630 19:22:57.605"></status>
</kw>
<kw name="Rpvars" library="gen_robot_print">
<arguments>
<arg>TEST_HISTORY</arg>
</arguments>
<status status="PASS" endtime="20170630 19:22:57.606" starttime="20170630 19:22:57.606"></status>
</kw>
<kw name="Get Current Time Stamp" library="openbmc_ffdc_utils">
<doc>Get the current time stamp data</doc>
<assign>
<var>${cur_time}</var>
</assign>
<kw name="Get Current Date" library="DateTime">
<doc>Returns current local or UTC time with an optional increment.</doc>
<arguments>
<arg>result_format=%Y-%m-%d %H:%M:%S:%f</arg>
</arguments>
<assign>
<var>${cur_time}</var>
</assign>
<msg timestamp="20170630 19:22:57.607" level="INFO">${cur_time} = 2017-06-30 19:22:57:606856</msg>
<status status="PASS" endtime="20170630 19:22:57.607" starttime="20170630 19:22:57.607"></status>
</kw>
<kw name="Get Strip String" library="openbmc_ffdc_list">
<doc>########################################################################</doc>
<arguments>
<arg>${cur_time}</arg>
</arguments>
<assign>
<var>${cur_time}</var>
</assign>
<msg timestamp="20170630 19:22:57.608" level="INFO">${cur_time} = 20170630192257606856</msg>
<status status="PASS" endtime="20170630 19:22:57.608" starttime="20170630 19:22:57.607"></status>
</kw>
<msg timestamp="20170630 19:22:57.608" level="INFO">${cur_time} = 20170630192257606856</msg>
<status status="PASS" endtime="20170630 19:22:57.608" starttime="20170630 19:22:57.606"></status>
</kw>
<kw name="Append To File" library="OperatingSystem">
<doc>Appends the given content to the specified file.</doc>
<arguments>
<arg>${TEST_HISTORY}</arg>
<arg>${cur_time}:${SUITE_NAME}:${TEST_NAME}:${TEST_STATUS}${\n}</arg>
</arguments>
<msg timestamp="20170630 19:22:57.609" level="INFO" html="yes">Appended to file '&lt;a href="file:///tmp/fspcibld/7388/obmc-robot/logs/test_history.txt"&gt;/tmp/fspcibld/7388/obmc-robot/logs/test_history.txt&lt;/a&gt;'.</msg>
<status status="PASS" endtime="20170630 19:22:57.609" starttime="20170630 19:22:57.608"></status>
</kw>
<status status="PASS" endtime="20170630 19:22:57.609" starttime="20170630 19:22:57.572"></status>
</kw>
<status status="PASS" endtime="20170630 19:22:57.609" starttime="20170630 19:22:57.250"></status>
</kw>
<doc>This testcase is for testing the SSL connection to the
OpenBMC machine.</doc>
<tags>
<tag>Test_SSL_Connection</tag>
</tags>
<status status="PASS" endtime="20170630 19:22:57.609" critical="yes" starttime="20170630 19:22:57.037"></status>
</test>
<kw name="Delete All Sessions" library="RequestsLibrary.RequestsKeywords" type="teardown">
<doc>Removes all the session objects</doc>
<msg timestamp="20170630 19:22:57.610" level="INFO">Delete All Sessions</msg>
<status status="PASS" endtime="20170630 19:22:57.610" starttime="20170630 19:22:57.610"></status>
</kw>
<doc>This testsuite is for testing SSL connection to OpenBMC</doc>
<status status="PASS" endtime="20170630 19:22:57.610" starttime="20170630 19:22:56.961"></status>
</suite>
<status status="PASS" endtime="20170630 19:22:57.611" starttime="20170630 19:22:56.958"></status>
</suite>
<suite id="s1-s2" source="/tmp/fspcibld/7388/obmc-robot/tests/test_basic_poweron.robot" name="Test Basic Poweron">
<test id="s1-s2-t1" name="Power On Test">
<kw name="Start SOL Console Logging" library="utils" type="setup">
<doc>Start system console log to file.</doc>
<kw name="Create OS Console File Path" library="utils">
<doc>Create OS console file path name and return it.</doc>
<arguments>
<arg>${log_file_path}</arg>
</arguments>
<assign>
<var>${log_file_path}</var>
</assign>
<kw name="Catenate" library="BuiltIn">
<doc>Catenates the given items together and returns the resulted string.</doc>
<arguments>
<arg>/tmp/${OPENBMC_HOST}_os_console</arg>
</arguments>
<assign>
<var>${default_file_path}</var>
</assign>
<msg timestamp="20170630 19:22:57.644" level="INFO">${default_file_path} = /tmp/9.41.166.169_os_console</msg>
<status status="PASS" endtime="20170630 19:22:57.644" starttime="20170630 19:22:57.644"></status>
</kw>
<kw name="Set Variable If" library="BuiltIn">
<doc>Sets variable based on the given condition.</doc>
<arguments>
<arg>'${log_file_path}' == '${EMPTY}'</arg>
<arg>${default_file_path}</arg>
<arg>${log_file_path}</arg>
</arguments>
<assign>
<var>${log_file_path}</var>
</assign>
<msg timestamp="20170630 19:22:57.645" level="INFO">${log_file_path} = /tmp/9.41.166.169_os_console</msg>
<status status="PASS" endtime="20170630 19:22:57.645" starttime="20170630 19:22:57.644"></status>
</kw>
<msg timestamp="20170630 19:22:57.645" level="INFO">${log_file_path} = /tmp/9.41.166.169_os_console</msg>
<status status="PASS" endtime="20170630 19:22:57.645" starttime="20170630 19:22:57.643"></status>
</kw>
<kw name="Stop SOL Console Logging" library="utils">
<doc>Stop system console logging and return log output.</doc>
<arguments>
<arg>${log_file_path}</arg>
<arg>return_data=${return_data}</arg>
</arguments>
<assign>
<var>${log_output}</var>
</assign>
<kw name="Create OS Console File Path" library="utils">
<doc>Create OS console file path name and return it.</doc>
<arguments>
<arg>${log_file_path}</arg>
</arguments>
<assign>
<var>${log_file_path}</var>
</assign>
<kw name="Catenate" library="BuiltIn">
<doc>Catenates the given items together and returns the resulted string.</doc>
<arguments>
<arg>/tmp/${OPENBMC_HOST}_os_console</arg>
</arguments>
<assign>
<var>${default_file_path}</var>
</assign>
<msg timestamp="20170630 19:22:57.647" level="INFO">${default_file_path} = /tmp/9.41.166.169_os_console</msg>
<status status="PASS" endtime="20170630 19:22:57.647" starttime="20170630 19:22:57.647"></status>
</kw>
<kw name="Set Variable If" library="BuiltIn">
<doc>Sets variable based on the given condition.</doc>
<arguments>
<arg>'${log_file_path}' == '${EMPTY}'</arg>
<arg>${default_file_path}</arg>
<arg>${log_file_path}</arg>
</arguments>
<assign>
<var>${log_file_path}</var>
</assign>
<msg timestamp="20170630 19:22:57.648" level="INFO">${log_file_path} = /tmp/9.41.166.169_os_console</msg>
<status status="PASS" endtime="20170630 19:22:57.648" starttime="20170630 19:22:57.647"></status>
</kw>
<msg timestamp="20170630 19:22:57.648" level="INFO">${log_file_path} = /tmp/9.41.166.169_os_console</msg>
<status status="PASS" endtime="20170630 19:22:57.648" starttime="20170630 19:22:57.646"></status>
</kw>
<kw name="Create OS Console Command String" library="utils">
<doc>Return a command string to start OS console logging.</doc>
<assign>
<var>${search_string}</var>
</assign>
<kw name="Catenate" library="BuiltIn">
<doc>Catenates the given items together and returns the resulted string.</doc>
<arguments>
<arg>which ssh_pw 2&gt;&amp;1</arg>
</arguments>
<assign>
<var>${cmd_buf}</var>
</assign>
<msg timestamp="20170630 19:22:57.649" level="INFO">${cmd_buf} = which ssh_pw 2&gt;&amp;1</msg>
<status status="PASS" endtime="20170630 19:22:57.649" starttime="20170630 19:22:57.648"></status>
</kw>
<kw name="Rdpissuing" library="gen_robot_print">
<arguments>
<arg>${cmd_buf}</arg>
</arguments>
<status status="PASS" endtime="20170630 19:22:57.649" starttime="20170630 19:22:57.649"></status>
</kw>
<kw name="Run And Return Rc And Output" library="OperatingSystem">
<doc>Runs the given command in the system and returns the RC and output.</doc>
<arguments>
<arg>${cmd_buf}</arg>
</arguments>
<assign>
<var>${rc}</var>
<var>${output}</var>
</assign>
<msg timestamp="20170630 19:22:57.654" level="INFO">Running command 'which ssh_pw 2&gt;&amp;1'.</msg>
<msg timestamp="20170630 19:22:57.657" level="INFO">${rc} = 0</msg>
<msg timestamp="20170630 19:22:57.657" level="INFO">${output} = /tmp/fspcibld/7388/obmc-robot/.tox/witherspoon/bin/ssh_pw</msg>
<status status="PASS" endtime="20170630 19:22:57.657" starttime="20170630 19:22:57.649"></status>
</kw>
<kw name="Rdpvars" library="gen_robot_print">
<arguments>
<arg>rc</arg>
<arg>output</arg>
</arguments>
<status status="PASS" endtime="20170630 19:22:57.660" starttime="20170630 19:22:57.659"></status>
</kw>
<kw name="Should Be Equal" library="BuiltIn">
<doc>Fails if the given objects are unequal.</doc>
<arguments>
<arg>${rc}</arg>
<arg>${0}</arg>
<arg>msg=${output}\n</arg>
</arguments>
<status status="PASS" endtime="20170630 19:22:57.662" starttime="20170630 19:22:57.661"></status>
</kw>
<kw name="Catenate" library="BuiltIn">
<doc>Catenates the given items together and returns the resulted string.</doc>
<arguments>
<arg>ssh_pw ${OPENBMC_PASSWORD} -p 2200</arg>
<arg>-o "StrictHostKeyChecking no" ${OPENBMC_USERNAME}@${OPENBMC_HOST}</arg>
</arguments>
<assign>
<var>${cmd_buf}</var>
</assign>
<msg timestamp="20170630 19:22:57.663" level="INFO">${cmd_buf} = ssh_pw 0penBmc -p 2200 -o "StrictHostKeyChecking no" root@9.41.166.169</msg>
<status status="PASS" endtime="20170630 19:22:57.663" starttime="20170630 19:22:57.662"></status>
</kw>
<msg timestamp="20170630 19:22:57.663" level="INFO">${search_string} = ssh_pw 0penBmc -p 2200 -o "StrictHostKeyChecking no" root@9.41.166.169</msg>
<status status="PASS" endtime="20170630 19:22:57.663" starttime="20170630 19:22:57.648"></status>
</kw>
<kw name="Catenate" library="BuiltIn">
<doc>Catenates the given items together and returns the resulted string.</doc>
<arguments>
<arg>echo $(ps -ef | egrep '${search_string}'</arg>
<arg>| egrep -v grep | cut -c10-14)</arg>
</arguments>
<assign>
<var>${cmd_buf}</var>
</assign>
<msg timestamp="20170630 19:22:57.664" level="INFO">${cmd_buf} = echo $(ps -ef | egrep 'ssh_pw 0penBmc -p 2200 -o "StrictHostKeyChecking no" root@9.41.166.169' | egrep -v grep | cut -c10-14)</msg>
<status status="PASS" endtime="20170630 19:22:57.664" starttime="20170630 19:22:57.664"></status>
</kw>
<kw name="Rdpissuing" library="gen_robot_print">
<arguments>
<arg>${cmd_buf}</arg>
</arguments>
<status status="PASS" endtime="20170630 19:22:57.665" starttime="20170630 19:22:57.664"></status>
</kw>
<kw name="Run And Return Rc And Output" library="OperatingSystem">
<doc>Runs the given command in the system and returns the RC and output.</doc>
<arguments>
<arg>${cmd_buf}</arg>
</arguments>
<assign>
<var>${rc}</var>
<var>${os_con_pid}</var>
</assign>
<msg timestamp="20170630 19:22:57.669" level="INFO">Running command 'echo $(ps -ef | egrep 'ssh_pw 0penBmc -p 2200 -o "StrictHostKeyChecking no" root@9.41.166.169' | egrep -v grep | cut -c10-14) 2&gt;&amp;1'.</msg>
<msg timestamp="20170630 19:22:57.678" level="INFO">${rc} = 0</msg>
<msg timestamp="20170630 19:22:57.679" level="INFO">${os_con_pid} = </msg>
<status status="PASS" endtime="20170630 19:22:57.679" starttime="20170630 19:22:57.665"></status>
</kw>
<kw name="Rdpvars" library="gen_robot_print">
<arguments>
<arg>os_con_pid</arg>
</arguments>
<status status="PASS" endtime="20170630 19:22:57.681" starttime="20170630 19:22:57.681"></status>
</kw>
<kw name="Catenate" library="BuiltIn">
<doc>Catenates the given items together and returns the resulted string.</doc>
<arguments>
<arg>kill -9 ${os_con_pid}</arg>
</arguments>
<assign>
<var>${cmd_buf}</var>
</assign>
<msg timestamp="20170630 19:22:57.682" level="INFO">${cmd_buf} = kill -9 </msg>
<status status="PASS" endtime="20170630 19:22:57.682" starttime="20170630 19:22:57.682"></status>
</kw>
<kw name="Run Keyword If" library="BuiltIn">
<doc>Runs the given keyword with the given arguments, if ``condition`` is true.</doc>
<arguments>
<arg>'${os_con_pid}' != '${EMPTY}'</arg>
<arg>Rdpissuing</arg>
<arg>${cmd_buf}</arg>
</arguments>
<status status="PASS" endtime="20170630 19:22:57.683" starttime="20170630 19:22:57.683"></status>
</kw>
<kw name="Run Keyword If" library="BuiltIn">
<doc>Runs the given keyword with the given arguments, if ``condition`` is true.</doc>
<arguments>
<arg>'${os_con_pid}' != '${EMPTY}'</arg>
<arg>Run And Return Rc And Output</arg>
<arg>${cmd_buf}</arg>
</arguments>
<assign>
<var>${rc}</var>
<var>${output}</var>
</assign>
<msg timestamp="20170630 19:22:57.684" level="INFO">${rc} = None</msg>
<msg timestamp="20170630 19:22:57.684" level="INFO">${output} = None</msg>
<status status="PASS" endtime="20170630 19:22:57.684" starttime="20170630 19:22:57.683"></status>
</kw>
<kw name="Run Keyword If" library="BuiltIn">
<doc>Runs the given keyword with the given arguments, if ``condition`` is true.</doc>
<arguments>
<arg>'${os_con_pid}' != '${EMPTY}'</arg>
<arg>Rdpvars</arg>
<arg>rc</arg>
<arg>output</arg>
</arguments>
<status status="PASS" endtime="20170630 19:22:57.685" starttime="20170630 19:22:57.684"></status>
</kw>
<kw name="Run Keyword If" library="BuiltIn">
<doc>Runs the given keyword with the given arguments, if ``condition`` is true.</doc>
<arguments>
<arg>'${targ_file_path}' != '${EMPTY}'</arg>
<arg>Run Keyword And Ignore Error</arg>
<arg>Copy File</arg>
<arg>${log_file_path}</arg>
<arg>${targ_file_path}</arg>
</arguments>
<kw name="Run Keyword And Ignore Error" library="BuiltIn">
<doc>Runs the given keyword with the given arguments and ignores possible error.</doc>
<arguments>
<arg>Copy File</arg>
<arg>${log_file_path}</arg>
<arg>${targ_file_path}</arg>
</arguments>
<kw name="Copy File" library="OperatingSystem">
<doc>Copies the source file into the destination.</doc>
<arguments>
<arg>${log_file_path}</arg>
<arg>${targ_file_path}</arg>
</arguments>
<msg timestamp="20170630 19:22:57.686" level="FAIL">Source file '/tmp/9.41.166.169_os_console' does not exist.</msg>
<status status="FAIL" endtime="20170630 19:22:57.687" starttime="20170630 19:22:57.686"></status>
</kw>
<status status="PASS" endtime="20170630 19:22:57.687" starttime="20170630 19:22:57.685"></status>
</kw>
<status status="PASS" endtime="20170630 19:22:57.687" starttime="20170630 19:22:57.685"></status>
</kw>
<kw name="Set Variable" library="BuiltIn">
<doc>Returns the given values which can then be assigned to a variables.</doc>
<arguments>
<arg>${EMPTY}</arg>
</arguments>
<assign>
<var>${output}</var>
</assign>
<msg timestamp="20170630 19:22:57.687" level="INFO">${output} = </msg>
<status status="PASS" endtime="20170630 19:22:57.687" starttime="20170630 19:22:57.687"></status>
</kw>
<kw name="Evaluate" library="BuiltIn">
<doc>Evaluates the given expression in Python and returns the results.</doc>
<arguments>
<arg>${debug}^1</arg>
</arguments>
<assign>
<var>${loc_quiet}</var>
</assign>
<msg timestamp="20170630 19:22:57.688" level="INFO">${loc_quiet} = 1</msg>
<status status="PASS" endtime="20170630 19:22:57.688" starttime="20170630 19:22:57.688"></status>
</kw>
<kw name="Run Keyword If" library="BuiltIn">
<doc>Runs the given keyword with the given arguments, if ``condition`` is true.</doc>
<arguments>
<arg>'${return_data}' == '${1}'</arg>
<arg>Cmd Fnc</arg>
<arg>cat ${log_file_path}</arg>
<arg>quiet=${loc_quiet}</arg>
<arg>print_output=${0}</arg>
</arguments>
<assign>
<var>${rc}</var>
<var>${output}</var>
</assign>
<kw name="Cmd Fnc" library="gen_cmd">
<doc>Run the given command in a shell and return the shell return code.</doc>
<arguments>
<arg>cat ${log_file_path}</arg>
<arg>quiet=${loc_quiet}</arg>
<arg>print_output=${0}</arg>
</arguments>
<status status="PASS" endtime="20170630 19:22:57.882" starttime="20170630 19:22:57.689"></status>
</kw>
<msg timestamp="20170630 19:22:57.882" level="INFO">${rc} = 1</msg>
<msg timestamp="20170630 19:22:57.882" level="INFO">${output} = cat: /tmp/9.41.166.169_os_console: No such file or directory
</msg>
<status status="PASS" endtime="20170630 19:22:57.882" starttime="20170630 19:22:57.688"></status>
</kw>
<msg timestamp="20170630 19:22:57.883" level="INFO">${log_output} = cat: /tmp/9.41.166.169_os_console: No such file or directory
</msg>
<status status="PASS" endtime="20170630 19:22:57.883" starttime="20170630 19:22:57.645"></status>
</kw>
<kw name="Create File" library="OperatingSystem">
<doc>Creates a file with the given content and encoding.</doc>
<arguments>
<arg>${log_file_path}</arg>
</arguments>
<msg timestamp="20170630 19:22:57.885" level="INFO" html="yes">Created file '&lt;a href="file:///tmp/9.41.166.169_os_console"&gt;/tmp/9.41.166.169_os_console&lt;/a&gt;'.</msg>
<status status="PASS" endtime="20170630 19:22:57.885" starttime="20170630 19:22:57.885"></status>
</kw>
<kw name="Create OS Console Command String" library="utils">
<doc>Return a command string to start OS console logging.</doc>
<assign>
<var>${sub_cmd_buf}</var>
</assign>
<kw name="Catenate" library="BuiltIn">
<doc>Catenates the given items together and returns the resulted string.</doc>
<arguments>
<arg>which ssh_pw 2&gt;&amp;1</arg>
</arguments>
<assign>
<var>${cmd_buf}</var>
</assign>
<msg timestamp="20170630 19:22:57.886" level="INFO">${cmd_buf} = which ssh_pw 2&gt;&amp;1</msg>
<status status="PASS" endtime="20170630 19:22:57.886" starttime="20170630 19:22:57.886"></status>
</kw>
<kw name="Rdpissuing" library="gen_robot_print">
<arguments>
<arg>${cmd_buf}</arg>
</arguments>
<status status="PASS" endtime="20170630 19:22:57.887" starttime="20170630 19:22:57.886"></status>
</kw>
<kw name="Run And Return Rc And Output" library="OperatingSystem">
<doc>Runs the given command in the system and returns the RC and output.</doc>
<arguments>
<arg>${cmd_buf}</arg>
</arguments>
<assign>
<var>${rc}</var>
<var>${output}</var>
</assign>
<msg timestamp="20170630 19:22:57.890" level="INFO">Running command 'which ssh_pw 2&gt;&amp;1'.</msg>
<msg timestamp="20170630 19:22:57.894" level="INFO">${rc} = 0</msg>
<msg timestamp="20170630 19:22:57.894" level="INFO">${output} = /tmp/fspcibld/7388/obmc-robot/.tox/witherspoon/bin/ssh_pw</msg>
<status status="PASS" endtime="20170630 19:22:57.894" starttime="20170630 19:22:57.887"></status>
</kw>
<kw name="Rdpvars" library="gen_robot_print">
<arguments>
<arg>rc</arg>
<arg>output</arg>
</arguments>
<status status="PASS" endtime="20170630 19:22:57.897" starttime="20170630 19:22:57.896"></status>
</kw>
<kw name="Should Be Equal" library="BuiltIn">
<doc>Fails if the given objects are unequal.</doc>
<arguments>
<arg>${rc}</arg>
<arg>${0}</arg>
<arg>msg=${output}\n</arg>
</arguments>
<status status="PASS" endtime="20170630 19:22:57.898" starttime="20170630 19:22:57.897"></status>
</kw>
<kw name="Catenate" library="BuiltIn">
<doc>Catenates the given items together and returns the resulted string.</doc>
<arguments>
<arg>ssh_pw ${OPENBMC_PASSWORD} -p 2200</arg>
<arg>-o "StrictHostKeyChecking no" ${OPENBMC_USERNAME}@${OPENBMC_HOST}</arg>
</arguments>
<assign>
<var>${cmd_buf}</var>
</assign>
<msg timestamp="20170630 19:22:57.899" level="INFO">${cmd_buf} = ssh_pw 0penBmc -p 2200 -o "StrictHostKeyChecking no" root@9.41.166.169</msg>
<status status="PASS" endtime="20170630 19:22:57.899" starttime="20170630 19:22:57.899"></status>
</kw>
<msg timestamp="20170630 19:22:57.899" level="INFO">${sub_cmd_buf} = ssh_pw 0penBmc -p 2200 -o "StrictHostKeyChecking no" root@9.41.166.169</msg>
<status status="PASS" endtime="20170630 19:22:57.899" starttime="20170630 19:22:57.885"></status>
</kw>
<kw name="Catenate" library="BuiltIn">
<doc>Catenates the given items together and returns the resulted string.</doc>
<arguments>
<arg>${sub_cmd_buf} &gt; ${log_file_path} 2&gt;&amp;1 &amp;</arg>
</arguments>
<assign>
<var>${cmd_buf}</var>
</assign>
<msg timestamp="20170630 19:22:57.900" level="INFO">${cmd_buf} = ssh_pw 0penBmc -p 2200 -o "StrictHostKeyChecking no" root@9.41.166.169 &gt; /tmp/9.41.166.169_os_console 2&gt;&amp;1 &amp;</msg>
<status status="PASS" endtime="20170630 19:22:57.900" starttime="20170630 19:22:57.900"></status>
</kw>
<kw name="Rdpissuing" library="gen_robot_print">
<arguments>
<arg>${cmd_buf}</arg>
</arguments>
<status status="PASS" endtime="20170630 19:22:57.901" starttime="20170630 19:22:57.900"></status>
</kw>
<kw name="Run And Return Rc And Output" library="OperatingSystem">
<doc>Runs the given command in the system and returns the RC and output.</doc>
<arguments>
<arg>${cmd_buf}</arg>
</arguments>
<assign>
<var>${rc}</var>
<var>${output}</var>
</assign>
<msg timestamp="20170630 19:22:57.905" level="INFO">Running command 'ssh_pw 0penBmc -p 2200 -o "StrictHostKeyChecking no" root@9.41.166.169 &gt; /tmp/9.41.166.169_os_console 2&gt;&amp;1 &amp;'.</msg>
<msg timestamp="20170630 19:22:57.907" level="INFO">${rc} = 0</msg>
<msg timestamp="20170630 19:22:57.908" level="INFO">${output} = </msg>
<status status="PASS" endtime="20170630 19:22:57.908" starttime="20170630 19:22:57.901"></status>
</kw>
<kw name="Should Be Equal" library="BuiltIn">
<doc>Fails if the given objects are unequal.</doc>
<arguments>
<arg>${rc}</arg>
<arg>${0}</arg>
</arguments>
<status status="PASS" endtime="20170630 19:22:57.911" starttime="20170630 19:22:57.910"></status>
</kw>
<status status="PASS" endtime="20170630 19:22:57.911" starttime="20170630 19:22:57.643"></status>
</kw>
<kw name="Repeat Keyword" library="BuiltIn">
<doc>Executes the specified keyword multiple times.</doc>
<arguments>
<arg>${LOOP_COUNT} times</arg>
<arg>Host Off And On</arg>
</arguments>
<msg timestamp="20170630 19:22:57.912" level="INFO">Repeating keyword, round 1/2.</msg>
<kw name="Host Off And On">
<doc>Verify power off and on.</doc>
<kw name="Initiate Host PowerOff" library="state_manager">
<doc>Initiate host power off.</doc>
<kw name="Create Dictionary" library="BuiltIn">
<doc>Creates and returns a dictionary based on the given ``items``.</doc>
<arguments>
<arg>data=${HOST_POWEROFF_TRANS}</arg>
</arguments>
<assign>
<var>${args}</var>
</assign>
<msg timestamp="20170630 19:22:57.914" level="INFO">${args} = {u'data': 'xyz.openbmc_project.State.Host.Transition.Off'}</msg>
<status status="PASS" endtime="20170630 19:22:57.914" starttime="20170630 19:22:57.913"></status>
</kw>
[...]
per/21762--vg-root: |================                        \ 40.0%   /dev/mapper/21762--vg-root: |================                        | 40.1%   /dev/mapper/21762--vg-root: |================                        / 40.2%   /dev/mapper/21762--vg-root: |================                        - 40.2%   /dev/mapper/21762--vg-root: |================                        \ 40.4%   /dev/mapper/21762--vg-root: |================                        | 40.5%   /dev/mapper/21762--vg-root: |================                        / 40.6%   /dev/mapper/21762--vg-root: |================                        - 40.7%   /dev/mapper/21762--vg-root: |================                        \ 40.8%   /dev/mapper/21762--vg-root: |================                        | 40.9%   /dev/mapper/21762--vg-root: |================                        / 41.0%   /dev/mapper/21762--vg-root: |================                        - 41.1%   /dev/mapper/21762--vg-root: |================                        \ 41.2%   /dev/mapper/21762--vg-root: |=================                       | 41.3%   /dev/mapper/21762--vg-root: |=================                       / 41.4%   /dev/mapper/21762--vg-root: |=================                       - 41.5%   /dev/mapper/21762--vg-root: |=================                       \ 41.6%   /dev/mapper/21762--vg-root: |=================                       | 41.7%   /dev/mapper/21762--vg-root: |=================                       / 41.8%   /dev/mapper/21762--vg-root: |=================                       - 41.9%   /dev/mapper/21762--vg-root: |=================                       \ 42.0%   /dev/mapper/21762--vg-root: |=================                       | 42.1%   /dev/mapper/21762--vg-root: |=================                       / 42.2%   /dev/mapper/21762--vg-root: |=================                       - 42.3%   /dev/mapper/21762--vg-root: |=================                       \ 42.4%   /dev/mapper/21762--vg-root: |=================                       | 42.5%   /dev/mapper/21762--vg-root: |=================                       / 42.6%   /dev/mapper/21762--vg-root: |=================                       - 42.7%   /dev/mapper/21762--vg-root: |=================                       \ 42.8%   /dev/mapper/21762--vg-root: |=================                       | 42.9%   /dev/mapper/21762--vg-root: |=================                       / 43.0%   /dev/mapper/21762--vg-root: |=================                       - 43.0%   /dev/mapper/21762--vg-root: |=================                       \ 43.2%   /dev/mapper/21762--vg-root: |=================                       | 43.3%   /dev/mapper/21762--vg-root: |=================                       / 43.4%   /dev/mapper/21762--vg-root: |=================                       - 43.5%   /dev/mapper/21762--vg-root: |=================                       \ 43.6%   /dev/mapper/21762--vg-root: |=================                       | 43.7%   /dev/mapper/21762--vg-root: |==================                      / 43.8%   /dev/mapper/21762--vg-root: |==================                      - 43.9%   /dev/mapper/21762--vg-root: |==================                      \ 44.0%   /dev/mapper/21762--vg-root: |==================                      | 44.1%   /dev/mapper/21762--vg-root: |==================                      / 44.2%   /dev/mapper/21762--vg-root: |==================                      - 44.3%   /dev/mapper/21762--vg-root: |==================                      \ 44.4%   /dev/mapper/21762--vg-root: |==================                      | 44.5%   /dev/mapper/21762--vg-root: |==================                      / 44.6%   /dev/mapper/21762--vg-root: |==================                      - 44.7%   /dev/mapper/21762--vg-root: |==================                      \ 44.8%   /dev/mapper/21762--vg-root: |==================                      | 44.9%   /dev/mapper/21762--vg-root: |==================                      / 45.0%   /dev/mapper/21762--vg-root: |==================                      - 45.1%   /dev/mapper/21762--vg-root: |==================                      \ 45.2%   /dev/mapper/21762--vg-root: |==================                      | 45.3%   /dev/mapper/21762--vg-root: |==================                      / 45.4%   /dev/mapper/21762--vg-root: |==================                      - 45.5%   /dev/mapper/21762--vg-root: |==================                      \ 45.6%   /dev/mapper/21762--vg-root: |==================                      | 45.7%   /dev/mapper/21762--vg-root: |==================                      / 45.8%   /dev/mapper/21762--vg-root: |==================                      - 45.8%   /dev/mapper/21762--vg-root: |==================                      \ 46.0%   /dev/mapper/21762--vg-root: |==================                      | 46.1%   /dev/mapper/21762--vg-root: |==================                      / 46.2%   /dev/mapper/21762--vg-root: |===================                     - 46.3%   /dev/mapper/21762--vg-root: |===================                     \ 46.4%   /dev/mapper/21762--vg-root: |===================                     | 46.5%   /dev/mapper/21762--vg-root: |===================                     / 46.6%   /dev/mapper/21762--vg-root: |===================                     - 46.7%   /dev/mapper/21762--vg-root: |===================                     \ 46.8%   /dev/mapper/21762--vg-root: |===================                     | 46.9%   /dev/mapper/21762--vg-root: |===================                     / 47.0%   /dev/mapper/21762--vg-root: |===================                     - 47.1%   /dev/mapper/21762--vg-root: |===================                     \ 47.2%   /dev/mapper/21762--vg-root: |===================                     | 47.2%   /dev/mapper/21762--vg-root: |===================                     / 47.4%   /dev/mapper/21762--vg-root: |===================                     - 47.5%   /dev/mapper/21762--vg-root: |===================                     \ 47.6%   /dev/mapper/21762--vg-root: |===================                     | 47.7%   /dev/mapper/21762--vg-root: |===================                     / 47.8%   /dev/mapper/21762--vg-root: |===================                     - 47.9%   /dev/mapper/21762--vg-root: |===================                     \ 48.0%   /dev/mapper/21762--vg-root: |===================                     | 48.1%   /dev/mapper/21762--vg-root: |===================                     / 48.2%   /dev/mapper/21762--vg-root: |===================                     - 48.3%   /dev/mapper/21762--vg-root: |===================                     \ 48.4%   /dev/mapper/21762--vg-root: |===================                     | 48.5%   /dev/mapper/21762--vg-root: |===================                     / 48.6%   /dev/mapper/21762--vg-root: |===================                     - 48.7%   /dev/mapper/21762--vg-root: |====================                    \ 48.8%   /dev/mapper/21762--vg-root: |====================                    | 48.9%   /dev/mapper/21762--vg-root: |====================                    / 49.0%   /dev/mapper/21762--vg-root: |====================                    - 49.1%   /dev/mapper/21762--vg-root: |====================                    \ 49.2%   /dev/mapper/21762--vg-root: |====================                    | 49.3%   /dev/mapper/21762--vg-root: |====================                    / 49.3%   /dev/mapper/21762--vg-root: |====================                    - 49.5%   /dev/mapper/21762--vg-root: |====================                    \ 49.6%   /dev/mapper/21762--vg-root: |====================                    | 49.7%   /dev/mapper/21762--vg-root: |====================                    / 49.8%   /dev/mapper/21762--vg-root: |====================                    - 49.9%   /dev/mapper/21762--vg-root: |====================                    \ 50.0%   /dev/mapper/21762--vg-root: |====================                    | 50.0%   /dev/mapper/21762--vg-root: |====================                    / 50.2%   /dev/mapper/21762--vg-root: |====================                    - 50.3%   /dev/mapper/21762--vg-root: |====================                    \ 50.4%   /dev/mapper/21762--vg-root: |====================                    | 50.5%   /dev/mapper/21762--vg-root: |====================                    / 50.6%   /dev/mapper/21762--vg-root: |====================                    - 50.7%   /dev/mapper/21762--vg-root: |====================                    \ 50.8%   /dev/mapper/21762--vg-root: |====================                    | 50.9%   /dev/mapper/21762--vg-root: |====================                    / 51.0%   /dev/mapper/21762--vg-root: |====================                    - 51.1%   /dev/mapper/21762--vg-root: |====================                    \ 51.2%   /dev/mapper/21762--vg-root: |=====================                   | 51.3%   /dev/mapper/21762--vg-root: |=====================                   / 51.4%   /dev/mapper/21762--vg-root: |=====================                   - 51.5%   /dev/mapper/21762--vg-root: |=====================                   \ 51.6%   /dev/mapper/21762--vg-root: |=====================                   | 51.7%   /dev/mapper/21762--vg-root: |=====================                   / 51.8%   /dev/mapper/21762--vg-root: |=====================                   - 51.9%   /dev/mapper/21762--vg-root: |=====================                   \ 52.0%   /dev/mapper/21762--vg-root: |=====================                   | 52.1%   /dev/mapper/21762--vg-root: |=====================                   / 52.2%   /dev/mapper/21762--vg-root: |=====================                   - 52.3%   /dev/mapper/21762--vg-root: |=====================                   \ 52.4%   /dev/mapper/21762--vg-root: |=====================                   | 52.5%   /dev/mapper/21762--vg-root: |=====================                   / 52.6%   /dev/mapper/21762--vg-root: |=====================                   - 52.7%   /dev/mapper/21762--vg-root: |=====================                   \ 52.8%   /dev/mapper/21762--vg-root: |=====================                   | 52.8%   /dev/mapper/21762--vg-root: |=====================                   / 53.0%   /dev/mapper/21762--vg-root: |=====================                   - 53.1%   /dev/mapper/21762--vg-root: |=====================                   \ 53.2%   /dev/mapper/21762--vg-root: |=====================                   | 53.3%   /dev/mapper/21762--vg-root: |=====================                   / 53.4%   /dev/mapper/21762--vg-root: |=====================                   - 53.5%   /dev/mapper/21762--vg-root: |=====================                   \ 53.5%   /dev/mapper/21762--vg-root: |=====================                   | 53.7%   /dev/mapper/21762--vg-root: |======================                  / 53.8%   /dev/mapper/21762--vg-root: |======================                  - 53.9%   /dev/mapper/21762--vg-root: |======================                  \ 54.0%   /dev/mapper/21762--vg-root: |======================                  | 54.1%   /dev/mapper/21762--vg-root: |======================                  / 54.2%   /dev/mapper/21762--vg-root: |======================                  - 54.2%   /dev/mapper/21762--vg-root: |======================                  \ 54.4%   /dev/mapper/21762--vg-root: |======================                  | 54.5%   /dev/mapper/21762--vg-root: |======================                  / 54.6%   /dev/mapper/21762--vg-root: |======================                  - 54.7%   /dev/mapper/21762--vg-root: |======================                  \ 54.8%   /dev/mapper/21762--vg-root: |======================                  | 54.9%   /dev/mapper/21762--vg-root: |======================                  / 55.0%   /dev/mapper/21762--vg-root: |======================                  - 55.1%   /dev/mapper/21762--vg-root: |======================                  \ 55.2%   /dev/mapper/21762--vg-root: |======================                  | 55.3%   /dev/mapper/21762--vg-root: |======================                  / 55.4%   /dev/mapper/21762--vg-root: |======================                  - 55.5%   /dev/mapper/21762--vg-root: |======================                  \ 55.6%   /dev/mapper/21762--vg-root: |======================                  | 55.7%   /dev/mapper/21762--vg-root: |======================                  / 55.8%   /dev/mapper/21762--vg-root: |======================                  - 55.9%   /dev/mapper/21762--vg-root: |======================                  \ 56.0%   /dev/mapper/21762--vg-root: |======================                  | 56.1%   /dev/mapper/21762--vg-root: |======================                  / 56.2%   /dev/mapper/21762--vg-root: |=======================                 - 56.3%   /dev/mapper/21762--vg-root: |=======================                 \ 56.4%   /dev/mapper/21762--vg-root: |=======================                 | 56.5%   /dev/mapper/21762--vg-root: |=======================                 / 56.6%   /dev/mapper/21762--vg-root: |=======================                 - 56.7%   /dev/mapper/21762--vg-root: |=======================                 \ 56.8%   /dev/mapper/21762--vg-root: |=======================                 | 56.9%   /dev/mapper/21762--vg-root: |=======================                 / 57.0%   /dev/mapper/21762--vg-root: |=======================                 - 57.0%   /dev/mapper/21762--vg-root: |=======================                 \ 57.2%   /dev/mapper/21762--vg-root: |=======================                 | 57.3%   /dev/mapper/21762--vg-root: |=======================                 / 57.4%   /dev/mapper/21762--vg-root: |=======================                 - 57.5%   /dev/mapper/21762--vg-root: |=======================                 \ 57.6%   /dev/mapper/21762--vg-root: |=======================                 | 57.7%   /dev/mapper/21762--vg-root: |=======================                 / 57.8%   /dev/mapper/21762--vg-root: |=======================                 - 57.9%   /dev/mapper/21762--vg-root: |=======================                 \ 58.0%   /dev/mapper/21762--vg-root: |=======================                 | 58.1%   /dev/mapper/21762--vg-root: |=======================                 / 58.2%   /dev/mapper/21762--vg-root: |=======================                 - 58.3%   /dev/mapper/21762--vg-root: |=======================                 \ 58.4%   /dev/mapper/21762--vg-root: |=======================                 | 58.4%   /dev/mapper/21762--vg-root: |=======================                 / 58.6%   /dev/mapper/21762--vg-root: |=======================                 - 58.7%   /dev/mapper/21762--vg-root: |========================                \ 58.8%   /dev/mapper/21762--vg-root: |========================                | 58.9%   /dev/mapper/21762--vg-root: |========================                / 59.0%   /dev/mapper/21762--vg-root: |========================                - 59.1%   /dev/mapper/21762--vg-root: |========================                \ 59.2%   /dev/mapper/21762--vg-root: |========================                | 59.3%   /dev/mapper/21762--vg-root: |========================                / 59.4%   /dev/mapper/21762--vg-root: |========================                - 59.5%   /dev/mapper/21762--vg-root: |========================                \ 59.6%   /dev/mapper/21762--vg-root: |========================                | 59.7%   /dev/mapper/21762--vg-root: |========================                / 59.8%   /dev/mapper/21762--vg-root: |========================                - 59.9%   /dev/mapper/21762--vg-root: |========================                \ 60.0%   /dev/mapper/21762--vg-root: |========================                | 60.1%   /dev/mapper/21762--vg-root: |========================                / 60.2%   /dev/mapper/21762--vg-root: |========================                - 60.3%   /dev/mapper/21762--vg-root: |========================                \ 60.4%   /dev/mapper/21762--vg-root: |========================                | 60.5%   /dev/mapper/21762--vg-root: |========================                / 60.5%   /dev/mapper/21762--vg-root: |========================                - 60.7%   /dev/mapper/21762--vg-root: |========================                \ 60.8%   /dev/mapper/21762--vg-root: |========================                | 60.9%   /dev/mapper/21762--vg-root: |========================                / 61.0%   /dev/mapper/21762--vg-root: |========================                - 61.1%   /dev/mapper/21762--vg-root: |========================                \ 61.2%   /dev/mapper/21762--vg-root: |=========================               | 61.2%   /dev/mapper/21762--vg-root: |=========================               / 61.4%   /dev/mapper/21762--vg-root: |=========================               - 61.5%   /dev/mapper/21762--vg-root: |=========================               \ 61.6%   /dev/mapper/21762--vg-root: |=========================               | 61.7%   /dev/mapper/21762--vg-root: |=========================               / 61.8%   /dev/mapper/21762--vg-root: |=========================               - 61.9%   /dev/mapper/21762--vg-root: |=========================               \ 62.0%   /dev/mapper/21762--vg-root: |=========================               | 62.1%   /dev/mapper/21762--vg-root: |=========================               / 62.2%   /dev/mapper/21762--vg-root: |=========================               - 62.3%   /dev/mapper/21762--vg-root: |=========================               \ 62.4%   /dev/mapper/21762--vg-root: |=========================               | 62.5%   /dev/mapper/21762--vg-root: |=========================               / 62.6%   /dev/mapper/21762--vg-root: |=========================               - 62.6%   /dev/mapper/21762--vg-root: |=========================               \ 62.8%   /dev/mapper/21762--vg-root: |=========================               | 62.9%   /dev/mapper/21762--vg-root: |=========================               / 63.0%   /dev/mapper/21762--vg-root: |=========================               - 63.1%   </msg>
<status status="PASS" endtime="20170630 19:26:25.446" starttime="20170630 19:26:25.442"></status>
</kw>
<status status="PASS" endtime="20170630 19:26:25.447" starttime="20170630 19:26:03.514"></status>
</kw>
<doc>Power off and on.</doc>
<tags>
<tag>chassisboot</tag>
<tag>Power_On_Test</tag>
</tags>
<status status="FAIL" endtime="20170630 19:26:25.447" critical="yes" starttime="20170630 19:22:57.642">Keyword 'Is Host Off' failed after retrying for 3 minutes. The last error was: Off != Running</status>
</test>
<doc>Test power on for HW CI.</doc>
<status status="FAIL" endtime="20170630 19:26:25.452" starttime="20170630 19:22:57.612"></status>
</suite>
<doc>Set metadata for test suite.</doc>
<status status="FAIL" endtime="20170630 19:26:25.461" starttime="20170630 19:22:50.798"></status>
</suite>
<statistics>
<total>
<stat fail="1" pass="1">Critical Tests</stat>
<stat fail="1" pass="1">All Tests</stat>
</total>
<tag>
<stat fail="1" pass="0">chassisboot</stat>
<stat fail="1" pass="0">Power_On_Test</stat>
<stat fail="0" pass="1">Test_SSL_Connection</stat>
</tag>
<suite>
<stat id="s1" fail="1" name="Tests" pass="1">Tests</stat>
<stat id="s1-s1" fail="0" name="Security" pass="1">Tests.Security</stat>
<stat id="s1-s1-s1" fail="0" name="Test Ssl" pass="1">Tests.Security.Test Ssl</stat>
<stat id="s1-s2" fail="1" name="Test Basic Poweron" pass="0">Tests.Test Basic Poweron</stat>
</suite>
</statistics>
<errors>
</errors>
</robot>
