<?xml version="1.0" encoding="UTF-8"?>
<robot generator="Robot 3.0 (Python 2.7.12 on linux2)" generated="20161207 04:51:50.858">
<suite id="s1" name="Tests" source="/tmp/root/2317/obmc-robot/tests">
<suite id="s1-s1" name="Security" source="/tmp/root/2317/obmc-robot/tests/security">
<suite id="s1-s1-s1" name="Test Ssl" source="/tmp/root/2317/obmc-robot/tests/security/test_ssl.robot">
<test id="s1-s1-s1-t1" name="Test SSL Connection">
<kw library="rest_client" name="Initialize OpenBMC">
<kw library="RequestsLibrary.RequestsKeywords" name="Create Session">
<doc>Create Session: create a HTTP session to a server</doc>
<arguments>
<arg>openbmc</arg>
<arg>${AUTH_URI}</arg>
<arg>timeout=${timeout}</arg>
<arg>max_retries=3</arg>
</arguments>
<msg timestamp="20161207 04:51:51.505" level="INFO">Creating Session using : alias=openbmc, url=https://9.3.23.30:443, headers={},                     cookies=None, auth=None, timeout=10, proxies=None, verify=False,                     debug=0 </msg>
<status status="PASS" starttime="20161207 04:51:51.505" endtime="20161207 04:51:51.505"></status>
</kw>
<kw library="BuiltIn" name="Create Dictionary">
<doc>Creates and returns a dictionary based on given items.</doc>
<arguments>
<arg>Content-Type=application/json</arg>
</arguments>
<assign>
<var>${headers}</var>
</assign>
<msg timestamp="20161207 04:51:51.506" level="INFO">${headers} = {u'Content-Type': u'application/json'}</msg>
<status status="PASS" starttime="20161207 04:51:51.505" endtime="20161207 04:51:51.506"></status>
</kw>
<kw library="BuiltIn" name="Create List">
<doc>Returns a list containing given items.</doc>
<arguments>
<arg>${OPENBMC_USERNAME}</arg>
<arg>${OPENBMC_PASSWORD}</arg>
</arguments>
<assign>
<var>@{credentials}</var>
</assign>
<msg timestamp="20161207 04:51:51.507" level="INFO">@{credentials} = [ root | 0penBmc ]</msg>
<status status="PASS" starttime="20161207 04:51:51.506" endtime="20161207 04:51:51.507"></status>
</kw>
<kw library="BuiltIn" name="Create Dictionary">
<doc>Creates and returns a dictionary based on given items.</doc>
<arguments>
<arg>data=@{credentials}</arg>
</arguments>
<assign>
<var>${data}</var>
</assign>
<msg timestamp="20161207 04:51:51.507" level="INFO">${data} = {u'data': [u'root', u'0penBmc']}</msg>
<status status="PASS" starttime="20161207 04:51:51.507" endtime="20161207 04:51:51.507"></status>
</kw>
<kw library="RequestsLibrary.RequestsKeywords" name="Post Request">
<doc>Send a POST request on the session object found using the</doc>
<arguments>
<arg>openbmc</arg>
<arg>/login</arg>
<arg>data=${data}</arg>
<arg>headers=${headers}</arg>
</arguments>
<assign>
<var>${resp}</var>
</assign>
<msg timestamp="20161207 04:51:51.852" level="INFO">Post Request using : alias=openbmc, uri=/login, data={"data": ["root", "0penBmc"]},                     headers={u'Content-Type': u'application/json'}, files=None, allow_redirects=True </msg>
<msg timestamp="20161207 04:51:51.852" level="INFO">${resp} = &lt;Response [200]&gt;</msg>
<status status="PASS" starttime="20161207 04:51:51.507" endtime="20161207 04:51:51.852"></status>
</kw>
<kw library="BuiltIn" name="Should Be Equal As Strings">
<doc>Fails if objects are unequal after converting them to strings.</doc>
<arguments>
<arg>${resp.status_code}</arg>
<arg>${HTTP_OK}</arg>
</arguments>
<msg timestamp="20161207 04:51:51.854" level="INFO">Argument types are:
&lt;type 'int'&gt;
&lt;type 'unicode'&gt;</msg>
<status status="PASS" starttime="20161207 04:51:51.853" endtime="20161207 04:51:51.854"></status>
</kw>
<status status="PASS" starttime="20161207 04:51:51.504" endtime="20161207 04:51:51.854"></status>
</kw>
<kw type="teardown" library="openbmc_ffdc" name="FFDC On Test Case Fail">
<doc>Generic FFDC entry point. Place holder to hook in</doc>
<kw library="BuiltIn" name="Run Keyword If">
<doc>Runs the given keyword with the given arguments, if ``condition`` is true.</doc>
<arguments>
<arg>'${TEST_STATUS}' == 'FAIL'</arg>
<arg>FFDC</arg>
</arguments>
<status status="PASS" starttime="20161207 04:51:51.855" endtime="20161207 04:51:51.861"></status>
</kw>
<kw library="openbmc_ffdc_methods" name="Log Test Case Status">
<doc>Test case execution result history.</doc>
<kw library="OperatingSystem" name="Create Directory">
<doc>Creates the specified directory.</doc>
<arguments>
<arg>${FFDC_LOG_PATH}</arg>
</arguments>
<msg timestamp="20161207 04:51:51.863" level="INFO" html="yes">Created directory '&lt;a href="file:///tmp/root/2317/obmc-robot/logs"&gt;/tmp/root/2317/obmc-robot/logs&lt;/a&gt;'.</msg>
<status status="PASS" starttime="20161207 04:51:51.862" endtime="20161207 04:51:51.863"></status>
</kw>
<kw library="BuiltIn" name="Run Keyword And Return Status">
<doc>Runs the given keyword with given arguments and returns the status as a Boolean value.</doc>
<arguments>
<arg>OperatingSystem.File Should Exist</arg>
<arg>${TEST_HISTORY}</arg>
</arguments>
<assign>
<var>${exist}</var>
</assign>
<kw library="OperatingSystem" name="File Should Exist">
<doc>Fails unless the given ``path`` points to an existing file.</doc>
<arguments>
<arg>${TEST_HISTORY}</arg>
</arguments>
<msg timestamp="20161207 04:51:51.865" level="FAIL">File '/tmp/root/2317/obmc-robot/logs/test_history.txt' does not exist.</msg>
<status status="FAIL" starttime="20161207 04:51:51.864" endtime="20161207 04:51:51.865"></status>
</kw>
<msg timestamp="20161207 04:51:51.865" level="INFO">${exist} = False</msg>
<status status="PASS" starttime="20161207 04:51:51.863" endtime="20161207 04:51:51.865"></status>
</kw>
<kw library="BuiltIn" name="Run Keyword If">
<doc>Runs the given keyword with the given arguments, if ``condition`` is true.</doc>
<arguments>
<arg>'${exist}' == '${False}'</arg>
<arg>Create File</arg>
<arg>${TEST_HISTORY}</arg>
</arguments>
<kw library="OperatingSystem" name="Create File">
<doc>Creates a file with the given content and encoding.</doc>
<arguments>
<arg>${TEST_HISTORY}</arg>
</arguments>
<msg timestamp="20161207 04:51:51.879" level="INFO" html="yes">Created file '&lt;a href="file:///tmp/root/2317/obmc-robot/logs/test_history.txt"&gt;/tmp/root/2317/obmc-robot/logs/test_history.txt&lt;/a&gt;'.</msg>
<status status="PASS" starttime="20161207 04:51:51.878" endtime="20161207 04:51:51.880"></status>
</kw>
<status status="PASS" starttime="20161207 04:51:51.866" endtime="20161207 04:51:51.880"></status>
</kw>
<kw library="openbmc_ffdc_utils" name="Get Current Time Stamp">
<doc>Get the current time stamp data</doc>
<assign>
<var>${cur_time}</var>
</assign>
<kw library="DateTime" name="Get Current Date">
<doc>Returns current local or UTC time with an optional increment.</doc>
<arguments>
<arg>result_format=%Y-%m-%d %H:%M:%S:%f</arg>
</arguments>
<assign>
<var>${cur_time}</var>
</assign>
<msg timestamp="20161207 04:51:51.882" level="INFO">${cur_time} = 2016-12-07 04:51:51:881228</msg>
<status status="PASS" starttime="20161207 04:51:51.881" endtime="20161207 04:51:51.882"></status>
</kw>
<kw library="openbmc_ffdc_list" name="Get Strip String">
<doc>########################################################################</doc>
<arguments>
<arg>${cur_time}</arg>
</arguments>
<assign>
<var>${cur_time}</var>
</assign>
<msg timestamp="20161207 04:51:51.883" level="INFO">${cur_time} = 20161207045151881228</msg>
<status status="PASS" starttime="20161207 04:51:51.882" endtime="20161207 04:51:51.883"></status>
</kw>
<msg timestamp="20161207 04:51:51.883" level="INFO">${cur_time} = 20161207045151881228</msg>
<status status="PASS" starttime="20161207 04:51:51.880" endtime="20161207 04:51:51.884"></status>
</kw>
<kw library="OperatingSystem" name="Append To File">
<doc>Appends the given contend to the specified file.</doc>
<arguments>
<arg>${TEST_HISTORY}</arg>
<arg>${cur_time}:${SUITE_NAME}:${TEST_NAME}:${TEST_STATUS}${\n}</arg>
</arguments>
<msg timestamp="20161207 04:51:51.885" level="INFO" html="yes">Appended to file '&lt;a href="file:///tmp/root/2317/obmc-robot/logs/test_history.txt"&gt;/tmp/root/2317/obmc-robot/logs/test_history.txt&lt;/a&gt;'.</msg>
<status status="PASS" starttime="20161207 04:51:51.884" endtime="20161207 04:51:51.886"></status>
</kw>
<status status="PASS" starttime="20161207 04:51:51.861" endtime="20161207 04:51:51.886"></status>
</kw>
<status status="PASS" starttime="20161207 04:51:51.854" endtime="20161207 04:51:51.886"></status>
</kw>
<doc>This testcase is for testing the SSL connection to the
OpenBMC machine.</doc>
<tags>
<tag>Test_SSL_Connection</tag>
</tags>
<status status="PASS" starttime="20161207 04:51:51.504" endtime="20161207 04:51:51.887" critical="yes"></status>
</test>
<kw type="teardown" library="RequestsLibrary.RequestsKeywords" name="Delete All Sessions">
<doc>Removes all the session objects</doc>
<msg timestamp="20161207 04:51:51.889" level="INFO">Delete All Sessions</msg>
<status status="PASS" starttime="20161207 04:51:51.888" endtime="20161207 04:51:51.889"></status>
</kw>
<doc>This testsuite is for testing SSL connection to OpenBMC</doc>
<status status="PASS" starttime="20161207 04:51:50.885" endtime="20161207 04:51:51.889"></status>
</suite>
<status status="PASS" starttime="20161207 04:51:50.883" endtime="20161207 04:51:51.891"></status>
</suite>
<suite id="s1-s2" name="Test Association" source="/tmp/root/2317/obmc-robot/tests/test_association.robot">
<kw type="setup" name="Suite Initialization Setup">
<kw library="connection_client" name="Open Connection And Log In">
<doc>Opens a connection with the given arguments, and logs in.</doc>
<kw library="BuiltIn" name="Run Keyword And Return Status">
<doc>Runs the given keyword with given arguments and returns the status as a Boolean value.</doc>
<arguments>
<arg>Dictionary Should Contain Key</arg>
<arg>${connection_args}</arg>
<arg>host</arg>
</arguments>
<assign>
<var>${has_host}</var>
</assign>
<kw library="Collections" name="Dictionary Should Contain Key">
<doc>Fails if ``key`` is not found from ``dictionary``.</doc>
<arguments>
<arg>${connection_args}</arg>
<arg>host</arg>
</arguments>
<msg timestamp="20161207 04:51:51.969" level="FAIL">Dictionary does not contain key 'host'.</msg>
<status status="FAIL" starttime="20161207 04:51:51.969" endtime="20161207 04:51:51.969"></status>
</kw>
<msg timestamp="20161207 04:51:51.970" level="INFO">${has_host} = False</msg>
<status status="PASS" starttime="20161207 04:51:51.968" endtime="20161207 04:51:51.970"></status>
</kw>
<kw library="BuiltIn" name="Run Keyword If">
<doc>Runs the given keyword with the given arguments, if ``condition`` is true.</doc>
<arguments>
<arg>${has_host} == ${FALSE}</arg>
<arg>Set To Dictionary</arg>
<arg>${connection_args}</arg>
<arg>host=${OPENBMC_HOST}</arg>
</arguments>
<kw library="Collections" name="Set To Dictionary">
<doc>Adds the given ``key_value_pairs`` and ``items`` to the ``dictionary``.</doc>
<arguments>
<arg>${connection_args}</arg>
<arg>host=${OPENBMC_HOST}</arg>
</arguments>
<status status="PASS" starttime="20161207 04:51:51.975" endtime="20161207 04:51:51.976"></status>
</kw>
<status status="PASS" starttime="20161207 04:51:51.970" endtime="20161207 04:51:51.976"></status>
</kw>
<kw library="BuiltIn" name="Run Keyword If">
<doc>Runs the given keyword with the given arguments, if ``condition`` is true.</doc>
<arguments>
<arg>'${SSH_PORT}' != '${EMPTY}' and '${HTTPS_PORT}' != '${EMPTY}'</arg>
<arg>User input SSH and HTTPs Ports</arg>
</arguments>
<kw library="connection_client" name="User input SSH and HTTPs Ports">
<doc>Update the global SSH and HTTPs port variable for QEMU</doc>
<kw library="BuiltIn" name="Convert To Integer">
<doc>Converts the given item to an integer number.</doc>
<arguments>
<arg>${SSH_PORT}</arg>
</arguments>
<assign>
<var>${port_num}</var>
</assign>
<msg timestamp="20161207 04:51:51.983" level="INFO">${port_num} = 22</msg>
<status status="PASS" starttime="20161207 04:51:51.982" endtime="20161207 04:51:51.983"></status>
</kw>
<kw library="BuiltIn" name="Replace Variables">
<doc>Replaces variables in the given text with their current values.</doc>
<arguments>
<arg>${port_num}</arg>
</arguments>
<assign>
<var>${SSH_PORT}</var>
</assign>
<msg timestamp="20161207 04:51:51.984" level="INFO">${SSH_PORT} = 22</msg>
<status status="PASS" starttime="20161207 04:51:51.983" endtime="20161207 04:51:51.984"></status>
</kw>
<kw library="BuiltIn" name="Convert To Integer">
<doc>Converts the given item to an integer number.</doc>
<arguments>
<arg>${HTTPS_PORT}</arg>
</arguments>
<assign>
<var>${https_num}</var>
</assign>
<msg timestamp="20161207 04:51:51.985" level="INFO">${https_num} = 443</msg>
<status status="PASS" starttime="20161207 04:51:51.984" endtime="20161207 04:51:51.985"></status>
</kw>
<kw library="BuiltIn" name="Set Global Variable">
<doc>Makes a variable available globally in all tests and suites.</doc>
<arguments>
<arg>${AUTH_URI}</arg>
<arg>https://${OPENBMC_HOST}:${https_num}</arg>
</arguments>
<msg timestamp="20161207 04:51:51.986" level="INFO">${AUTH_URI} = https://9.3.23.30:443</msg>
<status status="PASS" starttime="20161207 04:51:51.985" endtime="20161207 04:51:51.986"></status>
</kw>
<status status="PASS" starttime="20161207 04:51:51.982" endtime="20161207 04:51:51.986"></status>
</kw>
<status status="PASS" starttime="20161207 04:51:51.976" endtime="20161207 04:51:51.986"></status>
</kw>
<kw library="BuiltIn" name="Run Keyword And Return Status">
<doc>Runs the given keyword with given arguments and returns the status as a Boolean value.</doc>
<arguments>
<arg>Dictionary Should Contain Key</arg>
<arg>${connection_args}</arg>
<arg>port</arg>
</arguments>
<assign>
<var>${has_port}</var>
</assign>
<kw library="Collections" name="Dictionary Should Contain Key">
<doc>Fails if ``key`` is not found from ``dictionary``.</doc>
<arguments>
<arg>${connection_args}</arg>
<arg>port</arg>
</arguments>
<msg timestamp="20161207 04:51:51.987" level="FAIL">Dictionary does not contain key 'port'.</msg>
<status status="FAIL" starttime="20161207 04:51:51.987" endtime="20161207 04:51:51.988"></status>
</kw>
<msg timestamp="20161207 04:51:51.988" level="INFO">${has_port} = False</msg>
<status status="PASS" starttime="20161207 04:51:51.986" endtime="20161207 04:51:51.988"></status>
</kw>
<kw library="BuiltIn" name="Run Keyword If">
<doc>Runs the given keyword with the given arguments, if ``condition`` is true.</doc>
<arguments>
<arg>'${SSH_PORT}' != '${EMPTY}' and ${has_port} == ${FALSE}</arg>
<arg>Run Keywords</arg>
<arg>Set To Dictionary</arg>
<arg>${connection_args}</arg>
<arg>port=${SSH_PORT}</arg>
<arg>AND</arg>
<arg>SSHLibrary.Open connection</arg>
<arg>&amp;{connection_args}</arg>
<arg>ELSE</arg>
<arg>Run Keyword</arg>
<arg>SSHLibrary.Open connection</arg>
<arg>&amp;{connection_args}</arg>
</arguments>
<kw library="BuiltIn" name="Run Keywords">
<doc>Executes all the given keywords in a sequence.</doc>
<arguments>
<arg>Set To Dictionary</arg>
<arg>${connection_args}</arg>
<arg>port=${SSH_PORT}</arg>
<arg>AND</arg>
<arg>SSHLibrary.Open connection</arg>
<arg>&amp;{connection_args}</arg>
</arguments>
<kw library="Collections" name="Set To Dictionary">
<doc>Adds the given ``key_value_pairs`` and ``items`` to the ``dictionary``.</doc>
<arguments>
<arg>${connection_args}</arg>
<arg>port=${SSH_PORT}</arg>
</arguments>
<status status="PASS" starttime="20161207 04:51:51.996" endtime="20161207 04:51:51.997"></status>
</kw>
<kw library="SSHLibrary" name="Open Connection">
<doc>Opens a new SSH connection to the given `host` and `port`.</doc>
<arguments>
<arg>&amp;{connection_args}</arg>
</arguments>
<status status="PASS" starttime="20161207 04:51:51.997" endtime="20161207 04:51:51.998"></status>
</kw>
<status status="PASS" starttime="20161207 04:51:51.995" endtime="20161207 04:51:51.998"></status>
</kw>
<status status="PASS" starttime="20161207 04:51:51.989" endtime="20161207 04:51:51.998"></status>
</kw>
<kw library="SSHLibrary" name="Login">
<doc>Logs into the SSH server with the given `username` and `password`.</doc>
<arguments>
<arg>${username}</arg>
<arg>${password}</arg>
</arguments>
<msg timestamp="20161207 04:51:51.999" level="INFO">Logging into '9.3.23.30:22' as 'root'.</msg>
<msg timestamp="20161207 04:51:54.383" level="INFO">Read output: 7[r[999;999H[6n</msg>
<status status="PASS" starttime="20161207 04:51:51.999" endtime="20161207 04:51:54.383"></status>
</kw>
<status status="PASS" starttime="20161207 04:51:51.967" endtime="20161207 04:51:54.383"></status>
</kw>
<kw library="BuiltIn" name="Run Keyword And Continue On Failure">
<doc>Runs the keyword and continues execution even if a failure occurs.</doc>
<arguments>
<arg>Clear all logs</arg>
</arguments>
<kw name="Clear all logs">
<kw library="rest_client" name="OpenBMC Post Request">
<arguments>
<arg>/org/openbmc/records/events/action/clear</arg>
<arg>data=${NIL}</arg>
</arguments>
<assign>
<var>${resp}</var>
</assign>
<kw library="BuiltIn" name="Catenate">
<doc>Catenates the given items together and returns the resulted string.</doc>
<arguments>
<arg>SEPARATOR=</arg>
<arg>${DBUS_PREFIX}</arg>
<arg>${uri}</arg>
</arguments>
<assign>
<var>${base_uri}</var>
</assign>
<msg timestamp="20161207 04:51:54.387" level="INFO">${base_uri} = /org/openbmc/records/events/action/clear</msg>
<status status="PASS" starttime="20161207 04:51:54.387" endtime="20161207 04:51:54.387"></status>
</kw>
<kw library="BuiltIn" name="Create Dictionary">
<doc>Creates and returns a dictionary based on given items.</doc>
<arguments>
<arg>Content-Type=application/json</arg>
</arguments>
<assign>
<var>${headers}</var>
</assign>
<msg timestamp="20161207 04:51:54.388" level="INFO">${headers} = {u'Content-Type': u'application/json'}</msg>
<status status="PASS" starttime="20161207 04:51:54.388" endtime="20161207 04:51:54.388"></status>
</kw>
<kw library="Collections" name="Set To Dictionary">
<doc>Adds the given ``key_value_pairs`` and ``items`` to the ``dictionary``.</doc>
<arguments>
<arg>${kwargs}</arg>
<arg>headers</arg>
<arg>${headers}</arg>
</arguments>
<status status="PASS" starttime="20161207 04:51:54.389" endtime="20161207 04:51:54.389"></status>
</kw>
<kw library="BuiltIn" name="Run Keyword If">
<doc>Runs the given keyword with the given arguments, if ``condition`` is true.</doc>
<arguments>
<arg>'${quiet}' == '${0}'</arg>
<arg>Log Request</arg>
<arg>method=Post</arg>
<arg>base_uri=${base_uri}</arg>
<arg>args=&amp;{kwargs}</arg>
</arguments>
<kw library="rest_client" name="Log Request">
<arguments>
<arg>method=Post</arg>
<arg>base_uri=${base_uri}</arg>
<arg>args=&amp;{kwargs}</arg>
</arguments>
<kw library="BuiltIn" name="Catenate">
<doc>Catenates the given items together and returns the resulted string.</doc>
<arguments>
<arg>SEPARATOR=</arg>
<arg>URI:</arg>
<arg>${AUTH_URI}</arg>
<arg>${kwargs["base_uri"]}</arg>
<arg>, method:</arg>
<arg>${kwargs["method"]}</arg>
<arg>, args:</arg>
<arg>${kwargs["args"]}</arg>
</arguments>
<assign>
<var>${msg}</var>
</assign>
<msg timestamp="20161207 04:51:54.396" level="INFO">${msg} = URI:https://9.3.23.30:443/org/openbmc/records/events/action/clear, method:Post, args:{u'data': {u'data': []}, u'headers': {u'Content-Type': u'application/json'}}</msg>
<status status="PASS" starttime="20161207 04:51:54.395" endtime="20161207 04:51:54.396"></status>
</kw>
<kw library="rest_client" name="Logging">
<arguments>
<arg>${msg}</arg>
<arg>console=True</arg>
</arguments>
<kw library="BuiltIn" name="Log">
<doc>Logs the given message with the given level.</doc>
<arguments>
<arg>${msg}</arg>
<arg>console=True</arg>
</arguments>
<msg timestamp="20161207 04:51:54.397" level="INFO">URI:https://9.3.23.30:443/org/openbmc/records/events/action/clear, method:Post, args:{u'data': {u'data': []}, u'headers': {u'Content-Type': u'application/json'}}</msg>
<status status="PASS" starttime="20161207 04:51:54.397" endtime="20161207 04:51:54.397"></status>
</kw>
<status status="PASS" starttime="20161207 04:51:54.396" endtime="20161207 04:51:54.397"></status>
</kw>
<status status="PASS" starttime="20161207 04:51:54.394" endtime="20161207 04:51:54.397"></status>
</kw>
<status status="PASS" starttime="20161207 04:51:54.389" endtime="20161207 04:51:54.397"></status>
</kw>
<kw library="rest_client" name="Initialize OpenBMC">
<arguments>
<arg>${timeout}</arg>
</arguments>
<kw library="RequestsLibrary.RequestsKeywords" name="Create Session">
<doc>Create Session: create a HTTP session to a server</doc>
<arguments>
<arg>openbmc</arg>
<arg>${AUTH_URI}</arg>
<arg>timeout=${timeout}</arg>
<arg>max_retries=3</arg>
</arguments>
<msg timestamp="20161207 04:51:54.398" level="INFO">Creating Session using : alias=openbmc, url=https://9.3.23.30:443, headers={},                     cookies=None, auth=None, timeout=10, proxies=None, verify=False,                     debug=0 </msg>
<status status="PASS" starttime="20161207 04:51:54.398" endtime="20161207 04:51:54.399"></status>
</kw>
<kw library="BuiltIn" name="Create Dictionary">
<doc>Creates and returns a dictionary based on given items.</doc>
<arguments>
<arg>Content-Type=application/json</arg>
</arguments>
<assign>
<var>${headers}</var>
</assign>
<msg timestamp="20161207 04:51:54.400" level="INFO">${headers} = {u'Content-Type': u'application/json'}</msg>
<status status="PASS" starttime="20161207 04:51:54.400" endtime="20161207 04:51:54.400"></status>
</kw>
<kw library="BuiltIn" name="Create List">
<doc>Returns a list containing given items.</doc>
<arguments>
<arg>${OPENBMC_USERNAME}</arg>
<arg>${OPENBMC_PASSWORD}</arg>
</arguments>
<assign>
<var>@{credentials}</var>
</assign>
<msg timestamp="20161207 04:51:54.401" level="INFO">@{credentials} = [ root | 0penBmc ]</msg>
<status status="PASS" starttime="20161207 04:51:54.400" endtime="20161207 04:51:54.401"></status>
</kw>
<kw library="BuiltIn" name="Create Dictionary">
<doc>Creates and returns a dictionary based on given items.</doc>
<arguments>
<arg>data=@{credentials}</arg>
</arguments>
<assign>
<var>${data}</var>
</assign>
<msg timestamp="20161207 04:51:54.402" level="INFO">${data} = {u'data': [u'root', u'0penBmc']}</msg>
<status status="PASS" starttime="20161207 04:51:54.401" endtime="20161207 04:51:54.402"></status>
</kw>
<kw library="RequestsLibrary.RequestsKeywords" name="Post Request">
<doc>Send a POST request on the session object found using the</doc>
<arguments>
<arg>openbmc</arg>
<arg>/login</arg>
<arg>data=${data}</arg>
<arg>headers=${headers}</arg>
</arguments>
<assign>
<var>${resp}</var>
</assign>
<msg timestamp="20161207 04:51:54.796" level="INFO">Post Request using : alias=openbmc, uri=/login, data={"data": ["root", "0penBmc"]},                     headers={u'Content-Type': u'application/json'}, files=None, allow_redirects=True </msg>
<msg timestamp="20161207 04:51:54.796" level="INFO">${resp} = &lt;Response [200]&gt;</msg>
<status status="PASS" starttime="20161207 04:51:54.402" endtime="20161207 04:51:54.796"></status>
</kw>
<kw library="BuiltIn" name="Should Be Equal As Strings">
<doc>Fails if objects are unequal after converting them to strings.</doc>
<arguments>
<arg>${resp.status_code}</arg>
<arg>${HTTP_OK}</arg>
</arguments>
<msg timestamp="20161207 04:51:54.797" level="INFO">Argument types are:
&lt;type 'int'&gt;
&lt;type 'unicode'&gt;</msg>
<status status="PASS" starttime="20161207 04:51:54.796" endtime="20161207 04:51:54.797"></status>
</kw>
<status status="PASS" starttime="20161207 04:51:54.398" endtime="20161207 04:51:54.797"></status>
</kw>
<kw library="RequestsLibrary.RequestsKeywords" name="Post Request">
<doc>Send a POST request on the session object found using the</doc>
<arguments>
<arg>openbmc</arg>
<arg>${base_uri}</arg>
<arg>&amp;{kwargs}</arg>
<arg>timeout=${timeout}</arg>
</arguments>
<assign>
<var>${ret}</var>
</assign>
<msg timestamp="20161207 04:51:55.035" level="INFO">Post Request using : alias=openbmc, uri=/org/openbmc/records/events/action/clear, data={"data": []},                     headers={u'Content-Type': u'application/json'}, files=None, allow_redirects=True </msg>
<msg timestamp="20161207 04:51:55.035" level="INFO">${ret} = &lt;Response [200]&gt;</msg>
<status status="PASS" starttime="20161207 04:51:54.798" endtime="20161207 04:51:55.035"></status>
</kw>
<kw library="BuiltIn" name="Run Keyword If">
<doc>Runs the given keyword with the given arguments, if ``condition`` is true.</doc>
<arguments>
<arg>'${quiet}' == '${0}'</arg>
<arg>Log Response</arg>
<arg>${ret}</arg>
</arguments>
<kw library="rest_client" name="Log Response">
<arguments>
<arg>${ret}</arg>
</arguments>
<kw library="BuiltIn" name="Catenate">
<doc>Catenates the given items together and returns the resulted string.</doc>
<arguments>
<arg>SEPARATOR=</arg>
<arg>Response code:</arg>
<arg>${resp.status_code}</arg>
<arg>, Content:</arg>
<arg>${resp.content}</arg>
</arguments>
<assign>
<var>${msg}</var>
</assign>
<msg timestamp="20161207 04:51:55.041" level="INFO">${msg} = Response code:200, Content:{
  "data": 0, 
  "message": "200 OK", 
  "status": "ok"
}</msg>
<status status="PASS" starttime="20161207 04:51:55.040" endtime="20161207 04:51:55.041"></status>
</kw>
<kw library="rest_client" name="Logging">
<arguments>
<arg>${msg}</arg>
<arg>console=True</arg>
</arguments>
<kw library="BuiltIn" name="Log">
<doc>Logs the given message with the given level.</doc>
<arguments>
<arg>${msg}</arg>
<arg>console=True</arg>
</arguments>
<msg timestamp="20161207 04:51:55.042" level="INFO">Response code:200, Content:{
  "data": 0, 
  "message": "200 OK", 
  "status": "ok"
}</msg>
<status status="PASS" starttime="20161207 04:51:55.042" endtime="20161207 04:51:55.042"></status>
</kw>
<status status="PASS" starttime="20161207 04:51:55.041" endtime="20161207 04:51:55.042"></status>
</kw>
<status status="PASS" starttime="20161207 04:51:55.040" endtime="20161207 04:51:55.043"></status>
</kw>
<status status="PASS" starttime="20161207 04:51:55.035" endtime="20161207 04:51:55.043"></status>
</kw>
<msg timestamp="20161207 04:51:55.043" level="INFO">${resp} = &lt;Response [200]&gt;</msg>
<status status="PASS" starttime="20161207 04:51:54.386" endtime="20161207 04:51:55.043"></status>
</kw>
<kw library="BuiltIn" name="Should Be Equal As Strings">
<doc>Fails if objects are unequal after converting them to strings.</doc>
<arguments>
<arg>${resp.status_code}</arg>
<arg>${HTTP_OK}</arg>
</arguments>
<msg timestamp="20161207 04:51:55.044" level="INFO">Argument types are:
&lt;type 'int'&gt;
&lt;type 'unicode'&gt;</msg>
<status status="PASS" starttime="20161207 04:51:55.043" endtime="20161207 04:51:55.044"></status>
</kw>
<kw library="rest_client" name="OpenBMC Get Request">
<arguments>
<arg>/org/openbmc/records/events/</arg>
</arguments>
<assign>
<var>${resp}</var>
</assign>
<kw library="BuiltIn" name="Catenate">
<doc>Catenates the given items together and returns the resulted string.</doc>
<arguments>
<arg>SEPARATOR=</arg>
<arg>${DBUS_PREFIX}</arg>
<arg>${uri}</arg>
</arguments>
<assign>
<var>${base_uri}</var>
</assign>
<msg timestamp="20161207 04:51:55.045" level="INFO">${base_uri} = /org/openbmc/records/events/</msg>
<status status="PASS" starttime="20161207 04:51:55.045" endtime="20161207 04:51:55.045"></status>
</kw>
<kw library="BuiltIn" name="Run Keyword If">
<doc>Runs the given keyword with the given arguments, if ``condition`` is true.</doc>
<arguments>
<arg>'${quiet}' == '${0}'</arg>
<arg>Log Request</arg>
<arg>method=Get</arg>
<arg>base_uri=${base_uri}</arg>
<arg>args=&amp;{kwargs}</arg>
</arguments>
<kw library="rest_client" name="Log Request">
<arguments>
<arg>method=Get</arg>
<arg>base_uri=${base_uri}</arg>
<arg>args=&amp;{kwargs}</arg>
</arguments>
<kw library="BuiltIn" name="Catenate">
<doc>Catenates the given items together and returns the resulted string.</doc>
<arguments>
<arg>SEPARATOR=</arg>
<arg>URI:</arg>
<arg>${AUTH_URI}</arg>
<arg>${kwargs["base_uri"]}</arg>
<arg>, method:</arg>
<arg>${kwargs["method"]}</arg>
<arg>, args:</arg>
<arg>${kwargs["args"]}</arg>
</arguments>
<assign>
<var>${msg}</var>
</assign>
<msg timestamp="20161207 04:51:55.052" level="INFO">${msg} = URI:https://9.3.23.30:443/org/openbmc/records/events/, method:Get, args:{}</msg>
<status status="PASS" starttime="20161207 04:51:55.051" endtime="20161207 04:51:55.052"></status>
</kw>
<kw library="rest_client" name="Logging">
<arguments>
<arg>${msg}</arg>
<arg>console=True</arg>
</arguments>
<kw library="BuiltIn" name="Log">
<doc>Logs the given message with the given level.</doc>
<arguments>
<arg>${msg}</arg>
<arg>console=True</arg>
</arguments>
<msg timestamp="20161207 04:51:55.053" level="INFO">URI:https://9.3.23.30:443/org/openbmc/records/events/, method:Get, args:{}</msg>
<status status="PASS" starttime="20161207 04:51:55.053" endtime="20161207 04:51:55.053"></status>
</kw>
<status status="PASS" starttime="20161207 04:51:55.052" endtime="20161207 04:51:55.054"></status>
</kw>
<status status="PASS" starttime="20161207 04:51:55.050" endtime="20161207 04:51:55.054"></status>
</kw>
<status status="PASS" starttime="20161207 04:51:55.045" endtime="20161207 04:51:55.054"></status>
</kw>
<kw library="rest_client" name="Initialize OpenBMC">
<arguments>
<arg>${timeout}</arg>
</arguments>
<kw library="RequestsLibrary.RequestsKeywords" name="Create Session">
<doc>Create Session: create a HTTP session to a server</doc>
<arguments>
<arg>openbmc</arg>
<arg>${AUTH_URI}</arg>
<arg>timeout=${timeout}</arg>
<arg>max_retries=3</arg>
</arguments>
<msg timestamp="20161207 04:51:55.055" level="INFO">Creating Session using : alias=openbmc, url=https://9.3.23.30:443, headers={},                     cookies=None, auth=None, timeout=10, proxies=None, verify=False,                     debug=0 </msg>
<status status="PASS" starttime="20161207 04:51:55.055" endtime="20161207 04:51:55.055"></status>
</kw>
<kw library="BuiltIn" name="Create Dictionary">
<doc>Creates and returns a dictionary based on given items.</doc>
<arguments>
<arg>Content-Type=application/json</arg>
</arguments>
<assign>
<var>${headers}</var>
</assign>
<msg timestamp="20161207 04:51:55.056" level="INFO">${headers} = {u'Content-Type': u'application/json'}</msg>
<status status="PASS" starttime="20161207 04:51:55.056" endtime="20161207 04:51:55.056"></status>
</kw>
<kw library="BuiltIn" name="Create List">
<doc>Returns a list containing given items.</doc>
<arguments>
<arg>${OPENBMC_USERNAME}</arg>
<arg>${OPENBMC_PASSWORD}</arg>
</arguments>
<assign>
<var>@{credentials}</var>
</assign>
<msg timestamp="20161207 04:51:55.057" level="INFO">@{credentials} = [ root | 0penBmc ]</msg>
<status status="PASS" starttime="20161207 04:51:55.056" endtime="20161207 04:51:55.057"></status>
</kw>
<kw library="BuiltIn" name="Create Dictionary">
<doc>Creates and returns a dictionary based on given items.</doc>
<arguments>
<arg>data=@{credentials}</arg>
</arguments>
<assign>
<var>${data}</var>
</assign>
<msg timestamp="20161207 04:51:55.058" level="INFO">${data} = {u'data': [u'root', u'0penBmc']}</msg>
<status status="PASS" starttime="20161207 04:51:55.057" endtime="20161207 04:51:55.058"></status>
</kw>
<kw library="RequestsLibrary.RequestsKeywords" name="Post Request">
<doc>Send a POST request on the session object found using the</doc>
<arguments>
<arg>openbmc</arg>
<arg>/login</arg>
<arg>data=${data}</arg>
<arg>headers=${headers}</arg>
</arguments>
<assign>
<var>${resp}</var>
</assign>
<msg timestamp="20161207 04:51:55.533" level="INFO">Post Request using : alias=openbmc, uri=/login, data={"data": ["root", "0penBmc"]},                     headers={u'Content-Type': u'application/json'}, files=None, allow_redirects=True </msg>
<msg timestamp="20161207 04:51:55.533" level="INFO">${resp} = &lt;Response [200]&gt;</msg>
<status status="PASS" starttime="20161207 04:51:55.058" endtime="20161207 04:51:55.533"></status>
</kw>
<kw library="BuiltIn" name="Should Be Equal As Strings">
<doc>Fails if objects are unequal after converting them to strings.</doc>
<arguments>
<arg>${resp.status_code}</arg>
<arg>${HTTP_OK}</arg>
</arguments>
<msg timestamp="20161207 04:51:55.534" level="INFO">Argument types are:
&lt;type 'int'&gt;
&lt;type 'unicode'&gt;</msg>
<status status="PASS" starttime="20161207 04:51:55.533" endtime="20161207 04:51:55.534"></status>
</kw>
<status status="PASS" starttime="20161207 04:51:55.054" endtime="20161207 04:51:55.534"></status>
</kw>
<kw library="RequestsLibrary.RequestsKeywords" name="Get Request">
<doc>Send a GET request on the session object found using the</doc>
<arguments>
<arg>openbmc</arg>
<arg>${base_uri}</arg>
<arg>&amp;{kwargs}</arg>
<arg>timeout=${timeout}</arg>
</arguments>
<assign>
<var>${ret}</var>
</assign>
<msg timestamp="20161207 04:51:55.603" level="INFO">Get Request using : alias=openbmc, uri=/org/openbmc/records/events/, headers=None </msg>
<msg timestamp="20161207 04:51:55.603" level="INFO">${ret} = &lt;Response [200]&gt;</msg>
<status status="PASS" starttime="20161207 04:51:55.535" endtime="20161207 04:51:55.603"></status>
</kw>
<kw library="BuiltIn" name="Run Keyword If">
<doc>Runs the given keyword with the given arguments, if ``condition`` is true.</doc>
<arguments>
<arg>'${quiet}' == '${0}'</arg>
<arg>Log Response</arg>
<arg>${ret}</arg>
</arguments>
<kw library="rest_client" name="Log Response">
<arguments>
<arg>${ret}</arg>
</arguments>
<kw library="BuiltIn" name="Catenate">
<doc>Catenates the given items together and returns the resulted string.</doc>
<arguments>
<arg>SEPARATOR=</arg>
<arg>Response code:</arg>
<arg>${resp.status_code}</arg>
<arg>, Content:</arg>
<arg>${resp.content}</arg>
</arguments>
<assign>
<var>${msg}</var>
</assign>
<msg timestamp="20161207 04:51:55.609" level="INFO">${msg} = Response code:200, Content:{
  "data": [], 
  "message": "200 OK", 
  "status": "ok"
}</msg>
<status status="PASS" starttime="20161207 04:51:55.608" endtime="20161207 04:51:55.609"></status>
</kw>
<kw library="rest_client" name="Logging">
<arguments>
<arg>${msg}</arg>
<arg>console=True</arg>
</arguments>
<kw library="BuiltIn" name="Log">
<doc>Logs the given message with the given level.</doc>
<arguments>
<arg>${msg}</arg>
<arg>console=True</arg>
</arguments>
<msg timestamp="20161207 04:51:55.610" level="INFO">Response code:200, Content:{
  "data": [], 
  "message": "200 OK", 
  "status": "ok"
}</msg>
<status status="PASS" starttime="20161207 04:51:55.610" endtime="20161207 04:51:55.610"></status>
</kw>
<status status="PASS" starttime="20161207 04:51:55.609" endtime="20161207 04:51:55.610"></status>
</kw>
<status status="PASS" starttime="20161207 04:51:55.608" endtime="20161207 04:51:55.611"></status>
</kw>
<status status="PASS" starttime="20161207 04:51:55.603" endtime="20161207 04:51:55.611"></status>
</kw>
<msg timestamp="20161207 04:51:55.611" level="INFO">${resp} = &lt;Response [200]&gt;</msg>
<status status="PASS" starttime="20161207 04:51:55.044" endtime="20161207 04:51:55.611"></status>
</kw>
<kw library="RequestsLibrary.RequestsKeywords" name="To Json">
<doc>Convert a string to a JSON object</doc>
<arguments>
<arg>${resp.content}</arg>
</arguments>
<assign>
<var>${json}</var>
</assign>
<msg timestamp="20161207 04:51:55.612" level="INFO">To JSON using : content={
  "data": [], 
  "message": "200 OK", 
  "status": "ok"
} </msg>
<msg timestamp="20161207 04:51:55.612" level="INFO">To JSON using : pretty_print=False </msg>
<msg timestamp="20161207 04:51:55.612" level="INFO">${json} = {u'message': u'200 OK', u'status': u'ok', u'data': []}</msg>
<status status="PASS" starttime="20161207 04:51:55.611" endtime="20161207 04:51:55.612"></status>
</kw>
<kw library="BuiltIn" name="Should Be Empty">
<doc>Verifies that the given item is empty.</doc>
<arguments>
<arg>${json['data']}</arg>
</arguments>
<msg timestamp="20161207 04:51:55.613" level="INFO">Length is 0</msg>
<status status="PASS" starttime="20161207 04:51:55.612" endtime="20161207 04:51:55.613"></status>
</kw>
<status status="PASS" starttime="20161207 04:51:54.385" endtime="20161207 04:51:55.613"></status>
</kw>
<status status="PASS" starttime="20161207 04:51:54.384" endtime="20161207 04:51:55.613"></status>
</kw>
<status status="PASS" starttime="20161207 04:51:51.966" endtime="20161207 04:51:55.613"></status>
</kw>
<test id="s1-s2-t1" name="Create error log on single FRU">
<kw library="BuiltIn" name="Run Keyword And Continue On Failure">
<doc>Runs the keyword and continues execution even if a failure occurs.</doc>
<arguments>
<arg>Clear all logs</arg>
</arguments>
<kw name="Clear all logs">
<kw library="rest_client" name="OpenBMC Post Request">
<arguments>
<arg>/org/openbmc/records/events/action/clear</arg>
<arg>data=${NIL}</arg>
</arguments>
<assign>
<var>${resp}</var>
</assign>
<kw library="BuiltIn" name="Catenate">
<doc>Catenates the given items together and returns the resulted string.</doc>
<arguments>
<arg>SEPARATOR=</arg>
<arg>${DBUS_PREFIX}</arg>
<arg>${uri}</arg>
</arguments>
<assign>
<var>${base_uri}</var>
</assign>
<msg timestamp="20161207 04:51:55.619" level="INFO">${base_uri} = /org/openbmc/records/events/action/clear</msg>
<status status="PASS" starttime="20161207 04:51:55.616" endtime="20161207 04:51:55.619"></status>
</kw>
<kw library="BuiltIn" name="Create Dictionary">
<doc>Creates and returns a dictionary based on given items.</doc>
<arguments>
<arg>Content-Type=application/json</arg>
</arguments>
<assign>
<var>${headers}</var>
</assign>
<msg timestamp="20161207 04:51:55.619" level="INFO">${headers} = {u'Content-Type': u'application/json'}</msg>
<status status="PASS" starttime="20161207 04:51:55.619" endtime="20161207 04:51:55.620"></status>
</kw>
<kw library="Collections" name="Set To Dictionary">
<doc>Adds the given ``key_value_pairs`` and ``items`` to the ``dictionary``.</doc>
<arguments>
<arg>${kwargs}</arg>
<arg>headers</arg>
<arg>${headers}</arg>
</arguments>
<status status="PASS" starttime="20161207 04:51:55.620" endtime="20161207 04:51:55.620"></status>
</kw>
<kw library="BuiltIn" name="Run Keyword If">
<doc>Runs the given keyword with the given arguments, if ``condition`` is true.</doc>
<arguments>
<arg>'${quiet}' == '${0}'</arg>
<arg>Log Request</arg>
<arg>method=Post</arg>
<arg>base_uri=${base_uri}</arg>
<arg>args=&amp;{kwargs}</arg>
</arguments>
<kw library="rest_client" name="Log Request">
<arguments>
<arg>method=Post</arg>
<arg>base_uri=${base_uri}</arg>
<arg>args=&amp;{kwargs}</arg>
</arguments>
<kw library="BuiltIn" name="Catenate">
<doc>Catenates the given items together and returns the resulted string.</doc>
<arguments>
<arg>SEPARATOR=</arg>
<arg>URI:</arg>
<arg>${AUTH_URI}</arg>
<arg>${kwargs["base_uri"]}</arg>
<arg>, method:</arg>
<arg>${kwargs["method"]}</arg>
<arg>, args:</arg>
<arg>${kwargs["args"]}</arg>
</arguments>
<assign>
<var>${msg}</var>
</assign>
<msg timestamp="20161207 04:51:55.627" level="INFO">${msg} = URI:https://9.3.23.30:443/org/openbmc/records/events/action/clear, method:Post, args:{u'data': {u'data': []}, u'headers': {u'Content-Type': u'application/json'}}</msg>
<status status="PASS" starttime="20161207 04:51:55.626" endtime="20161207 04:51:55.627"></status>
</kw>
<kw library="rest_client" name="Logging">
<arguments>
<arg>${msg}</arg>
<arg>console=True</arg>
</arguments>
<kw library="BuiltIn" name="Log">
<doc>Logs the given message with the given level.</doc>
<arguments>
<arg>${msg}</arg>
<arg>console=True</arg>
</arguments>
<msg timestamp="20161207 04:51:55.628" level="INFO">URI:https://9.3.23.30:443/org/openbmc/records/events/action/clear, method:Post, args:{u'data': {u'data': []}, u'headers': {u'Content-Type': u'application/json'}}</msg>
<status status="PASS" starttime="20161207 04:51:55.627" endtime="20161207 04:51:55.628"></status>
</kw>
<status status="PASS" starttime="20161207 04:51:55.627" endtime="20161207 04:51:55.628"></status>
</kw>
<status status="PASS" starttime="20161207 04:51:55.625" endtime="20161207 04:51:55.628"></status>
</kw>
<status status="PASS" starttime="20161207 04:51:55.621" endtime="20161207 04:51:55.628"></status>
</kw>
<kw library="rest_client" name="Initialize OpenBMC">
<arguments>
<arg>${timeout}</arg>
</arguments>
<kw library="RequestsLibrary.RequestsKeywords" name="Create Session">
<doc>Create Session: create a HTTP session to a server</doc>
<arguments>
<arg>openbmc</arg>
<arg>${AUTH_URI}</arg>
<arg>timeout=${timeout}</arg>
<arg>max_retries=3</arg>
</arguments>
<msg timestamp="20161207 04:51:55.629" level="INFO">Creating Session using : alias=openbmc, url=https://9.3.23.30:443, headers={},                     cookies=None, auth=None, timeout=10, proxies=None, verify=False,                     debug=0 </msg>
<status status="PASS" starttime="20161207 04:51:55.629" endtime="20161207 04:51:55.630"></status>
</kw>
<kw library="BuiltIn" name="Create Dictionary">
<doc>Creates and returns a dictionary based on given items.</doc>
<arguments>
<arg>Content-Type=application/json</arg>
</arguments>
<assign>
<var>${headers}</var>
</assign>
<msg timestamp="20161207 04:51:55.631" level="INFO">${headers} = {u'Content-Type': u'application/json'}</msg>
<status status="PASS" starttime="20161207 04:51:55.630" endtime="20161207 04:51:55.631"></status>
</kw>
<kw library="BuiltIn" name="Create List">
<doc>Returns a list containing given items.</doc>
<arguments>
<arg>${OPENBMC_USERNAME}</arg>
<arg>${OPENBMC_PASSWORD}</arg>
</arguments>
<assign>
<var>@{credentials}</var>
</assign>
<msg timestamp="20161207 04:51:55.632" level="INFO">@{credentials} = [ root | 0penBmc ]</msg>
<status status="PASS" starttime="20161207 04:51:55.631" endtime="20161207 04:51:55.632"></status>
</kw>
<kw library="BuiltIn" name="Create Dictionary">
<doc>Creates and returns a dictionary based on given items.</doc>
<arguments>
<arg>data=@{credentials}</arg>
</arguments>
<assign>
<var>${data}</var>
</assign>
<msg timestamp="20161207 04:51:55.632" level="INFO">${data} = {u'data': [u'root', u'0penBmc']}</msg>
<status status="PASS" starttime="20161207 04:51:55.632" endtime="20161207 04:51:55.632"></status>
</kw>
<kw library="RequestsLibrary.RequestsKeywords" name="Post Request">
<doc>Send a POST request on the session object found using the</doc>
<arguments>
<arg>openbmc</arg>
<arg>/login</arg>
<arg>data=${data}</arg>
<arg>headers=${headers}</arg>
</arguments>
<assign>
<var>${resp}</var>
</assign>
<msg timestamp="20161207 04:51:55.966" level="INFO">Post Request using : alias=openbmc, uri=/login, data={"data": ["root", "0penBmc"]},                     headers={u'Content-Type': u'application/json'}, files=None, allow_redirects=True </msg>
<msg timestamp="20161207 04:51:55.966" level="INFO">${resp} = &lt;Response [200]&gt;</msg>
<status status="PASS" starttime="20161207 04:51:55.633" endtime="20161207 04:51:55.966"></status>
</kw>
<kw library="BuiltIn" name="Should Be Equal As Strings">
<doc>Fails if objects are unequal after converting them to strings.</doc>
<arguments>
<arg>${resp.status_code}</arg>
<arg>${HTTP_OK}</arg>
</arguments>
<msg timestamp="20161207 04:51:55.968" level="INFO">Argument types are:
&lt;type 'int'&gt;
&lt;type 'unicode'&gt;</msg>
<status status="PASS" starttime="20161207 04:51:55.967" endtime="20161207 04:51:55.968"></status>
</kw>
<status status="PASS" starttime="20161207 04:51:55.628" endtime="20161207 04:51:55.968"></status>
</kw>
<kw library="RequestsLibrary.RequestsKeywords" name="Post Request">
<doc>Send a POST request on the session object found using the</doc>
<arguments>
<arg>openbmc</arg>
<arg>${base_uri}</arg>
<arg>&amp;{kwargs}</arg>
<arg>timeout=${timeout}</arg>
</arguments>
<assign>
<var>${ret}</var>
</assign>
<msg timestamp="20161207 04:51:56.196" level="INFO">Post Request using : alias=openbmc, uri=/org/openbmc/records/events/action/clear, data={"data": []},                     headers={u'Content-Type': u'application/json'}, files=None, allow_redirects=True </msg>
<msg timestamp="20161207 04:51:56.196" level="INFO">${ret} = &lt;Response [200]&gt;</msg>
<status status="PASS" starttime="20161207 04:51:55.968" endtime="20161207 04:51:56.196"></status>
</kw>
<kw library="BuiltIn" name="Run Keyword If">
<doc>Runs the given keyword with the given arguments, if ``condition`` is true.</doc>
<arguments>
<arg>'${quiet}' == '${0}'</arg>
<arg>Log Response</arg>
<arg>${ret}</arg>
</arguments>
<kw library="rest_client" name="Log Response">
<arguments>
<arg>${ret}</arg>
</arguments>
<kw library="BuiltIn" name="Catenate">
<doc>Catenates the given items together and returns the resulted string.</doc>
<arguments>
<arg>SEPARATOR=</arg>
<arg>Response code:</arg>
<arg>${resp.status_code}</arg>
<arg>, Content:</arg>
<arg>${resp.content}</arg>
</arguments>
<assign>
<var>${msg}</var>
</assign>
<msg timestamp="20161207 04:51:56.203" level="INFO">${msg} = Response code:200, Content:{
  "data": 0, 
  "message": "200 OK", 
  "status": "ok"
}</msg>
<status status="PASS" starttime="20161207 04:51:56.202" endtime="20161207 04:51:56.203"></status>
</kw>
<kw library="rest_client" name="Logging">
<arguments>
<arg>${msg}</arg>
<arg>console=True</arg>
</arguments>
<kw library="BuiltIn" name="Log">
<doc>Logs the given message with the given level.</doc>
<arguments>
<arg>${msg}</arg>
<arg>console=True</arg>
</arguments>
<msg timestamp="20161207 04:51:56.204" level="INFO">Response code:200, Content:{
  "data": 0, 
  "message": "200 OK", 
  "status": "ok"
}</msg>
<status status="PASS" starttime="20161207 04:51:56.204" endtime="20161207 04:51:56.204"></status>
</kw>
<status status="PASS" starttime="20161207 04:51:56.203" endtime="20161207 04:51:56.204"></status>
</kw>
<status status="PASS" starttime="20161207 04:51:56.201" endtime="20161207 04:51:56.205"></status>
</kw>
<status status="PASS" starttime="20161207 04:51:56.197" endtime="20161207 04:51:56.205"></status>
</kw>
<msg timestamp="20161207 04:51:56.205" level="INFO">${resp} = &lt;Response [200]&gt;</msg>
<status status="PASS" starttime="20161207 04:51:55.615" endtime="20161207 04:51:56.205"></status>
</kw>
<kw library="BuiltIn" name="Should Be Equal As Strings">
<doc>Fails if objects are unequal after converting them to strings.</doc>
<arguments>
<arg>${resp.status_code}</arg>
<arg>${HTTP_OK}</arg>
</arguments>
<msg timestamp="20161207 04:51:56.206" level="INFO">Argument types are:
&lt;type 'int'&gt;
&lt;type 'unicode'&gt;</msg>
<status status="PASS" starttime="20161207 04:51:56.205" endtime="20161207 04:51:56.206"></status>
</kw>
<kw library="rest_client" name="OpenBMC Get Request">
<arguments>
<arg>/org/openbmc/records/events/</arg>
</arguments>
<assign>
<var>${resp}</var>
</assign>
<kw library="BuiltIn" name="Catenate">
<doc>Catenates the given items together and returns the resulted string.</doc>
<arguments>
<arg>SEPARATOR=</arg>
<arg>${DBUS_PREFIX}</arg>
<arg>${uri}</arg>
</arguments>
<assign>
<var>${base_uri}</var>
</assign>
<msg timestamp="20161207 04:51:56.207" level="INFO">${base_uri} = /org/openbmc/records/events/</msg>
<status status="PASS" starttime="20161207 04:51:56.207" endtime="20161207 04:51:56.207"></status>
</kw>
<kw library="BuiltIn" name="Run Keyword If">
<doc>Runs the given keyword with the given arguments, if ``condition`` is true.</doc>
<arguments>
<arg>'${quiet}' == '${0}'</arg>
<arg>Log Request</arg>
<arg>method=Get</arg>
<arg>base_uri=${base_uri}</arg>
<arg>args=&amp;{kwargs}</arg>
</arguments>
<kw library="rest_client" name="Log Request">
<arguments>
<arg>method=Get</arg>
<arg>base_uri=${base_uri}</arg>
<arg>args=&amp;{kwargs}</arg>
</arguments>
<kw library="BuiltIn" name="Catenate">
<doc>Catenates the given items together and returns the resulted string.</doc>
<arguments>
<arg>SEPARATOR=</arg>
<arg>URI:</arg>
<arg>${AUTH_URI}</arg>
<arg>${kwargs["base_uri"]}</arg>
<arg>, method:</arg>
<arg>${kwargs["method"]}</arg>
<arg>, args:</arg>
<arg>${kwargs["args"]}</arg>
</arguments>
<assign>
<var>${msg}</var>
</assign>
<msg timestamp="20161207 04:51:56.213" level="INFO">${msg} = URI:https://9.3.23.30:443/org/openbmc/records/events/, method:Get, args:{}</msg>
<status status="PASS" starttime="20161207 04:51:56.213" endtime="20161207 04:51:56.214"></status>
</kw>
<kw library="rest_client" name="Logging">
<arguments>
<arg>${msg}</arg>
<arg>console=True</arg>
</arguments>
<kw library="BuiltIn" name="Log">
<doc>Logs the given message with the given level.</doc>
<arguments>
<arg>${msg}</arg>
<arg>console=True</arg>
</arguments>
<msg timestamp="20161207 04:51:56.215" level="INFO">URI:https://9.3.23.30:443/org/openbmc/records/events/, method:Get, args:{}</msg>
<status status="PASS" starttime="20161207 04:51:56.214" endtime="20161207 04:51:56.215"></status>
</kw>
<status status="PASS" starttime="20161207 04:51:56.214" endtime="20161207 04:51:56.215"></status>
</kw>
<status status="PASS" starttime="20161207 04:51:56.212" endtime="20161207 04:51:56.215"></status>
</kw>
<status status="PASS" starttime="20161207 04:51:56.208" endtime="20161207 04:51:56.215"></status>
</kw>
<kw library="rest_client" name="Initialize OpenBMC">
<arguments>
<arg>${timeout}</arg>
</arguments>
<kw library="RequestsLibrary.RequestsKeywords" name="Create Session">
<doc>Create Session: create a HTTP session to a server</doc>
<arguments>
<arg>openbmc</arg>
<arg>${AUTH_URI}</arg>
<arg>timeout=${timeout}</arg>
<arg>max_retries=3</arg>
</arguments>
<msg timestamp="20161207 04:51:56.216" level="INFO">Creating Session using : alias=openbmc, url=https://9.3.23.30:443, headers={},                     cookies=None, auth=None, timeout=10, proxies=None, verify=False,                     debug=0 </msg>
<status status="PASS" starttime="20161207 04:51:56.216" endtime="20161207 04:51:56.217"></status>
</kw>
<kw library="BuiltIn" name="Create Dictionary">
<doc>Creates and returns a dictionary based on given items.</doc>
<arguments>
<arg>Content-Type=application/json</arg>
</arguments>
<assign>
<var>${headers}</var>
</assign>
<msg timestamp="20161207 04:51:56.218" level="INFO">${headers} = {u'Content-Type': u'application/json'}</msg>
<status status="PASS" starttime="20161207 04:51:56.217" endtime="20161207 04:51:56.218"></status>
</kw>
<kw library="BuiltIn" name="Create List">
<doc>Returns a list containing given items.</doc>
<arguments>
<arg>${OPENBMC_USERNAME}</arg>
<arg>${OPENBMC_PASSWORD}</arg>
</arguments>
<assign>
<var>@{credentials}</var>
</assign>
<msg timestamp="20161207 04:51:56.218" level="INFO">@{credentials} = [ root | 0penBmc ]</msg>
<status status="PASS" starttime="20161207 04:51:56.218" endtime="20161207 04:51:56.218"></status>
</kw>
<kw library="BuiltIn" name="Create Dictionary">
<doc>Creates and returns a dictionary based on given items.</doc>
<arguments>
<arg>data=@{credentials}</arg>
</arguments>
<assign>
<var>${data}</var>
</assign>
<msg timestamp="20161207 04:51:56.219" level="INFO">${data} = {u'data': [u'root', u'0penBmc']}</msg>
<status status="PASS" starttime="20161207 04:51:56.219" endtime="20161207 04:51:56.219"></status>
</kw>
<kw library="RequestsLibrary.RequestsKeywords" name="Post Request">
<doc>Send a POST request on the session object found using the</doc>
<arguments>
<arg>openbmc</arg>
<arg>/login</arg>
<arg>data=${data}</arg>
<arg>headers=${headers}</arg>
</arguments>
<assign>
<var>${resp}</var>
</assign>
<msg timestamp="20161207 04:51:56.559" level="INFO">Post Request using : alias=openbmc, uri=/login, data={"data": ["root", "0penBmc"]},                     headers={u'Content-Type': u'application/json'}, files=None, allow_redirects=True </msg>
<msg timestamp="20161207 04:51:56.560" level="INFO">${resp} = &lt;Response [200]&gt;</msg>
<status status="PASS" starttime="20161207 04:51:56.220" endtime="20161207 04:51:56.560"></status>
</kw>
<kw library="BuiltIn" name="Should Be Equal As Strings">
<doc>Fails if objects are unequal after converting them to strings.</doc>
<arguments>
<arg>${resp.status_code}</arg>
<arg>${HTTP_OK}</arg>
</arguments>
<msg timestamp="20161207 04:51:56.561" level="INFO">Argument types are:
&lt;type 'int'&gt;
&lt;type 'unicode'&gt;</msg>
<status status="PASS" starttime="20161207 04:51:56.560" endtime="20161207 04:51:56.561"></status>
</kw>
<status status="PASS" starttime="20161207 04:51:56.215" endtime="20161207 04:51:56.561"></status>
</kw>
<kw library="RequestsLibrary.RequestsKeywords" name="Get Request">
<doc>Send a GET request on the session object found using the</doc>
<arguments>
<arg>openbmc</arg>
<arg>${base_uri}</arg>
<arg>&amp;{kwargs}</arg>
<arg>timeout=${timeout}</arg>
</arguments>
<assign>
<var>${ret}</var>
</assign>
<msg timestamp="20161207 04:51:56.618" level="INFO">Get Request using : alias=openbmc, uri=/org/openbmc/records/events/, headers=None </msg>
<msg timestamp="20161207 04:51:56.618" level="INFO">${ret} = &lt;Response [200]&gt;</msg>
<status status="PASS" starttime="20161207 04:51:56.562" endtime="20161207 04:51:56.618"></status>
</kw>
<kw library="BuiltIn" name="Run Keyword If">
<doc>Runs the given keyword with the given arguments, if ``condition`` is true.</doc>
<arguments>
<arg>'${quiet}' == '${0}'</arg>
<arg>Log Response</arg>
<arg>${ret}</arg>
</arguments>
<kw library="rest_client" name="Log Response">
<arguments>
<arg>${ret}</arg>
</arguments>
<kw library="BuiltIn" name="Catenate">
<doc>Catenates the given items together and returns the resulted string.</doc>
<arguments>
<arg>SEPARATOR=</arg>
<arg>Response code:</arg>
<arg>${resp.status_code}</arg>
<arg>, Content:</arg>
<arg>${resp.content}</arg>
</arguments>
<assign>
<var>${msg}</var>
</assign>
<msg timestamp="20161207 04:51:56.625" level="INFO">${msg} = Response code:200, Content:{
  "data": [], 
  "message": "200 OK", 
  "status": "ok"
}</msg>
<status status="PASS" starttime="20161207 04:51:56.624" endtime="20161207 04:51:56.625"></status>
</kw>
<kw library="rest_client" name="Logging">
<arguments>
<arg>${msg}</arg>
<arg>console=True</arg>
</arguments>
<kw library="BuiltIn" name="Log">
<doc>Logs the given message with the given level.</doc>
<arguments>
<arg>${msg}</arg>
<arg>console=True</arg>
</arguments>
<msg timestamp="20161207 04:51:56.626" level="INFO">Response code:200, Content:{
  "data": [], 
  "message": "200 OK", 
  "status": "ok"
}</msg>
<status status="PASS" starttime="20161207 04:51:56.626" endtime="20161207 04:51:56.626"></status>
</kw>
<status status="PASS" starttime="20161207 04:51:56.625" endtime="20161207 04:51:56.626"></status>
</kw>
<status status="PASS" starttime="20161207 04:51:56.623" endtime="20161207 04:51:56.627"></status>
</kw>
<status status="PASS" starttime="20161207 04:51:56.619" endtime="20161207 04:51:56.627"></status>
</kw>
<msg timestamp="20161207 04:51:56.627" level="INFO">${resp} = &lt;Response [200]&gt;</msg>
<status status="PASS" starttime="20161207 04:51:56.206" endtime="20161207 04:51:56.627"></status>
</kw>
<kw library="RequestsLibrary.RequestsKeywords" name="To Json">
<doc>Convert a string to a JSON object</doc>
<arguments>
<arg>${resp.content}</arg>
</arguments>
<assign>
<var>${json}</var>
</assign>
<msg timestamp="20161207 04:51:56.628" level="INFO">To JSON using : content={
  "data": [], 
  "message": "200 OK", 
  "status": "ok"
} </msg>
<msg timestamp="20161207 04:51:56.628" level="INFO">To JSON using : pretty_print=False </msg>
<msg timestamp="20161207 04:51:56.628" level="INFO">${json} = {u'message': u'200 OK', u'status': u'ok', u'data': []}</msg>
<status status="PASS" starttime="20161207 04:51:56.627" endtime="20161207 04:51:56.628"></status>
</kw>
<kw library="BuiltIn" name="Should Be Empty">
<doc>Verifies that the given item is empty.</doc>
<arguments>
<arg>${json['data']}</arg>
</arguments>
<msg timestamp="20161207 04:51:56.629" level="INFO">Length is 0</msg>
<status status="PASS" starttime="20161207 04:51:56.628" endtime="20161207 04:51:56.629"></status>
</kw>
<status status="PASS" starttime="20161207 04:51:55.615" endtime="20161207 04:51:56.629"></status>
</kw>
<status status="PASS" starttime="20161207 04:51:55.614" endtime="20161207 04:51:56.629"></status>
</kw>
<kw library="SSHLibrary" name="Execute Command">
<doc>Executes `command` on the remote machine and returns its outputs.</doc>
<arguments>
<arg>${CREATE_ERROR_SINGLE_FRU}</arg>
<arg>return_stderr=True</arg>
</arguments>
<assign>
<var>${elog}</var>
<var>${stderr}</var>
</assign>
<msg timestamp="20161207 04:51:56.630" level="INFO">Executing command 'busctl call org.openbmc.records.events /org/openbmc/records/events org.openbmc.recordlog acceptHostMessage sssay "Error" "Testing failure" "/org/openbmc/inventory/system/chassis/motherboard/dimm1" 1 1'.</msg>
<msg timestamp="20161207 04:51:57.055" level="INFO">Command exited with return code 0.</msg>
<msg timestamp="20161207 04:51:57.055" level="INFO">${elog} = q 193</msg>
<msg timestamp="20161207 04:51:57.055" level="INFO">${stderr} = </msg>
<status status="PASS" starttime="20161207 04:51:56.629" endtime="20161207 04:51:57.055"></status>
</kw>
<kw library="BuiltIn" name="Should Be Empty">
<doc>Verifies that the given item is empty.</doc>
<arguments>
<arg>${stderr}</arg>
</arguments>
<msg timestamp="20161207 04:51:57.056" level="INFO">Length is 0</msg>
<status status="PASS" starttime="20161207 04:51:57.056" endtime="20161207 04:51:57.056"></status>
</kw>
<kw name="Get EventList">
<assign>
<var>${log_list}</var>
</assign>
<kw library="rest_client" name="OpenBMC Get Request">
<arguments>
<arg>/org/openbmc/records/events/</arg>
</arguments>
<assign>
<var>${resp}</var>
</assign>
<kw library="BuiltIn" name="Catenate">
<doc>Catenates the given items together and returns the resulted string.</doc>
<arguments>
<arg>SEPARATOR=</arg>
<arg>${DBUS_PREFIX}</arg>
<arg>${uri}</arg>
</arguments>
<assign>
<var>${base_uri}</var>
</assign>
<msg timestamp="20161207 04:51:57.058" level="INFO">${base_uri} = /org/openbmc/records/events/</msg>
<status status="PASS" starttime="20161207 04:51:57.058" endtime="20161207 04:51:57.058"></status>
</kw>
<kw library="BuiltIn" name="Run Keyword If">
<doc>Runs the given keyword with the given arguments, if ``condition`` is true.</doc>
<arguments>
<arg>'${quiet}' == '${0}'</arg>
<arg>Log Request</arg>
<arg>method=Get</arg>
<arg>base_uri=${base_uri}</arg>
<arg>args=&amp;{kwargs}</arg>
</arguments>
<kw library="rest_client" name="Log Request">
<arguments>
<arg>method=Get</arg>
<arg>base_uri=${base_uri}</arg>
<arg>args=&amp;{kwargs}</arg>
</arguments>
<kw library="BuiltIn" name="Catenate">
<doc>Catenates the given items together and returns the resulted string.</doc>
<arguments>
<arg>SEPARATOR=</arg>
<arg>URI:</arg>
<arg>${AUTH_URI}</arg>
<arg>${kwargs["base_uri"]}</arg>
<arg>, method:</arg>
<arg>${kwargs["method"]}</arg>
<arg>, args:</arg>
<arg>${kwargs["args"]}</arg>
</arguments>
<assign>
<var>${msg}</var>
</assign>
<msg timestamp="20161207 04:51:57.065" level="INFO">${msg} = URI:https://9.3.23.30:443/org/openbmc/records/events/, method:Get, args:{}</msg>
<status status="PASS" starttime="20161207 04:51:57.064" endtime="20161207 04:51:57.065"></status>
</kw>
<kw library="rest_client" name="Logging">
<arguments>
<arg>${msg}</arg>
<arg>console=True</arg>
</arguments>
<kw library="BuiltIn" name="Log">
<doc>Logs the given message with the given level.</doc>
<arguments>
<arg>${msg}</arg>
<arg>console=True</arg>
</arguments>
<msg timestamp="20161207 04:51:57.066" level="INFO">URI:https://9.3.23.30:443/org/openbmc/records/events/, method:Get, args:{}</msg>
<status status="PASS" starttime="20161207 04:51:57.066" endtime="20161207 04:51:57.066"></status>
</kw>
<status status="PASS" starttime="20161207 04:51:57.065" endtime="20161207 04:51:57.066"></status>
</kw>
<status status="PASS" starttime="20161207 04:51:57.063" endtime="20161207 04:51:57.067"></status>
</kw>
<status status="PASS" starttime="20161207 04:51:57.059" endtime="20161207 04:51:57.067"></status>
</kw>
<kw library="rest_client" name="Initialize OpenBMC">
<arguments>
<arg>${timeout}</arg>
</arguments>
<kw library="RequestsLibrary.RequestsKeywords" name="Create Session">
<doc>Create Session: create a HTTP session to a server</doc>
<arguments>
<arg>openbmc</arg>
<arg>${AUTH_URI}</arg>
<arg>timeout=${timeout}</arg>
<arg>max_retries=3</arg>
</arguments>
<msg timestamp="20161207 04:51:57.068" level="INFO">Creating Session using : alias=openbmc, url=https://9.3.23.30:443, headers={},                     cookies=None, auth=None, timeout=10, proxies=None, verify=False,                     debug=0 </msg>
<status status="PASS" starttime="20161207 04:51:57.067" endtime="20161207 04:51:57.068"></status>
</kw>
<kw library="BuiltIn" name="Create Dictionary">
<doc>Creates and returns a dictionary based on given items.</doc>
<arguments>
<arg>Content-Type=application/json</arg>
</arguments>
<assign>
<var>${headers}</var>
</assign>
<msg timestamp="20161207 04:51:57.069" level="INFO">${headers} = {u'Content-Type': u'application/json'}</msg>
<status status="PASS" starttime="20161207 04:51:57.069" endtime="20161207 04:51:57.069"></status>
</kw>
<kw library="BuiltIn" name="Create List">
<doc>Returns a list containing given items.</doc>
<arguments>
<arg>${OPENBMC_USERNAME}</arg>
<arg>${OPENBMC_PASSWORD}</arg>
</arguments>
<assign>
<var>@{credentials}</var>
</assign>
<msg timestamp="20161207 04:51:57.070" level="INFO">@{credentials} = [ root | 0penBmc ]</msg>
<status status="PASS" starttime="20161207 04:51:57.069" endtime="20161207 04:51:57.070"></status>
</kw>
<kw library="BuiltIn" name="Create Dictionary">
<doc>Creates and returns a dictionary based on given items.</doc>
<arguments>
<arg>data=@{credentials}</arg>
</arguments>
<assign>
<var>${data}</var>
</assign>
<msg timestamp="20161207 04:51:57.071" level="INFO">${data} = {u'data': [u'root', u'0penBmc']}</msg>
<status status="PASS" starttime="20161207 04:51:57.070" endtime="20161207 04:51:57.071"></status>
</kw>
<kw library="RequestsLibrary.RequestsKeywords" name="Post Request">
<doc>Send a POST request on the session object found using the</doc>
<arguments>
<arg>openbmc</arg>
<arg>/login</arg>
<arg>data=${data}</arg>
<arg>headers=${headers}</arg>
</arguments>
<assign>
<var>${resp}</var>
</assign>
<msg timestamp="20161207 04:51:57.435" level="INFO">Post Request using : alias=openbmc, uri=/login, data={"data": ["root", "0penBmc"]},                     headers={u'Content-Type': u'application/json'}, files=None, allow_redirects=True </msg>
<msg timestamp="20161207 04:51:57.435" level="INFO">${resp} = &lt;Response [200]&gt;</msg>
<status status="PASS" starttime="20161207 04:51:57.071" endtime="20161207 04:51:57.435"></status>
</kw>
<kw library="BuiltIn" name="Should Be Equal As Strings">
<doc>Fails if objects are unequal after converting them to strings.</doc>
<arguments>
<arg>${resp.status_code}</arg>
<arg>${HTTP_OK}</arg>
</arguments>
<msg timestamp="20161207 04:51:57.436" level="INFO">Argument types are:
&lt;type 'int'&gt;
&lt;type 'unicode'&gt;</msg>
<status status="PASS" starttime="20161207 04:51:57.436" endtime="20161207 04:51:57.436"></status>
</kw>
<status status="PASS" starttime="20161207 04:51:57.067" endtime="20161207 04:51:57.437"></status>
</kw>
<kw library="RequestsLibrary.RequestsKeywords" name="Get Request">
<doc>Send a GET request on the session object found using the</doc>
<arguments>
<arg>openbmc</arg>
<arg>${base_uri}</arg>
<arg>&amp;{kwargs}</arg>
<arg>timeout=${timeout}</arg>
</arguments>
<assign>
<var>${ret}</var>
</assign>
<msg timestamp="20161207 04:51:57.496" level="INFO">Get Request using : alias=openbmc, uri=/org/openbmc/records/events/, headers=None </msg>
<msg timestamp="20161207 04:51:57.496" level="INFO">${ret} = &lt;Response [200]&gt;</msg>
<status status="PASS" starttime="20161207 04:51:57.437" endtime="20161207 04:51:57.496"></status>
</kw>
<kw library="BuiltIn" name="Run Keyword If">
<doc>Runs the given keyword with the given arguments, if ``condition`` is true.</doc>
<arguments>
<arg>'${quiet}' == '${0}'</arg>
<arg>Log Response</arg>
<arg>${ret}</arg>
</arguments>
<kw library="rest_client" name="Log Response">
<arguments>
<arg>${ret}</arg>
</arguments>
<kw library="BuiltIn" name="Catenate">
<doc>Catenates the given items together and returns the resulted string.</doc>
<arguments>
<arg>SEPARATOR=</arg>
<arg>Response code:</arg>
<arg>${resp.status_code}</arg>
<arg>, Content:</arg>
<arg>${resp.content}</arg>
</arguments>
<assign>
<var>${msg}</var>
</assign>
<msg timestamp="20161207 04:51:57.502" level="INFO">${msg} = Response code:200, Content:{
  "data": [
    "/org/openbmc/records/events/193"
  ], 
  "message": "200 OK", 
  "status": "ok"
}</msg>
<status status="PASS" starttime="20161207 04:51:57.501" endtime="20161207 04:51:57.502"></status>
</kw>
<kw library="rest_client" name="Logging">
<arguments>
<arg>${msg}</arg>
<arg>console=True</arg>
</arguments>
<kw library="BuiltIn" name="Log">
<doc>Logs the given message with the given level.</doc>
<arguments>
<arg>${msg}</arg>
<arg>console=True</arg>
</arguments>
<msg timestamp="20161207 04:51:57.503" level="INFO">Response code:200, Content:{
  "data": [
    "/org/openbmc/records/events/193"
  ], 
  "message": "200 OK", 
  "status": "ok"
}</msg>
<status status="PASS" starttime="20161207 04:51:57.503" endtime="20161207 04:51:57.503"></status>
</kw>
<status status="PASS" starttime="20161207 04:51:57.502" endtime="20161207 04:51:57.504"></status>
</kw>
<status status="PASS" starttime="20161207 04:51:57.501" endtime="20161207 04:51:57.504"></status>
</kw>
<status status="PASS" starttime="20161207 04:51:57.497" endtime="20161207 04:51:57.504"></status>
</kw>
<msg timestamp="20161207 04:51:57.504" level="INFO">${resp} = &lt;Response [200]&gt;</msg>
<status status="PASS" starttime="20161207 04:51:57.057" endtime="20161207 04:51:57.504"></status>
</kw>
<kw library="BuiltIn" name="Should Be Equal As Strings">
<doc>Fails if objects are unequal after converting them to strings.</doc>
<arguments>
<arg>${resp.status_code}</arg>
<arg>${HTTP_OK}</arg>
</arguments>
<msg timestamp="20161207 04:51:57.505" level="INFO">Argument types are:
&lt;type 'int'&gt;
&lt;type 'unicode'&gt;</msg>
<status status="PASS" starttime="20161207 04:51:57.504" endtime="20161207 04:51:57.505"></status>
</kw>
<kw library="RequestsLibrary.RequestsKeywords" name="To Json">
<doc>Convert a string to a JSON object</doc>
<arguments>
<arg>${resp.content}</arg>
</arguments>
<assign>
<var>${jsondata}</var>
</assign>
<msg timestamp="20161207 04:51:57.506" level="INFO">To JSON using : content={
  "data": [
    "/org/openbmc/records/events/193"
  ], 
  "message": "200 OK", 
  "status": "ok"
} </msg>
<msg timestamp="20161207 04:51:57.506" level="INFO">To JSON using : pretty_print=False </msg>
<msg timestamp="20161207 04:51:57.506" level="INFO">${jsondata} = {u'message': u'200 OK', u'status': u'ok', u'data': [u'/org/openbmc/records/events/193']}</msg>
<status status="PASS" starttime="20161207 04:51:57.505" endtime="20161207 04:51:57.506"></status>
</kw>
<msg timestamp="20161207 04:51:57.506" level="INFO">${log_list} = [u'/org/openbmc/records/events/193']</msg>
<status status="PASS" starttime="20161207 04:51:57.057" endtime="20161207 04:51:57.506"></status>
</kw>
<kw library="BuiltIn" name="Should Contain">
<doc>Fails if ``container`` does not contain ``item`` one or more times.</doc>
<arguments>
<arg>'${log_list}'</arg>
<arg>${elog.strip('q ')}</arg>
</arguments>
<status status="PASS" starttime="20161207 04:51:57.507" endtime="20161207 04:51:57.507"></status>
</kw>
<kw library="BuiltIn" name="Catenate">
<doc>Catenates the given items together and returns the resulted string.</doc>
<arguments>
<arg>SEPARATOR=</arg>
<arg>${EVENT_RECORD}/${elog.strip('q ')}</arg>
<arg>/fru</arg>
</arguments>
<assign>
<var>${association_uri}</var>
</assign>
<msg timestamp="20161207 04:51:57.508" level="INFO">${association_uri} = /org/openbmc/records/events/193/fru</msg>
<status status="PASS" starttime="20161207 04:51:57.507" endtime="20161207 04:51:57.508"></status>
</kw>
<kw library="rest_client" name="Read Attribute">
<arguments>
<arg>${association_uri}</arg>
<arg>endpoints</arg>
</arguments>
<assign>
<var>${association_content}</var>
</assign>
<kw library="rest_client" name="OpenBMC Get Request">
<arguments>
<arg>${uri}/attr/${attr}</arg>
<arg>timeout=${timeout}</arg>
<arg>quiet=${quiet}</arg>
</arguments>
<assign>
<var>${resp}</var>
</assign>
<kw library="BuiltIn" name="Catenate">
<doc>Catenates the given items together and returns the resulted string.</doc>
<arguments>
<arg>SEPARATOR=</arg>
<arg>${DBUS_PREFIX}</arg>
<arg>${uri}</arg>
</arguments>
<assign>
<var>${base_uri}</var>
</assign>
<msg timestamp="20161207 04:51:57.510" level="INFO">${base_uri} = /org/openbmc/records/events/193/fru/attr/endpoints</msg>
<status status="PASS" starttime="20161207 04:51:57.510" endtime="20161207 04:51:57.510"></status>
</kw>
<kw library="BuiltIn" name="Run Keyword If">
<doc>Runs the given keyword with the given arguments, if ``condition`` is true.</doc>
<arguments>
<arg>'${quiet}' == '${0}'</arg>
<arg>Log Request</arg>
<arg>method=Get</arg>
<arg>base_uri=${base_uri}</arg>
<arg>args=&amp;{kwargs}</arg>
</arguments>
<kw library="rest_client" name="Log Request">
<arguments>
<arg>method=Get</arg>
<arg>base_uri=${base_uri}</arg>
<arg>args=&amp;{kwargs}</arg>
</arguments>
<kw library="BuiltIn" name="Catenate">
<doc>Catenates the given items together and returns the resulted string.</doc>
<arguments>
<arg>SEPARATOR=</arg>
<arg>URI:</arg>
<arg>${AUTH_URI}</arg>
<arg>${kwargs["base_uri"]}</arg>
<arg>, method:</arg>
<arg>${kwargs["method"]}</arg>
<arg>, args:</arg>
<arg>${kwargs["args"]}</arg>
</arguments>
<assign>
<var>${msg}</var>
</assign>
<msg timestamp="20161207 04:51:57.517" level="INFO">${msg} = URI:https://9.3.23.30:443/org/openbmc/records/events/193/fru/attr/endpoints, method:Get, args:{}</msg>
<status status="PASS" starttime="20161207 04:51:57.516" endtime="20161207 04:51:57.517"></status>
</kw>
<kw library="rest_client" name="Logging">
<arguments>
<arg>${msg}</arg>
<arg>console=True</arg>
</arguments>
<kw library="BuiltIn" name="Log">
<doc>Logs the given message with the given level.</doc>
<arguments>
<arg>${msg}</arg>
<arg>console=True</arg>
</arguments>
<msg timestamp="20161207 04:51:57.518" level="INFO">URI:https://9.3.23.30:443/org/openbmc/records/events/193/fru/attr/endpoints, method:Get, args:{}</msg>
<status status="PASS" starttime="20161207 04:51:57.518" endtime="20161207 04:51:57.518"></status>
</kw>
<status status="PASS" starttime="20161207 04:51:57.517" endtime="20161207 04:51:57.518"></status>
</kw>
<status status="PASS" starttime="20161207 04:51:57.515" endtime="20161207 04:51:57.518"></status>
</kw>
<status status="PASS" starttime="20161207 04:51:57.511" endtime="20161207 04:51:57.519"></status>
</kw>
<kw library="rest_client" name="Initialize OpenBMC">
<arguments>
<arg>${timeout}</arg>
</arguments>
<kw library="RequestsLibrary.RequestsKeywords" name="Create Session">
<doc>Create Session: create a HTTP session to a server</doc>
<arguments>
<arg>openbmc</arg>
<arg>${AUTH_URI}</arg>
<arg>timeout=${timeout}</arg>
<arg>max_retries=3</arg>
</arguments>
<msg timestamp="20161207 04:51:57.520" level="INFO">Creating Session using : alias=openbmc, url=https://9.3.23.30:443, headers={},                     cookies=None, auth=None, timeout=10, proxies=None, verify=False,                     debug=0 </msg>
<status status="PASS" starttime="20161207 04:51:57.520" endtime="20161207 04:51:57.521"></status>
</kw>
<kw library="BuiltIn" name="Create Dictionary">
<doc>Creates and returns a dictionary based on given items.</doc>
<arguments>
<arg>Content-Type=application/json</arg>
</arguments>
<assign>
<var>${headers}</var>
</assign>
<msg timestamp="20161207 04:51:57.522" level="INFO">${headers} = {u'Content-Type': u'application/json'}</msg>
<status status="PASS" starttime="20161207 04:51:57.521" endtime="20161207 04:51:57.522"></status>
</kw>
<kw library="BuiltIn" name="Create List">
<doc>Returns a list containing given items.</doc>
<arguments>
<arg>${OPENBMC_USERNAME}</arg>
<arg>${OPENBMC_PASSWORD}</arg>
</arguments>
<assign>
<var>@{credentials}</var>
</assign>
<msg timestamp="20161207 04:51:57.523" level="INFO">@{credentials} = [ root | 0penBmc ]</msg>
<status status="PASS" starttime="20161207 04:51:57.522" endtime="20161207 04:51:57.523"></status>
</kw>
<kw library="BuiltIn" name="Create Dictionary">
<doc>Creates and returns a dictionary based on given items.</doc>
<arguments>
<arg>data=@{credentials}</arg>
</arguments>
<assign>
<var>${data}</var>
</assign>
<msg timestamp="20161207 04:51:57.523" level="INFO">${data} = {u'data': [u'root', u'0penBmc']}</msg>
<status status="PASS" starttime="20161207 04:51:57.523" endtime="20161207 04:51:57.523"></status>
</kw>
<kw library="RequestsLibrary.RequestsKeywords" name="Post Request">
<doc>Send a POST request on the session object found using the</doc>
<arguments>
<arg>openbmc</arg>
<arg>/login</arg>
<arg>data=${data}</arg>
<arg>headers=${headers}</arg>
</arguments>
<assign>
<var>${resp}</var>
</assign>
<msg timestamp="20161207 04:51:57.856" level="INFO">Post Request using : alias=openbmc, uri=/login, data={"data": ["root", "0penBmc"]},                     headers={u'Content-Type': u'application/json'}, files=None, allow_redirects=True </msg>
<msg timestamp="20161207 04:51:57.857" level="INFO">${resp} = &lt;Response [200]&gt;</msg>
<status status="PASS" starttime="20161207 04:51:57.524" endtime="20161207 04:51:57.857"></status>
</kw>
<kw library="BuiltIn" name="Should Be Equal As Strings">
<doc>Fails if objects are unequal after converting them to strings.</doc>
<arguments>
<arg>${resp.status_code}</arg>
<arg>${HTTP_OK}</arg>
</arguments>
<msg timestamp="20161207 04:51:57.858" level="INFO">Argument types are:
&lt;type 'int'&gt;
&lt;type 'unicode'&gt;</msg>
<status status="PASS" starttime="20161207 04:51:57.857" endtime="20161207 04:51:57.858"></status>
</kw>
<status status="PASS" starttime="20161207 04:51:57.519" endtime="20161207 04:51:57.858"></status>
</kw>
<kw library="RequestsLibrary.RequestsKeywords" name="Get Request">
<doc>Send a GET request on the session object found using the</doc>
<arguments>
<arg>openbmc</arg>
<arg>${base_uri}</arg>
<arg>&amp;{kwargs}</arg>
<arg>timeout=${timeout}</arg>
</arguments>
<assign>
<var>${ret}</var>
</assign>
<msg timestamp="20161207 04:51:57.943" level="INFO">Get Request using : alias=openbmc, uri=/org/openbmc/records/events/193/fru/attr/endpoints, headers=None </msg>
<msg timestamp="20161207 04:51:57.944" level="INFO">${ret} = &lt;Response [200]&gt;</msg>
<status status="PASS" starttime="20161207 04:51:57.858" endtime="20161207 04:51:57.944"></status>
</kw>
<kw library="BuiltIn" name="Run Keyword If">
<doc>Runs the given keyword with the given arguments, if ``condition`` is true.</doc>
<arguments>
<arg>'${quiet}' == '${0}'</arg>
<arg>Log Response</arg>
<arg>${ret}</arg>
</arguments>
<kw library="rest_client" name="Log Response">
<arguments>
<arg>${ret}</arg>
</arguments>
<kw library="BuiltIn" name="Catenate">
<doc>Catenates the given items together and returns the resulted string.</doc>
<arguments>
<arg>SEPARATOR=</arg>
<arg>Response code:</arg>
<arg>${resp.status_code}</arg>
<arg>, Content:</arg>
<arg>${resp.content}</arg>
</arguments>
<assign>
<var>${msg}</var>
</assign>
<msg timestamp="20161207 04:51:57.950" level="INFO">${msg} = Response code:200, Content:{
  "data": [
    "/org/openbmc/inventory/system/chassis/motherboard/dimm1"
  ], 
  "message": "200 OK", 
  "status": "ok"
}</msg>
<status status="PASS" starttime="20161207 04:51:57.949" endtime="20161207 04:51:57.950"></status>
</kw>
<kw library="rest_client" name="Logging">
<arguments>
<arg>${msg}</arg>
<arg>console=True</arg>
</arguments>
<kw library="BuiltIn" name="Log">
<doc>Logs the given message with the given level.</doc>
<arguments>
<arg>${msg}</arg>
<arg>console=True</arg>
</arguments>
<msg timestamp="20161207 04:51:57.951" level="INFO">Response code:200, Content:{
  "data": [
    "/org/openbmc/inventory/system/chassis/motherboard/dimm1"
  ], 
  "message": "200 OK", 
  "status": "ok"
}</msg>
<status status="PASS" starttime="20161207 04:51:57.951" endtime="20161207 04:51:57.951"></status>
</kw>
<status status="PASS" starttime="20161207 04:51:57.950" endtime="20161207 04:51:57.951"></status>
</kw>
<status status="PASS" starttime="20161207 04:51:57.949" endtime="20161207 04:51:57.951"></status>
</kw>
<status status="PASS" starttime="20161207 04:51:57.944" endtime="20161207 04:51:57.952"></status>
</kw>
<msg timestamp="20161207 04:51:57.952" level="INFO">${resp} = &lt;Response [200]&gt;</msg>
<status status="PASS" starttime="20161207 04:51:57.509" endtime="20161207 04:51:57.952"></status>
</kw>
<kw library="RequestsLibrary.RequestsKeywords" name="To Json">
<doc>Convert a string to a JSON object</doc>
<arguments>
<arg>${resp.content}</arg>
</arguments>
<assign>
<var>${content}</var>
</assign>
<msg timestamp="20161207 04:51:57.953" level="INFO">To JSON using : content={
  "data": [
    "/org/openbmc/inventory/system/chassis/motherboard/dimm1"
  ], 
  "message": "200 OK", 
  "status": "ok"
} </msg>
<msg timestamp="20161207 04:51:57.953" level="INFO">To JSON using : pretty_print=False </msg>
<msg timestamp="20161207 04:51:57.953" level="INFO">${content} = {u'message': u'200 OK', u'status': u'ok', u'data': [u'/org/openbmc/inventory/system/chassis/motherboard/dimm1']}</msg>
<status status="PASS" starttime="20161207 04:51:57.952" endtime="20161207 04:51:57.953"></status>
</kw>
<msg timestamp="20161207 04:51:57.953" level="INFO">${association_content} = [u'/org/openbmc/inventory/system/chassis/motherboard/dimm1']</msg>
<status status="PASS" starttime="20161207 04:51:57.508" endtime="20161207 04:51:57.953"></status>
</kw>
<kw library="BuiltIn" name="Should Contain">
<doc>Fails if ``container`` does not contain ``item`` one or more times.</doc>
<arguments>
<arg>${association_content}</arg>
<arg>${DIMM1_URI}</arg>
</arguments>
<status status="PASS" starttime="20161207 04:51:57.954" endtime="20161207 04:51:57.954"></status>
</kw>
<kw library="rest_client" name="Read Attribute">
<arguments>
<arg>${DIMM1_URI}/event</arg>
<arg>endpoints</arg>
</arguments>
<assign>
<var>${dimm1_event}</var>
</assign>
<kw library="rest_client" name="OpenBMC Get Request">
<arguments>
<arg>${uri}/attr/${attr}</arg>
<arg>timeout=${timeout}</arg>
<arg>quiet=${quiet}</arg>
</arguments>
<assign>
<var>${resp}</var>
</assign>
<kw library="BuiltIn" name="Catenate">
<doc>Catenates the given items together and returns the resulted string.</doc>
<arguments>
<arg>SEPARATOR=</arg>
<arg>${DBUS_PREFIX}</arg>
<arg>${uri}</arg>
</arguments>
<assign>
<var>${base_uri}</var>
</assign>
<msg timestamp="20161207 04:51:57.956" level="INFO">${base_uri} = /org/openbmc/inventory/system/chassis/motherboard/dimm1/event/attr/endpoints</msg>
<status status="PASS" starttime="20161207 04:51:57.956" endtime="20161207 04:51:57.956"></status>
</kw>
<kw library="BuiltIn" name="Run Keyword If">
<doc>Runs the given keyword with the given arguments, if ``condition`` is true.</doc>
<arguments>
<arg>'${quiet}' == '${0}'</arg>
<arg>Log Request</arg>
<arg>method=Get</arg>
<arg>base_uri=${base_uri}</arg>
<arg>args=&amp;{kwargs}</arg>
</arguments>
<kw library="rest_client" name="Log Request">
<arguments>
<arg>method=Get</arg>
<arg>base_uri=${base_uri}</arg>
<arg>args=&amp;{kwargs}</arg>
</arguments>
<kw library="BuiltIn" name="Catenate">
<doc>Catenates the given items together and returns the resulted string.</doc>
<arguments>
<arg>SEPARATOR=</arg>
<arg>URI:</arg>
<arg>${AUTH_URI}</arg>
<arg>${kwargs["base_uri"]}</arg>
<arg>, method:</arg>
<arg>${kwargs["method"]}</arg>
<arg>, args:</arg>
<arg>${kwargs["args"]}</arg>
</arguments>
<assign>
<var>${msg}</var>
</assign>
<msg timestamp="20161207 04:51:57.963" level="INFO">${msg} = URI:https://9.3.23.30:443/org/openbmc/inventory/system/chassis/motherboard/dimm1/event/attr/endpoints, method:Get, args:{}</msg>
<status status="PASS" starttime="20161207 04:51:57.962" endtime="20161207 04:51:57.963"></status>
</kw>
<kw library="rest_client" name="Logging">
<arguments>
<arg>${msg}</arg>
<arg>console=True</arg>
</arguments>
<kw library="BuiltIn" name="Log">
<doc>Logs the given message with the given level.</doc>
<arguments>
<arg>${msg}</arg>
<arg>console=True</arg>
</arguments>
<msg timestamp="20161207 04:51:57.964" level="INFO">URI:https://9.3.23.30:443/org/openbmc/inventory/system/chassis/motherboard/dimm1/event/attr/endpoints, method:Get, args:{}</msg>
[...]
<status status="PASS" starttime="20161207 04:55:52.162" endtime="20161207 04:55:52.162"></status>
</kw>
<kw library="BuiltIn" name="Run Keyword And Return Status">
<doc>Runs the given keyword with given arguments and returns the status as a Boolean value.</doc>
<arguments>
<arg>OperatingSystem.File Should Exist</arg>
<arg>${TEST_HISTORY}</arg>
</arguments>
<assign>
<var>${exist}</var>
</assign>
<kw library="OperatingSystem" name="File Should Exist">
<doc>Fails unless the given ``path`` points to an existing file.</doc>
<arguments>
<arg>${TEST_HISTORY}</arg>
</arguments>
<msg timestamp="20161207 04:55:52.163" level="INFO" html="yes">File '&lt;a href="file:///tmp/root/2317/obmc-robot/logs/test_history.txt"&gt;/tmp/root/2317/obmc-robot/logs/test_history.txt&lt;/a&gt;' exists.</msg>
<status status="PASS" starttime="20161207 04:55:52.163" endtime="20161207 04:55:52.163"></status>
</kw>
<msg timestamp="20161207 04:55:52.163" level="INFO">${exist} = True</msg>
<status status="PASS" starttime="20161207 04:55:52.162" endtime="20161207 04:55:52.163"></status>
</kw>
<kw library="BuiltIn" name="Run Keyword If">
<doc>Runs the given keyword with the given arguments, if ``condition`` is true.</doc>
<arguments>
<arg>'${exist}' == '${False}'</arg>
<arg>Create File</arg>
<arg>${TEST_HISTORY}</arg>
</arguments>
<status status="PASS" starttime="20161207 04:55:52.163" endtime="20161207 04:55:52.166"></status>
</kw>
<kw library="openbmc_ffdc_utils" name="Get Current Time Stamp">
<doc>Get the current time stamp data</doc>
<assign>
<var>${cur_time}</var>
</assign>
<kw library="DateTime" name="Get Current Date">
<doc>Returns current local or UTC time with an optional increment.</doc>
<arguments>
<arg>result_format=%Y-%m-%d %H:%M:%S:%f</arg>
</arguments>
<assign>
<var>${cur_time}</var>
</assign>
<msg timestamp="20161207 04:55:52.167" level="INFO">${cur_time} = 2016-12-07 04:55:52:166885</msg>
<status status="PASS" starttime="20161207 04:55:52.167" endtime="20161207 04:55:52.167"></status>
</kw>
<kw library="openbmc_ffdc_list" name="Get Strip String">
<doc>########################################################################</doc>
<arguments>
<arg>${cur_time}</arg>
</arguments>
<assign>
<var>${cur_time}</var>
</assign>
<msg timestamp="20161207 04:55:52.168" level="INFO">${cur_time} = 20161207045552166885</msg>
<status status="PASS" starttime="20161207 04:55:52.167" endtime="20161207 04:55:52.168"></status>
</kw>
<msg timestamp="20161207 04:55:52.168" level="INFO">${cur_time} = 20161207045552166885</msg>
<status status="PASS" starttime="20161207 04:55:52.166" endtime="20161207 04:55:52.168"></status>
</kw>
<kw library="OperatingSystem" name="Append To File">
<doc>Appends the given contend to the specified file.</doc>
<arguments>
<arg>${TEST_HISTORY}</arg>
<arg>${cur_time}:${SUITE_NAME}:${TEST_NAME}:${TEST_STATUS}${\n}</arg>
</arguments>
<msg timestamp="20161207 04:55:52.169" level="INFO" html="yes">Appended to file '&lt;a href="file:///tmp/root/2317/obmc-robot/logs/test_history.txt"&gt;/tmp/root/2317/obmc-robot/logs/test_history.txt&lt;/a&gt;'.</msg>
<status status="PASS" starttime="20161207 04:55:52.168" endtime="20161207 04:55:52.169"></status>
</kw>
<status status="PASS" starttime="20161207 04:55:52.161" endtime="20161207 04:55:52.169"></status>
</kw>
<status status="PASS" starttime="20161207 04:55:52.158" endtime="20161207 04:55:52.169"></status>
</kw>
<doc>Test create event</doc>
<tags>
<tag>CI</tag>
<tag>write_a_log</tag>
</tags>
<status status="PASS" starttime="20161207 04:55:51.172" endtime="20161207 04:55:52.169" critical="yes"></status>
</test>
<kw type="teardown" library="SSHLibrary" name="Close All Connections">
<doc>Closes all open connections.</doc>
<status status="PASS" starttime="20161207 04:55:52.171" endtime="20161207 04:55:52.443"></status>
</kw>
<doc>This suite is used for testing the error logging
capability from the host</doc>
<status status="PASS" starttime="20161207 04:55:47.571" endtime="20161207 04:55:52.443"></status>
</suite>
<suite id="s1-s5" name="Test Obmcrest" source="/tmp/root/2317/obmc-robot/tests/test_obmcrest.robot">
<test id="s1-s5-t1" name="Get a Property">
<kw library="rest_client" name="Read Attribute">
<arguments>
<arg>/org/openbmc/inventory/system/chassis/motherboard/cpu0</arg>
<arg>is_fru</arg>
</arguments>
<assign>
<var>${resp}</var>
</assign>
<kw library="rest_client" name="OpenBMC Get Request">
<arguments>
<arg>${uri}/attr/${attr}</arg>
<arg>timeout=${timeout}</arg>
<arg>quiet=${quiet}</arg>
</arguments>
<assign>
<var>${resp}</var>
</assign>
<kw library="BuiltIn" name="Catenate">
<doc>Catenates the given items together and returns the resulted string.</doc>
<arguments>
<arg>SEPARATOR=</arg>
<arg>${DBUS_PREFIX}</arg>
<arg>${uri}</arg>
</arguments>
<assign>
<var>${base_uri}</var>
</assign>
<msg timestamp="20161207 04:55:52.473" level="INFO">${base_uri} = /org/openbmc/inventory/system/chassis/motherboard/cpu0/attr/is_fru</msg>
<status status="PASS" starttime="20161207 04:55:52.472" endtime="20161207 04:55:52.473"></status>
</kw>
<kw library="BuiltIn" name="Run Keyword If">
<doc>Runs the given keyword with the given arguments, if ``condition`` is true.</doc>
<arguments>
<arg>'${quiet}' == '${0}'</arg>
<arg>Log Request</arg>
<arg>method=Get</arg>
<arg>base_uri=${base_uri}</arg>
<arg>args=&amp;{kwargs}</arg>
</arguments>
<kw library="rest_client" name="Log Request">
<arguments>
<arg>method=Get</arg>
<arg>base_uri=${base_uri}</arg>
<arg>args=&amp;{kwargs}</arg>
</arguments>
<kw library="BuiltIn" name="Catenate">
<doc>Catenates the given items together and returns the resulted string.</doc>
<arguments>
<arg>SEPARATOR=</arg>
<arg>URI:</arg>
<arg>${AUTH_URI}</arg>
<arg>${kwargs["base_uri"]}</arg>
<arg>, method:</arg>
<arg>${kwargs["method"]}</arg>
<arg>, args:</arg>
<arg>${kwargs["args"]}</arg>
</arguments>
<assign>
<var>${msg}</var>
</assign>
<msg timestamp="20161207 04:55:52.477" level="INFO">${msg} = URI:https://9.3.23.30:443/org/openbmc/inventory/system/chassis/motherboard/cpu0/attr/is_fru, method:Get, args:{}</msg>
<status status="PASS" starttime="20161207 04:55:52.476" endtime="20161207 04:55:52.477"></status>
</kw>
<kw library="rest_client" name="Logging">
<arguments>
<arg>${msg}</arg>
<arg>console=True</arg>
</arguments>
<kw library="BuiltIn" name="Log">
<doc>Logs the given message with the given level.</doc>
<arguments>
<arg>${msg}</arg>
<arg>console=True</arg>
</arguments>
<msg timestamp="20161207 04:55:52.478" level="INFO">URI:https://9.3.23.30:443/org/openbmc/inventory/system/chassis/motherboard/cpu0/attr/is_fru, method:Get, args:{}</msg>
<status status="PASS" starttime="20161207 04:55:52.478" endtime="20161207 04:55:52.478"></status>
</kw>
<status status="PASS" starttime="20161207 04:55:52.477" endtime="20161207 04:55:52.478"></status>
</kw>
<status status="PASS" starttime="20161207 04:55:52.476" endtime="20161207 04:55:52.478"></status>
</kw>
<status status="PASS" starttime="20161207 04:55:52.473" endtime="20161207 04:55:52.478"></status>
</kw>
<kw library="rest_client" name="Initialize OpenBMC">
<arguments>
<arg>${timeout}</arg>
</arguments>
<kw library="RequestsLibrary.RequestsKeywords" name="Create Session">
<doc>Create Session: create a HTTP session to a server</doc>
<arguments>
<arg>openbmc</arg>
<arg>${AUTH_URI}</arg>
<arg>timeout=${timeout}</arg>
<arg>max_retries=3</arg>
</arguments>
<msg timestamp="20161207 04:55:52.479" level="INFO">Creating Session using : alias=openbmc, url=https://9.3.23.30:443, headers={},                     cookies=None, auth=None, timeout=10, proxies=None, verify=False,                     debug=0 </msg>
<status status="PASS" starttime="20161207 04:55:52.479" endtime="20161207 04:55:52.480"></status>
</kw>
<kw library="BuiltIn" name="Create Dictionary">
<doc>Creates and returns a dictionary based on given items.</doc>
<arguments>
<arg>Content-Type=application/json</arg>
</arguments>
<assign>
<var>${headers}</var>
</assign>
<msg timestamp="20161207 04:55:52.480" level="INFO">${headers} = {u'Content-Type': u'application/json'}</msg>
<status status="PASS" starttime="20161207 04:55:52.480" endtime="20161207 04:55:52.480"></status>
</kw>
<kw library="BuiltIn" name="Create List">
<doc>Returns a list containing given items.</doc>
<arguments>
<arg>${OPENBMC_USERNAME}</arg>
<arg>${OPENBMC_PASSWORD}</arg>
</arguments>
<assign>
<var>@{credentials}</var>
</assign>
<msg timestamp="20161207 04:55:52.481" level="INFO">@{credentials} = [ root | 0penBmc ]</msg>
<status status="PASS" starttime="20161207 04:55:52.480" endtime="20161207 04:55:52.481"></status>
</kw>
<kw library="BuiltIn" name="Create Dictionary">
<doc>Creates and returns a dictionary based on given items.</doc>
<arguments>
<arg>data=@{credentials}</arg>
</arguments>
<assign>
<var>${data}</var>
</assign>
<msg timestamp="20161207 04:55:52.481" level="INFO">${data} = {u'data': [u'root', u'0penBmc']}</msg>
<status status="PASS" starttime="20161207 04:55:52.481" endtime="20161207 04:55:52.481"></status>
</kw>
<kw library="RequestsLibrary.RequestsKeywords" name="Post Request">
<doc>Send a POST request on the session object found using the</doc>
<arguments>
<arg>openbmc</arg>
<arg>/login</arg>
<arg>data=${data}</arg>
<arg>headers=${headers}</arg>
</arguments>
<assign>
<var>${resp}</var>
</assign>
<msg timestamp="20161207 04:55:53.468" level="INFO">Post Request using : alias=openbmc, uri=/login, data={"data": ["root", "0penBmc"]},                     headers={u'Content-Type': u'application/json'}, files=None, allow_redirects=True </msg>
<msg timestamp="20161207 04:55:53.469" level="INFO">${resp} = &lt;Response [200]&gt;</msg>
<status status="PASS" starttime="20161207 04:55:52.482" endtime="20161207 04:55:53.469"></status>
</kw>
<kw library="BuiltIn" name="Should Be Equal As Strings">
<doc>Fails if objects are unequal after converting them to strings.</doc>
<arguments>
<arg>${resp.status_code}</arg>
<arg>${HTTP_OK}</arg>
</arguments>
<msg timestamp="20161207 04:55:53.470" level="INFO">Argument types are:
&lt;type 'int'&gt;
&lt;type 'unicode'&gt;</msg>
<status status="PASS" starttime="20161207 04:55:53.469" endtime="20161207 04:55:53.470"></status>
</kw>
<status status="PASS" starttime="20161207 04:55:52.478" endtime="20161207 04:55:53.470"></status>
</kw>
<kw library="RequestsLibrary.RequestsKeywords" name="Get Request">
<doc>Send a GET request on the session object found using the</doc>
<arguments>
<arg>openbmc</arg>
<arg>${base_uri}</arg>
<arg>&amp;{kwargs}</arg>
<arg>timeout=${timeout}</arg>
</arguments>
<assign>
<var>${ret}</var>
</assign>
<msg timestamp="20161207 04:55:53.715" level="INFO">Get Request using : alias=openbmc, uri=/org/openbmc/inventory/system/chassis/motherboard/cpu0/attr/is_fru, headers=None </msg>
<msg timestamp="20161207 04:55:53.715" level="INFO">${ret} = &lt;Response [200]&gt;</msg>
<status status="PASS" starttime="20161207 04:55:53.470" endtime="20161207 04:55:53.715"></status>
</kw>
<kw library="BuiltIn" name="Run Keyword If">
<doc>Runs the given keyword with the given arguments, if ``condition`` is true.</doc>
<arguments>
<arg>'${quiet}' == '${0}'</arg>
<arg>Log Response</arg>
<arg>${ret}</arg>
</arguments>
<kw library="rest_client" name="Log Response">
<arguments>
<arg>${ret}</arg>
</arguments>
<kw library="BuiltIn" name="Catenate">
<doc>Catenates the given items together and returns the resulted string.</doc>
<arguments>
<arg>SEPARATOR=</arg>
<arg>Response code:</arg>
<arg>${resp.status_code}</arg>
<arg>, Content:</arg>
<arg>${resp.content}</arg>
</arguments>
<assign>
<var>${msg}</var>
</assign>
<msg timestamp="20161207 04:55:53.721" level="INFO">${msg} = Response code:200, Content:{
  "data": 1, 
  "message": "200 OK", 
  "status": "ok"
}</msg>
<status status="PASS" starttime="20161207 04:55:53.720" endtime="20161207 04:55:53.721"></status>
</kw>
<kw library="rest_client" name="Logging">
<arguments>
<arg>${msg}</arg>
<arg>console=True</arg>
</arguments>
<kw library="BuiltIn" name="Log">
<doc>Logs the given message with the given level.</doc>
<arguments>
<arg>${msg}</arg>
<arg>console=True</arg>
</arguments>
<msg timestamp="20161207 04:55:53.722" level="INFO">Response code:200, Content:{
  "data": 1, 
  "message": "200 OK", 
  "status": "ok"
}</msg>
<status status="PASS" starttime="20161207 04:55:53.722" endtime="20161207 04:55:53.722"></status>
</kw>
<status status="PASS" starttime="20161207 04:55:53.721" endtime="20161207 04:55:53.722"></status>
</kw>
<status status="PASS" starttime="20161207 04:55:53.720" endtime="20161207 04:55:53.723"></status>
</kw>
<status status="PASS" starttime="20161207 04:55:53.715" endtime="20161207 04:55:53.723"></status>
</kw>
<msg timestamp="20161207 04:55:53.723" level="INFO">${resp} = &lt;Response [200]&gt;</msg>
<status status="PASS" starttime="20161207 04:55:52.472" endtime="20161207 04:55:53.723"></status>
</kw>
<kw library="RequestsLibrary.RequestsKeywords" name="To Json">
<doc>Convert a string to a JSON object</doc>
<arguments>
<arg>${resp.content}</arg>
</arguments>
<assign>
<var>${content}</var>
</assign>
<msg timestamp="20161207 04:55:53.724" level="INFO">To JSON using : content={
  "data": 1, 
  "message": "200 OK", 
  "status": "ok"
} </msg>
<msg timestamp="20161207 04:55:53.724" level="INFO">To JSON using : pretty_print=False </msg>
<msg timestamp="20161207 04:55:53.724" level="INFO">${content} = {u'message': u'200 OK', u'status': u'ok', u'data': 1}</msg>
<status status="PASS" starttime="20161207 04:55:53.723" endtime="20161207 04:55:53.724"></status>
</kw>
<msg timestamp="20161207 04:55:53.724" level="INFO">${resp} = 1</msg>
<status status="PASS" starttime="20161207 04:55:52.471" endtime="20161207 04:55:53.724"></status>
</kw>
<kw library="BuiltIn" name="Should Be Equal">
<doc>Fails if the given objects are unequal.</doc>
<arguments>
<arg>${resp}</arg>
<arg>${1}</arg>
</arguments>
<status status="PASS" starttime="20161207 04:55:53.725" endtime="20161207 04:55:53.725"></status>
</kw>
<kw type="teardown" library="openbmc_ffdc" name="FFDC On Test Case Fail">
<doc>Generic FFDC entry point. Place holder to hook in</doc>
<kw library="BuiltIn" name="Run Keyword If">
<doc>Runs the given keyword with the given arguments, if ``condition`` is true.</doc>
<arguments>
<arg>'${TEST_STATUS}' == 'FAIL'</arg>
<arg>FFDC</arg>
</arguments>
<status status="PASS" starttime="20161207 04:55:53.726" endtime="20161207 04:55:53.729"></status>
</kw>
<kw library="openbmc_ffdc_methods" name="Log Test Case Status">
<doc>Test case execution result history.</doc>
<kw library="OperatingSystem" name="Create Directory">
<doc>Creates the specified directory.</doc>
<arguments>
<arg>${FFDC_LOG_PATH}</arg>
</arguments>
<msg timestamp="20161207 04:55:53.730" level="INFO" html="yes">Directory '&lt;a href="file:///tmp/root/2317/obmc-robot/logs"&gt;/tmp/root/2317/obmc-robot/logs&lt;/a&gt;' already exists.</msg>
<status status="PASS" starttime="20161207 04:55:53.730" endtime="20161207 04:55:53.730"></status>
</kw>
<kw library="BuiltIn" name="Run Keyword And Return Status">
<doc>Runs the given keyword with given arguments and returns the status as a Boolean value.</doc>
<arguments>
<arg>OperatingSystem.File Should Exist</arg>
<arg>${TEST_HISTORY}</arg>
</arguments>
<assign>
<var>${exist}</var>
</assign>
<kw library="OperatingSystem" name="File Should Exist">
<doc>Fails unless the given ``path`` points to an existing file.</doc>
<arguments>
<arg>${TEST_HISTORY}</arg>
</arguments>
<msg timestamp="20161207 04:55:53.731" level="INFO" html="yes">File '&lt;a href="file:///tmp/root/2317/obmc-robot/logs/test_history.txt"&gt;/tmp/root/2317/obmc-robot/logs/test_history.txt&lt;/a&gt;' exists.</msg>
<status status="PASS" starttime="20161207 04:55:53.731" endtime="20161207 04:55:53.731"></status>
</kw>
<msg timestamp="20161207 04:55:53.731" level="INFO">${exist} = True</msg>
<status status="PASS" starttime="20161207 04:55:53.730" endtime="20161207 04:55:53.731"></status>
</kw>
<kw library="BuiltIn" name="Run Keyword If">
<doc>Runs the given keyword with the given arguments, if ``condition`` is true.</doc>
<arguments>
<arg>'${exist}' == '${False}'</arg>
<arg>Create File</arg>
<arg>${TEST_HISTORY}</arg>
</arguments>
<status status="PASS" starttime="20161207 04:55:53.731" endtime="20161207 04:55:53.734"></status>
</kw>
<kw library="openbmc_ffdc_utils" name="Get Current Time Stamp">
<doc>Get the current time stamp data</doc>
<assign>
<var>${cur_time}</var>
</assign>
<kw library="DateTime" name="Get Current Date">
<doc>Returns current local or UTC time with an optional increment.</doc>
<arguments>
<arg>result_format=%Y-%m-%d %H:%M:%S:%f</arg>
</arguments>
<assign>
<var>${cur_time}</var>
</assign>
<msg timestamp="20161207 04:55:53.735" level="INFO">${cur_time} = 2016-12-07 04:55:53:734468</msg>
<status status="PASS" starttime="20161207 04:55:53.734" endtime="20161207 04:55:53.735"></status>
</kw>
<kw library="openbmc_ffdc_list" name="Get Strip String">
<doc>########################################################################</doc>
<arguments>
<arg>${cur_time}</arg>
</arguments>
<assign>
<var>${cur_time}</var>
</assign>
<msg timestamp="20161207 04:55:53.735" level="INFO">${cur_time} = 20161207045553734468</msg>
<status status="PASS" starttime="20161207 04:55:53.735" endtime="20161207 04:55:53.735"></status>
</kw>
<msg timestamp="20161207 04:55:53.735" level="INFO">${cur_time} = 20161207045553734468</msg>
<status status="PASS" starttime="20161207 04:55:53.734" endtime="20161207 04:55:53.735"></status>
</kw>
<kw library="OperatingSystem" name="Append To File">
<doc>Appends the given contend to the specified file.</doc>
<arguments>
<arg>${TEST_HISTORY}</arg>
<arg>${cur_time}:${SUITE_NAME}:${TEST_NAME}:${TEST_STATUS}${\n}</arg>
</arguments>
<msg timestamp="20161207 04:55:53.736" level="INFO" html="yes">Appended to file '&lt;a href="file:///tmp/root/2317/obmc-robot/logs/test_history.txt"&gt;/tmp/root/2317/obmc-robot/logs/test_history.txt&lt;/a&gt;'.</msg>
<status status="PASS" starttime="20161207 04:55:53.736" endtime="20161207 04:55:53.737"></status>
</kw>
<status status="PASS" starttime="20161207 04:55:53.729" endtime="20161207 04:55:53.737"></status>
</kw>
<status status="PASS" starttime="20161207 04:55:53.725" endtime="20161207 04:55:53.737"></status>
</kw>
<tags>
<tag>Get_a_Property</tag>
</tags>
<status status="PASS" starttime="20161207 04:55:52.471" endtime="20161207 04:55:53.737" critical="yes"></status>
</test>
<doc>This suite will verifiy all OpenBMC rest interfaces
Details of valid interfaces can be found here...
https://github.com/openbmc/docs/blob/master/rest-api.md</doc>
<status status="PASS" starttime="20161207 04:55:52.447" endtime="20161207 04:55:53.738"></status>
</suite>
<status status="FAIL" starttime="20161207 04:51:50.860" endtime="20161207 04:55:53.743"></status>
</suite>
<statistics>
<total>
<stat fail="1" pass="6">Critical Tests</stat>
<stat fail="1" pass="6">All Tests</stat>
</total>
<tag>
<stat fail="1" pass="0">chassisboot</stat>
<stat fail="0" pass="2">CI</stat>
<stat fail="0" pass="1">clear_any_logs</stat>
<stat fail="0" pass="1">Create_error_log_on_single_FRU</stat>
<stat fail="0" pass="1">Delete_error_log</stat>
<stat fail="0" pass="1">Get_a_Property</stat>
<stat fail="1" pass="0">power_on_test</stat>
<stat fail="0" pass="1">Test_SSL_Connection</stat>
<stat fail="0" pass="1">write_a_log</stat>
</tag>
<suite>
<stat fail="1" id="s1" name="Tests" pass="6">Tests</stat>
<stat fail="0" id="s1-s1" name="Security" pass="1">Tests.Security</stat>
<stat fail="0" id="s1-s1-s1" name="Test Ssl" pass="1">Tests.Security.Test Ssl</stat>
<stat fail="0" id="s1-s2" name="Test Association" pass="2">Tests.Test Association</stat>
<stat fail="1" id="s1-s3" name="Test Basic Poweron" pass="0">Tests.Test Basic Poweron</stat>
<stat fail="0" id="s1-s4" name="Test Eventlog" pass="2">Tests.Test Eventlog</stat>
<stat fail="0" id="s1-s5" name="Test Obmcrest" pass="1">Tests.Test Obmcrest</stat>
</suite>
</statistics>
<errors>
</errors>
</robot>
