<?xml version="1.0" encoding="UTF-8"?>
<robot generator="Robot 3.0.2 (Python 2.7.12 on linux2)" generated="20170718 03:56:23.121">
<suite name="Tests" id="s1" source="/tmp/fspcibld/6791/obmc-robot/tests">
<kw name="System Driver Data" type="setup">
<doc>System driver information.</doc>
<kw name="Open Connection And Log In" library="connection_client">
<doc>Opens a connection with the given arguments, and logs in.</doc>
<kw name="Run Keyword And Return Status" library="BuiltIn">
<doc>Runs the given keyword with given arguments and returns the status as a Boolean value.</doc>
<arguments>
<arg>Dictionary Should Contain Key</arg>
<arg>${connection_args}</arg>
<arg>host</arg>
</arguments>
<assign>
<var>${has_host}</var>
</assign>
<kw name="Dictionary Should Contain Key" library="Collections">
<doc>Fails if ``key`` is not found from ``dictionary``.</doc>
<arguments>
<arg>${connection_args}</arg>
<arg>host</arg>
</arguments>
<msg level="FAIL" timestamp="20170718 03:56:23.715">Dictionary does not contain key 'host'.</msg>
<status endtime="20170718 03:56:23.715" starttime="20170718 03:56:23.715" status="FAIL"></status>
</kw>
<msg level="INFO" timestamp="20170718 03:56:23.715">${has_host} = False</msg>
<status endtime="20170718 03:56:23.715" starttime="20170718 03:56:23.715" status="PASS"></status>
</kw>
<kw name="Run Keyword If" library="BuiltIn">
<doc>Runs the given keyword with the given arguments, if ``condition`` is true.</doc>
<arguments>
<arg>${has_host} == ${FALSE}</arg>
<arg>Set To Dictionary</arg>
<arg>${connection_args}</arg>
<arg>host=${OPENBMC_HOST}</arg>
</arguments>
<kw name="Set To Dictionary" library="Collections">
<doc>Adds the given ``key_value_pairs`` and ``items`` to the ``dictionary``.</doc>
<arguments>
<arg>${connection_args}</arg>
<arg>host=${OPENBMC_HOST}</arg>
</arguments>
<status endtime="20170718 03:56:23.717" starttime="20170718 03:56:23.716" status="PASS"></status>
</kw>
<status endtime="20170718 03:56:23.717" starttime="20170718 03:56:23.716" status="PASS"></status>
</kw>
<kw name="Run Keyword If" library="BuiltIn">
<doc>Runs the given keyword with the given arguments, if ``condition`` is true.</doc>
<arguments>
<arg>'${SSH_PORT}' != '${EMPTY}' and '${HTTPS_PORT}' != '${EMPTY}'</arg>
<arg>User input SSH and HTTPs Ports</arg>
</arguments>
<kw name="User input SSH and HTTPs Ports" library="connection_client">
<doc>Update the global SSH and HTTPs port variable for QEMU</doc>
<kw name="Convert To Integer" library="BuiltIn">
<doc>Converts the given item to an integer number.</doc>
<arguments>
<arg>${SSH_PORT}</arg>
</arguments>
<assign>
<var>${port_num}</var>
</assign>
<msg level="INFO" timestamp="20170718 03:56:23.718">${port_num} = 22</msg>
<status endtime="20170718 03:56:23.718" starttime="20170718 03:56:23.718" status="PASS"></status>
</kw>
<kw name="Replace Variables" library="BuiltIn">
<doc>Replaces variables in the given text with their current values.</doc>
<arguments>
<arg>${port_num}</arg>
</arguments>
<assign>
<var>${SSH_PORT}</var>
</assign>
<msg level="INFO" timestamp="20170718 03:56:23.719">${SSH_PORT} = 22</msg>
<status endtime="20170718 03:56:23.719" starttime="20170718 03:56:23.718" status="PASS"></status>
</kw>
<kw name="Convert To Integer" library="BuiltIn">
<doc>Converts the given item to an integer number.</doc>
<arguments>
<arg>${HTTPS_PORT}</arg>
</arguments>
<assign>
<var>${https_num}</var>
</assign>
<msg level="INFO" timestamp="20170718 03:56:23.719">${https_num} = 443</msg>
<status endtime="20170718 03:56:23.719" starttime="20170718 03:56:23.719" status="PASS"></status>
</kw>
<kw name="Set Global Variable" library="BuiltIn">
<doc>Makes a variable available globally in all tests and suites.</doc>
<arguments>
<arg>${AUTH_URI}</arg>
<arg>https://${OPENBMC_HOST}:${https_num}</arg>
</arguments>
<msg level="INFO" timestamp="20170718 03:56:23.720">${AUTH_URI} = https://9.3.21.61:443</msg>
<status endtime="20170718 03:56:23.720" starttime="20170718 03:56:23.719" status="PASS"></status>
</kw>
<status endtime="20170718 03:56:23.720" starttime="20170718 03:56:23.717" status="PASS"></status>
</kw>
<status endtime="20170718 03:56:23.720" starttime="20170718 03:56:23.717" status="PASS"></status>
</kw>
<kw name="Run Keyword And Return Status" library="BuiltIn">
<doc>Runs the given keyword with given arguments and returns the status as a Boolean value.</doc>
<arguments>
<arg>Dictionary Should Contain Key</arg>
<arg>${connection_args}</arg>
<arg>port</arg>
</arguments>
<assign>
<var>${has_port}</var>
</assign>
<kw name="Dictionary Should Contain Key" library="Collections">
<doc>Fails if ``key`` is not found from ``dictionary``.</doc>
<arguments>
<arg>${connection_args}</arg>
<arg>port</arg>
</arguments>
<msg level="FAIL" timestamp="20170718 03:56:23.721">Dictionary does not contain key 'port'.</msg>
<status endtime="20170718 03:56:23.721" starttime="20170718 03:56:23.721" status="FAIL"></status>
</kw>
<msg level="INFO" timestamp="20170718 03:56:23.721">${has_port} = False</msg>
<status endtime="20170718 03:56:23.721" starttime="20170718 03:56:23.721" status="PASS"></status>
</kw>
<kw name="Run Keyword If" library="BuiltIn">
<doc>Runs the given keyword with the given arguments, if ``condition`` is true.</doc>
<arguments>
<arg>'${SSH_PORT}' != '${EMPTY}' and ${has_port} == ${FALSE}</arg>
<arg>Run Keywords</arg>
<arg>Set To Dictionary</arg>
<arg>${connection_args}</arg>
<arg>port=${SSH_PORT}</arg>
<arg>AND</arg>
<arg>SSHLibrary.Open connection</arg>
<arg>&amp;{connection_args}</arg>
<arg>ELSE</arg>
<arg>Run Keyword</arg>
<arg>SSHLibrary.Open connection</arg>
<arg>&amp;{connection_args}</arg>
</arguments>
<kw name="Run Keywords" library="BuiltIn">
<doc>Executes all the given keywords in a sequence.</doc>
<arguments>
<arg>Set To Dictionary</arg>
<arg>${connection_args}</arg>
<arg>port=${SSH_PORT}</arg>
<arg>AND</arg>
<arg>SSHLibrary.Open connection</arg>
<arg>&amp;{connection_args}</arg>
</arguments>
<kw name="Set To Dictionary" library="Collections">
<doc>Adds the given ``key_value_pairs`` and ``items`` to the ``dictionary``.</doc>
<arguments>
<arg>${connection_args}</arg>
<arg>port=${SSH_PORT}</arg>
</arguments>
<status endtime="20170718 03:56:23.723" starttime="20170718 03:56:23.723" status="PASS"></status>
</kw>
<kw name="Open Connection" library="SSHLibrary">
<doc>Opens a new SSH connection to the given `host` and `port`.</doc>
<arguments>
<arg>&amp;{connection_args}</arg>
</arguments>
<status endtime="20170718 03:56:23.724" starttime="20170718 03:56:23.723" status="PASS"></status>
</kw>
<status endtime="20170718 03:56:23.724" starttime="20170718 03:56:23.722" status="PASS"></status>
</kw>
<status endtime="20170718 03:56:23.724" starttime="20170718 03:56:23.722" status="PASS"></status>
</kw>
<kw name="Login" library="SSHLibrary">
<doc>Logs into the SSH server with the given `username` and `password`.</doc>
<arguments>
<arg>${username}</arg>
<arg>${password}</arg>
</arguments>
<msg level="INFO" timestamp="20170718 03:56:23.724">Logging into '9.3.21.61:22' as 'root'.</msg>
<msg level="INFO" timestamp="20170718 03:56:25.766">Read output: root@witherspoon:~#</msg>
<status endtime="20170718 03:56:25.766" starttime="20170718 03:56:23.724" status="PASS"></status>
</kw>
<status endtime="20170718 03:56:25.766" starttime="20170718 03:56:23.714" status="PASS"></status>
</kw>
<kw name="Run Keyword And Ignore Error" library="BuiltIn">
<doc>Runs the given keyword with the given arguments and ignores possible error.</doc>
<arguments>
<arg>Log BMC Driver Details</arg>
</arguments>
<kw name="Log BMC Driver Details">
<doc>Get BMC driver details and log.</doc>
<kw name="Execute Command" library="SSHLibrary">
<doc>Executes `command` on the remote machine and returns its outputs.</doc>
<arguments>
<arg>${DRIVER_CMD}</arg>
<arg>return_stderr=True</arg>
</arguments>
<assign>
<var>${output}</var>
<var>${stderr}</var>
</assign>
<msg level="INFO" timestamp="20170718 03:56:25.768">Executing command 'cat /etc/os-release | grep ^VERSION_ID='.</msg>
<msg level="INFO" timestamp="20170718 03:56:25.915">Command exited with return code 0.</msg>
<msg level="INFO" timestamp="20170718 03:56:25.915">${output} = VERSION_ID="v1.99.7-26-gd1fca41"</msg>
<msg level="INFO" timestamp="20170718 03:56:25.915">${stderr} = </msg>
<status endtime="20170718 03:56:25.915" starttime="20170718 03:56:25.767" status="PASS"></status>
</kw>
<kw name="Should Be Empty" library="BuiltIn">
<doc>Verifies that the given item is empty.</doc>
<arguments>
<arg>${stderr}</arg>
</arguments>
<msg level="INFO" timestamp="20170718 03:56:25.916">Length is 0</msg>
<status endtime="20170718 03:56:25.916" starttime="20170718 03:56:25.916" status="PASS"></status>
</kw>
<kw name="Log" library="BuiltIn">
<doc>Logs the given message with the given level.</doc>
<arguments>
<arg>${output}</arg>
</arguments>
<msg level="INFO" timestamp="20170718 03:56:25.917">VERSION_ID="v1.99.7-26-gd1fca41"</msg>
<status endtime="20170718 03:56:25.917" starttime="20170718 03:56:25.917" status="PASS"></status>
</kw>
<status endtime="20170718 03:56:25.917" starttime="20170718 03:56:25.767" status="PASS"></status>
</kw>
<status endtime="20170718 03:56:25.917" starttime="20170718 03:56:25.767" status="PASS"></status>
</kw>
<kw name="Run Keyword And Ignore Error" library="BuiltIn">
<doc>Runs the given keyword with the given arguments and ignores possible error.</doc>
<arguments>
<arg>Log PNOR Driver Details</arg>
</arguments>
<kw name="Log PNOR Driver Details">
<doc>Get PNOR driver details and log.</doc>
<kw name="Execute Command On BMC" library="utils">
<doc>Execute given command on BMC and return output.</doc>
<arguments>
<arg>${PNOR_CMD}</arg>
</arguments>
<assign>
<var>${pnor_details}</var>
</assign>
<kw name="Execute Command" library="SSHLibrary">
<doc>Executes `command` on the remote machine and returns its outputs.</doc>
<arguments>
<arg>${command}</arg>
<arg>return_stderr=True</arg>
</arguments>
<assign>
<var>${stdout}</var>
<var>${stderr}</var>
</assign>
<msg level="INFO" timestamp="20170718 03:56:25.919">Executing command '/usr/sbin/pflash -r /tmp/out.txt -P VERSION; cat /tmp/out.txt'.</msg>
<msg level="INFO" timestamp="20170718 03:56:26.035">Command exited with return code 0.</msg>
<msg level="INFO" timestamp="20170718 03:56:26.035">${stdout} = Reading to "/tmp/out.txt" from 0x02820000..0x02821000 !
[                                                  ] 0%[==================================================] 100%
IBM-witherspoon-ibm-OP9_v1.17...</msg>
<msg level="INFO" timestamp="20170718 03:56:26.035">${stderr} = </msg>
<status endtime="20170718 03:56:26.035" starttime="20170718 03:56:25.919" status="PASS"></status>
</kw>
<kw name="Should Be Empty" library="BuiltIn">
<doc>Verifies that the given item is empty.</doc>
<arguments>
<arg>${stderr}</arg>
</arguments>
<msg level="INFO" timestamp="20170718 03:56:26.036">Length is 0</msg>
<status endtime="20170718 03:56:26.036" starttime="20170718 03:56:26.036" status="PASS"></status>
</kw>
<msg level="INFO" timestamp="20170718 03:56:26.036">${pnor_details} = Reading to "/tmp/out.txt" from 0x02820000..0x02821000 !
[                                                  ] 0%[==================================================] 100%
IBM-witherspoon-ibm-OP9_v1.17...</msg>
<status endtime="20170718 03:56:26.036" starttime="20170718 03:56:25.918" status="PASS"></status>
</kw>
<kw name="Log" library="BuiltIn">
<doc>Logs the given message with the given level.</doc>
<arguments>
<arg>PNOR_INFO=${pnor_details}</arg>
</arguments>
<msg level="INFO" timestamp="20170718 03:56:26.037">PNOR_INFO=Reading to "/tmp/out.txt" from 0x02820000..0x02821000 !
[                                                  ] 0%[==================================================] 100%
IBM-witherspoon-ibm-OP9_v1.17_1.52
	op-build-v1.17-128-gf1b53c7-dirty
	buildroot-2017.05-15-gcd06d25
	skiboot-v5.7-rc1
	hostboot-d0a8f18
	linux-4.11.6-openpower1-p060b411
	petitboot-v1.4.3-p84d353a
	machine-xml-5b59a1d
	occ-6a00709
	hostboot-binaries-0e2ad15
	capp-ucode-9c73e9f
	sbe-02021c6
</msg>
<status endtime="20170718 03:56:26.038" starttime="20170718 03:56:26.037" status="PASS"></status>
</kw>
<status endtime="20170718 03:56:26.038" starttime="20170718 03:56:25.918" status="PASS"></status>
</kw>
<status endtime="20170718 03:56:26.038" starttime="20170718 03:56:25.918" status="PASS"></status>
</kw>
<kw name="Run Keyword And Ignore Error" library="BuiltIn">
<doc>Runs the given keyword with the given arguments and ignores possible error.</doc>
<arguments>
<arg>Log BMC Model</arg>
</arguments>
<kw name="Log BMC Model">
<doc>Fetch BMC Model name from system and log.</doc>
<kw name="Get BMC System Model" library="utils">
<doc>Get the BMC model from the device tree.</doc>
<assign>
<var>${bmc_model}</var>
</assign>
<kw name="Open Connection And Log In" library="connection_client">
<doc>Opens a connection with the given arguments, and logs in.</doc>
<kw name="Run Keyword And Return Status" library="BuiltIn">
<doc>Runs the given keyword with given arguments and returns the status as a Boolean value.</doc>
<arguments>
<arg>Dictionary Should Contain Key</arg>
<arg>${connection_args}</arg>
<arg>host</arg>
</arguments>
<assign>
<var>${has_host}</var>
</assign>
<kw name="Dictionary Should Contain Key" library="Collections">
<doc>Fails if ``key`` is not found from ``dictionary``.</doc>
<arguments>
<arg>${connection_args}</arg>
<arg>host</arg>
</arguments>
<msg level="FAIL" timestamp="20170718 03:56:26.041">Dictionary does not contain key 'host'.</msg>
<status endtime="20170718 03:56:26.041" starttime="20170718 03:56:26.040" status="FAIL"></status>
</kw>
<msg level="INFO" timestamp="20170718 03:56:26.041">${has_host} = False</msg>
<status endtime="20170718 03:56:26.041" starttime="20170718 03:56:26.040" status="PASS"></status>
</kw>
<kw name="Run Keyword If" library="BuiltIn">
<doc>Runs the given keyword with the given arguments, if ``condition`` is true.</doc>
<arguments>
<arg>${has_host} == ${FALSE}</arg>
<arg>Set To Dictionary</arg>
<arg>${connection_args}</arg>
<arg>host=${OPENBMC_HOST}</arg>
</arguments>
<kw name="Set To Dictionary" library="Collections">
<doc>Adds the given ``key_value_pairs`` and ``items`` to the ``dictionary``.</doc>
<arguments>
<arg>${connection_args}</arg>
<arg>host=${OPENBMC_HOST}</arg>
</arguments>
<status endtime="20170718 03:56:26.042" starttime="20170718 03:56:26.042" status="PASS"></status>
</kw>
<status endtime="20170718 03:56:26.042" starttime="20170718 03:56:26.041" status="PASS"></status>
</kw>
<kw name="Run Keyword If" library="BuiltIn">
<doc>Runs the given keyword with the given arguments, if ``condition`` is true.</doc>
<arguments>
<arg>'${SSH_PORT}' != '${EMPTY}' and '${HTTPS_PORT}' != '${EMPTY}'</arg>
<arg>User input SSH and HTTPs Ports</arg>
</arguments>
<kw name="User input SSH and HTTPs Ports" library="connection_client">
<doc>Update the global SSH and HTTPs port variable for QEMU</doc>
<kw name="Convert To Integer" library="BuiltIn">
<doc>Converts the given item to an integer number.</doc>
<arguments>
<arg>${SSH_PORT}</arg>
</arguments>
<assign>
<var>${port_num}</var>
</assign>
<msg level="INFO" timestamp="20170718 03:56:26.043">${port_num} = 22</msg>
<status endtime="20170718 03:56:26.043" starttime="20170718 03:56:26.043" status="PASS"></status>
</kw>
<kw name="Replace Variables" library="BuiltIn">
<doc>Replaces variables in the given text with their current values.</doc>
<arguments>
<arg>${port_num}</arg>
</arguments>
<assign>
<var>${SSH_PORT}</var>
</assign>
<msg level="INFO" timestamp="20170718 03:56:26.044">${SSH_PORT} = 22</msg>
<status endtime="20170718 03:56:26.044" starttime="20170718 03:56:26.043" status="PASS"></status>
</kw>
<kw name="Convert To Integer" library="BuiltIn">
<doc>Converts the given item to an integer number.</doc>
<arguments>
<arg>${HTTPS_PORT}</arg>
</arguments>
<assign>
<var>${https_num}</var>
</assign>
<msg level="INFO" timestamp="20170718 03:56:26.044">${https_num} = 443</msg>
<status endtime="20170718 03:56:26.044" starttime="20170718 03:56:26.044" status="PASS"></status>
</kw>
<kw name="Set Global Variable" library="BuiltIn">
<doc>Makes a variable available globally in all tests and suites.</doc>
<arguments>
<arg>${AUTH_URI}</arg>
<arg>https://${OPENBMC_HOST}:${https_num}</arg>
</arguments>
<msg level="INFO" timestamp="20170718 03:56:26.045">${AUTH_URI} = https://9.3.21.61:443</msg>
<status endtime="20170718 03:56:26.045" starttime="20170718 03:56:26.045" status="PASS"></status>
</kw>
<status endtime="20170718 03:56:26.045" starttime="20170718 03:56:26.043" status="PASS"></status>
</kw>
<status endtime="20170718 03:56:26.045" starttime="20170718 03:56:26.042" status="PASS"></status>
</kw>
<kw name="Run Keyword And Return Status" library="BuiltIn">
<doc>Runs the given keyword with given arguments and returns the status as a Boolean value.</doc>
<arguments>
<arg>Dictionary Should Contain Key</arg>
<arg>${connection_args}</arg>
<arg>port</arg>
</arguments>
<assign>
<var>${has_port}</var>
</assign>
<kw name="Dictionary Should Contain Key" library="Collections">
<doc>Fails if ``key`` is not found from ``dictionary``.</doc>
<arguments>
<arg>${connection_args}</arg>
<arg>port</arg>
</arguments>
<msg level="FAIL" timestamp="20170718 03:56:26.046">Dictionary does not contain key 'port'.</msg>
<status endtime="20170718 03:56:26.046" starttime="20170718 03:56:26.046" status="FAIL"></status>
</kw>
<msg level="INFO" timestamp="20170718 03:56:26.046">${has_port} = False</msg>
<status endtime="20170718 03:56:26.046" starttime="20170718 03:56:26.046" status="PASS"></status>
</kw>
<kw name="Run Keyword If" library="BuiltIn">
<doc>Runs the given keyword with the given arguments, if ``condition`` is true.</doc>
<arguments>
<arg>'${SSH_PORT}' != '${EMPTY}' and ${has_port} == ${FALSE}</arg>
<arg>Run Keywords</arg>
<arg>Set To Dictionary</arg>
<arg>${connection_args}</arg>
<arg>port=${SSH_PORT}</arg>
<arg>AND</arg>
<arg>SSHLibrary.Open connection</arg>
<arg>&amp;{connection_args}</arg>
<arg>ELSE</arg>
<arg>Run Keyword</arg>
<arg>SSHLibrary.Open connection</arg>
<arg>&amp;{connection_args}</arg>
</arguments>
<kw name="Run Keywords" library="BuiltIn">
<doc>Executes all the given keywords in a sequence.</doc>
<arguments>
<arg>Set To Dictionary</arg>
<arg>${connection_args}</arg>
<arg>port=${SSH_PORT}</arg>
<arg>AND</arg>
<arg>SSHLibrary.Open connection</arg>
<arg>&amp;{connection_args}</arg>
</arguments>
<kw name="Set To Dictionary" library="Collections">
<doc>Adds the given ``key_value_pairs`` and ``items`` to the ``dictionary``.</doc>
<arguments>
<arg>${connection_args}</arg>
<arg>port=${SSH_PORT}</arg>
</arguments>
<status endtime="20170718 03:56:26.048" starttime="20170718 03:56:26.048" status="PASS"></status>
</kw>
<kw name="Open Connection" library="SSHLibrary">
<doc>Opens a new SSH connection to the given `host` and `port`.</doc>
<arguments>
<arg>&amp;{connection_args}</arg>
</arguments>
<status endtime="20170718 03:56:26.049" starttime="20170718 03:56:26.049" status="PASS"></status>
</kw>
<status endtime="20170718 03:56:26.049" starttime="20170718 03:56:26.048" status="PASS"></status>
</kw>
<status endtime="20170718 03:56:26.049" starttime="20170718 03:56:26.047" status="PASS"></status>
</kw>
<kw name="Login" library="SSHLibrary">
<doc>Logs into the SSH server with the given `username` and `password`.</doc>
<arguments>
<arg>${username}</arg>
<arg>${password}</arg>
</arguments>
<msg level="INFO" timestamp="20170718 03:56:26.050">Logging into '9.3.21.61:22' as 'root'.</msg>
<msg level="INFO" timestamp="20170718 03:56:27.720">Read output: root@witherspoon:~#</msg>
<status endtime="20170718 03:56:27.720" starttime="20170718 03:56:26.049" status="PASS"></status>
</kw>
<status endtime="20170718 03:56:27.720" starttime="20170718 03:56:26.039" status="PASS"></status>
</kw>
<kw name="Execute Command" library="SSHLibrary">
<doc>Executes `command` on the remote machine and returns its outputs.</doc>
<arguments>
<arg>cat ${devicetree_base} | cut -d " " -f 1</arg>
<arg>return_stderr=True</arg>
</arguments>
<assign>
<var>${bmc_model}</var>
<var>${stderr}</var>
</assign>
<msg level="INFO" timestamp="20170718 03:56:27.721">Executing command 'cat /sys/firmware/devicetree/base/model | cut -d " " -f 1'.</msg>
<msg level="INFO" timestamp="20170718 03:56:27.811">Command exited with return code 0.</msg>
<msg level="INFO" timestamp="20170718 03:56:27.811">${bmc_model} = Witherspoon</msg>
<msg level="INFO" timestamp="20170718 03:56:27.811">${stderr} = </msg>
<status endtime="20170718 03:56:27.811" starttime="20170718 03:56:27.721" status="PASS"></status>
</kw>
<kw name="Should Be Empty" library="BuiltIn">
<doc>Verifies that the given item is empty.</doc>
<arguments>
<arg>${stderr}</arg>
</arguments>
<msg level="INFO" timestamp="20170718 03:56:27.811">Length is 0</msg>
<status endtime="20170718 03:56:27.812" starttime="20170718 03:56:27.811" status="PASS"></status>
</kw>
<kw name="Should Not Be Empty" library="BuiltIn">
<doc>Verifies that the given item is not empty.</doc>
<arguments>
<arg>${bmc_model}</arg>
</arguments>
<msg level="INFO" timestamp="20170718 03:56:27.812">Length is 11</msg>
<status endtime="20170718 03:56:27.812" starttime="20170718 03:56:27.812" status="PASS"></status>
</kw>
<msg level="INFO" timestamp="20170718 03:56:27.812">${bmc_model} = Witherspoon</msg>
<status endtime="20170718 03:56:27.812" starttime="20170718 03:56:26.039" status="PASS"></status>
</kw>
<kw name="Log" library="BuiltIn">
<doc>Logs the given message with the given level.</doc>
<arguments>
<arg>BMC Model=${bmc_model}</arg>
</arguments>
<msg level="INFO" timestamp="20170718 03:56:27.813">BMC Model=Witherspoon</msg>
<status endtime="20170718 03:56:27.813" starttime="20170718 03:56:27.812" status="PASS"></status>
</kw>
<status endtime="20170718 03:56:27.813" starttime="20170718 03:56:26.039" status="PASS"></status>
</kw>
<status endtime="20170718 03:56:27.813" starttime="20170718 03:56:26.038" status="PASS"></status>
</kw>
<kw name="Run Keyword And Ignore Error" library="BuiltIn">
<doc>Runs the given keyword with the given arguments and ignores possible error.</doc>
<arguments>
<arg>Enable Core Dump On BMC</arg>
</arguments>
<kw name="Enable Core Dump On BMC" library="utils">
<doc>Enable core dump collection.</doc>
<kw name="Open Connection And Log In" library="connection_client">
<doc>Opens a connection with the given arguments, and logs in.</doc>
<kw name="Run Keyword And Return Status" library="BuiltIn">
<doc>Runs the given keyword with given arguments and returns the status as a Boolean value.</doc>
<arguments>
<arg>Dictionary Should Contain Key</arg>
<arg>${connection_args}</arg>
<arg>host</arg>
</arguments>
<assign>
<var>${has_host}</var>
</assign>
<kw name="Dictionary Should Contain Key" library="Collections">
<doc>Fails if ``key`` is not found from ``dictionary``.</doc>
<arguments>
<arg>${connection_args}</arg>
<arg>host</arg>
</arguments>
<msg level="FAIL" timestamp="20170718 03:56:27.815">Dictionary does not contain key 'host'.</msg>
<status endtime="20170718 03:56:27.815" starttime="20170718 03:56:27.815" status="FAIL"></status>
</kw>
<msg level="INFO" timestamp="20170718 03:56:27.815">${has_host} = False</msg>
<status endtime="20170718 03:56:27.815" starttime="20170718 03:56:27.814" status="PASS"></status>
</kw>
<kw name="Run Keyword If" library="BuiltIn">
<doc>Runs the given keyword with the given arguments, if ``condition`` is true.</doc>
<arguments>
<arg>${has_host} == ${FALSE}</arg>
<arg>Set To Dictionary</arg>
<arg>${connection_args}</arg>
<arg>host=${OPENBMC_HOST}</arg>
</arguments>
<kw name="Set To Dictionary" library="Collections">
<doc>Adds the given ``key_value_pairs`` and ``items`` to the ``dictionary``.</doc>
<arguments>
<arg>${connection_args}</arg>
<arg>host=${OPENBMC_HOST}</arg>
</arguments>
<status endtime="20170718 03:56:27.816" starttime="20170718 03:56:27.816" status="PASS"></status>
</kw>
<status endtime="20170718 03:56:27.816" starttime="20170718 03:56:27.815" status="PASS"></status>
</kw>
<kw name="Run Keyword If" library="BuiltIn">
<doc>Runs the given keyword with the given arguments, if ``condition`` is true.</doc>
<arguments>
<arg>'${SSH_PORT}' != '${EMPTY}' and '${HTTPS_PORT}' != '${EMPTY}'</arg>
<arg>User input SSH and HTTPs Ports</arg>
</arguments>
<kw name="User input SSH and HTTPs Ports" library="connection_client">
<doc>Update the global SSH and HTTPs port variable for QEMU</doc>
<kw name="Convert To Integer" library="BuiltIn">
<doc>Converts the given item to an integer number.</doc>
<arguments>
<arg>${SSH_PORT}</arg>
</arguments>
<assign>
<var>${port_num}</var>
</assign>
<msg level="INFO" timestamp="20170718 03:56:27.818">${port_num} = 22</msg>
<status endtime="20170718 03:56:27.818" starttime="20170718 03:56:27.817" status="PASS"></status>
</kw>
<kw name="Replace Variables" library="BuiltIn">
<doc>Replaces variables in the given text with their current values.</doc>
<arguments>
<arg>${port_num}</arg>
</arguments>
<assign>
<var>${SSH_PORT}</var>
</assign>
<msg level="INFO" timestamp="20170718 03:56:27.818">${SSH_PORT} = 22</msg>
<status endtime="20170718 03:56:27.818" starttime="20170718 03:56:27.818" status="PASS"></status>
</kw>
<kw name="Convert To Integer" library="BuiltIn">
<doc>Converts the given item to an integer number.</doc>
<arguments>
<arg>${HTTPS_PORT}</arg>
</arguments>
<assign>
<var>${https_num}</var>
</assign>
<msg level="INFO" timestamp="20170718 03:56:27.819">${https_num} = 443</msg>
<status endtime="20170718 03:56:27.819" starttime="20170718 03:56:27.819" status="PASS"></status>
</kw>
<kw name="Set Global Variable" library="BuiltIn">
<doc>Makes a variable available globally in all tests and suites.</doc>
<arguments>
<arg>${AUTH_URI}</arg>
<arg>https://${OPENBMC_HOST}:${https_num}</arg>
</arguments>
<msg level="INFO" timestamp="20170718 03:56:27.820">${AUTH_URI} = https://9.3.21.61:443</msg>
<status endtime="20170718 03:56:27.820" starttime="20170718 03:56:27.819" status="PASS"></status>
</kw>
<status endtime="20170718 03:56:27.820" starttime="20170718 03:56:27.817" status="PASS"></status>
</kw>
<status endtime="20170718 03:56:27.820" starttime="20170718 03:56:27.817" status="PASS"></status>
</kw>
<kw name="Run Keyword And Return Status" library="BuiltIn">
<doc>Runs the given keyword with given arguments and returns the status as a Boolean value.</doc>
<arguments>
<arg>Dictionary Should Contain Key</arg>
<arg>${connection_args}</arg>
<arg>port</arg>
</arguments>
<assign>
<var>${has_port}</var>
</assign>
<kw name="Dictionary Should Contain Key" library="Collections">
<doc>Fails if ``key`` is not found from ``dictionary``.</doc>
<arguments>
<arg>${connection_args}</arg>
<arg>port</arg>
</arguments>
<msg level="FAIL" timestamp="20170718 03:56:27.821">Dictionary does not contain key 'port'.</msg>
<status endtime="20170718 03:56:27.821" starttime="20170718 03:56:27.820" status="FAIL"></status>
</kw>
<msg level="INFO" timestamp="20170718 03:56:27.821">${has_port} = False</msg>
<status endtime="20170718 03:56:27.821" starttime="20170718 03:56:27.820" status="PASS"></status>
</kw>
<kw name="Run Keyword If" library="BuiltIn">
<doc>Runs the given keyword with the given arguments, if ``condition`` is true.</doc>
<arguments>
<arg>'${SSH_PORT}' != '${EMPTY}' and ${has_port} == ${FALSE}</arg>
<arg>Run Keywords</arg>
<arg>Set To Dictionary</arg>
<arg>${connection_args}</arg>
<arg>port=${SSH_PORT}</arg>
<arg>AND</arg>
<arg>SSHLibrary.Open connection</arg>
<arg>&amp;{connection_args}</arg>
<arg>ELSE</arg>
<arg>Run Keyword</arg>
<arg>SSHLibrary.Open connection</arg>
<arg>&amp;{connection_args}</arg>
</arguments>
<kw name="Run Keywords" library="BuiltIn">
<doc>Executes all the given keywords in a sequence.</doc>
<arguments>
<arg>Set To Dictionary</arg>
<arg>${connection_args}</arg>
<arg>port=${SSH_PORT}</arg>
<arg>AND</arg>
<arg>SSHLibrary.Open connection</arg>
<arg>&amp;{connection_args}</arg>
</arguments>
<kw name="Set To Dictionary" library="Collections">
<doc>Adds the given ``key_value_pairs`` and ``items`` to the ``dictionary``.</doc>
<arguments>
<arg>${connection_args}</arg>
<arg>port=${SSH_PORT}</arg>
</arguments>
<status endtime="20170718 03:56:27.823" starttime="20170718 03:56:27.822" status="PASS"></status>
</kw>
<kw name="Open Connection" library="SSHLibrary">
<doc>Opens a new SSH connection to the given `host` and `port`.</doc>
<arguments>
<arg>&amp;{connection_args}</arg>
</arguments>
<status endtime="20170718 03:56:27.825" starttime="20170718 03:56:27.823" status="PASS"></status>
</kw>
<status endtime="20170718 03:56:27.825" starttime="20170718 03:56:27.822" status="PASS"></status>
</kw>
<status endtime="20170718 03:56:27.825" starttime="20170718 03:56:27.821" status="PASS"></status>
</kw>
<kw name="Login" library="SSHLibrary">
<doc>Logs into the SSH server with the given `username` and `password`.</doc>
<arguments>
<arg>${username}</arg>
<arg>${password}</arg>
</arguments>
<msg level="INFO" timestamp="20170718 03:56:27.825">Logging into '9.3.21.61:22' as 'root'.</msg>
<msg level="INFO" timestamp="20170718 03:56:29.704">Read output: root@witherspoon:~#</msg>
<status endtime="20170718 03:56:29.705" starttime="20170718 03:56:27.825" status="PASS"></status>
</kw>
<status endtime="20170718 03:56:29.705" starttime="20170718 03:56:27.814" status="PASS"></status>
</kw>
<kw name="Execute Command On BMC" library="utils">
<doc>Execute given command on BMC and return output.</doc>
<arguments>
<arg>echo '/tmp/core_%e.%p' | tee /proc/sys/kernel/core_pattern</arg>
</arguments>
<assign>
<var>${core_pattern}</var>
</assign>
<kw name="Execute Command" library="SSHLibrary">
<doc>Executes `command` on the remote machine and returns its outputs.</doc>
<arguments>
<arg>${command}</arg>
<arg>return_stderr=True</arg>
</arguments>
<assign>
<var>${stdout}</var>
<var>${stderr}</var>
</assign>
<msg level="INFO" timestamp="20170718 03:56:29.706">Executing command 'echo '/tmp/core_%e.%p' | tee /proc/sys/kernel/core_pattern'.</msg>
<msg level="INFO" timestamp="20170718 03:56:29.793">Command exited with return code 0.</msg>
<msg level="INFO" timestamp="20170718 03:56:29.793">${stdout} = /tmp/core_%e.%p</msg>
<msg level="INFO" timestamp="20170718 03:56:29.793">${stderr} = </msg>
<status endtime="20170718 03:56:29.793" starttime="20170718 03:56:29.706" status="PASS"></status>
</kw>
<kw name="Should Be Empty" library="BuiltIn">
<doc>Verifies that the given item is empty.</doc>
<arguments>
<arg>${stderr}</arg>
</arguments>
<msg level="INFO" timestamp="20170718 03:56:29.794">Length is 0</msg>
<status endtime="20170718 03:56:29.794" starttime="20170718 03:56:29.794" status="PASS"></status>
</kw>
<msg level="INFO" timestamp="20170718 03:56:29.794">${core_pattern} = /tmp/core_%e.%p</msg>
<status endtime="20170718 03:56:29.794" starttime="20170718 03:56:29.705" status="PASS"></status>
</kw>
<kw name="Should Be Equal As Strings" library="BuiltIn">
<doc>Fails if objects are unequal after converting them to strings.</doc>
<arguments>
<arg>${core_pattern}</arg>
<arg>/tmp/core_%e.%p</arg>
</arguments>
<status endtime="20170718 03:56:29.795" starttime="20170718 03:56:29.795" status="PASS"></status>
</kw>
<status endtime="20170718 03:56:29.795" starttime="20170718 03:56:27.813" status="PASS"></status>
</kw>
<status endtime="20170718 03:56:29.795" starttime="20170718 03:56:27.813" status="PASS"></status>
</kw>
<kw name="Run Keyword If" library="BuiltIn">
<doc>Runs the given keyword with the given arguments, if ``condition`` is true.</doc>
<arguments>
<arg>'${DEBUG_TARBALL_PATH}' != '${EMPTY}'</arg>
<arg>Run Keyword And Ignore Error</arg>
<arg>Install Debug Tarball On BMC</arg>
<arg>${DEBUG_TARBALL_PATH}</arg>
</arguments>
<status endtime="20170718 03:56:29.796" starttime="20170718 03:56:29.795" status="PASS"></status>
</kw>
<status endtime="20170718 03:56:29.796" starttime="20170718 03:56:23.713" status="PASS"></status>
</kw>
<suite name="Security" id="s1-s1" source="/tmp/fspcibld/6791/obmc-robot/tests/security">
<suite name="Test Ssl" id="s1-s1-s1" source="/tmp/fspcibld/6791/obmc-robot/tests/security/test_ssl.robot">
<test name="Test SSL Connection" id="s1-s1-s1-t1">
<kw name="Initialize OpenBMC" library="rest_client">
<kw name="Wait Until Keyword Succeeds" library="BuiltIn">
<doc>Runs the specified keyword and retries if it fails.</doc>
<arguments>
<arg>40 sec</arg>
<arg>20 sec</arg>
<arg>Post Login Request</arg>
<arg>${timeout}</arg>
<arg>${quiet}</arg>
</arguments>
<kw name="Post Login Request" library="rest_client">
<arguments>
<arg>${timeout}</arg>
<arg>${quiet}</arg>
</arguments>
<kw name="Create Session" library="RequestsLibrary.RequestsKeywords">
<doc>Create Session: create a HTTP session to a server</doc>
<arguments>
<arg>openbmc</arg>
<arg>${AUTH_URI}</arg>
<arg>timeout=${timeout}</arg>
<arg>max_retries=3</arg>
</arguments>
<msg level="INFO" timestamp="20170718 03:56:29.885">Creating Session using : alias=openbmc, url=https://9.3.21.61:443, headers={},                     cookies=None, auth=None, timeout=20, proxies=None, verify=False,                     debug=0 </msg>
<status endtime="20170718 03:56:29.885" starttime="20170718 03:56:29.884" status="PASS"></status>
</kw>
<kw name="Create Dictionary" library="BuiltIn">
<doc>Creates and returns a dictionary based on the given ``items``.</doc>
<arguments>
<arg>Content-Type=application/json</arg>
</arguments>
<assign>
<var>${headers}</var>
</assign>
<msg level="INFO" timestamp="20170718 03:56:29.886">${headers} = {u'Content-Type': u'application/json'}</msg>
<status endtime="20170718 03:56:29.886" starttime="20170718 03:56:29.886" status="PASS"></status>
</kw>
<kw name="Create List" library="BuiltIn">
<doc>Returns a list containing given items.</doc>
<arguments>
<arg>${OPENBMC_USERNAME}</arg>
<arg>${OPENBMC_PASSWORD}</arg>
</arguments>
<assign>
<var>@{credentials}</var>
</assign>
<msg level="INFO" timestamp="20170718 03:56:29.887">@{credentials} = [ root | 0penBmc ]</msg>
<status endtime="20170718 03:56:29.887" starttime="20170718 03:56:29.886" status="PASS"></status>
</kw>
<kw name="Create Dictionary" library="BuiltIn">
<doc>Creates and returns a dictionary based on the given ``items``.</doc>
<arguments>
<arg>data=@{credentials}</arg>
</arguments>
<assign>
<var>${data}</var>
</assign>
<msg level="INFO" timestamp="20170718 03:56:29.887">${data} = {u'data': [u'root', u'0penBmc']}</msg>
<status endtime="20170718 03:56:29.887" starttime="20170718 03:56:29.887" status="PASS"></status>
</kw>
<kw name="Run Keyword And Ignore Error" library="BuiltIn">
<doc>Runs the given keyword with the given arguments and ignores possible error.</doc>
<arguments>
<arg>Post Request</arg>
<arg>openbmc</arg>
<arg>/login</arg>
<arg>data=${data}</arg>
<arg>headers=${headers}</arg>
</arguments>
<assign>
<var>${status}</var>
<var>${resp}</var>
</assign>
<kw name="Post Request" library="RequestsLibrary.RequestsKeywords">
<doc>Send a POST request on the session object found using the</doc>
<arguments>
<arg>openbmc</arg>
<arg>/login</arg>
<arg>data=${data}</arg>
<arg>headers=${headers}</arg>
</arguments>
<msg level="INFO" timestamp="20170718 03:56:30.128">Post Request using : alias=openbmc, uri=/login, data={"data": ["root", "0penBmc"]}, headers={u'Content-Type': u'application/json'}, files=None, allow_redirects=True </msg>
<status endtime="20170718 03:56:30.129" starttime="20170718 03:56:29.888" status="PASS"></status>
</kw>
<msg level="INFO" timestamp="20170718 03:56:30.129">${status} = PASS</msg>
<msg level="INFO" timestamp="20170718 03:56:30.129">${resp} = &lt;Response [200]&gt;</msg>
<status endtime="20170718 03:56:30.129" starttime="20170718 03:56:29.887" status="PASS"></status>
</kw>
<kw name="Should Be Equal" library="BuiltIn">
<doc>Fails if the given objects are unequal.</doc>
<arguments>
<arg>${status}</arg>
<arg>PASS</arg>
<arg>msg=${resp}</arg>
</arguments>
<msg level="INFO" timestamp="20170718 03:56:30.130">Argument types are:
&lt;type 'str'&gt;
&lt;type 'unicode'&gt;</msg>
<status endtime="20170718 03:56:30.130" starttime="20170718 03:56:30.129" status="PASS"></status>
</kw>
<kw name="Should Be Equal As Strings" library="BuiltIn">
<doc>Fails if objects are unequal after converting them to strings.</doc>
<arguments>
<arg>${resp.status_code}</arg>
<arg>${HTTP_OK}</arg>
</arguments>
<msg level="INFO" timestamp="20170718 03:56:30.130">Argument types are:
&lt;type 'int'&gt;
&lt;type 'unicode'&gt;</msg>
<status endtime="20170718 03:56:30.130" starttime="20170718 03:56:30.130" status="PASS"></status>
</kw>
<status endtime="20170718 03:56:30.130" starttime="20170718 03:56:29.883" status="PASS"></status>
</kw>
<status endtime="20170718 03:56:30.131" starttime="20170718 03:56:29.883" status="PASS"></status>
</kw>
<status endtime="20170718 03:56:30.131" starttime="20170718 03:56:29.882" status="PASS"></status>
</kw>
<kw name="FFDC On Test Case Fail" library="openbmc_ffdc" type="teardown">
<doc>Generic FFDC entry point. Place holder to hook in</doc>
<kw name="Is Host Quiesced" library="state_manager">
<doc>Check if host state is quiesced.</doc>
<assign>
<var>${status}</var>
</assign>
<kw name="Get Host State" library="state_manager">
<doc>Return the state of the host as a string.</doc>
<assign>
<var>${host_state}</var>
</assign>
<kw name="Read Attribute" library="rest_client">
<arguments>
<arg>${HOST_STATE_URI}</arg>
<arg>CurrentHostState</arg>
<arg>quiet=${quiet}</arg>
</arguments>
<assign>
<var>${state}</var>
</assign>
<kw name="OpenBMC Get Request" library="rest_client">
<arguments>
<arg>${uri}/attr/${attr}</arg>
<arg>timeout=${timeout}</arg>
<arg>quiet=${quiet}</arg>
</arguments>
<assign>
<var>${resp}</var>
</assign>
<kw name="Initialize OpenBMC" library="rest_client">
<arguments>
<arg>${timeout}</arg>
<arg>quiet=${quiet}</arg>
</arguments>
<kw name="Wait Until Keyword Succeeds" library="BuiltIn">
<doc>Runs the specified keyword and retries if it fails.</doc>
<arguments>
<arg>40 sec</arg>
<arg>20 sec</arg>
<arg>Post Login Request</arg>
<arg>${timeout}</arg>
<arg>${quiet}</arg>
</arguments>
<kw name="Post Login Request" library="rest_client">
<arguments>
<arg>${timeout}</arg>
<arg>${quiet}</arg>
</arguments>
<kw name="Create Session" library="RequestsLibrary.RequestsKeywords">
<doc>Create Session: create a HTTP session to a server</doc>
<arguments>
<arg>openbmc</arg>
<arg>${AUTH_URI}</arg>
<arg>timeout=${timeout}</arg>
<arg>max_retries=3</arg>
</arguments>
<msg level="INFO" timestamp="20170718 03:56:30.137">Creating Session using : alias=openbmc, url=https://9.3.21.61:443, headers={},                     cookies=None, auth=None, timeout=10, proxies=None, verify=False,                     debug=0 </msg>
<status endtime="20170718 03:56:30.137" starttime="20170718 03:56:30.136" status="PASS"></status>
</kw>
<kw name="Create Dictionary" library="BuiltIn">
<doc>Creates and returns a dictionary based on the given ``items``.</doc>
<arguments>
<arg>Content-Type=application/json</arg>
</arguments>
<assign>
<var>${headers}</var>
</assign>
<msg level="INFO" timestamp="20170718 03:56:30.138">${headers} = {u'Content-Type': u'application/json'}</msg>
<status endtime="20170718 03:56:30.138" starttime="20170718 03:56:30.138" status="PASS"></status>
</kw>
<kw name="Create List" library="BuiltIn">
<doc>Returns a list containing given items.</doc>
<arguments>
<arg>${OPENBMC_USERNAME}</arg>
<arg>${OPENBMC_PASSWORD}</arg>
</arguments>
<assign>
<var>@{credentials}</var>
</assign>
<msg level="INFO" timestamp="20170718 03:56:30.139">@{credentials} = [ root | 0penBmc ]</msg>
<status endtime="20170718 03:56:30.139" starttime="20170718 03:56:30.138" status="PASS"></status>
</kw>
<kw name="Create Dictionary" library="BuiltIn">
<doc>Creates and returns a dictionary based on the given ``items``.</doc>
<arguments>
<arg>data=@{credentials}</arg>
</arguments>
<assign>
<var>${data}</var>
</assign>
<msg level="INFO" timestamp="20170718 03:56:30.140">${data} = {u'data': [u'root', u'0penBmc']}</msg>
<status endtime="20170718 03:56:30.140" starttime="20170718 03:56:30.139" status="PASS"></status>
</kw>
<kw name="Run Keyword And Ignore Error" library="BuiltIn">
<doc>Runs the given keyword with the given arguments and ignores possible error.</doc>
<arguments>
<arg>Post Request</arg>
<arg>openbmc</arg>
<arg>/login</arg>
<arg>data=${data}</arg>
<arg>headers=${headers}</arg>
</arguments>
<assign>
<var>${status}</var>
<var>${resp}</var>
</assign>
<kw name="Post Request" library="RequestsLibrary.RequestsKeywords">
<doc>Send a POST request on the session object found using the</doc>
<arguments>
<arg>openbmc</arg>
<arg>/login</arg>
<arg>data=${data}</arg>
<arg>headers=${headers}</arg>
</arguments>
<msg level="INFO" timestamp="20170718 03:56:30.342">Post Request using : alias=openbmc, uri=/login, data={"data": ["root", "0penBmc"]}, headers={u'Content-Type': u'application/json'}, files=None, allow_redirects=True </msg>
<status endtime="20170718 03:56:30.342" starttime="20170718 03:56:30.141" status="PASS"></status>
</kw>
<msg level="INFO" timestamp="20170718 03:56:30.342">${status} = PASS</msg>
<msg level="INFO" timestamp="20170718 03:56:30.342">${resp} = &lt;Response [200]&gt;</msg>
<status endtime="20170718 03:56:30.342" starttime="20170718 03:56:30.140" status="PASS"></status>
</kw>
<kw name="Should Be Equal" library="BuiltIn">
<doc>Fails if the given objects are unequal.</doc>
<arguments>
<arg>${status}</arg>
<arg>PASS</arg>
<arg>msg=${resp}</arg>
</arguments>
<msg level="INFO" timestamp="20170718 03:56:30.343">Argument types are:
&lt;type 'str'&gt;
&lt;type 'unicode'&gt;</msg>
<status endtime="20170718 03:56:30.343" starttime="20170718 03:56:30.343" status="PASS"></status>
</kw>
<kw name="Should Be Equal As Strings" library="BuiltIn">
<doc>Fails if objects are unequal after converting them to strings.</doc>
<arguments>
<arg>${resp.status_code}</arg>
<arg>${HTTP_OK}</arg>
</arguments>
<msg level="INFO" timestamp="20170718 03:56:30.344">Argument types are:
&lt;type 'int'&gt;
&lt;type 'unicode'&gt;</msg>
<status endtime="20170718 03:56:30.344" starttime="20170718 03:56:30.344" status="PASS"></status>
</kw>
<status endtime="20170718 03:56:30.344" starttime="20170718 03:56:30.135" status="PASS"></status>
</kw>
<status endtime="20170718 03:56:30.344" starttime="20170718 03:56:30.135" status="PASS"></status>
</kw>
<status endtime="20170718 03:56:30.344" starttime="20170718 03:56:30.134" status="PASS"></status>
</kw>
<kw name="Catenate" library="BuiltIn">
<doc>Catenates the given items together and returns the resulted string.</doc>
<arguments>
<arg>SEPARATOR=</arg>
<arg>${DBUS_PREFIX}</arg>
<arg>${uri}</arg>
</arguments>
<assign>
<var>${base_uri}</var>
</assign>
<msg level="INFO" timestamp="20170718 03:56:30.345">${base_uri} = /xyz/openbmc_project/state/host0//attr/CurrentHostState</msg>
<status endtime="20170718 03:56:30.345" starttime="20170718 03:56:30.345" status="PASS"></status>
</kw>
<kw name="Run Keyword If" library="BuiltIn">
<doc>Runs the given keyword with the given arguments, if ``condition`` is true.</doc>
<arguments>
<arg>'${quiet}' == '${0}'</arg>
<arg>Log Request</arg>
<arg>method=Get</arg>
<arg>base_uri=${base_uri}</arg>
<arg>args=&amp;{kwargs}</arg>
</arguments>
<kw name="Log Request" library="rest_client">
<arguments>
<arg>method=Get</arg>
<arg>base_uri=${base_uri}</arg>
<arg>args=&amp;{kwargs}</arg>
</arguments>
<kw name="Catenate" library="BuiltIn">
<doc>Catenates the given items together and returns the resulted string.</doc>
<arguments>
<arg>SEPARATOR=</arg>
<arg>URI:</arg>
<arg>${AUTH_URI}</arg>
<arg>${kwargs["base_uri"]}</arg>
<arg>, method:</arg>
<arg>${kwargs["method"]}</arg>
<arg>, args:</arg>
<arg>${kwargs["args"]}</arg>
</arguments>
<assign>
<var>${msg}</var>
</assign>
<msg level="INFO" timestamp="20170718 03:56:30.347">${msg} = URI:https://9.3.21.61:443/xyz/openbmc_project/state/host0//attr/CurrentHostState, method:Get, args:{}</msg>
<status endtime="20170718 03:56:30.347" starttime="20170718 03:56:30.346" status="PASS"></status>
</kw>
<kw name="Logging" library="rest_client">
<arguments>
<arg>${msg}</arg>
<arg>console=True</arg>
</arguments>
<kw name="Log" library="BuiltIn">
<doc>Logs the given message with the given level.</doc>
<arguments>
<arg>${msg}</arg>
<arg>console=True</arg>
</arguments>
<msg level="INFO" timestamp="20170718 03:56:30.348">URI:https://9.3.21.61:443/xyz/openbmc_project/state/host0//attr/CurrentHostState, method:Get, args:{}</msg>
<status endtime="20170718 03:56:30.348" starttime="20170718 03:56:30.348" status="PASS"></status>
</kw>
<status endtime="20170718 03:56:30.348" starttime="20170718 03:56:30.347" status="PASS"></status>
</kw>
<status endtime="20170718 03:56:30.348" starttime="20170718 03:56:30.346" status="PASS"></status>
</kw>
<status endtime="20170718 03:56:30.349" starttime="20170718 03:56:30.345" status="PASS"></status>
</kw>
<kw name="Get Request" library="RequestsLibrary.RequestsKeywords">
<doc>Send a GET request on the session object found using the</doc>
<arguments>
<arg>openbmc</arg>
<arg>${base_uri}</arg>
<arg>&amp;{kwargs}</arg>
<arg>timeout=${timeout}</arg>
</arguments>
<assign>
<var>${ret}</var>
</assign>
<msg level="INFO" timestamp="20170718 03:56:30.417">Get Request using : alias=openbmc, uri=/xyz/openbmc_project/state/host0//attr/CurrentHostState, headers=None json=None</msg>
<msg level="INFO" timestamp="20170718 03:56:30.417">${ret} = &lt;Response [200]&gt;</msg>
<status endtime="20170718 03:56:30.417" starttime="20170718 03:56:30.349" status="PASS"></status>
</kw>
<kw name="Run Keyword If" library="BuiltIn">
<doc>Runs the given keyword with the given arguments, if ``condition`` is true.</doc>
<arguments>
<arg>'${quiet}' == '${0}'</arg>
<arg>Log Response</arg>
<arg>${ret}</arg>
</arguments>
<kw name="Log Response" library="rest_client">
<arguments>
<arg>${ret}</arg>
</arguments>
<kw name="Catenate" library="BuiltIn">
<doc>Catenates the given items together and returns the resulted string.</doc>
<arguments>
<arg>SEPARATOR=</arg>
<arg>Response code:</arg>
<arg>${resp.status_code}</arg>
<arg>, Content:</arg>
<arg>${resp.content}</arg>
</arguments>
<assign>
<var>${msg}</var>
</assign>
<msg level="INFO" timestamp="20170718 03:56:30.419">${msg} = Response code:200, Content:{
  "data": "xyz.openbmc_project.State.Host.HostState.Running", 
  "message": "200 OK", 
  "status": "ok"
}</msg>
<status endtime="20170718 03:56:30.419" starttime="20170718 03:56:30.418" status="PASS"></status>
</kw>
<kw name="Logging" library="rest_client">
<arguments>
<arg>${msg}</arg>
<arg>console=True</arg>
</arguments>
<kw name="Log" library="BuiltIn">
<doc>Logs the given message with the given level.</doc>
<arguments>
<arg>${msg}</arg>
<arg>console=True</arg>
</arguments>
<msg level="INFO" timestamp="20170718 03:56:30.420">Response code:200, Content:{
  "data": "xyz.openbmc_project.State.Host.HostState.Running", 
  "message": "200 OK", 
  "status": "ok"
}</msg>
<status endtime="20170718 03:56:30.420" starttime="20170718 03:56:30.420" status="PASS"></status>
</kw>
<status endtime="20170718 03:56:30.420" starttime="20170718 03:56:30.419" status="PASS"></status>
</kw>
<status endtime="20170718 03:56:30.420" starttime="20170718 03:56:30.418" status="PASS"></status>
</kw>
<status endtime="20170718 03:56:30.420" starttime="20170718 03:56:30.417" status="PASS"></status>
</kw>
<msg level="INFO" timestamp="20170718 03:56:30.421">${resp} = &lt;Response [200]&gt;</msg>
<status endtime="20170718 03:56:30.421" starttime="20170718 03:56:30.133" status="PASS"></status>
</kw>
<kw name="Should Be Equal As Strings" library="BuiltIn">
<doc>Fails if objects are unequal after converting them to strings.</doc>
<arguments>
<arg>${resp.status_code}</arg>
<arg>${HTTP_OK}</arg>
</arguments>
<msg level="INFO" timestamp="20170718 03:56:30.421">Argument types are:
&lt;type 'int'&gt;
&lt;type 'unicode'&gt;</msg>
<status endtime="20170718 03:56:30.421" starttime="20170718 03:56:30.421" status="PASS"></status>
</kw>
<kw name="To Json" library="RequestsLibrary.RequestsKeywords">
<doc>Convert a string to a JSON object</doc>
<arguments>
<arg>${resp.content}</arg>
</arguments>
<assign>
<var>${content}</var>
</assign>
<msg level="INFO" timestamp="20170718 03:56:30.422">To JSON using : content={
  "data": "xyz.openbmc_project.State.Host.HostState.Running", 
  "message": "200 OK", 
  "status": "ok"
} </msg>
<msg level="INFO" timestamp="20170718 03:56:30.422">To JSON using : pretty_print=False </msg>
<msg level="INFO" timestamp="20170718 03:56:30.422">${content} = {u'message': u'200 OK', u'status': u'ok', u'data': u'xyz.openbmc_project.State.Host.HostState.Running'}</msg>
<status endtime="20170718 03:56:30.422" starttime="20170718 03:56:30.422" status="PASS"></status>
</kw>
<msg level="INFO" timestamp="20170718 03:56:30.422">${state} = xyz.openbmc_project.State.Host.HostState.Running</msg>
<status endtime="20170718 03:56:30.422" starttime="20170718 03:56:30.132" status="PASS"></status>
</kw>
<msg level="INFO" timestamp="20170718 03:56:30.423">${host_state} = Running</msg>
<status endtime="20170718 03:56:30.423" starttime="20170718 03:56:30.132" status="PASS"></status>
</kw>
<kw name="Run Keyword And Return Status" library="BuiltIn">
<doc>Runs the given keyword with given arguments and returns the status as a Boolean value.</doc>
<arguments>
<arg>Should Be Equal</arg>
<arg>${host_state}</arg>
<arg>Quiesced</arg>
</arguments>
<assign>
<var>${status}</var>
</assign>
<kw name="Should Be Equal" library="BuiltIn">
<doc>Fails if the given objects are unequal.</doc>
<arguments>
<arg>${host_state}</arg>
<arg>Quiesced</arg>
</arguments>
<msg level="FAIL" timestamp="20170718 03:56:30.424">Running != Quiesced</msg>
<status endtime="20170718 03:56:30.424" starttime="20170718 03:56:30.423" status="FAIL"></status>
</kw>
<msg level="INFO" timestamp="20170718 03:56:30.424">${status} = False</msg>
<status endtime="20170718 03:56:30.424" starttime="20170718 03:56:30.423" status="PASS"></status>
</kw>
<msg level="INFO" timestamp="20170718 03:56:30.424">${status} = False</msg>
<status endtime="20170718 03:56:30.425" starttime="20170718 03:56:30.131" status="PASS"></status>
</kw>
<kw name="Run Keyword If" library="BuiltIn">
<doc>Runs the given keyword with the given arguments, if ``condition`` is true.</doc>
<arguments>
<arg>'${TEST_STATUS}' == 'FAIL' or '${status}'=='True'</arg>
<arg>FFDC</arg>
</arguments>
<status endtime="20170718 03:56:30.425" starttime="20170718 03:56:30.425" status="PASS"></status>
</kw>
<kw name="Run Keyword If" library="BuiltIn">
<doc>Runs the given keyword with the given arguments, if ``condition`` is true.</doc>
<arguments>
<arg>'${status}'=='True'</arg>
<arg>Recover Quiesced Host</arg>
</arguments>
<status endtime="20170718 03:56:30.426" starttime="20170718 03:56:30.425" status="PASS"></status>
</kw>
<kw name="Log Test Case Status" library="openbmc_ffdc_methods">
<doc>Test case execution result history.</doc>
<kw name="Get Variable Value" library="BuiltIn">
<doc>Returns variable value or ``default`` if the variable does not exist.</doc>
<arguments>
<arg>${FFDC_DIR_PATH_STYLE}</arg>
<arg>${EMPTY}</arg>
</arguments>
<assign>
<var>${FFDC_DIR_PATH_STYLE}</var>
</assign>
<msg level="INFO" timestamp="20170718 03:56:30.435">${FFDC_DIR_PATH_STYLE} = </msg>
<status endtime="20170718 03:56:30.435" starttime="20170718 03:56:30.426" status="PASS"></status>
</kw>
<kw name="Get Variable Value" library="BuiltIn">
<doc>Returns variable value or ``default`` if the variable does not exist.</doc>
<arguments>
<arg>${FFDC_DIR_PATH}</arg>
<arg>${EMPTY}</arg>
</arguments>
<assign>
<var>${FFDC_DIR_PATH}</var>
</assign>
<msg level="INFO" timestamp="20170718 03:56:30.448">${FFDC_DIR_PATH} = </msg>
<status endtime="20170718 03:56:30.448" starttime="20170718 03:56:30.436" status="PASS"></status>
</kw>
<kw name="Run Keyword If" library="BuiltIn">
<doc>Runs the given keyword with the given arguments, if ``condition`` is true.</doc>
<arguments>
<arg>'${FFDC_DIR_PATH}' == '${EMPTY}'</arg>
<arg>Set FFDC Defaults</arg>
</arguments>
<kw name="Set Ffdc Defaults" library="openbmc_ffdc">
<doc>Set a default value for ffdc_dir_path and ffdc_prefix if they don't</doc>
<kw name="Get Current Time Stamp" library="openbmc_ffdc_utils">
<doc>Get the current time stamp data</doc>
<kw name="Get Current Date" library="DateTime">
<doc>Returns current local or UTC time with an optional increment.</doc>
<arguments>
<arg>result_format=%Y-%m-%d %H:%M:%S:%f</arg>
</arguments>
<assign>
<var>${cur_time}</var>
</assign>
<msg level="INFO" timestamp="20170718 03:56:30.451">${cur_time} = 2017-07-18 03:56:30:450858</msg>
<status endtime="20170718 03:56:30.451" starttime="20170718 03:56:30.451" status="PASS"></status>
</kw>
<kw name="Get Strip String" library="openbmc_ffdc_list">
<doc>########################################################################</doc>
<arguments>
<arg>${cur_time}</arg>
</arguments>
<assign>
<var>${cur_time}</var>
</assign>
<msg level="INFO" timestamp="20170718 03:56:30.452">${cur_time} = 20170718035630450858</msg>
<status endtime="20170718 03:56:30.452" starttime="20170718 03:56:30.452" status="PASS"></status>
</kw>
<status endtime="20170718 03:56:30.452" starttime="20170718 03:56:30.450" status="PASS"></status>
</kw>
<msg level="INFO" timestamp="20170718 03:56:30.456">${FFDC_TIME} = 20170718035630450858</msg>
<kw name="Get Test Dir and Name" library="openbmc_ffdc_utils">
<doc>SUITE_NAME and TEST_NAME are automatic variables</doc>
<kw name="Get Strip String" library="openbmc_ffdc_list">
<doc>########################################################################</doc>
<arguments>
<arg>${SUITE_NAME}</arg>
</arguments>
<assign>
<var>${suite_name}</var>
</assign>
<msg level="INFO" timestamp="20170718 03:56:30.457">${suite_name} = TestsSecurityTestSsl</msg>
<status endtime="20170718 03:56:30.457" starttime="20170718 03:56:30.457" status="PASS"></status>
</kw>
<kw name="Catenate" library="BuiltIn">
<doc>Catenates the given items together and returns the resulted string.</doc>
<arguments>
<arg>SEPARATOR=</arg>
<arg>${FFDC_TIME}_</arg>
<arg>${suite_name}</arg>
</arguments>
<assign>
<var>${suite_name}</var>
</assign>
<msg level="INFO" timestamp="20170718 03:56:30.458">${suite_name} = 20170718035630450858_TestsSecurityTestSsl</msg>
<status endtime="20170718 03:56:30.458" starttime="20170718 03:56:30.457" status="PASS"></status>
</kw>
<kw name="Get Strip String" library="openbmc_ffdc_list">
<doc>########################################################################</doc>
<arguments>
<arg>${TEST_NAME}</arg>
</arguments>
<assign>
<var>${test_name}</var>
</assign>
<msg level="INFO" timestamp="20170718 03:56:30.458">${test_name} = TestSSLConnection</msg>
<status endtime="20170718 03:56:30.458" starttime="20170718 03:56:30.458" status="PASS"></status>
</kw>
<kw name="Catenate" library="BuiltIn">
<doc>Catenates the given items together and returns the resulted string.</doc>
<arguments>
<arg>SEPARATOR=</arg>
<arg>${FFDC_TIME}_</arg>
<arg>${test_name}</arg>
</arguments>
<assign>
<var>${test_name}</var>
</assign>
<msg level="INFO" timestamp="20170718 03:56:30.459">${test_name} = 20170718035630450858_TestSSLConnection</msg>
<status endtime="20170718 03:56:30.459" starttime="20170718 03:56:30.459" status="PASS"></status>
</kw>
<status endtime="20170718 03:56:30.459" starttime="20170718 03:56:30.457" status="PASS"></status>
</kw>
<msg level="INFO" timestamp="20170718 03:56:30.460">${FFDC_DIR_PATH} = /tmp/fspcibld/6791/obmc-robot/logs/20170718035630450858_TestsSecurityTestSsl/20170718035630450858_TestSSLConnection/</msg>
<msg level="INFO" timestamp="20170718 03:56:30.463">${FFDC_PREFIX} = 20170718035630450858_</msg>
<status endtime="20170718 03:56:30.464" starttime="20170718 03:56:30.450" status="PASS"></status>
</kw>
<status endtime="20170718 03:56:30.464" starttime="20170718 03:56:30.449" status="PASS"></status>
</kw>
<kw name="Run Keyword If" library="BuiltIn">
<doc>Runs the given keyword with the given arguments, if ``condition`` is true.</doc>
<arguments>
<arg>'${FFDC_DIR_PATH_STYLE}' == '${1}'</arg>
<arg>Run Keywords</arg>
<arg>Set Global Variable</arg>
<arg>${FFDC_LOG_PATH}</arg>
<arg>${FFDC_DIR_PATH}</arg>
<arg>AND</arg>
<arg>Set Global Variable</arg>
<arg>${TEST_HISTORY}</arg>
<arg>${FFDC_DIR_PATH}test_history.txt</arg>
</arguments>
<status endtime="20170718 03:56:30.464" starttime="20170718 03:56:30.464" status="PASS"></status>
</kw>
<kw name="Create Directory" library="OperatingSystem">
<doc>Creates the specified directory.</doc>
<arguments>
<arg>${FFDC_LOG_PATH}</arg>
</arguments>
<msg level="INFO" timestamp="20170718 03:56:30.465" html="yes">Created directory '&lt;a href="file:///tmp/fspcibld/6791/obmc-robot/logs"&gt;/tmp/fspcibld/6791/obmc-robot/logs&lt;/a&gt;'.</msg>
<status endtime="20170718 03:56:30.465" starttime="20170718 03:56:30.465" status="PASS"></status>
</kw>
<kw name="Run Keyword And Return Status" library="BuiltIn">
<doc>Runs the given keyword with given arguments and returns the status as a Boolean value.</doc>
<arguments>
<arg>OperatingSystem.File Should Exist</arg>
<arg>${TEST_HISTORY}</arg>
</arguments>
<assign>
<var>${exist}</var>
</assign>
<kw name="File Should Exist" library="OperatingSystem">
<doc>Fails unless the given ``path`` points to an existing file.</doc>
<arguments>
<arg>${TEST_HISTORY}</arg>
</arguments>
<msg level="FAIL" timestamp="20170718 03:56:30.466">File '/tmp/fspcibld/6791/obmc-robot/logs/test_history.txt' does not exist.</msg>
<status endtime="20170718 03:56:30.466" starttime="20170718 03:56:30.466" status="FAIL"></status>
</kw>
<msg level="INFO" timestamp="20170718 03:56:30.466">${exist} = False</msg>
<status endtime="20170718 03:56:30.466" starttime="20170718 03:56:30.465" status="PASS"></status>
</kw>
<kw name="Run Keyword If" library="BuiltIn">
<doc>Runs the given keyword with the given arguments, if ``condition`` is true.</doc>
<arguments>
<arg>'${exist}' == '${False}'</arg>
<arg>Create File</arg>
<arg>${TEST_HISTORY}</arg>
</arguments>
<kw name="Create File" library="OperatingSystem">
<doc>Creates a file with the given content and encoding.</doc>
<arguments>
<arg>${TEST_HISTORY}</arg>
</arguments>
<msg level="INFO" timestamp="20170718 03:56:30.467" html="yes">Created file '&lt;a href="file:///tmp/fspcibld/6791/obmc-robot/logs/test_history.txt"&gt;/tmp/fspcibld/6791/obmc-robot/logs/test_history.txt&lt;/a&gt;'.</msg>
<status endtime="20170718 03:56:30.468" starttime="20170718 03:56:30.467" status="PASS"></status>
</kw>
<status endtime="20170718 03:56:30.468" starttime="20170718 03:56:30.467" status="PASS"></status>
</kw>
<kw name="Rpvars" library="gen_robot_print">
<arguments>
<arg>TEST_HISTORY</arg>
</arguments>
<status endtime="20170718 03:56:30.468" starttime="20170718 03:56:30.468" status="PASS"></status>
</kw>
<kw name="Get Current Time Stamp" library="openbmc_ffdc_utils">
<doc>Get the current time stamp data</doc>
<assign>
<var>${cur_time}</var>
</assign>
<kw name="Get Current Date" library="DateTime">
<doc>Returns current local or UTC time with an optional increment.</doc>
<arguments>
<arg>result_format=%Y-%m-%d %H:%M:%S:%f</arg>
</arguments>
<assign>
<var>${cur_time}</var>
</assign>
<msg level="INFO" timestamp="20170718 03:56:30.469">${cur_time} = 2017-07-18 03:56:30:469007</msg>
<status endtime="20170718 03:56:30.469" starttime="20170718 03:56:30.469" status="PASS"></status>
</kw>
<kw name="Get Strip String" library="openbmc_ffdc_list">
<doc>########################################################################</doc>
<arguments>
<arg>${cur_time}</arg>
</arguments>
<assign>
<var>${cur_time}</var>
</assign>
<msg level="INFO" timestamp="20170718 03:56:30.470">${cur_time} = 20170718035630469007</msg>
<status endtime="20170718 03:56:30.470" starttime="20170718 03:56:30.469" status="PASS"></status>
</kw>
<msg level="INFO" timestamp="20170718 03:56:30.470">${cur_time} = 20170718035630469007</msg>
<status endtime="20170718 03:56:30.470" starttime="20170718 03:56:30.468" status="PASS"></status>
</kw>
<kw name="Append To File" library="OperatingSystem">
<doc>Appends the given content to the specified file.</doc>
<arguments>
<arg>${TEST_HISTORY}</arg>
<arg>${cur_time}:${SUITE_NAME}:${TEST_NAME}:${TEST_STATUS}${\n}</arg>
</arguments>
<msg level="INFO" timestamp="20170718 03:56:30.471" html="yes">Appended to file '&lt;a href="file:///tmp/fspcibld/6791/obmc-robot/logs/test_history.txt"&gt;/tmp/fspcibld/6791/obmc-robot/logs/test_history.txt&lt;/a&gt;'.</msg>
<status endtime="20170718 03:56:30.471" starttime="20170718 03:56:30.470" status="PASS"></status>
</kw>
<status endtime="20170718 03:56:30.471" starttime="20170718 03:56:30.426" status="PASS"></status>
</kw>
<status endtime="20170718 03:56:30.471" starttime="20170718 03:56:30.131" status="PASS"></status>
</kw>
<doc>This testcase is for testing the SSL connection to the
OpenBMC machine.</doc>
<tags>
<tag>Test_SSL_Connection</tag>
</tags>
<status endtime="20170718 03:56:30.471" starttime="20170718 03:56:29.882" status="PASS" critical="yes"></status>
</test>
<kw name="Delete All Sessions" library="RequestsLibrary.RequestsKeywords" type="teardown">
<doc>Removes all the session objects</doc>
<msg level="INFO" timestamp="20170718 03:56:30.472">Delete All Sessions</msg>
<status endtime="20170718 03:56:30.473" starttime="20170718 03:56:30.472" status="PASS"></status>
</kw>
<doc>This testsuite is for testing SSL connection to OpenBMC</doc>
<status endtime="20170718 03:56:30.473" starttime="20170718 03:56:29.798" status="PASS"></status>
</suite>
<status endtime="20170718 03:56:30.475" starttime="20170718 03:56:29.796" status="PASS"></status>
</suite>
<suite name="Test Basic Poweron" id="s1-s2" source="/tmp/fspcibld/6791/obmc-robot/tests/test_basic_poweron.robot">
<test name="Power On Test" id="s1-s2-t1">
<kw name="Start SOL Console Logging" library="utils" type="setup">
<doc>Start system console log to file.</doc>
<kw name="Create OS Console File Path" library="utils">
<doc>Create OS console file path name and return it.</doc>
<arguments>
<arg>${log_file_path}</arg>
</arguments>
<assign>
<var>${log_file_path}</var>
</assign>
<kw name="Catenate" library="BuiltIn">
<doc>Catenates the given items together and returns the resulted string.</doc>
<arguments>
<arg>/tmp/${OPENBMC_HOST}_os_console</arg>
</arguments>
<assign>
<var>${default_file_path}</var>
</assign>
<msg level="INFO" timestamp="20170718 03:56:30.513">${default_file_path} = /tmp/9.3.21.61_os_console</msg>
<status endtime="20170718 03:56:30.513" starttime="20170718 03:56:30.512" status="PASS"></status>
</kw>
<kw name="Set Variable If" library="BuiltIn">
<doc>Sets variable based on the given condition.</doc>
<arguments>
<arg>'${log_file_path}' == '${EMPTY}'</arg>
<arg>${default_file_path}</arg>
<arg>${log_file_path}</arg>
</arguments>
<assign>
<var>${log_file_path}</var>
</assign>
<msg level="INFO" timestamp="20170718 03:56:30.513">${log_file_path} = /tmp/9.3.21.61_os_console</msg>
<status endtime="20170718 03:56:30.514" starttime="20170718 03:56:30.513" status="PASS"></status>
</kw>
<msg level="INFO" timestamp="20170718 03:56:30.514">${log_file_path} = /tmp/9.3.21.61_os_console</msg>
<status endtime="20170718 03:56:30.514" starttime="20170718 03:56:30.512" status="PASS"></status>
</kw>
<kw name="Stop SOL Console Logging" library="utils">
<doc>Stop system console logging and return log output.</doc>
<arguments>
<arg>${log_file_path}</arg>
<arg>return_data=${return_data}</arg>
</arguments>
<assign>
<var>${log_output}</var>
</assign>
<kw name="Create OS Console File Path" library="utils">
<doc>Create OS console file path name and return it.</doc>
<arguments>
<arg>${log_file_path}</arg>
</arguments>
<assign>
<var>${log_file_path}</var>
</assign>
<kw name="Catenate" library="BuiltIn">
<doc>Catenates the given items together and returns the resulted string.</doc>
<arguments>
<arg>/tmp/${OPENBMC_HOST}_os_console</arg>
</arguments>
<assign>
<var>${default_file_path}</var>
</assign>
<msg level="INFO" timestamp="20170718 03:56:30.516">${default_file_path} = /tmp/9.3.21.61_os_console</msg>
<status endtime="20170718 03:56:30.516" starttime="20170718 03:56:30.515" status="PASS"></status>
</kw>
<kw name="Set Variable If" library="BuiltIn">
<doc>Sets variable based on the given condition.</doc>
<arguments>
<arg>'${log_file_path}' == '${EMPTY}'</arg>
<arg>${default_file_path}</arg>
<arg>${log_file_path}</arg>
</arguments>
<assign>
<var>${log_file_path}</var>
</assign>
<msg level="INFO" timestamp="20170718 03:56:30.517">${log_file_path} = /tmp/9.3.21.61_os_console</msg>
<status endtime="20170718 03:56:30.517" starttime="20170718 03:56:30.516" status="PASS"></status>
</kw>
<msg level="INFO" timestamp="20170718 03:56:30.517">${log_file_path} = /tmp/9.3.21.61_os_console</msg>
<status endtime="20170718 03:56:30.517" starttime="20170718 03:56:30.515" status="PASS"></status>
</kw>
<kw name="Create OS Console Command String" library="utils">
<doc>Return a command string to start OS console logging.</doc>
<assign>
<var>${search_string}</var>
</assign>
<kw name="Catenate" library="BuiltIn">
<doc>Catenates the given items together and returns the resulted string.</doc>
<arguments>
<arg>which ssh_pw 2&gt;&amp;1</arg>
</arguments>
<assign>
<var>${cmd_buf}</var>
</assign>
<msg level="INFO" timestamp="20170718 03:56:30.518">${cmd_buf} = which ssh_pw 2&gt;&amp;1</msg>
<status endtime="20170718 03:56:30.518" starttime="20170718 03:56:30.517" status="PASS"></status>
</kw>
<kw name="Rdpissuing" library="gen_robot_print">
<arguments>
<arg>${cmd_buf}</arg>
</arguments>
<status endtime="20170718 03:56:30.518" starttime="20170718 03:56:30.518" status="PASS"></status>
</kw>
<kw name="Run And Return Rc And Output" library="OperatingSystem">
<doc>Runs the given command in the system and returns the RC and output.</doc>
<arguments>
<arg>${cmd_buf}</arg>
</arguments>
<assign>
<var>${rc}</var>
<var>${output}</var>
</assign>
<msg level="INFO" timestamp="20170718 03:56:30.535">Running command 'which ssh_pw 2&gt;&amp;1'.</msg>
<msg level="INFO" timestamp="20170718 03:56:30.542">${rc} = 0</msg>
<msg level="INFO" timestamp="20170718 03:56:30.542">${output} = /tmp/fspcibld/6791/obmc-robot/.tox/witherspoon/bin/ssh_pw</msg>
<status endtime="20170718 03:56:30.542" starttime="20170718 03:56:30.518" status="PASS"></status>
</kw>
<kw name="Rdpvars" library="gen_robot_print">
<arguments>
<arg>rc</arg>
<arg>output</arg>
</arguments>
<status endtime="20170718 03:56:30.545" starttime="20170718 03:56:30.544" status="PASS"></status>
</kw>
<kw name="Should Be Equal" library="BuiltIn">
<doc>Fails if the given objects are unequal.</doc>
<arguments>
<arg>${rc}</arg>
<arg>${0}</arg>
<arg>msg=${output}\n</arg>
</arguments>
<status endtime="20170718 03:56:30.546" starttime="20170718 03:56:30.545" status="PASS"></status>
</kw>
<kw name="Catenate" library="BuiltIn">
<doc>Catenates the given items together and returns the resulted string.</doc>
<arguments>
<arg>ssh_pw ${OPENBMC_PASSWORD} -p 2200</arg>
<arg>-o "StrictHostKeyChecking no" ${OPENBMC_USERNAME}@${OPENBMC_HOST}</arg>
</arguments>
<assign>
<var>${cmd_buf}</var>
</assign>
<msg level="INFO" timestamp="20170718 03:56:30.546">${cmd_buf} = ssh_pw 0penBmc -p 2200 -o "StrictHostKeyChecking no" root@9.3.21.61</msg>
<status endtime="20170718 03:56:30.546" starttime="20170718 03:56:30.546" status="PASS"></status>
</kw>
<msg level="INFO" timestamp="20170718 03:56:30.547">${search_string} = ssh_pw 0penBmc -p 2200 -o "StrictHostKeyChecking no" root@9.3.21.61</msg>
<status endtime="20170718 03:56:30.547" starttime="20170718 03:56:30.517" status="PASS"></status>
</kw>
<kw name="Catenate" library="BuiltIn">
<doc>Catenates the given items together and returns the resulted string.</doc>
<arguments>
<arg>echo $(ps -ef | egrep '${search_string}'</arg>
<arg>| egrep -v grep | cut -c10-14)</arg>
</arguments>
<assign>
<var>${cmd_buf}</var>
</assign>
<msg level="INFO" timestamp="20170718 03:56:30.547">${cmd_buf} = echo $(ps -ef | egrep 'ssh_pw 0penBmc -p 2200 -o "StrictHostKeyChecking no" root@9.3.21.61' | egrep -v grep | cut -c10-14)</msg>
<status endtime="20170718 03:56:30.547" starttime="20170718 03:56:30.547" status="PASS"></status>
</kw>
<kw name="Rdpissuing" library="gen_robot_print">
<arguments>
<arg>${cmd_buf}</arg>
</arguments>
<status endtime="20170718 03:56:30.548" starttime="20170718 03:56:30.548" status="PASS"></status>
</kw>
<kw name="Run And Return Rc And Output" library="OperatingSystem">
<doc>Runs the given command in the system and returns the RC and output.</doc>
<arguments>
<arg>${cmd_buf}</arg>
</arguments>
<assign>
<var>${rc}</var>
<var>${os_con_pid}</var>
</assign>
<msg level="INFO" timestamp="20170718 03:56:30.551">Running command 'echo $(ps -ef | egrep 'ssh_pw 0penBmc -p 2200 -o "StrictHostKeyChecking no" root@9.3.21.61' | egrep -v grep | cut -c10-14) 2&gt;&amp;1'.</msg>
<msg level="INFO" timestamp="20170718 03:56:30.560">${rc} = 0</msg>
<msg level="INFO" timestamp="20170718 03:56:30.560">${os_con_pid} = </msg>
<status endtime="20170718 03:56:30.560" starttime="20170718 03:56:30.548" status="PASS"></status>
</kw>
<kw name="Rdpvars" library="gen_robot_print">
<arguments>
<arg>os_con_pid</arg>
</arguments>
<status endtime="20170718 03:56:30.562" starttime="20170718 03:56:30.562" status="PASS"></status>
</kw>
<kw name="Catenate" library="BuiltIn">
<doc>Catenates the given items together and returns the resulted string.</doc>
<arguments>
<arg>kill -9 ${os_con_pid}</arg>
</arguments>
<assign>
<var>${cmd_buf}</var>
</assign>
<msg level="INFO" timestamp="20170718 03:56:30.563">${cmd_buf} = kill -9 </msg>
<status endtime="20170718 03:56:30.563" starttime="20170718 03:56:30.563" status="PASS"></status>
</kw>
<kw name="Run Keyword If" library="BuiltIn">
<doc>Runs the given keyword with the given arguments, if ``condition`` is true.</doc>
<arguments>
<arg>'${os_con_pid}' != '${EMPTY}'</arg>
<arg>Rdpissuing</arg>
<arg>${cmd_buf}</arg>
</arguments>
<status endtime="20170718 03:56:30.564" starttime="20170718 03:56:30.563" status="PASS"></status>
</kw>
<kw name="Run Keyword If" library="BuiltIn">
<doc>Runs the given keyword with the given arguments, if ``condition`` is true.</doc>
<arguments>
<arg>'${os_con_pid}' != '${EMPTY}'</arg>
<arg>Run And Return Rc And Output</arg>
<arg>${cmd_buf}</arg>
</arguments>
<assign>
<var>${rc}</var>
<var>${output}</var>
</assign>
<msg level="INFO" timestamp="20170718 03:56:30.565">${rc} = None</msg>
<msg level="INFO" timestamp="20170718 03:56:30.565">${output} = None</msg>
<status endtime="20170718 03:56:30.565" starttime="20170718 03:56:30.564" status="PASS"></status>
</kw>
<kw name="Run Keyword If" library="BuiltIn">
<doc>Runs the given keyword with the given arguments, if ``condition`` is true.</doc>
<arguments>
<arg>'${os_con_pid}' != '${EMPTY}'</arg>
<arg>Rdpvars</arg>
<arg>rc</arg>
<arg>output</arg>
</arguments>
<status endtime="20170718 03:56:30.565" starttime="20170718 03:56:30.565" status="PASS"></status>
</kw>
<kw name="Run Keyword If" library="BuiltIn">
<doc>Runs the given keyword with the given arguments, if ``condition`` is true.</doc>
<arguments>
<arg>'${targ_file_path}' != '${EMPTY}'</arg>
<arg>Run Keyword And Ignore Error</arg>
<arg>Copy File</arg>
<arg>${log_file_path}</arg>
<arg>${targ_file_path}</arg>
</arguments>
<kw name="Run Keyword And Ignore Error" library="BuiltIn">
<doc>Runs the given keyword with the given arguments and ignores possible error.</doc>
<arguments>
<arg>Copy File</arg>
<arg>${log_file_path}</arg>
<arg>${targ_file_path}</arg>
</arguments>
<kw name="Copy File" library="OperatingSystem">
<doc>Copies the source file into the destination.</doc>
<arguments>
<arg>${log_file_path}</arg>
<arg>${targ_file_path}</arg>
</arguments>
<msg level="FAIL" timestamp="20170718 03:56:30.567">Source file '/tmp/9.3.21.61_os_console' does not exist.</msg>
<status endtime="20170718 03:56:30.567" starttime="20170718 03:56:30.567" status="FAIL"></status>
</kw>
<status endtime="20170718 03:56:30.567" starttime="20170718 03:56:30.566" status="PASS"></status>
</kw>
<status endtime="20170718 03:56:30.568" starttime="20170718 03:56:30.566" status="PASS"></status>
</kw>
<kw name="Set Variable" library="BuiltIn">
<doc>Returns the given values which can then be assigned to a variables.</doc>
<arguments>
<arg>${EMPTY}</arg>
</arguments>
<assign>
<var>${output}</var>
</assign>
<msg level="INFO" timestamp="20170718 03:56:30.568">${output} = </msg>
<status endtime="20170718 03:56:30.568" starttime="20170718 03:56:30.568" status="PASS"></status>
</kw>
<kw name="Evaluate" library="BuiltIn">
<doc>Evaluates the given expression in Python and returns the results.</doc>
<arguments>
<arg>${debug}^1</arg>
</arguments>
<assign>
<var>${loc_quiet}</var>
</assign>
<msg level="INFO" timestamp="20170718 03:56:30.569">${loc_quiet} = 1</msg>
<status endtime="20170718 03:56:30.569" starttime="20170718 03:56:30.568" status="PASS"></status>
</kw>
<kw name="Run Keyword If" library="BuiltIn">
<doc>Runs the given keyword with the given arguments, if ``condition`` is true.</doc>
<arguments>
<arg>'${return_data}' == '${1}'</arg>
<arg>Cmd Fnc</arg>
<arg>cat ${log_file_path}</arg>
<arg>quiet=${loc_quiet}</arg>
<arg>print_output=${0}</arg>
</arguments>
<assign>
<var>${rc}</var>
<var>${output}</var>
</assign>
<kw name="Cmd Fnc" library="gen_cmd">
<doc>Run the given command in a shell and return the shell return code.</doc>
<arguments>
<arg>cat ${log_file_path}</arg>
<arg>quiet=${loc_quiet}</arg>
<arg>print_output=${0}</arg>
</arguments>
<status endtime="20170718 03:56:30.999" starttime="20170718 03:56:30.570" status="PASS"></status>
</kw>
<msg level="INFO" timestamp="20170718 03:56:31.000">${rc} = 1</msg>
<msg level="INFO" timestamp="20170718 03:56:31.000">${output} = cat: /tmp/9.3.21.61_os_console: No such file or directory
</msg>
<status endtime="20170718 03:56:31.000" starttime="20170718 03:56:30.569" status="PASS"></status>
</kw>
<msg level="INFO" timestamp="20170718 03:56:31.001">${log_output} = cat: /tmp/9.3.21.61_os_console: No such file or directory
</msg>
<status endtime="20170718 03:56:31.001" starttime="20170718 03:56:30.514" status="PASS"></status>
</kw>
<kw name="Create File" library="OperatingSystem">
<doc>Creates a file with the given content and encoding.</doc>
<arguments>
<arg>${log_file_path}</arg>
</arguments>
<msg level="INFO" timestamp="20170718 03:56:31.003" html="yes">Created file '&lt;a href="file:///tmp/9.3.21.61_os_console"&gt;/tmp/9.3.21.61_os_console&lt;/a&gt;'.</msg>
<status endtime="20170718 03:56:31.003" starttime="20170718 03:56:31.002" status="PASS"></status>
</kw>
<kw name="Create OS Console Command String" library="utils">
<doc>Return a command string to start OS console logging.</doc>
<assign>
<var>${sub_cmd_buf}</var>
</assign>
<kw name="Catenate" library="BuiltIn">
<doc>Catenates the given items together and returns the resulted string.</doc>
<arguments>
<arg>which ssh_pw 2&gt;&amp;1</arg>
</arguments>
<assign>
<var>${cmd_buf}</var>
</assign>
<msg level="INFO" timestamp="20170718 03:56:31.004">${cmd_buf} = which ssh_pw 2&gt;&amp;1</msg>
<status endtime="20170718 03:56:31.004" starttime="20170718 03:56:31.004" status="PASS"></status>
</kw>
<kw name="Rdpissuing" library="gen_robot_print">
<arguments>
<arg>${cmd_buf}</arg>
</arguments>
<status endtime="20170718 03:56:31.004" starttime="20170718 03:56:31.004" status="PASS"></status>
</kw>
<kw name="Run And Return Rc And Output" library="OperatingSystem">
<doc>Runs the given command in the system and returns the RC and output.</doc>
<arguments>
<arg>${cmd_buf}</arg>
</arguments>
<assign>
<var>${rc}</var>
<var>${output}</var>
</assign>
<msg level="INFO" timestamp="20170718 03:56:31.008">Running command 'which ssh_pw 2&gt;&amp;1'.</msg>
<msg level="INFO" timestamp="20170718 03:56:31.012">${rc} = 0</msg>
<msg level="INFO" timestamp="20170718 03:56:31.012">${output} = /tmp/fspcibld/6791/obmc-robot/.tox/witherspoon/bin/ssh_pw</msg>
<status endtime="20170718 03:56:31.012" starttime="20170718 03:56:31.005" status="PASS"></status>
</kw>
<kw name="Rdpvars" library="gen_robot_print">
<arguments>
<arg>rc</arg>
<arg>output</arg>
</arguments>
<status endtime="20170718 03:56:31.015" starttime="20170718 03:56:31.014" status="PASS"></status>
</kw>
<kw name="Should Be Equal" library="BuiltIn">
<doc>Fails if the given objects are unequal.</doc>
<arguments>
<arg>${rc}</arg>
<arg>${0}</arg>
<arg>msg=${output}\n</arg>
</arguments>
<status endtime="20170718 03:56:31.016" starttime="20170718 03:56:31.015" status="PASS"></status>
</kw>
<kw name="Catenate" library="BuiltIn">
<doc>Catenates the given items together and returns the resulted string.</doc>
<arguments>
<arg>ssh_pw ${OPENBMC_PASSWORD} -p 2200</arg>
<arg>-o "StrictHostKeyChecking no" ${OPENBMC_USERNAME}@${OPENBMC_HOST}</arg>
</arguments>
<assign>
<var>${cmd_buf}</var>
</assign>
<msg level="INFO" timestamp="20170718 03:56:31.016">${cmd_buf} = ssh_pw 0penBmc -p 2200 -o "StrictHostKeyChecking no" root@9.3.21.61</msg>
<status endtime="20170718 03:56:31.016" starttime="20170718 03:56:31.016" status="PASS"></status>
</kw>
<msg level="INFO" timestamp="20170718 03:56:31.017">${sub_cmd_buf} = ssh_pw 0penBmc -p 2200 -o "StrictHostKeyChecking no" root@9.3.21.61</msg>
<status endtime="20170718 03:56:31.017" starttime="20170718 03:56:31.003" status="PASS"></status>
</kw>
<kw name="Catenate" library="BuiltIn">
<doc>Catenates the given items together and returns the resulted string.</doc>
<arguments>
<arg>${sub_cmd_buf} &gt; ${log_file_path} 2&gt;&amp;1 &amp;</arg>
</arguments>
<assign>
<var>${cmd_buf}</var>
</assign>
<msg level="INFO" timestamp="20170718 03:56:31.017">${cmd_buf} = ssh_pw 0penBmc -p 2200 -o "StrictHostKeyChecking no" root@9.3.21.61 &gt; /tmp/9.3.21.61_os_console 2&gt;&amp;1 &amp;</msg>
<status endtime="20170718 03:56:31.017" starttime="20170718 03:56:31.017" status="PASS"></status>
</kw>
<kw name="Rdpissuing" library="gen_robot_print">
<arguments>
<arg>${cmd_buf}</arg>
</arguments>
<status endtime="20170718 03:56:31.018" starttime="20170718 03:56:31.018" status="PASS"></status>
</kw>
<kw name="Run And Return Rc And Output" library="OperatingSystem">
<doc>Runs the given command in the system and returns the RC and output.</doc>
<arguments>
<arg>${cmd_buf}</arg>
</arguments>
<assign>
<var>${rc}</var>
<var>${output}</var>
</assign>
<msg level="INFO" timestamp="20170718 03:56:31.021">Running command 'ssh_pw 0penBmc -p 2200 -o "StrictHostKeyChecking no" root@9.3.21.61 &gt; /tmp/9.3.21.61_os_console 2&gt;&amp;1 &amp;'.</msg>
<msg level="INFO" timestamp="20170718 03:56:31.024">${rc} = 0</msg>
<msg level="INFO" timestamp="20170718 03:56:31.024">${output} = </msg>
<status endtime="20170718 03:56:31.024" starttime="20170718 03:56:31.018" status="PASS"></status>
</kw>
<kw name="Should Be Equal" library="BuiltIn">
<doc>Fails if the given objects are unequal.</doc>
<arguments>
<arg>${rc}</arg>
<arg>${0}</arg>
</arguments>
<status endtime="20170718 03:56:31.026" starttime="20170718 03:56:31.026" status="PASS"></status>
</kw>
<status endtime="20170718 03:56:31.027" starttime="20170718 03:56:30.511" status="PASS"></status>
</kw>
<kw name="Repeat Keyword" library="BuiltIn">
<doc>Executes the specified keyword multiple times.</doc>
<arguments>
<arg>${LOOP_COUNT} times</arg>
<arg>Host Off And On</arg>
</arguments>
<msg level="INFO" timestamp="20170718 03:56:31.028">Repeating keyword, round 1/2.</msg>
<kw name="Host Off And On">
<doc>Verify power off and on.</doc>
<kw name="Initiate Host PowerOff" library="state_manager">
<doc>Initiate host power off.</doc>
<kw name="Create Dictionary" library="BuiltIn">
<doc>Creates and returns a dictionary based on the given ``items``.</doc>
<arguments>
<arg>data=${HOST_POWEROFF_TRANS}</arg>
</arguments>
<assign>
<var>${args}</var>
</assign>
<msg level="INFO" timestamp="20170718 03:56:31.030">${args} = {u'data': 'xyz.openbmc_project.State.Host.Transition.Off'}</msg>
<status endtime="20170718 03:56:31.030" starttime="20170718 03:56:31.029" status="PASS"></status>
</kw>
<kw name="Write Attribute" library="rest_client">
<arguments>
<arg>${HOST_STATE_URI}</arg>
<arg>RequestedHostTransition</arg>
[...]
<doc>Returns variable value or ``default`` if the variable does not exist.</doc>
<arguments>
<arg>${FFDC_DIR_PATH}</arg>
<arg>${EMPTY}</arg>
</arguments>
<assign>
<var>${FFDC_DIR_PATH}</var>
</assign>
<msg level="INFO" timestamp="20170718 04:03:04.085">${FFDC_DIR_PATH} = /tmp/fspcibld/6791/obmc-robot/logs/20170718040242610223_TestsTestBasicPoweron/20170718040242610223_PowerOnTest/</msg>
<status endtime="20170718 04:03:04.085" starttime="20170718 04:03:04.085" status="PASS"></status>
</kw>
<kw name="Run Keyword If" library="BuiltIn">
<doc>Runs the given keyword with the given arguments, if ``condition`` is true.</doc>
<arguments>
<arg>'${FFDC_DIR_PATH}' == '${EMPTY}'</arg>
<arg>Set FFDC Defaults</arg>
</arguments>
<status endtime="20170718 04:03:04.086" starttime="20170718 04:03:04.085" status="PASS"></status>
</kw>
<kw name="Run Keyword If" library="BuiltIn">
<doc>Runs the given keyword with the given arguments, if ``condition`` is true.</doc>
<arguments>
<arg>'${FFDC_DIR_PATH_STYLE}' == '${1}'</arg>
<arg>Run Keywords</arg>
<arg>Set Global Variable</arg>
<arg>${FFDC_LOG_PATH}</arg>
<arg>${FFDC_DIR_PATH}</arg>
<arg>AND</arg>
<arg>Set Global Variable</arg>
<arg>${TEST_HISTORY}</arg>
<arg>${FFDC_DIR_PATH}test_history.txt</arg>
</arguments>
<status endtime="20170718 04:03:04.087" starttime="20170718 04:03:04.086" status="PASS"></status>
</kw>
<kw name="Create Directory" library="OperatingSystem">
<doc>Creates the specified directory.</doc>
<arguments>
<arg>${FFDC_LOG_PATH}</arg>
</arguments>
<msg level="INFO" timestamp="20170718 04:03:04.088" html="yes">Directory '&lt;a href="file:///tmp/fspcibld/6791/obmc-robot/logs"&gt;/tmp/fspcibld/6791/obmc-robot/logs&lt;/a&gt;' already exists.</msg>
<status endtime="20170718 04:03:04.088" starttime="20170718 04:03:04.087" status="PASS"></status>
</kw>
<kw name="Run Keyword And Return Status" library="BuiltIn">
<doc>Runs the given keyword with given arguments and returns the status as a Boolean value.</doc>
<arguments>
<arg>OperatingSystem.File Should Exist</arg>
<arg>${TEST_HISTORY}</arg>
</arguments>
<assign>
<var>${exist}</var>
</assign>
<kw name="File Should Exist" library="OperatingSystem">
<doc>Fails unless the given ``path`` points to an existing file.</doc>
<arguments>
<arg>${TEST_HISTORY}</arg>
</arguments>
<msg level="INFO" timestamp="20170718 04:03:04.089" html="yes">File '&lt;a href="file:///tmp/fspcibld/6791/obmc-robot/logs/test_history.txt"&gt;/tmp/fspcibld/6791/obmc-robot/logs/test_history.txt&lt;/a&gt;' exists.</msg>
<status endtime="20170718 04:03:04.089" starttime="20170718 04:03:04.088" status="PASS"></status>
</kw>
<msg level="INFO" timestamp="20170718 04:03:04.089">${exist} = True</msg>
<status endtime="20170718 04:03:04.089" starttime="20170718 04:03:04.088" status="PASS"></status>
</kw>
<kw name="Run Keyword If" library="BuiltIn">
<doc>Runs the given keyword with the given arguments, if ``condition`` is true.</doc>
<arguments>
<arg>'${exist}' == '${False}'</arg>
<arg>Create File</arg>
<arg>${TEST_HISTORY}</arg>
</arguments>
<status endtime="20170718 04:03:04.090" starttime="20170718 04:03:04.089" status="PASS"></status>
</kw>
<kw name="Rpvars" library="gen_robot_print">
<arguments>
<arg>TEST_HISTORY</arg>
</arguments>
<status endtime="20170718 04:03:04.090" starttime="20170718 04:03:04.090" status="PASS"></status>
</kw>
<kw name="Get Current Time Stamp" library="openbmc_ffdc_utils">
<doc>Get the current time stamp data</doc>
<assign>
<var>${cur_time}</var>
</assign>
<kw name="Get Current Date" library="DateTime">
<doc>Returns current local or UTC time with an optional increment.</doc>
<arguments>
<arg>result_format=%Y-%m-%d %H:%M:%S:%f</arg>
</arguments>
<assign>
<var>${cur_time}</var>
</assign>
<msg level="INFO" timestamp="20170718 04:03:04.091">${cur_time} = 2017-07-18 04:03:04:090894</msg>
<status endtime="20170718 04:03:04.091" starttime="20170718 04:03:04.091" status="PASS"></status>
</kw>
<kw name="Get Strip String" library="openbmc_ffdc_list">
<doc>########################################################################</doc>
<arguments>
<arg>${cur_time}</arg>
</arguments>
<assign>
<var>${cur_time}</var>
</assign>
<msg level="INFO" timestamp="20170718 04:03:04.092">${cur_time} = 20170718040304090894</msg>
<status endtime="20170718 04:03:04.092" starttime="20170718 04:03:04.091" status="PASS"></status>
</kw>
<msg level="INFO" timestamp="20170718 04:03:04.092">${cur_time} = 20170718040304090894</msg>
<status endtime="20170718 04:03:04.092" starttime="20170718 04:03:04.090" status="PASS"></status>
</kw>
<kw name="Append To File" library="OperatingSystem">
<doc>Appends the given content to the specified file.</doc>
<arguments>
<arg>${TEST_HISTORY}</arg>
<arg>${cur_time}:${SUITE_NAME}:${TEST_NAME}:${TEST_STATUS}${\n}</arg>
</arguments>
<msg level="INFO" timestamp="20170718 04:03:04.093" html="yes">Appended to file '&lt;a href="file:///tmp/fspcibld/6791/obmc-robot/logs/test_history.txt"&gt;/tmp/fspcibld/6791/obmc-robot/logs/test_history.txt&lt;/a&gt;'.</msg>
<status endtime="20170718 04:03:04.093" starttime="20170718 04:03:04.092" status="PASS"></status>
</kw>
<status endtime="20170718 04:03:04.093" starttime="20170718 04:03:04.070" status="PASS"></status>
</kw>
<status endtime="20170718 04:03:04.093" starttime="20170718 04:02:39.277" status="PASS"></status>
</kw>
<kw name="Stop SOL Console Logging" library="utils">
<doc>Stop system console logging and return log output.</doc>
<assign>
<var>${sol_log}</var>
</assign>
<kw name="Create OS Console File Path" library="utils">
<doc>Create OS console file path name and return it.</doc>
<arguments>
<arg>${log_file_path}</arg>
</arguments>
<assign>
<var>${log_file_path}</var>
</assign>
<kw name="Catenate" library="BuiltIn">
<doc>Catenates the given items together and returns the resulted string.</doc>
<arguments>
<arg>/tmp/${OPENBMC_HOST}_os_console</arg>
</arguments>
<assign>
<var>${default_file_path}</var>
</assign>
<msg level="INFO" timestamp="20170718 04:03:04.095">${default_file_path} = /tmp/9.3.21.61_os_console</msg>
<status endtime="20170718 04:03:04.095" starttime="20170718 04:03:04.095" status="PASS"></status>
</kw>
<kw name="Set Variable If" library="BuiltIn">
<doc>Sets variable based on the given condition.</doc>
<arguments>
<arg>'${log_file_path}' == '${EMPTY}'</arg>
<arg>${default_file_path}</arg>
<arg>${log_file_path}</arg>
</arguments>
<assign>
<var>${log_file_path}</var>
</assign>
<msg level="INFO" timestamp="20170718 04:03:04.096">${log_file_path} = /tmp/9.3.21.61_os_console</msg>
<status endtime="20170718 04:03:04.096" starttime="20170718 04:03:04.095" status="PASS"></status>
</kw>
<msg level="INFO" timestamp="20170718 04:03:04.096">${log_file_path} = /tmp/9.3.21.61_os_console</msg>
<status endtime="20170718 04:03:04.096" starttime="20170718 04:03:04.094" status="PASS"></status>
</kw>
<kw name="Create OS Console Command String" library="utils">
<doc>Return a command string to start OS console logging.</doc>
<assign>
<var>${search_string}</var>
</assign>
<kw name="Catenate" library="BuiltIn">
<doc>Catenates the given items together and returns the resulted string.</doc>
<arguments>
<arg>which ssh_pw 2&gt;&amp;1</arg>
</arguments>
<assign>
<var>${cmd_buf}</var>
</assign>
<msg level="INFO" timestamp="20170718 04:03:04.097">${cmd_buf} = which ssh_pw 2&gt;&amp;1</msg>
<status endtime="20170718 04:03:04.097" starttime="20170718 04:03:04.097" status="PASS"></status>
</kw>
<kw name="Rdpissuing" library="gen_robot_print">
<arguments>
<arg>${cmd_buf}</arg>
</arguments>
<status endtime="20170718 04:03:04.097" starttime="20170718 04:03:04.097" status="PASS"></status>
</kw>
<kw name="Run And Return Rc And Output" library="OperatingSystem">
<doc>Runs the given command in the system and returns the RC and output.</doc>
<arguments>
<arg>${cmd_buf}</arg>
</arguments>
<assign>
<var>${rc}</var>
<var>${output}</var>
</assign>
<msg level="INFO" timestamp="20170718 04:03:04.105">Running command 'which ssh_pw 2&gt;&amp;1'.</msg>
<msg level="INFO" timestamp="20170718 04:03:04.108">${rc} = 0</msg>
<msg level="INFO" timestamp="20170718 04:03:04.108">${output} = /tmp/fspcibld/6791/obmc-robot/.tox/witherspoon/bin/ssh_pw</msg>
<status endtime="20170718 04:03:04.108" starttime="20170718 04:03:04.098" status="PASS"></status>
</kw>
<kw name="Rdpvars" library="gen_robot_print">
<arguments>
<arg>rc</arg>
<arg>output</arg>
</arguments>
<status endtime="20170718 04:03:04.111" starttime="20170718 04:03:04.111" status="PASS"></status>
</kw>
<kw name="Should Be Equal" library="BuiltIn">
<doc>Fails if the given objects are unequal.</doc>
<arguments>
<arg>${rc}</arg>
<arg>${0}</arg>
<arg>msg=${output}\n</arg>
</arguments>
<status endtime="20170718 04:03:04.112" starttime="20170718 04:03:04.112" status="PASS"></status>
</kw>
<kw name="Catenate" library="BuiltIn">
<doc>Catenates the given items together and returns the resulted string.</doc>
<arguments>
<arg>ssh_pw ${OPENBMC_PASSWORD} -p 2200</arg>
<arg>-o "StrictHostKeyChecking no" ${OPENBMC_USERNAME}@${OPENBMC_HOST}</arg>
</arguments>
<assign>
<var>${cmd_buf}</var>
</assign>
<msg level="INFO" timestamp="20170718 04:03:04.113">${cmd_buf} = ssh_pw 0penBmc -p 2200 -o "StrictHostKeyChecking no" root@9.3.21.61</msg>
<status endtime="20170718 04:03:04.113" starttime="20170718 04:03:04.113" status="PASS"></status>
</kw>
<msg level="INFO" timestamp="20170718 04:03:04.114">${search_string} = ssh_pw 0penBmc -p 2200 -o "StrictHostKeyChecking no" root@9.3.21.61</msg>
<status endtime="20170718 04:03:04.114" starttime="20170718 04:03:04.096" status="PASS"></status>
</kw>
<kw name="Catenate" library="BuiltIn">
<doc>Catenates the given items together and returns the resulted string.</doc>
<arguments>
<arg>echo $(ps -ef | egrep '${search_string}'</arg>
<arg>| egrep -v grep | cut -c10-14)</arg>
</arguments>
<assign>
<var>${cmd_buf}</var>
</assign>
<msg level="INFO" timestamp="20170718 04:03:04.114">${cmd_buf} = echo $(ps -ef | egrep 'ssh_pw 0penBmc -p 2200 -o "StrictHostKeyChecking no" root@9.3.21.61' | egrep -v grep | cut -c10-14)</msg>
<status endtime="20170718 04:03:04.114" starttime="20170718 04:03:04.114" status="PASS"></status>
</kw>
<kw name="Rdpissuing" library="gen_robot_print">
<arguments>
<arg>${cmd_buf}</arg>
</arguments>
<status endtime="20170718 04:03:04.115" starttime="20170718 04:03:04.115" status="PASS"></status>
</kw>
<kw name="Run And Return Rc And Output" library="OperatingSystem">
<doc>Runs the given command in the system and returns the RC and output.</doc>
<arguments>
<arg>${cmd_buf}</arg>
</arguments>
<assign>
<var>${rc}</var>
<var>${os_con_pid}</var>
</assign>
<msg level="INFO" timestamp="20170718 04:03:04.118">Running command 'echo $(ps -ef | egrep 'ssh_pw 0penBmc -p 2200 -o "StrictHostKeyChecking no" root@9.3.21.61' | egrep -v grep | cut -c10-14) 2&gt;&amp;1'.</msg>
<msg level="INFO" timestamp="20170718 04:03:04.137">${rc} = 0</msg>
<msg level="INFO" timestamp="20170718 04:03:04.137">${os_con_pid} = </msg>
<status endtime="20170718 04:03:04.137" starttime="20170718 04:03:04.115" status="PASS"></status>
</kw>
<kw name="Rdpvars" library="gen_robot_print">
<arguments>
<arg>os_con_pid</arg>
</arguments>
<status endtime="20170718 04:03:04.140" starttime="20170718 04:03:04.139" status="PASS"></status>
</kw>
<kw name="Catenate" library="BuiltIn">
<doc>Catenates the given items together and returns the resulted string.</doc>
<arguments>
<arg>kill -9 ${os_con_pid}</arg>
</arguments>
<assign>
<var>${cmd_buf}</var>
</assign>
<msg level="INFO" timestamp="20170718 04:03:04.144">${cmd_buf} = kill -9 </msg>
<status endtime="20170718 04:03:04.144" starttime="20170718 04:03:04.140" status="PASS"></status>
</kw>
<kw name="Run Keyword If" library="BuiltIn">
<doc>Runs the given keyword with the given arguments, if ``condition`` is true.</doc>
<arguments>
<arg>'${os_con_pid}' != '${EMPTY}'</arg>
<arg>Rdpissuing</arg>
<arg>${cmd_buf}</arg>
</arguments>
<status endtime="20170718 04:03:04.145" starttime="20170718 04:03:04.144" status="PASS"></status>
</kw>
<kw name="Run Keyword If" library="BuiltIn">
<doc>Runs the given keyword with the given arguments, if ``condition`` is true.</doc>
<arguments>
<arg>'${os_con_pid}' != '${EMPTY}'</arg>
<arg>Run And Return Rc And Output</arg>
<arg>${cmd_buf}</arg>
</arguments>
<assign>
<var>${rc}</var>
<var>${output}</var>
</assign>
<msg level="INFO" timestamp="20170718 04:03:04.145">${rc} = None</msg>
<msg level="INFO" timestamp="20170718 04:03:04.145">${output} = None</msg>
<status endtime="20170718 04:03:04.146" starttime="20170718 04:03:04.145" status="PASS"></status>
</kw>
<kw name="Run Keyword If" library="BuiltIn">
<doc>Runs the given keyword with the given arguments, if ``condition`` is true.</doc>
<arguments>
<arg>'${os_con_pid}' != '${EMPTY}'</arg>
<arg>Rdpvars</arg>
<arg>rc</arg>
<arg>output</arg>
</arguments>
<status endtime="20170718 04:03:04.146" starttime="20170718 04:03:04.146" status="PASS"></status>
</kw>
<kw name="Run Keyword If" library="BuiltIn">
<doc>Runs the given keyword with the given arguments, if ``condition`` is true.</doc>
<arguments>
<arg>'${targ_file_path}' != '${EMPTY}'</arg>
<arg>Run Keyword And Ignore Error</arg>
<arg>Copy File</arg>
<arg>${log_file_path}</arg>
<arg>${targ_file_path}</arg>
</arguments>
<kw name="Run Keyword And Ignore Error" library="BuiltIn">
<doc>Runs the given keyword with the given arguments and ignores possible error.</doc>
<arguments>
<arg>Copy File</arg>
<arg>${log_file_path}</arg>
<arg>${targ_file_path}</arg>
</arguments>
<kw name="Copy File" library="OperatingSystem">
<doc>Copies the source file into the destination.</doc>
<arguments>
<arg>${log_file_path}</arg>
<arg>${targ_file_path}</arg>
</arguments>
<msg level="INFO" timestamp="20170718 04:03:04.150" html="yes">Copied file from '&lt;a href="file:///tmp/9.3.21.61_os_console"&gt;/tmp/9.3.21.61_os_console&lt;/a&gt;' to '&lt;a href="file:///tmp/fspcibld/6791/obmc-robot/logs/9.3.21.61_os_console"&gt;/tmp/fspcibld/6791/obmc-robot/logs/9.3.21.61_os_console&lt;/a&gt;'.</msg>
<status endtime="20170718 04:03:04.151" starttime="20170718 04:03:04.148" status="PASS"></status>
</kw>
<status endtime="20170718 04:03:04.151" starttime="20170718 04:03:04.147" status="PASS"></status>
</kw>
<status endtime="20170718 04:03:04.151" starttime="20170718 04:03:04.147" status="PASS"></status>
</kw>
<kw name="Set Variable" library="BuiltIn">
<doc>Returns the given values which can then be assigned to a variables.</doc>
<arguments>
<arg>${EMPTY}</arg>
</arguments>
<assign>
<var>${output}</var>
</assign>
<msg level="INFO" timestamp="20170718 04:03:04.151">${output} = </msg>
<status endtime="20170718 04:03:04.151" starttime="20170718 04:03:04.151" status="PASS"></status>
</kw>
<kw name="Evaluate" library="BuiltIn">
<doc>Evaluates the given expression in Python and returns the results.</doc>
<arguments>
<arg>${debug}^1</arg>
</arguments>
<assign>
<var>${loc_quiet}</var>
</assign>
<msg level="INFO" timestamp="20170718 04:03:04.152">${loc_quiet} = 1</msg>
<status endtime="20170718 04:03:04.152" starttime="20170718 04:03:04.152" status="PASS"></status>
</kw>
<kw name="Run Keyword If" library="BuiltIn">
<doc>Runs the given keyword with the given arguments, if ``condition`` is true.</doc>
<arguments>
<arg>'${return_data}' == '${1}'</arg>
<arg>Cmd Fnc</arg>
<arg>cat ${log_file_path}</arg>
<arg>quiet=${loc_quiet}</arg>
<arg>print_output=${0}</arg>
</arguments>
<assign>
<var>${rc}</var>
<var>${output}</var>
</assign>
<kw name="Cmd Fnc" library="gen_cmd">
<doc>Run the given command in a shell and return the shell return code.</doc>
<arguments>
<arg>cat ${log_file_path}</arg>
<arg>quiet=${loc_quiet}</arg>
<arg>print_output=${0}</arg>
</arguments>
<status endtime="20170718 04:03:04.211" starttime="20170718 04:03:04.153" status="PASS"></status>
</kw>
<msg level="INFO" timestamp="20170718 04:03:04.213">${rc} = 0</msg>
<msg level="INFO" timestamp="20170718 04:03:04.213">${output} = spawn ssh -p 2200 -o StrictHostKeyChecking no root@9.3.21.61
Warning: Permanently added '[9.3.21.61]:2200' (RSA) to the list of known hosts.
root@9.3.21.61's password: 
[24;13H1[24;26H[24;10HUb...</msg>
<status endtime="20170718 04:03:04.213" starttime="20170718 04:03:04.152" status="PASS"></status>
</kw>
<msg level="INFO" timestamp="20170718 04:03:04.214">${sol_log} = spawn ssh -p 2200 -o StrictHostKeyChecking no root@9.3.21.61
Warning: Permanently added '[9.3.21.61]:2200' (RSA) to the list of known hosts.
root@9.3.21.61's password: 
[24;13H1[24;26H[24;10HUb...</msg>
<status endtime="20170718 04:03:04.214" starttime="20170718 04:03:04.093" status="PASS"></status>
</kw>
<kw name="Log" library="BuiltIn">
<doc>Logs the given message with the given level.</doc>
<arguments>
<arg>${sol_log}</arg>
</arguments>
<msg level="INFO" timestamp="20170718 04:03:04.216">spawn ssh -p 2200 -o StrictHostKeyChecking no root@9.3.21.61
Warning: Permanently added '[9.3.21.61]:2200' (RSA) to the list of known hosts.
root@9.3.21.61's password: 
[24;13H1[24;26H[24;10HUbuntu          [24;16H Loaded kernel image from file:///var/petitboot/mnt/dev/sda2/boot/vmlinux-4.10.[?7l0[?7h[24;9Hinitrd from file:///var/petitboot/mnt/dev/sda2/boot/initrd.img-4.10.0-2[?7l6[?7h Running boot hooks[K Performing kexec loadrebootThe system is going down NOW!
Sent SIGTERM to all processes
Sent SIGKILL to all processes
[   49.419066224,5] IPMI: Soft shutdown requested
[   29.362046] kexec_core: Starting new kernel
[   50.340716608,5] OPAL: Switch to big-endian OS
[   50.507934272,5] OPAL: Switch to little-endian OS
 -&gt; smp_release_cpus()
spinning_secondaries = 15
 &lt;- smp_release_cpus()
[    1.572464] Unable to open file: /etc/keys/x509_ima.der (-2)
[    1.572470] Unable to open file: /etc/keys/x509_evm.der (-2)
[40m[2J[-1;-1f[?25l[-1;-1f[40m[37mUbuntu 17.04[-1;-1f[37m.  [37m.  [37m.  [37m.[-1;-1f[40m[37mUbuntu 17.04[-1;-1f[33m.  [37m.  [37m.  [37m.[-1;-1f[40m[37mUbuntu 17.04[-1;-1f[33m.  [33m.  [37m.  [37m.[-1;-1f[40m[37mUbuntu 17.04[-1;-1f[33m.  [33m.  [33m.  [37m.[-1;-1f[40m[37mUbuntu 17.04[-1;-1f[33m.  [33m.  [33m.  [33m.[-1;-1f[40m[37mUbuntu 17.04[-1;-1f[37m.  [33m.  [33m.  [33m.[-1;-1f[40m[37mUbuntu 17.04[-1;-1f[37m.  [37m.  [33m.  [33m.[-1;-1f[40m[37mUbuntu 17.04[-1;-1f[37m.  [37m.  [37m.  [33m.[-1;-1f[40m[37mUbuntu 17.04[-1;-1f[37m.  [37m.  [37m.  [37m.[-1;-1f[40m[37mUbuntu 17.04[-1;-1f[33m.  [37m.  [37m.  [37m.[-1;-1f[40m[37mUbuntu 17.04[-1;-1f[33m.  [33m.  [37m.  [37m.[-1;-1f[40m[37mUbuntu 17.04[-1;-1f[33m.  [33m.  [33m.  [37m.[49m[2J[-1;-1f[?25h
Ubuntu 17.04 ws017p1 hvc0

ws017p1 login: </msg>
<status endtime="20170718 04:03:04.216" starttime="20170718 04:03:04.216" status="PASS"></status>
</kw>
<status endtime="20170718 04:03:04.217" starttime="20170718 04:02:39.276" status="PASS"></status>
</kw>
<doc>Power off and on.</doc>
<tags>
<tag>chassisboot</tag>
<tag>Power_On_Test</tag>
</tags>
<status endtime="20170718 04:03:04.217" starttime="20170718 03:56:30.511" status="FAIL" critical="yes">Keyword 'Is Host Off' failed after retrying for 6 minutes. The last error was: Off != Running</status>
</test>
<doc>Test power on for HW CI.</doc>
<status endtime="20170718 04:03:04.219" starttime="20170718 03:56:30.477" status="FAIL"></status>
</suite>
<doc>Set metadata for test suite.</doc>
<status endtime="20170718 04:03:04.223" starttime="20170718 03:56:23.123" status="FAIL"></status>
</suite>
<statistics>
<total>
<stat pass="1" fail="1">Critical Tests</stat>
<stat pass="1" fail="1">All Tests</stat>
</total>
<tag>
<stat pass="0" fail="1">chassisboot</stat>
<stat pass="0" fail="1">Power_On_Test</stat>
<stat pass="1" fail="0">Test_SSL_Connection</stat>
</tag>
<suite>
<stat id="s1" pass="1" name="Tests" fail="1">Tests</stat>
<stat id="s1-s1" pass="1" name="Security" fail="0">Tests.Security</stat>
<stat id="s1-s1-s1" pass="1" name="Test Ssl" fail="0">Tests.Security.Test Ssl</stat>
<stat id="s1-s2" pass="0" name="Test Basic Poweron" fail="1">Tests.Test Basic Poweron</stat>
</suite>
</statistics>
<errors>
</errors>
</robot>
