<?xml version="1.0" encoding="UTF-8"?>
<robot generator="Robot 3.0.2 (Python 2.7.12 on linux2)" generated="20170629 21:45:35.589">
<suite id="s1" source="/tmp/fspcibld/31264/obmc-robot/tests" name="Tests">
<kw name="System Driver Data" type="setup">
<doc>System driver information.</doc>
<kw name="Open Connection And Log In" library="connection_client">
<doc>Opens a connection with the given arguments, and logs in.</doc>
<kw name="Run Keyword And Return Status" library="BuiltIn">
<doc>Runs the given keyword with given arguments and returns the status as a Boolean value.</doc>
<arguments>
<arg>Dictionary Should Contain Key</arg>
<arg>${connection_args}</arg>
<arg>host</arg>
</arguments>
<assign>
<var>${has_host}</var>
</assign>
<kw name="Dictionary Should Contain Key" library="Collections">
<doc>Fails if ``key`` is not found from ``dictionary``.</doc>
<arguments>
<arg>${connection_args}</arg>
<arg>host</arg>
</arguments>
<msg timestamp="20170629 21:45:36.051" level="FAIL">Dictionary does not contain key 'host'.</msg>
<status status="FAIL" endtime="20170629 21:45:36.051" starttime="20170629 21:45:36.050"></status>
</kw>
<msg timestamp="20170629 21:45:36.051" level="INFO">${has_host} = False</msg>
<status status="PASS" endtime="20170629 21:45:36.051" starttime="20170629 21:45:36.050"></status>
</kw>
<kw name="Run Keyword If" library="BuiltIn">
<doc>Runs the given keyword with the given arguments, if ``condition`` is true.</doc>
<arguments>
<arg>${has_host} == ${FALSE}</arg>
<arg>Set To Dictionary</arg>
<arg>${connection_args}</arg>
<arg>host=${OPENBMC_HOST}</arg>
</arguments>
<kw name="Set To Dictionary" library="Collections">
<doc>Adds the given ``key_value_pairs`` and ``items`` to the ``dictionary``.</doc>
<arguments>
<arg>${connection_args}</arg>
<arg>host=${OPENBMC_HOST}</arg>
</arguments>
<status status="PASS" endtime="20170629 21:45:36.052" starttime="20170629 21:45:36.052"></status>
</kw>
<status status="PASS" endtime="20170629 21:45:36.052" starttime="20170629 21:45:36.051"></status>
</kw>
<kw name="Run Keyword If" library="BuiltIn">
<doc>Runs the given keyword with the given arguments, if ``condition`` is true.</doc>
<arguments>
<arg>'${SSH_PORT}' != '${EMPTY}' and '${HTTPS_PORT}' != '${EMPTY}'</arg>
<arg>User input SSH and HTTPs Ports</arg>
</arguments>
<kw name="User input SSH and HTTPs Ports" library="connection_client">
<doc>Update the global SSH and HTTPs port variable for QEMU</doc>
<kw name="Convert To Integer" library="BuiltIn">
<doc>Converts the given item to an integer number.</doc>
<arguments>
<arg>${SSH_PORT}</arg>
</arguments>
<assign>
<var>${port_num}</var>
</assign>
<msg timestamp="20170629 21:45:36.053" level="INFO">${port_num} = 22</msg>
<status status="PASS" endtime="20170629 21:45:36.053" starttime="20170629 21:45:36.053"></status>
</kw>
<kw name="Replace Variables" library="BuiltIn">
<doc>Replaces variables in the given text with their current values.</doc>
<arguments>
<arg>${port_num}</arg>
</arguments>
<assign>
<var>${SSH_PORT}</var>
</assign>
<msg timestamp="20170629 21:45:36.054" level="INFO">${SSH_PORT} = 22</msg>
<status status="PASS" endtime="20170629 21:45:36.054" starttime="20170629 21:45:36.054"></status>
</kw>
<kw name="Convert To Integer" library="BuiltIn">
<doc>Converts the given item to an integer number.</doc>
<arguments>
<arg>${HTTPS_PORT}</arg>
</arguments>
<assign>
<var>${https_num}</var>
</assign>
<msg timestamp="20170629 21:45:36.054" level="INFO">${https_num} = 443</msg>
<status status="PASS" endtime="20170629 21:45:36.054" starttime="20170629 21:45:36.054"></status>
</kw>
<kw name="Set Global Variable" library="BuiltIn">
<doc>Makes a variable available globally in all tests and suites.</doc>
<arguments>
<arg>${AUTH_URI}</arg>
<arg>https://${OPENBMC_HOST}:${https_num}</arg>
</arguments>
<msg timestamp="20170629 21:45:36.055" level="INFO">${AUTH_URI} = https://9.3.86.161:443</msg>
<status status="PASS" endtime="20170629 21:45:36.055" starttime="20170629 21:45:36.055"></status>
</kw>
<status status="PASS" endtime="20170629 21:45:36.055" starttime="20170629 21:45:36.053"></status>
</kw>
<status status="PASS" endtime="20170629 21:45:36.055" starttime="20170629 21:45:36.052"></status>
</kw>
<kw name="Run Keyword And Return Status" library="BuiltIn">
<doc>Runs the given keyword with given arguments and returns the status as a Boolean value.</doc>
<arguments>
<arg>Dictionary Should Contain Key</arg>
<arg>${connection_args}</arg>
<arg>port</arg>
</arguments>
<assign>
<var>${has_port}</var>
</assign>
<kw name="Dictionary Should Contain Key" library="Collections">
<doc>Fails if ``key`` is not found from ``dictionary``.</doc>
<arguments>
<arg>${connection_args}</arg>
<arg>port</arg>
</arguments>
<msg timestamp="20170629 21:45:36.056" level="FAIL">Dictionary does not contain key 'port'.</msg>
<status status="FAIL" endtime="20170629 21:45:36.056" starttime="20170629 21:45:36.056"></status>
</kw>
<msg timestamp="20170629 21:45:36.057" level="INFO">${has_port} = False</msg>
<status status="PASS" endtime="20170629 21:45:36.057" starttime="20170629 21:45:36.056"></status>
</kw>
<kw name="Run Keyword If" library="BuiltIn">
<doc>Runs the given keyword with the given arguments, if ``condition`` is true.</doc>
<arguments>
<arg>'${SSH_PORT}' != '${EMPTY}' and ${has_port} == ${FALSE}</arg>
<arg>Run Keywords</arg>
<arg>Set To Dictionary</arg>
<arg>${connection_args}</arg>
<arg>port=${SSH_PORT}</arg>
<arg>AND</arg>
<arg>SSHLibrary.Open connection</arg>
<arg>&amp;{connection_args}</arg>
<arg>ELSE</arg>
<arg>Run Keyword</arg>
<arg>SSHLibrary.Open connection</arg>
<arg>&amp;{connection_args}</arg>
</arguments>
<kw name="Run Keywords" library="BuiltIn">
<doc>Executes all the given keywords in a sequence.</doc>
<arguments>
<arg>Set To Dictionary</arg>
<arg>${connection_args}</arg>
<arg>port=${SSH_PORT}</arg>
<arg>AND</arg>
<arg>SSHLibrary.Open connection</arg>
<arg>&amp;{connection_args}</arg>
</arguments>
<kw name="Set To Dictionary" library="Collections">
<doc>Adds the given ``key_value_pairs`` and ``items`` to the ``dictionary``.</doc>
<arguments>
<arg>${connection_args}</arg>
<arg>port=${SSH_PORT}</arg>
</arguments>
<status status="PASS" endtime="20170629 21:45:36.058" starttime="20170629 21:45:36.058"></status>
</kw>
<kw name="Open Connection" library="SSHLibrary">
<doc>Opens a new SSH connection to the given `host` and `port`.</doc>
<arguments>
<arg>&amp;{connection_args}</arg>
</arguments>
<status status="PASS" endtime="20170629 21:45:36.059" starttime="20170629 21:45:36.058"></status>
</kw>
<status status="PASS" endtime="20170629 21:45:36.059" starttime="20170629 21:45:36.057"></status>
</kw>
<status status="PASS" endtime="20170629 21:45:36.059" starttime="20170629 21:45:36.057"></status>
</kw>
<kw name="Login" library="SSHLibrary">
<doc>Logs into the SSH server with the given `username` and `password`.</doc>
<arguments>
<arg>${username}</arg>
<arg>${password}</arg>
</arguments>
<msg timestamp="20170629 21:45:36.059" level="INFO">Logging into '9.3.86.161:22' as 'root'.</msg>
<msg timestamp="20170629 21:45:37.850" level="INFO">Read output: root@witherspoon:~#</msg>
<status status="PASS" endtime="20170629 21:45:37.851" starttime="20170629 21:45:36.059"></status>
</kw>
<status status="PASS" endtime="20170629 21:45:37.851" starttime="20170629 21:45:36.049"></status>
</kw>
<kw name="Run Keyword And Ignore Error" library="BuiltIn">
<doc>Runs the given keyword with the given arguments and ignores possible error.</doc>
<arguments>
<arg>Log BMC Driver Details</arg>
</arguments>
<kw name="Log BMC Driver Details">
<doc>Get BMC driver details and log.</doc>
<kw name="Execute Command" library="SSHLibrary">
<doc>Executes `command` on the remote machine and returns its outputs.</doc>
<arguments>
<arg>${DRIVER_CMD}</arg>
<arg>return_stderr=True</arg>
</arguments>
<assign>
<var>${output}</var>
<var>${stderr}</var>
</assign>
<msg timestamp="20170629 21:45:37.852" level="INFO">Executing command 'cat /etc/os-release | grep ^VERSION_ID='.</msg>
<msg timestamp="20170629 21:45:37.930" level="INFO">Command exited with return code 0.</msg>
<msg timestamp="20170629 21:45:37.930" level="INFO">${output} = VERSION_ID="v1.99.7-68-g9a12da1"</msg>
<msg timestamp="20170629 21:45:37.930" level="INFO">${stderr} = </msg>
<status status="PASS" endtime="20170629 21:45:37.930" starttime="20170629 21:45:37.852"></status>
</kw>
<kw name="Should Be Empty" library="BuiltIn">
<doc>Verifies that the given item is empty.</doc>
<arguments>
<arg>${stderr}</arg>
</arguments>
<msg timestamp="20170629 21:45:37.931" level="INFO">Length is 0</msg>
<status status="PASS" endtime="20170629 21:45:37.931" starttime="20170629 21:45:37.931"></status>
</kw>
<kw name="Log" library="BuiltIn">
<doc>Logs the given message with the given level.</doc>
<arguments>
<arg>${output}</arg>
</arguments>
<msg timestamp="20170629 21:45:37.931" level="INFO">VERSION_ID="v1.99.7-68-g9a12da1"</msg>
<status status="PASS" endtime="20170629 21:45:37.931" starttime="20170629 21:45:37.931"></status>
</kw>
<status status="PASS" endtime="20170629 21:45:37.932" starttime="20170629 21:45:37.852"></status>
</kw>
<status status="PASS" endtime="20170629 21:45:37.932" starttime="20170629 21:45:37.851"></status>
</kw>
<kw name="Run Keyword And Ignore Error" library="BuiltIn">
<doc>Runs the given keyword with the given arguments and ignores possible error.</doc>
<arguments>
<arg>Log PNOR Driver Details</arg>
</arguments>
<kw name="Log PNOR Driver Details">
<doc>Get PNOR driver details and log.</doc>
<kw name="Execute Command On BMC" library="utils">
<doc>Execute given command on BMC and return output.</doc>
<arguments>
<arg>${PNOR_CMD}</arg>
</arguments>
<assign>
<var>${pnor_details}</var>
</assign>
<kw name="Execute Command" library="SSHLibrary">
<doc>Executes `command` on the remote machine and returns its outputs.</doc>
<arguments>
<arg>${command}</arg>
<arg>return_stderr=True</arg>
</arguments>
<assign>
<var>${stdout}</var>
<var>${stderr}</var>
</assign>
<msg timestamp="20170629 21:45:37.933" level="INFO">Executing command '/usr/sbin/pflash -r /tmp/out.txt -P VERSION; cat /tmp/out.txt'.</msg>
<msg timestamp="20170629 21:45:38.069" level="INFO">Command exited with return code 0.</msg>
<msg timestamp="20170629 21:45:38.069" level="INFO">${stdout} = Reading to "/tmp/out.txt" from 0x02820000..0x02821000 !
[                                                  ] 0%[==================================================] 100%
open-power-witherspoon-v1.17-...</msg>
<msg timestamp="20170629 21:45:38.069" level="INFO">${stderr} = </msg>
<status status="PASS" endtime="20170629 21:45:38.069" starttime="20170629 21:45:37.933"></status>
</kw>
<kw name="Should Be Empty" library="BuiltIn">
<doc>Verifies that the given item is empty.</doc>
<arguments>
<arg>${stderr}</arg>
</arguments>
<msg timestamp="20170629 21:45:38.070" level="INFO">Length is 0</msg>
<status status="PASS" endtime="20170629 21:45:38.070" starttime="20170629 21:45:38.069"></status>
</kw>
<msg timestamp="20170629 21:45:38.070" level="INFO">${pnor_details} = Reading to "/tmp/out.txt" from 0x02820000..0x02821000 !
[                                                  ] 0%[==================================================] 100%
open-power-witherspoon-v1.17-...</msg>
<status status="PASS" endtime="20170629 21:45:38.070" starttime="20170629 21:45:37.932"></status>
</kw>
<kw name="Log" library="BuiltIn">
<doc>Logs the given message with the given level.</doc>
<arguments>
<arg>PNOR_INFO=${pnor_details}</arg>
</arguments>
<msg timestamp="20170629 21:45:38.070" level="INFO">PNOR_INFO=Reading to "/tmp/out.txt" from 0x02820000..0x02821000 !
[                                                  ] 0%[==================================================] 100%
open-power-witherspoon-v1.17-105-gf736aad-dirty
	buildroot-2017.02.2-7-g23118ce
	skiboot-5.6.0-158-ga1e0a047b2a0
	hostboot-site_local-hostboot-hb0507a_1519.840-4189-gd3b102b
	linux-4.11.6-openpower1-p1c63872
	petitboot-v1.4.3-p9f74a13
	machine-xml-5b59a1d
	occ-1dc97a6
	hostboot-binaries-711147e
	capp-ucode-9c73e9f
	sbe-02021c6
</msg>
<status status="PASS" endtime="20170629 21:45:38.071" starttime="20170629 21:45:38.070"></status>
</kw>
<status status="PASS" endtime="20170629 21:45:38.071" starttime="20170629 21:45:37.932"></status>
</kw>
<status status="PASS" endtime="20170629 21:45:38.072" starttime="20170629 21:45:37.932"></status>
</kw>
<kw name="Run Keyword And Ignore Error" library="BuiltIn">
<doc>Runs the given keyword with the given arguments and ignores possible error.</doc>
<arguments>
<arg>Log BMC Model</arg>
</arguments>
<kw name="Log BMC Model">
<doc>Fetch BMC Model name from system and log.</doc>
<kw name="Get BMC System Model" library="utils">
<doc>Get the BMC model from the device tree.</doc>
<assign>
<var>${bmc_model}</var>
</assign>
<kw name="Open Connection And Log In" library="connection_client">
<doc>Opens a connection with the given arguments, and logs in.</doc>
<kw name="Run Keyword And Return Status" library="BuiltIn">
<doc>Runs the given keyword with given arguments and returns the status as a Boolean value.</doc>
<arguments>
<arg>Dictionary Should Contain Key</arg>
<arg>${connection_args}</arg>
<arg>host</arg>
</arguments>
<assign>
<var>${has_host}</var>
</assign>
<kw name="Dictionary Should Contain Key" library="Collections">
<doc>Fails if ``key`` is not found from ``dictionary``.</doc>
<arguments>
<arg>${connection_args}</arg>
<arg>host</arg>
</arguments>
<msg timestamp="20170629 21:45:38.074" level="FAIL">Dictionary does not contain key 'host'.</msg>
<status status="FAIL" endtime="20170629 21:45:38.074" starttime="20170629 21:45:38.074"></status>
</kw>
<msg timestamp="20170629 21:45:38.074" level="INFO">${has_host} = False</msg>
<status status="PASS" endtime="20170629 21:45:38.074" starttime="20170629 21:45:38.073"></status>
</kw>
<kw name="Run Keyword If" library="BuiltIn">
<doc>Runs the given keyword with the given arguments, if ``condition`` is true.</doc>
<arguments>
<arg>${has_host} == ${FALSE}</arg>
<arg>Set To Dictionary</arg>
<arg>${connection_args}</arg>
<arg>host=${OPENBMC_HOST}</arg>
</arguments>
<kw name="Set To Dictionary" library="Collections">
<doc>Adds the given ``key_value_pairs`` and ``items`` to the ``dictionary``.</doc>
<arguments>
<arg>${connection_args}</arg>
<arg>host=${OPENBMC_HOST}</arg>
</arguments>
<status status="PASS" endtime="20170629 21:45:38.075" starttime="20170629 21:45:38.075"></status>
</kw>
<status status="PASS" endtime="20170629 21:45:38.075" starttime="20170629 21:45:38.074"></status>
</kw>
<kw name="Run Keyword If" library="BuiltIn">
<doc>Runs the given keyword with the given arguments, if ``condition`` is true.</doc>
<arguments>
<arg>'${SSH_PORT}' != '${EMPTY}' and '${HTTPS_PORT}' != '${EMPTY}'</arg>
<arg>User input SSH and HTTPs Ports</arg>
</arguments>
<kw name="User input SSH and HTTPs Ports" library="connection_client">
<doc>Update the global SSH and HTTPs port variable for QEMU</doc>
<kw name="Convert To Integer" library="BuiltIn">
<doc>Converts the given item to an integer number.</doc>
<arguments>
<arg>${SSH_PORT}</arg>
</arguments>
<assign>
<var>${port_num}</var>
</assign>
<msg timestamp="20170629 21:45:38.077" level="INFO">${port_num} = 22</msg>
<status status="PASS" endtime="20170629 21:45:38.077" starttime="20170629 21:45:38.077"></status>
</kw>
<kw name="Replace Variables" library="BuiltIn">
<doc>Replaces variables in the given text with their current values.</doc>
<arguments>
<arg>${port_num}</arg>
</arguments>
<assign>
<var>${SSH_PORT}</var>
</assign>
<msg timestamp="20170629 21:45:38.077" level="INFO">${SSH_PORT} = 22</msg>
<status status="PASS" endtime="20170629 21:45:38.077" starttime="20170629 21:45:38.077"></status>
</kw>
<kw name="Convert To Integer" library="BuiltIn">
<doc>Converts the given item to an integer number.</doc>
<arguments>
<arg>${HTTPS_PORT}</arg>
</arguments>
<assign>
<var>${https_num}</var>
</assign>
<msg timestamp="20170629 21:45:38.078" level="INFO">${https_num} = 443</msg>
<status status="PASS" endtime="20170629 21:45:38.078" starttime="20170629 21:45:38.078"></status>
</kw>
<kw name="Set Global Variable" library="BuiltIn">
<doc>Makes a variable available globally in all tests and suites.</doc>
<arguments>
<arg>${AUTH_URI}</arg>
<arg>https://${OPENBMC_HOST}:${https_num}</arg>
</arguments>
<msg timestamp="20170629 21:45:38.079" level="INFO">${AUTH_URI} = https://9.3.86.161:443</msg>
<status status="PASS" endtime="20170629 21:45:38.079" starttime="20170629 21:45:38.078"></status>
</kw>
<status status="PASS" endtime="20170629 21:45:38.079" starttime="20170629 21:45:38.076"></status>
</kw>
<status status="PASS" endtime="20170629 21:45:38.079" starttime="20170629 21:45:38.076"></status>
</kw>
<kw name="Run Keyword And Return Status" library="BuiltIn">
<doc>Runs the given keyword with given arguments and returns the status as a Boolean value.</doc>
<arguments>
<arg>Dictionary Should Contain Key</arg>
<arg>${connection_args}</arg>
<arg>port</arg>
</arguments>
<assign>
<var>${has_port}</var>
</assign>
<kw name="Dictionary Should Contain Key" library="Collections">
<doc>Fails if ``key`` is not found from ``dictionary``.</doc>
<arguments>
<arg>${connection_args}</arg>
<arg>port</arg>
</arguments>
<msg timestamp="20170629 21:45:38.080" level="FAIL">Dictionary does not contain key 'port'.</msg>
<status status="FAIL" endtime="20170629 21:45:38.080" starttime="20170629 21:45:38.080"></status>
</kw>
<msg timestamp="20170629 21:45:38.080" level="INFO">${has_port} = False</msg>
<status status="PASS" endtime="20170629 21:45:38.080" starttime="20170629 21:45:38.079"></status>
</kw>
<kw name="Run Keyword If" library="BuiltIn">
<doc>Runs the given keyword with the given arguments, if ``condition`` is true.</doc>
<arguments>
<arg>'${SSH_PORT}' != '${EMPTY}' and ${has_port} == ${FALSE}</arg>
<arg>Run Keywords</arg>
<arg>Set To Dictionary</arg>
<arg>${connection_args}</arg>
<arg>port=${SSH_PORT}</arg>
<arg>AND</arg>
<arg>SSHLibrary.Open connection</arg>
<arg>&amp;{connection_args}</arg>
<arg>ELSE</arg>
<arg>Run Keyword</arg>
<arg>SSHLibrary.Open connection</arg>
<arg>&amp;{connection_args}</arg>
</arguments>
<kw name="Run Keywords" library="BuiltIn">
<doc>Executes all the given keywords in a sequence.</doc>
<arguments>
<arg>Set To Dictionary</arg>
<arg>${connection_args}</arg>
<arg>port=${SSH_PORT}</arg>
<arg>AND</arg>
<arg>SSHLibrary.Open connection</arg>
<arg>&amp;{connection_args}</arg>
</arguments>
<kw name="Set To Dictionary" library="Collections">
<doc>Adds the given ``key_value_pairs`` and ``items`` to the ``dictionary``.</doc>
<arguments>
<arg>${connection_args}</arg>
<arg>port=${SSH_PORT}</arg>
</arguments>
<status status="PASS" endtime="20170629 21:45:38.082" starttime="20170629 21:45:38.082"></status>
</kw>
<kw name="Open Connection" library="SSHLibrary">
<doc>Opens a new SSH connection to the given `host` and `port`.</doc>
<arguments>
<arg>&amp;{connection_args}</arg>
</arguments>
<status status="PASS" endtime="20170629 21:45:38.082" starttime="20170629 21:45:38.082"></status>
</kw>
<status status="PASS" endtime="20170629 21:45:38.083" starttime="20170629 21:45:38.081"></status>
</kw>
<status status="PASS" endtime="20170629 21:45:38.083" starttime="20170629 21:45:38.081"></status>
</kw>
<kw name="Login" library="SSHLibrary">
<doc>Logs into the SSH server with the given `username` and `password`.</doc>
<arguments>
<arg>${username}</arg>
<arg>${password}</arg>
</arguments>
<msg timestamp="20170629 21:45:38.083" level="INFO">Logging into '9.3.86.161:22' as 'root'.</msg>
<msg timestamp="20170629 21:45:39.861" level="INFO">Read output: root@witherspoon:~#</msg>
<status status="PASS" endtime="20170629 21:45:39.861" starttime="20170629 21:45:38.083"></status>
</kw>
<status status="PASS" endtime="20170629 21:45:39.861" starttime="20170629 21:45:38.073"></status>
</kw>
<kw name="Execute Command" library="SSHLibrary">
<doc>Executes `command` on the remote machine and returns its outputs.</doc>
<arguments>
<arg>cat ${devicetree_base} | cut -d " " -f 1</arg>
<arg>return_stderr=True</arg>
</arguments>
<assign>
<var>${bmc_model}</var>
<var>${stderr}</var>
</assign>
<msg timestamp="20170629 21:45:39.862" level="INFO">Executing command 'cat /sys/firmware/devicetree/base/model | cut -d " " -f 1'.</msg>
<msg timestamp="20170629 21:45:39.939" level="INFO">Command exited with return code 0.</msg>
<msg timestamp="20170629 21:45:39.939" level="INFO">${bmc_model} = Witherspoon</msg>
<msg timestamp="20170629 21:45:39.939" level="INFO">${stderr} = </msg>
<status status="PASS" endtime="20170629 21:45:39.939" starttime="20170629 21:45:39.862"></status>
</kw>
<kw name="Should Be Empty" library="BuiltIn">
<doc>Verifies that the given item is empty.</doc>
<arguments>
<arg>${stderr}</arg>
</arguments>
<msg timestamp="20170629 21:45:39.939" level="INFO">Length is 0</msg>
<status status="PASS" endtime="20170629 21:45:39.939" starttime="20170629 21:45:39.939"></status>
</kw>
<kw name="Should Not Be Empty" library="BuiltIn">
<doc>Verifies that the given item is not empty.</doc>
<arguments>
<arg>${bmc_model}</arg>
</arguments>
<msg timestamp="20170629 21:45:39.940" level="INFO">Length is 11</msg>
<status status="PASS" endtime="20170629 21:45:39.940" starttime="20170629 21:45:39.940"></status>
</kw>
<msg timestamp="20170629 21:45:39.940" level="INFO">${bmc_model} = Witherspoon</msg>
<status status="PASS" endtime="20170629 21:45:39.940" starttime="20170629 21:45:38.072"></status>
</kw>
<kw name="Log" library="BuiltIn">
<doc>Logs the given message with the given level.</doc>
<arguments>
<arg>BMC Model=${bmc_model}</arg>
</arguments>
<msg timestamp="20170629 21:45:39.941" level="INFO">BMC Model=Witherspoon</msg>
<status status="PASS" endtime="20170629 21:45:39.941" starttime="20170629 21:45:39.940"></status>
</kw>
<status status="PASS" endtime="20170629 21:45:39.941" starttime="20170629 21:45:38.072"></status>
</kw>
<status status="PASS" endtime="20170629 21:45:39.941" starttime="20170629 21:45:38.072"></status>
</kw>
<kw name="Run Keyword And Ignore Error" library="BuiltIn">
<doc>Runs the given keyword with the given arguments and ignores possible error.</doc>
<arguments>
<arg>Enable Core Dump On BMC</arg>
</arguments>
<kw name="Enable Core Dump On BMC" library="utils">
<doc>Enable core dump collection.</doc>
<kw name="Open Connection And Log In" library="connection_client">
<doc>Opens a connection with the given arguments, and logs in.</doc>
<kw name="Run Keyword And Return Status" library="BuiltIn">
<doc>Runs the given keyword with given arguments and returns the status as a Boolean value.</doc>
<arguments>
<arg>Dictionary Should Contain Key</arg>
<arg>${connection_args}</arg>
<arg>host</arg>
</arguments>
<assign>
<var>${has_host}</var>
</assign>
<kw name="Dictionary Should Contain Key" library="Collections">
<doc>Fails if ``key`` is not found from ``dictionary``.</doc>
<arguments>
<arg>${connection_args}</arg>
<arg>host</arg>
</arguments>
<msg timestamp="20170629 21:45:39.943" level="FAIL">Dictionary does not contain key 'host'.</msg>
<status status="FAIL" endtime="20170629 21:45:39.943" starttime="20170629 21:45:39.943"></status>
</kw>
<msg timestamp="20170629 21:45:39.943" level="INFO">${has_host} = False</msg>
<status status="PASS" endtime="20170629 21:45:39.943" starttime="20170629 21:45:39.942"></status>
</kw>
<kw name="Run Keyword If" library="BuiltIn">
<doc>Runs the given keyword with the given arguments, if ``condition`` is true.</doc>
<arguments>
<arg>${has_host} == ${FALSE}</arg>
<arg>Set To Dictionary</arg>
<arg>${connection_args}</arg>
<arg>host=${OPENBMC_HOST}</arg>
</arguments>
<kw name="Set To Dictionary" library="Collections">
<doc>Adds the given ``key_value_pairs`` and ``items`` to the ``dictionary``.</doc>
<arguments>
<arg>${connection_args}</arg>
<arg>host=${OPENBMC_HOST}</arg>
</arguments>
<status status="PASS" endtime="20170629 21:45:39.944" starttime="20170629 21:45:39.944"></status>
</kw>
<status status="PASS" endtime="20170629 21:45:39.944" starttime="20170629 21:45:39.943"></status>
</kw>
<kw name="Run Keyword If" library="BuiltIn">
<doc>Runs the given keyword with the given arguments, if ``condition`` is true.</doc>
<arguments>
<arg>'${SSH_PORT}' != '${EMPTY}' and '${HTTPS_PORT}' != '${EMPTY}'</arg>
<arg>User input SSH and HTTPs Ports</arg>
</arguments>
<kw name="User input SSH and HTTPs Ports" library="connection_client">
<doc>Update the global SSH and HTTPs port variable for QEMU</doc>
<kw name="Convert To Integer" library="BuiltIn">
<doc>Converts the given item to an integer number.</doc>
<arguments>
<arg>${SSH_PORT}</arg>
</arguments>
<assign>
<var>${port_num}</var>
</assign>
<msg timestamp="20170629 21:45:39.946" level="INFO">${port_num} = 22</msg>
<status status="PASS" endtime="20170629 21:45:39.946" starttime="20170629 21:45:39.946"></status>
</kw>
<kw name="Replace Variables" library="BuiltIn">
<doc>Replaces variables in the given text with their current values.</doc>
<arguments>
<arg>${port_num}</arg>
</arguments>
<assign>
<var>${SSH_PORT}</var>
</assign>
<msg timestamp="20170629 21:45:39.946" level="INFO">${SSH_PORT} = 22</msg>
<status status="PASS" endtime="20170629 21:45:39.946" starttime="20170629 21:45:39.946"></status>
</kw>
<kw name="Convert To Integer" library="BuiltIn">
<doc>Converts the given item to an integer number.</doc>
<arguments>
<arg>${HTTPS_PORT}</arg>
</arguments>
<assign>
<var>${https_num}</var>
</assign>
<msg timestamp="20170629 21:45:39.947" level="INFO">${https_num} = 443</msg>
<status status="PASS" endtime="20170629 21:45:39.947" starttime="20170629 21:45:39.947"></status>
</kw>
<kw name="Set Global Variable" library="BuiltIn">
<doc>Makes a variable available globally in all tests and suites.</doc>
<arguments>
<arg>${AUTH_URI}</arg>
<arg>https://${OPENBMC_HOST}:${https_num}</arg>
</arguments>
<msg timestamp="20170629 21:45:39.948" level="INFO">${AUTH_URI} = https://9.3.86.161:443</msg>
<status status="PASS" endtime="20170629 21:45:39.948" starttime="20170629 21:45:39.947"></status>
</kw>
<status status="PASS" endtime="20170629 21:45:39.948" starttime="20170629 21:45:39.945"></status>
</kw>
<status status="PASS" endtime="20170629 21:45:39.948" starttime="20170629 21:45:39.944"></status>
</kw>
<kw name="Run Keyword And Return Status" library="BuiltIn">
<doc>Runs the given keyword with given arguments and returns the status as a Boolean value.</doc>
<arguments>
<arg>Dictionary Should Contain Key</arg>
<arg>${connection_args}</arg>
<arg>port</arg>
</arguments>
<assign>
<var>${has_port}</var>
</assign>
<kw name="Dictionary Should Contain Key" library="Collections">
<doc>Fails if ``key`` is not found from ``dictionary``.</doc>
<arguments>
<arg>${connection_args}</arg>
<arg>port</arg>
</arguments>
<msg timestamp="20170629 21:45:39.949" level="FAIL">Dictionary does not contain key 'port'.</msg>
<status status="FAIL" endtime="20170629 21:45:39.949" starttime="20170629 21:45:39.948"></status>
</kw>
<msg timestamp="20170629 21:45:39.949" level="INFO">${has_port} = False</msg>
<status status="PASS" endtime="20170629 21:45:39.949" starttime="20170629 21:45:39.948"></status>
</kw>
<kw name="Run Keyword If" library="BuiltIn">
<doc>Runs the given keyword with the given arguments, if ``condition`` is true.</doc>
<arguments>
<arg>'${SSH_PORT}' != '${EMPTY}' and ${has_port} == ${FALSE}</arg>
<arg>Run Keywords</arg>
<arg>Set To Dictionary</arg>
<arg>${connection_args}</arg>
<arg>port=${SSH_PORT}</arg>
<arg>AND</arg>
<arg>SSHLibrary.Open connection</arg>
<arg>&amp;{connection_args}</arg>
<arg>ELSE</arg>
<arg>Run Keyword</arg>
<arg>SSHLibrary.Open connection</arg>
<arg>&amp;{connection_args}</arg>
</arguments>
<kw name="Run Keywords" library="BuiltIn">
<doc>Executes all the given keywords in a sequence.</doc>
<arguments>
<arg>Set To Dictionary</arg>
<arg>${connection_args}</arg>
<arg>port=${SSH_PORT}</arg>
<arg>AND</arg>
<arg>SSHLibrary.Open connection</arg>
<arg>&amp;{connection_args}</arg>
</arguments>
<kw name="Set To Dictionary" library="Collections">
<doc>Adds the given ``key_value_pairs`` and ``items`` to the ``dictionary``.</doc>
<arguments>
<arg>${connection_args}</arg>
<arg>port=${SSH_PORT}</arg>
</arguments>
<status status="PASS" endtime="20170629 21:45:39.951" starttime="20170629 21:45:39.950"></status>
</kw>
<kw name="Open Connection" library="SSHLibrary">
<doc>Opens a new SSH connection to the given `host` and `port`.</doc>
<arguments>
<arg>&amp;{connection_args}</arg>
</arguments>
<status status="PASS" endtime="20170629 21:45:39.951" starttime="20170629 21:45:39.951"></status>
</kw>
<status status="PASS" endtime="20170629 21:45:39.951" starttime="20170629 21:45:39.950"></status>
</kw>
<status status="PASS" endtime="20170629 21:45:39.951" starttime="20170629 21:45:39.949"></status>
</kw>
<kw name="Login" library="SSHLibrary">
<doc>Logs into the SSH server with the given `username` and `password`.</doc>
<arguments>
<arg>${username}</arg>
<arg>${password}</arg>
</arguments>
<msg timestamp="20170629 21:45:39.952" level="INFO">Logging into '9.3.86.161:22' as 'root'.</msg>
<msg timestamp="20170629 21:45:41.597" level="INFO">Read output: root@witherspoon:~#</msg>
<status status="PASS" endtime="20170629 21:45:41.598" starttime="20170629 21:45:39.952"></status>
</kw>
<status status="PASS" endtime="20170629 21:45:41.598" starttime="20170629 21:45:39.942"></status>
</kw>
<kw name="Execute Command On BMC" library="utils">
<doc>Execute given command on BMC and return output.</doc>
<arguments>
<arg>echo '/tmp/core_%e.%p' | tee /proc/sys/kernel/core_pattern</arg>
</arguments>
<assign>
<var>${core_pattern}</var>
</assign>
<kw name="Execute Command" library="SSHLibrary">
<doc>Executes `command` on the remote machine and returns its outputs.</doc>
<arguments>
<arg>${command}</arg>
<arg>return_stderr=True</arg>
</arguments>
<assign>
<var>${stdout}</var>
<var>${stderr}</var>
</assign>
<msg timestamp="20170629 21:45:41.599" level="INFO">Executing command 'echo '/tmp/core_%e.%p' | tee /proc/sys/kernel/core_pattern'.</msg>
<msg timestamp="20170629 21:45:41.675" level="INFO">Command exited with return code 0.</msg>
<msg timestamp="20170629 21:45:41.675" level="INFO">${stdout} = /tmp/core_%e.%p</msg>
<msg timestamp="20170629 21:45:41.676" level="INFO">${stderr} = </msg>
<status status="PASS" endtime="20170629 21:45:41.676" starttime="20170629 21:45:41.598"></status>
</kw>
<kw name="Should Be Empty" library="BuiltIn">
<doc>Verifies that the given item is empty.</doc>
<arguments>
<arg>${stderr}</arg>
</arguments>
<msg timestamp="20170629 21:45:41.676" level="INFO">Length is 0</msg>
<status status="PASS" endtime="20170629 21:45:41.676" starttime="20170629 21:45:41.676"></status>
</kw>
<msg timestamp="20170629 21:45:41.676" level="INFO">${core_pattern} = /tmp/core_%e.%p</msg>
<status status="PASS" endtime="20170629 21:45:41.676" starttime="20170629 21:45:41.598"></status>
</kw>
<kw name="Should Be Equal As Strings" library="BuiltIn">
<doc>Fails if objects are unequal after converting them to strings.</doc>
<arguments>
<arg>${core_pattern}</arg>
<arg>/tmp/core_%e.%p</arg>
</arguments>
<status status="PASS" endtime="20170629 21:45:41.677" starttime="20170629 21:45:41.677"></status>
</kw>
<status status="PASS" endtime="20170629 21:45:41.677" starttime="20170629 21:45:39.941"></status>
</kw>
<status status="PASS" endtime="20170629 21:45:41.677" starttime="20170629 21:45:39.941"></status>
</kw>
<kw name="Run Keyword If" library="BuiltIn">
<doc>Runs the given keyword with the given arguments, if ``condition`` is true.</doc>
<arguments>
<arg>'${DEBUG_TARBALL_PATH}' != '${EMPTY}'</arg>
<arg>Run Keyword And Ignore Error</arg>
<arg>Install Debug Tarball On BMC</arg>
<arg>${DEBUG_TARBALL_PATH}</arg>
</arguments>
<status status="PASS" endtime="20170629 21:45:41.678" starttime="20170629 21:45:41.677"></status>
</kw>
<status status="PASS" endtime="20170629 21:45:41.678" starttime="20170629 21:45:36.049"></status>
</kw>
<suite id="s1-s1" source="/tmp/fspcibld/31264/obmc-robot/tests/security" name="Security">
<suite id="s1-s1-s1" source="/tmp/fspcibld/31264/obmc-robot/tests/security/test_ssl.robot" name="Test Ssl">
<test id="s1-s1-s1-t1" name="Test SSL Connection">
<kw name="Initialize OpenBMC" library="rest_client">
<kw name="Wait Until Keyword Succeeds" library="BuiltIn">
<doc>Runs the specified keyword and retries if it fails.</doc>
<arguments>
<arg>40 sec</arg>
<arg>20 sec</arg>
<arg>Post Login Request</arg>
<arg>${timeout}</arg>
<arg>${quiet}</arg>
</arguments>
<kw name="Post Login Request" library="rest_client">
<arguments>
<arg>${timeout}</arg>
<arg>${quiet}</arg>
</arguments>
<kw name="Create Session" library="RequestsLibrary.RequestsKeywords">
<doc>Create Session: create a HTTP session to a server</doc>
<arguments>
<arg>openbmc</arg>
<arg>${AUTH_URI}</arg>
<arg>timeout=${timeout}</arg>
<arg>max_retries=3</arg>
</arguments>
<msg timestamp="20170629 21:45:41.758" level="INFO">Creating Session using : alias=openbmc, url=https://9.3.86.161:443, headers={},                     cookies=None, auth=None, timeout=20, proxies=None, verify=False,                     debug=0 </msg>
<status status="PASS" endtime="20170629 21:45:41.759" starttime="20170629 21:45:41.758"></status>
</kw>
<kw name="Create Dictionary" library="BuiltIn">
<doc>Creates and returns a dictionary based on the given ``items``.</doc>
<arguments>
<arg>Content-Type=application/json</arg>
</arguments>
<assign>
<var>${headers}</var>
</assign>
<msg timestamp="20170629 21:45:41.760" level="INFO">${headers} = {u'Content-Type': u'application/json'}</msg>
<status status="PASS" endtime="20170629 21:45:41.760" starttime="20170629 21:45:41.759"></status>
</kw>
<kw name="Create List" library="BuiltIn">
<doc>Returns a list containing given items.</doc>
<arguments>
<arg>${OPENBMC_USERNAME}</arg>
<arg>${OPENBMC_PASSWORD}</arg>
</arguments>
<assign>
<var>@{credentials}</var>
</assign>
<msg timestamp="20170629 21:45:41.760" level="INFO">@{credentials} = [ root | 0penBmc ]</msg>
<status status="PASS" endtime="20170629 21:45:41.760" starttime="20170629 21:45:41.760"></status>
</kw>
<kw name="Create Dictionary" library="BuiltIn">
<doc>Creates and returns a dictionary based on the given ``items``.</doc>
<arguments>
<arg>data=@{credentials}</arg>
</arguments>
<assign>
<var>${data}</var>
</assign>
<msg timestamp="20170629 21:45:41.761" level="INFO">${data} = {u'data': [u'root', u'0penBmc']}</msg>
<status status="PASS" endtime="20170629 21:45:41.761" starttime="20170629 21:45:41.761"></status>
</kw>
<kw name="Run Keyword And Ignore Error" library="BuiltIn">
<doc>Runs the given keyword with the given arguments and ignores possible error.</doc>
<arguments>
<arg>Post Request</arg>
<arg>openbmc</arg>
<arg>/login</arg>
<arg>data=${data}</arg>
<arg>headers=${headers}</arg>
</arguments>
<assign>
<var>${status}</var>
<var>${resp}</var>
</assign>
<kw name="Post Request" library="RequestsLibrary.RequestsKeywords">
<doc>Send a POST request on the session object found using the</doc>
<arguments>
<arg>openbmc</arg>
<arg>/login</arg>
<arg>data=${data}</arg>
<arg>headers=${headers}</arg>
</arguments>
<msg timestamp="20170629 21:45:42.055" level="INFO">Post Request using : alias=openbmc, uri=/login, data={"data": ["root", "0penBmc"]}, headers={u'Content-Type': u'application/json'}, files=None, allow_redirects=True </msg>
<status status="PASS" endtime="20170629 21:45:42.055" starttime="20170629 21:45:41.762"></status>
</kw>
<msg timestamp="20170629 21:45:42.055" level="INFO">${status} = PASS</msg>
<msg timestamp="20170629 21:45:42.055" level="INFO">${resp} = &lt;Response [200]&gt;</msg>
<status status="PASS" endtime="20170629 21:45:42.056" starttime="20170629 21:45:41.761"></status>
</kw>
<kw name="Should Be Equal" library="BuiltIn">
<doc>Fails if the given objects are unequal.</doc>
<arguments>
<arg>${status}</arg>
<arg>PASS</arg>
<arg>msg=${resp}</arg>
</arguments>
<msg timestamp="20170629 21:45:42.056" level="INFO">Argument types are:
&lt;type 'str'&gt;
&lt;type 'unicode'&gt;</msg>
<status status="PASS" endtime="20170629 21:45:42.056" starttime="20170629 21:45:42.056"></status>
</kw>
<kw name="Should Be Equal As Strings" library="BuiltIn">
<doc>Fails if objects are unequal after converting them to strings.</doc>
<arguments>
<arg>${resp.status_code}</arg>
<arg>${HTTP_OK}</arg>
</arguments>
<msg timestamp="20170629 21:45:42.057" level="INFO">Argument types are:
&lt;type 'int'&gt;
&lt;type 'unicode'&gt;</msg>
<status status="PASS" endtime="20170629 21:45:42.057" starttime="20170629 21:45:42.057"></status>
</kw>
<status status="PASS" endtime="20170629 21:45:42.057" starttime="20170629 21:45:41.758"></status>
</kw>
<status status="PASS" endtime="20170629 21:45:42.057" starttime="20170629 21:45:41.757"></status>
</kw>
<status status="PASS" endtime="20170629 21:45:42.057" starttime="20170629 21:45:41.757"></status>
</kw>
<kw name="FFDC On Test Case Fail" library="openbmc_ffdc" type="teardown">
<doc>Generic FFDC entry point. Place holder to hook in</doc>
<kw name="Is Host Quiesced" library="state_manager">
<doc>Check if host state is quiesced.</doc>
<assign>
<var>${status}</var>
</assign>
<kw name="Get Host State" library="state_manager">
<doc>Return the state of the host as a string.</doc>
<assign>
<var>${host_state}</var>
</assign>
<kw name="Read Attribute" library="rest_client">
<arguments>
<arg>${HOST_STATE_URI}</arg>
<arg>CurrentHostState</arg>
<arg>quiet=${quiet}</arg>
</arguments>
<assign>
<var>${state}</var>
</assign>
<kw name="OpenBMC Get Request" library="rest_client">
<arguments>
<arg>${uri}/attr/${attr}</arg>
<arg>timeout=${timeout}</arg>
<arg>quiet=${quiet}</arg>
</arguments>
<assign>
<var>${resp}</var>
</assign>
<kw name="Initialize OpenBMC" library="rest_client">
<arguments>
<arg>${timeout}</arg>
<arg>quiet=${quiet}</arg>
</arguments>
<kw name="Wait Until Keyword Succeeds" library="BuiltIn">
<doc>Runs the specified keyword and retries if it fails.</doc>
<arguments>
<arg>40 sec</arg>
<arg>20 sec</arg>
<arg>Post Login Request</arg>
<arg>${timeout}</arg>
<arg>${quiet}</arg>
</arguments>
<kw name="Post Login Request" library="rest_client">
<arguments>
<arg>${timeout}</arg>
<arg>${quiet}</arg>
</arguments>
<kw name="Create Session" library="RequestsLibrary.RequestsKeywords">
<doc>Create Session: create a HTTP session to a server</doc>
<arguments>
<arg>openbmc</arg>
<arg>${AUTH_URI}</arg>
<arg>timeout=${timeout}</arg>
<arg>max_retries=3</arg>
</arguments>
<msg timestamp="20170629 21:45:42.062" level="INFO">Creating Session using : alias=openbmc, url=https://9.3.86.161:443, headers={},                     cookies=None, auth=None, timeout=10, proxies=None, verify=False,                     debug=0 </msg>
<status status="PASS" endtime="20170629 21:45:42.063" starttime="20170629 21:45:42.062"></status>
</kw>
<kw name="Create Dictionary" library="BuiltIn">
<doc>Creates and returns a dictionary based on the given ``items``.</doc>
<arguments>
<arg>Content-Type=application/json</arg>
</arguments>
<assign>
<var>${headers}</var>
</assign>
<msg timestamp="20170629 21:45:42.063" level="INFO">${headers} = {u'Content-Type': u'application/json'}</msg>
<status status="PASS" endtime="20170629 21:45:42.063" starttime="20170629 21:45:42.063"></status>
</kw>
<kw name="Create List" library="BuiltIn">
<doc>Returns a list containing given items.</doc>
<arguments>
<arg>${OPENBMC_USERNAME}</arg>
<arg>${OPENBMC_PASSWORD}</arg>
</arguments>
<assign>
<var>@{credentials}</var>
</assign>
<msg timestamp="20170629 21:45:42.064" level="INFO">@{credentials} = [ root | 0penBmc ]</msg>
<status status="PASS" endtime="20170629 21:45:42.064" starttime="20170629 21:45:42.063"></status>
</kw>
<kw name="Create Dictionary" library="BuiltIn">
<doc>Creates and returns a dictionary based on the given ``items``.</doc>
<arguments>
<arg>data=@{credentials}</arg>
</arguments>
<assign>
<var>${data}</var>
</assign>
<msg timestamp="20170629 21:45:42.064" level="INFO">${data} = {u'data': [u'root', u'0penBmc']}</msg>
<status status="PASS" endtime="20170629 21:45:42.064" starttime="20170629 21:45:42.064"></status>
</kw>
<kw name="Run Keyword And Ignore Error" library="BuiltIn">
<doc>Runs the given keyword with the given arguments and ignores possible error.</doc>
<arguments>
<arg>Post Request</arg>
<arg>openbmc</arg>
<arg>/login</arg>
<arg>data=${data}</arg>
<arg>headers=${headers}</arg>
</arguments>
<assign>
<var>${status}</var>
<var>${resp}</var>
</assign>
<kw name="Post Request" library="RequestsLibrary.RequestsKeywords">
<doc>Send a POST request on the session object found using the</doc>
<arguments>
<arg>openbmc</arg>
<arg>/login</arg>
<arg>data=${data}</arg>
<arg>headers=${headers}</arg>
</arguments>
<msg timestamp="20170629 21:45:42.241" level="INFO">Post Request using : alias=openbmc, uri=/login, data={"data": ["root", "0penBmc"]}, headers={u'Content-Type': u'application/json'}, files=None, allow_redirects=True </msg>
<status status="PASS" endtime="20170629 21:45:42.241" starttime="20170629 21:45:42.065"></status>
</kw>
<msg timestamp="20170629 21:45:42.241" level="INFO">${status} = PASS</msg>
<msg timestamp="20170629 21:45:42.241" level="INFO">${resp} = &lt;Response [200]&gt;</msg>
<status status="PASS" endtime="20170629 21:45:42.241" starttime="20170629 21:45:42.065"></status>
</kw>
<kw name="Should Be Equal" library="BuiltIn">
<doc>Fails if the given objects are unequal.</doc>
<arguments>
<arg>${status}</arg>
<arg>PASS</arg>
<arg>msg=${resp}</arg>
</arguments>
<msg timestamp="20170629 21:45:42.242" level="INFO">Argument types are:
&lt;type 'str'&gt;
&lt;type 'unicode'&gt;</msg>
<status status="PASS" endtime="20170629 21:45:42.242" starttime="20170629 21:45:42.241"></status>
</kw>
<kw name="Should Be Equal As Strings" library="BuiltIn">
<doc>Fails if objects are unequal after converting them to strings.</doc>
<arguments>
<arg>${resp.status_code}</arg>
<arg>${HTTP_OK}</arg>
</arguments>
<msg timestamp="20170629 21:45:42.242" level="INFO">Argument types are:
&lt;type 'int'&gt;
&lt;type 'unicode'&gt;</msg>
<status status="PASS" endtime="20170629 21:45:42.242" starttime="20170629 21:45:42.242"></status>
</kw>
<status status="PASS" endtime="20170629 21:45:42.243" starttime="20170629 21:45:42.061"></status>
</kw>
<status status="PASS" endtime="20170629 21:45:42.243" starttime="20170629 21:45:42.061"></status>
</kw>
<status status="PASS" endtime="20170629 21:45:42.243" starttime="20170629 21:45:42.060"></status>
</kw>
<kw name="Catenate" library="BuiltIn">
<doc>Catenates the given items together and returns the resulted string.</doc>
<arguments>
<arg>SEPARATOR=</arg>
<arg>${DBUS_PREFIX}</arg>
<arg>${uri}</arg>
</arguments>
<assign>
<var>${base_uri}</var>
</assign>
<msg timestamp="20170629 21:45:42.243" level="INFO">${base_uri} = /xyz/openbmc_project/state/host0//attr/CurrentHostState</msg>
<status status="PASS" endtime="20170629 21:45:42.243" starttime="20170629 21:45:42.243"></status>
</kw>
<kw name="Run Keyword If" library="BuiltIn">
<doc>Runs the given keyword with the given arguments, if ``condition`` is true.</doc>
<arguments>
<arg>'${quiet}' == '${0}'</arg>
<arg>Log Request</arg>
<arg>method=Get</arg>
<arg>base_uri=${base_uri}</arg>
<arg>args=&amp;{kwargs}</arg>
</arguments>
<kw name="Log Request" library="rest_client">
<arguments>
<arg>method=Get</arg>
<arg>base_uri=${base_uri}</arg>
<arg>args=&amp;{kwargs}</arg>
</arguments>
<kw name="Catenate" library="BuiltIn">
<doc>Catenates the given items together and returns the resulted string.</doc>
<arguments>
<arg>SEPARATOR=</arg>
<arg>URI:</arg>
<arg>${AUTH_URI}</arg>
<arg>${kwargs["base_uri"]}</arg>
<arg>, method:</arg>
<arg>${kwargs["method"]}</arg>
<arg>, args:</arg>
<arg>${kwargs["args"]}</arg>
</arguments>
<assign>
<var>${msg}</var>
</assign>
<msg timestamp="20170629 21:45:42.245" level="INFO">${msg} = URI:https://9.3.86.161:443/xyz/openbmc_project/state/host0//attr/CurrentHostState, method:Get, args:{}</msg>
<status status="PASS" endtime="20170629 21:45:42.245" starttime="20170629 21:45:42.245"></status>
</kw>
<kw name="Logging" library="rest_client">
<arguments>
<arg>${msg}</arg>
<arg>console=True</arg>
</arguments>
<kw name="Log" library="BuiltIn">
<doc>Logs the given message with the given level.</doc>
<arguments>
<arg>${msg}</arg>
<arg>console=True</arg>
</arguments>
<msg timestamp="20170629 21:45:42.247" level="INFO">URI:https://9.3.86.161:443/xyz/openbmc_project/state/host0//attr/CurrentHostState, method:Get, args:{}</msg>
<status status="PASS" endtime="20170629 21:45:42.247" starttime="20170629 21:45:42.246"></status>
</kw>
<status status="PASS" endtime="20170629 21:45:42.247" starttime="20170629 21:45:42.246"></status>
</kw>
<status status="PASS" endtime="20170629 21:45:42.247" starttime="20170629 21:45:42.244"></status>
</kw>
<status status="PASS" endtime="20170629 21:45:42.247" starttime="20170629 21:45:42.244"></status>
</kw>
<kw name="Get Request" library="RequestsLibrary.RequestsKeywords">
<doc>Send a GET request on the session object found using the</doc>
<arguments>
<arg>openbmc</arg>
<arg>${base_uri}</arg>
<arg>&amp;{kwargs}</arg>
<arg>timeout=${timeout}</arg>
</arguments>
<assign>
<var>${ret}</var>
</assign>
<msg timestamp="20170629 21:45:42.317" level="INFO">Get Request using : alias=openbmc, uri=/xyz/openbmc_project/state/host0//attr/CurrentHostState, headers=None json=None</msg>
<msg timestamp="20170629 21:45:42.317" level="INFO">${ret} = &lt;Response [200]&gt;</msg>
<status status="PASS" endtime="20170629 21:45:42.317" starttime="20170629 21:45:42.247"></status>
</kw>
<kw name="Run Keyword If" library="BuiltIn">
<doc>Runs the given keyword with the given arguments, if ``condition`` is true.</doc>
<arguments>
<arg>'${quiet}' == '${0}'</arg>
<arg>Log Response</arg>
<arg>${ret}</arg>
</arguments>
<kw name="Log Response" library="rest_client">
<arguments>
<arg>${ret}</arg>
</arguments>
<kw name="Catenate" library="BuiltIn">
<doc>Catenates the given items together and returns the resulted string.</doc>
<arguments>
<arg>SEPARATOR=</arg>
<arg>Response code:</arg>
<arg>${resp.status_code}</arg>
<arg>, Content:</arg>
<arg>${resp.content}</arg>
</arguments>
<assign>
<var>${msg}</var>
</assign>
<msg timestamp="20170629 21:45:42.319" level="INFO">${msg} = Response code:200, Content:{
  "data": "xyz.openbmc_project.State.Host.HostState.Off", 
  "message": "200 OK", 
  "status": "ok"
}</msg>
<status status="PASS" endtime="20170629 21:45:42.319" starttime="20170629 21:45:42.318"></status>
</kw>
<kw name="Logging" library="rest_client">
<arguments>
<arg>${msg}</arg>
<arg>console=True</arg>
</arguments>
<kw name="Log" library="BuiltIn">
<doc>Logs the given message with the given level.</doc>
<arguments>
<arg>${msg}</arg>
<arg>console=True</arg>
</arguments>
<msg timestamp="20170629 21:45:42.320" level="INFO">Response code:200, Content:{
  "data": "xyz.openbmc_project.State.Host.HostState.Off", 
  "message": "200 OK", 
  "status": "ok"
}</msg>
<status status="PASS" endtime="20170629 21:45:42.320" starttime="20170629 21:45:42.320"></status>
</kw>
<status status="PASS" endtime="20170629 21:45:42.320" starttime="20170629 21:45:42.319"></status>
</kw>
<status status="PASS" endtime="20170629 21:45:42.320" starttime="20170629 21:45:42.318"></status>
</kw>
<status status="PASS" endtime="20170629 21:45:42.320" starttime="20170629 21:45:42.317"></status>
</kw>
<msg timestamp="20170629 21:45:42.321" level="INFO">${resp} = &lt;Response [200]&gt;</msg>
<status status="PASS" endtime="20170629 21:45:42.321" starttime="20170629 21:45:42.060"></status>
</kw>
<kw name="Should Be Equal As Strings" library="BuiltIn">
<doc>Fails if objects are unequal after converting them to strings.</doc>
<arguments>
<arg>${resp.status_code}</arg>
<arg>${HTTP_OK}</arg>
</arguments>
<msg timestamp="20170629 21:45:42.321" level="INFO">Argument types are:
&lt;type 'int'&gt;
&lt;type 'unicode'&gt;</msg>
<status status="PASS" endtime="20170629 21:45:42.321" starttime="20170629 21:45:42.321"></status>
</kw>
<kw name="To Json" library="RequestsLibrary.RequestsKeywords">
<doc>Convert a string to a JSON object</doc>
<arguments>
<arg>${resp.content}</arg>
</arguments>
<assign>
<var>${content}</var>
</assign>
<msg timestamp="20170629 21:45:42.322" level="INFO">To JSON using : content={
  "data": "xyz.openbmc_project.State.Host.HostState.Off", 
  "message": "200 OK", 
  "status": "ok"
} </msg>
<msg timestamp="20170629 21:45:42.322" level="INFO">To JSON using : pretty_print=False </msg>
<msg timestamp="20170629 21:45:42.322" level="INFO">${content} = {u'message': u'200 OK', u'data': u'xyz.openbmc_project.State.Host.HostState.Off', u'status': u'ok'}</msg>
<status status="PASS" endtime="20170629 21:45:42.322" starttime="20170629 21:45:42.321"></status>
</kw>
<msg timestamp="20170629 21:45:42.322" level="INFO">${state} = xyz.openbmc_project.State.Host.HostState.Off</msg>
<status status="PASS" endtime="20170629 21:45:42.322" starttime="20170629 21:45:42.059"></status>
</kw>
<msg timestamp="20170629 21:45:42.322" level="INFO">${host_state} = Off</msg>
<status status="PASS" endtime="20170629 21:45:42.323" starttime="20170629 21:45:42.059"></status>
</kw>
<kw name="Run Keyword And Return Status" library="BuiltIn">
<doc>Runs the given keyword with given arguments and returns the status as a Boolean value.</doc>
<arguments>
<arg>Should Be Equal</arg>
<arg>${host_state}</arg>
<arg>Quiesced</arg>
</arguments>
<assign>
<var>${status}</var>
</assign>
<kw name="Should Be Equal" library="BuiltIn">
<doc>Fails if the given objects are unequal.</doc>
<arguments>
<arg>${host_state}</arg>
<arg>Quiesced</arg>
</arguments>
<msg timestamp="20170629 21:45:42.324" level="FAIL">Off != Quiesced</msg>
<status status="FAIL" endtime="20170629 21:45:42.324" starttime="20170629 21:45:42.323"></status>
</kw>
<msg timestamp="20170629 21:45:42.324" level="INFO">${status} = False</msg>
<status status="PASS" endtime="20170629 21:45:42.324" starttime="20170629 21:45:42.323"></status>
</kw>
<msg timestamp="20170629 21:45:42.324" level="INFO">${status} = False</msg>
<status status="PASS" endtime="20170629 21:45:42.324" starttime="20170629 21:45:42.058"></status>
</kw>
<kw name="Run Keyword If" library="BuiltIn">
<doc>Runs the given keyword with the given arguments, if ``condition`` is true.</doc>
<arguments>
<arg>'${TEST_STATUS}' == 'FAIL' or '${status}'=='True'</arg>
<arg>FFDC</arg>
</arguments>
<status status="PASS" endtime="20170629 21:45:42.325" starttime="20170629 21:45:42.324"></status>
</kw>
<kw name="Run Keyword If" library="BuiltIn">
<doc>Runs the given keyword with the given arguments, if ``condition`` is true.</doc>
<arguments>
<arg>'${status}'=='True'</arg>
<arg>Recover Quiesced Host</arg>
</arguments>
<status status="PASS" endtime="20170629 21:45:42.325" starttime="20170629 21:45:42.325"></status>
</kw>
<kw name="Log Test Case Status" library="openbmc_ffdc_methods">
<doc>Test case execution result history.</doc>
<kw name="Get Variable Value" library="BuiltIn">
<doc>Returns variable value or ``default`` if the variable does not exist.</doc>
<arguments>
<arg>${FFDC_DIR_PATH_STYLE}</arg>
<arg>${EMPTY}</arg>
</arguments>
<assign>
<var>${FFDC_DIR_PATH_STYLE}</var>
</assign>
<msg timestamp="20170629 21:45:42.334" level="INFO">${FFDC_DIR_PATH_STYLE} = </msg>
<status status="PASS" endtime="20170629 21:45:42.334" starttime="20170629 21:45:42.326"></status>
</kw>
<kw name="Get Variable Value" library="BuiltIn">
<doc>Returns variable value or ``default`` if the variable does not exist.</doc>
<arguments>
<arg>${FFDC_DIR_PATH}</arg>
<arg>${EMPTY}</arg>
</arguments>
<assign>
<var>${FFDC_DIR_PATH}</var>
</assign>
<msg timestamp="20170629 21:45:42.342" level="INFO">${FFDC_DIR_PATH} = </msg>
<status status="PASS" endtime="20170629 21:45:42.342" starttime="20170629 21:45:42.334"></status>
</kw>
<kw name="Run Keyword If" library="BuiltIn">
<doc>Runs the given keyword with the given arguments, if ``condition`` is true.</doc>
<arguments>
<arg>'${FFDC_DIR_PATH}' == '${EMPTY}'</arg>
<arg>Set FFDC Defaults</arg>
</arguments>
<kw name="Set Ffdc Defaults" library="openbmc_ffdc">
<doc>Set a default value for ffdc_dir_path and ffdc_prefix if they don't</doc>
<kw name="Get Current Time Stamp" library="openbmc_ffdc_utils">
<doc>Get the current time stamp data</doc>
<kw name="Get Current Date" library="DateTime">
<doc>Returns current local or UTC time with an optional increment.</doc>
<arguments>
<arg>result_format=%Y-%m-%d %H:%M:%S:%f</arg>
</arguments>
<assign>
<var>${cur_time}</var>
</assign>
<msg timestamp="20170629 21:45:42.343" level="INFO">${cur_time} = 2017-06-29 21:45:42:343252</msg>
<status status="PASS" endtime="20170629 21:45:42.343" starttime="20170629 21:45:42.343"></status>
</kw>
<kw name="Get Strip String" library="openbmc_ffdc_list">
<doc>########################################################################</doc>
<arguments>
<arg>${cur_time}</arg>
</arguments>
<assign>
<var>${cur_time}</var>
</assign>
<msg timestamp="20170629 21:45:42.344" level="INFO">${cur_time} = 20170629214542343252</msg>
<status status="PASS" endtime="20170629 21:45:42.344" starttime="20170629 21:45:42.344"></status>
</kw>
<status status="PASS" endtime="20170629 21:45:42.344" starttime="20170629 21:45:42.343"></status>
</kw>
<msg timestamp="20170629 21:45:42.349" level="INFO">${FFDC_TIME} = 20170629214542343252</msg>
<kw name="Get Test Dir and Name" library="openbmc_ffdc_utils">
<doc>SUITE_NAME and TEST_NAME are automatic variables</doc>
<kw name="Get Strip String" library="openbmc_ffdc_list">
<doc>########################################################################</doc>
<arguments>
<arg>${SUITE_NAME}</arg>
</arguments>
<assign>
<var>${suite_name}</var>
</assign>
<msg timestamp="20170629 21:45:42.350" level="INFO">${suite_name} = TestsSecurityTestSsl</msg>
<status status="PASS" endtime="20170629 21:45:42.350" starttime="20170629 21:45:42.350"></status>
</kw>
<kw name="Catenate" library="BuiltIn">
<doc>Catenates the given items together and returns the resulted string.</doc>
<arguments>
<arg>SEPARATOR=</arg>
<arg>${FFDC_TIME}_</arg>
<arg>${suite_name}</arg>
</arguments>
<assign>
<var>${suite_name}</var>
</assign>
<msg timestamp="20170629 21:45:42.351" level="INFO">${suite_name} = 20170629214542343252_TestsSecurityTestSsl</msg>
<status status="PASS" endtime="20170629 21:45:42.351" starttime="20170629 21:45:42.350"></status>
</kw>
<kw name="Get Strip String" library="openbmc_ffdc_list">
<doc>########################################################################</doc>
<arguments>
<arg>${TEST_NAME}</arg>
</arguments>
<assign>
<var>${test_name}</var>
</assign>
<msg timestamp="20170629 21:45:42.351" level="INFO">${test_name} = TestSSLConnection</msg>
<status status="PASS" endtime="20170629 21:45:42.351" starttime="20170629 21:45:42.351"></status>
</kw>
<kw name="Catenate" library="BuiltIn">
<doc>Catenates the given items together and returns the resulted string.</doc>
<arguments>
<arg>SEPARATOR=</arg>
<arg>${FFDC_TIME}_</arg>
<arg>${test_name}</arg>
</arguments>
<assign>
<var>${test_name}</var>
</assign>
<msg timestamp="20170629 21:45:42.352" level="INFO">${test_name} = 20170629214542343252_TestSSLConnection</msg>
<status status="PASS" endtime="20170629 21:45:42.352" starttime="20170629 21:45:42.352"></status>
</kw>
<status status="PASS" endtime="20170629 21:45:42.352" starttime="20170629 21:45:42.349"></status>
</kw>
<msg timestamp="20170629 21:45:42.352" level="INFO">${FFDC_DIR_PATH} = /tmp/fspcibld/31264/obmc-robot/logs/20170629214542343252_TestsSecurityTestSsl/20170629214542343252_TestSSLConnection/</msg>
<msg timestamp="20170629 21:45:42.357" level="INFO">${FFDC_PREFIX} = 20170629214542343252_</msg>
<status status="PASS" endtime="20170629 21:45:42.357" starttime="20170629 21:45:42.342"></status>
</kw>
<status status="PASS" endtime="20170629 21:45:42.357" starttime="20170629 21:45:42.342"></status>
</kw>
<kw name="Run Keyword If" library="BuiltIn">
<doc>Runs the given keyword with the given arguments, if ``condition`` is true.</doc>
<arguments>
<arg>'${FFDC_DIR_PATH_STYLE}' == '${1}'</arg>
<arg>Run Keywords</arg>
<arg>Set Global Variable</arg>
<arg>${FFDC_LOG_PATH}</arg>
<arg>${FFDC_DIR_PATH}</arg>
<arg>AND</arg>
<arg>Set Global Variable</arg>
<arg>${TEST_HISTORY}</arg>
<arg>${FFDC_DIR_PATH}test_history.txt</arg>
</arguments>
<status status="PASS" endtime="20170629 21:45:42.357" starttime="20170629 21:45:42.357"></status>
</kw>
<kw name="Create Directory" library="OperatingSystem">
<doc>Creates the specified directory.</doc>
<arguments>
<arg>${FFDC_LOG_PATH}</arg>
</arguments>
<msg timestamp="20170629 21:45:42.358" level="INFO" html="yes">Created directory '&lt;a href="file:///tmp/fspcibld/31264/obmc-robot/logs"&gt;/tmp/fspcibld/31264/obmc-robot/logs&lt;/a&gt;'.</msg>
<status status="PASS" endtime="20170629 21:45:42.358" starttime="20170629 21:45:42.358"></status>
</kw>
<kw name="Run Keyword And Return Status" library="BuiltIn">
<doc>Runs the given keyword with given arguments and returns the status as a Boolean value.</doc>
<arguments>
<arg>OperatingSystem.File Should Exist</arg>
<arg>${TEST_HISTORY}</arg>
</arguments>
<assign>
<var>${exist}</var>
</assign>
<kw name="File Should Exist" library="OperatingSystem">
<doc>Fails unless the given ``path`` points to an existing file.</doc>
<arguments>
<arg>${TEST_HISTORY}</arg>
</arguments>
<msg timestamp="20170629 21:45:42.359" level="FAIL">File '/tmp/fspcibld/31264/obmc-robot/logs/test_history.txt' does not exist.</msg>
<status status="FAIL" endtime="20170629 21:45:42.359" starttime="20170629 21:45:42.359"></status>
</kw>
<msg timestamp="20170629 21:45:42.360" level="INFO">${exist} = False</msg>
<status status="PASS" endtime="20170629 21:45:42.360" starttime="20170629 21:45:42.358"></status>
</kw>
<kw name="Run Keyword If" library="BuiltIn">
<doc>Runs the given keyword with the given arguments, if ``condition`` is true.</doc>
<arguments>
<arg>'${exist}' == '${False}'</arg>
<arg>Create File</arg>
<arg>${TEST_HISTORY}</arg>
</arguments>
<kw name="Create File" library="OperatingSystem">
<doc>Creates a file with the given content and encoding.</doc>
<arguments>
<arg>${TEST_HISTORY}</arg>
</arguments>
<msg timestamp="20170629 21:45:42.361" level="INFO" html="yes">Created file '&lt;a href="file:///tmp/fspcibld/31264/obmc-robot/logs/test_history.txt"&gt;/tmp/fspcibld/31264/obmc-robot/logs/test_history.txt&lt;/a&gt;'.</msg>
<status status="PASS" endtime="20170629 21:45:42.361" starttime="20170629 21:45:42.360"></status>
</kw>
<status status="PASS" endtime="20170629 21:45:42.361" starttime="20170629 21:45:42.360"></status>
</kw>
<kw name="Rpvars" library="gen_robot_print">
<arguments>
<arg>TEST_HISTORY</arg>
</arguments>
<status status="PASS" endtime="20170629 21:45:42.361" starttime="20170629 21:45:42.361"></status>
</kw>
<kw name="Get Current Time Stamp" library="openbmc_ffdc_utils">
<doc>Get the current time stamp data</doc>
<assign>
<var>${cur_time}</var>
</assign>
<kw name="Get Current Date" library="DateTime">
<doc>Returns current local or UTC time with an optional increment.</doc>
<arguments>
<arg>result_format=%Y-%m-%d %H:%M:%S:%f</arg>
</arguments>
<assign>
<var>${cur_time}</var>
</assign>
<msg timestamp="20170629 21:45:42.363" level="INFO">${cur_time} = 2017-06-29 21:45:42:362386</msg>
<status status="PASS" endtime="20170629 21:45:42.363" starttime="20170629 21:45:42.362"></status>
</kw>
<kw name="Get Strip String" library="openbmc_ffdc_list">
<doc>########################################################################</doc>
<arguments>
<arg>${cur_time}</arg>
</arguments>
<assign>
<var>${cur_time}</var>
</assign>
<msg timestamp="20170629 21:45:42.363" level="INFO">${cur_time} = 20170629214542362386</msg>
<status status="PASS" endtime="20170629 21:45:42.363" starttime="20170629 21:45:42.363"></status>
</kw>
<msg timestamp="20170629 21:45:42.363" level="INFO">${cur_time} = 20170629214542362386</msg>
<status status="PASS" endtime="20170629 21:45:42.363" starttime="20170629 21:45:42.361"></status>
</kw>
<kw name="Append To File" library="OperatingSystem">
<doc>Appends the given content to the specified file.</doc>
<arguments>
<arg>${TEST_HISTORY}</arg>
<arg>${cur_time}:${SUITE_NAME}:${TEST_NAME}:${TEST_STATUS}${\n}</arg>
</arguments>
<msg timestamp="20170629 21:45:42.364" level="INFO" html="yes">Appended to file '&lt;a href="file:///tmp/fspcibld/31264/obmc-robot/logs/test_history.txt"&gt;/tmp/fspcibld/31264/obmc-robot/logs/test_history.txt&lt;/a&gt;'.</msg>
<status status="PASS" endtime="20170629 21:45:42.364" starttime="20170629 21:45:42.364"></status>
</kw>
<status status="PASS" endtime="20170629 21:45:42.364" starttime="20170629 21:45:42.325"></status>
</kw>
<status status="PASS" endtime="20170629 21:45:42.364" starttime="20170629 21:45:42.058"></status>
</kw>
<doc>This testcase is for testing the SSL connection to the
OpenBMC machine.</doc>
<tags>
<tag>Test_SSL_Connection</tag>
</tags>
<status status="PASS" endtime="20170629 21:45:42.365" critical="yes" starttime="20170629 21:45:41.756"></status>
</test>
<kw name="Delete All Sessions" library="RequestsLibrary.RequestsKeywords" type="teardown">
<doc>Removes all the session objects</doc>
<msg timestamp="20170629 21:45:42.365" level="INFO">Delete All Sessions</msg>
<status status="PASS" endtime="20170629 21:45:42.366" starttime="20170629 21:45:42.365"></status>
</kw>
<doc>This testsuite is for testing SSL connection to OpenBMC</doc>
<status status="PASS" endtime="20170629 21:45:42.366" starttime="20170629 21:45:41.680"></status>
</suite>
<status status="PASS" endtime="20170629 21:45:42.368" starttime="20170629 21:45:41.678"></status>
</suite>
<suite id="s1-s2" source="/tmp/fspcibld/31264/obmc-robot/tests/test_basic_poweron.robot" name="Test Basic Poweron">
<test id="s1-s2-t1" name="Power On Test">
<kw name="Start SOL Console Logging" library="utils" type="setup">
<doc>Start system console log to file.</doc>
<kw name="Create OS Console File Path" library="utils">
<doc>Create OS console file path name and return it.</doc>
<arguments>
<arg>${log_file_path}</arg>
</arguments>
<assign>
<var>${log_file_path}</var>
</assign>
<kw name="Catenate" library="BuiltIn">
<doc>Catenates the given items together and returns the resulted string.</doc>
<arguments>
<arg>/tmp/${OPENBMC_HOST}_os_console</arg>
</arguments>
<assign>
<var>${default_file_path}</var>
</assign>
<msg timestamp="20170629 21:45:42.401" level="INFO">${default_file_path} = /tmp/9.3.86.161_os_console</msg>
<status status="PASS" endtime="20170629 21:45:42.401" starttime="20170629 21:45:42.401"></status>
</kw>
<kw name="Set Variable If" library="BuiltIn">
<doc>Sets variable based on the given condition.</doc>
<arguments>
<arg>'${log_file_path}' == '${EMPTY}'</arg>
<arg>${default_file_path}</arg>
<arg>${log_file_path}</arg>
</arguments>
<assign>
<var>${log_file_path}</var>
</assign>
<msg timestamp="20170629 21:45:42.402" level="INFO">${log_file_path} = /tmp/9.3.86.161_os_console</msg>
<status status="PASS" endtime="20170629 21:45:42.402" starttime="20170629 21:45:42.401"></status>
</kw>
<msg timestamp="20170629 21:45:42.402" level="INFO">${log_file_path} = /tmp/9.3.86.161_os_console</msg>
<status status="PASS" endtime="20170629 21:45:42.402" starttime="20170629 21:45:42.400"></status>
</kw>
<kw name="Stop SOL Console Logging" library="utils">
<doc>Stop system console logging and return log output.</doc>
<arguments>
<arg>${log_file_path}</arg>
<arg>return_data=${return_data}</arg>
</arguments>
<assign>
<var>${log_output}</var>
</assign>
<kw name="Create OS Console File Path" library="utils">
<doc>Create OS console file path name and return it.</doc>
<arguments>
<arg>${log_file_path}</arg>
</arguments>
<assign>
<var>${log_file_path}</var>
</assign>
<kw name="Catenate" library="BuiltIn">
<doc>Catenates the given items together and returns the resulted string.</doc>
<arguments>
<arg>/tmp/${OPENBMC_HOST}_os_console</arg>
</arguments>
<assign>
<var>${default_file_path}</var>
</assign>
<msg timestamp="20170629 21:45:42.404" level="INFO">${default_file_path} = /tmp/9.3.86.161_os_console</msg>
<status status="PASS" endtime="20170629 21:45:42.404" starttime="20170629 21:45:42.404"></status>
</kw>
<kw name="Set Variable If" library="BuiltIn">
<doc>Sets variable based on the given condition.</doc>
<arguments>
<arg>'${log_file_path}' == '${EMPTY}'</arg>
<arg>${default_file_path}</arg>
<arg>${log_file_path}</arg>
</arguments>
<assign>
<var>${log_file_path}</var>
</assign>
<msg timestamp="20170629 21:45:42.405" level="INFO">${log_file_path} = /tmp/9.3.86.161_os_console</msg>
<status status="PASS" endtime="20170629 21:45:42.405" starttime="20170629 21:45:42.404"></status>
</kw>
<msg timestamp="20170629 21:45:42.405" level="INFO">${log_file_path} = /tmp/9.3.86.161_os_console</msg>
<status status="PASS" endtime="20170629 21:45:42.405" starttime="20170629 21:45:42.403"></status>
</kw>
<kw name="Create OS Console Command String" library="utils">
<doc>Return a command string to start OS console logging.</doc>
<assign>
<var>${search_string}</var>
</assign>
<kw name="Catenate" library="BuiltIn">
<doc>Catenates the given items together and returns the resulted string.</doc>
<arguments>
<arg>which ssh_pw 2&gt;&amp;1</arg>
</arguments>
<assign>
<var>${cmd_buf}</var>
</assign>
<msg timestamp="20170629 21:45:42.406" level="INFO">${cmd_buf} = which ssh_pw 2&gt;&amp;1</msg>
<status status="PASS" endtime="20170629 21:45:42.406" starttime="20170629 21:45:42.406"></status>
</kw>
<kw name="Rdpissuing" library="gen_robot_print">
<arguments>
<arg>${cmd_buf}</arg>
</arguments>
<status status="PASS" endtime="20170629 21:45:42.406" starttime="20170629 21:45:42.406"></status>
</kw>
<kw name="Run And Return Rc And Output" library="OperatingSystem">
<doc>Runs the given command in the system and returns the RC and output.</doc>
<arguments>
<arg>${cmd_buf}</arg>
</arguments>
<assign>
<var>${rc}</var>
<var>${output}</var>
</assign>
<msg timestamp="20170629 21:45:42.411" level="INFO">Running command 'which ssh_pw 2&gt;&amp;1'.</msg>
<msg timestamp="20170629 21:45:42.417" level="INFO">${rc} = 0</msg>
<msg timestamp="20170629 21:45:42.417" level="INFO">${output} = /tmp/fspcibld/31264/obmc-robot/.tox/witherspoon/bin/ssh_pw</msg>
<status status="PASS" endtime="20170629 21:45:42.417" starttime="20170629 21:45:42.407"></status>
</kw>
<kw name="Rdpvars" library="gen_robot_print">
<arguments>
<arg>rc</arg>
<arg>output</arg>
</arguments>
<status status="PASS" endtime="20170629 21:45:42.420" starttime="20170629 21:45:42.419"></status>
</kw>
<kw name="Should Be Equal" library="BuiltIn">
<doc>Fails if the given objects are unequal.</doc>
<arguments>
<arg>${rc}</arg>
<arg>${0}</arg>
<arg>msg=${output}\n</arg>
</arguments>
<status status="PASS" endtime="20170629 21:45:42.421" starttime="20170629 21:45:42.420"></status>
</kw>
<kw name="Catenate" library="BuiltIn">
<doc>Catenates the given items together and returns the resulted string.</doc>
<arguments>
<arg>ssh_pw ${OPENBMC_PASSWORD} -p 2200</arg>
<arg>-o "StrictHostKeyChecking no" ${OPENBMC_USERNAME}@${OPENBMC_HOST}</arg>
</arguments>
<assign>
<var>${cmd_buf}</var>
</assign>
<msg timestamp="20170629 21:45:42.422" level="INFO">${cmd_buf} = ssh_pw 0penBmc -p 2200 -o "StrictHostKeyChecking no" root@9.3.86.161</msg>
<status status="PASS" endtime="20170629 21:45:42.422" starttime="20170629 21:45:42.421"></status>
</kw>
<msg timestamp="20170629 21:45:42.422" level="INFO">${search_string} = ssh_pw 0penBmc -p 2200 -o "StrictHostKeyChecking no" root@9.3.86.161</msg>
<status status="PASS" endtime="20170629 21:45:42.422" starttime="20170629 21:45:42.405"></status>
</kw>
<kw name="Catenate" library="BuiltIn">
<doc>Catenates the given items together and returns the resulted string.</doc>
<arguments>
<arg>echo $(ps -ef | egrep '${search_string}'</arg>
<arg>| egrep -v grep | cut -c10-14)</arg>
</arguments>
<assign>
<var>${cmd_buf}</var>
</assign>
<msg timestamp="20170629 21:45:42.423" level="INFO">${cmd_buf} = echo $(ps -ef | egrep 'ssh_pw 0penBmc -p 2200 -o "StrictHostKeyChecking no" root@9.3.86.161' | egrep -v grep | cut -c10-14)</msg>
<status status="PASS" endtime="20170629 21:45:42.423" starttime="20170629 21:45:42.422"></status>
</kw>
<kw name="Rdpissuing" library="gen_robot_print">
<arguments>
<arg>${cmd_buf}</arg>
</arguments>
<status status="PASS" endtime="20170629 21:45:42.423" starttime="20170629 21:45:42.423"></status>
</kw>
<kw name="Run And Return Rc And Output" library="OperatingSystem">
<doc>Runs the given command in the system and returns the RC and output.</doc>
<arguments>
<arg>${cmd_buf}</arg>
</arguments>
<assign>
<var>${rc}</var>
<var>${os_con_pid}</var>
</assign>
<msg timestamp="20170629 21:45:42.428" level="INFO">Running command 'echo $(ps -ef | egrep 'ssh_pw 0penBmc -p 2200 -o "StrictHostKeyChecking no" root@9.3.86.161' | egrep -v grep | cut -c10-14) 2&gt;&amp;1'.</msg>
<msg timestamp="20170629 21:45:42.443" level="INFO">${rc} = 0</msg>
<msg timestamp="20170629 21:45:42.443" level="INFO">${os_con_pid} = </msg>
<status status="PASS" endtime="20170629 21:45:42.443" starttime="20170629 21:45:42.423"></status>
</kw>
<kw name="Rdpvars" library="gen_robot_print">
<arguments>
<arg>os_con_pid</arg>
</arguments>
<status status="PASS" endtime="20170629 21:45:42.446" starttime="20170629 21:45:42.446"></status>
</kw>
<kw name="Catenate" library="BuiltIn">
<doc>Catenates the given items together and returns the resulted string.</doc>
<arguments>
<arg>kill -9 ${os_con_pid}</arg>
</arguments>
<assign>
<var>${cmd_buf}</var>
</assign>
<msg timestamp="20170629 21:45:42.447" level="INFO">${cmd_buf} = kill -9 </msg>
<status status="PASS" endtime="20170629 21:45:42.447" starttime="20170629 21:45:42.447"></status>
</kw>
<kw name="Run Keyword If" library="BuiltIn">
<doc>Runs the given keyword with the given arguments, if ``condition`` is true.</doc>
<arguments>
<arg>'${os_con_pid}' != '${EMPTY}'</arg>
<arg>Rdpissuing</arg>
<arg>${cmd_buf}</arg>
</arguments>
<status status="PASS" endtime="20170629 21:45:42.448" starttime="20170629 21:45:42.447"></status>
</kw>
<kw name="Run Keyword If" library="BuiltIn">
<doc>Runs the given keyword with the given arguments, if ``condition`` is true.</doc>
<arguments>
<arg>'${os_con_pid}' != '${EMPTY}'</arg>
<arg>Run And Return Rc And Output</arg>
<arg>${cmd_buf}</arg>
</arguments>
<assign>
<var>${rc}</var>
<var>${output}</var>
</assign>
<msg timestamp="20170629 21:45:42.449" level="INFO">${rc} = None</msg>
<msg timestamp="20170629 21:45:42.449" level="INFO">${output} = None</msg>
<status status="PASS" endtime="20170629 21:45:42.449" starttime="20170629 21:45:42.448"></status>
</kw>
<kw name="Run Keyword If" library="BuiltIn">
<doc>Runs the given keyword with the given arguments, if ``condition`` is true.</doc>
<arguments>
<arg>'${os_con_pid}' != '${EMPTY}'</arg>
<arg>Rdpvars</arg>
<arg>rc</arg>
<arg>output</arg>
</arguments>
<status status="PASS" endtime="20170629 21:45:42.450" starttime="20170629 21:45:42.449"></status>
</kw>
<kw name="Run Keyword If" library="BuiltIn">
<doc>Runs the given keyword with the given arguments, if ``condition`` is true.</doc>
<arguments>
<arg>'${targ_file_path}' != '${EMPTY}'</arg>
<arg>Run Keyword And Ignore Error</arg>
<arg>Copy File</arg>
<arg>${log_file_path}</arg>
<arg>${targ_file_path}</arg>
</arguments>
<kw name="Run Keyword And Ignore Error" library="BuiltIn">
<doc>Runs the given keyword with the given arguments and ignores possible error.</doc>
<arguments>
<arg>Copy File</arg>
<arg>${log_file_path}</arg>
<arg>${targ_file_path}</arg>
</arguments>
<kw name="Copy File" library="OperatingSystem">
<doc>Copies the source file into the destination.</doc>
<arguments>
<arg>${log_file_path}</arg>
<arg>${targ_file_path}</arg>
</arguments>
<msg timestamp="20170629 21:45:42.453" level="FAIL">Source file '/tmp/9.3.86.161_os_console' does not exist.</msg>
<status status="FAIL" endtime="20170629 21:45:42.453" starttime="20170629 21:45:42.452"></status>
</kw>
<status status="PASS" endtime="20170629 21:45:42.453" starttime="20170629 21:45:42.451"></status>
</kw>
<status status="PASS" endtime="20170629 21:45:42.453" starttime="20170629 21:45:42.450"></status>
</kw>
<kw name="Set Variable" library="BuiltIn">
<doc>Returns the given values which can then be assigned to a variables.</doc>
<arguments>
<arg>${EMPTY}</arg>
</arguments>
<assign>
<var>${output}</var>
</assign>
<msg timestamp="20170629 21:45:42.454" level="INFO">${output} = </msg>
<status status="PASS" endtime="20170629 21:45:42.454" starttime="20170629 21:45:42.453"></status>
</kw>
<kw name="Evaluate" library="BuiltIn">
<doc>Evaluates the given expression in Python and returns the results.</doc>
<arguments>
<arg>${debug}^1</arg>
</arguments>
<assign>
<var>${loc_quiet}</var>
</assign>
<msg timestamp="20170629 21:45:42.454" level="INFO">${loc_quiet} = 1</msg>
<status status="PASS" endtime="20170629 21:45:42.454" starttime="20170629 21:45:42.454"></status>
</kw>
<kw name="Run Keyword If" library="BuiltIn">
<doc>Runs the given keyword with the given arguments, if ``condition`` is true.</doc>
<arguments>
<arg>'${return_data}' == '${1}'</arg>
<arg>Cmd Fnc</arg>
<arg>cat ${log_file_path}</arg>
<arg>quiet=${loc_quiet}</arg>
<arg>print_output=${0}</arg>
</arguments>
<assign>
<var>${rc}</var>
<var>${output}</var>
</assign>
<kw name="Cmd Fnc" library="gen_cmd">
<doc>Run the given command in a shell and return the shell return code.</doc>
<arguments>
<arg>cat ${log_file_path}</arg>
<arg>quiet=${loc_quiet}</arg>
<arg>print_output=${0}</arg>
</arguments>
<status status="PASS" endtime="20170629 21:45:42.656" starttime="20170629 21:45:42.455"></status>
</kw>
<msg timestamp="20170629 21:45:42.657" level="INFO">${rc} = 1</msg>
<msg timestamp="20170629 21:45:42.657" level="INFO">${output} = cat: /tmp/9.3.86.161_os_console: No such file or directory
</msg>
<status status="PASS" endtime="20170629 21:45:42.657" starttime="20170629 21:45:42.455"></status>
</kw>
<msg timestamp="20170629 21:45:42.657" level="INFO">${log_output} = cat: /tmp/9.3.86.161_os_console: No such file or directory
</msg>
<status status="PASS" endtime="20170629 21:45:42.658" starttime="20170629 21:45:42.402"></status>
</kw>
<kw name="Create File" library="OperatingSystem">
<doc>Creates a file with the given content and encoding.</doc>
<arguments>
<arg>${log_file_path}</arg>
</arguments>
<msg timestamp="20170629 21:45:42.659" level="INFO" html="yes">Created file '&lt;a href="file:///tmp/9.3.86.161_os_console"&gt;/tmp/9.3.86.161_os_console&lt;/a&gt;'.</msg>
<status status="PASS" endtime="20170629 21:45:42.659" starttime="20170629 21:45:42.659"></status>
</kw>
<kw name="Create OS Console Command String" library="utils">
<doc>Return a command string to start OS console logging.</doc>
<assign>
<var>${sub_cmd_buf}</var>
</assign>
<kw name="Catenate" library="BuiltIn">
<doc>Catenates the given items together and returns the resulted string.</doc>
<arguments>
<arg>which ssh_pw 2&gt;&amp;1</arg>
</arguments>
<assign>
<var>${cmd_buf}</var>
</assign>
<msg timestamp="20170629 21:45:42.660" level="INFO">${cmd_buf} = which ssh_pw 2&gt;&amp;1</msg>
<status status="PASS" endtime="20170629 21:45:42.661" starttime="20170629 21:45:42.660"></status>
</kw>
<kw name="Rdpissuing" library="gen_robot_print">
<arguments>
<arg>${cmd_buf}</arg>
</arguments>
<status status="PASS" endtime="20170629 21:45:42.661" starttime="20170629 21:45:42.661"></status>
</kw>
<kw name="Run And Return Rc And Output" library="OperatingSystem">
<doc>Runs the given command in the system and returns the RC and output.</doc>
<arguments>
<arg>${cmd_buf}</arg>
</arguments>
<assign>
<var>${rc}</var>
<var>${output}</var>
</assign>
<msg timestamp="20170629 21:45:42.665" level="INFO">Running command 'which ssh_pw 2&gt;&amp;1'.</msg>
<msg timestamp="20170629 21:45:42.667" level="INFO">${rc} = 0</msg>
<msg timestamp="20170629 21:45:42.667" level="INFO">${output} = /tmp/fspcibld/31264/obmc-robot/.tox/witherspoon/bin/ssh_pw</msg>
<status status="PASS" endtime="20170629 21:45:42.668" starttime="20170629 21:45:42.661"></status>
</kw>
<kw name="Rdpvars" library="gen_robot_print">
<arguments>
<arg>rc</arg>
<arg>output</arg>
</arguments>
<status status="PASS" endtime="20170629 21:45:42.670" starttime="20170629 21:45:42.670"></status>
</kw>
<kw name="Should Be Equal" library="BuiltIn">
<doc>Fails if the given objects are unequal.</doc>
<arguments>
<arg>${rc}</arg>
<arg>${0}</arg>
<arg>msg=${output}\n</arg>
</arguments>
<status status="PASS" endtime="20170629 21:45:42.671" starttime="20170629 21:45:42.671"></status>
</kw>
<kw name="Catenate" library="BuiltIn">
<doc>Catenates the given items together and returns the resulted string.</doc>
<arguments>
<arg>ssh_pw ${OPENBMC_PASSWORD} -p 2200</arg>
<arg>-o "StrictHostKeyChecking no" ${OPENBMC_USERNAME}@${OPENBMC_HOST}</arg>
</arguments>
<assign>
<var>${cmd_buf}</var>
</assign>
<msg timestamp="20170629 21:45:42.672" level="INFO">${cmd_buf} = ssh_pw 0penBmc -p 2200 -o "StrictHostKeyChecking no" root@9.3.86.161</msg>
<status status="PASS" endtime="20170629 21:45:42.672" starttime="20170629 21:45:42.672"></status>
</kw>
<msg timestamp="20170629 21:45:42.673" level="INFO">${sub_cmd_buf} = ssh_pw 0penBmc -p 2200 -o "StrictHostKeyChecking no" root@9.3.86.161</msg>
<status status="PASS" endtime="20170629 21:45:42.673" starttime="20170629 21:45:42.660"></status>
</kw>
<kw name="Catenate" library="BuiltIn">
<doc>Catenates the given items together and returns the resulted string.</doc>
<arguments>
<arg>${sub_cmd_buf} &gt; ${log_file_path} 2&gt;&amp;1 &amp;</arg>
</arguments>
<assign>
<var>${cmd_buf}</var>
</assign>
<msg timestamp="20170629 21:45:42.673" level="INFO">${cmd_buf} = ssh_pw 0penBmc -p 2200 -o "StrictHostKeyChecking no" root@9.3.86.161 &gt; /tmp/9.3.86.161_os_console 2&gt;&amp;1 &amp;</msg>
<status status="PASS" endtime="20170629 21:45:42.673" starttime="20170629 21:45:42.673"></status>
</kw>
<kw name="Rdpissuing" library="gen_robot_print">
<arguments>
<arg>${cmd_buf}</arg>
</arguments>
<status status="PASS" endtime="20170629 21:45:42.674" starttime="20170629 21:45:42.674"></status>
</kw>
<kw name="Run And Return Rc And Output" library="OperatingSystem">
<doc>Runs the given command in the system and returns the RC and output.</doc>
<arguments>
<arg>${cmd_buf}</arg>
</arguments>
<assign>
<var>${rc}</var>
<var>${output}</var>
</assign>
<msg timestamp="20170629 21:45:42.679" level="INFO">Running command 'ssh_pw 0penBmc -p 2200 -o "StrictHostKeyChecking no" root@9.3.86.161 &gt; /tmp/9.3.86.161_os_console 2&gt;&amp;1 &amp;'.</msg>
<msg timestamp="20170629 21:45:42.681" level="INFO">${rc} = 0</msg>
<msg timestamp="20170629 21:45:42.681" level="INFO">${output} = </msg>
<status status="PASS" endtime="20170629 21:45:42.681" starttime="20170629 21:45:42.675"></status>
</kw>
<kw name="Should Be Equal" library="BuiltIn">
<doc>Fails if the given objects are unequal.</doc>
<arguments>
<arg>${rc}</arg>
<arg>${0}</arg>
</arguments>
<status status="PASS" endtime="20170629 21:45:42.684" starttime="20170629 21:45:42.683"></status>
</kw>
<status status="PASS" endtime="20170629 21:45:42.684" starttime="20170629 21:45:42.400"></status>
</kw>
<kw name="Repeat Keyword" library="BuiltIn">
<doc>Executes the specified keyword multiple times.</doc>
<arguments>
<arg>${LOOP_COUNT} times</arg>
<arg>Host Off And On</arg>
</arguments>
<msg timestamp="20170629 21:45:42.685" level="INFO">Repeating keyword, round 1/2.</msg>
<kw name="Host Off And On">
<doc>Verify power off and on.</doc>
<kw name="Initiate Host PowerOff" library="state_manager">
<doc>Initiate host power off.</doc>
<kw name="Create Dictionary" library="BuiltIn">
<doc>Creates and returns a dictionary based on the given ``items``.</doc>
<arguments>
<arg>data=${HOST_POWEROFF_TRANS}</arg>
</arguments>
<assign>
<var>${args}</var>
</assign>
<msg timestamp="20170629 21:45:42.687" level="INFO">${args} = {u'data': 'xyz.openbmc_project.State.Host.Transition.Off'}</msg>
<status status="PASS" endtime="20170629 21:45:42.687" starttime="20170629 21:45:42.686"></status>
</kw>
<kw name="Write Attribute" library="rest_client">
<arguments>
[...]
pci 0005:01     : [PE# 00] Setting up 32-bit TCE table at 0..80000000
pci 0005:01     : [PE# 00] Setting up window#0 0..7fffffff pg=1000
pci 0005:01     : [PE# 00] Enabling 64-bit DMA bypass
pci 0005:00:00.0: PCI bridge to [bus 01]
pci 0005:00:00.0:   bridge window [mem 0x6028000000000-0x602beffffffff 64bit pref]
pci 0030:00     : [PE# fe] Secondary bus 0 associated with PE#fe
pci 0030:00:00.0: PCI bridge to [bus 01]
pci 0033:00     : [PE# fe] Secondary bus 0 associated with PE#fe
pci 0033:00:00.0: PCI bridge to [bus 01]
pci 0034:00     : [PE# 7e] Secondary bus 0 associated with PE#7e
pci 0034:00:00.0: PCI bridge to [bus 01]
pci 0035:00     : [PE# 7e] Secondary bus 0 associated with PE#7e
pci 0035:00:00.0: PCI bridge to [bus 01]
EEH: PCI Enhanced I/O Error Handling Enabled
powernv:idle: Default stop: psscr = 0x0000000000000330,mask=0x00000000003003ff
powernv:idle: Deepest stop: psscr = 0x0000000000000330,mask=0x00000000003003ff
powernv:idle: RL value of first deep stop = 0xf
powernv: idle: Saving PACA pointers of all CPUs in their thread sibling PACA
HugeTLB registered 2 MB page size, pre-allocated 0 pages
HugeTLB registered 1 GB page size, pre-allocated 0 pages
pci 0002:02:00.0: vgaarb: VGA device added: decodes=io+mem,owns=none,locks=none
pci 0002:02:00.0: vgaarb: bridge control possible
vgaarb: loaded
SCSI subsystem initialized
usbcore: registered new interface driver usbfs
usbcore: registered new interface driver hub
usbcore: registered new device driver usb
pps_core: LinuxPPS API ver. 1 registered
pps_core: Software ver. 5.3.6 - Copyright 2005-2007 Rodolfo Giometti &lt;giometti@linux.it&gt;
PTP clock support registered
clocksource: Switched to clocksource timebase
NET: Registered protocol family 2
TCP established hash table entries: 524288 (order: 6, 4194304 bytes)
TCP bind hash table entries: 65536 (order: 4, 1048576 bytes)
TCP: Hash tables configured (established 524288 bind 65536)
UDP hash table entries: 65536 (order: 5, 2097152 bytes)
UDP-Lite hash table entries: 65536 (order: 5, 2097152 bytes)
NET: Registered protocol family 1
RPC: Registered named UNIX socket transport module.
RPC: Registered udp transport module.
RPC: Registered tcp transport module.
RPC: Registered tcp NFSv4.1 backchannel transport module.
Trying to unpack rootfs image as initramfs...
Freeing initrd memory: 14400K
audit: initializing netlink subsys (disabled)
audit: type=2000 audit(1498772880.940:1): initialized
workingset: timestamp_bits=38 max_order=21 bucket_order=0
NFS: Registering the id_resolver key type
Key type id_resolver registered
Key type id_legacy registered
Block layer SCSI generic (bsg) driver version 0.4 loaded (major 251)
io scheduler noop registered
io scheduler deadline registered
io scheduler cfq registered (default)
Using unsupported 1024x768 vga at 600c100010000, depth=32, pitch=4096
Console: switching to colour frame buffer device 128x48
fb0: Open Firmware frame buffer device on /pciex@600c3c0200000/pci@0/pci@0/vga@0
ipmi message handler version 39.2
ipmi device interface
ipmi-powernv ibm,opal:ipmi: Unable to map irq from device tree
ipmi-powernv ibm,opal:ipmi: Found new BMC (man_id: 0x000000, prod_id: 0x0000, dev_id: 0x00)
hvc0: raw protocol on /ibm,opal/consoles/serial@0 (boot console)
hvc0: No interrupts property, using OPAL event
Serial: 8250/16550 driver, 4 ports, IRQ sharing disabled
[drm] Initialized
[drm] platform has no IO space, trying MMIO
[drm] AST 2500 detected
[drm] Analog VGA only
[drm] dram -1094967296 7 16 01000000
[TTM] Zone  kernel: Available graphics memory: 66955904 kiB
[TTM] Zone   dma32: Available graphics memory: 2097152 kiB
[TTM] Initializing pool allocator
fb: switching to astdrmfb from OFfb vga
Console: switching to colour dummy device 80x25
Console: switching to colour frame buffer device 128x48
ast 0002:02:00.0: fb0: astdrmfb frame buffer device
[drm] Initialized ast 0.1.0 20120228 for 0002:02:00.0 on minor 0
brd: module loaded
loop: module loaded
Uniform Multi-Platform E-IDE driver
ide-gd driver 1.18
ide-cd driver 5.00
ipr: IBM Power RAID SCSI Device Driver version: 2.6.3 (October 17, 2015)
ahci 0004:03:00.0: Using 64-bit DMA iommu bypass
ahci 0004:03:00.0: AHCI 0001.0000 32 slots 4 ports 6 Gbps 0xf impl SATA mode
ahci 0004:03:00.0: flags: 64bit ncq sntf led only pmp fbs pio slum part sxs 
scsi host0: ahci
scsi host1: ahci
scsi host2: ahci
scsi host3: ahci
ata1: SATA max UDMA/133 abar m2048@0x600c200010000 port 0x600c200010100 irq 88
ata2: SATA max UDMA/133 abar m2048@0x600c200010000 port 0x600c200010180 irq 88
ata3: SATA max UDMA/133 abar m2048@0x600c200010000 port 0x600c200010200 irq 88
ata4: SATA max UDMA/133 abar m2048@0x600c200010000 port 0x600c200010280 irq 88
libphy: Fixed MDIO Bus: probed
bnx2x: QLogic 5771x/578xx 10/20-Gigabit Ethernet Driver bnx2x 1.712.30-0 (2014/02/10)
tg3.c:v3.137 (May 11, 2014)
tg3 0005:01:00.0: Using 64-bit DMA iommu bypass
tg3 0005:01:00.0 eth0: Tigon3 [partno(BCM95719) rev 5719001] (PCI Express) MAC address 70:e2:84:14:23:e2
tg3 0005:01:00.0 eth0: attached PHY is 5719C (10/100/1000Base-T Ethernet) (WireSpeed[1], EEE[1])
tg3 0005:01:00.0 eth0: RXcsums[1] LinkChgREG[0] MIirq[0] ASF[1] TSOcap[1]
tg3 0005:01:00.0 eth0: dma_rwctrl[00000000] dma_mask[64-bit]
tg3 0005:01:00.1: Using 64-bit DMA iommu bypass
tg3 0005:01:00.1 eth1: Tigon3 [partno(BCM95719) rev 5719001] (PCI Express) MAC address 70:e2:84:14:23:e3
tg3 0005:01:00.1 eth1: attached PHY is 5719C (10/100/1000Base-T Ethernet) (WireSpeed[1], EEE[1])
tg3 0005:01:00.1 eth1: RXcsums[1] LinkChgREG[0] MIirq[0] ASF[1] TSOcap[1]
tg3 0005:01:00.1 eth1: dma_rwctrl[00000000] dma_mask[64-bit]
eth0: bogus network driver initialization
No IRQ retreived
e100: Intel(R) PRO/100 Network Driver, 3.5.24-k2-NAPI
e100: Copyright(c) 1999-2006 Intel Corporation
e1000: Intel(R) PRO/1000 Network Driver - version 7.3.21-k8-NAPI
e1000: Copyright (c) 1999-2006 Intel Corporation.
e1000e: Intel(R) PRO/1000 Network Driver - 3.2.6-k
e1000e: Copyright(c) 1999 - 2015 Intel Corporation.
i40e: Intel(R) Ethernet Connection XL710 Network Driver - version 1.6.25-k
i40e: Copyright (c) 2013 - 2014 Intel Corporation.
ehci_hcd: USB 2.0 'Enhanced' Host Controller (EHCI) Driver
ehci-pci: EHCI PCI platform driver
ohci_hcd: USB 1.1 'Open' Host Controller (OHCI) Driver
ohci-pci: OHCI PCI platform driver
usbcore: registered new interface driver usb-storage
mousedev: PS/2 mouse device common for all mice
rtc-opal opal-rtc: rtc core: registered rtc-opal as rtc0
device-mapper: uevent: version 1.0.3
device-mapper: ioctl: 4.35.0-ioctl (2016-06-23) initialised: dm-devel@redhat.com
powernv-cpufreq: ibm,pstate-min node not found
powernv-cpufreq: Platform driver disabled. System does not support PState control
usbcore: registered new interface driver usbhid
usbhid: USB HID core driver
oprofile: using timer interrupt.
ipip: IPv4 and MPLS over IPv4 tunneling driver
NET: Registered protocol family 10
Segment Routing with IPv6
sit: IPv6, IPv4 and MPLS over IPv4 tunneling driver
NET: Registered protocol family 17
Key type dns_resolver registered
registered taskstats version 1
console [netcon0] enabled
netconsole: network logging started
rtc-opal opal-rtc: setting system clock to 2017-06-29 21:48:01 UTC (1498772881)
ata4: SATA link down (SStatus 0 SControl 300)
ata3: SATA link down (SStatus 0 SControl 300)
ata1: SATA link up 6.0 Gbps (SStatus 133 SControl 300)
ata2: SATA link up 6.0 Gbps (SStatus 133 SControl 300)
ata1.00: ATA-10: ST1000NX0313         00LY266 00LY265IBM, BE35, max UDMA/133
ata1.00: 1953525168 sectors, multi 0: LBA48 NCQ (depth 31/32), AA
ata2.00: ATA-10: ST1000NX0313         00LY266 00LY265IBM, BE35, max UDMA/133
ata2.00: 1953525168 sectors, multi 0: LBA48 NCQ (depth 31/32), AA
ata1.00: configured for UDMA/133
ata2.00: configured for UDMA/133
scsi 0:0:0:0: Direct-Access     ATA      ST1000NX0313     BE35 PQ: 0 ANSI: 5
sd 0:0:0:0: Attached scsi generic sg0 type 0
sd 0:0:0:0: [sda] 1953525168 512-byte logical blocks: (1.00 TB/932 GiB)
sd 0:0:0:0: [sda] 4096-byte physical blocks
sd 0:0:0:0: [sda] Write Protect is off
sd 0:0:0:0: [sda] Write cache: enabled, read cache: enabled, doesn't support DPO or FUA
scsi 1:0:0:0: Direct-Access     ATA      ST1000NX0313     BE35 PQ: 0 ANSI: 5
Alternate GPT is invalid, using primary GPT.
 sda: sda1 sda2 sda3
sd 0:0:0:0: [sda] Attached SCSI removable disk
sd 1:0:0:0: Attached scsi generic sg1 type 0
sd 1:0:0:0: [sdb] 1953525168 512-byte logical blocks: (1.00 TB/932 GiB)
sd 1:0:0:0: [sdb] 4096-byte physical blocks
sd 1:0:0:0: [sdb] Write Protect is off
sd 1:0:0:0: [sdb] Write cache: enabled, read cache: enabled, doesn't support DPO or FUA
sd 1:0:0:0: [sdb] Attached SCSI removable disk
Freeing unused kernel memory: 704K
This architecture does not have kernel memory protection.
Loading, please wait...
exe (1718) used greatest stack depth: 12208 bytes left
starting version 232
ata_id (1741) used greatest stack depth: 11056 bytes left
tg3 0005:01:00.1 enP5p1s0f1: renamed from eth1
tg3 0005:01:00.0 enP5p1s0f0: renamed from eth0
random: crng init done
Begin: Loading essential drivers ... done.
Begin: Running /scripts/init-premount ... done.
Begin: Mounting root file system ... Begin: Running /scripts/local-top ...   WARNING: Failed to connect to lvmetad. Falling back to device scanning.
  WARNING: Failed to connect to lvmetad. Falling back to device scanning.
  Volume group "w45L-vg" not found
  Cannot process volume group w45L-vg
done.
Begin: Running /scripts/local-premount ... done.
Begin: Will now check root file system ... fsck from util-linux 2.29
[/sbin/fsck.ext4 (1) -- /dev/mapper/w54L--vg-root] fsck.ext4 -a -C0 /dev/mapper/w54L--vg-root 
/dev/mapper/w54L--vg-root: clean, 80170/52428800 files, 4038020/209715200 blocks
done.
EXT4-fs (dm-0): mounted filesystem with ordered data mode. Opts: (null)
done.
Begin: Running /scripts/local-bottom ... done.
Begin: Running /scripts/init-bottom ... done.
ip_tables: (C) 2000-2006 Netfilter Core Team
systemd[1]: Configuration file /etc/systemd/system.conf.d/htxsystemdcustom.conf is marked executable. Please remove executable permission bits. Proceeding anyway.
systemd[1]: systemd 232 running in system mode. (+PAM +AUDIT +SELINUX +IMA +APPARMOR +SMACK +SYSVINIT +UTMP +LIBCRYPTSETUP +GCRYPT +GNUTLS +ACL +XZ +LZ4 +SECCOMP +BLKID +ELFUTILS +KMOD +IDN)
systemd[1]: Detected architecture ppc64-le.

Welcome to [1mUbuntu Zesty Zapus (development branch)[0m!

systemd[1]: Set hostname to &lt;w54L&gt;.
netplan (1833) used greatest stack depth: 11024 bytes left
systemd-fstab-g (1836) used greatest stack depth: 10496 bytes left
systemd[1]: Listening on Device-mapper event daemon FIFOs.
[[0;32m  OK  [0m] Listening on Device-mapper event daemon FIFOs.
systemd[1]: Created slice User and Session Slice.
[[0;32m  OK  [0m] Created slice User and Session Slice.
systemd[1]: Listening on LVM2 poll daemon socket.
[[0;32m  OK  [0m] Listening on LVM2 poll daemon socket.
systemd[1]: Listening on /dev/initctl Compatibility Named Pipe.
[[0;32m  OK  [0m] Listening on /dev/initctl Compatibility Named Pipe.
systemd[1]: Listening on Syslog Socket.
[[0;32m  OK  [0m] Listening on Syslog Socket.
systemd[1]: Listening on udev Control Socket.
[[0;32m  OK  [0m] Listening on udev Control Socket.
systemd[1]: Created slice System Slice.
[[0;32m  OK  [0m] Created slice System Slice.
         Mounting Huge Pages File System...
[[0;32m  OK  [0m] Created slice system-systemd\x2dfsck.slice.
[[0;32m  OK  [0m] Started Forward Password Requests to Wall Directory Watch.
[[0;32m  OK  [0m] Listening on udev Kernel Socket.
[[0;32m  OK  [0m] Listening on Journal Audit Socket.
[[0;32m  OK  [0m] Listening on fsck to fsckd communication Socket.
[[0;32m  OK  [0m] Created slice system-serial\x2dgetty.slice.
[[0;32m  OK  [0m] Listening on Journal Socket (/dev/log).
[[0;32m  OK  [0m] Listening on Journal Socket.
[[0;32m  OK  [0m] Started Read required files in advance.
         Starting Uncomplicated firewall...
         Starting Set the console keyboard layout...
         Starting Nameserver information manager...
         Starting Load Kernel Modules...
[[0;32m  OK  [0m] Listening on LVM2 metadata daemon socket.
         Mounting Debug File System...
         Starting Create list of required st\xe2\x80\xa6ce nodes for the current kernel...
[[0;32m  OK  [0m] Reached target Remote File Systems.
[[0;32m  OK  [0m] Reached target User and Group Name Lookups.
         Mounting POSIX Message Queue File System...
         Starting Monitoring of LVM2 mirrors\xe2\x80\xa6ng dmeventd or progress polling...
[[0;32m  OK  [0m] Reached target Slices.
         Starting Journal Service...
[[0;32m  OK  [0m] Set up automount Arbitrary Executab\xe2\x80\xa6rmats File System Automount Point.
[[0;32m  OK  [0m] Started Uncomplicated firewall.
[[0;32m  OK  [0m] Started Create list of required sta\xe2\x80\xa6vice nodes for the current kernel.
         Starting Create Static Device Nodes in /dev...
[[0;32m  OK  [0m] Started Journal Service.
[[0;32m  OK  [0m] Started Load Kernel Modules.
         Starting Apply Kernel Variables...
[[0;32m  OK  [0m] Started Apply Kernel Variables.
[[0;32m  OK  [0m] Mounted POSIX Message Queue File System.
[[0;32m  OK  [0m] Mounted Huge Pages File System.
[[0;32m  OK  [0m] Mounted Debug File System.
[[0;32m  OK  [0m] Started Create Static Device Nodes in /dev.
         Starting udev Kernel Device Manager...
[[0;32m  OK  [0m] Started Nameserver information manager.
[[0;32m  OK  [0m] Reached target Network (Pre).
[[0;32m  OK  [0m] Started LVM2 metadata daemon.
[[0;32m  OK  [0m] Started udev Kernel Device Manager.
         Starting Remount Root and Kernel File Systems...
[[0;32m  OK  [0m] Started Remount Root and Kernel File Systems.
         Starting udev Coldplug all Devices...
         Starting Flush Journal to Persistent Storage...
         Starting Load/Save Random Seed...
[[0;32m  OK  [0m] Started Flush Journal to Persistent Storage.
[[0;32m  OK  [0m] Started Load/Save Random Seed.
[[0;32m  OK  [0m] Started Set the console keyboard layout.
[[0;32m  OK  [0m] Started udev Coldplug all Devices.
[[0;32m  OK  [0m] Started Dispatch Password Requests to Console Directory Watch.
[[0;32m  OK  [0m] Reached target Encrypted Volumes.
[[0;32m  OK  [0m] Reached target Paths.
[[0;32m  OK  [0m] Found device NetXtreme BCM5719 Gigabit Ethernet PCIe.
[[0;32m  OK  [0m] Found device /dev/hvc0.
[[0;32m  OK  [0m] Found device ST1000NX0313_00LY266_00LY265IBM 2.
[[0;32m  OK  [0m] Found device /dev/mapper/w54L--vg-swap_1.
         Activating swap /dev/mapper/w54L--vg-swap_1...
[[0;32m  OK  [0m] Activated swap /dev/mapper/w54L--vg-swap_1.
[[0;32m  OK  [0m] Reached target Swap.
[[0;32m  OK  [0m] Started Monitoring of LVM2 mirrors,\xe2\x80\xa6sing dmeventd or progress polling.
[[0;32m  OK  [0m] Reached target Local File Systems (Pre).
         Starting File System Check on /dev/\xe2\x80\xa68b2-1502-4d88-b7c1-89f213007a57...
[[0;32m  OK  [0m] Started File System Check Daemon to report status.
[[0;32m  OK  [0m] Started File System Check on /dev/d\xe2\x80\xa6da8b2-1502-4d88-b7c1-89f213007a57.
         Mounting /boot...
[[0;32m  OK  [0m] Mounted /boot.
[[0;32m  OK  [0m] Reached target Local File Systems.
         Starting Set console font and keymap...
         Starting Create Volatile Files and Directories...
         Starting Raise network interfaces...
[[0;32m  OK  [0m] Started ifup for enP5p1s0f0.
         Starting Tell Plymouth To Write Out Runtime Data...
[[0;32m  OK  [0m] Started Set console font and keymap.
[[0;32m  OK  [0m] Started Create Volatile Files and Directories.
         Starting Network Time Synchronization...
         Starting Update UTMP about System Boot/Shutdown...
[[0;32m  OK  [0m] Started Tell Plymouth To Write Out Runtime Data.
[[0;32m  OK  [0m] Started Update UTMP about System Boot/Shutdown.
[[0;32m  OK  [0m] Started Network Time Synchronization.
[[0;32m  OK  [0m] Reached target System Initialization.
[[0;32m  OK  [0m] Reached target System Time Synchronized.
[[0;32m  OK  [0m] Started Message of the Day.
[[0;32m  OK  [0m] Started Daily Cleanup of Temporary Directories.
[[0;32m  OK  [0m] Started Daily apt activities.
[[0;32m  OK  [0m] Reached target Timers.
[[0;32m  OK  [0m] Listening on UUID daemon activation socket.
[[0;32m  OK  [0m] Listening on D-Bus System Message Bus Socket.
[[0;32m  OK  [0m] Reached target Sockets.
[[0;32m  OK  [0m] Reached target Basic System.
[[0;32m  OK  [0m] Started Set the CPU Frequency Scaling governor.
         Starting LSB: Start htx daemon...
         Starting LSB: Example initscript...
         Starting System Logging Service...
[[0;32m  OK  [0m] Started Regular background program processing daemon.
         Starting LSB: Start opensm subnet manager....
         Starting LSB: daemon to balance interrupts for SMP systems...
[[0;32m  OK  [0m] Started D-Bus System Message Bus.
         Starting Login Service...
         Starting Accounts Service...
[[0;32m  OK  [0m] Started System Logging Service.
[[0;32m  OK  [0m] Started LSB: Example initscript.
[[0;32m  OK  [0m] Started LSB: Start opensm subnet manager..
[[0;32m  OK  [0m] Started Login Service.
[[0;32m  OK  [0m] Started Raise network interfaces.
[[0;32m  OK  [0m] Reached target Network.
         Starting OpenBSD Secure Shell server...
         Starting Network Name Resolution...
         Starting Permit User Sessions...
[[0;32m  OK  [0m] Started LSB: daemon to balance interrupts for SMP systems.
[[0;32m  OK  [0m] Started Permit User Sessions.
         Starting Terminate Plymouth Boot Screen...
         Starting Hold until boot process finishes up...
[[0;32m  OK  [0m] Started Hold until boot process finishes up.
         Starting Set console scheme...
[[0;32m  OK  [0m] Started Serial Getty on hvc0.
[[0;32m  OK  [0m] Started Terminate Plymouth Boot Screen.
[[0;32m  OK  [0m] Started Set console scheme.
[[0;32m  OK  [0m] Created slice system-getty.slice.
[[0;32m  OK  [0m] Started Getty on tty1.
[[0;32m  OK  [0m] Reached target Login Prompts.
[[0;32m  OK  [0m] Started Accounts Service.
[[0;32m  OK  [0m] Started OpenBSD Secure Shell server.
[[0;32m  OK  [0m] Started Network Name Resolution.
[[0;32m  OK  [0m] Started LSB: Start htx daemon.
[[0;32m  OK  [0m] Reached target Multi-User System.
[[0;32m  OK  [0m] Reached target Graphical Interface.
[[0;32m  OK  [0m] Started Stop ureadahead data collection 45s after completed startup.
         Starting Update UTMP about System Runlevel Changes...
[[0;32m  OK  [0m] Started Update UTMP about System Runlevel Changes.

Ubuntu Zesty Zapus (development branch) w54L hvc0

w54L login: </msg>
<status status="PASS" endtime="20170629 21:50:18.990" starttime="20170629 21:50:18.940"></status>
</kw>
<status status="PASS" endtime="20170629 21:50:18.990" starttime="20170629 21:49:55.604"></status>
</kw>
<doc>Power off and on.</doc>
<tags>
<tag>chassisboot</tag>
<tag>Power_On_Test</tag>
</tags>
<status status="FAIL" endtime="20170629 21:50:18.990" critical="yes" starttime="20170629 21:45:42.399">Keyword 'Is Host Off' failed after retrying for 3 minutes. The last error was: Off != Running</status>
</test>
<doc>Test power on for HW CI.</doc>
<status status="FAIL" endtime="20170629 21:50:18.991" starttime="20170629 21:45:42.369"></status>
</suite>
<doc>Set metadata for test suite.</doc>
<status status="FAIL" endtime="20170629 21:50:18.994" starttime="20170629 21:45:35.591"></status>
</suite>
<statistics>
<total>
<stat fail="1" pass="1">Critical Tests</stat>
<stat fail="1" pass="1">All Tests</stat>
</total>
<tag>
<stat fail="1" pass="0">chassisboot</stat>
<stat fail="1" pass="0">Power_On_Test</stat>
<stat fail="0" pass="1">Test_SSL_Connection</stat>
</tag>
<suite>
<stat id="s1" fail="1" name="Tests" pass="1">Tests</stat>
<stat id="s1-s1" fail="0" name="Security" pass="1">Tests.Security</stat>
<stat id="s1-s1-s1" fail="0" name="Test Ssl" pass="1">Tests.Security.Test Ssl</stat>
<stat id="s1-s2" fail="1" name="Test Basic Poweron" pass="0">Tests.Test Basic Poweron</stat>
</suite>
</statistics>
<errors>
</errors>
</robot>
