<?xml version="1.0" encoding="UTF-8"?>
<robot generator="Robot 3.0.2 (Python 2.7.12 on linux2)" generated="20170516 02:34:14.398">
<suite id="s1" source="/tmp/fspcibld/6467/obmc-robot/tests" name="Tests">
<kw name="System Driver Data" type="setup">
<doc>System driver information.</doc>
<kw name="Open Connection And Log In" library="connection_client">
<doc>Opens a connection with the given arguments, and logs in.</doc>
<kw name="Run Keyword And Return Status" library="BuiltIn">
<doc>Runs the given keyword with given arguments and returns the status as a Boolean value.</doc>
<arguments>
<arg>Dictionary Should Contain Key</arg>
<arg>${connection_args}</arg>
<arg>host</arg>
</arguments>
<assign>
<var>${has_host}</var>
</assign>
<kw name="Dictionary Should Contain Key" library="Collections">
<doc>Fails if ``key`` is not found from ``dictionary``.</doc>
<arguments>
<arg>${connection_args}</arg>
<arg>host</arg>
</arguments>
<msg timestamp="20170516 02:34:14.969" level="FAIL">Dictionary does not contain key 'host'.</msg>
<status endtime="20170516 02:34:14.969" status="FAIL" starttime="20170516 02:34:14.968"></status>
</kw>
<msg timestamp="20170516 02:34:14.969" level="INFO">${has_host} = False</msg>
<status endtime="20170516 02:34:14.969" status="PASS" starttime="20170516 02:34:14.968"></status>
</kw>
<kw name="Run Keyword If" library="BuiltIn">
<doc>Runs the given keyword with the given arguments, if ``condition`` is true.</doc>
<arguments>
<arg>${has_host} == ${FALSE}</arg>
<arg>Set To Dictionary</arg>
<arg>${connection_args}</arg>
<arg>host=${OPENBMC_HOST}</arg>
</arguments>
<kw name="Set To Dictionary" library="Collections">
<doc>Adds the given ``key_value_pairs`` and ``items`` to the ``dictionary``.</doc>
<arguments>
<arg>${connection_args}</arg>
<arg>host=${OPENBMC_HOST}</arg>
</arguments>
<status endtime="20170516 02:34:14.970" status="PASS" starttime="20170516 02:34:14.970"></status>
</kw>
<status endtime="20170516 02:34:14.970" status="PASS" starttime="20170516 02:34:14.969"></status>
</kw>
<kw name="Run Keyword If" library="BuiltIn">
<doc>Runs the given keyword with the given arguments, if ``condition`` is true.</doc>
<arguments>
<arg>'${SSH_PORT}' != '${EMPTY}' and '${HTTPS_PORT}' != '${EMPTY}'</arg>
<arg>User input SSH and HTTPs Ports</arg>
</arguments>
<kw name="User input SSH and HTTPs Ports" library="connection_client">
<doc>Update the global SSH and HTTPs port variable for QEMU</doc>
<kw name="Convert To Integer" library="BuiltIn">
<doc>Converts the given item to an integer number.</doc>
<arguments>
<arg>${SSH_PORT}</arg>
</arguments>
<assign>
<var>${port_num}</var>
</assign>
<msg timestamp="20170516 02:34:14.971" level="INFO">${port_num} = 22</msg>
<status endtime="20170516 02:34:14.971" status="PASS" starttime="20170516 02:34:14.971"></status>
</kw>
<kw name="Replace Variables" library="BuiltIn">
<doc>Replaces variables in the given text with their current values.</doc>
<arguments>
<arg>${port_num}</arg>
</arguments>
<assign>
<var>${SSH_PORT}</var>
</assign>
<msg timestamp="20170516 02:34:14.972" level="INFO">${SSH_PORT} = 22</msg>
<status endtime="20170516 02:34:14.972" status="PASS" starttime="20170516 02:34:14.972"></status>
</kw>
<kw name="Convert To Integer" library="BuiltIn">
<doc>Converts the given item to an integer number.</doc>
<arguments>
<arg>${HTTPS_PORT}</arg>
</arguments>
<assign>
<var>${https_num}</var>
</assign>
<msg timestamp="20170516 02:34:14.972" level="INFO">${https_num} = 443</msg>
<status endtime="20170516 02:34:14.972" status="PASS" starttime="20170516 02:34:14.972"></status>
</kw>
<kw name="Set Global Variable" library="BuiltIn">
<doc>Makes a variable available globally in all tests and suites.</doc>
<arguments>
<arg>${AUTH_URI}</arg>
<arg>https://${OPENBMC_HOST}:${https_num}</arg>
</arguments>
<msg timestamp="20170516 02:34:14.973" level="INFO">${AUTH_URI} = https://9.3.86.161:443</msg>
<status endtime="20170516 02:34:14.973" status="PASS" starttime="20170516 02:34:14.973"></status>
</kw>
<status endtime="20170516 02:34:14.973" status="PASS" starttime="20170516 02:34:14.971"></status>
</kw>
<status endtime="20170516 02:34:14.973" status="PASS" starttime="20170516 02:34:14.970"></status>
</kw>
<kw name="Run Keyword And Return Status" library="BuiltIn">
<doc>Runs the given keyword with given arguments and returns the status as a Boolean value.</doc>
<arguments>
<arg>Dictionary Should Contain Key</arg>
<arg>${connection_args}</arg>
<arg>port</arg>
</arguments>
<assign>
<var>${has_port}</var>
</assign>
<kw name="Dictionary Should Contain Key" library="Collections">
<doc>Fails if ``key`` is not found from ``dictionary``.</doc>
<arguments>
<arg>${connection_args}</arg>
<arg>port</arg>
</arguments>
<msg timestamp="20170516 02:34:14.974" level="FAIL">Dictionary does not contain key 'port'.</msg>
<status endtime="20170516 02:34:14.974" status="FAIL" starttime="20170516 02:34:14.974"></status>
</kw>
<msg timestamp="20170516 02:34:14.974" level="INFO">${has_port} = False</msg>
<status endtime="20170516 02:34:14.974" status="PASS" starttime="20170516 02:34:14.973"></status>
</kw>
<kw name="Run Keyword If" library="BuiltIn">
<doc>Runs the given keyword with the given arguments, if ``condition`` is true.</doc>
<arguments>
<arg>'${SSH_PORT}' != '${EMPTY}' and ${has_port} == ${FALSE}</arg>
<arg>Run Keywords</arg>
<arg>Set To Dictionary</arg>
<arg>${connection_args}</arg>
<arg>port=${SSH_PORT}</arg>
<arg>AND</arg>
<arg>SSHLibrary.Open connection</arg>
<arg>&amp;{connection_args}</arg>
<arg>ELSE</arg>
<arg>Run Keyword</arg>
<arg>SSHLibrary.Open connection</arg>
<arg>&amp;{connection_args}</arg>
</arguments>
<kw name="Run Keywords" library="BuiltIn">
<doc>Executes all the given keywords in a sequence.</doc>
<arguments>
<arg>Set To Dictionary</arg>
<arg>${connection_args}</arg>
<arg>port=${SSH_PORT}</arg>
<arg>AND</arg>
<arg>SSHLibrary.Open connection</arg>
<arg>&amp;{connection_args}</arg>
</arguments>
<kw name="Set To Dictionary" library="Collections">
<doc>Adds the given ``key_value_pairs`` and ``items`` to the ``dictionary``.</doc>
<arguments>
<arg>${connection_args}</arg>
<arg>port=${SSH_PORT}</arg>
</arguments>
<status endtime="20170516 02:34:14.976" status="PASS" starttime="20170516 02:34:14.976"></status>
</kw>
<kw name="Open Connection" library="SSHLibrary">
<doc>Opens a new SSH connection to the given `host` and `port`.</doc>
<arguments>
<arg>&amp;{connection_args}</arg>
</arguments>
<status endtime="20170516 02:34:14.976" status="PASS" starttime="20170516 02:34:14.976"></status>
</kw>
<status endtime="20170516 02:34:14.977" status="PASS" starttime="20170516 02:34:14.975"></status>
</kw>
<status endtime="20170516 02:34:14.977" status="PASS" starttime="20170516 02:34:14.975"></status>
</kw>
<kw name="Login" library="SSHLibrary">
<doc>Logs into the SSH server with the given `username` and `password`.</doc>
<arguments>
<arg>${username}</arg>
<arg>${password}</arg>
</arguments>
<msg timestamp="20170516 02:34:14.977" level="INFO">Logging into '9.3.86.161:22' as 'root'.</msg>
<msg timestamp="20170516 02:34:16.921" level="INFO">Read output: root@witherspoon:~#</msg>
<status endtime="20170516 02:34:16.921" status="PASS" starttime="20170516 02:34:14.977"></status>
</kw>
<status endtime="20170516 02:34:16.921" status="PASS" starttime="20170516 02:34:14.967"></status>
</kw>
<kw name="Run Keyword And Ignore Error" library="BuiltIn">
<doc>Runs the given keyword with the given arguments and ignores possible error.</doc>
<arguments>
<arg>Log BMC Driver Details</arg>
</arguments>
<kw name="Log BMC Driver Details">
<doc>Get BMC driver details and log.</doc>
<kw name="Execute Command" library="SSHLibrary">
<doc>Executes `command` on the remote machine and returns its outputs.</doc>
<arguments>
<arg>${DRIVER_CMD}</arg>
<arg>return_stderr=True</arg>
</arguments>
<assign>
<var>${output}</var>
<var>${stderr}</var>
</assign>
<msg timestamp="20170516 02:34:16.922" level="INFO">Executing command 'cat /etc/os-release | grep ^VERSION_ID='.</msg>
<msg timestamp="20170516 02:34:17.201" level="INFO">Command exited with return code 0.</msg>
<msg timestamp="20170516 02:34:17.201" level="INFO">${output} = VERSION_ID="v1.99.5-42-g6867b64"</msg>
<msg timestamp="20170516 02:34:17.201" level="INFO">${stderr} = </msg>
<status endtime="20170516 02:34:17.201" status="PASS" starttime="20170516 02:34:16.922"></status>
</kw>
<kw name="Should Be Empty" library="BuiltIn">
<doc>Verifies that the given item is empty.</doc>
<arguments>
<arg>${stderr}</arg>
</arguments>
<msg timestamp="20170516 02:34:17.202" level="INFO">Length is 0</msg>
<status endtime="20170516 02:34:17.202" status="PASS" starttime="20170516 02:34:17.202"></status>
</kw>
<kw name="Log" library="BuiltIn">
<doc>Logs the given message with the given level.</doc>
<arguments>
<arg>${output}</arg>
</arguments>
<msg timestamp="20170516 02:34:17.202" level="INFO">VERSION_ID="v1.99.5-42-g6867b64"</msg>
<status endtime="20170516 02:34:17.202" status="PASS" starttime="20170516 02:34:17.202"></status>
</kw>
<status endtime="20170516 02:34:17.203" status="PASS" starttime="20170516 02:34:16.922"></status>
</kw>
<status endtime="20170516 02:34:17.203" status="PASS" starttime="20170516 02:34:16.921"></status>
</kw>
<kw name="Run Keyword And Ignore Error" library="BuiltIn">
<doc>Runs the given keyword with the given arguments and ignores possible error.</doc>
<arguments>
<arg>Log PNOR Driver Details</arg>
</arguments>
<kw name="Log PNOR Driver Details">
<doc>Get PNOR driver details and log.</doc>
<kw name="Execute Command On BMC" library="utils">
<doc>Execute given command on BMC and return output.</doc>
<arguments>
<arg>${PNOR_CMD}</arg>
</arguments>
<assign>
<var>${pnor_details}</var>
</assign>
<kw name="Execute Command" library="SSHLibrary">
<doc>Executes `command` on the remote machine and returns its outputs.</doc>
<arguments>
<arg>${command}</arg>
<arg>return_stderr=True</arg>
</arguments>
<assign>
<var>${stdout}</var>
<var>${stderr}</var>
</assign>
<msg timestamp="20170516 02:34:17.204" level="INFO">Executing command '/usr/sbin/pflash -r /tmp/out.txt -P VERSION; cat /tmp/out.txt'.</msg>
<msg timestamp="20170516 02:34:17.339" level="INFO">Command exited with return code 0.</msg>
<msg timestamp="20170516 02:34:17.339" level="INFO">${stdout} = Reading to "/tmp/out.txt" from 0x027e0000..0x027e1000 !
[                                                  ] 0%[==================================================] 100%
IBM-witherspoon-ibm-OP9_v1.15...</msg>
<msg timestamp="20170516 02:34:17.340" level="INFO">${stderr} = </msg>
<status endtime="20170516 02:34:17.340" status="PASS" starttime="20170516 02:34:17.204"></status>
</kw>
<kw name="Should Be Empty" library="BuiltIn">
<doc>Verifies that the given item is empty.</doc>
<arguments>
<arg>${stderr}</arg>
</arguments>
<msg timestamp="20170516 02:34:17.340" level="INFO">Length is 0</msg>
<status endtime="20170516 02:34:17.340" status="PASS" starttime="20170516 02:34:17.340"></status>
</kw>
<msg timestamp="20170516 02:34:17.340" level="INFO">${pnor_details} = Reading to "/tmp/out.txt" from 0x027e0000..0x027e1000 !
[                                                  ] 0%[==================================================] 100%
IBM-witherspoon-ibm-OP9_v1.15...</msg>
<status endtime="20170516 02:34:17.340" status="PASS" starttime="20170516 02:34:17.203"></status>
</kw>
<kw name="Log" library="BuiltIn">
<doc>Logs the given message with the given level.</doc>
<arguments>
<arg>PNOR_INFO=${pnor_details}</arg>
</arguments>
<msg timestamp="20170516 02:34:17.341" level="INFO">PNOR_INFO=Reading to "/tmp/out.txt" from 0x027e0000..0x027e1000 !
[                                                  ] 0%[==================================================] 100%
IBM-witherspoon-ibm-OP9_v1.15_1.22
	op-build-v1.15-115-ge46df0d-dirty
	buildroot-2017.02-4-gc28573e
	skiboot-5.5.0-rc3
	hostboot-3a3d65e
	linux-4.10.7-openpower1-pb32b856
	petitboot-v1.4.2-pa470686
	witherspoon-xml-07ef29d
	occ-e1889e5
	hostboot-binaries-46670e3
	capp-ucode-1bb7503
</msg>
<status endtime="20170516 02:34:17.342" status="PASS" starttime="20170516 02:34:17.341"></status>
</kw>
<status endtime="20170516 02:34:17.342" status="PASS" starttime="20170516 02:34:17.203"></status>
</kw>
<status endtime="20170516 02:34:17.342" status="PASS" starttime="20170516 02:34:17.203"></status>
</kw>
<kw name="Run Keyword And Ignore Error" library="BuiltIn">
<doc>Runs the given keyword with the given arguments and ignores possible error.</doc>
<arguments>
<arg>Log BMC Model</arg>
</arguments>
<kw name="Log BMC Model">
<doc>Fetch BMC Model name from system and log.</doc>
<kw name="Get BMC System Model" library="utils">
<doc>Get the BMC model from the device tree.</doc>
<assign>
<var>${bmc_model}</var>
</assign>
<kw name="Open Connection And Log In" library="connection_client">
<doc>Opens a connection with the given arguments, and logs in.</doc>
<kw name="Run Keyword And Return Status" library="BuiltIn">
<doc>Runs the given keyword with given arguments and returns the status as a Boolean value.</doc>
<arguments>
<arg>Dictionary Should Contain Key</arg>
<arg>${connection_args}</arg>
<arg>host</arg>
</arguments>
<assign>
<var>${has_host}</var>
</assign>
<kw name="Dictionary Should Contain Key" library="Collections">
<doc>Fails if ``key`` is not found from ``dictionary``.</doc>
<arguments>
<arg>${connection_args}</arg>
<arg>host</arg>
</arguments>
<msg timestamp="20170516 02:34:17.345" level="FAIL">Dictionary does not contain key 'host'.</msg>
<status endtime="20170516 02:34:17.345" status="FAIL" starttime="20170516 02:34:17.345"></status>
</kw>
<msg timestamp="20170516 02:34:17.345" level="INFO">${has_host} = False</msg>
<status endtime="20170516 02:34:17.345" status="PASS" starttime="20170516 02:34:17.344"></status>
</kw>
<kw name="Run Keyword If" library="BuiltIn">
<doc>Runs the given keyword with the given arguments, if ``condition`` is true.</doc>
<arguments>
<arg>${has_host} == ${FALSE}</arg>
<arg>Set To Dictionary</arg>
<arg>${connection_args}</arg>
<arg>host=${OPENBMC_HOST}</arg>
</arguments>
<kw name="Set To Dictionary" library="Collections">
<doc>Adds the given ``key_value_pairs`` and ``items`` to the ``dictionary``.</doc>
<arguments>
<arg>${connection_args}</arg>
<arg>host=${OPENBMC_HOST}</arg>
</arguments>
<status endtime="20170516 02:34:17.346" status="PASS" starttime="20170516 02:34:17.346"></status>
</kw>
<status endtime="20170516 02:34:17.346" status="PASS" starttime="20170516 02:34:17.345"></status>
</kw>
<kw name="Run Keyword If" library="BuiltIn">
<doc>Runs the given keyword with the given arguments, if ``condition`` is true.</doc>
<arguments>
<arg>'${SSH_PORT}' != '${EMPTY}' and '${HTTPS_PORT}' != '${EMPTY}'</arg>
<arg>User input SSH and HTTPs Ports</arg>
</arguments>
<kw name="User input SSH and HTTPs Ports" library="connection_client">
<doc>Update the global SSH and HTTPs port variable for QEMU</doc>
<kw name="Convert To Integer" library="BuiltIn">
<doc>Converts the given item to an integer number.</doc>
<arguments>
<arg>${SSH_PORT}</arg>
</arguments>
<assign>
<var>${port_num}</var>
</assign>
<msg timestamp="20170516 02:34:17.348" level="INFO">${port_num} = 22</msg>
<status endtime="20170516 02:34:17.348" status="PASS" starttime="20170516 02:34:17.347"></status>
</kw>
<kw name="Replace Variables" library="BuiltIn">
<doc>Replaces variables in the given text with their current values.</doc>
<arguments>
<arg>${port_num}</arg>
</arguments>
<assign>
<var>${SSH_PORT}</var>
</assign>
<msg timestamp="20170516 02:34:17.348" level="INFO">${SSH_PORT} = 22</msg>
<status endtime="20170516 02:34:17.348" status="PASS" starttime="20170516 02:34:17.348"></status>
</kw>
<kw name="Convert To Integer" library="BuiltIn">
<doc>Converts the given item to an integer number.</doc>
<arguments>
<arg>${HTTPS_PORT}</arg>
</arguments>
<assign>
<var>${https_num}</var>
</assign>
<msg timestamp="20170516 02:34:17.349" level="INFO">${https_num} = 443</msg>
<status endtime="20170516 02:34:17.349" status="PASS" starttime="20170516 02:34:17.348"></status>
</kw>
<kw name="Set Global Variable" library="BuiltIn">
<doc>Makes a variable available globally in all tests and suites.</doc>
<arguments>
<arg>${AUTH_URI}</arg>
<arg>https://${OPENBMC_HOST}:${https_num}</arg>
</arguments>
<msg timestamp="20170516 02:34:17.349" level="INFO">${AUTH_URI} = https://9.3.86.161:443</msg>
<status endtime="20170516 02:34:17.349" status="PASS" starttime="20170516 02:34:17.349"></status>
</kw>
<status endtime="20170516 02:34:17.350" status="PASS" starttime="20170516 02:34:17.347"></status>
</kw>
<status endtime="20170516 02:34:17.350" status="PASS" starttime="20170516 02:34:17.346"></status>
</kw>
<kw name="Run Keyword And Return Status" library="BuiltIn">
<doc>Runs the given keyword with given arguments and returns the status as a Boolean value.</doc>
<arguments>
<arg>Dictionary Should Contain Key</arg>
<arg>${connection_args}</arg>
<arg>port</arg>
</arguments>
<assign>
<var>${has_port}</var>
</assign>
<kw name="Dictionary Should Contain Key" library="Collections">
<doc>Fails if ``key`` is not found from ``dictionary``.</doc>
<arguments>
<arg>${connection_args}</arg>
<arg>port</arg>
</arguments>
<msg timestamp="20170516 02:34:17.351" level="FAIL">Dictionary does not contain key 'port'.</msg>
<status endtime="20170516 02:34:17.351" status="FAIL" starttime="20170516 02:34:17.350"></status>
</kw>
<msg timestamp="20170516 02:34:17.351" level="INFO">${has_port} = False</msg>
<status endtime="20170516 02:34:17.351" status="PASS" starttime="20170516 02:34:17.350"></status>
</kw>
<kw name="Run Keyword If" library="BuiltIn">
<doc>Runs the given keyword with the given arguments, if ``condition`` is true.</doc>
<arguments>
<arg>'${SSH_PORT}' != '${EMPTY}' and ${has_port} == ${FALSE}</arg>
<arg>Run Keywords</arg>
<arg>Set To Dictionary</arg>
<arg>${connection_args}</arg>
<arg>port=${SSH_PORT}</arg>
<arg>AND</arg>
<arg>SSHLibrary.Open connection</arg>
<arg>&amp;{connection_args}</arg>
<arg>ELSE</arg>
<arg>Run Keyword</arg>
<arg>SSHLibrary.Open connection</arg>
<arg>&amp;{connection_args}</arg>
</arguments>
<kw name="Run Keywords" library="BuiltIn">
<doc>Executes all the given keywords in a sequence.</doc>
<arguments>
<arg>Set To Dictionary</arg>
<arg>${connection_args}</arg>
<arg>port=${SSH_PORT}</arg>
<arg>AND</arg>
<arg>SSHLibrary.Open connection</arg>
<arg>&amp;{connection_args}</arg>
</arguments>
<kw name="Set To Dictionary" library="Collections">
<doc>Adds the given ``key_value_pairs`` and ``items`` to the ``dictionary``.</doc>
<arguments>
<arg>${connection_args}</arg>
<arg>port=${SSH_PORT}</arg>
</arguments>
<status endtime="20170516 02:34:17.352" status="PASS" starttime="20170516 02:34:17.352"></status>
</kw>
<kw name="Open Connection" library="SSHLibrary">
<doc>Opens a new SSH connection to the given `host` and `port`.</doc>
<arguments>
<arg>&amp;{connection_args}</arg>
</arguments>
<status endtime="20170516 02:34:17.353" status="PASS" starttime="20170516 02:34:17.352"></status>
</kw>
<status endtime="20170516 02:34:17.353" status="PASS" starttime="20170516 02:34:17.352"></status>
</kw>
<status endtime="20170516 02:34:17.353" status="PASS" starttime="20170516 02:34:17.351"></status>
</kw>
<kw name="Login" library="SSHLibrary">
<doc>Logs into the SSH server with the given `username` and `password`.</doc>
<arguments>
<arg>${username}</arg>
<arg>${password}</arg>
</arguments>
<msg timestamp="20170516 02:34:17.354" level="INFO">Logging into '9.3.86.161:22' as 'root'.</msg>
<msg timestamp="20170516 02:34:19.030" level="INFO">Read output: root@witherspoon:~#</msg>
<status endtime="20170516 02:34:19.031" status="PASS" starttime="20170516 02:34:17.353"></status>
</kw>
<status endtime="20170516 02:34:19.031" status="PASS" starttime="20170516 02:34:17.344"></status>
</kw>
<kw name="Execute Command" library="SSHLibrary">
<doc>Executes `command` on the remote machine and returns its outputs.</doc>
<arguments>
<arg>cat ${devicetree_base} | cut -d " " -f 1</arg>
<arg>return_stderr=True</arg>
</arguments>
<assign>
<var>${bmc_model}</var>
<var>${stderr}</var>
</assign>
<msg timestamp="20170516 02:34:19.032" level="INFO">Executing command 'cat /sys/firmware/devicetree/base/model | cut -d " " -f 1'.</msg>
<msg timestamp="20170516 02:34:19.098" level="INFO">Command exited with return code 0.</msg>
<msg timestamp="20170516 02:34:19.098" level="INFO">${bmc_model} = Witherspoon</msg>
<msg timestamp="20170516 02:34:19.098" level="INFO">${stderr} = </msg>
<status endtime="20170516 02:34:19.098" status="PASS" starttime="20170516 02:34:19.031"></status>
</kw>
<kw name="Should Be Empty" library="BuiltIn">
<doc>Verifies that the given item is empty.</doc>
<arguments>
<arg>${stderr}</arg>
</arguments>
<msg timestamp="20170516 02:34:19.099" level="INFO">Length is 0</msg>
<status endtime="20170516 02:34:19.099" status="PASS" starttime="20170516 02:34:19.099"></status>
</kw>
<kw name="Should Not Be Empty" library="BuiltIn">
<doc>Verifies that the given item is not empty.</doc>
<arguments>
<arg>${bmc_model}</arg>
</arguments>
<msg timestamp="20170516 02:34:19.099" level="INFO">Length is 11</msg>
<status endtime="20170516 02:34:19.099" status="PASS" starttime="20170516 02:34:19.099"></status>
</kw>
<msg timestamp="20170516 02:34:19.100" level="INFO">${bmc_model} = Witherspoon</msg>
<status endtime="20170516 02:34:19.100" status="PASS" starttime="20170516 02:34:17.343"></status>
</kw>
<kw name="Log" library="BuiltIn">
<doc>Logs the given message with the given level.</doc>
<arguments>
<arg>BMC Model=${bmc_model}</arg>
</arguments>
<msg timestamp="20170516 02:34:19.100" level="INFO">BMC Model=Witherspoon</msg>
<status endtime="20170516 02:34:19.100" status="PASS" starttime="20170516 02:34:19.100"></status>
</kw>
<status endtime="20170516 02:34:19.100" status="PASS" starttime="20170516 02:34:17.343"></status>
</kw>
<status endtime="20170516 02:34:19.100" status="PASS" starttime="20170516 02:34:17.343"></status>
</kw>
<kw name="Run Keyword And Ignore Error" library="BuiltIn">
<doc>Runs the given keyword with the given arguments and ignores possible error.</doc>
<arguments>
<arg>Enable Core Dump On BMC</arg>
</arguments>
<kw name="Enable Core Dump On BMC" library="utils">
<doc>Enable core dump collection.</doc>
<kw name="Open Connection And Log In" library="connection_client">
<doc>Opens a connection with the given arguments, and logs in.</doc>
<kw name="Run Keyword And Return Status" library="BuiltIn">
<doc>Runs the given keyword with given arguments and returns the status as a Boolean value.</doc>
<arguments>
<arg>Dictionary Should Contain Key</arg>
<arg>${connection_args}</arg>
<arg>host</arg>
</arguments>
<assign>
<var>${has_host}</var>
</assign>
<kw name="Dictionary Should Contain Key" library="Collections">
<doc>Fails if ``key`` is not found from ``dictionary``.</doc>
<arguments>
<arg>${connection_args}</arg>
<arg>host</arg>
</arguments>
<msg timestamp="20170516 02:34:19.102" level="FAIL">Dictionary does not contain key 'host'.</msg>
<status endtime="20170516 02:34:19.102" status="FAIL" starttime="20170516 02:34:19.102"></status>
</kw>
<msg timestamp="20170516 02:34:19.103" level="INFO">${has_host} = False</msg>
<status endtime="20170516 02:34:19.103" status="PASS" starttime="20170516 02:34:19.102"></status>
</kw>
<kw name="Run Keyword If" library="BuiltIn">
<doc>Runs the given keyword with the given arguments, if ``condition`` is true.</doc>
<arguments>
<arg>${has_host} == ${FALSE}</arg>
<arg>Set To Dictionary</arg>
<arg>${connection_args}</arg>
<arg>host=${OPENBMC_HOST}</arg>
</arguments>
<kw name="Set To Dictionary" library="Collections">
<doc>Adds the given ``key_value_pairs`` and ``items`` to the ``dictionary``.</doc>
<arguments>
<arg>${connection_args}</arg>
<arg>host=${OPENBMC_HOST}</arg>
</arguments>
<status endtime="20170516 02:34:19.104" status="PASS" starttime="20170516 02:34:19.103"></status>
</kw>
<status endtime="20170516 02:34:19.104" status="PASS" starttime="20170516 02:34:19.103"></status>
</kw>
<kw name="Run Keyword If" library="BuiltIn">
<doc>Runs the given keyword with the given arguments, if ``condition`` is true.</doc>
<arguments>
<arg>'${SSH_PORT}' != '${EMPTY}' and '${HTTPS_PORT}' != '${EMPTY}'</arg>
<arg>User input SSH and HTTPs Ports</arg>
</arguments>
<kw name="User input SSH and HTTPs Ports" library="connection_client">
<doc>Update the global SSH and HTTPs port variable for QEMU</doc>
<kw name="Convert To Integer" library="BuiltIn">
<doc>Converts the given item to an integer number.</doc>
<arguments>
<arg>${SSH_PORT}</arg>
</arguments>
<assign>
<var>${port_num}</var>
</assign>
<msg timestamp="20170516 02:34:19.105" level="INFO">${port_num} = 22</msg>
<status endtime="20170516 02:34:19.105" status="PASS" starttime="20170516 02:34:19.105"></status>
</kw>
<kw name="Replace Variables" library="BuiltIn">
<doc>Replaces variables in the given text with their current values.</doc>
<arguments>
<arg>${port_num}</arg>
</arguments>
<assign>
<var>${SSH_PORT}</var>
</assign>
<msg timestamp="20170516 02:34:19.106" level="INFO">${SSH_PORT} = 22</msg>
<status endtime="20170516 02:34:19.106" status="PASS" starttime="20170516 02:34:19.105"></status>
</kw>
<kw name="Convert To Integer" library="BuiltIn">
<doc>Converts the given item to an integer number.</doc>
<arguments>
<arg>${HTTPS_PORT}</arg>
</arguments>
<assign>
<var>${https_num}</var>
</assign>
<msg timestamp="20170516 02:34:19.106" level="INFO">${https_num} = 443</msg>
<status endtime="20170516 02:34:19.106" status="PASS" starttime="20170516 02:34:19.106"></status>
</kw>
<kw name="Set Global Variable" library="BuiltIn">
<doc>Makes a variable available globally in all tests and suites.</doc>
<arguments>
<arg>${AUTH_URI}</arg>
<arg>https://${OPENBMC_HOST}:${https_num}</arg>
</arguments>
<msg timestamp="20170516 02:34:19.107" level="INFO">${AUTH_URI} = https://9.3.86.161:443</msg>
<status endtime="20170516 02:34:19.107" status="PASS" starttime="20170516 02:34:19.107"></status>
</kw>
<status endtime="20170516 02:34:19.107" status="PASS" starttime="20170516 02:34:19.105"></status>
</kw>
<status endtime="20170516 02:34:19.107" status="PASS" starttime="20170516 02:34:19.104"></status>
</kw>
<kw name="Run Keyword And Return Status" library="BuiltIn">
<doc>Runs the given keyword with given arguments and returns the status as a Boolean value.</doc>
<arguments>
<arg>Dictionary Should Contain Key</arg>
<arg>${connection_args}</arg>
<arg>port</arg>
</arguments>
<assign>
<var>${has_port}</var>
</assign>
<kw name="Dictionary Should Contain Key" library="Collections">
<doc>Fails if ``key`` is not found from ``dictionary``.</doc>
<arguments>
<arg>${connection_args}</arg>
<arg>port</arg>
</arguments>
<msg timestamp="20170516 02:34:19.108" level="FAIL">Dictionary does not contain key 'port'.</msg>
<status endtime="20170516 02:34:19.108" status="FAIL" starttime="20170516 02:34:19.108"></status>
</kw>
<msg timestamp="20170516 02:34:19.108" level="INFO">${has_port} = False</msg>
<status endtime="20170516 02:34:19.108" status="PASS" starttime="20170516 02:34:19.107"></status>
</kw>
<kw name="Run Keyword If" library="BuiltIn">
<doc>Runs the given keyword with the given arguments, if ``condition`` is true.</doc>
<arguments>
<arg>'${SSH_PORT}' != '${EMPTY}' and ${has_port} == ${FALSE}</arg>
<arg>Run Keywords</arg>
<arg>Set To Dictionary</arg>
<arg>${connection_args}</arg>
<arg>port=${SSH_PORT}</arg>
<arg>AND</arg>
<arg>SSHLibrary.Open connection</arg>
<arg>&amp;{connection_args}</arg>
<arg>ELSE</arg>
<arg>Run Keyword</arg>
<arg>SSHLibrary.Open connection</arg>
<arg>&amp;{connection_args}</arg>
</arguments>
<kw name="Run Keywords" library="BuiltIn">
<doc>Executes all the given keywords in a sequence.</doc>
<arguments>
<arg>Set To Dictionary</arg>
<arg>${connection_args}</arg>
<arg>port=${SSH_PORT}</arg>
<arg>AND</arg>
<arg>SSHLibrary.Open connection</arg>
<arg>&amp;{connection_args}</arg>
</arguments>
<kw name="Set To Dictionary" library="Collections">
<doc>Adds the given ``key_value_pairs`` and ``items`` to the ``dictionary``.</doc>
<arguments>
<arg>${connection_args}</arg>
<arg>port=${SSH_PORT}</arg>
</arguments>
<status endtime="20170516 02:34:19.110" status="PASS" starttime="20170516 02:34:19.110"></status>
</kw>
<kw name="Open Connection" library="SSHLibrary">
<doc>Opens a new SSH connection to the given `host` and `port`.</doc>
<arguments>
<arg>&amp;{connection_args}</arg>
</arguments>
<status endtime="20170516 02:34:19.110" status="PASS" starttime="20170516 02:34:19.110"></status>
</kw>
<status endtime="20170516 02:34:19.110" status="PASS" starttime="20170516 02:34:19.109"></status>
</kw>
<status endtime="20170516 02:34:19.111" status="PASS" starttime="20170516 02:34:19.108"></status>
</kw>
<kw name="Login" library="SSHLibrary">
<doc>Logs into the SSH server with the given `username` and `password`.</doc>
<arguments>
<arg>${username}</arg>
<arg>${password}</arg>
</arguments>
<msg timestamp="20170516 02:34:19.111" level="INFO">Logging into '9.3.86.161:22' as 'root'.</msg>
<msg timestamp="20170516 02:34:20.767" level="INFO">Read output: root@witherspoon:~#</msg>
<status endtime="20170516 02:34:20.767" status="PASS" starttime="20170516 02:34:19.111"></status>
</kw>
<status endtime="20170516 02:34:20.767" status="PASS" starttime="20170516 02:34:19.101"></status>
</kw>
<kw name="Execute Command On BMC" library="utils">
<doc>Execute given command on BMC and return output.</doc>
<arguments>
<arg>echo '/tmp/core_%e.%p' | tee /proc/sys/kernel/core_pattern</arg>
</arguments>
<assign>
<var>${core_pattern}</var>
</assign>
<kw name="Execute Command" library="SSHLibrary">
<doc>Executes `command` on the remote machine and returns its outputs.</doc>
<arguments>
<arg>${command}</arg>
<arg>return_stderr=True</arg>
</arguments>
<assign>
<var>${stdout}</var>
<var>${stderr}</var>
</assign>
<msg timestamp="20170516 02:34:20.768" level="INFO">Executing command 'echo '/tmp/core_%e.%p' | tee /proc/sys/kernel/core_pattern'.</msg>
<msg timestamp="20170516 02:34:20.845" level="INFO">Command exited with return code 0.</msg>
<msg timestamp="20170516 02:34:20.845" level="INFO">${stdout} = /tmp/core_%e.%p</msg>
<msg timestamp="20170516 02:34:20.845" level="INFO">${stderr} = </msg>
<status endtime="20170516 02:34:20.845" status="PASS" starttime="20170516 02:34:20.768"></status>
</kw>
<kw name="Should Be Empty" library="BuiltIn">
<doc>Verifies that the given item is empty.</doc>
<arguments>
<arg>${stderr}</arg>
</arguments>
<msg timestamp="20170516 02:34:20.845" level="INFO">Length is 0</msg>
<status endtime="20170516 02:34:20.845" status="PASS" starttime="20170516 02:34:20.845"></status>
</kw>
<msg timestamp="20170516 02:34:20.846" level="INFO">${core_pattern} = /tmp/core_%e.%p</msg>
<status endtime="20170516 02:34:20.846" status="PASS" starttime="20170516 02:34:20.767"></status>
</kw>
<kw name="Should Be Equal As Strings" library="BuiltIn">
<doc>Fails if objects are unequal after converting them to strings.</doc>
<arguments>
<arg>${core_pattern}</arg>
<arg>/tmp/core_%e.%p</arg>
</arguments>
<status endtime="20170516 02:34:20.846" status="PASS" starttime="20170516 02:34:20.846"></status>
</kw>
<status endtime="20170516 02:34:20.846" status="PASS" starttime="20170516 02:34:19.101"></status>
</kw>
<status endtime="20170516 02:34:20.846" status="PASS" starttime="20170516 02:34:19.101"></status>
</kw>
<status endtime="20170516 02:34:20.846" status="PASS" starttime="20170516 02:34:14.967"></status>
</kw>
<suite id="s1-s1" source="/tmp/fspcibld/6467/obmc-robot/tests/security" name="Security">
<suite id="s1-s1-s1" source="/tmp/fspcibld/6467/obmc-robot/tests/security/test_ssl.robot" name="Test Ssl">
<test id="s1-s1-s1-t1" name="Test SSL Connection">
<kw name="Initialize OpenBMC" library="rest_client">
<kw name="Wait Until Keyword Succeeds" library="BuiltIn">
<doc>Runs the specified keyword and retries if it fails.</doc>
<arguments>
<arg>40 sec</arg>
<arg>20 sec</arg>
<arg>Post Login Request</arg>
<arg>${timeout}</arg>
<arg>${quiet}</arg>
</arguments>
<kw name="Post Login Request" library="rest_client">
<arguments>
<arg>${timeout}</arg>
<arg>${quiet}</arg>
</arguments>
<kw name="Create Session" library="RequestsLibrary.RequestsKeywords">
<doc>Create Session: create a HTTP session to a server</doc>
<arguments>
<arg>openbmc</arg>
<arg>${AUTH_URI}</arg>
<arg>timeout=${timeout}</arg>
<arg>max_retries=3</arg>
</arguments>
<msg timestamp="20170516 02:34:20.926" level="INFO">Creating Session using : alias=openbmc, url=https://9.3.86.161:443, headers={},                     cookies=None, auth=None, timeout=20, proxies=None, verify=False,                     debug=0 </msg>
<status endtime="20170516 02:34:20.927" status="PASS" starttime="20170516 02:34:20.926"></status>
</kw>
<kw name="Create Dictionary" library="BuiltIn">
<doc>Creates and returns a dictionary based on the given ``items``.</doc>
<arguments>
<arg>Content-Type=application/json</arg>
</arguments>
<assign>
<var>${headers}</var>
</assign>
<msg timestamp="20170516 02:34:20.927" level="INFO">${headers} = {u'Content-Type': u'application/json'}</msg>
<status endtime="20170516 02:34:20.928" status="PASS" starttime="20170516 02:34:20.927"></status>
</kw>
<kw name="Create List" library="BuiltIn">
<doc>Returns a list containing given items.</doc>
<arguments>
<arg>${OPENBMC_USERNAME}</arg>
<arg>${OPENBMC_PASSWORD}</arg>
</arguments>
<assign>
<var>@{credentials}</var>
</assign>
<msg timestamp="20170516 02:34:20.928" level="INFO">@{credentials} = [ root | 0penBmc ]</msg>
<status endtime="20170516 02:34:20.928" status="PASS" starttime="20170516 02:34:20.928"></status>
</kw>
<kw name="Create Dictionary" library="BuiltIn">
<doc>Creates and returns a dictionary based on the given ``items``.</doc>
<arguments>
<arg>data=@{credentials}</arg>
</arguments>
<assign>
<var>${data}</var>
</assign>
<msg timestamp="20170516 02:34:20.929" level="INFO">${data} = {u'data': [u'root', u'0penBmc']}</msg>
<status endtime="20170516 02:34:20.929" status="PASS" starttime="20170516 02:34:20.928"></status>
</kw>
<kw name="Run Keyword And Ignore Error" library="BuiltIn">
<doc>Runs the given keyword with the given arguments and ignores possible error.</doc>
<arguments>
<arg>Post Request</arg>
<arg>openbmc</arg>
<arg>/login</arg>
<arg>data=${data}</arg>
<arg>headers=${headers}</arg>
</arguments>
<assign>
<var>${status}</var>
<var>${resp}</var>
</assign>
<kw name="Post Request" library="RequestsLibrary.RequestsKeywords">
<doc>Send a POST request on the session object found using the</doc>
<arguments>
<arg>openbmc</arg>
<arg>/login</arg>
<arg>data=${data}</arg>
<arg>headers=${headers}</arg>
</arguments>
<msg timestamp="20170516 02:34:21.133" level="INFO">Post Request using : alias=openbmc, uri=/login, data={"data": ["root", "0penBmc"]}, headers={u'Content-Type': u'application/json'}, files=None, allow_redirects=True </msg>
<status endtime="20170516 02:34:21.133" status="PASS" starttime="20170516 02:34:20.929"></status>
</kw>
<msg timestamp="20170516 02:34:21.133" level="INFO">${status} = PASS</msg>
<msg timestamp="20170516 02:34:21.133" level="INFO">${resp} = &lt;Response [200]&gt;</msg>
<status endtime="20170516 02:34:21.133" status="PASS" starttime="20170516 02:34:20.929"></status>
</kw>
<kw name="Should Be Equal" library="BuiltIn">
<doc>Fails if the given objects are unequal.</doc>
<arguments>
<arg>${status}</arg>
<arg>PASS</arg>
<arg>msg=${resp}</arg>
</arguments>
<msg timestamp="20170516 02:34:21.134" level="INFO">Argument types are:
&lt;type 'str'&gt;
&lt;type 'unicode'&gt;</msg>
<status endtime="20170516 02:34:21.134" status="PASS" starttime="20170516 02:34:21.134"></status>
</kw>
<kw name="Should Be Equal As Strings" library="BuiltIn">
<doc>Fails if objects are unequal after converting them to strings.</doc>
<arguments>
<arg>${resp.status_code}</arg>
<arg>${HTTP_OK}</arg>
</arguments>
<msg timestamp="20170516 02:34:21.135" level="INFO">Argument types are:
&lt;type 'int'&gt;
&lt;type 'unicode'&gt;</msg>
<status endtime="20170516 02:34:21.135" status="PASS" starttime="20170516 02:34:21.134"></status>
</kw>
<status endtime="20170516 02:34:21.135" status="PASS" starttime="20170516 02:34:20.925"></status>
</kw>
<status endtime="20170516 02:34:21.135" status="PASS" starttime="20170516 02:34:20.925"></status>
</kw>
<status endtime="20170516 02:34:21.135" status="PASS" starttime="20170516 02:34:20.924"></status>
</kw>
<kw name="FFDC On Test Case Fail" type="teardown" library="openbmc_ffdc">
<doc>Generic FFDC entry point. Place holder to hook in</doc>
<kw name="Is Host Quiesced" library="state_manager">
<doc>Check if host state is quiesced.</doc>
<assign>
<var>${status}</var>
</assign>
<kw name="Get Host State" library="state_manager">
<doc>Return the state of the host as a string.</doc>
<assign>
<var>${host_state}</var>
</assign>
<kw name="Read Attribute" library="rest_client">
<arguments>
<arg>${HOST_STATE_URI}</arg>
<arg>CurrentHostState</arg>
<arg>quiet=${quiet}</arg>
</arguments>
<assign>
<var>${state}</var>
</assign>
<kw name="OpenBMC Get Request" library="rest_client">
<arguments>
<arg>${uri}/attr/${attr}</arg>
<arg>timeout=${timeout}</arg>
<arg>quiet=${quiet}</arg>
</arguments>
<assign>
<var>${resp}</var>
</assign>
<kw name="Initialize OpenBMC" library="rest_client">
<arguments>
<arg>${timeout}</arg>
<arg>quiet=${quiet}</arg>
</arguments>
<kw name="Wait Until Keyword Succeeds" library="BuiltIn">
<doc>Runs the specified keyword and retries if it fails.</doc>
<arguments>
<arg>40 sec</arg>
<arg>20 sec</arg>
<arg>Post Login Request</arg>
<arg>${timeout}</arg>
<arg>${quiet}</arg>
</arguments>
<kw name="Post Login Request" library="rest_client">
<arguments>
<arg>${timeout}</arg>
<arg>${quiet}</arg>
</arguments>
<kw name="Create Session" library="RequestsLibrary.RequestsKeywords">
<doc>Create Session: create a HTTP session to a server</doc>
<arguments>
<arg>openbmc</arg>
<arg>${AUTH_URI}</arg>
<arg>timeout=${timeout}</arg>
<arg>max_retries=3</arg>
</arguments>
<msg timestamp="20170516 02:34:21.140" level="INFO">Creating Session using : alias=openbmc, url=https://9.3.86.161:443, headers={},                     cookies=None, auth=None, timeout=10, proxies=None, verify=False,                     debug=0 </msg>
<status endtime="20170516 02:34:21.141" status="PASS" starttime="20170516 02:34:21.139"></status>
</kw>
<kw name="Create Dictionary" library="BuiltIn">
<doc>Creates and returns a dictionary based on the given ``items``.</doc>
<arguments>
<arg>Content-Type=application/json</arg>
</arguments>
<assign>
<var>${headers}</var>
</assign>
<msg timestamp="20170516 02:34:21.141" level="INFO">${headers} = {u'Content-Type': u'application/json'}</msg>
<status endtime="20170516 02:34:21.142" status="PASS" starttime="20170516 02:34:21.141"></status>
</kw>
<kw name="Create List" library="BuiltIn">
<doc>Returns a list containing given items.</doc>
<arguments>
<arg>${OPENBMC_USERNAME}</arg>
<arg>${OPENBMC_PASSWORD}</arg>
</arguments>
<assign>
<var>@{credentials}</var>
</assign>
<msg timestamp="20170516 02:34:21.143" level="INFO">@{credentials} = [ root | 0penBmc ]</msg>
<status endtime="20170516 02:34:21.143" status="PASS" starttime="20170516 02:34:21.142"></status>
</kw>
<kw name="Create Dictionary" library="BuiltIn">
<doc>Creates and returns a dictionary based on the given ``items``.</doc>
<arguments>
<arg>data=@{credentials}</arg>
</arguments>
<assign>
<var>${data}</var>
</assign>
<msg timestamp="20170516 02:34:21.144" level="INFO">${data} = {u'data': [u'root', u'0penBmc']}</msg>
<status endtime="20170516 02:34:21.144" status="PASS" starttime="20170516 02:34:21.143"></status>
</kw>
<kw name="Run Keyword And Ignore Error" library="BuiltIn">
<doc>Runs the given keyword with the given arguments and ignores possible error.</doc>
<arguments>
<arg>Post Request</arg>
<arg>openbmc</arg>
<arg>/login</arg>
<arg>data=${data}</arg>
<arg>headers=${headers}</arg>
</arguments>
<assign>
<var>${status}</var>
<var>${resp}</var>
</assign>
<kw name="Post Request" library="RequestsLibrary.RequestsKeywords">
<doc>Send a POST request on the session object found using the</doc>
<arguments>
<arg>openbmc</arg>
<arg>/login</arg>
<arg>data=${data}</arg>
<arg>headers=${headers}</arg>
</arguments>
<msg timestamp="20170516 02:34:21.337" level="INFO">Post Request using : alias=openbmc, uri=/login, data={"data": ["root", "0penBmc"]}, headers={u'Content-Type': u'application/json'}, files=None, allow_redirects=True </msg>
<status endtime="20170516 02:34:21.337" status="PASS" starttime="20170516 02:34:21.144"></status>
</kw>
<msg timestamp="20170516 02:34:21.337" level="INFO">${status} = PASS</msg>
<msg timestamp="20170516 02:34:21.337" level="INFO">${resp} = &lt;Response [200]&gt;</msg>
<status endtime="20170516 02:34:21.337" status="PASS" starttime="20170516 02:34:21.144"></status>
</kw>
<kw name="Should Be Equal" library="BuiltIn">
<doc>Fails if the given objects are unequal.</doc>
<arguments>
<arg>${status}</arg>
<arg>PASS</arg>
<arg>msg=${resp}</arg>
</arguments>
<msg timestamp="20170516 02:34:21.338" level="INFO">Argument types are:
&lt;type 'str'&gt;
&lt;type 'unicode'&gt;</msg>
<status endtime="20170516 02:34:21.338" status="PASS" starttime="20170516 02:34:21.338"></status>
</kw>
<kw name="Should Be Equal As Strings" library="BuiltIn">
<doc>Fails if objects are unequal after converting them to strings.</doc>
<arguments>
<arg>${resp.status_code}</arg>
<arg>${HTTP_OK}</arg>
</arguments>
<msg timestamp="20170516 02:34:21.339" level="INFO">Argument types are:
&lt;type 'int'&gt;
&lt;type 'unicode'&gt;</msg>
<status endtime="20170516 02:34:21.339" status="PASS" starttime="20170516 02:34:21.338"></status>
</kw>
<status endtime="20170516 02:34:21.339" status="PASS" starttime="20170516 02:34:21.139"></status>
</kw>
<status endtime="20170516 02:34:21.339" status="PASS" starttime="20170516 02:34:21.138"></status>
</kw>
<status endtime="20170516 02:34:21.339" status="PASS" starttime="20170516 02:34:21.138"></status>
</kw>
<kw name="Catenate" library="BuiltIn">
<doc>Catenates the given items together and returns the resulted string.</doc>
<arguments>
<arg>SEPARATOR=</arg>
<arg>${DBUS_PREFIX}</arg>
<arg>${uri}</arg>
</arguments>
<assign>
<var>${base_uri}</var>
</assign>
<msg timestamp="20170516 02:34:21.340" level="INFO">${base_uri} = /xyz/openbmc_project/state/host0//attr/CurrentHostState</msg>
<status endtime="20170516 02:34:21.340" status="PASS" starttime="20170516 02:34:21.339"></status>
</kw>
<kw name="Run Keyword If" library="BuiltIn">
<doc>Runs the given keyword with the given arguments, if ``condition`` is true.</doc>
<arguments>
<arg>'${quiet}' == '${0}'</arg>
<arg>Log Request</arg>
<arg>method=Get</arg>
<arg>base_uri=${base_uri}</arg>
<arg>args=&amp;{kwargs}</arg>
</arguments>
<kw name="Log Request" library="rest_client">
<arguments>
<arg>method=Get</arg>
<arg>base_uri=${base_uri}</arg>
<arg>args=&amp;{kwargs}</arg>
</arguments>
<kw name="Catenate" library="BuiltIn">
<doc>Catenates the given items together and returns the resulted string.</doc>
<arguments>
<arg>SEPARATOR=</arg>
<arg>URI:</arg>
<arg>${AUTH_URI}</arg>
<arg>${kwargs["base_uri"]}</arg>
<arg>, method:</arg>
<arg>${kwargs["method"]}</arg>
<arg>, args:</arg>
<arg>${kwargs["args"]}</arg>
</arguments>
<assign>
<var>${msg}</var>
</assign>
<msg timestamp="20170516 02:34:21.342" level="INFO">${msg} = URI:https://9.3.86.161:443/xyz/openbmc_project/state/host0//attr/CurrentHostState, method:Get, args:{}</msg>
<status endtime="20170516 02:34:21.342" status="PASS" starttime="20170516 02:34:21.341"></status>
</kw>
<kw name="Logging" library="rest_client">
<arguments>
<arg>${msg}</arg>
<arg>console=True</arg>
</arguments>
<kw name="Log" library="BuiltIn">
<doc>Logs the given message with the given level.</doc>
<arguments>
<arg>${msg}</arg>
<arg>console=True</arg>
</arguments>
<msg timestamp="20170516 02:34:21.343" level="INFO">URI:https://9.3.86.161:443/xyz/openbmc_project/state/host0//attr/CurrentHostState, method:Get, args:{}</msg>
<status endtime="20170516 02:34:21.343" status="PASS" starttime="20170516 02:34:21.343"></status>
</kw>
<status endtime="20170516 02:34:21.343" status="PASS" starttime="20170516 02:34:21.342"></status>
</kw>
<status endtime="20170516 02:34:21.343" status="PASS" starttime="20170516 02:34:21.340"></status>
</kw>
<status endtime="20170516 02:34:21.343" status="PASS" starttime="20170516 02:34:21.340"></status>
</kw>
<kw name="Get Request" library="RequestsLibrary.RequestsKeywords">
<doc>Send a GET request on the session object found using the</doc>
<arguments>
<arg>openbmc</arg>
<arg>${base_uri}</arg>
<arg>&amp;{kwargs}</arg>
<arg>timeout=${timeout}</arg>
</arguments>
<assign>
<var>${ret}</var>
</assign>
<msg timestamp="20170516 02:34:21.410" level="INFO">Get Request using : alias=openbmc, uri=/xyz/openbmc_project/state/host0//attr/CurrentHostState, headers=None json=None</msg>
<msg timestamp="20170516 02:34:21.410" level="INFO">${ret} = &lt;Response [200]&gt;</msg>
<status endtime="20170516 02:34:21.410" status="PASS" starttime="20170516 02:34:21.344"></status>
</kw>
<kw name="Run Keyword If" library="BuiltIn">
<doc>Runs the given keyword with the given arguments, if ``condition`` is true.</doc>
<arguments>
<arg>'${quiet}' == '${0}'</arg>
<arg>Log Response</arg>
<arg>${ret}</arg>
</arguments>
<kw name="Log Response" library="rest_client">
<arguments>
<arg>${ret}</arg>
</arguments>
<kw name="Catenate" library="BuiltIn">
<doc>Catenates the given items together and returns the resulted string.</doc>
<arguments>
<arg>SEPARATOR=</arg>
<arg>Response code:</arg>
<arg>${resp.status_code}</arg>
<arg>, Content:</arg>
<arg>${resp.content}</arg>
</arguments>
<assign>
<var>${msg}</var>
</assign>
<msg timestamp="20170516 02:34:21.412" level="INFO">${msg} = Response code:200, Content:{
  "data": "xyz.openbmc_project.State.Host.HostState.Running", 
  "message": "200 OK", 
  "status": "ok"
}</msg>
<status endtime="20170516 02:34:21.412" status="PASS" starttime="20170516 02:34:21.411"></status>
</kw>
<kw name="Logging" library="rest_client">
<arguments>
<arg>${msg}</arg>
<arg>console=True</arg>
</arguments>
<kw name="Log" library="BuiltIn">
<doc>Logs the given message with the given level.</doc>
<arguments>
<arg>${msg}</arg>
<arg>console=True</arg>
</arguments>
<msg timestamp="20170516 02:34:21.413" level="INFO">Response code:200, Content:{
  "data": "xyz.openbmc_project.State.Host.HostState.Running", 
  "message": "200 OK", 
  "status": "ok"
}</msg>
<status endtime="20170516 02:34:21.413" status="PASS" starttime="20170516 02:34:21.413"></status>
</kw>
<status endtime="20170516 02:34:21.413" status="PASS" starttime="20170516 02:34:21.412"></status>
</kw>
<status endtime="20170516 02:34:21.414" status="PASS" starttime="20170516 02:34:21.411"></status>
</kw>
<status endtime="20170516 02:34:21.414" status="PASS" starttime="20170516 02:34:21.411"></status>
</kw>
<msg timestamp="20170516 02:34:21.414" level="INFO">${resp} = &lt;Response [200]&gt;</msg>
<status endtime="20170516 02:34:21.414" status="PASS" starttime="20170516 02:34:21.137"></status>
</kw>
<kw name="Should Be Equal As Strings" library="BuiltIn">
<doc>Fails if objects are unequal after converting them to strings.</doc>
<arguments>
<arg>${resp.status_code}</arg>
<arg>${HTTP_OK}</arg>
</arguments>
<msg timestamp="20170516 02:34:21.414" level="INFO">Argument types are:
&lt;type 'int'&gt;
&lt;type 'unicode'&gt;</msg>
<status endtime="20170516 02:34:21.415" status="PASS" starttime="20170516 02:34:21.414"></status>
</kw>
<kw name="To Json" library="RequestsLibrary.RequestsKeywords">
<doc>Convert a string to a JSON object</doc>
<arguments>
<arg>${resp.content}</arg>
</arguments>
<assign>
<var>${content}</var>
</assign>
<msg timestamp="20170516 02:34:21.415" level="INFO">To JSON using : content={
  "data": "xyz.openbmc_project.State.Host.HostState.Running", 
  "message": "200 OK", 
  "status": "ok"
} </msg>
<msg timestamp="20170516 02:34:21.415" level="INFO">To JSON using : pretty_print=False </msg>
<msg timestamp="20170516 02:34:21.415" level="INFO">${content} = {u'status': u'ok', u'message': u'200 OK', u'data': u'xyz.openbmc_project.State.Host.HostState.Running'}</msg>
<status endtime="20170516 02:34:21.415" status="PASS" starttime="20170516 02:34:21.415"></status>
</kw>
<msg timestamp="20170516 02:34:21.415" level="INFO">${state} = xyz.openbmc_project.State.Host.HostState.Running</msg>
<status endtime="20170516 02:34:21.416" status="PASS" starttime="20170516 02:34:21.137"></status>
</kw>
<msg timestamp="20170516 02:34:21.416" level="INFO">${host_state} = Running</msg>
<status endtime="20170516 02:34:21.416" status="PASS" starttime="20170516 02:34:21.136"></status>
</kw>
<kw name="Run Keyword And Return Status" library="BuiltIn">
<doc>Runs the given keyword with given arguments and returns the status as a Boolean value.</doc>
<arguments>
<arg>Should Be Equal</arg>
<arg>${host_state}</arg>
<arg>Quiesced</arg>
</arguments>
<assign>
<var>${status}</var>
</assign>
<kw name="Should Be Equal" library="BuiltIn">
<doc>Fails if the given objects are unequal.</doc>
<arguments>
<arg>${host_state}</arg>
<arg>Quiesced</arg>
</arguments>
<msg timestamp="20170516 02:34:21.417" level="FAIL">Running != Quiesced</msg>
<status endtime="20170516 02:34:21.417" status="FAIL" starttime="20170516 02:34:21.416"></status>
</kw>
<msg timestamp="20170516 02:34:21.417" level="INFO">${status} = False</msg>
<status endtime="20170516 02:34:21.417" status="PASS" starttime="20170516 02:34:21.416"></status>
</kw>
<msg timestamp="20170516 02:34:21.417" level="INFO">${status} = False</msg>
<status endtime="20170516 02:34:21.417" status="PASS" starttime="20170516 02:34:21.136"></status>
</kw>
<kw name="Run Keyword If" library="BuiltIn">
<doc>Runs the given keyword with the given arguments, if ``condition`` is true.</doc>
<arguments>
<arg>'${TEST_STATUS}' == 'FAIL' or '${status}'=='True'</arg>
<arg>FFDC</arg>
</arguments>
<status endtime="20170516 02:34:21.418" status="PASS" starttime="20170516 02:34:21.418"></status>
</kw>
<kw name="Run Keyword If" library="BuiltIn">
<doc>Runs the given keyword with the given arguments, if ``condition`` is true.</doc>
<arguments>
<arg>'${status}'=='True'</arg>
<arg>Recover Quiesced Host</arg>
</arguments>
<status endtime="20170516 02:34:21.418" status="PASS" starttime="20170516 02:34:21.418"></status>
</kw>
<kw name="Log Test Case Status" library="openbmc_ffdc_methods">
<doc>Test case execution result history.</doc>
<kw name="Get Variable Value" library="BuiltIn">
<doc>Returns variable value or ``default`` if the variable does not exist.</doc>
<arguments>
<arg>${FFDC_DIR_PATH_STYLE}</arg>
<arg>${EMPTY}</arg>
</arguments>
<assign>
<var>${FFDC_DIR_PATH_STYLE}</var>
</assign>
<msg timestamp="20170516 02:34:21.427" level="INFO">${FFDC_DIR_PATH_STYLE} = </msg>
<status endtime="20170516 02:34:21.427" status="PASS" starttime="20170516 02:34:21.419"></status>
</kw>
<kw name="Get Variable Value" library="BuiltIn">
<doc>Returns variable value or ``default`` if the variable does not exist.</doc>
<arguments>
<arg>${FFDC_DIR_PATH}</arg>
<arg>${EMPTY}</arg>
</arguments>
<assign>
<var>${FFDC_DIR_PATH}</var>
</assign>
<msg timestamp="20170516 02:34:21.434" level="INFO">${FFDC_DIR_PATH} = </msg>
<status endtime="20170516 02:34:21.434" status="PASS" starttime="20170516 02:34:21.427"></status>
</kw>
<kw name="Run Keyword If" library="BuiltIn">
<doc>Runs the given keyword with the given arguments, if ``condition`` is true.</doc>
<arguments>
<arg>'${FFDC_DIR_PATH}' == '${EMPTY}'</arg>
<arg>Set FFDC Defaults</arg>
</arguments>
<kw name="Set Ffdc Defaults" library="openbmc_ffdc">
<doc>Set a default value for ffdc_dir_path and ffdc_prefix if they don't</doc>
<kw name="Get Current Time Stamp" library="openbmc_ffdc_utils">
<doc>Get the current time stamp data</doc>
<kw name="Get Current Date" library="DateTime">
<doc>Returns current local or UTC time with an optional increment.</doc>
<arguments>
<arg>result_format=%Y-%m-%d %H:%M:%S:%f</arg>
</arguments>
<assign>
<var>${cur_time}</var>
</assign>
<msg timestamp="20170516 02:34:21.443" level="INFO">${cur_time} = 2017-05-16 02:34:21:442639</msg>
<status endtime="20170516 02:34:21.443" status="PASS" starttime="20170516 02:34:21.442"></status>
</kw>
<kw name="Get Strip String" library="openbmc_ffdc_list">
<doc>########################################################################</doc>
<arguments>
<arg>${cur_time}</arg>
</arguments>
<assign>
<var>${cur_time}</var>
</assign>
<msg timestamp="20170516 02:34:21.443" level="INFO">${cur_time} = 20170516023421442639</msg>
<status endtime="20170516 02:34:21.443" status="PASS" starttime="20170516 02:34:21.443"></status>
</kw>
<status endtime="20170516 02:34:21.444" status="PASS" starttime="20170516 02:34:21.442"></status>
</kw>
<msg timestamp="20170516 02:34:21.448" level="INFO">${FFDC_TIME} = 20170516023421442639</msg>
<kw name="Get Test Dir and Name" library="openbmc_ffdc_utils">
<doc>SUITE_NAME and TEST_NAME are automatic variables</doc>
<kw name="Get Strip String" library="openbmc_ffdc_list">
<doc>########################################################################</doc>
<arguments>
<arg>${SUITE_NAME}</arg>
</arguments>
<assign>
<var>${suite_name}</var>
</assign>
<msg timestamp="20170516 02:34:21.450" level="INFO">${suite_name} = TestsSecurityTestSsl</msg>
<status endtime="20170516 02:34:21.450" status="PASS" starttime="20170516 02:34:21.449"></status>
</kw>
<kw name="Catenate" library="BuiltIn">
<doc>Catenates the given items together and returns the resulted string.</doc>
<arguments>
<arg>SEPARATOR=</arg>
<arg>${FFDC_TIME}_</arg>
<arg>${suite_name}</arg>
</arguments>
<assign>
<var>${suite_name}</var>
</assign>
<msg timestamp="20170516 02:34:21.450" level="INFO">${suite_name} = 20170516023421442639_TestsSecurityTestSsl</msg>
<status endtime="20170516 02:34:21.450" status="PASS" starttime="20170516 02:34:21.450"></status>
</kw>
<kw name="Get Strip String" library="openbmc_ffdc_list">
<doc>########################################################################</doc>
<arguments>
<arg>${TEST_NAME}</arg>
</arguments>
<assign>
<var>${test_name}</var>
</assign>
<msg timestamp="20170516 02:34:21.451" level="INFO">${test_name} = TestSSLConnection</msg>
<status endtime="20170516 02:34:21.451" status="PASS" starttime="20170516 02:34:21.451"></status>
</kw>
<kw name="Catenate" library="BuiltIn">
<doc>Catenates the given items together and returns the resulted string.</doc>
<arguments>
<arg>SEPARATOR=</arg>
<arg>${FFDC_TIME}_</arg>
<arg>${test_name}</arg>
</arguments>
<assign>
<var>${test_name}</var>
</assign>
<msg timestamp="20170516 02:34:21.451" level="INFO">${test_name} = 20170516023421442639_TestSSLConnection</msg>
<status endtime="20170516 02:34:21.452" status="PASS" starttime="20170516 02:34:21.451"></status>
</kw>
<status endtime="20170516 02:34:21.452" status="PASS" starttime="20170516 02:34:21.449"></status>
</kw>
<msg timestamp="20170516 02:34:21.452" level="INFO">${FFDC_DIR_PATH} = /tmp/fspcibld/6467/obmc-robot/logs/20170516023421442639_TestsSecurityTestSsl/20170516023421442639_TestSSLConnection/</msg>
<msg timestamp="20170516 02:34:21.456" level="INFO">${FFDC_PREFIX} = 20170516023421442639_</msg>
<status endtime="20170516 02:34:21.456" status="PASS" starttime="20170516 02:34:21.435"></status>
</kw>
<status endtime="20170516 02:34:21.456" status="PASS" starttime="20170516 02:34:21.435"></status>
</kw>
<kw name="Run Keyword If" library="BuiltIn">
<doc>Runs the given keyword with the given arguments, if ``condition`` is true.</doc>
<arguments>
<arg>'${FFDC_DIR_PATH_STYLE}' == '${1}'</arg>
<arg>Run Keywords</arg>
<arg>Set Global Variable</arg>
<arg>${FFDC_LOG_PATH}</arg>
<arg>${FFDC_DIR_PATH}</arg>
<arg>AND</arg>
<arg>Set Global Variable</arg>
<arg>${TEST_HISTORY}</arg>
<arg>${FFDC_DIR_PATH}test_history.txt</arg>
</arguments>
<status endtime="20170516 02:34:21.457" status="PASS" starttime="20170516 02:34:21.456"></status>
</kw>
<kw name="Create Directory" library="OperatingSystem">
<doc>Creates the specified directory.</doc>
<arguments>
<arg>${FFDC_LOG_PATH}</arg>
</arguments>
<msg timestamp="20170516 02:34:21.457" level="INFO" html="yes">Created directory '&lt;a href="file:///tmp/fspcibld/6467/obmc-robot/logs"&gt;/tmp/fspcibld/6467/obmc-robot/logs&lt;/a&gt;'.</msg>
<status endtime="20170516 02:34:21.457" status="PASS" starttime="20170516 02:34:21.457"></status>
</kw>
<kw name="Run Keyword And Return Status" library="BuiltIn">
<doc>Runs the given keyword with given arguments and returns the status as a Boolean value.</doc>
<arguments>
<arg>OperatingSystem.File Should Exist</arg>
<arg>${TEST_HISTORY}</arg>
</arguments>
<assign>
<var>${exist}</var>
</assign>
<kw name="File Should Exist" library="OperatingSystem">
<doc>Fails unless the given ``path`` points to an existing file.</doc>
<arguments>
<arg>${TEST_HISTORY}</arg>
</arguments>
<msg timestamp="20170516 02:34:21.458" level="FAIL">File '/tmp/fspcibld/6467/obmc-robot/logs/test_history.txt' does not exist.</msg>
<status endtime="20170516 02:34:21.459" status="FAIL" starttime="20170516 02:34:21.458"></status>
</kw>
<msg timestamp="20170516 02:34:21.459" level="INFO">${exist} = False</msg>
<status endtime="20170516 02:34:21.459" status="PASS" starttime="20170516 02:34:21.458"></status>
</kw>
<kw name="Run Keyword If" library="BuiltIn">
<doc>Runs the given keyword with the given arguments, if ``condition`` is true.</doc>
<arguments>
<arg>'${exist}' == '${False}'</arg>
<arg>Create File</arg>
<arg>${TEST_HISTORY}</arg>
</arguments>
<kw name="Create File" library="OperatingSystem">
<doc>Creates a file with the given content and encoding.</doc>
<arguments>
<arg>${TEST_HISTORY}</arg>
</arguments>
<msg timestamp="20170516 02:34:21.460" level="INFO" html="yes">Created file '&lt;a href="file:///tmp/fspcibld/6467/obmc-robot/logs/test_history.txt"&gt;/tmp/fspcibld/6467/obmc-robot/logs/test_history.txt&lt;/a&gt;'.</msg>
<status endtime="20170516 02:34:21.460" status="PASS" starttime="20170516 02:34:21.459"></status>
</kw>
<status endtime="20170516 02:34:21.460" status="PASS" starttime="20170516 02:34:21.459"></status>
</kw>
<kw name="Rpvars" library="gen_robot_print">
<arguments>
<arg>TEST_HISTORY</arg>
</arguments>
<status endtime="20170516 02:34:21.461" status="PASS" starttime="20170516 02:34:21.460"></status>
</kw>
<kw name="Get Current Time Stamp" library="openbmc_ffdc_utils">
<doc>Get the current time stamp data</doc>
<assign>
<var>${cur_time}</var>
</assign>
<kw name="Get Current Date" library="DateTime">
<doc>Returns current local or UTC time with an optional increment.</doc>
<arguments>
<arg>result_format=%Y-%m-%d %H:%M:%S:%f</arg>
</arguments>
<assign>
<var>${cur_time}</var>
</assign>
<msg timestamp="20170516 02:34:21.462" level="INFO">${cur_time} = 2017-05-16 02:34:21:461393</msg>
<status endtime="20170516 02:34:21.462" status="PASS" starttime="20170516 02:34:21.461"></status>
</kw>
<kw name="Get Strip String" library="openbmc_ffdc_list">
<doc>########################################################################</doc>
<arguments>
<arg>${cur_time}</arg>
</arguments>
<assign>
<var>${cur_time}</var>
</assign>
<msg timestamp="20170516 02:34:21.462" level="INFO">${cur_time} = 20170516023421461393</msg>
<status endtime="20170516 02:34:21.462" status="PASS" starttime="20170516 02:34:21.462"></status>
</kw>
<msg timestamp="20170516 02:34:21.462" level="INFO">${cur_time} = 20170516023421461393</msg>
<status endtime="20170516 02:34:21.462" status="PASS" starttime="20170516 02:34:21.461"></status>
</kw>
<kw name="Append To File" library="OperatingSystem">
<doc>Appends the given content to the specified file.</doc>
<arguments>
<arg>${TEST_HISTORY}</arg>
<arg>${cur_time}:${SUITE_NAME}:${TEST_NAME}:${TEST_STATUS}${\n}</arg>
</arguments>
<msg timestamp="20170516 02:34:21.463" level="INFO" html="yes">Appended to file '&lt;a href="file:///tmp/fspcibld/6467/obmc-robot/logs/test_history.txt"&gt;/tmp/fspcibld/6467/obmc-robot/logs/test_history.txt&lt;/a&gt;'.</msg>
<status endtime="20170516 02:34:21.464" status="PASS" starttime="20170516 02:34:21.463"></status>
</kw>
<status endtime="20170516 02:34:21.464" status="PASS" starttime="20170516 02:34:21.419"></status>
</kw>
<status endtime="20170516 02:34:21.464" status="PASS" starttime="20170516 02:34:21.135"></status>
</kw>
<doc>This testcase is for testing the SSL connection to the
OpenBMC machine.</doc>
<tags>
<tag>Test_SSL_Connection</tag>
</tags>
<status critical="yes" endtime="20170516 02:34:21.464" status="PASS" starttime="20170516 02:34:20.924"></status>
</test>
<kw name="Delete All Sessions" type="teardown" library="RequestsLibrary.RequestsKeywords">
<doc>Removes all the session objects</doc>
<msg timestamp="20170516 02:34:21.465" level="INFO">Delete All Sessions</msg>
<status endtime="20170516 02:34:21.465" status="PASS" starttime="20170516 02:34:21.465"></status>
</kw>
<doc>This testsuite is for testing SSL connection to OpenBMC</doc>
<status endtime="20170516 02:34:21.465" status="PASS" starttime="20170516 02:34:20.848"></status>
</suite>
<status endtime="20170516 02:34:21.467" status="PASS" starttime="20170516 02:34:20.847"></status>
</suite>
<suite id="s1-s2" source="/tmp/fspcibld/6467/obmc-robot/tests/test_basic_poweron.robot" name="Test Basic Poweron">
<test id="s1-s2-t1" name="Power On Test">
<kw name="Start SOL Console Logging" type="setup" library="utils">
<doc>Start system console log to file.</doc>
<kw name="Create OS Console File Path" library="utils">
<doc>Create OS console file path name and return it.</doc>
<arguments>
<arg>${log_file_path}</arg>
</arguments>
<assign>
<var>${log_file_path}</var>
</assign>
<kw name="Catenate" library="BuiltIn">
<doc>Catenates the given items together and returns the resulted string.</doc>
<arguments>
<arg>/tmp/${OPENBMC_HOST}_os_console</arg>
</arguments>
<assign>
<var>${default_file_path}</var>
</assign>
<msg timestamp="20170516 02:34:21.506" level="INFO">${default_file_path} = /tmp/9.3.86.161_os_console</msg>
<status endtime="20170516 02:34:21.506" status="PASS" starttime="20170516 02:34:21.505"></status>
</kw>
<kw name="Set Variable If" library="BuiltIn">
<doc>Sets variable based on the given condition.</doc>
<arguments>
<arg>'${log_file_path}' == '${EMPTY}'</arg>
<arg>${default_file_path}</arg>
<arg>${log_file_path}</arg>
</arguments>
<assign>
<var>${log_file_path}</var>
</assign>
<msg timestamp="20170516 02:34:21.506" level="INFO">${log_file_path} = /tmp/9.3.86.161_os_console</msg>
<status endtime="20170516 02:34:21.507" status="PASS" starttime="20170516 02:34:21.506"></status>
</kw>
<msg timestamp="20170516 02:34:21.507" level="INFO">${log_file_path} = /tmp/9.3.86.161_os_console</msg>
<status endtime="20170516 02:34:21.507" status="PASS" starttime="20170516 02:34:21.505"></status>
</kw>
<kw name="Stop SOL Console Logging" library="utils">
<doc>Stop system console logging and return log output.</doc>
<arguments>
<arg>${log_file_path}</arg>
</arguments>
<assign>
<var>${log_output}</var>
</assign>
<kw name="Create OS Console File Path" library="utils">
<doc>Create OS console file path name and return it.</doc>
<arguments>
<arg>${log_file_path}</arg>
</arguments>
<assign>
<var>${log_file_path}</var>
</assign>
<kw name="Catenate" library="BuiltIn">
<doc>Catenates the given items together and returns the resulted string.</doc>
<arguments>
<arg>/tmp/${OPENBMC_HOST}_os_console</arg>
</arguments>
<assign>
<var>${default_file_path}</var>
</assign>
<msg timestamp="20170516 02:34:21.508" level="INFO">${default_file_path} = /tmp/9.3.86.161_os_console</msg>
<status endtime="20170516 02:34:21.508" status="PASS" starttime="20170516 02:34:21.508"></status>
</kw>
<kw name="Set Variable If" library="BuiltIn">
<doc>Sets variable based on the given condition.</doc>
<arguments>
<arg>'${log_file_path}' == '${EMPTY}'</arg>
<arg>${default_file_path}</arg>
<arg>${log_file_path}</arg>
</arguments>
<assign>
<var>${log_file_path}</var>
</assign>
<msg timestamp="20170516 02:34:21.509" level="INFO">${log_file_path} = /tmp/9.3.86.161_os_console</msg>
<status endtime="20170516 02:34:21.509" status="PASS" starttime="20170516 02:34:21.508"></status>
</kw>
<msg timestamp="20170516 02:34:21.509" level="INFO">${log_file_path} = /tmp/9.3.86.161_os_console</msg>
<status endtime="20170516 02:34:21.509" status="PASS" starttime="20170516 02:34:21.507"></status>
</kw>
<kw name="Create OS Console Command String" library="utils">
<doc>Return a command string to start OS console logging.</doc>
<assign>
<var>${search_string}</var>
</assign>
<kw name="Catenate" library="BuiltIn">
<doc>Catenates the given items together and returns the resulted string.</doc>
<arguments>
<arg>which ssh_pw 2&gt;&amp;1</arg>
</arguments>
<assign>
<var>${cmd_buf}</var>
</assign>
<msg timestamp="20170516 02:34:21.510" level="INFO">${cmd_buf} = which ssh_pw 2&gt;&amp;1</msg>
<status endtime="20170516 02:34:21.510" status="PASS" starttime="20170516 02:34:21.510"></status>
</kw>
<kw name="Rdpissuing" library="gen_robot_print">
<arguments>
<arg>${cmd_buf}</arg>
</arguments>
<status endtime="20170516 02:34:21.517" status="PASS" starttime="20170516 02:34:21.510"></status>
</kw>
<kw name="Run And Return Rc And Output" library="OperatingSystem">
<doc>Runs the given command in the system and returns the RC and output.</doc>
<arguments>
<arg>${cmd_buf}</arg>
</arguments>
<assign>
<var>${rc}</var>
<var>${output}</var>
</assign>
<msg timestamp="20170516 02:34:21.521" level="INFO">Running command 'which ssh_pw 2&gt;&amp;1'.</msg>
<msg timestamp="20170516 02:34:21.526" level="INFO">${rc} = 0</msg>
<msg timestamp="20170516 02:34:21.526" level="INFO">${output} = /tmp/fspcibld/6467/obmc-robot/.tox/witherspoon/bin/ssh_pw</msg>
<status endtime="20170516 02:34:21.526" status="PASS" starttime="20170516 02:34:21.518"></status>
</kw>
<kw name="Rdpvars" library="gen_robot_print">
<arguments>
<arg>rc</arg>
<arg>output</arg>
</arguments>
<status endtime="20170516 02:34:21.536" status="PASS" starttime="20170516 02:34:21.528"></status>
</kw>
<kw name="Should Be Equal" library="BuiltIn">
<doc>Fails if the given objects are unequal.</doc>
<arguments>
<arg>${rc}</arg>
<arg>${0}</arg>
<arg>msg=${output}\n</arg>
</arguments>
<status endtime="20170516 02:34:21.537" status="PASS" starttime="20170516 02:34:21.536"></status>
</kw>
<kw name="Catenate" library="BuiltIn">
<doc>Catenates the given items together and returns the resulted string.</doc>
<arguments>
<arg>ssh_pw ${OPENBMC_PASSWORD} -p 2200</arg>
<arg>${OPENBMC_USERNAME}@${OPENBMC_HOST}</arg>
</arguments>
<assign>
<var>${cmd_buf}</var>
</assign>
<msg timestamp="20170516 02:34:21.537" level="INFO">${cmd_buf} = ssh_pw 0penBmc -p 2200 root@9.3.86.161</msg>
<status endtime="20170516 02:34:21.537" status="PASS" starttime="20170516 02:34:21.537"></status>
</kw>
<msg timestamp="20170516 02:34:21.538" level="INFO">${search_string} = ssh_pw 0penBmc -p 2200 root@9.3.86.161</msg>
<status endtime="20170516 02:34:21.538" status="PASS" starttime="20170516 02:34:21.509"></status>
</kw>
<kw name="Catenate" library="BuiltIn">
<doc>Catenates the given items together and returns the resulted string.</doc>
<arguments>
<arg>echo $(ps -ef | egrep '${search_string}'</arg>
<arg>| egrep -v grep | cut -c10-14)</arg>
</arguments>
<assign>
<var>${cmd_buf}</var>
</assign>
<msg timestamp="20170516 02:34:21.538" level="INFO">${cmd_buf} = echo $(ps -ef | egrep 'ssh_pw 0penBmc -p 2200 root@9.3.86.161' | egrep -v grep | cut -c10-14)</msg>
<status endtime="20170516 02:34:21.538" status="PASS" starttime="20170516 02:34:21.538"></status>
</kw>
<kw name="Rdpissuing" library="gen_robot_print">
<arguments>
<arg>${cmd_buf}</arg>
</arguments>
<status endtime="20170516 02:34:21.546" status="PASS" starttime="20170516 02:34:21.538"></status>
</kw>
<kw name="Run And Return Rc And Output" library="OperatingSystem">
<doc>Runs the given command in the system and returns the RC and output.</doc>
<arguments>
<arg>${cmd_buf}</arg>
</arguments>
<assign>
<var>${rc}</var>
<var>${os_con_pid}</var>
</assign>
<msg timestamp="20170516 02:34:21.549" level="INFO">Running command 'echo $(ps -ef | egrep 'ssh_pw 0penBmc -p 2200 root@9.3.86.161' | egrep -v grep | cut -c10-14) 2&gt;&amp;1'.</msg>
<msg timestamp="20170516 02:34:21.558" level="INFO">${rc} = 0</msg>
<msg timestamp="20170516 02:34:21.558" level="INFO">${os_con_pid} = </msg>
<status endtime="20170516 02:34:21.558" status="PASS" starttime="20170516 02:34:21.546"></status>
</kw>
<kw name="Rdpvars" library="gen_robot_print">
<arguments>
<arg>os_con_pid</arg>
</arguments>
<status endtime="20170516 02:34:21.569" status="PASS" starttime="20170516 02:34:21.560"></status>
</kw>
<kw name="Catenate" library="BuiltIn">
<doc>Catenates the given items together and returns the resulted string.</doc>
<arguments>
<arg>kill -9 ${os_con_pid}</arg>
</arguments>
<assign>
<var>${cmd_buf}</var>
</assign>
<msg timestamp="20170516 02:34:21.570" level="INFO">${cmd_buf} = kill -9 </msg>
<status endtime="20170516 02:34:21.570" status="PASS" starttime="20170516 02:34:21.570"></status>
</kw>
<kw name="Run Keyword If" library="BuiltIn">
<doc>Runs the given keyword with the given arguments, if ``condition`` is true.</doc>
<arguments>
<arg>'${os_con_pid}' != '${EMPTY}'</arg>
<arg>Rdpissuing</arg>
<arg>${cmd_buf}</arg>
</arguments>
<status endtime="20170516 02:34:21.571" status="PASS" starttime="20170516 02:34:21.571"></status>
</kw>
<kw name="Run Keyword If" library="BuiltIn">
<doc>Runs the given keyword with the given arguments, if ``condition`` is true.</doc>
<arguments>
<arg>'${os_con_pid}' != '${EMPTY}'</arg>
<arg>Run And Return Rc And Output</arg>
<arg>${cmd_buf}</arg>
</arguments>
<assign>
<var>${rc}</var>
<var>${output}</var>
</assign>
<msg timestamp="20170516 02:34:21.572" level="INFO">${rc} = None</msg>
<msg timestamp="20170516 02:34:21.572" level="INFO">${output} = None</msg>
<status endtime="20170516 02:34:21.572" status="PASS" starttime="20170516 02:34:21.571"></status>
</kw>
<kw name="Run Keyword If" library="BuiltIn">
<doc>Runs the given keyword with the given arguments, if ``condition`` is true.</doc>
<arguments>
<arg>'${os_con_pid}' != '${EMPTY}'</arg>
<arg>Rdpvars</arg>
<arg>rc</arg>
<arg>output</arg>
</arguments>
<status endtime="20170516 02:34:21.573" status="PASS" starttime="20170516 02:34:21.572"></status>
</kw>
<kw name="Set Variable" library="BuiltIn">
<doc>Returns the given values which can then be assigned to a variables.</doc>
<arguments>
<arg>cat ${log_file_path} 2&gt;&amp;1</arg>
</arguments>
<assign>
<var>${cmd_buf}</var>
</assign>
<msg timestamp="20170516 02:34:21.573" level="INFO">${cmd_buf} = cat /tmp/9.3.86.161_os_console 2&gt;&amp;1</msg>
<status endtime="20170516 02:34:21.573" status="PASS" starttime="20170516 02:34:21.573"></status>
</kw>
<kw name="Rdpissuing" library="gen_robot_print">
<arguments>
<arg>${cmd_buf}</arg>
</arguments>
<status endtime="20170516 02:34:21.580" status="PASS" starttime="20170516 02:34:21.573"></status>
</kw>
<kw name="Run And Return Rc And Output" library="OperatingSystem">
<doc>Runs the given command in the system and returns the RC and output.</doc>
<arguments>
<arg>${cmd_buf}</arg>
</arguments>
<assign>
<var>${rc}</var>
<var>${output}</var>
</assign>
<msg timestamp="20170516 02:34:21.584" level="INFO">Running command 'cat /tmp/9.3.86.161_os_console 2&gt;&amp;1'.</msg>
<msg timestamp="20170516 02:34:21.587" level="INFO">${rc} = 1</msg>
<msg timestamp="20170516 02:34:21.587" level="INFO">${output} = cat: /tmp/9.3.86.161_os_console: No such file or directory</msg>
<status endtime="20170516 02:34:21.587" status="PASS" starttime="20170516 02:34:21.581"></status>
</kw>
<kw name="Rdpvars" library="gen_robot_print">
<arguments>
<arg>rc</arg>
</arguments>
<status endtime="20170516 02:34:21.598" status="PASS" starttime="20170516 02:34:21.589"></status>
</kw>
<kw name="Run Keyword If" library="BuiltIn">
<doc>Runs the given keyword with the given arguments, if ``condition`` is true.</doc>
<arguments>
<arg>'${targ_file_path}' != '${EMPTY}'</arg>
<arg>Run Keyword And Ignore Error</arg>
<arg>Copy File</arg>
<arg>${log_file_path}</arg>
<arg>${targ_file_path}</arg>
</arguments>
<status endtime="20170516 02:34:21.599" status="PASS" starttime="20170516 02:34:21.599"></status>
</kw>
<msg timestamp="20170516 02:34:21.599" level="INFO">${log_output} = cat: /tmp/9.3.86.161_os_console: No such file or directory</msg>
<status endtime="20170516 02:34:21.599" status="PASS" starttime="20170516 02:34:21.507"></status>
</kw>
<kw name="Create File" library="OperatingSystem">
<doc>Creates a file with the given content and encoding.</doc>
<arguments>
<arg>${log_file_path}</arg>
</arguments>
<msg timestamp="20170516 02:34:21.600" level="INFO" html="yes">Created file '&lt;a href="file:///tmp/9.3.86.161_os_console"&gt;/tmp/9.3.86.161_os_console&lt;/a&gt;'.</msg>
<status endtime="20170516 02:34:21.600" status="PASS" starttime="20170516 02:34:21.600"></status>
</kw>
<kw name="Create OS Console Command String" library="utils">
<doc>Return a command string to start OS console logging.</doc>
<assign>
<var>${sub_cmd_buf}</var>
</assign>
<kw name="Catenate" library="BuiltIn">
<doc>Catenates the given items together and returns the resulted string.</doc>
<arguments>
<arg>which ssh_pw 2&gt;&amp;1</arg>
</arguments>
<assign>
<var>${cmd_buf}</var>
</assign>
<msg timestamp="20170516 02:34:21.601" level="INFO">${cmd_buf} = which ssh_pw 2&gt;&amp;1</msg>
<status endtime="20170516 02:34:21.601" status="PASS" starttime="20170516 02:34:21.601"></status>
</kw>
<kw name="Rdpissuing" library="gen_robot_print">
<arguments>
<arg>${cmd_buf}</arg>
</arguments>
<status endtime="20170516 02:34:21.610" status="PASS" starttime="20170516 02:34:21.601"></status>
</kw>
<kw name="Run And Return Rc And Output" library="OperatingSystem">
<doc>Runs the given command in the system and returns the RC and output.</doc>
<arguments>
<arg>${cmd_buf}</arg>
</arguments>
<assign>
<var>${rc}</var>
<var>${output}</var>
</assign>
<msg timestamp="20170516 02:34:21.620" level="INFO">Running command 'which ssh_pw 2&gt;&amp;1'.</msg>
<msg timestamp="20170516 02:34:21.636" level="INFO">${rc} = 0</msg>
<msg timestamp="20170516 02:34:21.636" level="INFO">${output} = /tmp/fspcibld/6467/obmc-robot/.tox/witherspoon/bin/ssh_pw</msg>
<status endtime="20170516 02:34:21.636" status="PASS" starttime="20170516 02:34:21.610"></status>
</kw>
<kw name="Rdpvars" library="gen_robot_print">
<arguments>
<arg>rc</arg>
<arg>output</arg>
</arguments>
<status endtime="20170516 02:34:21.646" status="PASS" starttime="20170516 02:34:21.638"></status>
</kw>
<kw name="Should Be Equal" library="BuiltIn">
<doc>Fails if the given objects are unequal.</doc>
<arguments>
<arg>${rc}</arg>
<arg>${0}</arg>
<arg>msg=${output}\n</arg>
</arguments>
<status endtime="20170516 02:34:21.647" status="PASS" starttime="20170516 02:34:21.646"></status>
</kw>
<kw name="Catenate" library="BuiltIn">
<doc>Catenates the given items together and returns the resulted string.</doc>
<arguments>
<arg>ssh_pw ${OPENBMC_PASSWORD} -p 2200</arg>
<arg>${OPENBMC_USERNAME}@${OPENBMC_HOST}</arg>
</arguments>
<assign>
<var>${cmd_buf}</var>
</assign>
<msg timestamp="20170516 02:34:21.648" level="INFO">${cmd_buf} = ssh_pw 0penBmc -p 2200 root@9.3.86.161</msg>
<status endtime="20170516 02:34:21.648" status="PASS" starttime="20170516 02:34:21.647"></status>
</kw>
<msg timestamp="20170516 02:34:21.648" level="INFO">${sub_cmd_buf} = ssh_pw 0penBmc -p 2200 root@9.3.86.161</msg>
<status endtime="20170516 02:34:21.648" status="PASS" starttime="20170516 02:34:21.601"></status>
</kw>
<kw name="Catenate" library="BuiltIn">
<doc>Catenates the given items together and returns the resulted string.</doc>
<arguments>
<arg>${sub_cmd_buf} &gt; ${log_file_path} 2&gt;&amp;1 &amp;</arg>
</arguments>
<assign>
<var>${cmd_buf}</var>
</assign>
<msg timestamp="20170516 02:34:21.648" level="INFO">${cmd_buf} = ssh_pw 0penBmc -p 2200 root@9.3.86.161 &gt; /tmp/9.3.86.161_os_console 2&gt;&amp;1 &amp;</msg>
<status endtime="20170516 02:34:21.648" status="PASS" starttime="20170516 02:34:21.648"></status>
</kw>
<kw name="Rdpissuing" library="gen_robot_print">
<arguments>
<arg>${cmd_buf}</arg>
</arguments>
<status endtime="20170516 02:34:21.658" status="PASS" starttime="20170516 02:34:21.649"></status>
</kw>
<kw name="Run And Return Rc And Output" library="OperatingSystem">
<doc>Runs the given command in the system and returns the RC and output.</doc>
<arguments>
<arg>${cmd_buf}</arg>
</arguments>
<assign>
<var>${rc}</var>
<var>${output}</var>
</assign>
<msg timestamp="20170516 02:34:21.663" level="INFO">Running command 'ssh_pw 0penBmc -p 2200 root@9.3.86.161 &gt; /tmp/9.3.86.161_os_console 2&gt;&amp;1 &amp;'.</msg>
<msg timestamp="20170516 02:34:21.667" level="INFO">${rc} = 0</msg>
<msg timestamp="20170516 02:34:21.667" level="INFO">${output} = </msg>
<status endtime="20170516 02:34:21.667" status="PASS" starttime="20170516 02:34:21.658"></status>
</kw>
<kw name="Should Be Equal" library="BuiltIn">
<doc>Fails if the given objects are unequal.</doc>
<arguments>
<arg>${rc}</arg>
<arg>${0}</arg>
</arguments>
<status endtime="20170516 02:34:21.670" status="PASS" starttime="20170516 02:34:21.669"></status>
</kw>
<status endtime="20170516 02:34:21.670" status="PASS" starttime="20170516 02:34:21.505"></status>
</kw>
<kw name="Repeat Keyword" library="BuiltIn">
<doc>Executes the specified keyword multiple times.</doc>
<arguments>
<arg>${LOOP_COUNT} times</arg>
<arg>Host Off And On</arg>
</arguments>
<msg timestamp="20170516 02:34:21.671" level="INFO">Repeating keyword, round 1/2.</msg>
<kw name="Host Off And On">
<doc>Verify power off and on.</doc>
<kw name="Initiate Host PowerOff" library="state_manager">
<doc>Initiate host power off.</doc>
<kw name="Create Dictionary" library="BuiltIn">
<doc>Creates and returns a dictionary based on the given ``items``.</doc>
<arguments>
<arg>data=${HOST_POWEROFF_TRANS}</arg>
</arguments>
<assign>
<var>${args}</var>
</assign>
<msg timestamp="20170516 02:34:21.675" level="INFO">${args} = {u'data': 'xyz.openbmc_project.State.Host.Transition.Off'}</msg>
<status endtime="20170516 02:34:21.676" status="PASS" starttime="20170516 02:34:21.675"></status>
</kw>
<kw name="Write Attribute" library="rest_client">
<arguments>
<arg>${HOST_STATE_URI}</arg>
<arg>RequestedHostTransition</arg>
<arg>data=${args}</arg>
</arguments>
<kw name="Catenate" library="BuiltIn">
<doc>Catenates the given items together and returns the resulted string.</doc>
<arguments>
<arg>SEPARATOR=</arg>
<arg>${DBUS_PREFIX}</arg>
<arg>${uri}</arg>
</arguments>
<assign>
<var>${base_uri}</var>
</assign>
<msg timestamp="20170516 02:34:21.677" level="INFO">${base_uri} = /xyz/openbmc_project/state/host0/</msg>
<status endtime="20170516 02:34:21.677" status="PASS" starttime="20170516 02:34:21.676"></status>
</kw>
<kw name="OpenBMC Put Request" library="rest_client">
<arguments>
<arg>${base_uri}/attr/${attr}</arg>
<arg>timeout=${timeout}</arg>
<arg>&amp;{kwargs}</arg>
</arguments>
<assign>
<var>${resp}</var>
</assign>
<kw name="Initialize OpenBMC" library="rest_client">
<arguments>
<arg>${timeout}</arg>
</arguments>
<kw name="Wait Until Keyword Succeeds" library="BuiltIn">
<doc>Runs the specified keyword and retries if it fails.</doc>
<arguments>
<arg>40 sec</arg>
<arg>20 sec</arg>
<arg>Post Login Request</arg>
<arg>${timeout}</arg>
<arg>${quiet}</arg>
</arguments>
<kw name="Post Login Request" library="rest_client">
<arguments>
<arg>${timeout}</arg>
<arg>${quiet}</arg>
</arguments>
<kw name="Create Session" library="RequestsLibrary.RequestsKeywords">
<doc>Create Session: create a HTTP session to a server</doc>
<arguments>
<arg>openbmc</arg>
<arg>${AUTH_URI}</arg>
<arg>timeout=${timeout}</arg>
<arg>max_retries=3</arg>
</arguments>
<msg timestamp="20170516 02:34:21.680" level="INFO">Creating Session using : alias=openbmc, url=https://9.3.86.161:443, headers={},                     cookies=None, auth=None, timeout=10, proxies=None, verify=False,                     debug=0 </msg>
[...]
<doc>Closes all open connections.</doc>
<status endtime="20170516 02:39:26.752" status="PASS" starttime="20170516 02:39:26.684"></status>
</kw>
<status endtime="20170516 02:39:26.752" status="PASS" starttime="20170516 02:39:10.970"></status>
</kw>
<status endtime="20170516 02:39:26.752" status="PASS" starttime="20170516 02:39:05.665"></status>
</kw>
<status endtime="20170516 02:39:26.752" status="PASS" starttime="20170516 02:39:05.664"></status>
</kw>
<kw name="Run Keyword If" library="BuiltIn">
<doc>Runs the given keyword with the given arguments, if ``condition`` is true.</doc>
<arguments>
<arg>'${status}'=='True'</arg>
<arg>Recover Quiesced Host</arg>
</arguments>
<status endtime="20170516 02:39:26.753" status="PASS" starttime="20170516 02:39:26.753"></status>
</kw>
<kw name="Log Test Case Status" library="openbmc_ffdc_methods">
<doc>Test case execution result history.</doc>
<kw name="Get Variable Value" library="BuiltIn">
<doc>Returns variable value or ``default`` if the variable does not exist.</doc>
<arguments>
<arg>${FFDC_DIR_PATH_STYLE}</arg>
<arg>${EMPTY}</arg>
</arguments>
<assign>
<var>${FFDC_DIR_PATH_STYLE}</var>
</assign>
<msg timestamp="20170516 02:39:26.762" level="INFO">${FFDC_DIR_PATH_STYLE} = </msg>
<status endtime="20170516 02:39:26.762" status="PASS" starttime="20170516 02:39:26.754"></status>
</kw>
<kw name="Get Variable Value" library="BuiltIn">
<doc>Returns variable value or ``default`` if the variable does not exist.</doc>
<arguments>
<arg>${FFDC_DIR_PATH}</arg>
<arg>${EMPTY}</arg>
</arguments>
<assign>
<var>${FFDC_DIR_PATH}</var>
</assign>
<msg timestamp="20170516 02:39:26.762" level="INFO">${FFDC_DIR_PATH} = /tmp/fspcibld/6467/obmc-robot/logs/20170516023909092124_TestsTestBasicPoweron/20170516023909092124_PowerOnTest/</msg>
<status endtime="20170516 02:39:26.762" status="PASS" starttime="20170516 02:39:26.762"></status>
</kw>
<kw name="Run Keyword If" library="BuiltIn">
<doc>Runs the given keyword with the given arguments, if ``condition`` is true.</doc>
<arguments>
<arg>'${FFDC_DIR_PATH}' == '${EMPTY}'</arg>
<arg>Set FFDC Defaults</arg>
</arguments>
<status endtime="20170516 02:39:26.763" status="PASS" starttime="20170516 02:39:26.763"></status>
</kw>
<kw name="Run Keyword If" library="BuiltIn">
<doc>Runs the given keyword with the given arguments, if ``condition`` is true.</doc>
<arguments>
<arg>'${FFDC_DIR_PATH_STYLE}' == '${1}'</arg>
<arg>Run Keywords</arg>
<arg>Set Global Variable</arg>
<arg>${FFDC_LOG_PATH}</arg>
<arg>${FFDC_DIR_PATH}</arg>
<arg>AND</arg>
<arg>Set Global Variable</arg>
<arg>${TEST_HISTORY}</arg>
<arg>${FFDC_DIR_PATH}test_history.txt</arg>
</arguments>
<status endtime="20170516 02:39:26.764" status="PASS" starttime="20170516 02:39:26.763"></status>
</kw>
<kw name="Create Directory" library="OperatingSystem">
<doc>Creates the specified directory.</doc>
<arguments>
<arg>${FFDC_LOG_PATH}</arg>
</arguments>
<msg timestamp="20170516 02:39:26.764" level="INFO" html="yes">Directory '&lt;a href="file:///tmp/fspcibld/6467/obmc-robot/logs"&gt;/tmp/fspcibld/6467/obmc-robot/logs&lt;/a&gt;' already exists.</msg>
<status endtime="20170516 02:39:26.764" status="PASS" starttime="20170516 02:39:26.764"></status>
</kw>
<kw name="Run Keyword And Return Status" library="BuiltIn">
<doc>Runs the given keyword with given arguments and returns the status as a Boolean value.</doc>
<arguments>
<arg>OperatingSystem.File Should Exist</arg>
<arg>${TEST_HISTORY}</arg>
</arguments>
<assign>
<var>${exist}</var>
</assign>
<kw name="File Should Exist" library="OperatingSystem">
<doc>Fails unless the given ``path`` points to an existing file.</doc>
<arguments>
<arg>${TEST_HISTORY}</arg>
</arguments>
<msg timestamp="20170516 02:39:26.765" level="INFO" html="yes">File '&lt;a href="file:///tmp/fspcibld/6467/obmc-robot/logs/test_history.txt"&gt;/tmp/fspcibld/6467/obmc-robot/logs/test_history.txt&lt;/a&gt;' exists.</msg>
<status endtime="20170516 02:39:26.765" status="PASS" starttime="20170516 02:39:26.765"></status>
</kw>
<msg timestamp="20170516 02:39:26.765" level="INFO">${exist} = True</msg>
<status endtime="20170516 02:39:26.765" status="PASS" starttime="20170516 02:39:26.764"></status>
</kw>
<kw name="Run Keyword If" library="BuiltIn">
<doc>Runs the given keyword with the given arguments, if ``condition`` is true.</doc>
<arguments>
<arg>'${exist}' == '${False}'</arg>
<arg>Create File</arg>
<arg>${TEST_HISTORY}</arg>
</arguments>
<status endtime="20170516 02:39:26.766" status="PASS" starttime="20170516 02:39:26.766"></status>
</kw>
<kw name="Rpvars" library="gen_robot_print">
<arguments>
<arg>TEST_HISTORY</arg>
</arguments>
<status endtime="20170516 02:39:26.766" status="PASS" starttime="20170516 02:39:26.766"></status>
</kw>
<kw name="Get Current Time Stamp" library="openbmc_ffdc_utils">
<doc>Get the current time stamp data</doc>
<assign>
<var>${cur_time}</var>
</assign>
<kw name="Get Current Date" library="DateTime">
<doc>Returns current local or UTC time with an optional increment.</doc>
<arguments>
<arg>result_format=%Y-%m-%d %H:%M:%S:%f</arg>
</arguments>
<assign>
<var>${cur_time}</var>
</assign>
<msg timestamp="20170516 02:39:26.767" level="INFO">${cur_time} = 2017-05-16 02:39:26:767209</msg>
<status endtime="20170516 02:39:26.767" status="PASS" starttime="20170516 02:39:26.767"></status>
</kw>
<kw name="Get Strip String" library="openbmc_ffdc_list">
<doc>########################################################################</doc>
<arguments>
<arg>${cur_time}</arg>
</arguments>
<assign>
<var>${cur_time}</var>
</assign>
<msg timestamp="20170516 02:39:26.768" level="INFO">${cur_time} = 20170516023926767209</msg>
<status endtime="20170516 02:39:26.768" status="PASS" starttime="20170516 02:39:26.768"></status>
</kw>
<msg timestamp="20170516 02:39:26.768" level="INFO">${cur_time} = 20170516023926767209</msg>
<status endtime="20170516 02:39:26.768" status="PASS" starttime="20170516 02:39:26.767"></status>
</kw>
<kw name="Append To File" library="OperatingSystem">
<doc>Appends the given content to the specified file.</doc>
<arguments>
<arg>${TEST_HISTORY}</arg>
<arg>${cur_time}:${SUITE_NAME}:${TEST_NAME}:${TEST_STATUS}${\n}</arg>
</arguments>
<msg timestamp="20170516 02:39:26.769" level="INFO" html="yes">Appended to file '&lt;a href="file:///tmp/fspcibld/6467/obmc-robot/logs/test_history.txt"&gt;/tmp/fspcibld/6467/obmc-robot/logs/test_history.txt&lt;/a&gt;'.</msg>
<status endtime="20170516 02:39:26.769" status="PASS" starttime="20170516 02:39:26.768"></status>
</kw>
<status endtime="20170516 02:39:26.769" status="PASS" starttime="20170516 02:39:26.753"></status>
</kw>
<status endtime="20170516 02:39:26.769" status="FAIL" starttime="20170516 02:37:44.959"></status>
</kw>
<kw name="Stop SOL Console Logging" library="utils">
<doc>Stop system console logging and return log output.</doc>
<assign>
<var>${sol_log}</var>
</assign>
<kw name="Create OS Console File Path" library="utils">
<doc>Create OS console file path name and return it.</doc>
<arguments>
<arg>${log_file_path}</arg>
</arguments>
<assign>
<var>${log_file_path}</var>
</assign>
<kw name="Catenate" library="BuiltIn">
<doc>Catenates the given items together and returns the resulted string.</doc>
<arguments>
<arg>/tmp/${OPENBMC_HOST}_os_console</arg>
</arguments>
<assign>
<var>${default_file_path}</var>
</assign>
<msg timestamp="20170516 02:39:26.771" level="INFO">${default_file_path} = /tmp/9.3.86.161_os_console</msg>
<status endtime="20170516 02:39:26.771" status="PASS" starttime="20170516 02:39:26.771"></status>
</kw>
<kw name="Set Variable If" library="BuiltIn">
<doc>Sets variable based on the given condition.</doc>
<arguments>
<arg>'${log_file_path}' == '${EMPTY}'</arg>
<arg>${default_file_path}</arg>
<arg>${log_file_path}</arg>
</arguments>
<assign>
<var>${log_file_path}</var>
</assign>
<msg timestamp="20170516 02:39:26.772" level="INFO">${log_file_path} = /tmp/9.3.86.161_os_console</msg>
<status endtime="20170516 02:39:26.772" status="PASS" starttime="20170516 02:39:26.771"></status>
</kw>
<msg timestamp="20170516 02:39:26.772" level="INFO">${log_file_path} = /tmp/9.3.86.161_os_console</msg>
<status endtime="20170516 02:39:26.772" status="PASS" starttime="20170516 02:39:26.770"></status>
</kw>
<kw name="Create OS Console Command String" library="utils">
<doc>Return a command string to start OS console logging.</doc>
<assign>
<var>${search_string}</var>
</assign>
<kw name="Catenate" library="BuiltIn">
<doc>Catenates the given items together and returns the resulted string.</doc>
<arguments>
<arg>which ssh_pw 2&gt;&amp;1</arg>
</arguments>
<assign>
<var>${cmd_buf}</var>
</assign>
<msg timestamp="20170516 02:39:26.773" level="INFO">${cmd_buf} = which ssh_pw 2&gt;&amp;1</msg>
<status endtime="20170516 02:39:26.773" status="PASS" starttime="20170516 02:39:26.773"></status>
</kw>
<kw name="Rdpissuing" library="gen_robot_print">
<arguments>
<arg>${cmd_buf}</arg>
</arguments>
<status endtime="20170516 02:39:26.780" status="PASS" starttime="20170516 02:39:26.773"></status>
</kw>
<kw name="Run And Return Rc And Output" library="OperatingSystem">
<doc>Runs the given command in the system and returns the RC and output.</doc>
<arguments>
<arg>${cmd_buf}</arg>
</arguments>
<assign>
<var>${rc}</var>
<var>${output}</var>
</assign>
<msg timestamp="20170516 02:39:26.787" level="INFO">Running command 'which ssh_pw 2&gt;&amp;1'.</msg>
<msg timestamp="20170516 02:39:26.792" level="INFO">${rc} = 0</msg>
<msg timestamp="20170516 02:39:26.792" level="INFO">${output} = /tmp/fspcibld/6467/obmc-robot/.tox/witherspoon/bin/ssh_pw</msg>
<status endtime="20170516 02:39:26.792" status="PASS" starttime="20170516 02:39:26.780"></status>
</kw>
<kw name="Rdpvars" library="gen_robot_print">
<arguments>
<arg>rc</arg>
<arg>output</arg>
</arguments>
<status endtime="20170516 02:39:26.802" status="PASS" starttime="20170516 02:39:26.794"></status>
</kw>
<kw name="Should Be Equal" library="BuiltIn">
<doc>Fails if the given objects are unequal.</doc>
<arguments>
<arg>${rc}</arg>
<arg>${0}</arg>
<arg>msg=${output}\n</arg>
</arguments>
<status endtime="20170516 02:39:26.803" status="PASS" starttime="20170516 02:39:26.802"></status>
</kw>
<kw name="Catenate" library="BuiltIn">
<doc>Catenates the given items together and returns the resulted string.</doc>
<arguments>
<arg>ssh_pw ${OPENBMC_PASSWORD} -p 2200</arg>
<arg>${OPENBMC_USERNAME}@${OPENBMC_HOST}</arg>
</arguments>
<assign>
<var>${cmd_buf}</var>
</assign>
<msg timestamp="20170516 02:39:26.804" level="INFO">${cmd_buf} = ssh_pw 0penBmc -p 2200 root@9.3.86.161</msg>
<status endtime="20170516 02:39:26.804" status="PASS" starttime="20170516 02:39:26.803"></status>
</kw>
<msg timestamp="20170516 02:39:26.804" level="INFO">${search_string} = ssh_pw 0penBmc -p 2200 root@9.3.86.161</msg>
<status endtime="20170516 02:39:26.804" status="PASS" starttime="20170516 02:39:26.772"></status>
</kw>
<kw name="Catenate" library="BuiltIn">
<doc>Catenates the given items together and returns the resulted string.</doc>
<arguments>
<arg>echo $(ps -ef | egrep '${search_string}'</arg>
<arg>| egrep -v grep | cut -c10-14)</arg>
</arguments>
<assign>
<var>${cmd_buf}</var>
</assign>
<msg timestamp="20170516 02:39:26.805" level="INFO">${cmd_buf} = echo $(ps -ef | egrep 'ssh_pw 0penBmc -p 2200 root@9.3.86.161' | egrep -v grep | cut -c10-14)</msg>
<status endtime="20170516 02:39:26.805" status="PASS" starttime="20170516 02:39:26.804"></status>
</kw>
<kw name="Rdpissuing" library="gen_robot_print">
<arguments>
<arg>${cmd_buf}</arg>
</arguments>
<status endtime="20170516 02:39:26.848" status="PASS" starttime="20170516 02:39:26.805"></status>
</kw>
<kw name="Run And Return Rc And Output" library="OperatingSystem">
<doc>Runs the given command in the system and returns the RC and output.</doc>
<arguments>
<arg>${cmd_buf}</arg>
</arguments>
<assign>
<var>${rc}</var>
<var>${os_con_pid}</var>
</assign>
<msg timestamp="20170516 02:39:26.855" level="INFO">Running command 'echo $(ps -ef | egrep 'ssh_pw 0penBmc -p 2200 root@9.3.86.161' | egrep -v grep | cut -c10-14) 2&gt;&amp;1'.</msg>
<msg timestamp="20170516 02:39:26.864" level="INFO">${rc} = 0</msg>
<msg timestamp="20170516 02:39:26.864" level="INFO">${os_con_pid} = 196</msg>
<status endtime="20170516 02:39:26.864" status="PASS" starttime="20170516 02:39:26.849"></status>
</kw>
<kw name="Rdpvars" library="gen_robot_print">
<arguments>
<arg>os_con_pid</arg>
</arguments>
<status endtime="20170516 02:39:26.874" status="PASS" starttime="20170516 02:39:26.866"></status>
</kw>
<kw name="Catenate" library="BuiltIn">
<doc>Catenates the given items together and returns the resulted string.</doc>
<arguments>
<arg>kill -9 ${os_con_pid}</arg>
</arguments>
<assign>
<var>${cmd_buf}</var>
</assign>
<msg timestamp="20170516 02:39:26.875" level="INFO">${cmd_buf} = kill -9 196</msg>
<status endtime="20170516 02:39:26.875" status="PASS" starttime="20170516 02:39:26.875"></status>
</kw>
<kw name="Run Keyword If" library="BuiltIn">
<doc>Runs the given keyword with the given arguments, if ``condition`` is true.</doc>
<arguments>
<arg>'${os_con_pid}' != '${EMPTY}'</arg>
<arg>Rdpissuing</arg>
<arg>${cmd_buf}</arg>
</arguments>
<kw name="Rdpissuing" library="gen_robot_print">
<arguments>
<arg>${cmd_buf}</arg>
</arguments>
<status endtime="20170516 02:39:26.883" status="PASS" starttime="20170516 02:39:26.876"></status>
</kw>
<status endtime="20170516 02:39:26.884" status="PASS" starttime="20170516 02:39:26.876"></status>
</kw>
<kw name="Run Keyword If" library="BuiltIn">
<doc>Runs the given keyword with the given arguments, if ``condition`` is true.</doc>
<arguments>
<arg>'${os_con_pid}' != '${EMPTY}'</arg>
<arg>Run And Return Rc And Output</arg>
<arg>${cmd_buf}</arg>
</arguments>
<assign>
<var>${rc}</var>
<var>${output}</var>
</assign>
<kw name="Run And Return Rc And Output" library="OperatingSystem">
<doc>Runs the given command in the system and returns the RC and output.</doc>
<arguments>
<arg>${cmd_buf}</arg>
</arguments>
<msg timestamp="20170516 02:39:26.888" level="INFO">Running command 'kill -9 196 2&gt;&amp;1'.</msg>
<status endtime="20170516 02:39:26.890" status="PASS" starttime="20170516 02:39:26.884"></status>
</kw>
<msg timestamp="20170516 02:39:26.891" level="INFO">${rc} = 0</msg>
<msg timestamp="20170516 02:39:26.891" level="INFO">${output} = </msg>
<status endtime="20170516 02:39:26.891" status="PASS" starttime="20170516 02:39:26.884"></status>
</kw>
<kw name="Run Keyword If" library="BuiltIn">
<doc>Runs the given keyword with the given arguments, if ``condition`` is true.</doc>
<arguments>
<arg>'${os_con_pid}' != '${EMPTY}'</arg>
<arg>Rdpvars</arg>
<arg>rc</arg>
<arg>output</arg>
</arguments>
<kw name="Rdpvars" library="gen_robot_print">
<arguments>
<arg>rc</arg>
<arg>output</arg>
</arguments>
<status endtime="20170516 02:39:26.904" status="PASS" starttime="20170516 02:39:26.895"></status>
</kw>
<status endtime="20170516 02:39:26.904" status="PASS" starttime="20170516 02:39:26.893"></status>
</kw>
<kw name="Set Variable" library="BuiltIn">
<doc>Returns the given values which can then be assigned to a variables.</doc>
<arguments>
<arg>cat ${log_file_path} 2&gt;&amp;1</arg>
</arguments>
<assign>
<var>${cmd_buf}</var>
</assign>
<msg timestamp="20170516 02:39:26.905" level="INFO">${cmd_buf} = cat /tmp/9.3.86.161_os_console 2&gt;&amp;1</msg>
<status endtime="20170516 02:39:26.905" status="PASS" starttime="20170516 02:39:26.904"></status>
</kw>
<kw name="Rdpissuing" library="gen_robot_print">
<arguments>
<arg>${cmd_buf}</arg>
</arguments>
<status endtime="20170516 02:39:26.912" status="PASS" starttime="20170516 02:39:26.905"></status>
</kw>
<kw name="Run And Return Rc And Output" library="OperatingSystem">
<doc>Runs the given command in the system and returns the RC and output.</doc>
<arguments>
<arg>${cmd_buf}</arg>
</arguments>
<assign>
<var>${rc}</var>
<var>${output}</var>
</assign>
<msg timestamp="20170516 02:39:26.916" level="INFO">Running command 'cat /tmp/9.3.86.161_os_console 2&gt;&amp;1'.</msg>
<msg timestamp="20170516 02:39:26.920" level="INFO">${rc} = 0</msg>
<msg timestamp="20170516 02:39:26.920" level="INFO">${output} = spawn ssh -p 2200 root@9.3.86.161
The authenticity of host '[9.3.86.161]:2200 ([9.3.86.161]:2200)' can't be established.
RSA key fingerprint is SHA256:UD0knbv0n/aYnjyQpXhvRYFaEcXJn/QD7sMuqogAYDc.
Are ...</msg>
<status endtime="20170516 02:39:26.920" status="PASS" starttime="20170516 02:39:26.912"></status>
</kw>
<kw name="Rdpvars" library="gen_robot_print">
<arguments>
<arg>rc</arg>
</arguments>
<status endtime="20170516 02:39:26.932" status="PASS" starttime="20170516 02:39:26.922"></status>
</kw>
<kw name="Run Keyword If" library="BuiltIn">
<doc>Runs the given keyword with the given arguments, if ``condition`` is true.</doc>
<arguments>
<arg>'${targ_file_path}' != '${EMPTY}'</arg>
<arg>Run Keyword And Ignore Error</arg>
<arg>Copy File</arg>
<arg>${log_file_path}</arg>
<arg>${targ_file_path}</arg>
</arguments>
<status endtime="20170516 02:39:26.933" status="PASS" starttime="20170516 02:39:26.932"></status>
</kw>
<msg timestamp="20170516 02:39:26.933" level="INFO">${sol_log} = spawn ssh -p 2200 root@9.3.86.161
The authenticity of host '[9.3.86.161]:2200 ([9.3.86.161]:2200)' can't be established.
RSA key fingerprint is SHA256:UD0knbv0n/aYnjyQpXhvRYFaEcXJn/QD7sMuqogAYDc.
Are ...</msg>
<status endtime="20170516 02:39:26.933" status="PASS" starttime="20170516 02:39:26.770"></status>
</kw>
<kw name="Log" library="BuiltIn">
<doc>Logs the given message with the given level.</doc>
<arguments>
<arg>${sol_log}</arg>
</arguments>
<msg timestamp="20170516 02:39:26.934" level="INFO">spawn ssh -p 2200 root@9.3.86.161
The authenticity of host '[9.3.86.161]:2200 ([9.3.86.161]:2200)' can't be established.
RSA key fingerprint is SHA256:UD0knbv0n/aYnjyQpXhvRYFaEcXJn/QD7sMuqogAYDc.
Are you sure you want to continue connecting (yes/no)? yes
Warning: Permanently added '[9.3.86.161]:2200' (RSA) to the list of known hosts.
root@9.3.86.161's password: </msg>
<status endtime="20170516 02:39:26.934" status="PASS" starttime="20170516 02:39:26.933"></status>
</kw>
<status endtime="20170516 02:39:26.934" status="FAIL" starttime="20170516 02:37:44.959">Replacing variables from keyword return value failed: Resolving variable '${state.rsplit('.', 1)[1]}' failed: AttributeError: 'NoneType' object has no attribute 'rsplit'</status>
</kw>
<doc>Power off and on.</doc>
<tags>
<tag>chassisboot</tag>
<tag>Power_On_Test</tag>
</tags>
<status critical="yes" endtime="20170516 02:39:26.934" status="FAIL" starttime="20170516 02:34:21.504">Keyword 'Is Host Off' failed after retrying for 3 minutes. The last error was: Keyword 'Post Login Request' failed after retrying for 40 seconds. The last error was: ReadTimeout: HTTPSConnectionPool(host='9.3.86.161', port=443): Read timed out. (read timeout=10.0): FAIL != PASS

Also teardown failed:
Replacing variables from keyword return value failed: Resolving variable '${state.rsplit('.', 1)[1]}' failed: AttributeError: 'NoneType' object has no attribute 'rsplit'</status>
</test>
<doc>Test power on for HW CI.</doc>
<status endtime="20170516 02:39:26.936" status="FAIL" starttime="20170516 02:34:21.469"></status>
</suite>
<doc>Set metadata for test suite.</doc>
<status endtime="20170516 02:39:26.939" status="FAIL" starttime="20170516 02:34:14.400"></status>
</suite>
<statistics>
<total>
<stat pass="1" fail="1">Critical Tests</stat>
<stat pass="1" fail="1">All Tests</stat>
</total>
<tag>
<stat pass="0" fail="1">chassisboot</stat>
<stat pass="0" fail="1">Power_On_Test</stat>
<stat pass="1" fail="0">Test_SSL_Connection</stat>
</tag>
<suite>
<stat id="s1" pass="1" fail="1" name="Tests">Tests</stat>
<stat id="s1-s1" pass="1" fail="0" name="Security">Tests.Security</stat>
<stat id="s1-s1-s1" pass="1" fail="0" name="Test Ssl">Tests.Security.Test Ssl</stat>
<stat id="s1-s2" pass="0" fail="1" name="Test Basic Poweron">Tests.Test Basic Poweron</stat>
</suite>
</statistics>
<errors>
</errors>
</robot>
