<?xml version="1.0" encoding="UTF-8"?>
<robot generator="Robot 3.0.2 (Python 2.7.12 on linux2)" generated="20170515 14:42:31.821">
<suite id="s1" name="Tests" source="/tmp/fspcibld/20567/obmc-robot/tests">
<kw name="System Driver Data" type="setup">
<doc>System driver information.</doc>
<kw name="Open Connection And Log In" library="connection_client">
<doc>Opens a connection with the given arguments, and logs in.</doc>
<kw name="Run Keyword And Return Status" library="BuiltIn">
<doc>Runs the given keyword with given arguments and returns the status as a Boolean value.</doc>
<arguments>
<arg>Dictionary Should Contain Key</arg>
<arg>${connection_args}</arg>
<arg>host</arg>
</arguments>
<assign>
<var>${has_host}</var>
</assign>
<kw name="Dictionary Should Contain Key" library="Collections">
<doc>Fails if ``key`` is not found from ``dictionary``.</doc>
<arguments>
<arg>${connection_args}</arg>
<arg>host</arg>
</arguments>
<msg level="FAIL" timestamp="20170515 14:42:32.403">Dictionary does not contain key 'host'.</msg>
<status starttime="20170515 14:42:32.403" status="FAIL" endtime="20170515 14:42:32.403"></status>
</kw>
<msg level="INFO" timestamp="20170515 14:42:32.403">${has_host} = False</msg>
<status starttime="20170515 14:42:32.402" status="PASS" endtime="20170515 14:42:32.403"></status>
</kw>
<kw name="Run Keyword If" library="BuiltIn">
<doc>Runs the given keyword with the given arguments, if ``condition`` is true.</doc>
<arguments>
<arg>${has_host} == ${FALSE}</arg>
<arg>Set To Dictionary</arg>
<arg>${connection_args}</arg>
<arg>host=${OPENBMC_HOST}</arg>
</arguments>
<kw name="Set To Dictionary" library="Collections">
<doc>Adds the given ``key_value_pairs`` and ``items`` to the ``dictionary``.</doc>
<arguments>
<arg>${connection_args}</arg>
<arg>host=${OPENBMC_HOST}</arg>
</arguments>
<status starttime="20170515 14:42:32.404" status="PASS" endtime="20170515 14:42:32.404"></status>
</kw>
<status starttime="20170515 14:42:32.404" status="PASS" endtime="20170515 14:42:32.404"></status>
</kw>
<kw name="Run Keyword If" library="BuiltIn">
<doc>Runs the given keyword with the given arguments, if ``condition`` is true.</doc>
<arguments>
<arg>'${SSH_PORT}' != '${EMPTY}' and '${HTTPS_PORT}' != '${EMPTY}'</arg>
<arg>User input SSH and HTTPs Ports</arg>
</arguments>
<kw name="User input SSH and HTTPs Ports" library="connection_client">
<doc>Update the global SSH and HTTPs port variable for QEMU</doc>
<kw name="Convert To Integer" library="BuiltIn">
<doc>Converts the given item to an integer number.</doc>
<arguments>
<arg>${SSH_PORT}</arg>
</arguments>
<assign>
<var>${port_num}</var>
</assign>
<msg level="INFO" timestamp="20170515 14:42:32.406">${port_num} = 22</msg>
<status starttime="20170515 14:42:32.406" status="PASS" endtime="20170515 14:42:32.406"></status>
</kw>
<kw name="Replace Variables" library="BuiltIn">
<doc>Replaces variables in the given text with their current values.</doc>
<arguments>
<arg>${port_num}</arg>
</arguments>
<assign>
<var>${SSH_PORT}</var>
</assign>
<msg level="INFO" timestamp="20170515 14:42:32.406">${SSH_PORT} = 22</msg>
<status starttime="20170515 14:42:32.406" status="PASS" endtime="20170515 14:42:32.406"></status>
</kw>
<kw name="Convert To Integer" library="BuiltIn">
<doc>Converts the given item to an integer number.</doc>
<arguments>
<arg>${HTTPS_PORT}</arg>
</arguments>
<assign>
<var>${https_num}</var>
</assign>
<msg level="INFO" timestamp="20170515 14:42:32.407">${https_num} = 443</msg>
<status starttime="20170515 14:42:32.407" status="PASS" endtime="20170515 14:42:32.407"></status>
</kw>
<kw name="Set Global Variable" library="BuiltIn">
<doc>Makes a variable available globally in all tests and suites.</doc>
<arguments>
<arg>${AUTH_URI}</arg>
<arg>https://${OPENBMC_HOST}:${https_num}</arg>
</arguments>
<msg level="INFO" timestamp="20170515 14:42:32.408">${AUTH_URI} = https://9.41.166.169:443</msg>
<status starttime="20170515 14:42:32.407" status="PASS" endtime="20170515 14:42:32.408"></status>
</kw>
<status starttime="20170515 14:42:32.405" status="PASS" endtime="20170515 14:42:32.408"></status>
</kw>
<status starttime="20170515 14:42:32.405" status="PASS" endtime="20170515 14:42:32.408"></status>
</kw>
<kw name="Run Keyword And Return Status" library="BuiltIn">
<doc>Runs the given keyword with given arguments and returns the status as a Boolean value.</doc>
<arguments>
<arg>Dictionary Should Contain Key</arg>
<arg>${connection_args}</arg>
<arg>port</arg>
</arguments>
<assign>
<var>${has_port}</var>
</assign>
<kw name="Dictionary Should Contain Key" library="Collections">
<doc>Fails if ``key`` is not found from ``dictionary``.</doc>
<arguments>
<arg>${connection_args}</arg>
<arg>port</arg>
</arguments>
<msg level="FAIL" timestamp="20170515 14:42:32.409">Dictionary does not contain key 'port'.</msg>
<status starttime="20170515 14:42:32.408" status="FAIL" endtime="20170515 14:42:32.409"></status>
</kw>
<msg level="INFO" timestamp="20170515 14:42:32.409">${has_port} = False</msg>
<status starttime="20170515 14:42:32.408" status="PASS" endtime="20170515 14:42:32.409"></status>
</kw>
<kw name="Run Keyword If" library="BuiltIn">
<doc>Runs the given keyword with the given arguments, if ``condition`` is true.</doc>
<arguments>
<arg>'${SSH_PORT}' != '${EMPTY}' and ${has_port} == ${FALSE}</arg>
<arg>Run Keywords</arg>
<arg>Set To Dictionary</arg>
<arg>${connection_args}</arg>
<arg>port=${SSH_PORT}</arg>
<arg>AND</arg>
<arg>SSHLibrary.Open connection</arg>
<arg>&amp;{connection_args}</arg>
<arg>ELSE</arg>
<arg>Run Keyword</arg>
<arg>SSHLibrary.Open connection</arg>
<arg>&amp;{connection_args}</arg>
</arguments>
<kw name="Run Keywords" library="BuiltIn">
<doc>Executes all the given keywords in a sequence.</doc>
<arguments>
<arg>Set To Dictionary</arg>
<arg>${connection_args}</arg>
<arg>port=${SSH_PORT}</arg>
<arg>AND</arg>
<arg>SSHLibrary.Open connection</arg>
<arg>&amp;{connection_args}</arg>
</arguments>
<kw name="Set To Dictionary" library="Collections">
<doc>Adds the given ``key_value_pairs`` and ``items`` to the ``dictionary``.</doc>
<arguments>
<arg>${connection_args}</arg>
<arg>port=${SSH_PORT}</arg>
</arguments>
<status starttime="20170515 14:42:32.410" status="PASS" endtime="20170515 14:42:32.410"></status>
</kw>
<kw name="Open Connection" library="SSHLibrary">
<doc>Opens a new SSH connection to the given `host` and `port`.</doc>
<arguments>
<arg>&amp;{connection_args}</arg>
</arguments>
<status starttime="20170515 14:42:32.411" status="PASS" endtime="20170515 14:42:32.411"></status>
</kw>
<status starttime="20170515 14:42:32.410" status="PASS" endtime="20170515 14:42:32.411"></status>
</kw>
<status starttime="20170515 14:42:32.409" status="PASS" endtime="20170515 14:42:32.411"></status>
</kw>
<kw name="Login" library="SSHLibrary">
<doc>Logs into the SSH server with the given `username` and `password`.</doc>
<arguments>
<arg>${username}</arg>
<arg>${password}</arg>
</arguments>
<msg level="INFO" timestamp="20170515 14:42:32.412">Logging into '9.41.166.169:22' as 'root'.</msg>
<msg level="INFO" timestamp="20170515 14:42:34.321">Read output: root@witherspoon:~#</msg>
<status starttime="20170515 14:42:32.411" status="PASS" endtime="20170515 14:42:34.321"></status>
</kw>
<status starttime="20170515 14:42:32.402" status="PASS" endtime="20170515 14:42:34.321"></status>
</kw>
<kw name="Run Keyword And Ignore Error" library="BuiltIn">
<doc>Runs the given keyword with the given arguments and ignores possible error.</doc>
<arguments>
<arg>Log BMC Driver Details</arg>
</arguments>
<kw name="Log BMC Driver Details">
<doc>Get BMC driver details and log.</doc>
<kw name="Execute Command" library="SSHLibrary">
<doc>Executes `command` on the remote machine and returns its outputs.</doc>
<arguments>
<arg>${DRIVER_CMD}</arg>
<arg>return_stderr=True</arg>
</arguments>
<assign>
<var>${output}</var>
<var>${stderr}</var>
</assign>
<msg level="INFO" timestamp="20170515 14:42:34.323">Executing command 'cat /etc/os-release | grep ^VERSION_ID='.</msg>
<msg level="INFO" timestamp="20170515 14:42:34.389">Command exited with return code 0.</msg>
<msg level="INFO" timestamp="20170515 14:42:34.390">${output} = VERSION_ID="v1.99.5-42-gbdc80c3"</msg>
<msg level="INFO" timestamp="20170515 14:42:34.390">${stderr} = </msg>
<status starttime="20170515 14:42:34.322" status="PASS" endtime="20170515 14:42:34.390"></status>
</kw>
<kw name="Should Be Empty" library="BuiltIn">
<doc>Verifies that the given item is empty.</doc>
<arguments>
<arg>${stderr}</arg>
</arguments>
<msg level="INFO" timestamp="20170515 14:42:34.390">Length is 0</msg>
<status starttime="20170515 14:42:34.390" status="PASS" endtime="20170515 14:42:34.390"></status>
</kw>
<kw name="Log" library="BuiltIn">
<doc>Logs the given message with the given level.</doc>
<arguments>
<arg>${output}</arg>
</arguments>
<msg level="INFO" timestamp="20170515 14:42:34.391">VERSION_ID="v1.99.5-42-gbdc80c3"</msg>
<status starttime="20170515 14:42:34.391" status="PASS" endtime="20170515 14:42:34.391"></status>
</kw>
<status starttime="20170515 14:42:34.322" status="PASS" endtime="20170515 14:42:34.391"></status>
</kw>
<status starttime="20170515 14:42:34.322" status="PASS" endtime="20170515 14:42:34.391"></status>
</kw>
<kw name="Run Keyword And Ignore Error" library="BuiltIn">
<doc>Runs the given keyword with the given arguments and ignores possible error.</doc>
<arguments>
<arg>Log PNOR Driver Details</arg>
</arguments>
<kw name="Log PNOR Driver Details">
<doc>Get PNOR driver details and log.</doc>
<kw name="Execute Command On BMC" library="utils">
<doc>Execute given command on BMC and return output.</doc>
<arguments>
<arg>${PNOR_CMD}</arg>
</arguments>
<assign>
<var>${pnor_details}</var>
</assign>
<kw name="Execute Command" library="SSHLibrary">
<doc>Executes `command` on the remote machine and returns its outputs.</doc>
<arguments>
<arg>${command}</arg>
<arg>return_stderr=True</arg>
</arguments>
<assign>
<var>${stdout}</var>
<var>${stderr}</var>
</assign>
<msg level="INFO" timestamp="20170515 14:42:34.392">Executing command '/usr/sbin/pflash -r /tmp/out.txt -P VERSION; cat /tmp/out.txt'.</msg>
<msg level="INFO" timestamp="20170515 14:42:34.511">Command exited with return code 0.</msg>
<msg level="INFO" timestamp="20170515 14:42:34.512">${stdout} = Reading to "/tmp/out.txt" from 0x027e0000..0x027e1000 !
[                                                  ] 0%[==================================================] 100%
IBM-witherspoon-ibm-OP9_v1.15...</msg>
<msg level="INFO" timestamp="20170515 14:42:34.512">${stderr} = </msg>
<status starttime="20170515 14:42:34.392" status="PASS" endtime="20170515 14:42:34.512"></status>
</kw>
<kw name="Should Be Empty" library="BuiltIn">
<doc>Verifies that the given item is empty.</doc>
<arguments>
<arg>${stderr}</arg>
</arguments>
<msg level="INFO" timestamp="20170515 14:42:34.512">Length is 0</msg>
<status starttime="20170515 14:42:34.512" status="PASS" endtime="20170515 14:42:34.512"></status>
</kw>
<msg level="INFO" timestamp="20170515 14:42:34.512">${pnor_details} = Reading to "/tmp/out.txt" from 0x027e0000..0x027e1000 !
[                                                  ] 0%[==================================================] 100%
IBM-witherspoon-ibm-OP9_v1.15...</msg>
<status starttime="20170515 14:42:34.392" status="PASS" endtime="20170515 14:42:34.512"></status>
</kw>
<kw name="Log" library="BuiltIn">
<doc>Logs the given message with the given level.</doc>
<arguments>
<arg>PNOR_INFO=${pnor_details}</arg>
</arguments>
<msg level="INFO" timestamp="20170515 14:42:34.513">PNOR_INFO=Reading to "/tmp/out.txt" from 0x027e0000..0x027e1000 !
[                                                  ] 0%[==================================================] 100%
IBM-witherspoon-ibm-OP9_v1.15_1.22
	op-build-v1.15-115-ge46df0d-dirty
	buildroot-2017.02-4-gc28573e
	skiboot-5.5.0-rc3
	hostboot-3a3d65e
	linux-4.10.7-openpower1-pb32b856
	petitboot-v1.4.2-pa470686
	witherspoon-xml-07ef29d
	occ-e1889e5
	hostboot-binaries-46670e3
	capp-ucode-1bb7503
</msg>
<status starttime="20170515 14:42:34.513" status="PASS" endtime="20170515 14:42:34.514"></status>
</kw>
<status starttime="20170515 14:42:34.392" status="PASS" endtime="20170515 14:42:34.514"></status>
</kw>
<status starttime="20170515 14:42:34.391" status="PASS" endtime="20170515 14:42:34.514"></status>
</kw>
<kw name="Run Keyword And Ignore Error" library="BuiltIn">
<doc>Runs the given keyword with the given arguments and ignores possible error.</doc>
<arguments>
<arg>Log BMC Model</arg>
</arguments>
<kw name="Log BMC Model">
<doc>Fetch BMC Model name from system and log.</doc>
<kw name="Get BMC System Model" library="utils">
<doc>Get the BMC model from the device tree.</doc>
<assign>
<var>${bmc_model}</var>
</assign>
<kw name="Open Connection And Log In" library="connection_client">
<doc>Opens a connection with the given arguments, and logs in.</doc>
<kw name="Run Keyword And Return Status" library="BuiltIn">
<doc>Runs the given keyword with given arguments and returns the status as a Boolean value.</doc>
<arguments>
<arg>Dictionary Should Contain Key</arg>
<arg>${connection_args}</arg>
<arg>host</arg>
</arguments>
<assign>
<var>${has_host}</var>
</assign>
<kw name="Dictionary Should Contain Key" library="Collections">
<doc>Fails if ``key`` is not found from ``dictionary``.</doc>
<arguments>
<arg>${connection_args}</arg>
<arg>host</arg>
</arguments>
<msg level="FAIL" timestamp="20170515 14:42:34.517">Dictionary does not contain key 'host'.</msg>
<status starttime="20170515 14:42:34.516" status="FAIL" endtime="20170515 14:42:34.517"></status>
</kw>
<msg level="INFO" timestamp="20170515 14:42:34.517">${has_host} = False</msg>
<status starttime="20170515 14:42:34.516" status="PASS" endtime="20170515 14:42:34.517"></status>
</kw>
<kw name="Run Keyword If" library="BuiltIn">
<doc>Runs the given keyword with the given arguments, if ``condition`` is true.</doc>
<arguments>
<arg>${has_host} == ${FALSE}</arg>
<arg>Set To Dictionary</arg>
<arg>${connection_args}</arg>
<arg>host=${OPENBMC_HOST}</arg>
</arguments>
<kw name="Set To Dictionary" library="Collections">
<doc>Adds the given ``key_value_pairs`` and ``items`` to the ``dictionary``.</doc>
<arguments>
<arg>${connection_args}</arg>
<arg>host=${OPENBMC_HOST}</arg>
</arguments>
<status starttime="20170515 14:42:34.518" status="PASS" endtime="20170515 14:42:34.518"></status>
</kw>
<status starttime="20170515 14:42:34.517" status="PASS" endtime="20170515 14:42:34.518"></status>
</kw>
<kw name="Run Keyword If" library="BuiltIn">
<doc>Runs the given keyword with the given arguments, if ``condition`` is true.</doc>
<arguments>
<arg>'${SSH_PORT}' != '${EMPTY}' and '${HTTPS_PORT}' != '${EMPTY}'</arg>
<arg>User input SSH and HTTPs Ports</arg>
</arguments>
<kw name="User input SSH and HTTPs Ports" library="connection_client">
<doc>Update the global SSH and HTTPs port variable for QEMU</doc>
<kw name="Convert To Integer" library="BuiltIn">
<doc>Converts the given item to an integer number.</doc>
<arguments>
<arg>${SSH_PORT}</arg>
</arguments>
<assign>
<var>${port_num}</var>
</assign>
<msg level="INFO" timestamp="20170515 14:42:34.519">${port_num} = 22</msg>
<status starttime="20170515 14:42:34.519" status="PASS" endtime="20170515 14:42:34.519"></status>
</kw>
<kw name="Replace Variables" library="BuiltIn">
<doc>Replaces variables in the given text with their current values.</doc>
<arguments>
<arg>${port_num}</arg>
</arguments>
<assign>
<var>${SSH_PORT}</var>
</assign>
<msg level="INFO" timestamp="20170515 14:42:34.520">${SSH_PORT} = 22</msg>
<status starttime="20170515 14:42:34.520" status="PASS" endtime="20170515 14:42:34.520"></status>
</kw>
<kw name="Convert To Integer" library="BuiltIn">
<doc>Converts the given item to an integer number.</doc>
<arguments>
<arg>${HTTPS_PORT}</arg>
</arguments>
<assign>
<var>${https_num}</var>
</assign>
<msg level="INFO" timestamp="20170515 14:42:34.520">${https_num} = 443</msg>
<status starttime="20170515 14:42:34.520" status="PASS" endtime="20170515 14:42:34.520"></status>
</kw>
<kw name="Set Global Variable" library="BuiltIn">
<doc>Makes a variable available globally in all tests and suites.</doc>
<arguments>
<arg>${AUTH_URI}</arg>
<arg>https://${OPENBMC_HOST}:${https_num}</arg>
</arguments>
<msg level="INFO" timestamp="20170515 14:42:34.521">${AUTH_URI} = https://9.41.166.169:443</msg>
<status starttime="20170515 14:42:34.521" status="PASS" endtime="20170515 14:42:34.521"></status>
</kw>
<status starttime="20170515 14:42:34.519" status="PASS" endtime="20170515 14:42:34.521"></status>
</kw>
<status starttime="20170515 14:42:34.518" status="PASS" endtime="20170515 14:42:34.521"></status>
</kw>
<kw name="Run Keyword And Return Status" library="BuiltIn">
<doc>Runs the given keyword with given arguments and returns the status as a Boolean value.</doc>
<arguments>
<arg>Dictionary Should Contain Key</arg>
<arg>${connection_args}</arg>
<arg>port</arg>
</arguments>
<assign>
<var>${has_port}</var>
</assign>
<kw name="Dictionary Should Contain Key" library="Collections">
<doc>Fails if ``key`` is not found from ``dictionary``.</doc>
<arguments>
<arg>${connection_args}</arg>
<arg>port</arg>
</arguments>
<msg level="FAIL" timestamp="20170515 14:42:34.522">Dictionary does not contain key 'port'.</msg>
<status starttime="20170515 14:42:34.522" status="FAIL" endtime="20170515 14:42:34.522"></status>
</kw>
<msg level="INFO" timestamp="20170515 14:42:34.522">${has_port} = False</msg>
<status starttime="20170515 14:42:34.522" status="PASS" endtime="20170515 14:42:34.522"></status>
</kw>
<kw name="Run Keyword If" library="BuiltIn">
<doc>Runs the given keyword with the given arguments, if ``condition`` is true.</doc>
<arguments>
<arg>'${SSH_PORT}' != '${EMPTY}' and ${has_port} == ${FALSE}</arg>
<arg>Run Keywords</arg>
<arg>Set To Dictionary</arg>
<arg>${connection_args}</arg>
<arg>port=${SSH_PORT}</arg>
<arg>AND</arg>
<arg>SSHLibrary.Open connection</arg>
<arg>&amp;{connection_args}</arg>
<arg>ELSE</arg>
<arg>Run Keyword</arg>
<arg>SSHLibrary.Open connection</arg>
<arg>&amp;{connection_args}</arg>
</arguments>
<kw name="Run Keywords" library="BuiltIn">
<doc>Executes all the given keywords in a sequence.</doc>
<arguments>
<arg>Set To Dictionary</arg>
<arg>${connection_args}</arg>
<arg>port=${SSH_PORT}</arg>
<arg>AND</arg>
<arg>SSHLibrary.Open connection</arg>
<arg>&amp;{connection_args}</arg>
</arguments>
<kw name="Set To Dictionary" library="Collections">
<doc>Adds the given ``key_value_pairs`` and ``items`` to the ``dictionary``.</doc>
<arguments>
<arg>${connection_args}</arg>
<arg>port=${SSH_PORT}</arg>
</arguments>
<status starttime="20170515 14:42:34.524" status="PASS" endtime="20170515 14:42:34.524"></status>
</kw>
<kw name="Open Connection" library="SSHLibrary">
<doc>Opens a new SSH connection to the given `host` and `port`.</doc>
<arguments>
<arg>&amp;{connection_args}</arg>
</arguments>
<status starttime="20170515 14:42:34.524" status="PASS" endtime="20170515 14:42:34.524"></status>
</kw>
<status starttime="20170515 14:42:34.523" status="PASS" endtime="20170515 14:42:34.525"></status>
</kw>
<status starttime="20170515 14:42:34.523" status="PASS" endtime="20170515 14:42:34.525"></status>
</kw>
<kw name="Login" library="SSHLibrary">
<doc>Logs into the SSH server with the given `username` and `password`.</doc>
<arguments>
<arg>${username}</arg>
<arg>${password}</arg>
</arguments>
<msg level="INFO" timestamp="20170515 14:42:34.525">Logging into '9.41.166.169:22' as 'root'.</msg>
<msg level="INFO" timestamp="20170515 14:42:36.170">Read output: root@witherspoon:~#</msg>
<status starttime="20170515 14:42:34.525" status="PASS" endtime="20170515 14:42:36.171"></status>
</kw>
<status starttime="20170515 14:42:34.515" status="PASS" endtime="20170515 14:42:36.171"></status>
</kw>
<kw name="Execute Command" library="SSHLibrary">
<doc>Executes `command` on the remote machine and returns its outputs.</doc>
<arguments>
<arg>cat ${devicetree_base} | cut -d " " -f 1</arg>
<arg>return_stderr=True</arg>
</arguments>
<assign>
<var>${bmc_model}</var>
<var>${stderr}</var>
</assign>
<msg level="INFO" timestamp="20170515 14:42:36.171">Executing command 'cat /sys/firmware/devicetree/base/model | cut -d " " -f 1'.</msg>
<msg level="INFO" timestamp="20170515 14:42:36.248">Command exited with return code 0.</msg>
<msg level="INFO" timestamp="20170515 14:42:36.248">${bmc_model} = Witherspoon</msg>
<msg level="INFO" timestamp="20170515 14:42:36.248">${stderr} = </msg>
<status starttime="20170515 14:42:36.171" status="PASS" endtime="20170515 14:42:36.248"></status>
</kw>
<kw name="Should Be Empty" library="BuiltIn">
<doc>Verifies that the given item is empty.</doc>
<arguments>
<arg>${stderr}</arg>
</arguments>
<msg level="INFO" timestamp="20170515 14:42:36.249">Length is 0</msg>
<status starttime="20170515 14:42:36.248" status="PASS" endtime="20170515 14:42:36.249"></status>
</kw>
<kw name="Should Not Be Empty" library="BuiltIn">
<doc>Verifies that the given item is not empty.</doc>
<arguments>
<arg>${bmc_model}</arg>
</arguments>
<msg level="INFO" timestamp="20170515 14:42:36.249">Length is 11</msg>
<status starttime="20170515 14:42:36.249" status="PASS" endtime="20170515 14:42:36.249"></status>
</kw>
<msg level="INFO" timestamp="20170515 14:42:36.249">${bmc_model} = Witherspoon</msg>
<status starttime="20170515 14:42:34.515" status="PASS" endtime="20170515 14:42:36.249"></status>
</kw>
<kw name="Log" library="BuiltIn">
<doc>Logs the given message with the given level.</doc>
<arguments>
<arg>BMC Model=${bmc_model}</arg>
</arguments>
<msg level="INFO" timestamp="20170515 14:42:36.250">BMC Model=Witherspoon</msg>
<status starttime="20170515 14:42:36.250" status="PASS" endtime="20170515 14:42:36.250"></status>
</kw>
<status starttime="20170515 14:42:34.515" status="PASS" endtime="20170515 14:42:36.250"></status>
</kw>
<status starttime="20170515 14:42:34.514" status="PASS" endtime="20170515 14:42:36.250"></status>
</kw>
<kw name="Run Keyword And Ignore Error" library="BuiltIn">
<doc>Runs the given keyword with the given arguments and ignores possible error.</doc>
<arguments>
<arg>Enable Core Dump On BMC</arg>
</arguments>
<kw name="Enable Core Dump On BMC" library="utils">
<doc>Enable core dump collection.</doc>
<kw name="Open Connection And Log In" library="connection_client">
<doc>Opens a connection with the given arguments, and logs in.</doc>
<kw name="Run Keyword And Return Status" library="BuiltIn">
<doc>Runs the given keyword with given arguments and returns the status as a Boolean value.</doc>
<arguments>
<arg>Dictionary Should Contain Key</arg>
<arg>${connection_args}</arg>
<arg>host</arg>
</arguments>
<assign>
<var>${has_host}</var>
</assign>
<kw name="Dictionary Should Contain Key" library="Collections">
<doc>Fails if ``key`` is not found from ``dictionary``.</doc>
<arguments>
<arg>${connection_args}</arg>
<arg>host</arg>
</arguments>
<msg level="FAIL" timestamp="20170515 14:42:36.252">Dictionary does not contain key 'host'.</msg>
<status starttime="20170515 14:42:36.252" status="FAIL" endtime="20170515 14:42:36.252"></status>
</kw>
<msg level="INFO" timestamp="20170515 14:42:36.252">${has_host} = False</msg>
<status starttime="20170515 14:42:36.251" status="PASS" endtime="20170515 14:42:36.252"></status>
</kw>
<kw name="Run Keyword If" library="BuiltIn">
<doc>Runs the given keyword with the given arguments, if ``condition`` is true.</doc>
<arguments>
<arg>${has_host} == ${FALSE}</arg>
<arg>Set To Dictionary</arg>
<arg>${connection_args}</arg>
<arg>host=${OPENBMC_HOST}</arg>
</arguments>
<kw name="Set To Dictionary" library="Collections">
<doc>Adds the given ``key_value_pairs`` and ``items`` to the ``dictionary``.</doc>
<arguments>
<arg>${connection_args}</arg>
<arg>host=${OPENBMC_HOST}</arg>
</arguments>
<status starttime="20170515 14:42:36.253" status="PASS" endtime="20170515 14:42:36.253"></status>
</kw>
<status starttime="20170515 14:42:36.252" status="PASS" endtime="20170515 14:42:36.253"></status>
</kw>
<kw name="Run Keyword If" library="BuiltIn">
<doc>Runs the given keyword with the given arguments, if ``condition`` is true.</doc>
<arguments>
<arg>'${SSH_PORT}' != '${EMPTY}' and '${HTTPS_PORT}' != '${EMPTY}'</arg>
<arg>User input SSH and HTTPs Ports</arg>
</arguments>
<kw name="User input SSH and HTTPs Ports" library="connection_client">
<doc>Update the global SSH and HTTPs port variable for QEMU</doc>
<kw name="Convert To Integer" library="BuiltIn">
<doc>Converts the given item to an integer number.</doc>
<arguments>
<arg>${SSH_PORT}</arg>
</arguments>
<assign>
<var>${port_num}</var>
</assign>
<msg level="INFO" timestamp="20170515 14:42:36.255">${port_num} = 22</msg>
<status starttime="20170515 14:42:36.254" status="PASS" endtime="20170515 14:42:36.255"></status>
</kw>
<kw name="Replace Variables" library="BuiltIn">
<doc>Replaces variables in the given text with their current values.</doc>
<arguments>
<arg>${port_num}</arg>
</arguments>
<assign>
<var>${SSH_PORT}</var>
</assign>
<msg level="INFO" timestamp="20170515 14:42:36.255">${SSH_PORT} = 22</msg>
<status starttime="20170515 14:42:36.255" status="PASS" endtime="20170515 14:42:36.255"></status>
</kw>
<kw name="Convert To Integer" library="BuiltIn">
<doc>Converts the given item to an integer number.</doc>
<arguments>
<arg>${HTTPS_PORT}</arg>
</arguments>
<assign>
<var>${https_num}</var>
</assign>
<msg level="INFO" timestamp="20170515 14:42:36.256">${https_num} = 443</msg>
<status starttime="20170515 14:42:36.256" status="PASS" endtime="20170515 14:42:36.256"></status>
</kw>
<kw name="Set Global Variable" library="BuiltIn">
<doc>Makes a variable available globally in all tests and suites.</doc>
<arguments>
<arg>${AUTH_URI}</arg>
<arg>https://${OPENBMC_HOST}:${https_num}</arg>
</arguments>
<msg level="INFO" timestamp="20170515 14:42:36.257">${AUTH_URI} = https://9.41.166.169:443</msg>
<status starttime="20170515 14:42:36.256" status="PASS" endtime="20170515 14:42:36.257"></status>
</kw>
<status starttime="20170515 14:42:36.254" status="PASS" endtime="20170515 14:42:36.257"></status>
</kw>
<status starttime="20170515 14:42:36.254" status="PASS" endtime="20170515 14:42:36.257"></status>
</kw>
<kw name="Run Keyword And Return Status" library="BuiltIn">
<doc>Runs the given keyword with given arguments and returns the status as a Boolean value.</doc>
<arguments>
<arg>Dictionary Should Contain Key</arg>
<arg>${connection_args}</arg>
<arg>port</arg>
</arguments>
<assign>
<var>${has_port}</var>
</assign>
<kw name="Dictionary Should Contain Key" library="Collections">
<doc>Fails if ``key`` is not found from ``dictionary``.</doc>
<arguments>
<arg>${connection_args}</arg>
<arg>port</arg>
</arguments>
<msg level="FAIL" timestamp="20170515 14:42:36.258">Dictionary does not contain key 'port'.</msg>
<status starttime="20170515 14:42:36.257" status="FAIL" endtime="20170515 14:42:36.258"></status>
</kw>
<msg level="INFO" timestamp="20170515 14:42:36.258">${has_port} = False</msg>
<status starttime="20170515 14:42:36.257" status="PASS" endtime="20170515 14:42:36.258"></status>
</kw>
<kw name="Run Keyword If" library="BuiltIn">
<doc>Runs the given keyword with the given arguments, if ``condition`` is true.</doc>
<arguments>
<arg>'${SSH_PORT}' != '${EMPTY}' and ${has_port} == ${FALSE}</arg>
<arg>Run Keywords</arg>
<arg>Set To Dictionary</arg>
<arg>${connection_args}</arg>
<arg>port=${SSH_PORT}</arg>
<arg>AND</arg>
<arg>SSHLibrary.Open connection</arg>
<arg>&amp;{connection_args}</arg>
<arg>ELSE</arg>
<arg>Run Keyword</arg>
<arg>SSHLibrary.Open connection</arg>
<arg>&amp;{connection_args}</arg>
</arguments>
<kw name="Run Keywords" library="BuiltIn">
<doc>Executes all the given keywords in a sequence.</doc>
<arguments>
<arg>Set To Dictionary</arg>
<arg>${connection_args}</arg>
<arg>port=${SSH_PORT}</arg>
<arg>AND</arg>
<arg>SSHLibrary.Open connection</arg>
<arg>&amp;{connection_args}</arg>
</arguments>
<kw name="Set To Dictionary" library="Collections">
<doc>Adds the given ``key_value_pairs`` and ``items`` to the ``dictionary``.</doc>
<arguments>
<arg>${connection_args}</arg>
<arg>port=${SSH_PORT}</arg>
</arguments>
<status starttime="20170515 14:42:36.259" status="PASS" endtime="20170515 14:42:36.259"></status>
</kw>
<kw name="Open Connection" library="SSHLibrary">
<doc>Opens a new SSH connection to the given `host` and `port`.</doc>
<arguments>
<arg>&amp;{connection_args}</arg>
</arguments>
<status starttime="20170515 14:42:36.260" status="PASS" endtime="20170515 14:42:36.260"></status>
</kw>
<status starttime="20170515 14:42:36.259" status="PASS" endtime="20170515 14:42:36.260"></status>
</kw>
<status starttime="20170515 14:42:36.258" status="PASS" endtime="20170515 14:42:36.260"></status>
</kw>
<kw name="Login" library="SSHLibrary">
<doc>Logs into the SSH server with the given `username` and `password`.</doc>
<arguments>
<arg>${username}</arg>
<arg>${password}</arg>
</arguments>
<msg level="INFO" timestamp="20170515 14:42:36.261">Logging into '9.41.166.169:22' as 'root'.</msg>
<msg level="INFO" timestamp="20170515 14:42:38.006">Read output: root@witherspoon:~#</msg>
<status starttime="20170515 14:42:36.260" status="PASS" endtime="20170515 14:42:38.006"></status>
</kw>
<status starttime="20170515 14:42:36.251" status="PASS" endtime="20170515 14:42:38.007"></status>
</kw>
<kw name="Execute Command On BMC" library="utils">
<doc>Execute given command on BMC and return output.</doc>
<arguments>
<arg>echo '/tmp/core_%e.%p' | tee /proc/sys/kernel/core_pattern</arg>
</arguments>
<assign>
<var>${core_pattern}</var>
</assign>
<kw name="Execute Command" library="SSHLibrary">
<doc>Executes `command` on the remote machine and returns its outputs.</doc>
<arguments>
<arg>${command}</arg>
<arg>return_stderr=True</arg>
</arguments>
<assign>
<var>${stdout}</var>
<var>${stderr}</var>
</assign>
<msg level="INFO" timestamp="20170515 14:42:38.008">Executing command 'echo '/tmp/core_%e.%p' | tee /proc/sys/kernel/core_pattern'.</msg>
<msg level="INFO" timestamp="20170515 14:42:38.084">Command exited with return code 0.</msg>
<msg level="INFO" timestamp="20170515 14:42:38.084">${stdout} = /tmp/core_%e.%p</msg>
<msg level="INFO" timestamp="20170515 14:42:38.084">${stderr} = </msg>
<status starttime="20170515 14:42:38.007" status="PASS" endtime="20170515 14:42:38.084"></status>
</kw>
<kw name="Should Be Empty" library="BuiltIn">
<doc>Verifies that the given item is empty.</doc>
<arguments>
<arg>${stderr}</arg>
</arguments>
<msg level="INFO" timestamp="20170515 14:42:38.085">Length is 0</msg>
<status starttime="20170515 14:42:38.085" status="PASS" endtime="20170515 14:42:38.085"></status>
</kw>
<msg level="INFO" timestamp="20170515 14:42:38.085">${core_pattern} = /tmp/core_%e.%p</msg>
<status starttime="20170515 14:42:38.007" status="PASS" endtime="20170515 14:42:38.085"></status>
</kw>
<kw name="Should Be Equal As Strings" library="BuiltIn">
<doc>Fails if objects are unequal after converting them to strings.</doc>
<arguments>
<arg>${core_pattern}</arg>
<arg>/tmp/core_%e.%p</arg>
</arguments>
<status starttime="20170515 14:42:38.085" status="PASS" endtime="20170515 14:42:38.086"></status>
</kw>
<status starttime="20170515 14:42:36.251" status="PASS" endtime="20170515 14:42:38.086"></status>
</kw>
<status starttime="20170515 14:42:36.250" status="PASS" endtime="20170515 14:42:38.086"></status>
</kw>
<status starttime="20170515 14:42:32.401" status="PASS" endtime="20170515 14:42:38.086"></status>
</kw>
<suite id="s1-s1" name="Security" source="/tmp/fspcibld/20567/obmc-robot/tests/security">
<suite id="s1-s1-s1" name="Test Ssl" source="/tmp/fspcibld/20567/obmc-robot/tests/security/test_ssl.robot">
<test id="s1-s1-s1-t1" name="Test SSL Connection">
<kw name="Initialize OpenBMC" library="rest_client">
<kw name="Wait Until Keyword Succeeds" library="BuiltIn">
<doc>Runs the specified keyword and retries if it fails.</doc>
<arguments>
<arg>40 sec</arg>
<arg>20 sec</arg>
<arg>Post Login Request</arg>
<arg>${timeout}</arg>
<arg>${quiet}</arg>
</arguments>
<kw name="Post Login Request" library="rest_client">
<arguments>
<arg>${timeout}</arg>
<arg>${quiet}</arg>
</arguments>
<kw name="Create Session" library="RequestsLibrary.RequestsKeywords">
<doc>Create Session: create a HTTP session to a server</doc>
<arguments>
<arg>openbmc</arg>
<arg>${AUTH_URI}</arg>
<arg>timeout=${timeout}</arg>
<arg>max_retries=3</arg>
</arguments>
<msg level="INFO" timestamp="20170515 14:42:38.170">Creating Session using : alias=openbmc, url=https://9.41.166.169:443, headers={},                     cookies=None, auth=None, timeout=20, proxies=None, verify=False,                     debug=0 </msg>
<status starttime="20170515 14:42:38.169" status="PASS" endtime="20170515 14:42:38.170"></status>
</kw>
<kw name="Create Dictionary" library="BuiltIn">
<doc>Creates and returns a dictionary based on the given ``items``.</doc>
<arguments>
<arg>Content-Type=application/json</arg>
</arguments>
<assign>
<var>${headers}</var>
</assign>
<msg level="INFO" timestamp="20170515 14:42:38.171">${headers} = {u'Content-Type': u'application/json'}</msg>
<status starttime="20170515 14:42:38.170" status="PASS" endtime="20170515 14:42:38.171"></status>
</kw>
<kw name="Create List" library="BuiltIn">
<doc>Returns a list containing given items.</doc>
<arguments>
<arg>${OPENBMC_USERNAME}</arg>
<arg>${OPENBMC_PASSWORD}</arg>
</arguments>
<assign>
<var>@{credentials}</var>
</assign>
<msg level="INFO" timestamp="20170515 14:42:38.172">@{credentials} = [ root | 0penBmc ]</msg>
<status starttime="20170515 14:42:38.171" status="PASS" endtime="20170515 14:42:38.172"></status>
</kw>
<kw name="Create Dictionary" library="BuiltIn">
<doc>Creates and returns a dictionary based on the given ``items``.</doc>
<arguments>
<arg>data=@{credentials}</arg>
</arguments>
<assign>
<var>${data}</var>
</assign>
<msg level="INFO" timestamp="20170515 14:42:38.172">${data} = {u'data': [u'root', u'0penBmc']}</msg>
<status starttime="20170515 14:42:38.172" status="PASS" endtime="20170515 14:42:38.172"></status>
</kw>
<kw name="Run Keyword And Ignore Error" library="BuiltIn">
<doc>Runs the given keyword with the given arguments and ignores possible error.</doc>
<arguments>
<arg>Post Request</arg>
<arg>openbmc</arg>
<arg>/login</arg>
<arg>data=${data}</arg>
<arg>headers=${headers}</arg>
</arguments>
<assign>
<var>${status}</var>
<var>${resp}</var>
</assign>
<kw name="Post Request" library="RequestsLibrary.RequestsKeywords">
<doc>Send a POST request on the session object found using the</doc>
<arguments>
<arg>openbmc</arg>
<arg>/login</arg>
<arg>data=${data}</arg>
<arg>headers=${headers}</arg>
</arguments>
<msg level="INFO" timestamp="20170515 14:42:38.374">Post Request using : alias=openbmc, uri=/login, data={"data": ["root", "0penBmc"]}, headers={u'Content-Type': u'application/json'}, files=None, allow_redirects=True </msg>
<status starttime="20170515 14:42:38.173" status="PASS" endtime="20170515 14:42:38.374"></status>
</kw>
<msg level="INFO" timestamp="20170515 14:42:38.374">${status} = PASS</msg>
<msg level="INFO" timestamp="20170515 14:42:38.374">${resp} = &lt;Response [200]&gt;</msg>
<status starttime="20170515 14:42:38.172" status="PASS" endtime="20170515 14:42:38.374"></status>
</kw>
<kw name="Should Be Equal" library="BuiltIn">
<doc>Fails if the given objects are unequal.</doc>
<arguments>
<arg>${status}</arg>
<arg>PASS</arg>
<arg>msg=${resp}</arg>
</arguments>
<msg level="INFO" timestamp="20170515 14:42:38.375">Argument types are:
&lt;type 'str'&gt;
&lt;type 'unicode'&gt;</msg>
<status starttime="20170515 14:42:38.374" status="PASS" endtime="20170515 14:42:38.375"></status>
</kw>
<kw name="Should Be Equal As Strings" library="BuiltIn">
<doc>Fails if objects are unequal after converting them to strings.</doc>
<arguments>
<arg>${resp.status_code}</arg>
<arg>${HTTP_OK}</arg>
</arguments>
<msg level="INFO" timestamp="20170515 14:42:38.375">Argument types are:
&lt;type 'int'&gt;
&lt;type 'unicode'&gt;</msg>
<status starttime="20170515 14:42:38.375" status="PASS" endtime="20170515 14:42:38.375"></status>
</kw>
<status starttime="20170515 14:42:38.169" status="PASS" endtime="20170515 14:42:38.376"></status>
</kw>
<status starttime="20170515 14:42:38.169" status="PASS" endtime="20170515 14:42:38.376"></status>
</kw>
<status starttime="20170515 14:42:38.168" status="PASS" endtime="20170515 14:42:38.376"></status>
</kw>
<kw name="FFDC On Test Case Fail" type="teardown" library="openbmc_ffdc">
<doc>Generic FFDC entry point. Place holder to hook in</doc>
<kw name="Is Host Quiesced" library="state_manager">
<doc>Check if host state is quiesced.</doc>
<assign>
<var>${status}</var>
</assign>
<kw name="Get Host State" library="state_manager">
<doc>Return the state of the host as a string.</doc>
<assign>
<var>${host_state}</var>
</assign>
<kw name="Read Attribute" library="rest_client">
<arguments>
<arg>${HOST_STATE_URI}</arg>
<arg>CurrentHostState</arg>
<arg>quiet=${quiet}</arg>
</arguments>
<assign>
<var>${state}</var>
</assign>
<kw name="OpenBMC Get Request" library="rest_client">
<arguments>
<arg>${uri}/attr/${attr}</arg>
<arg>timeout=${timeout}</arg>
<arg>quiet=${quiet}</arg>
</arguments>
<assign>
<var>${resp}</var>
</assign>
<kw name="Initialize OpenBMC" library="rest_client">
<arguments>
<arg>${timeout}</arg>
<arg>quiet=${quiet}</arg>
</arguments>
<kw name="Wait Until Keyword Succeeds" library="BuiltIn">
<doc>Runs the specified keyword and retries if it fails.</doc>
<arguments>
<arg>40 sec</arg>
<arg>20 sec</arg>
<arg>Post Login Request</arg>
<arg>${timeout}</arg>
<arg>${quiet}</arg>
</arguments>
<kw name="Post Login Request" library="rest_client">
<arguments>
<arg>${timeout}</arg>
<arg>${quiet}</arg>
</arguments>
<kw name="Create Session" library="RequestsLibrary.RequestsKeywords">
<doc>Create Session: create a HTTP session to a server</doc>
<arguments>
<arg>openbmc</arg>
<arg>${AUTH_URI}</arg>
<arg>timeout=${timeout}</arg>
<arg>max_retries=3</arg>
</arguments>
<msg level="INFO" timestamp="20170515 14:42:38.381">Creating Session using : alias=openbmc, url=https://9.41.166.169:443, headers={},                     cookies=None, auth=None, timeout=10, proxies=None, verify=False,                     debug=0 </msg>
<status starttime="20170515 14:42:38.380" status="PASS" endtime="20170515 14:42:38.381"></status>
</kw>
<kw name="Create Dictionary" library="BuiltIn">
<doc>Creates and returns a dictionary based on the given ``items``.</doc>
<arguments>
<arg>Content-Type=application/json</arg>
</arguments>
<assign>
<var>${headers}</var>
</assign>
<msg level="INFO" timestamp="20170515 14:42:38.382">${headers} = {u'Content-Type': u'application/json'}</msg>
<status starttime="20170515 14:42:38.382" status="PASS" endtime="20170515 14:42:38.382"></status>
</kw>
<kw name="Create List" library="BuiltIn">
<doc>Returns a list containing given items.</doc>
<arguments>
<arg>${OPENBMC_USERNAME}</arg>
<arg>${OPENBMC_PASSWORD}</arg>
</arguments>
<assign>
<var>@{credentials}</var>
</assign>
<msg level="INFO" timestamp="20170515 14:42:38.383">@{credentials} = [ root | 0penBmc ]</msg>
<status starttime="20170515 14:42:38.382" status="PASS" endtime="20170515 14:42:38.383"></status>
</kw>
<kw name="Create Dictionary" library="BuiltIn">
<doc>Creates and returns a dictionary based on the given ``items``.</doc>
<arguments>
<arg>data=@{credentials}</arg>
</arguments>
<assign>
<var>${data}</var>
</assign>
<msg level="INFO" timestamp="20170515 14:42:38.384">${data} = {u'data': [u'root', u'0penBmc']}</msg>
<status starttime="20170515 14:42:38.383" status="PASS" endtime="20170515 14:42:38.384"></status>
</kw>
<kw name="Run Keyword And Ignore Error" library="BuiltIn">
<doc>Runs the given keyword with the given arguments and ignores possible error.</doc>
<arguments>
<arg>Post Request</arg>
<arg>openbmc</arg>
<arg>/login</arg>
<arg>data=${data}</arg>
<arg>headers=${headers}</arg>
</arguments>
<assign>
<var>${status}</var>
<var>${resp}</var>
</assign>
<kw name="Post Request" library="RequestsLibrary.RequestsKeywords">
<doc>Send a POST request on the session object found using the</doc>
<arguments>
<arg>openbmc</arg>
<arg>/login</arg>
<arg>data=${data}</arg>
<arg>headers=${headers}</arg>
</arguments>
<msg level="INFO" timestamp="20170515 14:42:38.619">Post Request using : alias=openbmc, uri=/login, data={"data": ["root", "0penBmc"]}, headers={u'Content-Type': u'application/json'}, files=None, allow_redirects=True </msg>
<status starttime="20170515 14:42:38.385" status="PASS" endtime="20170515 14:42:38.619"></status>
</kw>
<msg level="INFO" timestamp="20170515 14:42:38.619">${status} = PASS</msg>
<msg level="INFO" timestamp="20170515 14:42:38.619">${resp} = &lt;Response [200]&gt;</msg>
<status starttime="20170515 14:42:38.384" status="PASS" endtime="20170515 14:42:38.619"></status>
</kw>
<kw name="Should Be Equal" library="BuiltIn">
<doc>Fails if the given objects are unequal.</doc>
<arguments>
<arg>${status}</arg>
<arg>PASS</arg>
<arg>msg=${resp}</arg>
</arguments>
<msg level="INFO" timestamp="20170515 14:42:38.620">Argument types are:
&lt;type 'str'&gt;
&lt;type 'unicode'&gt;</msg>
<status starttime="20170515 14:42:38.620" status="PASS" endtime="20170515 14:42:38.620"></status>
</kw>
<kw name="Should Be Equal As Strings" library="BuiltIn">
<doc>Fails if objects are unequal after converting them to strings.</doc>
<arguments>
<arg>${resp.status_code}</arg>
<arg>${HTTP_OK}</arg>
</arguments>
<msg level="INFO" timestamp="20170515 14:42:38.621">Argument types are:
&lt;type 'int'&gt;
&lt;type 'unicode'&gt;</msg>
<status starttime="20170515 14:42:38.620" status="PASS" endtime="20170515 14:42:38.621"></status>
</kw>
<status starttime="20170515 14:42:38.379" status="PASS" endtime="20170515 14:42:38.621"></status>
</kw>
<status starttime="20170515 14:42:38.379" status="PASS" endtime="20170515 14:42:38.621"></status>
</kw>
<status starttime="20170515 14:42:38.378" status="PASS" endtime="20170515 14:42:38.621"></status>
</kw>
<kw name="Catenate" library="BuiltIn">
<doc>Catenates the given items together and returns the resulted string.</doc>
<arguments>
<arg>SEPARATOR=</arg>
<arg>${DBUS_PREFIX}</arg>
<arg>${uri}</arg>
</arguments>
<assign>
<var>${base_uri}</var>
</assign>
<msg level="INFO" timestamp="20170515 14:42:38.622">${base_uri} = /xyz/openbmc_project/state/host0//attr/CurrentHostState</msg>
<status starttime="20170515 14:42:38.621" status="PASS" endtime="20170515 14:42:38.622"></status>
</kw>
<kw name="Run Keyword If" library="BuiltIn">
<doc>Runs the given keyword with the given arguments, if ``condition`` is true.</doc>
<arguments>
<arg>'${quiet}' == '${0}'</arg>
<arg>Log Request</arg>
<arg>method=Get</arg>
<arg>base_uri=${base_uri}</arg>
<arg>args=&amp;{kwargs}</arg>
</arguments>
<kw name="Log Request" library="rest_client">
<arguments>
<arg>method=Get</arg>
<arg>base_uri=${base_uri}</arg>
<arg>args=&amp;{kwargs}</arg>
</arguments>
<kw name="Catenate" library="BuiltIn">
<doc>Catenates the given items together and returns the resulted string.</doc>
<arguments>
<arg>SEPARATOR=</arg>
<arg>URI:</arg>
<arg>${AUTH_URI}</arg>
<arg>${kwargs["base_uri"]}</arg>
<arg>, method:</arg>
<arg>${kwargs["method"]}</arg>
<arg>, args:</arg>
<arg>${kwargs["args"]}</arg>
</arguments>
<assign>
<var>${msg}</var>
</assign>
<msg level="INFO" timestamp="20170515 14:42:38.624">${msg} = URI:https://9.41.166.169:443/xyz/openbmc_project/state/host0//attr/CurrentHostState, method:Get, args:{}</msg>
<status starttime="20170515 14:42:38.623" status="PASS" endtime="20170515 14:42:38.624"></status>
</kw>
<kw name="Logging" library="rest_client">
<arguments>
<arg>${msg}</arg>
<arg>console=True</arg>
</arguments>
<kw name="Log" library="BuiltIn">
<doc>Logs the given message with the given level.</doc>
<arguments>
<arg>${msg}</arg>
<arg>console=True</arg>
</arguments>
<msg level="INFO" timestamp="20170515 14:42:38.625">URI:https://9.41.166.169:443/xyz/openbmc_project/state/host0//attr/CurrentHostState, method:Get, args:{}</msg>
<status starttime="20170515 14:42:38.624" status="PASS" endtime="20170515 14:42:38.625"></status>
</kw>
<status starttime="20170515 14:42:38.624" status="PASS" endtime="20170515 14:42:38.625"></status>
</kw>
<status starttime="20170515 14:42:38.622" status="PASS" endtime="20170515 14:42:38.625"></status>
</kw>
<status starttime="20170515 14:42:38.622" status="PASS" endtime="20170515 14:42:38.625"></status>
</kw>
<kw name="Get Request" library="RequestsLibrary.RequestsKeywords">
<doc>Send a GET request on the session object found using the</doc>
<arguments>
<arg>openbmc</arg>
<arg>${base_uri}</arg>
<arg>&amp;{kwargs}</arg>
<arg>timeout=${timeout}</arg>
</arguments>
<assign>
<var>${ret}</var>
</assign>
<msg level="INFO" timestamp="20170515 14:42:38.692">Get Request using : alias=openbmc, uri=/xyz/openbmc_project/state/host0//attr/CurrentHostState, headers=None json=None</msg>
<msg level="INFO" timestamp="20170515 14:42:38.692">${ret} = &lt;Response [200]&gt;</msg>
<status starttime="20170515 14:42:38.625" status="PASS" endtime="20170515 14:42:38.692"></status>
</kw>
<kw name="Run Keyword If" library="BuiltIn">
<doc>Runs the given keyword with the given arguments, if ``condition`` is true.</doc>
<arguments>
<arg>'${quiet}' == '${0}'</arg>
<arg>Log Response</arg>
<arg>${ret}</arg>
</arguments>
<kw name="Log Response" library="rest_client">
<arguments>
<arg>${ret}</arg>
</arguments>
<kw name="Catenate" library="BuiltIn">
<doc>Catenates the given items together and returns the resulted string.</doc>
<arguments>
<arg>SEPARATOR=</arg>
<arg>Response code:</arg>
<arg>${resp.status_code}</arg>
<arg>, Content:</arg>
<arg>${resp.content}</arg>
</arguments>
<assign>
<var>${msg}</var>
</assign>
<msg level="INFO" timestamp="20170515 14:42:38.694">${msg} = Response code:200, Content:{
  "data": "xyz.openbmc_project.State.Host.HostState.Running", 
  "message": "200 OK", 
  "status": "ok"
}</msg>
<status starttime="20170515 14:42:38.694" status="PASS" endtime="20170515 14:42:38.694"></status>
</kw>
<kw name="Logging" library="rest_client">
<arguments>
<arg>${msg}</arg>
<arg>console=True</arg>
</arguments>
<kw name="Log" library="BuiltIn">
<doc>Logs the given message with the given level.</doc>
<arguments>
<arg>${msg}</arg>
<arg>console=True</arg>
</arguments>
<msg level="INFO" timestamp="20170515 14:42:38.695">Response code:200, Content:{
  "data": "xyz.openbmc_project.State.Host.HostState.Running", 
  "message": "200 OK", 
  "status": "ok"
}</msg>
<status starttime="20170515 14:42:38.695" status="PASS" endtime="20170515 14:42:38.695"></status>
</kw>
<status starttime="20170515 14:42:38.694" status="PASS" endtime="20170515 14:42:38.696"></status>
</kw>
<status starttime="20170515 14:42:38.693" status="PASS" endtime="20170515 14:42:38.696"></status>
</kw>
<status starttime="20170515 14:42:38.693" status="PASS" endtime="20170515 14:42:38.696"></status>
</kw>
<msg level="INFO" timestamp="20170515 14:42:38.696">${resp} = &lt;Response [200]&gt;</msg>
<status starttime="20170515 14:42:38.378" status="PASS" endtime="20170515 14:42:38.696"></status>
</kw>
<kw name="Should Be Equal As Strings" library="BuiltIn">
<doc>Fails if objects are unequal after converting them to strings.</doc>
<arguments>
<arg>${resp.status_code}</arg>
<arg>${HTTP_OK}</arg>
</arguments>
<msg level="INFO" timestamp="20170515 14:42:38.697">Argument types are:
&lt;type 'int'&gt;
&lt;type 'unicode'&gt;</msg>
<status starttime="20170515 14:42:38.696" status="PASS" endtime="20170515 14:42:38.697"></status>
</kw>
<kw name="To Json" library="RequestsLibrary.RequestsKeywords">
<doc>Convert a string to a JSON object</doc>
<arguments>
<arg>${resp.content}</arg>
</arguments>
<assign>
<var>${content}</var>
</assign>
<msg level="INFO" timestamp="20170515 14:42:38.697">To JSON using : content={
  "data": "xyz.openbmc_project.State.Host.HostState.Running", 
  "message": "200 OK", 
  "status": "ok"
} </msg>
<msg level="INFO" timestamp="20170515 14:42:38.697">To JSON using : pretty_print=False </msg>
<msg level="INFO" timestamp="20170515 14:42:38.697">${content} = {u'data': u'xyz.openbmc_project.State.Host.HostState.Running', u'status': u'ok', u'message': u'200 OK'}</msg>
<status starttime="20170515 14:42:38.697" status="PASS" endtime="20170515 14:42:38.697"></status>
</kw>
<msg level="INFO" timestamp="20170515 14:42:38.698">${state} = xyz.openbmc_project.State.Host.HostState.Running</msg>
<status starttime="20170515 14:42:38.377" status="PASS" endtime="20170515 14:42:38.698"></status>
</kw>
<msg level="INFO" timestamp="20170515 14:42:38.698">${host_state} = Running</msg>
<status starttime="20170515 14:42:38.377" status="PASS" endtime="20170515 14:42:38.698"></status>
</kw>
<kw name="Run Keyword And Return Status" library="BuiltIn">
<doc>Runs the given keyword with given arguments and returns the status as a Boolean value.</doc>
<arguments>
<arg>Should Be Equal</arg>
<arg>${host_state}</arg>
<arg>Quiesced</arg>
</arguments>
<assign>
<var>${status}</var>
</assign>
<kw name="Should Be Equal" library="BuiltIn">
<doc>Fails if the given objects are unequal.</doc>
<arguments>
<arg>${host_state}</arg>
<arg>Quiesced</arg>
</arguments>
<msg level="FAIL" timestamp="20170515 14:42:38.699">Running != Quiesced</msg>
<status starttime="20170515 14:42:38.699" status="FAIL" endtime="20170515 14:42:38.699"></status>
</kw>
<msg level="INFO" timestamp="20170515 14:42:38.699">${status} = False</msg>
<status starttime="20170515 14:42:38.698" status="PASS" endtime="20170515 14:42:38.699"></status>
</kw>
<msg level="INFO" timestamp="20170515 14:42:38.699">${status} = False</msg>
<status starttime="20170515 14:42:38.376" status="PASS" endtime="20170515 14:42:38.700"></status>
</kw>
<kw name="Run Keyword If" library="BuiltIn">
<doc>Runs the given keyword with the given arguments, if ``condition`` is true.</doc>
<arguments>
<arg>'${TEST_STATUS}' == 'FAIL' or '${status}'=='True'</arg>
<arg>FFDC</arg>
</arguments>
<status starttime="20170515 14:42:38.700" status="PASS" endtime="20170515 14:42:38.700"></status>
</kw>
<kw name="Run Keyword If" library="BuiltIn">
<doc>Runs the given keyword with the given arguments, if ``condition`` is true.</doc>
<arguments>
<arg>'${status}'=='True'</arg>
<arg>Recover Quiesced Host</arg>
</arguments>
<status starttime="20170515 14:42:38.700" status="PASS" endtime="20170515 14:42:38.701"></status>
</kw>
<kw name="Log Test Case Status" library="openbmc_ffdc_methods">
<doc>Test case execution result history.</doc>
<kw name="Get Variable Value" library="BuiltIn">
<doc>Returns variable value or ``default`` if the variable does not exist.</doc>
<arguments>
<arg>${FFDC_DIR_PATH_STYLE}</arg>
<arg>${EMPTY}</arg>
</arguments>
<assign>
<var>${FFDC_DIR_PATH_STYLE}</var>
</assign>
<msg level="INFO" timestamp="20170515 14:42:38.709">${FFDC_DIR_PATH_STYLE} = </msg>
<status starttime="20170515 14:42:38.701" status="PASS" endtime="20170515 14:42:38.709"></status>
</kw>
<kw name="Get Variable Value" library="BuiltIn">
<doc>Returns variable value or ``default`` if the variable does not exist.</doc>
<arguments>
<arg>${FFDC_DIR_PATH}</arg>
<arg>${EMPTY}</arg>
</arguments>
<assign>
<var>${FFDC_DIR_PATH}</var>
</assign>
<msg level="INFO" timestamp="20170515 14:42:38.716">${FFDC_DIR_PATH} = </msg>
<status starttime="20170515 14:42:38.709" status="PASS" endtime="20170515 14:42:38.716"></status>
</kw>
<kw name="Run Keyword If" library="BuiltIn">
<doc>Runs the given keyword with the given arguments, if ``condition`` is true.</doc>
<arguments>
<arg>'${FFDC_DIR_PATH}' == '${EMPTY}'</arg>
<arg>Set FFDC Defaults</arg>
</arguments>
<kw name="Set Ffdc Defaults" library="openbmc_ffdc">
<doc>Set a default value for ffdc_dir_path and ffdc_prefix if they don't</doc>
<kw name="Get Current Time Stamp" library="openbmc_ffdc_utils">
<doc>Get the current time stamp data</doc>
<kw name="Get Current Date" library="DateTime">
<doc>Returns current local or UTC time with an optional increment.</doc>
<arguments>
<arg>result_format=%Y-%m-%d %H:%M:%S:%f</arg>
</arguments>
<assign>
<var>${cur_time}</var>
</assign>
<msg level="INFO" timestamp="20170515 14:42:38.728">${cur_time} = 2017-05-15 14:42:38:728150</msg>
<status starttime="20170515 14:42:38.728" status="PASS" endtime="20170515 14:42:38.728"></status>
</kw>
<kw name="Get Strip String" library="openbmc_ffdc_list">
<doc>########################################################################</doc>
<arguments>
<arg>${cur_time}</arg>
</arguments>
<assign>
<var>${cur_time}</var>
</assign>
<msg level="INFO" timestamp="20170515 14:42:38.729">${cur_time} = 20170515144238728150</msg>
<status starttime="20170515 14:42:38.729" status="PASS" endtime="20170515 14:42:38.729"></status>
</kw>
<status starttime="20170515 14:42:38.727" status="PASS" endtime="20170515 14:42:38.729"></status>
</kw>
<msg level="INFO" timestamp="20170515 14:42:38.735">${FFDC_TIME} = 20170515144238728150</msg>
<kw name="Get Test Dir and Name" library="openbmc_ffdc_utils">
<doc>SUITE_NAME and TEST_NAME are automatic variables</doc>
<kw name="Get Strip String" library="openbmc_ffdc_list">
<doc>########################################################################</doc>
<arguments>
<arg>${SUITE_NAME}</arg>
</arguments>
<assign>
<var>${suite_name}</var>
</assign>
<msg level="INFO" timestamp="20170515 14:42:38.737">${suite_name} = TestsSecurityTestSsl</msg>
<status starttime="20170515 14:42:38.736" status="PASS" endtime="20170515 14:42:38.737"></status>
</kw>
<kw name="Catenate" library="BuiltIn">
<doc>Catenates the given items together and returns the resulted string.</doc>
<arguments>
<arg>SEPARATOR=</arg>
<arg>${FFDC_TIME}_</arg>
<arg>${suite_name}</arg>
</arguments>
<assign>
<var>${suite_name}</var>
</assign>
<msg level="INFO" timestamp="20170515 14:42:38.737">${suite_name} = 20170515144238728150_TestsSecurityTestSsl</msg>
<status starttime="20170515 14:42:38.737" status="PASS" endtime="20170515 14:42:38.737"></status>
</kw>
<kw name="Get Strip String" library="openbmc_ffdc_list">
<doc>########################################################################</doc>
<arguments>
<arg>${TEST_NAME}</arg>
</arguments>
<assign>
<var>${test_name}</var>
</assign>
<msg level="INFO" timestamp="20170515 14:42:38.738">${test_name} = TestSSLConnection</msg>
<status starttime="20170515 14:42:38.737" status="PASS" endtime="20170515 14:42:38.738"></status>
</kw>
<kw name="Catenate" library="BuiltIn">
<doc>Catenates the given items together and returns the resulted string.</doc>
<arguments>
<arg>SEPARATOR=</arg>
<arg>${FFDC_TIME}_</arg>
<arg>${test_name}</arg>
</arguments>
<assign>
<var>${test_name}</var>
</assign>
<msg level="INFO" timestamp="20170515 14:42:38.738">${test_name} = 20170515144238728150_TestSSLConnection</msg>
<status starttime="20170515 14:42:38.738" status="PASS" endtime="20170515 14:42:38.738"></status>
</kw>
<status starttime="20170515 14:42:38.736" status="PASS" endtime="20170515 14:42:38.739"></status>
</kw>
<msg level="INFO" timestamp="20170515 14:42:38.739">${FFDC_DIR_PATH} = /tmp/fspcibld/20567/obmc-robot/logs/20170515144238728150_TestsSecurityTestSsl/20170515144238728150_TestSSLConnection/</msg>
<msg level="INFO" timestamp="20170515 14:42:38.743">${FFDC_PREFIX} = 20170515144238728150_</msg>
<status starttime="20170515 14:42:38.717" status="PASS" endtime="20170515 14:42:38.743"></status>
</kw>
<status starttime="20170515 14:42:38.717" status="PASS" endtime="20170515 14:42:38.743"></status>
</kw>
<kw name="Run Keyword If" library="BuiltIn">
<doc>Runs the given keyword with the given arguments, if ``condition`` is true.</doc>
<arguments>
<arg>'${FFDC_DIR_PATH_STYLE}' == '${1}'</arg>
<arg>Run Keywords</arg>
<arg>Set Global Variable</arg>
<arg>${FFDC_LOG_PATH}</arg>
<arg>${FFDC_DIR_PATH}</arg>
<arg>AND</arg>
<arg>Set Global Variable</arg>
<arg>${TEST_HISTORY}</arg>
<arg>${FFDC_DIR_PATH}test_history.txt</arg>
</arguments>
<status starttime="20170515 14:42:38.743" status="PASS" endtime="20170515 14:42:38.744"></status>
</kw>
<kw name="Create Directory" library="OperatingSystem">
<doc>Creates the specified directory.</doc>
<arguments>
<arg>${FFDC_LOG_PATH}</arg>
</arguments>
<msg level="INFO" timestamp="20170515 14:42:38.744" html="yes">Created directory '&lt;a href="file:///tmp/fspcibld/20567/obmc-robot/logs"&gt;/tmp/fspcibld/20567/obmc-robot/logs&lt;/a&gt;'.</msg>
<status starttime="20170515 14:42:38.744" status="PASS" endtime="20170515 14:42:38.744"></status>
</kw>
<kw name="Run Keyword And Return Status" library="BuiltIn">
<doc>Runs the given keyword with given arguments and returns the status as a Boolean value.</doc>
<arguments>
<arg>OperatingSystem.File Should Exist</arg>
<arg>${TEST_HISTORY}</arg>
</arguments>
<assign>
<var>${exist}</var>
</assign>
<kw name="File Should Exist" library="OperatingSystem">
<doc>Fails unless the given ``path`` points to an existing file.</doc>
<arguments>
<arg>${TEST_HISTORY}</arg>
</arguments>
<msg level="FAIL" timestamp="20170515 14:42:38.745">File '/tmp/fspcibld/20567/obmc-robot/logs/test_history.txt' does not exist.</msg>
<status starttime="20170515 14:42:38.745" status="FAIL" endtime="20170515 14:42:38.745"></status>
</kw>
<msg level="INFO" timestamp="20170515 14:42:38.746">${exist} = False</msg>
<status starttime="20170515 14:42:38.745" status="PASS" endtime="20170515 14:42:38.746"></status>
</kw>
<kw name="Run Keyword If" library="BuiltIn">
<doc>Runs the given keyword with the given arguments, if ``condition`` is true.</doc>
<arguments>
<arg>'${exist}' == '${False}'</arg>
<arg>Create File</arg>
<arg>${TEST_HISTORY}</arg>
</arguments>
<kw name="Create File" library="OperatingSystem">
<doc>Creates a file with the given content and encoding.</doc>
<arguments>
<arg>${TEST_HISTORY}</arg>
</arguments>
<msg level="INFO" timestamp="20170515 14:42:38.747" html="yes">Created file '&lt;a href="file:///tmp/fspcibld/20567/obmc-robot/logs/test_history.txt"&gt;/tmp/fspcibld/20567/obmc-robot/logs/test_history.txt&lt;/a&gt;'.</msg>
<status starttime="20170515 14:42:38.746" status="PASS" endtime="20170515 14:42:38.747"></status>
</kw>
<status starttime="20170515 14:42:38.746" status="PASS" endtime="20170515 14:42:38.747"></status>
</kw>
<kw name="Rpvars" library="gen_robot_print">
<arguments>
<arg>TEST_HISTORY</arg>
</arguments>
<status starttime="20170515 14:42:38.747" status="PASS" endtime="20170515 14:42:38.747"></status>
</kw>
<kw name="Get Current Time Stamp" library="openbmc_ffdc_utils">
<doc>Get the current time stamp data</doc>
<assign>
<var>${cur_time}</var>
</assign>
<kw name="Get Current Date" library="DateTime">
<doc>Returns current local or UTC time with an optional increment.</doc>
<arguments>
<arg>result_format=%Y-%m-%d %H:%M:%S:%f</arg>
</arguments>
<assign>
<var>${cur_time}</var>
</assign>
<msg level="INFO" timestamp="20170515 14:42:38.748">${cur_time} = 2017-05-15 14:42:38:748148</msg>
<status starttime="20170515 14:42:38.748" status="PASS" endtime="20170515 14:42:38.748"></status>
</kw>
<kw name="Get Strip String" library="openbmc_ffdc_list">
<doc>########################################################################</doc>
<arguments>
<arg>${cur_time}</arg>
</arguments>
<assign>
<var>${cur_time}</var>
</assign>
<msg level="INFO" timestamp="20170515 14:42:38.749">${cur_time} = 20170515144238748148</msg>
<status starttime="20170515 14:42:38.749" status="PASS" endtime="20170515 14:42:38.749"></status>
</kw>
<msg level="INFO" timestamp="20170515 14:42:38.749">${cur_time} = 20170515144238748148</msg>
<status starttime="20170515 14:42:38.748" status="PASS" endtime="20170515 14:42:38.749"></status>
</kw>
<kw name="Append To File" library="OperatingSystem">
<doc>Appends the given content to the specified file.</doc>
<arguments>
<arg>${TEST_HISTORY}</arg>
<arg>${cur_time}:${SUITE_NAME}:${TEST_NAME}:${TEST_STATUS}${\n}</arg>
</arguments>
<msg level="INFO" timestamp="20170515 14:42:38.750" html="yes">Appended to file '&lt;a href="file:///tmp/fspcibld/20567/obmc-robot/logs/test_history.txt"&gt;/tmp/fspcibld/20567/obmc-robot/logs/test_history.txt&lt;/a&gt;'.</msg>
<status starttime="20170515 14:42:38.749" status="PASS" endtime="20170515 14:42:38.750"></status>
</kw>
<status starttime="20170515 14:42:38.701" status="PASS" endtime="20170515 14:42:38.750"></status>
</kw>
<status starttime="20170515 14:42:38.376" status="PASS" endtime="20170515 14:42:38.750"></status>
</kw>
<doc>This testcase is for testing the SSL connection to the
OpenBMC machine.</doc>
<tags>
<tag>Test_SSL_Connection</tag>
</tags>
<status critical="yes" starttime="20170515 14:42:38.167" status="PASS" endtime="20170515 14:42:38.751"></status>
</test>
<kw name="Delete All Sessions" type="teardown" library="RequestsLibrary.RequestsKeywords">
<doc>Removes all the session objects</doc>
<msg level="INFO" timestamp="20170515 14:42:38.751">Delete All Sessions</msg>
<status starttime="20170515 14:42:38.751" status="PASS" endtime="20170515 14:42:38.752"></status>
</kw>
<doc>This testsuite is for testing SSL connection to OpenBMC</doc>
<status starttime="20170515 14:42:38.088" status="PASS" endtime="20170515 14:42:38.752"></status>
</suite>
<status starttime="20170515 14:42:38.086" status="PASS" endtime="20170515 14:42:38.753"></status>
</suite>
<suite id="s1-s2" name="Test Basic Poweron" source="/tmp/fspcibld/20567/obmc-robot/tests/test_basic_poweron.robot">
<test id="s1-s2-t1" name="Power On Test">
<kw name="Start SOL Console Logging" type="setup" library="utils">
<doc>Start system console log to file.</doc>
<kw name="Create OS Console File Path" library="utils">
<doc>Create OS console file path name and return it.</doc>
<arguments>
<arg>${log_file_path}</arg>
</arguments>
<assign>
<var>${log_file_path}</var>
</assign>
<kw name="Catenate" library="BuiltIn">
<doc>Catenates the given items together and returns the resulted string.</doc>
<arguments>
<arg>/tmp/${OPENBMC_HOST}_os_console</arg>
</arguments>
<assign>
<var>${default_file_path}</var>
</assign>
<msg level="INFO" timestamp="20170515 14:42:38.788">${default_file_path} = /tmp/9.41.166.169_os_console</msg>
<status starttime="20170515 14:42:38.788" status="PASS" endtime="20170515 14:42:38.788"></status>
</kw>
<kw name="Set Variable If" library="BuiltIn">
<doc>Sets variable based on the given condition.</doc>
<arguments>
<arg>'${log_file_path}' == '${EMPTY}'</arg>
<arg>${default_file_path}</arg>
<arg>${log_file_path}</arg>
</arguments>
<assign>
<var>${log_file_path}</var>
</assign>
<msg level="INFO" timestamp="20170515 14:42:38.789">${log_file_path} = /tmp/9.41.166.169_os_console</msg>
<status starttime="20170515 14:42:38.788" status="PASS" endtime="20170515 14:42:38.789"></status>
</kw>
<msg level="INFO" timestamp="20170515 14:42:38.789">${log_file_path} = /tmp/9.41.166.169_os_console</msg>
<status starttime="20170515 14:42:38.787" status="PASS" endtime="20170515 14:42:38.789"></status>
</kw>
<kw name="Stop SOL Console Logging" library="utils">
<doc>Stop system console logging and return log output.</doc>
<arguments>
<arg>${log_file_path}</arg>
</arguments>
<assign>
<var>${log_output}</var>
</assign>
<kw name="Create OS Console File Path" library="utils">
<doc>Create OS console file path name and return it.</doc>
<arguments>
<arg>${log_file_path}</arg>
</arguments>
<assign>
<var>${log_file_path}</var>
</assign>
<kw name="Catenate" library="BuiltIn">
<doc>Catenates the given items together and returns the resulted string.</doc>
<arguments>
<arg>/tmp/${OPENBMC_HOST}_os_console</arg>
</arguments>
<assign>
<var>${default_file_path}</var>
</assign>
<msg level="INFO" timestamp="20170515 14:42:38.790">${default_file_path} = /tmp/9.41.166.169_os_console</msg>
<status starttime="20170515 14:42:38.790" status="PASS" endtime="20170515 14:42:38.790"></status>
</kw>
<kw name="Set Variable If" library="BuiltIn">
<doc>Sets variable based on the given condition.</doc>
<arguments>
<arg>'${log_file_path}' == '${EMPTY}'</arg>
<arg>${default_file_path}</arg>
<arg>${log_file_path}</arg>
</arguments>
<assign>
<var>${log_file_path}</var>
</assign>
<msg level="INFO" timestamp="20170515 14:42:38.791">${log_file_path} = /tmp/9.41.166.169_os_console</msg>
<status starttime="20170515 14:42:38.791" status="PASS" endtime="20170515 14:42:38.791"></status>
</kw>
<msg level="INFO" timestamp="20170515 14:42:38.791">${log_file_path} = /tmp/9.41.166.169_os_console</msg>
<status starttime="20170515 14:42:38.790" status="PASS" endtime="20170515 14:42:38.791"></status>
</kw>
<kw name="Create OS Console Command String" library="utils">
<doc>Return a command string to start OS console logging.</doc>
<assign>
<var>${search_string}</var>
</assign>
<kw name="Catenate" library="BuiltIn">
<doc>Catenates the given items together and returns the resulted string.</doc>
<arguments>
<arg>which ssh_pw 2&gt;&amp;1</arg>
</arguments>
<assign>
<var>${cmd_buf}</var>
</assign>
<msg level="INFO" timestamp="20170515 14:42:38.792">${cmd_buf} = which ssh_pw 2&gt;&amp;1</msg>
<status starttime="20170515 14:42:38.792" status="PASS" endtime="20170515 14:42:38.792"></status>
</kw>
<kw name="Rdpissuing" library="gen_robot_print">
<arguments>
<arg>${cmd_buf}</arg>
</arguments>
<status starttime="20170515 14:42:38.792" status="PASS" endtime="20170515 14:42:38.800"></status>
</kw>
<kw name="Run And Return Rc And Output" library="OperatingSystem">
<doc>Runs the given command in the system and returns the RC and output.</doc>
<arguments>
<arg>${cmd_buf}</arg>
</arguments>
<assign>
<var>${rc}</var>
<var>${output}</var>
</assign>
<msg level="INFO" timestamp="20170515 14:42:38.804">Running command 'which ssh_pw 2&gt;&amp;1'.</msg>
<msg level="INFO" timestamp="20170515 14:42:38.809">${rc} = 0</msg>
<msg level="INFO" timestamp="20170515 14:42:38.809">${output} = /tmp/fspcibld/20567/obmc-robot/.tox/witherspoon/bin/ssh_pw</msg>
<status starttime="20170515 14:42:38.800" status="PASS" endtime="20170515 14:42:38.809"></status>
</kw>
<kw name="Rdpvars" library="gen_robot_print">
<arguments>
<arg>rc</arg>
<arg>output</arg>
</arguments>
<status starttime="20170515 14:42:38.811" status="PASS" endtime="20170515 14:42:38.818"></status>
</kw>
<kw name="Should Be Equal" library="BuiltIn">
<doc>Fails if the given objects are unequal.</doc>
<arguments>
<arg>${rc}</arg>
<arg>${0}</arg>
<arg>msg=${output}\n</arg>
</arguments>
<status starttime="20170515 14:42:38.819" status="PASS" endtime="20170515 14:42:38.819"></status>
</kw>
<kw name="Catenate" library="BuiltIn">
<doc>Catenates the given items together and returns the resulted string.</doc>
<arguments>
<arg>ssh_pw ${OPENBMC_PASSWORD} -p 2200</arg>
<arg>${OPENBMC_USERNAME}@${OPENBMC_HOST}</arg>
</arguments>
<assign>
<var>${cmd_buf}</var>
</assign>
<msg level="INFO" timestamp="20170515 14:42:38.820">${cmd_buf} = ssh_pw 0penBmc -p 2200 root@9.41.166.169</msg>
<status starttime="20170515 14:42:38.820" status="PASS" endtime="20170515 14:42:38.820"></status>
</kw>
<msg level="INFO" timestamp="20170515 14:42:38.820">${search_string} = ssh_pw 0penBmc -p 2200 root@9.41.166.169</msg>
<status starttime="20170515 14:42:38.791" status="PASS" endtime="20170515 14:42:38.820"></status>
</kw>
<kw name="Catenate" library="BuiltIn">
<doc>Catenates the given items together and returns the resulted string.</doc>
<arguments>
<arg>echo $(ps -ef | egrep '${search_string}'</arg>
<arg>| egrep -v grep | cut -c10-14)</arg>
</arguments>
<assign>
<var>${cmd_buf}</var>
</assign>
<msg level="INFO" timestamp="20170515 14:42:38.821">${cmd_buf} = echo $(ps -ef | egrep 'ssh_pw 0penBmc -p 2200 root@9.41.166.169' | egrep -v grep | cut -c10-14)</msg>
<status starttime="20170515 14:42:38.821" status="PASS" endtime="20170515 14:42:38.821"></status>
</kw>
<kw name="Rdpissuing" library="gen_robot_print">
<arguments>
<arg>${cmd_buf}</arg>
</arguments>
<status starttime="20170515 14:42:38.821" status="PASS" endtime="20170515 14:42:38.829"></status>
</kw>
<kw name="Run And Return Rc And Output" library="OperatingSystem">
<doc>Runs the given command in the system and returns the RC and output.</doc>
<arguments>
<arg>${cmd_buf}</arg>
</arguments>
<assign>
<var>${rc}</var>
<var>${os_con_pid}</var>
</assign>
<msg level="INFO" timestamp="20170515 14:42:38.836">Running command 'echo $(ps -ef | egrep 'ssh_pw 0penBmc -p 2200 root@9.41.166.169' | egrep -v grep | cut -c10-14) 2&gt;&amp;1'.</msg>
<msg level="INFO" timestamp="20170515 14:42:38.841">${rc} = 0</msg>
<msg level="INFO" timestamp="20170515 14:42:38.841">${os_con_pid} = </msg>
<status starttime="20170515 14:42:38.829" status="PASS" endtime="20170515 14:42:38.841"></status>
</kw>
<kw name="Rdpvars" library="gen_robot_print">
<arguments>
<arg>os_con_pid</arg>
</arguments>
<status starttime="20170515 14:42:38.842" status="PASS" endtime="20170515 14:42:38.850"></status>
</kw>
<kw name="Catenate" library="BuiltIn">
<doc>Catenates the given items together and returns the resulted string.</doc>
<arguments>
<arg>kill -9 ${os_con_pid}</arg>
</arguments>
<assign>
<var>${cmd_buf}</var>
</assign>
<msg level="INFO" timestamp="20170515 14:42:38.851">${cmd_buf} = kill -9 </msg>
<status starttime="20170515 14:42:38.851" status="PASS" endtime="20170515 14:42:38.851"></status>
</kw>
<kw name="Run Keyword If" library="BuiltIn">
<doc>Runs the given keyword with the given arguments, if ``condition`` is true.</doc>
<arguments>
<arg>'${os_con_pid}' != '${EMPTY}'</arg>
<arg>Rdpissuing</arg>
<arg>${cmd_buf}</arg>
</arguments>
<status starttime="20170515 14:42:38.851" status="PASS" endtime="20170515 14:42:38.852"></status>
</kw>
<kw name="Run Keyword If" library="BuiltIn">
<doc>Runs the given keyword with the given arguments, if ``condition`` is true.</doc>
<arguments>
<arg>'${os_con_pid}' != '${EMPTY}'</arg>
<arg>Run And Return Rc And Output</arg>
<arg>${cmd_buf}</arg>
</arguments>
<assign>
<var>${rc}</var>
<var>${output}</var>
</assign>
<msg level="INFO" timestamp="20170515 14:42:38.853">${rc} = None</msg>
<msg level="INFO" timestamp="20170515 14:42:38.853">${output} = None</msg>
<status starttime="20170515 14:42:38.852" status="PASS" endtime="20170515 14:42:38.853"></status>
</kw>
<kw name="Run Keyword If" library="BuiltIn">
<doc>Runs the given keyword with the given arguments, if ``condition`` is true.</doc>
<arguments>
<arg>'${os_con_pid}' != '${EMPTY}'</arg>
<arg>Rdpvars</arg>
<arg>rc</arg>
<arg>output</arg>
</arguments>
<status starttime="20170515 14:42:38.853" status="PASS" endtime="20170515 14:42:38.853"></status>
</kw>
<kw name="Set Variable" library="BuiltIn">
<doc>Returns the given values which can then be assigned to a variables.</doc>
<arguments>
<arg>cat ${log_file_path} 2&gt;&amp;1</arg>
</arguments>
<assign>
<var>${cmd_buf}</var>
</assign>
<msg level="INFO" timestamp="20170515 14:42:38.854">${cmd_buf} = cat /tmp/9.41.166.169_os_console 2&gt;&amp;1</msg>
<status starttime="20170515 14:42:38.853" status="PASS" endtime="20170515 14:42:38.854"></status>
</kw>
<kw name="Rdpissuing" library="gen_robot_print">
<arguments>
<arg>${cmd_buf}</arg>
</arguments>
<status starttime="20170515 14:42:38.854" status="PASS" endtime="20170515 14:42:38.864"></status>
</kw>
<kw name="Run And Return Rc And Output" library="OperatingSystem">
<doc>Runs the given command in the system and returns the RC and output.</doc>
<arguments>
<arg>${cmd_buf}</arg>
</arguments>
<assign>
<var>${rc}</var>
<var>${output}</var>
</assign>
<msg level="INFO" timestamp="20170515 14:42:38.868">Running command 'cat /tmp/9.41.166.169_os_console 2&gt;&amp;1'.</msg>
<msg level="INFO" timestamp="20170515 14:42:38.871">${rc} = 1</msg>
<msg level="INFO" timestamp="20170515 14:42:38.871">${output} = cat: /tmp/9.41.166.169_os_console: No such file or directory</msg>
<status starttime="20170515 14:42:38.865" status="PASS" endtime="20170515 14:42:38.871"></status>
</kw>
<kw name="Rdpvars" library="gen_robot_print">
<arguments>
<arg>rc</arg>
</arguments>
<status starttime="20170515 14:42:38.873" status="PASS" endtime="20170515 14:42:38.882"></status>
</kw>
<kw name="Run Keyword If" library="BuiltIn">
<doc>Runs the given keyword with the given arguments, if ``condition`` is true.</doc>
<arguments>
<arg>'${targ_file_path}' != '${EMPTY}'</arg>
<arg>Run Keyword And Ignore Error</arg>
<arg>Copy File</arg>
<arg>${log_file_path}</arg>
<arg>${targ_file_path}</arg>
</arguments>
<status starttime="20170515 14:42:38.883" status="PASS" endtime="20170515 14:42:38.883"></status>
</kw>
<msg level="INFO" timestamp="20170515 14:42:38.884">${log_output} = cat: /tmp/9.41.166.169_os_console: No such file or directory</msg>
<status starttime="20170515 14:42:38.789" status="PASS" endtime="20170515 14:42:38.884"></status>
</kw>
<kw name="Create File" library="OperatingSystem">
<doc>Creates a file with the given content and encoding.</doc>
<arguments>
<arg>${log_file_path}</arg>
</arguments>
<msg level="INFO" timestamp="20170515 14:42:38.884" html="yes">Created file '&lt;a href="file:///tmp/9.41.166.169_os_console"&gt;/tmp/9.41.166.169_os_console&lt;/a&gt;'.</msg>
<status starttime="20170515 14:42:38.884" status="PASS" endtime="20170515 14:42:38.884"></status>
</kw>
<kw name="Create OS Console Command String" library="utils">
<doc>Return a command string to start OS console logging.</doc>
<assign>
<var>${sub_cmd_buf}</var>
</assign>
<kw name="Catenate" library="BuiltIn">
<doc>Catenates the given items together and returns the resulted string.</doc>
<arguments>
<arg>which ssh_pw 2&gt;&amp;1</arg>
</arguments>
<assign>
<var>${cmd_buf}</var>
</assign>
<msg level="INFO" timestamp="20170515 14:42:38.885">${cmd_buf} = which ssh_pw 2&gt;&amp;1</msg>
<status starttime="20170515 14:42:38.885" status="PASS" endtime="20170515 14:42:38.885"></status>
</kw>
<kw name="Rdpissuing" library="gen_robot_print">
<arguments>
<arg>${cmd_buf}</arg>
</arguments>
<status starttime="20170515 14:42:38.886" status="PASS" endtime="20170515 14:42:38.896"></status>
</kw>
<kw name="Run And Return Rc And Output" library="OperatingSystem">
<doc>Runs the given command in the system and returns the RC and output.</doc>
<arguments>
<arg>${cmd_buf}</arg>
</arguments>
<assign>
<var>${rc}</var>
<var>${output}</var>
</assign>
<msg level="INFO" timestamp="20170515 14:42:38.900">Running command 'which ssh_pw 2&gt;&amp;1'.</msg>
<msg level="INFO" timestamp="20170515 14:42:38.905">${rc} = 0</msg>
<msg level="INFO" timestamp="20170515 14:42:38.905">${output} = /tmp/fspcibld/20567/obmc-robot/.tox/witherspoon/bin/ssh_pw</msg>
<status starttime="20170515 14:42:38.896" status="PASS" endtime="20170515 14:42:38.905"></status>
</kw>
<kw name="Rdpvars" library="gen_robot_print">
<arguments>
<arg>rc</arg>
<arg>output</arg>
</arguments>
<status starttime="20170515 14:42:38.907" status="PASS" endtime="20170515 14:42:38.914"></status>
</kw>
<kw name="Should Be Equal" library="BuiltIn">
<doc>Fails if the given objects are unequal.</doc>
<arguments>
<arg>${rc}</arg>
<arg>${0}</arg>
<arg>msg=${output}\n</arg>
</arguments>
<status starttime="20170515 14:42:38.915" status="PASS" endtime="20170515 14:42:38.915"></status>
</kw>
<kw name="Catenate" library="BuiltIn">
<doc>Catenates the given items together and returns the resulted string.</doc>
<arguments>
<arg>ssh_pw ${OPENBMC_PASSWORD} -p 2200</arg>
<arg>${OPENBMC_USERNAME}@${OPENBMC_HOST}</arg>
</arguments>
<assign>
<var>${cmd_buf}</var>
</assign>
<msg level="INFO" timestamp="20170515 14:42:38.916">${cmd_buf} = ssh_pw 0penBmc -p 2200 root@9.41.166.169</msg>
<status starttime="20170515 14:42:38.916" status="PASS" endtime="20170515 14:42:38.916"></status>
</kw>
<msg level="INFO" timestamp="20170515 14:42:38.916">${sub_cmd_buf} = ssh_pw 0penBmc -p 2200 root@9.41.166.169</msg>
<status starttime="20170515 14:42:38.885" status="PASS" endtime="20170515 14:42:38.916"></status>
</kw>
<kw name="Catenate" library="BuiltIn">
<doc>Catenates the given items together and returns the resulted string.</doc>
<arguments>
<arg>${sub_cmd_buf} &gt; ${log_file_path} 2&gt;&amp;1 &amp;</arg>
</arguments>
<assign>
<var>${cmd_buf}</var>
</assign>
<msg level="INFO" timestamp="20170515 14:42:38.917">${cmd_buf} = ssh_pw 0penBmc -p 2200 root@9.41.166.169 &gt; /tmp/9.41.166.169_os_console 2&gt;&amp;1 &amp;</msg>
<status starttime="20170515 14:42:38.917" status="PASS" endtime="20170515 14:42:38.917"></status>
</kw>
<kw name="Rdpissuing" library="gen_robot_print">
<arguments>
<arg>${cmd_buf}</arg>
</arguments>
<status starttime="20170515 14:42:38.917" status="PASS" endtime="20170515 14:42:38.925"></status>
</kw>
<kw name="Run And Return Rc And Output" library="OperatingSystem">
<doc>Runs the given command in the system and returns the RC and output.</doc>
<arguments>
<arg>${cmd_buf}</arg>
</arguments>
<assign>
<var>${rc}</var>
<var>${output}</var>
</assign>
<msg level="INFO" timestamp="20170515 14:42:38.928">Running command 'ssh_pw 0penBmc -p 2200 root@9.41.166.169 &gt; /tmp/9.41.166.169_os_console 2&gt;&amp;1 &amp;'.</msg>
<msg level="INFO" timestamp="20170515 14:42:38.933">${rc} = 0</msg>
<msg level="INFO" timestamp="20170515 14:42:38.933">${output} = </msg>
<status starttime="20170515 14:42:38.925" status="PASS" endtime="20170515 14:42:38.933"></status>
</kw>
<kw name="Should Be Equal" library="BuiltIn">
<doc>Fails if the given objects are unequal.</doc>
<arguments>
<arg>${rc}</arg>
<arg>${0}</arg>
</arguments>
<status starttime="20170515 14:42:38.935" status="PASS" endtime="20170515 14:42:38.935"></status>
</kw>
<status starttime="20170515 14:42:38.787" status="PASS" endtime="20170515 14:42:38.936"></status>
</kw>
<kw name="Repeat Keyword" library="BuiltIn">
<doc>Executes the specified keyword multiple times.</doc>
<arguments>
<arg>${LOOP_COUNT} times</arg>
<arg>Host Off And On</arg>
</arguments>
<msg level="INFO" timestamp="20170515 14:42:38.937">Repeating keyword, round 1/2.</msg>
<kw name="Host Off And On">
<doc>Verify power off and on.</doc>
<kw name="Initiate Host PowerOff" library="state_manager">
<doc>Initiate host power off.</doc>
<kw name="Create Dictionary" library="BuiltIn">
<doc>Creates and returns a dictionary based on the given ``items``.</doc>
<arguments>
<arg>data=${HOST_POWEROFF_TRANS}</arg>
</arguments>
<assign>
<var>${args}</var>
</assign>
<msg level="INFO" timestamp="20170515 14:42:38.941">${args} = {u'data': 'xyz.openbmc_project.State.Host.Transition.Off'}</msg>
<status starttime="20170515 14:42:38.940" status="PASS" endtime="20170515 14:42:38.941"></status>
</kw>
<kw name="Write Attribute" library="rest_client">
<arguments>
<arg>${HOST_STATE_URI}</arg>
<arg>RequestedHostTransition</arg>
<arg>data=${args}</arg>
</arguments>
<kw name="Catenate" library="BuiltIn">
<doc>Catenates the given items together and returns the resulted string.</doc>
<arguments>
<arg>SEPARATOR=</arg>
<arg>${DBUS_PREFIX}</arg>
<arg>${uri}</arg>
</arguments>
<assign>
<var>${base_uri}</var>
</assign>
<msg level="INFO" timestamp="20170515 14:42:38.943">${base_uri} = /xyz/openbmc_project/state/host0/</msg>
<status starttime="20170515 14:42:38.942" status="PASS" endtime="20170515 14:42:38.943"></status>
</kw>
<kw name="OpenBMC Put Request" library="rest_client">
<arguments>
<arg>${base_uri}/attr/${attr}</arg>
<arg>timeout=${timeout}</arg>
<arg>&amp;{kwargs}</arg>
</arguments>
<assign>
<var>${resp}</var>
</assign>
<kw name="Initialize OpenBMC" library="rest_client">
<arguments>
<arg>${timeout}</arg>
</arguments>
<kw name="Wait Until Keyword Succeeds" library="BuiltIn">
<doc>Runs the specified keyword and retries if it fails.</doc>
<arguments>
<arg>40 sec</arg>
<arg>20 sec</arg>
<arg>Post Login Request</arg>
<arg>${timeout}</arg>
<arg>${quiet}</arg>
</arguments>
<kw name="Post Login Request" library="rest_client">
<arguments>
<arg>${timeout}</arg>
<arg>${quiet}</arg>
</arguments>
<kw name="Create Session" library="RequestsLibrary.RequestsKeywords">
<doc>Create Session: create a HTTP session to a server</doc>
<arguments>
<arg>openbmc</arg>
<arg>${AUTH_URI}</arg>
<arg>timeout=${timeout}</arg>
<arg>max_retries=3</arg>
</arguments>
[...]
</kw>
<status starttime="20170515 14:46:38.733" status="PASS" endtime="20170515 14:46:55.937"></status>
</kw>
<status starttime="20170515 14:46:38.732" status="PASS" endtime="20170515 14:46:55.937"></status>
</kw>
<kw name="Close All Connections" library="SSHLibrary">
<doc>Closes all open connections.</doc>
<status starttime="20170515 14:46:55.937" status="PASS" endtime="20170515 14:46:56.083"></status>
</kw>
<status starttime="20170515 14:46:38.731" status="PASS" endtime="20170515 14:46:56.083"></status>
</kw>
<status starttime="20170515 14:46:33.483" status="PASS" endtime="20170515 14:46:56.084"></status>
</kw>
<status starttime="20170515 14:46:33.483" status="PASS" endtime="20170515 14:46:56.084"></status>
</kw>
<kw name="Run Keyword If" library="BuiltIn">
<doc>Runs the given keyword with the given arguments, if ``condition`` is true.</doc>
<arguments>
<arg>'${status}'=='True'</arg>
<arg>Recover Quiesced Host</arg>
</arguments>
<status starttime="20170515 14:46:56.084" status="PASS" endtime="20170515 14:46:56.084"></status>
</kw>
<kw name="Log Test Case Status" library="openbmc_ffdc_methods">
<doc>Test case execution result history.</doc>
<kw name="Get Variable Value" library="BuiltIn">
<doc>Returns variable value or ``default`` if the variable does not exist.</doc>
<arguments>
<arg>${FFDC_DIR_PATH_STYLE}</arg>
<arg>${EMPTY}</arg>
</arguments>
<assign>
<var>${FFDC_DIR_PATH_STYLE}</var>
</assign>
<msg level="INFO" timestamp="20170515 14:46:56.093">${FFDC_DIR_PATH_STYLE} = </msg>
<status starttime="20170515 14:46:56.085" status="PASS" endtime="20170515 14:46:56.093"></status>
</kw>
<kw name="Get Variable Value" library="BuiltIn">
<doc>Returns variable value or ``default`` if the variable does not exist.</doc>
<arguments>
<arg>${FFDC_DIR_PATH}</arg>
<arg>${EMPTY}</arg>
</arguments>
<assign>
<var>${FFDC_DIR_PATH}</var>
</assign>
<msg level="INFO" timestamp="20170515 14:46:56.094">${FFDC_DIR_PATH} = /tmp/fspcibld/20567/obmc-robot/logs/20170515144636881688_TestsTestBasicPoweron/20170515144636881688_PowerOnTest/</msg>
<status starttime="20170515 14:46:56.094" status="PASS" endtime="20170515 14:46:56.094"></status>
</kw>
<kw name="Run Keyword If" library="BuiltIn">
<doc>Runs the given keyword with the given arguments, if ``condition`` is true.</doc>
<arguments>
<arg>'${FFDC_DIR_PATH}' == '${EMPTY}'</arg>
<arg>Set FFDC Defaults</arg>
</arguments>
<status starttime="20170515 14:46:56.095" status="PASS" endtime="20170515 14:46:56.095"></status>
</kw>
<kw name="Run Keyword If" library="BuiltIn">
<doc>Runs the given keyword with the given arguments, if ``condition`` is true.</doc>
<arguments>
<arg>'${FFDC_DIR_PATH_STYLE}' == '${1}'</arg>
<arg>Run Keywords</arg>
<arg>Set Global Variable</arg>
<arg>${FFDC_LOG_PATH}</arg>
<arg>${FFDC_DIR_PATH}</arg>
<arg>AND</arg>
<arg>Set Global Variable</arg>
<arg>${TEST_HISTORY}</arg>
<arg>${FFDC_DIR_PATH}test_history.txt</arg>
</arguments>
<status starttime="20170515 14:46:56.096" status="PASS" endtime="20170515 14:46:56.096"></status>
</kw>
<kw name="Create Directory" library="OperatingSystem">
<doc>Creates the specified directory.</doc>
<arguments>
<arg>${FFDC_LOG_PATH}</arg>
</arguments>
<msg level="INFO" timestamp="20170515 14:46:56.097" html="yes">Directory '&lt;a href="file:///tmp/fspcibld/20567/obmc-robot/logs"&gt;/tmp/fspcibld/20567/obmc-robot/logs&lt;/a&gt;' already exists.</msg>
<status starttime="20170515 14:46:56.096" status="PASS" endtime="20170515 14:46:56.097"></status>
</kw>
<kw name="Run Keyword And Return Status" library="BuiltIn">
<doc>Runs the given keyword with given arguments and returns the status as a Boolean value.</doc>
<arguments>
<arg>OperatingSystem.File Should Exist</arg>
<arg>${TEST_HISTORY}</arg>
</arguments>
<assign>
<var>${exist}</var>
</assign>
<kw name="File Should Exist" library="OperatingSystem">
<doc>Fails unless the given ``path`` points to an existing file.</doc>
<arguments>
<arg>${TEST_HISTORY}</arg>
</arguments>
<msg level="INFO" timestamp="20170515 14:46:56.098" html="yes">File '&lt;a href="file:///tmp/fspcibld/20567/obmc-robot/logs/test_history.txt"&gt;/tmp/fspcibld/20567/obmc-robot/logs/test_history.txt&lt;/a&gt;' exists.</msg>
<status starttime="20170515 14:46:56.098" status="PASS" endtime="20170515 14:46:56.098"></status>
</kw>
<msg level="INFO" timestamp="20170515 14:46:56.098">${exist} = True</msg>
<status starttime="20170515 14:46:56.097" status="PASS" endtime="20170515 14:46:56.098"></status>
</kw>
<kw name="Run Keyword If" library="BuiltIn">
<doc>Runs the given keyword with the given arguments, if ``condition`` is true.</doc>
<arguments>
<arg>'${exist}' == '${False}'</arg>
<arg>Create File</arg>
<arg>${TEST_HISTORY}</arg>
</arguments>
<status starttime="20170515 14:46:56.098" status="PASS" endtime="20170515 14:46:56.099"></status>
</kw>
<kw name="Rpvars" library="gen_robot_print">
<arguments>
<arg>TEST_HISTORY</arg>
</arguments>
<status starttime="20170515 14:46:56.099" status="PASS" endtime="20170515 14:46:56.099"></status>
</kw>
<kw name="Get Current Time Stamp" library="openbmc_ffdc_utils">
<doc>Get the current time stamp data</doc>
<assign>
<var>${cur_time}</var>
</assign>
<kw name="Get Current Date" library="DateTime">
<doc>Returns current local or UTC time with an optional increment.</doc>
<arguments>
<arg>result_format=%Y-%m-%d %H:%M:%S:%f</arg>
</arguments>
<assign>
<var>${cur_time}</var>
</assign>
<msg level="INFO" timestamp="20170515 14:46:56.100">${cur_time} = 2017-05-15 14:46:56:100035</msg>
<status starttime="20170515 14:46:56.100" status="PASS" endtime="20170515 14:46:56.100"></status>
</kw>
<kw name="Get Strip String" library="openbmc_ffdc_list">
<doc>########################################################################</doc>
<arguments>
<arg>${cur_time}</arg>
</arguments>
<assign>
<var>${cur_time}</var>
</assign>
<msg level="INFO" timestamp="20170515 14:46:56.101">${cur_time} = 20170515144656100035</msg>
<status starttime="20170515 14:46:56.101" status="PASS" endtime="20170515 14:46:56.101"></status>
</kw>
<msg level="INFO" timestamp="20170515 14:46:56.101">${cur_time} = 20170515144656100035</msg>
<status starttime="20170515 14:46:56.099" status="PASS" endtime="20170515 14:46:56.101"></status>
</kw>
<kw name="Append To File" library="OperatingSystem">
<doc>Appends the given content to the specified file.</doc>
<arguments>
<arg>${TEST_HISTORY}</arg>
<arg>${cur_time}:${SUITE_NAME}:${TEST_NAME}:${TEST_STATUS}${\n}</arg>
</arguments>
<msg level="INFO" timestamp="20170515 14:46:56.102" html="yes">Appended to file '&lt;a href="file:///tmp/fspcibld/20567/obmc-robot/logs/test_history.txt"&gt;/tmp/fspcibld/20567/obmc-robot/logs/test_history.txt&lt;/a&gt;'.</msg>
<status starttime="20170515 14:46:56.101" status="PASS" endtime="20170515 14:46:56.102"></status>
</kw>
<status starttime="20170515 14:46:56.085" status="PASS" endtime="20170515 14:46:56.102"></status>
</kw>
<status starttime="20170515 14:46:01.563" status="PASS" endtime="20170515 14:46:56.102"></status>
</kw>
<kw name="Stop SOL Console Logging" library="utils">
<doc>Stop system console logging and return log output.</doc>
<assign>
<var>${sol_log}</var>
</assign>
<kw name="Create OS Console File Path" library="utils">
<doc>Create OS console file path name and return it.</doc>
<arguments>
<arg>${log_file_path}</arg>
</arguments>
<assign>
<var>${log_file_path}</var>
</assign>
<kw name="Catenate" library="BuiltIn">
<doc>Catenates the given items together and returns the resulted string.</doc>
<arguments>
<arg>/tmp/${OPENBMC_HOST}_os_console</arg>
</arguments>
<assign>
<var>${default_file_path}</var>
</assign>
<msg level="INFO" timestamp="20170515 14:46:56.104">${default_file_path} = /tmp/9.41.166.169_os_console</msg>
<status starttime="20170515 14:46:56.104" status="PASS" endtime="20170515 14:46:56.104"></status>
</kw>
<kw name="Set Variable If" library="BuiltIn">
<doc>Sets variable based on the given condition.</doc>
<arguments>
<arg>'${log_file_path}' == '${EMPTY}'</arg>
<arg>${default_file_path}</arg>
<arg>${log_file_path}</arg>
</arguments>
<assign>
<var>${log_file_path}</var>
</assign>
<msg level="INFO" timestamp="20170515 14:46:56.104">${log_file_path} = /tmp/9.41.166.169_os_console</msg>
<status starttime="20170515 14:46:56.104" status="PASS" endtime="20170515 14:46:56.105"></status>
</kw>
<msg level="INFO" timestamp="20170515 14:46:56.105">${log_file_path} = /tmp/9.41.166.169_os_console</msg>
<status starttime="20170515 14:46:56.103" status="PASS" endtime="20170515 14:46:56.105"></status>
</kw>
<kw name="Create OS Console Command String" library="utils">
<doc>Return a command string to start OS console logging.</doc>
<assign>
<var>${search_string}</var>
</assign>
<kw name="Catenate" library="BuiltIn">
<doc>Catenates the given items together and returns the resulted string.</doc>
<arguments>
<arg>which ssh_pw 2&gt;&amp;1</arg>
</arguments>
<assign>
<var>${cmd_buf}</var>
</assign>
<msg level="INFO" timestamp="20170515 14:46:56.106">${cmd_buf} = which ssh_pw 2&gt;&amp;1</msg>
<status starttime="20170515 14:46:56.105" status="PASS" endtime="20170515 14:46:56.106"></status>
</kw>
<kw name="Rdpissuing" library="gen_robot_print">
<arguments>
<arg>${cmd_buf}</arg>
</arguments>
<status starttime="20170515 14:46:56.106" status="PASS" endtime="20170515 14:46:56.116"></status>
</kw>
<kw name="Run And Return Rc And Output" library="OperatingSystem">
<doc>Runs the given command in the system and returns the RC and output.</doc>
<arguments>
<arg>${cmd_buf}</arg>
</arguments>
<assign>
<var>${rc}</var>
<var>${output}</var>
</assign>
<msg level="INFO" timestamp="20170515 14:46:56.130">Running command 'which ssh_pw 2&gt;&amp;1'.</msg>
<msg level="INFO" timestamp="20170515 14:46:56.147">${rc} = 0</msg>
<msg level="INFO" timestamp="20170515 14:46:56.147">${output} = /tmp/fspcibld/20567/obmc-robot/.tox/witherspoon/bin/ssh_pw</msg>
<status starttime="20170515 14:46:56.116" status="PASS" endtime="20170515 14:46:56.148"></status>
</kw>
<kw name="Rdpvars" library="gen_robot_print">
<arguments>
<arg>rc</arg>
<arg>output</arg>
</arguments>
<status starttime="20170515 14:46:56.158" status="PASS" endtime="20170515 14:46:56.173"></status>
</kw>
<kw name="Should Be Equal" library="BuiltIn">
<doc>Fails if the given objects are unequal.</doc>
<arguments>
<arg>${rc}</arg>
<arg>${0}</arg>
<arg>msg=${output}\n</arg>
</arguments>
<status starttime="20170515 14:46:56.173" status="PASS" endtime="20170515 14:46:56.174"></status>
</kw>
<kw name="Catenate" library="BuiltIn">
<doc>Catenates the given items together and returns the resulted string.</doc>
<arguments>
<arg>ssh_pw ${OPENBMC_PASSWORD} -p 2200</arg>
<arg>${OPENBMC_USERNAME}@${OPENBMC_HOST}</arg>
</arguments>
<assign>
<var>${cmd_buf}</var>
</assign>
<msg level="INFO" timestamp="20170515 14:46:56.175">${cmd_buf} = ssh_pw 0penBmc -p 2200 root@9.41.166.169</msg>
<status starttime="20170515 14:46:56.174" status="PASS" endtime="20170515 14:46:56.175"></status>
</kw>
<msg level="INFO" timestamp="20170515 14:46:56.175">${search_string} = ssh_pw 0penBmc -p 2200 root@9.41.166.169</msg>
<status starttime="20170515 14:46:56.105" status="PASS" endtime="20170515 14:46:56.175"></status>
</kw>
<kw name="Catenate" library="BuiltIn">
<doc>Catenates the given items together and returns the resulted string.</doc>
<arguments>
<arg>echo $(ps -ef | egrep '${search_string}'</arg>
<arg>| egrep -v grep | cut -c10-14)</arg>
</arguments>
<assign>
<var>${cmd_buf}</var>
</assign>
<msg level="INFO" timestamp="20170515 14:46:56.176">${cmd_buf} = echo $(ps -ef | egrep 'ssh_pw 0penBmc -p 2200 root@9.41.166.169' | egrep -v grep | cut -c10-14)</msg>
<status starttime="20170515 14:46:56.175" status="PASS" endtime="20170515 14:46:56.176"></status>
</kw>
<kw name="Rdpissuing" library="gen_robot_print">
<arguments>
<arg>${cmd_buf}</arg>
</arguments>
<status starttime="20170515 14:46:56.176" status="PASS" endtime="20170515 14:46:56.224"></status>
</kw>
<kw name="Run And Return Rc And Output" library="OperatingSystem">
<doc>Runs the given command in the system and returns the RC and output.</doc>
<arguments>
<arg>${cmd_buf}</arg>
</arguments>
<assign>
<var>${rc}</var>
<var>${os_con_pid}</var>
</assign>
<msg level="INFO" timestamp="20170515 14:46:56.230">Running command 'echo $(ps -ef | egrep 'ssh_pw 0penBmc -p 2200 root@9.41.166.169' | egrep -v grep | cut -c10-14) 2&gt;&amp;1'.</msg>
<msg level="INFO" timestamp="20170515 14:46:56.239">${rc} = 0</msg>
<msg level="INFO" timestamp="20170515 14:46:56.239">${os_con_pid} = 194</msg>
<status starttime="20170515 14:46:56.225" status="PASS" endtime="20170515 14:46:56.240"></status>
</kw>
<kw name="Rdpvars" library="gen_robot_print">
<arguments>
<arg>os_con_pid</arg>
</arguments>
<status starttime="20170515 14:46:56.242" status="PASS" endtime="20170515 14:46:56.255"></status>
</kw>
<kw name="Catenate" library="BuiltIn">
<doc>Catenates the given items together and returns the resulted string.</doc>
<arguments>
<arg>kill -9 ${os_con_pid}</arg>
</arguments>
<assign>
<var>${cmd_buf}</var>
</assign>
<msg level="INFO" timestamp="20170515 14:46:56.256">${cmd_buf} = kill -9 194</msg>
<status starttime="20170515 14:46:56.256" status="PASS" endtime="20170515 14:46:56.256"></status>
</kw>
<kw name="Run Keyword If" library="BuiltIn">
<doc>Runs the given keyword with the given arguments, if ``condition`` is true.</doc>
<arguments>
<arg>'${os_con_pid}' != '${EMPTY}'</arg>
<arg>Rdpissuing</arg>
<arg>${cmd_buf}</arg>
</arguments>
<kw name="Rdpissuing" library="gen_robot_print">
<arguments>
<arg>${cmd_buf}</arg>
</arguments>
<status starttime="20170515 14:46:56.258" status="PASS" endtime="20170515 14:46:56.268"></status>
</kw>
<status starttime="20170515 14:46:56.257" status="PASS" endtime="20170515 14:46:56.268"></status>
</kw>
<kw name="Run Keyword If" library="BuiltIn">
<doc>Runs the given keyword with the given arguments, if ``condition`` is true.</doc>
<arguments>
<arg>'${os_con_pid}' != '${EMPTY}'</arg>
<arg>Run And Return Rc And Output</arg>
<arg>${cmd_buf}</arg>
</arguments>
<assign>
<var>${rc}</var>
<var>${output}</var>
</assign>
<kw name="Run And Return Rc And Output" library="OperatingSystem">
<doc>Runs the given command in the system and returns the RC and output.</doc>
<arguments>
<arg>${cmd_buf}</arg>
</arguments>
<msg level="INFO" timestamp="20170515 14:46:56.273">Running command 'kill -9 194 2&gt;&amp;1'.</msg>
<status starttime="20170515 14:46:56.269" status="PASS" endtime="20170515 14:46:56.276"></status>
</kw>
<msg level="INFO" timestamp="20170515 14:46:56.277">${rc} = 0</msg>
<msg level="INFO" timestamp="20170515 14:46:56.277">${output} = </msg>
<status starttime="20170515 14:46:56.268" status="PASS" endtime="20170515 14:46:56.277"></status>
</kw>
<kw name="Run Keyword If" library="BuiltIn">
<doc>Runs the given keyword with the given arguments, if ``condition`` is true.</doc>
<arguments>
<arg>'${os_con_pid}' != '${EMPTY}'</arg>
<arg>Rdpvars</arg>
<arg>rc</arg>
<arg>output</arg>
</arguments>
<kw name="Rdpvars" library="gen_robot_print">
<arguments>
<arg>rc</arg>
<arg>output</arg>
</arguments>
<status starttime="20170515 14:46:56.281" status="PASS" endtime="20170515 14:46:56.290"></status>
</kw>
<status starttime="20170515 14:46:56.280" status="PASS" endtime="20170515 14:46:56.291"></status>
</kw>
<kw name="Set Variable" library="BuiltIn">
<doc>Returns the given values which can then be assigned to a variables.</doc>
<arguments>
<arg>cat ${log_file_path} 2&gt;&amp;1</arg>
</arguments>
<assign>
<var>${cmd_buf}</var>
</assign>
<msg level="INFO" timestamp="20170515 14:46:56.291">${cmd_buf} = cat /tmp/9.41.166.169_os_console 2&gt;&amp;1</msg>
<status starttime="20170515 14:46:56.291" status="PASS" endtime="20170515 14:46:56.291"></status>
</kw>
<kw name="Rdpissuing" library="gen_robot_print">
<arguments>
<arg>${cmd_buf}</arg>
</arguments>
<status starttime="20170515 14:46:56.291" status="PASS" endtime="20170515 14:46:56.298"></status>
</kw>
<kw name="Run And Return Rc And Output" library="OperatingSystem">
<doc>Runs the given command in the system and returns the RC and output.</doc>
<arguments>
<arg>${cmd_buf}</arg>
</arguments>
<assign>
<var>${rc}</var>
<var>${output}</var>
</assign>
<msg level="INFO" timestamp="20170515 14:46:56.303">Running command 'cat /tmp/9.41.166.169_os_console 2&gt;&amp;1'.</msg>
<msg level="INFO" timestamp="20170515 14:46:56.306">${rc} = 0</msg>
<msg level="INFO" timestamp="20170515 14:46:56.307">${output} = spawn ssh -p 2200 root@9.41.166.169
The authenticity of host '[9.41.166.169]:2200 ([9.41.166.169]:2200)' can't be established.
RSA key fingerprint is SHA256:e7Qu5V+LK+aPKCU4tW+3WcuQhuy8UIg90KdZdUk+XK0...</msg>
<status starttime="20170515 14:46:56.299" status="PASS" endtime="20170515 14:46:56.307"></status>
</kw>
<kw name="Rdpvars" library="gen_robot_print">
<arguments>
<arg>rc</arg>
</arguments>
<status starttime="20170515 14:46:56.309" status="PASS" endtime="20170515 14:46:56.321"></status>
</kw>
<kw name="Run Keyword If" library="BuiltIn">
<doc>Runs the given keyword with the given arguments, if ``condition`` is true.</doc>
<arguments>
<arg>'${targ_file_path}' != '${EMPTY}'</arg>
<arg>Run Keyword And Ignore Error</arg>
<arg>Copy File</arg>
<arg>${log_file_path}</arg>
<arg>${targ_file_path}</arg>
</arguments>
<status starttime="20170515 14:46:56.321" status="PASS" endtime="20170515 14:46:56.322"></status>
</kw>
<msg level="INFO" timestamp="20170515 14:46:56.322">${sol_log} = spawn ssh -p 2200 root@9.41.166.169
The authenticity of host '[9.41.166.169]:2200 ([9.41.166.169]:2200)' can't be established.
RSA key fingerprint is SHA256:e7Qu5V+LK+aPKCU4tW+3WcuQhuy8UIg90KdZdUk+XK0...</msg>
<status starttime="20170515 14:46:56.103" status="PASS" endtime="20170515 14:46:56.322"></status>
</kw>
<kw name="Log" library="BuiltIn">
<doc>Logs the given message with the given level.</doc>
<arguments>
<arg>${sol_log}</arg>
</arguments>
<msg level="INFO" timestamp="20170515 14:46:56.323">spawn ssh -p 2200 root@9.41.166.169
The authenticity of host '[9.41.166.169]:2200 ([9.41.166.169]:2200)' can't be established.
RSA key fingerprint is SHA256:e7Qu5V+LK+aPKCU4tW+3WcuQhuy8UIg90KdZdUk+XK0.
Are you sure you want to continue connecting (yes/no)? yes
Warning: Permanently added '[9.41.166.169]:2200' (RSA) to the list of known hosts.
root@9.41.166.169's password: </msg>
<status starttime="20170515 14:46:56.323" status="PASS" endtime="20170515 14:46:56.323"></status>
</kw>
<status starttime="20170515 14:46:01.563" status="PASS" endtime="20170515 14:46:56.323"></status>
</kw>
<doc>Power off and on.</doc>
<tags>
<tag>chassisboot</tag>
<tag>Power_On_Test</tag>
</tags>
<status critical="yes" starttime="20170515 14:42:38.786" status="FAIL" endtime="20170515 14:46:56.323">Keyword 'Is Host Off' failed after retrying for 3 minutes. The last error was: Keyword 'Post Login Request' failed after retrying for 40 seconds. The last error was: ReadTimeout: HTTPSConnectionPool(host='9.41.166.169', port=443): Read timed out. (read timeout=10.0): FAIL != PASS</status>
</test>
<doc>Test power on for HW CI.</doc>
<status starttime="20170515 14:42:38.753" status="FAIL" endtime="20170515 14:46:56.325"></status>
</suite>
<doc>Set metadata for test suite.</doc>
<status starttime="20170515 14:42:31.823" status="FAIL" endtime="20170515 14:46:56.328"></status>
</suite>
<statistics>
<total>
<stat pass="1" fail="1">Critical Tests</stat>
<stat pass="1" fail="1">All Tests</stat>
</total>
<tag>
<stat pass="0" fail="1">chassisboot</stat>
<stat pass="0" fail="1">Power_On_Test</stat>
<stat pass="1" fail="0">Test_SSL_Connection</stat>
</tag>
<suite>
<stat id="s1" name="Tests" pass="1" fail="1">Tests</stat>
<stat id="s1-s1" name="Security" pass="1" fail="0">Tests.Security</stat>
<stat id="s1-s1-s1" name="Test Ssl" pass="1" fail="0">Tests.Security.Test Ssl</stat>
<stat id="s1-s2" name="Test Basic Poweron" pass="0" fail="1">Tests.Test Basic Poweron</stat>
</suite>
</statistics>
<errors>
</errors>
</robot>
