<?xml version="1.0" encoding="UTF-8"?>
<robot generator="Robot 3.0 (Python 2.7.12 on linux2)" generated="20161111 15:01:10.716">
<suite id="s1" name="Tests" source="/tmp/root/5463/obmc-robot/tests">
<suite id="s1-s1" name="Security" source="/tmp/root/5463/obmc-robot/tests/security">
<suite id="s1-s1-s1" name="Test Ssl" source="/tmp/root/5463/obmc-robot/tests/security/test_ssl.robot">
<test id="s1-s1-s1-t1" name="Test SSL Connection">
<kw name="Create Session" library="RequestsLibrary.RequestsKeywords">
<doc>Create Session: create a HTTP session to a server</doc>
<arguments>
<arg>openbmc</arg>
<arg>https://${OPENBMC_HOST}/</arg>
</arguments>
<msg level="INFO" timestamp="20161111 15:01:11.420">Creating Session using : alias=openbmc, url=https://9.3.23.30/, headers={},                     cookies=None, auth=None, timeout=None, proxies=None, verify=False,                     debug=0 </msg>
<status endtime="20161111 15:01:11.421" starttime="20161111 15:01:11.420" status="PASS"></status>
</kw>
<kw name="Create Dictionary" library="BuiltIn">
<doc>Creates and returns a dictionary based on given items.</doc>
<arguments>
<arg>Content-Type=application/json</arg>
</arguments>
<assign>
<var>${headers}</var>
</assign>
<msg level="INFO" timestamp="20161111 15:01:11.422">${headers} = {u'Content-Type': u'application/json'}</msg>
<status endtime="20161111 15:01:11.422" starttime="20161111 15:01:11.421" status="PASS"></status>
</kw>
<kw name="Create List" library="BuiltIn">
<doc>Returns a list containing given items.</doc>
<arguments>
<arg>${OPENBMC_USERNAME}</arg>
<arg>${OPENBMC_PASSWORD}</arg>
</arguments>
<assign>
<var>@{credentials}</var>
</assign>
<msg level="INFO" timestamp="20161111 15:01:11.423">@{credentials} = [ root | 0penBmc ]</msg>
<status endtime="20161111 15:01:11.423" starttime="20161111 15:01:11.422" status="PASS"></status>
</kw>
<kw name="Create Dictionary" library="BuiltIn">
<doc>Creates and returns a dictionary based on given items.</doc>
<arguments>
<arg>data=@{credentials}</arg>
</arguments>
<assign>
<var>${data}</var>
</assign>
<msg level="INFO" timestamp="20161111 15:01:11.424">${data} = {u'data': [u'root', u'0penBmc']}</msg>
<status endtime="20161111 15:01:11.424" starttime="20161111 15:01:11.423" status="PASS"></status>
</kw>
<kw name="Post Request" library="RequestsLibrary.RequestsKeywords">
<doc>Send a POST request on the session object found using the</doc>
<arguments>
<arg>openbmc</arg>
<arg>/login</arg>
<arg>data=${data}</arg>
<arg>headers=${headers}</arg>
</arguments>
<assign>
<var>${resp}</var>
</assign>
<msg level="INFO" timestamp="20161111 15:01:11.776">Post Request using : alias=openbmc, uri=/login, data={"data": ["root", "0penBmc"]},                     headers={u'Content-Type': u'application/json'}, files=None, allow_redirects=True </msg>
<msg level="INFO" timestamp="20161111 15:01:11.776">${resp} = &lt;Response [200]&gt;</msg>
<status endtime="20161111 15:01:11.776" starttime="20161111 15:01:11.424" status="PASS"></status>
</kw>
<kw name="Get Request" library="RequestsLibrary.RequestsKeywords">
<doc>Send a GET request on the session object found using the</doc>
<arguments>
<arg>openbmc</arg>
<arg>/list</arg>
</arguments>
<assign>
<var>${resp}</var>
</assign>
<msg level="INFO" timestamp="20161111 15:01:12.344">Get Request using : alias=openbmc, uri=/list, headers=None </msg>
<msg level="INFO" timestamp="20161111 15:01:12.345">${resp} = &lt;Response [200]&gt;</msg>
<status endtime="20161111 15:01:12.345" starttime="20161111 15:01:11.777" status="PASS"></status>
</kw>
<kw name="Should Be Equal As Strings" library="BuiltIn">
<doc>Fails if objects are unequal after converting them to strings.</doc>
<arguments>
<arg>${resp.status_code}</arg>
<arg>${HTTP_OK}</arg>
</arguments>
<msg level="INFO" timestamp="20161111 15:01:12.346">Argument types are:
&lt;type 'int'&gt;
&lt;type 'unicode'&gt;</msg>
<status endtime="20161111 15:01:12.346" starttime="20161111 15:01:12.345" status="PASS"></status>
</kw>
<kw name="To Json" library="RequestsLibrary.RequestsKeywords">
<doc>Convert a string to a JSON object</doc>
<arguments>
<arg>${resp.content}</arg>
</arguments>
<assign>
<var>${jsondata}</var>
</assign>
<msg level="INFO" timestamp="20161111 15:01:12.347">To JSON using : content={
  "data": [
    "/org/openbmc/control", 
    "/org/openbmc/sensors/host/powercap", 
    "/org/openbmc/UserManager/Group", 
    "/org/openbmc/inventory/system/chassis/io_board/pcie_slot2", 
    "/org/openbmc/inventory/system/chassis/io_board/pcie_slot0", 
    "/org/openbmc/inventory/system/chassis/io_board/pcie_slot1", 
    "/org/openbmc/inventory/system/chassis/motherboard/dimm28", 
    "/org/openbmc/control/power0", 
    "/org/openbmc/inventory/system/chassis/motherboard/cpu1/core10", 
    "/org/openbmc/inventory/system/chassis/motherboard/dimm23", 
    "/org/openbmc/inventory/system/chassis/motherboard/dimm20", 
    "/org/openbmc/inventory/system/chassis/motherboard/dimm21", 
    "/org/openbmc/inventory/system/chassis/motherboard/dimm26", 
    "/org/openbmc/inventory/system/chassis/motherboard/dimm27", 
    "/org/openbmc/inventory/system/chassis/motherboard/dimm24", 
    "/org/openbmc/inventory/system/chassis/motherboard/dimm25", 
    "/org/openbmc/settings/host0", 
    "/org/openbmc/inventory/system/chassis/motherboard/dimm3/event", 
    "/org/openbmc/inventory/system/chassis/motherboard/membuf6", 
    "/org/openbmc/inventory/system/systemevent", 
    "/org/openbmc/sensors/host/cpu0/OccStatus", 
    "/org/openbmc/sensors/host/cpu1/OccStatus", 
    "/org/openbmc/inventory/system/chassis/motherboard/dimm1", 
    "/org/openbmc/inventory/system/chassis/motherboard/dimm3", 
    "/org/openbmc/control/checkstop0", 
    "/org/openbmc/inventory/system/chassis/motherboard/dimm7", 
    "/org/openbmc/sensors/tach/fan0L", 
    "/org/openbmc/inventory/system/chassis/sas_expander", 
    "/org/openbmc/sensors/tach/fan0H", 
    "/org/openbmc/watchdog", 
    "/org/openbmc/inventory/system/misc", 
    "/org/openbmc/UserManager/Users", 
    "/org/openbmc/inventory/system/chassis/motherboard/dimm31", 
    "/org/openbmc/inventory/system/chassis/motherboard/dimm30", 
    "/org/openbmc/sensors/voltage/P0V9_CPU1_BUF1", 
    "/org/openbmc/sensors/voltage/P0V9_CPU1_BUF2", 
    "/org/openbmc/sensors/voltage/P0V9_CPU1_BUF3", 
    "/org/openbmc/sensors/voltage/P0V9_CPU1_BUF4", 
    "/org/openbmc/inventory/system/chassis/motherboard/cpu0/core11", 
    "/org/openbmc/inventory/system/chassis/motherboard/cpu0/core10", 
    "/org/openbmc/records/events", 
    "/org/openbmc/sensors/tach/fan1H", 
    "/org/openbmc/inventory/system/chassis/motherboard/dimm29", 
    "/org/openbmc/sensors/tach/fan1L", 
    "/org/openbmc/inventory/system/chassis/motherboard/bmc", 
    "/org/openbmc/sensors/voltage/P1V09_CPU0_BUF3", 
    "/org/openbmc/sensors/voltage/P1V09_CPU0_BUF2", 
    "/org/openbmc/sensors/voltage/P1V09_CPU0_BUF1", 
    "/org/openbmc/sensors/voltage/P1V09_CPU0_BUF4", 
    "/org/openbmc/sensors/speed/fan1", 
    "/org/openbmc/sensors/speed/fan0", 
    "/org/openbmc/sensors/speed/fan3", 
    "/org/openbmc/sensors/speed/fan2", 
    "/org/openbmc/sensors/speed/fan5", 
    "/org/openbmc/sensors/speed/fan4", 
    "/org/openbmc/managers/Download", 
    "/org/openbmc/sensors/HSCA/Vout", 
    "/org/openbmc/inventory/system/chassis/motherboard/dimm22", 
    "/org/openbmc/inventory/system/chassis/motherboard/dimm14", 
    "/org/openbmc/control/flash/bmc", 
    "/org/openbmc/inventory/system/chassis/motherboard/cpu0/core9", 
    "/org/openbmc/inventory/system/chassis/motherboard/cpu0/core8", 
    "/org/openbmc/records/events/339/fru", 
    "/org/openbmc/inventory/system/chassis/motherboard/cpu0/core6", 
    "/org/openbmc/inventory/system/chassis/motherboard/cpu0/core5", 
    "/org/openbmc/inventory/system/chassis/motherboard/cpu0/core4", 
    "/org/openbmc/inventory/system/chassis/motherboard/cpu0/core3", 
    "/org/openbmc/inventory/system/chassis/motherboard/cpu0/core2", 
    "/org/openbmc/inventory/system/chassis/motherboard/cpu0/core1", 
    "/org/openbmc/inventory/system/chassis/motherboard/cpu0/core0", 
    "/org/openbmc/inventory/system/chassis/motherboard/dimm11", 
    "/org/openbmc/managers/System", 
    "/org/openbmc/control/led/identify", 
    "/org/openbmc/inventory/system/chassis/motherboard/dimm9", 
    "/org/openbmc/control/bmc0", 
    "/org/openbmc/control/flash/bios", 
    "/org/openbmc/sensors/voltage/P1V35_CPU0_BUF2", 
    "/org/openbmc/sensors/voltage/P1V35_CPU0_BUF3", 
    "/org/openbmc/control/fans", 
    "/org/openbmc/sensors/voltage/P1V35_CPU0_BUF1", 
    "/org/openbmc/sensors/voltage/P1V35_CPU0_BUF4", 
    "/org/openbmc/inventory/system/chassis/motherboard/todclock", 
    "/org/openbmc/inventory/system/chassis/io_board/pcie_mezz0", 
    "/org/openbmc/inventory/system/chassis/io_board/pcie_mezz1", 
    "/org/openbmc/sensors/voltage/P1V35_CPU1_BUF3", 
    "/org/openbmc/sensors/voltage/P1V35_CPU1_BUF2", 
    "/org/openbmc/watchdog/host0", 
    "/org/openbmc/inventory/system/chassis", 
    "/org/openbmc/inventory/system/chassis/hdd_backplane", 
    "/org/openbmc/inventory/system/chassis/motherboard/cpu1/core8", 
    "/org/openbmc/inventory/system/chassis/motherboard/cpu1/core9", 
    "/org/openbmc/inventory/system/chassis/motherboard/cpu1/core2", 
    "/org/openbmc/inventory/system/chassis/motherboard/cpu1/core3", 
    "/org/openbmc/inventory/system/chassis/motherboard/cpu1/core0", 
    "/org/openbmc/inventory/system/chassis/motherboard/cpu1/core1", 
    "/org/openbmc/HostServices", 
    "/org/openbmc/inventory/system/chassis/motherboard/cpu1/core7", 
    "/org/openbmc/inventory/system/chassis/motherboard/cpu1/core4", 
    "/org/openbmc/inventory/system/chassis/motherboard/cpu1/core5", 
    "/org/openbmc/buttons", 
    "/org/openbmc/control/host0", 
    "/org/openbmc/sensors/voltage/P1V1_MEM0", 
    "/org/openbmc/sensors/voltage/P1V1_MEM1", 
    "/org/openbmc/sensors/voltage/P0V97_CPU0", 
    "/org/openbmc/sensors/voltage/P0V97_CPU1", 
    "/org/openbmc/inventory/system/chassis/motherboard/dimm12", 
    "/org/openbmc/inventory", 
    "/org/openbmc/sensors/tach/fan4H", 
    "/org/openbmc/sensors/tach/fan4L", 
    "/org/openbmc/inventory/system/chassis/motherboard/pcieclock", 
    "/org/openbmc/control/led/heartbeat", 
    "/org/openbmc/control/flash", 
    "/org/openbmc/sensors/HSCB/Iout", 
    "/org/openbmc/sensors/voltage/P1V35_CPU1_BUF1", 
    "/org/openbmc/buttons/reset0", 
    "/org/openbmc/HostIpmi/1", 
    "/org/openbmc/inventory/system/chassis/motherboard/dimm2/event", 
    "/org/openbmc/sensors/voltage/P0V9_CPU0_BUF4", 
    "/org/openbmc/sensors/voltage/P0V9_CPU0_BUF3", 
    "/org/openbmc/sensors/voltage/P0V9_CPU0_BUF2", 
    "/org/openbmc/sensors/voltage/P0V9_CPU0_BUF1", 
    "/org/openbmc/control/led", 
    "/org/openbmc/inventory/system/chassis/motherboard/cpu1", 
    "/org/openbmc/inventory/system/chassis/motherboard/cpu0", 
    "/org/openbmc/sensors/host/BootCount", 
    "/org/openbmc/sensors/voltage/P1V35_CPU1_BUF4", 
    "/org/openbmc/sensors/tach/fan5L", 
    "/org/openbmc/sensors/host/BootProgress", 
    "/org/openbmc/sensors/tach/fan5H", 
    "/org/openbmc/sensors/voltage/P1V09_CPU1_BUF4", 
    "/org/openbmc/inventory/system/chassis/motherboard/dimm13", 
    "/org/openbmc/sensors/voltage/P1V09_CPU1_BUF1", 
    "/org/openbmc/sensors/voltage/P1V09_CPU1_BUF2", 
    "/org/openbmc/sensors/voltage/P1V09_CPU1_BUF3", 
    "/org/openbmc/control/chassis0", 
    "/org/openbmc", 
    "/org/openbmc/inventory/system/chassis/io_board/pcie_slot1_riser", 
    "/org/openbmc/inventory/system/chassis/motherboard/membuf7", 
    "/org/openbmc/buttons/power0", 
    "/org/openbmc/UserManager/Groups", 
    "/org/openbmc/sensors/HSCA/Iout", 
    "/org/openbmc/inventory/system", 
    "/org/openbmc/inventory/system/chassis/motherboard/cpu0/core7", 
    "/org/openbmc/inventory/system/chassis/io_board/pcie_slot2_riser", 
    "/org/openbmc/inventory/system/chassis/motherboard/dimm8", 
    "/org/openbmc/inventory/system/bios", 
    "/org/openbmc/inventory/system/chassis/io_board/pcie_slot0_riser", 
    "/org/openbmc/sensors/host/OperatingSystemStatus", 
    "/org/openbmc/sensors/tach/fan2L", 
    "/org/openbmc/inventory/system/chassis/motherboard/dimm2", 
    "/org/openbmc/control/led/beep", 
    "/org/openbmc/inventory/system/chassis/motherboard/dimm0", 
    "/org/openbmc/sensors/tach/fan2H", 
    "/org/openbmc/inventory/system/chassis/motherboard/dimm6", 
    "/org/openbmc/inventory/system/chassis/motherboard/dimm5", 
    "/org/openbmc/inventory/system/chassis/motherboard/dimm4", 
    "/org/openbmc/inventory/system/chassis/fan4", 
    "/org/openbmc/inventory/system/chassis/fan5", 
    "/org/openbmc/inventory/system/chassis/fan2", 
    "/org/openbmc/inventory/system/chassis/fan3", 
    "/org/openbmc/inventory/system/chassis/fan0", 
    "/org/openbmc/inventory/system/chassis/fan1", 
    "/org/openbmc/inventory/system/chassis/motherboard/dimm17", 
    "/org/openbmc/inventory/system/chassis/motherboard/dimm16", 
    "/org/openbmc/inventory/system/chassis/motherboard/dimm15", 
    "/org/openbmc/sensors/temperature/rtc", 
    "/org/openbmc/inventory/system/chassis/motherboard/cpu1/core11", 
    "/org/openbmc/NetworkManager/Interface", 
    "/org/openbmc/inventory/system/chassis/motherboard/refclock", 
    "/org/openbmc/inventory/system/chassis/motherboard/dimm10", 
    "/org/openbmc/inventory/system/chassis/motherboard/apss", 
    "/org/openbmc/inventory/system/chassis/motherboard/dimm19", 
    "/org/openbmc/inventory/system/chassis/motherboard/dimm18", 
    "/org/openbmc/inventory/system/chassis/io_board", 
    "/org/openbmc/UserManager/User", 
    "/org/openbmc/sensors", 
    "/org/openbmc/sensors/temperature/ambient", 
    "/org/openbmc/sensors/HSCB/Vout", 
    "/org/openbmc/records/events/339", 
    "/org/openbmc/inventory/system/chassis/motherboard/cpu1/core6", 
    "/org/openbmc/inventory/system/chassis/motherboard/membuf4", 
    "/org/openbmc/inventory/system/chassis/motherboard/membuf5", 
    "/org/openbmc/inventory/system/chassis/motherboard/membuf2", 
    "/org/openbmc/inventory/system/chassis/motherboard/membuf3", 
    "/org/openbmc/inventory/system/chassis/motherboard/membuf0", 
    "/org/openbmc/inventory/system/chassis/motherboard/membuf1", 
    "/org/openbmc/inventory/system/chassis/motherboard", 
    "/org/openbmc/sensors/tach/fan3L", 
    "/org/openbmc/sensors/tach/fan3H"
  ], 
  "message": "200 OK", 
  "status": "ok"
} </msg>
<msg level="INFO" timestamp="20161111 15:01:12.348">To JSON using : pretty_print=False </msg>
<msg level="INFO" timestamp="20161111 15:01:12.349">${jsondata} = {u'message': u'200 OK', u'status': u'ok', u'data': [u'/org/openbmc/control', u'/org/openbmc/sensors/host/powercap', u'/org/openbmc/UserManager/Group', u'/org/openbmc/inventory/system/chassis/io_board/...</msg>
<status endtime="20161111 15:01:12.349" starttime="20161111 15:01:12.346" status="PASS"></status>
</kw>
<kw name="Should Not Be Empty" library="BuiltIn">
<doc>Verifies that the given item is not empty.</doc>
<arguments>
<arg>${jsondata}</arg>
</arguments>
<msg level="INFO" timestamp="20161111 15:01:12.349">Length is 3</msg>
<status endtime="20161111 15:01:12.350" starttime="20161111 15:01:12.349" status="PASS"></status>
</kw>
<kw name="Log FFDC" library="openbmc_ffdc" type="teardown">
<doc>Generic FFDC entry point. Place holder to hook in</doc>
<kw name="Run Keyword If" library="BuiltIn">
<doc>Runs the given keyword with the given arguments, if ``condition`` is true.</doc>
<arguments>
<arg>'${TEST_STATUS}' == 'FAIL'</arg>
<arg>Log FFDC If Test Case Failed</arg>
</arguments>
<status endtime="20161111 15:01:12.353" starttime="20161111 15:01:12.351" status="PASS"></status>
</kw>
<kw name="Log Test Case Status" library="openbmc_ffdc_methods">
<doc>Test case execution result history.</doc>
<kw name="Create Directory" library="OperatingSystem">
<doc>Creates the specified directory.</doc>
<arguments>
<arg>${FFDC_LOG_PATH}</arg>
</arguments>
<msg level="INFO" timestamp="20161111 15:01:12.354" html="yes">Created directory '&lt;a href="file:///tmp/root/5463/obmc-robot/logs"&gt;/tmp/root/5463/obmc-robot/logs&lt;/a&gt;'.</msg>
<status endtime="20161111 15:01:12.354" starttime="20161111 15:01:12.354" status="PASS"></status>
</kw>
<kw name="Run Keyword And Return Status" library="BuiltIn">
<doc>Runs the given keyword with given arguments and returns the status as a Boolean value.</doc>
<arguments>
<arg>OperatingSystem.File Should Exist</arg>
<arg>${TEST_HISTORY}</arg>
</arguments>
<assign>
<var>${exist}</var>
</assign>
<kw name="File Should Exist" library="OperatingSystem">
<doc>Fails unless the given ``path`` points to an existing file.</doc>
<arguments>
<arg>${TEST_HISTORY}</arg>
</arguments>
<msg level="FAIL" timestamp="20161111 15:01:12.355">File '/tmp/root/5463/obmc-robot/logs/test_history.txt' does not exist.</msg>
<status endtime="20161111 15:01:12.355" starttime="20161111 15:01:12.355" status="FAIL"></status>
</kw>
<msg level="INFO" timestamp="20161111 15:01:12.355">${exist} = False</msg>
<status endtime="20161111 15:01:12.355" starttime="20161111 15:01:12.355" status="PASS"></status>
</kw>
<kw name="Run Keyword If" library="BuiltIn">
<doc>Runs the given keyword with the given arguments, if ``condition`` is true.</doc>
<arguments>
<arg>'${exist}' == '${False}'</arg>
<arg>Create File</arg>
<arg>${TEST_HISTORY}</arg>
</arguments>
<kw name="Create File" library="OperatingSystem">
<doc>Creates a file with the given content and encoding.</doc>
<arguments>
<arg>${TEST_HISTORY}</arg>
</arguments>
<msg level="INFO" timestamp="20161111 15:01:12.359" html="yes">Created file '&lt;a href="file:///tmp/root/5463/obmc-robot/logs/test_history.txt"&gt;/tmp/root/5463/obmc-robot/logs/test_history.txt&lt;/a&gt;'.</msg>
<status endtime="20161111 15:01:12.359" starttime="20161111 15:01:12.358" status="PASS"></status>
</kw>
<status endtime="20161111 15:01:12.359" starttime="20161111 15:01:12.356" status="PASS"></status>
</kw>
<kw name="Get Current Time Stamp" library="openbmc_ffdc_utils">
<doc>Get the current time stamp data</doc>
<assign>
<var>${cur_time}</var>
</assign>
<kw name="Get Current Date" library="DateTime">
<doc>Returns current local or UTC time with an optional increment.</doc>
<arguments>
<arg>result_format=%Y-%m-%d %H:%M:%S:%f</arg>
</arguments>
<assign>
<var>${cur_time}</var>
</assign>
<msg level="INFO" timestamp="20161111 15:01:12.360">${cur_time} = 2016-11-11 15:01:12:359578</msg>
<status endtime="20161111 15:01:12.360" starttime="20161111 15:01:12.359" status="PASS"></status>
</kw>
<kw name="Get Strip String" library="openbmc_ffdc_list">
<doc>########################################################################</doc>
<arguments>
<arg>${cur_time}</arg>
</arguments>
<assign>
<var>${cur_time}</var>
</assign>
<msg level="INFO" timestamp="20161111 15:01:12.360">${cur_time} = 20161111150112359578</msg>
<status endtime="20161111 15:01:12.360" starttime="20161111 15:01:12.360" status="PASS"></status>
</kw>
<msg level="INFO" timestamp="20161111 15:01:12.361">${cur_time} = 20161111150112359578</msg>
<status endtime="20161111 15:01:12.361" starttime="20161111 15:01:12.359" status="PASS"></status>
</kw>
<kw name="Append To File" library="OperatingSystem">
<doc>Appends the given contend to the specified file.</doc>
<arguments>
<arg>${TEST_HISTORY}</arg>
<arg>${cur_time}:${SUITE_NAME}:${TEST_NAME}:${TEST_STATUS}${\n}</arg>
</arguments>
<msg level="INFO" timestamp="20161111 15:01:12.361" html="yes">Appended to file '&lt;a href="file:///tmp/root/5463/obmc-robot/logs/test_history.txt"&gt;/tmp/root/5463/obmc-robot/logs/test_history.txt&lt;/a&gt;'.</msg>
<status endtime="20161111 15:01:12.361" starttime="20161111 15:01:12.361" status="PASS"></status>
</kw>
<status endtime="20161111 15:01:12.361" starttime="20161111 15:01:12.353" status="PASS"></status>
</kw>
<status endtime="20161111 15:01:12.361" starttime="20161111 15:01:12.350" status="PASS"></status>
</kw>
<doc>This testcase is for testing the SSL connection to the
OpenBMC machine.</doc>
<tags>
<tag>Test_SSL_Connection</tag>
</tags>
<status endtime="20161111 15:01:12.362" critical="yes" starttime="20161111 15:01:11.419" status="PASS"></status>
</test>
<kw name="Delete All Sessions" library="RequestsLibrary.RequestsKeywords" type="teardown">
<doc>Removes all the session objects</doc>
<msg level="INFO" timestamp="20161111 15:01:12.362">Delete All Sessions</msg>
<status endtime="20161111 15:01:12.362" starttime="20161111 15:01:12.362" status="PASS"></status>
</kw>
<doc>This testsuite is for testing SSL connection to OpenBMC</doc>
<status endtime="20161111 15:01:12.363" starttime="20161111 15:01:10.739" status="PASS"></status>
</suite>
<status endtime="20161111 15:01:12.365" starttime="20161111 15:01:10.738" status="PASS"></status>
</suite>
<suite id="s1-s2" name="Test Association" source="/tmp/root/5463/obmc-robot/tests/test_association.robot">
<kw name="Suite Initialization Setup" type="setup">
<kw name="Open Connection And Log In" library="connection_client">
<doc>Opens a connection with the given arguments, and logs in.</doc>
<kw name="Run Keyword And Return Status" library="BuiltIn">
<doc>Runs the given keyword with given arguments and returns the status as a Boolean value.</doc>
<arguments>
<arg>Dictionary Should Contain Key</arg>
<arg>${connection_args}</arg>
<arg>host</arg>
</arguments>
<assign>
<var>${has_host}</var>
</assign>
<kw name="Dictionary Should Contain Key" library="Collections">
<doc>Fails if ``key`` is not found from ``dictionary``.</doc>
<arguments>
<arg>${connection_args}</arg>
<arg>host</arg>
</arguments>
<msg level="FAIL" timestamp="20161111 15:01:12.386">Dictionary does not contain key 'host'.</msg>
<status endtime="20161111 15:01:12.386" starttime="20161111 15:01:12.385" status="FAIL"></status>
</kw>
<msg level="INFO" timestamp="20161111 15:01:12.386">${has_host} = False</msg>
<status endtime="20161111 15:01:12.386" starttime="20161111 15:01:12.385" status="PASS"></status>
</kw>
<kw name="Run Keyword If" library="BuiltIn">
<doc>Runs the given keyword with the given arguments, if ``condition`` is true.</doc>
<arguments>
<arg>${has_host} == ${FALSE}</arg>
<arg>Set To Dictionary</arg>
<arg>${connection_args}</arg>
<arg>host=${OPENBMC_HOST}</arg>
</arguments>
<kw name="Set To Dictionary" library="Collections">
<doc>Adds the given ``key_value_pairs`` and ``items`` to the ``dictionary``.</doc>
<arguments>
<arg>${connection_args}</arg>
<arg>host=${OPENBMC_HOST}</arg>
</arguments>
<status endtime="20161111 15:01:12.389" starttime="20161111 15:01:12.389" status="PASS"></status>
</kw>
<status endtime="20161111 15:01:12.389" starttime="20161111 15:01:12.386" status="PASS"></status>
</kw>
<kw name="Run Keyword If" library="BuiltIn">
<doc>Runs the given keyword with the given arguments, if ``condition`` is true.</doc>
<arguments>
<arg>'${SSH_PORT}' != '${EMPTY}' and '${HTTPS_PORT}' != '${EMPTY}'</arg>
<arg>User input SSH and HTTPs Ports</arg>
</arguments>
<kw name="User input SSH and HTTPs Ports" library="connection_client">
<doc>Update the global SSH and HTTPs port variable for QEMU</doc>
<kw name="Convert To Integer" library="BuiltIn">
<doc>Converts the given item to an integer number.</doc>
<arguments>
<arg>${SSH_PORT}</arg>
</arguments>
<assign>
<var>${port_num}</var>
</assign>
<msg level="INFO" timestamp="20161111 15:01:12.393">${port_num} = 22</msg>
<status endtime="20161111 15:01:12.393" starttime="20161111 15:01:12.393" status="PASS"></status>
</kw>
<kw name="Replace Variables" library="BuiltIn">
<doc>Replaces variables in the given text with their current values.</doc>
<arguments>
<arg>${port_num}</arg>
</arguments>
<assign>
<var>${SSH_PORT}</var>
</assign>
<msg level="INFO" timestamp="20161111 15:01:12.393">${SSH_PORT} = 22</msg>
<status endtime="20161111 15:01:12.393" starttime="20161111 15:01:12.393" status="PASS"></status>
</kw>
<kw name="Convert To Integer" library="BuiltIn">
<doc>Converts the given item to an integer number.</doc>
<arguments>
<arg>${HTTPS_PORT}</arg>
</arguments>
<assign>
<var>${https_num}</var>
</assign>
<msg level="INFO" timestamp="20161111 15:01:12.394">${https_num} = 443</msg>
<status endtime="20161111 15:01:12.394" starttime="20161111 15:01:12.394" status="PASS"></status>
</kw>
<kw name="Set Global Variable" library="BuiltIn">
<doc>Makes a variable available globally in all tests and suites.</doc>
<arguments>
<arg>${AUTH_URI}</arg>
<arg>https://${OPENBMC_HOST}:${https_num}</arg>
</arguments>
<msg level="INFO" timestamp="20161111 15:01:12.395">${AUTH_URI} = https://9.3.23.30:443</msg>
<status endtime="20161111 15:01:12.395" starttime="20161111 15:01:12.394" status="PASS"></status>
</kw>
<status endtime="20161111 15:01:12.395" starttime="20161111 15:01:12.392" status="PASS"></status>
</kw>
<status endtime="20161111 15:01:12.395" starttime="20161111 15:01:12.390" status="PASS"></status>
</kw>
<kw name="Run Keyword And Return Status" library="BuiltIn">
<doc>Runs the given keyword with given arguments and returns the status as a Boolean value.</doc>
<arguments>
<arg>Dictionary Should Contain Key</arg>
<arg>${connection_args}</arg>
<arg>port</arg>
</arguments>
<assign>
<var>${has_port}</var>
</assign>
<kw name="Dictionary Should Contain Key" library="Collections">
<doc>Fails if ``key`` is not found from ``dictionary``.</doc>
<arguments>
<arg>${connection_args}</arg>
<arg>port</arg>
</arguments>
<msg level="FAIL" timestamp="20161111 15:01:12.396">Dictionary does not contain key 'port'.</msg>
<status endtime="20161111 15:01:12.396" starttime="20161111 15:01:12.395" status="FAIL"></status>
</kw>
<msg level="INFO" timestamp="20161111 15:01:12.396">${has_port} = False</msg>
<status endtime="20161111 15:01:12.396" starttime="20161111 15:01:12.395" status="PASS"></status>
</kw>
<kw name="Run Keyword If" library="BuiltIn">
<doc>Runs the given keyword with the given arguments, if ``condition`` is true.</doc>
<arguments>
<arg>'${SSH_PORT}' != '${EMPTY}' and ${has_port} == ${FALSE}</arg>
<arg>Run Keywords</arg>
<arg>Set To Dictionary</arg>
<arg>${connection_args}</arg>
<arg>port=${SSH_PORT}</arg>
<arg>AND</arg>
<arg>SSHLibrary.Open connection</arg>
<arg>&amp;{connection_args}</arg>
<arg>ELSE</arg>
<arg>Run Keyword</arg>
<arg>SSHLibrary.Open connection</arg>
<arg>&amp;{connection_args}</arg>
</arguments>
<kw name="Run Keywords" library="BuiltIn">
<doc>Executes all the given keywords in a sequence.</doc>
<arguments>
<arg>Set To Dictionary</arg>
<arg>${connection_args}</arg>
<arg>port=${SSH_PORT}</arg>
<arg>AND</arg>
<arg>SSHLibrary.Open connection</arg>
<arg>&amp;{connection_args}</arg>
</arguments>
<kw name="Set To Dictionary" library="Collections">
<doc>Adds the given ``key_value_pairs`` and ``items`` to the ``dictionary``.</doc>
<arguments>
<arg>${connection_args}</arg>
<arg>port=${SSH_PORT}</arg>
</arguments>
<status endtime="20161111 15:01:12.400" starttime="20161111 15:01:12.400" status="PASS"></status>
</kw>
<kw name="Open Connection" library="SSHLibrary">
<doc>Opens a new SSH connection to the given `host` and `port`.</doc>
<arguments>
<arg>&amp;{connection_args}</arg>
</arguments>
<status endtime="20161111 15:01:12.401" starttime="20161111 15:01:12.400" status="PASS"></status>
</kw>
<status endtime="20161111 15:01:12.401" starttime="20161111 15:01:12.399" status="PASS"></status>
</kw>
<status endtime="20161111 15:01:12.401" starttime="20161111 15:01:12.396" status="PASS"></status>
</kw>
<kw name="Login" library="SSHLibrary">
<doc>Logs into the SSH server with the given `username` and `password`.</doc>
<arguments>
<arg>${username}</arg>
<arg>${password}</arg>
</arguments>
<msg level="INFO" timestamp="20161111 15:01:12.402">Logging into '9.3.23.30:22' as 'root'.</msg>
<msg level="INFO" timestamp="20161111 15:01:14.699">Read output: 7[r[999;999H[6n</msg>
<status endtime="20161111 15:01:14.700" starttime="20161111 15:01:12.401" status="PASS"></status>
</kw>
<status endtime="20161111 15:01:14.700" starttime="20161111 15:01:12.385" status="PASS"></status>
</kw>
<kw name="Run Keyword And Continue On Failure" library="BuiltIn">
<doc>Runs the keyword and continues execution even if a failure occurs.</doc>
<arguments>
<arg>Clear all logs</arg>
</arguments>
<kw name="Clear all logs">
<kw name="OpenBMC Post Request" library="rest_client">
<arguments>
<arg>/org/openbmc/records/events/action/clear</arg>
<arg>data=${NIL}</arg>
</arguments>
<assign>
<var>${resp}</var>
</assign>
<kw name="Catenate" library="BuiltIn">
<doc>Catenates the given items together and returns the resulted string.</doc>
<arguments>
<arg>SEPARATOR=</arg>
<arg>${DBUS_PREFIX}</arg>
<arg>${uri}</arg>
</arguments>
<assign>
<var>${base_uri}</var>
</assign>
<msg level="INFO" timestamp="20161111 15:01:14.703">${base_uri} = /org/openbmc/records/events/action/clear</msg>
<status endtime="20161111 15:01:14.703" starttime="20161111 15:01:14.703" status="PASS"></status>
</kw>
<kw name="Create Dictionary" library="BuiltIn">
<doc>Creates and returns a dictionary based on given items.</doc>
<arguments>
<arg>Content-Type=application/json</arg>
</arguments>
<assign>
<var>${headers}</var>
</assign>
<msg level="INFO" timestamp="20161111 15:01:14.704">${headers} = {u'Content-Type': u'application/json'}</msg>
<status endtime="20161111 15:01:14.704" starttime="20161111 15:01:14.704" status="PASS"></status>
</kw>
<kw name="Set To Dictionary" library="Collections">
<doc>Adds the given ``key_value_pairs`` and ``items`` to the ``dictionary``.</doc>
<arguments>
<arg>${kwargs}</arg>
<arg>headers</arg>
<arg>${headers}</arg>
</arguments>
<status endtime="20161111 15:01:14.705" starttime="20161111 15:01:14.705" status="PASS"></status>
</kw>
<kw name="Log Request" library="rest_client">
<arguments>
<arg>method=Post</arg>
<arg>base_uri=${base_uri}</arg>
<arg>args=&amp;{kwargs}</arg>
</arguments>
<kw name="Catenate" library="BuiltIn">
<doc>Catenates the given items together and returns the resulted string.</doc>
<arguments>
<arg>SEPARATOR=</arg>
<arg>URI:</arg>
<arg>${AUTH_URI}</arg>
<arg>${kwargs["base_uri"]}</arg>
<arg>, method:</arg>
<arg>${kwargs["method"]}</arg>
<arg>, args:</arg>
<arg>${kwargs["args"]}</arg>
</arguments>
<assign>
<var>${msg}</var>
</assign>
<msg level="INFO" timestamp="20161111 15:01:14.707">${msg} = URI:https://9.3.23.30:443/org/openbmc/records/events/action/clear, method:Post, args:{u'data': {u'data': []}, u'headers': {u'Content-Type': u'application/json'}}</msg>
<status endtime="20161111 15:01:14.707" starttime="20161111 15:01:14.706" status="PASS"></status>
</kw>
<kw name="Logging" library="rest_client">
<arguments>
<arg>${msg}</arg>
<arg>console=True</arg>
</arguments>
<kw name="Log" library="BuiltIn">
<doc>Logs the given message with the given level.</doc>
<arguments>
<arg>${msg}</arg>
<arg>console=True</arg>
</arguments>
<msg level="INFO" timestamp="20161111 15:01:14.708">URI:https://9.3.23.30:443/org/openbmc/records/events/action/clear, method:Post, args:{u'data': {u'data': []}, u'headers': {u'Content-Type': u'application/json'}}</msg>
<status endtime="20161111 15:01:14.709" starttime="20161111 15:01:14.708" status="PASS"></status>
</kw>
<status endtime="20161111 15:01:14.709" starttime="20161111 15:01:14.707" status="PASS"></status>
</kw>
<status endtime="20161111 15:01:14.709" starttime="20161111 15:01:14.705" status="PASS"></status>
</kw>
<kw name="Initialize OpenBMC" library="rest_client">
<arguments>
<arg>${timeout}</arg>
</arguments>
<kw name="Create Session" library="RequestsLibrary.RequestsKeywords">
<doc>Create Session: create a HTTP session to a server</doc>
<arguments>
<arg>openbmc</arg>
<arg>${AUTH_URI}</arg>
<arg>timeout=${timeout}</arg>
<arg>max_retries=3</arg>
</arguments>
<msg level="INFO" timestamp="20161111 15:01:14.710">Creating Session using : alias=openbmc, url=https://9.3.23.30:443, headers={},                     cookies=None, auth=None, timeout=10, proxies=None, verify=False,                     debug=0 </msg>
<status endtime="20161111 15:01:14.711" starttime="20161111 15:01:14.710" status="PASS"></status>
</kw>
<kw name="Create Dictionary" library="BuiltIn">
<doc>Creates and returns a dictionary based on given items.</doc>
<arguments>
<arg>Content-Type=application/json</arg>
</arguments>
<assign>
<var>${headers}</var>
</assign>
<msg level="INFO" timestamp="20161111 15:01:14.711">${headers} = {u'Content-Type': u'application/json'}</msg>
<status endtime="20161111 15:01:14.711" starttime="20161111 15:01:14.711" status="PASS"></status>
</kw>
<kw name="Create List" library="BuiltIn">
<doc>Returns a list containing given items.</doc>
<arguments>
<arg>${OPENBMC_USERNAME}</arg>
<arg>${OPENBMC_PASSWORD}</arg>
</arguments>
<assign>
<var>@{credentials}</var>
</assign>
<msg level="INFO" timestamp="20161111 15:01:14.712">@{credentials} = [ root | 0penBmc ]</msg>
<status endtime="20161111 15:01:14.712" starttime="20161111 15:01:14.711" status="PASS"></status>
</kw>
<kw name="Create Dictionary" library="BuiltIn">
<doc>Creates and returns a dictionary based on given items.</doc>
<arguments>
<arg>data=@{credentials}</arg>
</arguments>
<assign>
<var>${data}</var>
</assign>
<msg level="INFO" timestamp="20161111 15:01:14.712">${data} = {u'data': [u'root', u'0penBmc']}</msg>
<status endtime="20161111 15:01:14.712" starttime="20161111 15:01:14.712" status="PASS"></status>
</kw>
<kw name="Post Request" library="RequestsLibrary.RequestsKeywords">
<doc>Send a POST request on the session object found using the</doc>
<arguments>
<arg>openbmc</arg>
<arg>/login</arg>
<arg>data=${data}</arg>
<arg>headers=${headers}</arg>
</arguments>
<assign>
<var>${resp}</var>
</assign>
<msg level="INFO" timestamp="20161111 15:01:15.042">Post Request using : alias=openbmc, uri=/login, data={"data": ["root", "0penBmc"]},                     headers={u'Content-Type': u'application/json'}, files=None, allow_redirects=True </msg>
<msg level="INFO" timestamp="20161111 15:01:15.042">${resp} = &lt;Response [200]&gt;</msg>
<status endtime="20161111 15:01:15.042" starttime="20161111 15:01:14.713" status="PASS"></status>
</kw>
<kw name="Should Be Equal As Strings" library="BuiltIn">
<doc>Fails if objects are unequal after converting them to strings.</doc>
<arguments>
<arg>${resp.status_code}</arg>
<arg>${HTTP_OK}</arg>
</arguments>
<msg level="INFO" timestamp="20161111 15:01:15.043">Argument types are:
&lt;type 'int'&gt;
&lt;type 'unicode'&gt;</msg>
<status endtime="20161111 15:01:15.043" starttime="20161111 15:01:15.042" status="PASS"></status>
</kw>
<status endtime="20161111 15:01:15.043" starttime="20161111 15:01:14.709" status="PASS"></status>
</kw>
<kw name="Post Request" library="RequestsLibrary.RequestsKeywords">
<doc>Send a POST request on the session object found using the</doc>
<arguments>
<arg>openbmc</arg>
<arg>${base_uri}</arg>
<arg>&amp;{kwargs}</arg>
<arg>timeout=${timeout}</arg>
</arguments>
<assign>
<var>${ret}</var>
</assign>
<msg level="INFO" timestamp="20161111 15:01:15.450">Post Request using : alias=openbmc, uri=/org/openbmc/records/events/action/clear, data={"data": []},                     headers={u'Content-Type': u'application/json'}, files=None, allow_redirects=True </msg>
<msg level="INFO" timestamp="20161111 15:01:15.451">${ret} = &lt;Response [200]&gt;</msg>
<status endtime="20161111 15:01:15.451" starttime="20161111 15:01:15.043" status="PASS"></status>
</kw>
<kw name="Log Response" library="rest_client">
<arguments>
<arg>${ret}</arg>
</arguments>
<kw name="Catenate" library="BuiltIn">
<doc>Catenates the given items together and returns the resulted string.</doc>
<arguments>
<arg>SEPARATOR=</arg>
<arg>Response code:</arg>
<arg>${resp.status_code}</arg>
<arg>, Content:</arg>
<arg>${resp.content}</arg>
</arguments>
<assign>
<var>${msg}</var>
</assign>
<msg level="INFO" timestamp="20161111 15:01:15.453">${msg} = Response code:200, Content:{
  "data": 0, 
  "message": "200 OK", 
  "status": "ok"
}</msg>
<status endtime="20161111 15:01:15.453" starttime="20161111 15:01:15.452" status="PASS"></status>
</kw>
<kw name="Logging" library="rest_client">
<arguments>
<arg>${msg}</arg>
<arg>console=True</arg>
</arguments>
<kw name="Log" library="BuiltIn">
<doc>Logs the given message with the given level.</doc>
<arguments>
<arg>${msg}</arg>
<arg>console=True</arg>
</arguments>
<msg level="INFO" timestamp="20161111 15:01:15.454">Response code:200, Content:{
  "data": 0, 
  "message": "200 OK", 
  "status": "ok"
}</msg>
<status endtime="20161111 15:01:15.454" starttime="20161111 15:01:15.454" status="PASS"></status>
</kw>
<status endtime="20161111 15:01:15.454" starttime="20161111 15:01:15.453" status="PASS"></status>
</kw>
<status endtime="20161111 15:01:15.454" starttime="20161111 15:01:15.451" status="PASS"></status>
</kw>
<msg level="INFO" timestamp="20161111 15:01:15.455">${resp} = &lt;Response [200]&gt;</msg>
<status endtime="20161111 15:01:15.455" starttime="20161111 15:01:14.701" status="PASS"></status>
</kw>
<kw name="Should Be Equal As Strings" library="BuiltIn">
<doc>Fails if objects are unequal after converting them to strings.</doc>
<arguments>
<arg>${resp.status_code}</arg>
<arg>${HTTP_OK}</arg>
</arguments>
<msg level="INFO" timestamp="20161111 15:01:15.456">Argument types are:
&lt;type 'int'&gt;
&lt;type 'unicode'&gt;</msg>
<status endtime="20161111 15:01:15.456" starttime="20161111 15:01:15.455" status="PASS"></status>
</kw>
<kw name="OpenBMC Get Request" library="rest_client">
<arguments>
<arg>/org/openbmc/records/events/</arg>
</arguments>
<assign>
<var>${resp}</var>
</assign>
<kw name="Catenate" library="BuiltIn">
<doc>Catenates the given items together and returns the resulted string.</doc>
<arguments>
<arg>SEPARATOR=</arg>
<arg>${DBUS_PREFIX}</arg>
<arg>${uri}</arg>
</arguments>
<assign>
<var>${base_uri}</var>
</assign>
<msg level="INFO" timestamp="20161111 15:01:15.457">${base_uri} = /org/openbmc/records/events/</msg>
<status endtime="20161111 15:01:15.457" starttime="20161111 15:01:15.457" status="PASS"></status>
</kw>
<kw name="Log Request" library="rest_client">
<arguments>
<arg>method=Get</arg>
<arg>base_uri=${base_uri}</arg>
<arg>args=&amp;{kwargs}</arg>
</arguments>
<kw name="Catenate" library="BuiltIn">
<doc>Catenates the given items together and returns the resulted string.</doc>
<arguments>
<arg>SEPARATOR=</arg>
<arg>URI:</arg>
<arg>${AUTH_URI}</arg>
<arg>${kwargs["base_uri"]}</arg>
<arg>, method:</arg>
<arg>${kwargs["method"]}</arg>
<arg>, args:</arg>
<arg>${kwargs["args"]}</arg>
</arguments>
<assign>
<var>${msg}</var>
</assign>
<msg level="INFO" timestamp="20161111 15:01:15.460">${msg} = URI:https://9.3.23.30:443/org/openbmc/records/events/, method:Get, args:{}</msg>
<status endtime="20161111 15:01:15.460" starttime="20161111 15:01:15.458" status="PASS"></status>
</kw>
<kw name="Logging" library="rest_client">
<arguments>
<arg>${msg}</arg>
<arg>console=True</arg>
</arguments>
<kw name="Log" library="BuiltIn">
<doc>Logs the given message with the given level.</doc>
<arguments>
<arg>${msg}</arg>
<arg>console=True</arg>
</arguments>
<msg level="INFO" timestamp="20161111 15:01:15.461">URI:https://9.3.23.30:443/org/openbmc/records/events/, method:Get, args:{}</msg>
<status endtime="20161111 15:01:15.461" starttime="20161111 15:01:15.460" status="PASS"></status>
</kw>
<status endtime="20161111 15:01:15.461" starttime="20161111 15:01:15.460" status="PASS"></status>
</kw>
<status endtime="20161111 15:01:15.461" starttime="20161111 15:01:15.458" status="PASS"></status>
</kw>
<kw name="Initialize OpenBMC" library="rest_client">
<arguments>
<arg>${timeout}</arg>
</arguments>
<kw name="Create Session" library="RequestsLibrary.RequestsKeywords">
<doc>Create Session: create a HTTP session to a server</doc>
<arguments>
<arg>openbmc</arg>
<arg>${AUTH_URI}</arg>
<arg>timeout=${timeout}</arg>
<arg>max_retries=3</arg>
</arguments>
<msg level="INFO" timestamp="20161111 15:01:15.462">Creating Session using : alias=openbmc, url=https://9.3.23.30:443, headers={},                     cookies=None, auth=None, timeout=10, proxies=None, verify=False,                     debug=0 </msg>
<status endtime="20161111 15:01:15.462" starttime="20161111 15:01:15.461" status="PASS"></status>
</kw>
<kw name="Create Dictionary" library="BuiltIn">
<doc>Creates and returns a dictionary based on given items.</doc>
<arguments>
<arg>Content-Type=application/json</arg>
</arguments>
<assign>
<var>${headers}</var>
</assign>
<msg level="INFO" timestamp="20161111 15:01:15.463">${headers} = {u'Content-Type': u'application/json'}</msg>
<status endtime="20161111 15:01:15.463" starttime="20161111 15:01:15.462" status="PASS"></status>
</kw>
<kw name="Create List" library="BuiltIn">
<doc>Returns a list containing given items.</doc>
<arguments>
<arg>${OPENBMC_USERNAME}</arg>
<arg>${OPENBMC_PASSWORD}</arg>
</arguments>
<assign>
<var>@{credentials}</var>
</assign>
<msg level="INFO" timestamp="20161111 15:01:15.463">@{credentials} = [ root | 0penBmc ]</msg>
<status endtime="20161111 15:01:15.463" starttime="20161111 15:01:15.463" status="PASS"></status>
</kw>
<kw name="Create Dictionary" library="BuiltIn">
<doc>Creates and returns a dictionary based on given items.</doc>
<arguments>
<arg>data=@{credentials}</arg>
</arguments>
<assign>
<var>${data}</var>
</assign>
<msg level="INFO" timestamp="20161111 15:01:15.464">${data} = {u'data': [u'root', u'0penBmc']}</msg>
<status endtime="20161111 15:01:15.464" starttime="20161111 15:01:15.464" status="PASS"></status>
</kw>
<kw name="Post Request" library="RequestsLibrary.RequestsKeywords">
<doc>Send a POST request on the session object found using the</doc>
<arguments>
<arg>openbmc</arg>
<arg>/login</arg>
<arg>data=${data}</arg>
<arg>headers=${headers}</arg>
</arguments>
<assign>
<var>${resp}</var>
</assign>
<msg level="INFO" timestamp="20161111 15:01:15.916">Post Request using : alias=openbmc, uri=/login, data={"data": ["root", "0penBmc"]},                     headers={u'Content-Type': u'application/json'}, files=None, allow_redirects=True </msg>
<msg level="INFO" timestamp="20161111 15:01:15.916">${resp} = &lt;Response [200]&gt;</msg>
<status endtime="20161111 15:01:15.916" starttime="20161111 15:01:15.464" status="PASS"></status>
</kw>
<kw name="Should Be Equal As Strings" library="BuiltIn">
<doc>Fails if objects are unequal after converting them to strings.</doc>
<arguments>
<arg>${resp.status_code}</arg>
<arg>${HTTP_OK}</arg>
</arguments>
<msg level="INFO" timestamp="20161111 15:01:15.917">Argument types are:
&lt;type 'int'&gt;
&lt;type 'unicode'&gt;</msg>
<status endtime="20161111 15:01:15.917" starttime="20161111 15:01:15.917" status="PASS"></status>
</kw>
<status endtime="20161111 15:01:15.917" starttime="20161111 15:01:15.461" status="PASS"></status>
</kw>
<kw name="Get Request" library="RequestsLibrary.RequestsKeywords">
<doc>Send a GET request on the session object found using the</doc>
<arguments>
<arg>openbmc</arg>
<arg>${base_uri}</arg>
<arg>&amp;{kwargs}</arg>
<arg>timeout=${timeout}</arg>
</arguments>
<assign>
<var>${ret}</var>
</assign>
<msg level="INFO" timestamp="20161111 15:01:15.980">Get Request using : alias=openbmc, uri=/org/openbmc/records/events/, headers=None </msg>
<msg level="INFO" timestamp="20161111 15:01:15.980">${ret} = &lt;Response [200]&gt;</msg>
<status endtime="20161111 15:01:15.980" starttime="20161111 15:01:15.917" status="PASS"></status>
</kw>
<kw name="Log Response" library="rest_client">
<arguments>
<arg>${ret}</arg>
</arguments>
<kw name="Catenate" library="BuiltIn">
<doc>Catenates the given items together and returns the resulted string.</doc>
<arguments>
<arg>SEPARATOR=</arg>
<arg>Response code:</arg>
<arg>${resp.status_code}</arg>
<arg>, Content:</arg>
<arg>${resp.content}</arg>
</arguments>
<assign>
<var>${msg}</var>
</assign>
<msg level="INFO" timestamp="20161111 15:01:15.981">${msg} = Response code:200, Content:{
  "data": [], 
  "message": "200 OK", 
  "status": "ok"
}</msg>
<status endtime="20161111 15:01:15.981" starttime="20161111 15:01:15.981" status="PASS"></status>
</kw>
<kw name="Logging" library="rest_client">
<arguments>
<arg>${msg}</arg>
<arg>console=True</arg>
</arguments>
<kw name="Log" library="BuiltIn">
<doc>Logs the given message with the given level.</doc>
<arguments>
<arg>${msg}</arg>
<arg>console=True</arg>
</arguments>
<msg level="INFO" timestamp="20161111 15:01:15.982">Response code:200, Content:{
  "data": [], 
  "message": "200 OK", 
  "status": "ok"
}</msg>
<status endtime="20161111 15:01:15.982" starttime="20161111 15:01:15.982" status="PASS"></status>
</kw>
<status endtime="20161111 15:01:15.982" starttime="20161111 15:01:15.982" status="PASS"></status>
</kw>
<status endtime="20161111 15:01:15.983" starttime="20161111 15:01:15.981" status="PASS"></status>
</kw>
<msg level="INFO" timestamp="20161111 15:01:15.983">${resp} = &lt;Response [200]&gt;</msg>
<status endtime="20161111 15:01:15.983" starttime="20161111 15:01:15.456" status="PASS"></status>
</kw>
<kw name="To Json" library="RequestsLibrary.RequestsKeywords">
<doc>Convert a string to a JSON object</doc>
<arguments>
<arg>${resp.content}</arg>
</arguments>
<assign>
<var>${json}</var>
</assign>
<msg level="INFO" timestamp="20161111 15:01:15.983">To JSON using : content={
  "data": [], 
  "message": "200 OK", 
  "status": "ok"
} </msg>
<msg level="INFO" timestamp="20161111 15:01:15.983">To JSON using : pretty_print=False </msg>
<msg level="INFO" timestamp="20161111 15:01:15.983">${json} = {u'message': u'200 OK', u'status': u'ok', u'data': []}</msg>
<status endtime="20161111 15:01:15.983" starttime="20161111 15:01:15.983" status="PASS"></status>
</kw>
<kw name="Should Be Empty" library="BuiltIn">
<doc>Verifies that the given item is empty.</doc>
<arguments>
<arg>${json['data']}</arg>
</arguments>
<msg level="INFO" timestamp="20161111 15:01:15.984">Length is 0</msg>
<status endtime="20161111 15:01:15.984" starttime="20161111 15:01:15.984" status="PASS"></status>
</kw>
<status endtime="20161111 15:01:15.984" starttime="20161111 15:01:14.701" status="PASS"></status>
</kw>
<status endtime="20161111 15:01:15.984" starttime="20161111 15:01:14.701" status="PASS"></status>
</kw>
<status endtime="20161111 15:01:15.984" starttime="20161111 15:01:12.384" status="PASS"></status>
</kw>
<test id="s1-s2-t1" name="Create error log on single FRU">
<kw name="Run Keyword And Continue On Failure" library="BuiltIn">
<doc>Runs the keyword and continues execution even if a failure occurs.</doc>
<arguments>
<arg>Clear all logs</arg>
</arguments>
<kw name="Clear all logs">
<kw name="OpenBMC Post Request" library="rest_client">
<arguments>
<arg>/org/openbmc/records/events/action/clear</arg>
<arg>data=${NIL}</arg>
</arguments>
<assign>
<var>${resp}</var>
</assign>
<kw name="Catenate" library="BuiltIn">
<doc>Catenates the given items together and returns the resulted string.</doc>
<arguments>
<arg>SEPARATOR=</arg>
<arg>${DBUS_PREFIX}</arg>
<arg>${uri}</arg>
</arguments>
<assign>
<var>${base_uri}</var>
</assign>
<msg level="INFO" timestamp="20161111 15:01:15.986">${base_uri} = /org/openbmc/records/events/action/clear</msg>
<status endtime="20161111 15:01:15.986" starttime="20161111 15:01:15.986" status="PASS"></status>
</kw>
<kw name="Create Dictionary" library="BuiltIn">
<doc>Creates and returns a dictionary based on given items.</doc>
<arguments>
<arg>Content-Type=application/json</arg>
</arguments>
<assign>
<var>${headers}</var>
</assign>
<msg level="INFO" timestamp="20161111 15:01:15.987">${headers} = {u'Content-Type': u'application/json'}</msg>
<status endtime="20161111 15:01:15.987" starttime="20161111 15:01:15.986" status="PASS"></status>
</kw>
<kw name="Set To Dictionary" library="Collections">
<doc>Adds the given ``key_value_pairs`` and ``items`` to the ``dictionary``.</doc>
<arguments>
<arg>${kwargs}</arg>
<arg>headers</arg>
<arg>${headers}</arg>
</arguments>
<status endtime="20161111 15:01:15.987" starttime="20161111 15:01:15.987" status="PASS"></status>
</kw>
<kw name="Log Request" library="rest_client">
<arguments>
<arg>method=Post</arg>
<arg>base_uri=${base_uri}</arg>
<arg>args=&amp;{kwargs}</arg>
</arguments>
<kw name="Catenate" library="BuiltIn">
<doc>Catenates the given items together and returns the resulted string.</doc>
<arguments>
<arg>SEPARATOR=</arg>
<arg>URI:</arg>
<arg>${AUTH_URI}</arg>
<arg>${kwargs["base_uri"]}</arg>
<arg>, method:</arg>
<arg>${kwargs["method"]}</arg>
<arg>, args:</arg>
<arg>${kwargs["args"]}</arg>
</arguments>
<assign>
<var>${msg}</var>
</assign>
<msg level="INFO" timestamp="20161111 15:01:15.989">${msg} = URI:https://9.3.23.30:443/org/openbmc/records/events/action/clear, method:Post, args:{u'data': {u'data': []}, u'headers': {u'Content-Type': u'application/json'}}</msg>
<status endtime="20161111 15:01:15.989" starttime="20161111 15:01:15.988" status="PASS"></status>
</kw>
<kw name="Logging" library="rest_client">
<arguments>
<arg>${msg}</arg>
<arg>console=True</arg>
</arguments>
<kw name="Log" library="BuiltIn">
<doc>Logs the given message with the given level.</doc>
<arguments>
<arg>${msg}</arg>
<arg>console=True</arg>
</arguments>
<msg level="INFO" timestamp="20161111 15:01:15.990">URI:https://9.3.23.30:443/org/openbmc/records/events/action/clear, method:Post, args:{u'data': {u'data': []}, u'headers': {u'Content-Type': u'application/json'}}</msg>
<status endtime="20161111 15:01:15.990" starttime="20161111 15:01:15.989" status="PASS"></status>
</kw>
<status endtime="20161111 15:01:15.990" starttime="20161111 15:01:15.989" status="PASS"></status>
</kw>
<status endtime="20161111 15:01:15.991" starttime="20161111 15:01:15.987" status="PASS"></status>
</kw>
<kw name="Initialize OpenBMC" library="rest_client">
<arguments>
<arg>${timeout}</arg>
</arguments>
<kw name="Create Session" library="RequestsLibrary.RequestsKeywords">
<doc>Create Session: create a HTTP session to a server</doc>
<arguments>
<arg>openbmc</arg>
<arg>${AUTH_URI}</arg>
<arg>timeout=${timeout}</arg>
<arg>max_retries=3</arg>
</arguments>
<msg level="INFO" timestamp="20161111 15:01:15.991">Creating Session using : alias=openbmc, url=https://9.3.23.30:443, headers={},                     cookies=None, auth=None, timeout=10, proxies=None, verify=False,                     debug=0 </msg>
<status endtime="20161111 15:01:15.992" starttime="20161111 15:01:15.991" status="PASS"></status>
</kw>
<kw name="Create Dictionary" library="BuiltIn">
<doc>Creates and returns a dictionary based on given items.</doc>
<arguments>
<arg>Content-Type=application/json</arg>
</arguments>
<assign>
<var>${headers}</var>
</assign>
<msg level="INFO" timestamp="20161111 15:01:15.992">${headers} = {u'Content-Type': u'application/json'}</msg>
<status endtime="20161111 15:01:15.992" starttime="20161111 15:01:15.992" status="PASS"></status>
</kw>
<kw name="Create List" library="BuiltIn">
<doc>Returns a list containing given items.</doc>
<arguments>
<arg>${OPENBMC_USERNAME}</arg>
<arg>${OPENBMC_PASSWORD}</arg>
</arguments>
<assign>
<var>@{credentials}</var>
</assign>
<msg level="INFO" timestamp="20161111 15:01:15.993">@{credentials} = [ root | 0penBmc ]</msg>
<status endtime="20161111 15:01:15.993" starttime="20161111 15:01:15.992" status="PASS"></status>
</kw>
<kw name="Create Dictionary" library="BuiltIn">
<doc>Creates and returns a dictionary based on given items.</doc>
<arguments>
<arg>data=@{credentials}</arg>
</arguments>
<assign>
<var>${data}</var>
</assign>
<msg level="INFO" timestamp="20161111 15:01:15.993">${data} = {u'data': [u'root', u'0penBmc']}</msg>
<status endtime="20161111 15:01:15.993" starttime="20161111 15:01:15.993" status="PASS"></status>
</kw>
<kw name="Post Request" library="RequestsLibrary.RequestsKeywords">
<doc>Send a POST request on the session object found using the</doc>
<arguments>
<arg>openbmc</arg>
<arg>/login</arg>
<arg>data=${data}</arg>
<arg>headers=${headers}</arg>
</arguments>
<assign>
<var>${resp}</var>
</assign>
<msg level="INFO" timestamp="20161111 15:01:16.358">Post Request using : alias=openbmc, uri=/login, data={"data": ["root", "0penBmc"]},                     headers={u'Content-Type': u'application/json'}, files=None, allow_redirects=True </msg>
<msg level="INFO" timestamp="20161111 15:01:16.359">${resp} = &lt;Response [200]&gt;</msg>
<status endtime="20161111 15:01:16.359" starttime="20161111 15:01:15.994" status="PASS"></status>
</kw>
<kw name="Should Be Equal As Strings" library="BuiltIn">
<doc>Fails if objects are unequal after converting them to strings.</doc>
<arguments>
<arg>${resp.status_code}</arg>
<arg>${HTTP_OK}</arg>
</arguments>
<msg level="INFO" timestamp="20161111 15:01:16.360">Argument types are:
&lt;type 'int'&gt;
&lt;type 'unicode'&gt;</msg>
<status endtime="20161111 15:01:16.360" starttime="20161111 15:01:16.359" status="PASS"></status>
</kw>
<status endtime="20161111 15:01:16.360" starttime="20161111 15:01:15.991" status="PASS"></status>
</kw>
<kw name="Post Request" library="RequestsLibrary.RequestsKeywords">
<doc>Send a POST request on the session object found using the</doc>
<arguments>
<arg>openbmc</arg>
<arg>${base_uri}</arg>
<arg>&amp;{kwargs}</arg>
<arg>timeout=${timeout}</arg>
</arguments>
<assign>
<var>${ret}</var>
</assign>
<msg level="INFO" timestamp="20161111 15:01:16.581">Post Request using : alias=openbmc, uri=/org/openbmc/records/events/action/clear, data={"data": []},                     headers={u'Content-Type': u'application/json'}, files=None, allow_redirects=True </msg>
<msg level="INFO" timestamp="20161111 15:01:16.581">${ret} = &lt;Response [200]&gt;</msg>
<status endtime="20161111 15:01:16.581" starttime="20161111 15:01:16.360" status="PASS"></status>
</kw>
<kw name="Log Response" library="rest_client">
<arguments>
<arg>${ret}</arg>
</arguments>
<kw name="Catenate" library="BuiltIn">
<doc>Catenates the given items together and returns the resulted string.</doc>
<arguments>
<arg>SEPARATOR=</arg>
<arg>Response code:</arg>
<arg>${resp.status_code}</arg>
<arg>, Content:</arg>
<arg>${resp.content}</arg>
</arguments>
<assign>
<var>${msg}</var>
</assign>
<msg level="INFO" timestamp="20161111 15:01:16.583">${msg} = Response code:200, Content:{
  "data": 0, 
  "message": "200 OK", 
  "status": "ok"
}</msg>
<status endtime="20161111 15:01:16.583" starttime="20161111 15:01:16.582" status="PASS"></status>
</kw>
<kw name="Logging" library="rest_client">
<arguments>
<arg>${msg}</arg>
<arg>console=True</arg>
</arguments>
<kw name="Log" library="BuiltIn">
<doc>Logs the given message with the given level.</doc>
<arguments>
<arg>${msg}</arg>
<arg>console=True</arg>
</arguments>
<msg level="INFO" timestamp="20161111 15:01:16.584">Response code:200, Content:{
  "data": 0, 
  "message": "200 OK", 
  "status": "ok"
}</msg>
<status endtime="20161111 15:01:16.585" starttime="20161111 15:01:16.584" status="PASS"></status>
</kw>
<status endtime="20161111 15:01:16.585" starttime="20161111 15:01:16.583" status="PASS"></status>
</kw>
<status endtime="20161111 15:01:16.585" starttime="20161111 15:01:16.581" status="PASS"></status>
</kw>
<msg level="INFO" timestamp="20161111 15:01:16.585">${resp} = &lt;Response [200]&gt;</msg>
<status endtime="20161111 15:01:16.585" starttime="20161111 15:01:15.985" status="PASS"></status>
</kw>
<kw name="Should Be Equal As Strings" library="BuiltIn">
<doc>Fails if objects are unequal after converting them to strings.</doc>
<arguments>
<arg>${resp.status_code}</arg>
<arg>${HTTP_OK}</arg>
</arguments>
<msg level="INFO" timestamp="20161111 15:01:16.586">Argument types are:
&lt;type 'int'&gt;
&lt;type 'unicode'&gt;</msg>
<status endtime="20161111 15:01:16.586" starttime="20161111 15:01:16.586" status="PASS"></status>
</kw>
<kw name="OpenBMC Get Request" library="rest_client">
<arguments>
<arg>/org/openbmc/records/events/</arg>
</arguments>
<assign>
<var>${resp}</var>
</assign>
<kw name="Catenate" library="BuiltIn">
<doc>Catenates the given items together and returns the resulted string.</doc>
<arguments>
<arg>SEPARATOR=</arg>
<arg>${DBUS_PREFIX}</arg>
<arg>${uri}</arg>
</arguments>
<assign>
<var>${base_uri}</var>
</assign>
<msg level="INFO" timestamp="20161111 15:01:16.588">${base_uri} = /org/openbmc/records/events/</msg>
<status endtime="20161111 15:01:16.589" starttime="20161111 15:01:16.587" status="PASS"></status>
</kw>
<kw name="Log Request" library="rest_client">
<arguments>
<arg>method=Get</arg>
<arg>base_uri=${base_uri}</arg>
<arg>args=&amp;{kwargs}</arg>
</arguments>
<kw name="Catenate" library="BuiltIn">
<doc>Catenates the given items together and returns the resulted string.</doc>
<arguments>
<arg>SEPARATOR=</arg>
<arg>URI:</arg>
<arg>${AUTH_URI}</arg>
<arg>${kwargs["base_uri"]}</arg>
<arg>, method:</arg>
<arg>${kwargs["method"]}</arg>
<arg>, args:</arg>
<arg>${kwargs["args"]}</arg>
</arguments>
<assign>
<var>${msg}</var>
</assign>
<msg level="INFO" timestamp="20161111 15:01:16.591">${msg} = URI:https://9.3.23.30:443/org/openbmc/records/events/, method:Get, args:{}</msg>
<status endtime="20161111 15:01:16.591" starttime="20161111 15:01:16.590" status="PASS"></status>
</kw>
<kw name="Logging" library="rest_client">
<arguments>
<arg>${msg}</arg>
<arg>console=True</arg>
</arguments>
<kw name="Log" library="BuiltIn">
<doc>Logs the given message with the given level.</doc>
<arguments>
<arg>${msg}</arg>
<arg>console=True</arg>
</arguments>
<msg level="INFO" timestamp="20161111 15:01:16.592">URI:https://9.3.23.30:443/org/openbmc/records/events/, method:Get, args:{}</msg>
<status endtime="20161111 15:01:16.592" starttime="20161111 15:01:16.592" status="PASS"></status>
</kw>
<status endtime="20161111 15:01:16.592" starttime="20161111 15:01:16.591" status="PASS"></status>
</kw>
<status endtime="20161111 15:01:16.592" starttime="20161111 15:01:16.589" status="PASS"></status>
</kw>
<kw name="Initialize OpenBMC" library="rest_client">
<arguments>
<arg>${timeout}</arg>
</arguments>
<kw name="Create Session" library="RequestsLibrary.RequestsKeywords">
<doc>Create Session: create a HTTP session to a server</doc>
<arguments>
<arg>openbmc</arg>
<arg>${AUTH_URI}</arg>
<arg>timeout=${timeout}</arg>
<arg>max_retries=3</arg>
</arguments>
<msg level="INFO" timestamp="20161111 15:01:16.593">Creating Session using : alias=openbmc, url=https://9.3.23.30:443, headers={},                     cookies=None, auth=None, timeout=10, proxies=None, verify=False,                     debug=0 </msg>
<status endtime="20161111 15:01:16.594" starttime="20161111 15:01:16.593" status="PASS"></status>
</kw>
<kw name="Create Dictionary" library="BuiltIn">
<doc>Creates and returns a dictionary based on given items.</doc>
<arguments>
<arg>Content-Type=application/json</arg>
</arguments>
<assign>
<var>${headers}</var>
</assign>
<msg level="INFO" timestamp="20161111 15:01:16.594">${headers} = {u'Content-Type': u'application/json'}</msg>
<status endtime="20161111 15:01:16.594" starttime="20161111 15:01:16.594" status="PASS"></status>
</kw>
<kw name="Create List" library="BuiltIn">
<doc>Returns a list containing given items.</doc>
<arguments>
<arg>${OPENBMC_USERNAME}</arg>
<arg>${OPENBMC_PASSWORD}</arg>
</arguments>
<assign>
<var>@{credentials}</var>
</assign>
<msg level="INFO" timestamp="20161111 15:01:16.595">@{credentials} = [ root | 0penBmc ]</msg>
<status endtime="20161111 15:01:16.595" starttime="20161111 15:01:16.595" status="PASS"></status>
</kw>
<kw name="Create Dictionary" library="BuiltIn">
<doc>Creates and returns a dictionary based on given items.</doc>
<arguments>
<arg>data=@{credentials}</arg>
</arguments>
<assign>
<var>${data}</var>
</assign>
<msg level="INFO" timestamp="20161111 15:01:16.596">${data} = {u'data': [u'root', u'0penBmc']}</msg>
<status endtime="20161111 15:01:16.596" starttime="20161111 15:01:16.595" status="PASS"></status>
</kw>
<kw name="Post Request" library="RequestsLibrary.RequestsKeywords">
<doc>Send a POST request on the session object found using the</doc>
<arguments>
<arg>openbmc</arg>
<arg>/login</arg>
<arg>data=${data}</arg>
<arg>headers=${headers}</arg>
</arguments>
<assign>
<var>${resp}</var>
</assign>
<msg level="INFO" timestamp="20161111 15:01:17.000">Post Request using : alias=openbmc, uri=/login, data={"data": ["root", "0penBmc"]},                     headers={u'Content-Type': u'application/json'}, files=None, allow_redirects=True </msg>
<msg level="INFO" timestamp="20161111 15:01:17.000">${resp} = &lt;Response [200]&gt;</msg>
<status endtime="20161111 15:01:17.001" starttime="20161111 15:01:16.596" status="PASS"></status>
</kw>
<kw name="Should Be Equal As Strings" library="BuiltIn">
<doc>Fails if objects are unequal after converting them to strings.</doc>
<arguments>
<arg>${resp.status_code}</arg>
<arg>${HTTP_OK}</arg>
</arguments>
<msg level="INFO" timestamp="20161111 15:01:17.001">Argument types are:
&lt;type 'int'&gt;
&lt;type 'unicode'&gt;</msg>
<status endtime="20161111 15:01:17.001" starttime="20161111 15:01:17.001" status="PASS"></status>
</kw>
<status endtime="20161111 15:01:17.002" starttime="20161111 15:01:16.592" status="PASS"></status>
</kw>
<kw name="Get Request" library="RequestsLibrary.RequestsKeywords">
<doc>Send a GET request on the session object found using the</doc>
<arguments>
<arg>openbmc</arg>
<arg>${base_uri}</arg>
<arg>&amp;{kwargs}</arg>
<arg>timeout=${timeout}</arg>
</arguments>
<assign>
<var>${ret}</var>
</assign>
<msg level="INFO" timestamp="20161111 15:01:17.058">Get Request using : alias=openbmc, uri=/org/openbmc/records/events/, headers=None </msg>
<msg level="INFO" timestamp="20161111 15:01:17.058">${ret} = &lt;Response [200]&gt;</msg>
<status endtime="20161111 15:01:17.058" starttime="20161111 15:01:17.002" status="PASS"></status>
</kw>
<kw name="Log Response" library="rest_client">
<arguments>
<arg>${ret}</arg>
</arguments>
<kw name="Catenate" library="BuiltIn">
<doc>Catenates the given items together and returns the resulted string.</doc>
<arguments>
<arg>SEPARATOR=</arg>
<arg>Response code:</arg>
<arg>${resp.status_code}</arg>
<arg>, Content:</arg>
<arg>${resp.content}</arg>
</arguments>
<assign>
<var>${msg}</var>
</assign>
<msg level="INFO" timestamp="20161111 15:01:17.059">${msg} = Response code:200, Content:{
  "data": [], 
  "message": "200 OK", 
  "status": "ok"
}</msg>
<status endtime="20161111 15:01:17.059" starttime="20161111 15:01:17.059" status="PASS"></status>
</kw>
<kw name="Logging" library="rest_client">
<arguments>
<arg>${msg}</arg>
<arg>console=True</arg>
</arguments>
<kw name="Log" library="BuiltIn">
<doc>Logs the given message with the given level.</doc>
<arguments>
<arg>${msg}</arg>
<arg>console=True</arg>
</arguments>
<msg level="INFO" timestamp="20161111 15:01:17.060">Response code:200, Content:{
  "data": [], 
  "message": "200 OK", 
  "status": "ok"
}</msg>
<status endtime="20161111 15:01:17.060" starttime="20161111 15:01:17.060" status="PASS"></status>
</kw>
<status endtime="20161111 15:01:17.060" starttime="20161111 15:01:17.059" status="PASS"></status>
</kw>
<status endtime="20161111 15:01:17.060" starttime="20161111 15:01:17.058" status="PASS"></status>
</kw>
<msg level="INFO" timestamp="20161111 15:01:17.061">${resp} = &lt;Response [200]&gt;</msg>
<status endtime="20161111 15:01:17.061" starttime="20161111 15:01:16.586" status="PASS"></status>
</kw>
<kw name="To Json" library="RequestsLibrary.RequestsKeywords">
<doc>Convert a string to a JSON object</doc>
<arguments>
<arg>${resp.content}</arg>
</arguments>
<assign>
<var>${json}</var>
</assign>
<msg level="INFO" timestamp="20161111 15:01:17.061">To JSON using : content={
  "data": [], 
  "message": "200 OK", 
  "status": "ok"
} </msg>
<msg level="INFO" timestamp="20161111 15:01:17.061">To JSON using : pretty_print=False </msg>
<msg level="INFO" timestamp="20161111 15:01:17.061">${json} = {u'message': u'200 OK', u'status': u'ok', u'data': []}</msg>
<status endtime="20161111 15:01:17.061" starttime="20161111 15:01:17.061" status="PASS"></status>
</kw>
<kw name="Should Be Empty" library="BuiltIn">
<doc>Verifies that the given item is empty.</doc>
<arguments>
<arg>${json['data']}</arg>
</arguments>
<msg level="INFO" timestamp="20161111 15:01:17.062">Length is 0</msg>
<status endtime="20161111 15:01:17.062" starttime="20161111 15:01:17.061" status="PASS"></status>
</kw>
<status endtime="20161111 15:01:17.062" starttime="20161111 15:01:15.985" status="PASS"></status>
</kw>
<status endtime="20161111 15:01:17.062" starttime="20161111 15:01:15.985" status="PASS"></status>
</kw>
<kw name="Execute Command" library="SSHLibrary">
<doc>Executes `command` on the remote machine and returns its outputs.</doc>
<arguments>
<arg>${CREATE_ERROR_SINGLE_FRU}</arg>
<arg>return_stderr=True</arg>
</arguments>
<assign>
<var>${elog}</var>
<var>${stderr}</var>
</assign>
<msg level="INFO" timestamp="20161111 15:01:17.062">Executing command 'busctl call org.openbmc.records.events /org/openbmc/records/events org.openbmc.recordlog acceptHostMessage sssay "Error" "Testing failure" "/org/openbmc/inventory/system/chassis/motherboard/dimm1" 1 1'.</msg>
<msg level="INFO" timestamp="20161111 15:01:17.423">Command exited with return code 0.</msg>
<msg level="INFO" timestamp="20161111 15:01:17.427">${elog} = q 340</msg>
<msg level="INFO" timestamp="20161111 15:01:17.427">${stderr} = </msg>
<status endtime="20161111 15:01:17.428" starttime="20161111 15:01:17.062" status="PASS"></status>
</kw>
<kw name="Should Be Empty" library="BuiltIn">
<doc>Verifies that the given item is empty.</doc>
<arguments>
<arg>${stderr}</arg>
</arguments>
<msg level="INFO" timestamp="20161111 15:01:17.428">Length is 0</msg>
<status endtime="20161111 15:01:17.428" starttime="20161111 15:01:17.428" status="PASS"></status>
</kw>
<kw name="Get EventList">
<assign>
<var>${log_list}</var>
</assign>
<kw name="OpenBMC Get Request" library="rest_client">
<arguments>
<arg>/org/openbmc/records/events/</arg>
</arguments>
<assign>
<var>${resp}</var>
</assign>
<kw name="Catenate" library="BuiltIn">
<doc>Catenates the given items together and returns the resulted string.</doc>
<arguments>
<arg>SEPARATOR=</arg>
<arg>${DBUS_PREFIX}</arg>
<arg>${uri}</arg>
</arguments>
<assign>
<var>${base_uri}</var>
</assign>
<msg level="INFO" timestamp="20161111 15:01:17.430">${base_uri} = /org/openbmc/records/events/</msg>
<status endtime="20161111 15:01:17.430" starttime="20161111 15:01:17.429" status="PASS"></status>
</kw>
<kw name="Log Request" library="rest_client">
<arguments>
<arg>method=Get</arg>
<arg>base_uri=${base_uri}</arg>
<arg>args=&amp;{kwargs}</arg>
</arguments>
<kw name="Catenate" library="BuiltIn">
<doc>Catenates the given items together and returns the resulted string.</doc>
<arguments>
<arg>SEPARATOR=</arg>
<arg>URI:</arg>
<arg>${AUTH_URI}</arg>
<arg>${kwargs["base_uri"]}</arg>
<arg>, method:</arg>
<arg>${kwargs["method"]}</arg>
<arg>, args:</arg>
<arg>${kwargs["args"]}</arg>
</arguments>
<assign>
<var>${msg}</var>
</assign>
<msg level="INFO" timestamp="20161111 15:01:17.432">${msg} = URI:https://9.3.23.30:443/org/openbmc/records/events/, method:Get, args:{}</msg>
<status endtime="20161111 15:01:17.432" starttime="20161111 15:01:17.431" status="PASS"></status>
</kw>
<kw name="Logging" library="rest_client">
<arguments>
<arg>${msg}</arg>
<arg>console=True</arg>
</arguments>
<kw name="Log" library="BuiltIn">
<doc>Logs the given message with the given level.</doc>
<arguments>
<arg>${msg}</arg>
<arg>console=True</arg>
</arguments>
<msg level="INFO" timestamp="20161111 15:01:17.433">URI:https://9.3.23.30:443/org/openbmc/records/events/, method:Get, args:{}</msg>
<status endtime="20161111 15:01:17.433" starttime="20161111 15:01:17.433" status="PASS"></status>
</kw>
<status endtime="20161111 15:01:17.433" starttime="20161111 15:01:17.432" status="PASS"></status>
</kw>
<status endtime="20161111 15:01:17.434" starttime="20161111 15:01:17.430" status="PASS"></status>
</kw>
<kw name="Initialize OpenBMC" library="rest_client">
<arguments>
<arg>${timeout}</arg>
</arguments>
<kw name="Create Session" library="RequestsLibrary.RequestsKeywords">
<doc>Create Session: create a HTTP session to a server</doc>
<arguments>
<arg>openbmc</arg>
<arg>${AUTH_URI}</arg>
<arg>timeout=${timeout}</arg>
<arg>max_retries=3</arg>
</arguments>
<msg level="INFO" timestamp="20161111 15:01:17.435">Creating Session using : alias=openbmc, url=https://9.3.23.30:443, headers={},                     cookies=None, auth=None, timeout=10, proxies=None, verify=False,                     debug=0 </msg>
<status endtime="20161111 15:01:17.435" starttime="20161111 15:01:17.434" status="PASS"></status>
</kw>
<kw name="Create Dictionary" library="BuiltIn">
<doc>Creates and returns a dictionary based on given items.</doc>
<arguments>
<arg>Content-Type=application/json</arg>
</arguments>
<assign>
<var>${headers}</var>
</assign>
<msg level="INFO" timestamp="20161111 15:01:17.436">${headers} = {u'Content-Type': u'application/json'}</msg>
<status endtime="20161111 15:01:17.436" starttime="20161111 15:01:17.436" status="PASS"></status>
</kw>
<kw name="Create List" library="BuiltIn">
<doc>Returns a list containing given items.</doc>
<arguments>
<arg>${OPENBMC_USERNAME}</arg>
<arg>${OPENBMC_PASSWORD}</arg>
</arguments>
<assign>
<var>@{credentials}</var>
</assign>
<msg level="INFO" timestamp="20161111 15:01:17.437">@{credentials} = [ root | 0penBmc ]</msg>
<status endtime="20161111 15:01:17.437" starttime="20161111 15:01:17.437" status="PASS"></status>
</kw>
<kw name="Create Dictionary" library="BuiltIn">
<doc>Creates and returns a dictionary based on given items.</doc>
<arguments>
<arg>data=@{credentials}</arg>
</arguments>
<assign>
<var>${data}</var>
</assign>
<msg level="INFO" timestamp="20161111 15:01:17.438">${data} = {u'data': [u'root', u'0penBmc']}</msg>
<status endtime="20161111 15:01:17.438" starttime="20161111 15:01:17.438" status="PASS"></status>
</kw>
<kw name="Post Request" library="RequestsLibrary.RequestsKeywords">
<doc>Send a POST request on the session object found using the</doc>
<arguments>
<arg>openbmc</arg>
<arg>/login</arg>
<arg>data=${data}</arg>
<arg>headers=${headers}</arg>
</arguments>
<assign>
<var>${resp}</var>
</assign>
<msg level="INFO" timestamp="20161111 15:01:17.818">Post Request using : alias=openbmc, uri=/login, data={"data": ["root", "0penBmc"]},                     headers={u'Content-Type': u'application/json'}, files=None, allow_redirects=True </msg>
<msg level="INFO" timestamp="20161111 15:01:17.818">${resp} = &lt;Response [200]&gt;</msg>
<status endtime="20161111 15:01:17.818" starttime="20161111 15:01:17.438" status="PASS"></status>
</kw>
<kw name="Should Be Equal As Strings" library="BuiltIn">
<doc>Fails if objects are unequal after converting them to strings.</doc>
<arguments>
<arg>${resp.status_code}</arg>
<arg>${HTTP_OK}</arg>
</arguments>
<msg level="INFO" timestamp="20161111 15:01:17.819">Argument types are:
&lt;type 'int'&gt;
&lt;type 'unicode'&gt;</msg>
<status endtime="20161111 15:01:17.819" starttime="20161111 15:01:17.818" status="PASS"></status>
</kw>
<status endtime="20161111 15:01:17.819" starttime="20161111 15:01:17.434" status="PASS"></status>
</kw>
<kw name="Get Request" library="RequestsLibrary.RequestsKeywords">
<doc>Send a GET request on the session object found using the</doc>
<arguments>
<arg>openbmc</arg>
<arg>${base_uri}</arg>
<arg>&amp;{kwargs}</arg>
<arg>timeout=${timeout}</arg>
</arguments>
<assign>
<var>${ret}</var>
</assign>
<msg level="INFO" timestamp="20161111 15:01:17.874">Get Request using : alias=openbmc, uri=/org/openbmc/records/events/, headers=None </msg>
<msg level="INFO" timestamp="20161111 15:01:17.874">${ret} = &lt;Response [200]&gt;</msg>
<status endtime="20161111 15:01:17.874" starttime="20161111 15:01:17.819" status="PASS"></status>
</kw>
<kw name="Log Response" library="rest_client">
<arguments>
<arg>${ret}</arg>
</arguments>
<kw name="Catenate" library="BuiltIn">
<doc>Catenates the given items together and returns the resulted string.</doc>
<arguments>
<arg>SEPARATOR=</arg>
<arg>Response code:</arg>
<arg>${resp.status_code}</arg>
<arg>, Content:</arg>
<arg>${resp.content}</arg>
</arguments>
<assign>
<var>${msg}</var>
</assign>
<msg level="INFO" timestamp="20161111 15:01:17.876">${msg} = Response code:200, Content:{
  "data": [
    "/org/openbmc/records/events/340"
  ], 
  "message": "200 OK", 
  "status": "ok"
}</msg>
<status endtime="20161111 15:01:17.876" starttime="20161111 15:01:17.875" status="PASS"></status>
</kw>
<kw name="Logging" library="rest_client">
<arguments>
<arg>${msg}</arg>
<arg>console=True</arg>
</arguments>
<kw name="Log" library="BuiltIn">
<doc>Logs the given message with the given level.</doc>
<arguments>
<arg>${msg}</arg>
<arg>console=True</arg>
</arguments>
<msg level="INFO" timestamp="20161111 15:01:17.877">Response code:200, Content:{
  "data": [
    "/org/openbmc/records/events/340"
  ], 
  "message": "200 OK", 
  "status": "ok"
}</msg>
<status endtime="20161111 15:01:17.877" starttime="20161111 15:01:17.877" status="PASS"></status>
</kw>
<status endtime="20161111 15:01:17.877" starttime="20161111 15:01:17.876" status="PASS"></status>
</kw>
<status endtime="20161111 15:01:17.877" starttime="20161111 15:01:17.875" status="PASS"></status>
</kw>
<msg level="INFO" timestamp="20161111 15:01:17.877">${resp} = &lt;Response [200]&gt;</msg>
<status endtime="20161111 15:01:17.877" starttime="20161111 15:01:17.429" status="PASS"></status>
</kw>
<kw name="Should Be Equal As Strings" library="BuiltIn">
<doc>Fails if objects are unequal after converting them to strings.</doc>
<arguments>
<arg>${resp.status_code}</arg>
<arg>${HTTP_OK}</arg>
</arguments>
<msg level="INFO" timestamp="20161111 15:01:17.878">Argument types are:
&lt;type 'int'&gt;
&lt;type 'unicode'&gt;</msg>
<status endtime="20161111 15:01:17.878" starttime="20161111 15:01:17.878" status="PASS"></status>
</kw>
<kw name="To Json" library="RequestsLibrary.RequestsKeywords">
<doc>Convert a string to a JSON object</doc>
<arguments>
<arg>${resp.content}</arg>
</arguments>
<assign>
<var>${jsondata}</var>
</assign>
<msg level="INFO" timestamp="20161111 15:01:17.878">To JSON using : content={
  "data": [
    "/org/openbmc/records/events/340"
  ], 
  "message": "200 OK", 
  "status": "ok"
} </msg>
<msg level="INFO" timestamp="20161111 15:01:17.878">To JSON using : pretty_print=False </msg>
<msg level="INFO" timestamp="20161111 15:01:17.878">${jsondata} = {u'message': u'200 OK', u'status': u'ok', u'data': [u'/org/openbmc/records/events/340']}</msg>
<status endtime="20161111 15:01:17.879" starttime="20161111 15:01:17.878" status="PASS"></status>
</kw>
<msg level="INFO" timestamp="20161111 15:01:17.879">${log_list} = [u'/org/openbmc/records/events/340']</msg>
<status endtime="20161111 15:01:17.879" starttime="20161111 15:01:17.428" status="PASS"></status>
</kw>
<kw name="Should Contain" library="BuiltIn">
<doc>Fails if ``container`` does not contain ``item`` one or more times.</doc>
<arguments>
<arg>'${log_list}'</arg>
<arg>${elog.strip('q ')}</arg>
</arguments>
<status endtime="20161111 15:01:17.879" starttime="20161111 15:01:17.879" status="PASS"></status>
</kw>
<kw name="Catenate" library="BuiltIn">
<doc>Catenates the given items together and returns the resulted string.</doc>
<arguments>
<arg>SEPARATOR=</arg>
<arg>${EVENT_RECORD}/${elog.strip('q ')}</arg>
<arg>/fru</arg>
</arguments>
<assign>
<var>${association_uri}</var>
</assign>
<msg level="INFO" timestamp="20161111 15:01:17.880">${association_uri} = /org/openbmc/records/events/340/fru</msg>
<status endtime="20161111 15:01:17.880" starttime="20161111 15:01:17.879" status="PASS"></status>
</kw>
<kw name="Read Attribute" library="rest_client">
<arguments>
<arg>${association_uri}</arg>
<arg>endpoints</arg>
</arguments>
<assign>
<var>${association_content}</var>
</assign>
<kw name="OpenBMC Get Request" library="rest_client">
<arguments>
<arg>${uri}/attr/${attr}</arg>
<arg>timeout=${timeout}</arg>
</arguments>
<assign>
<var>${resp}</var>
</assign>
<kw name="Catenate" library="BuiltIn">
<doc>Catenates the given items together and returns the resulted string.</doc>
<arguments>
<arg>SEPARATOR=</arg>
<arg>${DBUS_PREFIX}</arg>
<arg>${uri}</arg>
</arguments>
<assign>
<var>${base_uri}</var>
</assign>
<msg level="INFO" timestamp="20161111 15:01:17.881">${base_uri} = /org/openbmc/records/events/340/fru/attr/endpoints</msg>
<status endtime="20161111 15:01:17.881" starttime="20161111 15:01:17.881" status="PASS"></status>
</kw>
<kw name="Log Request" library="rest_client">
<arguments>
<arg>method=Get</arg>
<arg>base_uri=${base_uri}</arg>
<arg>args=&amp;{kwargs}</arg>
</arguments>
<kw name="Catenate" library="BuiltIn">
<doc>Catenates the given items together and returns the resulted string.</doc>
<arguments>
<arg>SEPARATOR=</arg>
<arg>URI:</arg>
<arg>${AUTH_URI}</arg>
<arg>${kwargs["base_uri"]}</arg>
<arg>, method:</arg>
<arg>${kwargs["method"]}</arg>
<arg>, args:</arg>
<arg>${kwargs["args"]}</arg>
</arguments>
<assign>
<var>${msg}</var>
</assign>
<msg level="INFO" timestamp="20161111 15:01:17.883">${msg} = URI:https://9.3.23.30:443/org/openbmc/records/events/340/fru/attr/endpoints, method:Get, args:{}</msg>
<status endtime="20161111 15:01:17.883" starttime="20161111 15:01:17.882" status="PASS"></status>
</kw>
<kw name="Logging" library="rest_client">
<arguments>
<arg>${msg}</arg>
<arg>console=True</arg>
</arguments>
<kw name="Log" library="BuiltIn">
<doc>Logs the given message with the given level.</doc>
<arguments>
<arg>${msg}</arg>
<arg>console=True</arg>
</arguments>
<msg level="INFO" timestamp="20161111 15:01:17.883">URI:https://9.3.23.30:443/org/openbmc/records/events/340/fru/attr/endpoints, method:Get, args:{}</msg>
<status endtime="20161111 15:01:17.884" starttime="20161111 15:01:17.883" status="PASS"></status>
</kw>
<status endtime="20161111 15:01:17.884" starttime="20161111 15:01:17.883" status="PASS"></status>
</kw>
<status endtime="20161111 15:01:17.884" starttime="20161111 15:01:17.881" status="PASS"></status>
</kw>
<kw name="Initialize OpenBMC" library="rest_client">
<arguments>
<arg>${timeout}</arg>
</arguments>
<kw name="Create Session" library="RequestsLibrary.RequestsKeywords">
<doc>Create Session: create a HTTP session to a server</doc>
<arguments>
<arg>openbmc</arg>
<arg>${AUTH_URI}</arg>
<arg>timeout=${timeout}</arg>
<arg>max_retries=3</arg>
</arguments>
<msg level="INFO" timestamp="20161111 15:01:17.885">Creating Session using : alias=openbmc, url=https://9.3.23.30:443, headers={},                     cookies=None, auth=None, timeout=10, proxies=None, verify=False,                     debug=0 </msg>
<status endtime="20161111 15:01:17.885" starttime="20161111 15:01:17.884" status="PASS"></status>
</kw>
<kw name="Create Dictionary" library="BuiltIn">
<doc>Creates and returns a dictionary based on given items.</doc>
<arguments>
<arg>Content-Type=application/json</arg>
</arguments>
<assign>
<var>${headers}</var>
</assign>
<msg level="INFO" timestamp="20161111 15:01:17.886">${headers} = {u'Content-Type': u'application/json'}</msg>
<status endtime="20161111 15:01:17.886" starttime="20161111 15:01:17.885" status="PASS"></status>
</kw>
<kw name="Create List" library="BuiltIn">
<doc>Returns a list containing given items.</doc>
<arguments>
<arg>${OPENBMC_USERNAME}</arg>
<arg>${OPENBMC_PASSWORD}</arg>
</arguments>
<assign>
<var>@{credentials}</var>
</assign>
<msg level="INFO" timestamp="20161111 15:01:17.886">@{credentials} = [ root | 0penBmc ]</msg>
<status endtime="20161111 15:01:17.886" starttime="20161111 15:01:17.886" status="PASS"></status>
</kw>
<kw name="Create Dictionary" library="BuiltIn">
<doc>Creates and returns a dictionary based on given items.</doc>
<arguments>
<arg>data=@{credentials}</arg>
</arguments>
<assign>
<var>${data}</var>
</assign>
<msg level="INFO" timestamp="20161111 15:01:17.887">${data} = {u'data': [u'root', u'0penBmc']}</msg>
<status endtime="20161111 15:01:17.887" starttime="20161111 15:01:17.887" status="PASS"></status>
</kw>
<kw name="Post Request" library="RequestsLibrary.RequestsKeywords">
<doc>Send a POST request on the session object found using the</doc>
<arguments>
<arg>openbmc</arg>
<arg>/login</arg>
<arg>data=${data}</arg>
<arg>headers=${headers}</arg>
</arguments>
<assign>
<var>${resp}</var>
</assign>
[...]
<arguments>
<arg>${c}</arg>
<arg>/org</arg>
</arguments>
<status endtime="20161111 15:02:57.934" starttime="20161111 15:02:57.933" status="PASS"></status>
</kw>
<kw name="Log FFDC" library="openbmc_ffdc" type="teardown">
<doc>Generic FFDC entry point. Place holder to hook in</doc>
<kw name="Run Keyword If" library="BuiltIn">
<doc>Runs the given keyword with the given arguments, if ``condition`` is true.</doc>
<arguments>
<arg>'${TEST_STATUS}' == 'FAIL'</arg>
<arg>Log FFDC If Test Case Failed</arg>
</arguments>
<status endtime="20161111 15:02:57.938" starttime="20161111 15:02:57.935" status="PASS"></status>
</kw>
<kw name="Log Test Case Status" library="openbmc_ffdc_methods">
<doc>Test case execution result history.</doc>
<kw name="Create Directory" library="OperatingSystem">
<doc>Creates the specified directory.</doc>
<arguments>
<arg>${FFDC_LOG_PATH}</arg>
</arguments>
<msg level="INFO" timestamp="20161111 15:02:57.940" html="yes">Directory '&lt;a href="file:///tmp/root/5463/obmc-robot/logs"&gt;/tmp/root/5463/obmc-robot/logs&lt;/a&gt;' already exists.</msg>
<status endtime="20161111 15:02:57.940" starttime="20161111 15:02:57.939" status="PASS"></status>
</kw>
<kw name="Run Keyword And Return Status" library="BuiltIn">
<doc>Runs the given keyword with given arguments and returns the status as a Boolean value.</doc>
<arguments>
<arg>OperatingSystem.File Should Exist</arg>
<arg>${TEST_HISTORY}</arg>
</arguments>
<assign>
<var>${exist}</var>
</assign>
<kw name="File Should Exist" library="OperatingSystem">
<doc>Fails unless the given ``path`` points to an existing file.</doc>
<arguments>
<arg>${TEST_HISTORY}</arg>
</arguments>
<msg level="INFO" timestamp="20161111 15:02:57.940" html="yes">File '&lt;a href="file:///tmp/root/5463/obmc-robot/logs/test_history.txt"&gt;/tmp/root/5463/obmc-robot/logs/test_history.txt&lt;/a&gt;' exists.</msg>
<status endtime="20161111 15:02:57.941" starttime="20161111 15:02:57.940" status="PASS"></status>
</kw>
<msg level="INFO" timestamp="20161111 15:02:57.941">${exist} = True</msg>
<status endtime="20161111 15:02:57.941" starttime="20161111 15:02:57.940" status="PASS"></status>
</kw>
<kw name="Run Keyword If" library="BuiltIn">
<doc>Runs the given keyword with the given arguments, if ``condition`` is true.</doc>
<arguments>
<arg>'${exist}' == '${False}'</arg>
<arg>Create File</arg>
<arg>${TEST_HISTORY}</arg>
</arguments>
<status endtime="20161111 15:02:57.943" starttime="20161111 15:02:57.941" status="PASS"></status>
</kw>
<kw name="Get Current Time Stamp" library="openbmc_ffdc_utils">
<doc>Get the current time stamp data</doc>
<assign>
<var>${cur_time}</var>
</assign>
<kw name="Get Current Date" library="DateTime">
<doc>Returns current local or UTC time with an optional increment.</doc>
<arguments>
<arg>result_format=%Y-%m-%d %H:%M:%S:%f</arg>
</arguments>
<assign>
<var>${cur_time}</var>
</assign>
<msg level="INFO" timestamp="20161111 15:02:57.944">${cur_time} = 2016-11-11 15:02:57:944043</msg>
<status endtime="20161111 15:02:57.944" starttime="20161111 15:02:57.944" status="PASS"></status>
</kw>
<kw name="Get Strip String" library="openbmc_ffdc_list">
<doc>########################################################################</doc>
<arguments>
<arg>${cur_time}</arg>
</arguments>
<assign>
<var>${cur_time}</var>
</assign>
<msg level="INFO" timestamp="20161111 15:02:57.945">${cur_time} = 20161111150257944043</msg>
<status endtime="20161111 15:02:57.945" starttime="20161111 15:02:57.944" status="PASS"></status>
</kw>
<msg level="INFO" timestamp="20161111 15:02:57.945">${cur_time} = 20161111150257944043</msg>
<status endtime="20161111 15:02:57.945" starttime="20161111 15:02:57.944" status="PASS"></status>
</kw>
<kw name="Append To File" library="OperatingSystem">
<doc>Appends the given contend to the specified file.</doc>
<arguments>
<arg>${TEST_HISTORY}</arg>
<arg>${cur_time}:${SUITE_NAME}:${TEST_NAME}:${TEST_STATUS}${\n}</arg>
</arguments>
<msg level="INFO" timestamp="20161111 15:02:57.946" html="yes">Appended to file '&lt;a href="file:///tmp/root/5463/obmc-robot/logs/test_history.txt"&gt;/tmp/root/5463/obmc-robot/logs/test_history.txt&lt;/a&gt;'.</msg>
<status endtime="20161111 15:02:57.946" starttime="20161111 15:02:57.945" status="PASS"></status>
</kw>
<status endtime="20161111 15:02:57.946" starttime="20161111 15:02:57.939" status="PASS"></status>
</kw>
<status endtime="20161111 15:02:57.946" starttime="20161111 15:02:57.934" status="PASS"></status>
</kw>
<tags>
<tag>CI</tag>
<tag>Good_connection_for_testing</tag>
</tags>
<status endtime="20161111 15:02:57.946" critical="yes" starttime="20161111 15:02:57.039" status="PASS"></status>
</test>
<test id="s1-s5-t2" name="get directory listing /">
<kw name="OpenBMC Get Request" library="rest_client">
<arguments>
<arg>/</arg>
</arguments>
<assign>
<var>${resp}</var>
</assign>
<kw name="Catenate" library="BuiltIn">
<doc>Catenates the given items together and returns the resulted string.</doc>
<arguments>
<arg>SEPARATOR=</arg>
<arg>${DBUS_PREFIX}</arg>
<arg>${uri}</arg>
</arguments>
<assign>
<var>${base_uri}</var>
</assign>
<msg level="INFO" timestamp="20161111 15:02:57.948">${base_uri} = /</msg>
<status endtime="20161111 15:02:57.948" starttime="20161111 15:02:57.947" status="PASS"></status>
</kw>
<kw name="Log Request" library="rest_client">
<arguments>
<arg>method=Get</arg>
<arg>base_uri=${base_uri}</arg>
<arg>args=&amp;{kwargs}</arg>
</arguments>
<kw name="Catenate" library="BuiltIn">
<doc>Catenates the given items together and returns the resulted string.</doc>
<arguments>
<arg>SEPARATOR=</arg>
<arg>URI:</arg>
<arg>${AUTH_URI}</arg>
<arg>${kwargs["base_uri"]}</arg>
<arg>, method:</arg>
<arg>${kwargs["method"]}</arg>
<arg>, args:</arg>
<arg>${kwargs["args"]}</arg>
</arguments>
<assign>
<var>${msg}</var>
</assign>
<msg level="INFO" timestamp="20161111 15:02:57.950">${msg} = URI:https://9.3.23.30:443/, method:Get, args:{}</msg>
<status endtime="20161111 15:02:57.950" starttime="20161111 15:02:57.949" status="PASS"></status>
</kw>
<kw name="Logging" library="rest_client">
<arguments>
<arg>${msg}</arg>
<arg>console=True</arg>
</arguments>
<kw name="Log" library="BuiltIn">
<doc>Logs the given message with the given level.</doc>
<arguments>
<arg>${msg}</arg>
<arg>console=True</arg>
</arguments>
<msg level="INFO" timestamp="20161111 15:02:57.950">URI:https://9.3.23.30:443/, method:Get, args:{}</msg>
<status endtime="20161111 15:02:57.950" starttime="20161111 15:02:57.950" status="PASS"></status>
</kw>
<status endtime="20161111 15:02:57.951" starttime="20161111 15:02:57.950" status="PASS"></status>
</kw>
<status endtime="20161111 15:02:57.951" starttime="20161111 15:02:57.948" status="PASS"></status>
</kw>
<kw name="Initialize OpenBMC" library="rest_client">
<arguments>
<arg>${timeout}</arg>
</arguments>
<kw name="Create Session" library="RequestsLibrary.RequestsKeywords">
<doc>Create Session: create a HTTP session to a server</doc>
<arguments>
<arg>openbmc</arg>
<arg>${AUTH_URI}</arg>
<arg>timeout=${timeout}</arg>
<arg>max_retries=3</arg>
</arguments>
<msg level="INFO" timestamp="20161111 15:02:57.952">Creating Session using : alias=openbmc, url=https://9.3.23.30:443, headers={},                     cookies=None, auth=None, timeout=10, proxies=None, verify=False,                     debug=0 </msg>
<status endtime="20161111 15:02:57.952" starttime="20161111 15:02:57.951" status="PASS"></status>
</kw>
<kw name="Create Dictionary" library="BuiltIn">
<doc>Creates and returns a dictionary based on given items.</doc>
<arguments>
<arg>Content-Type=application/json</arg>
</arguments>
<assign>
<var>${headers}</var>
</assign>
<msg level="INFO" timestamp="20161111 15:02:57.952">${headers} = {u'Content-Type': u'application/json'}</msg>
<status endtime="20161111 15:02:57.953" starttime="20161111 15:02:57.952" status="PASS"></status>
</kw>
<kw name="Create List" library="BuiltIn">
<doc>Returns a list containing given items.</doc>
<arguments>
<arg>${OPENBMC_USERNAME}</arg>
<arg>${OPENBMC_PASSWORD}</arg>
</arguments>
<assign>
<var>@{credentials}</var>
</assign>
<msg level="INFO" timestamp="20161111 15:02:57.953">@{credentials} = [ root | 0penBmc ]</msg>
<status endtime="20161111 15:02:57.953" starttime="20161111 15:02:57.953" status="PASS"></status>
</kw>
<kw name="Create Dictionary" library="BuiltIn">
<doc>Creates and returns a dictionary based on given items.</doc>
<arguments>
<arg>data=@{credentials}</arg>
</arguments>
<assign>
<var>${data}</var>
</assign>
<msg level="INFO" timestamp="20161111 15:02:57.954">${data} = {u'data': [u'root', u'0penBmc']}</msg>
<status endtime="20161111 15:02:57.954" starttime="20161111 15:02:57.953" status="PASS"></status>
</kw>
<kw name="Post Request" library="RequestsLibrary.RequestsKeywords">
<doc>Send a POST request on the session object found using the</doc>
<arguments>
<arg>openbmc</arg>
<arg>/login</arg>
<arg>data=${data}</arg>
<arg>headers=${headers}</arg>
</arguments>
<assign>
<var>${resp}</var>
</assign>
<msg level="INFO" timestamp="20161111 15:02:59.656">Post Request using : alias=openbmc, uri=/login, data={"data": ["root", "0penBmc"]},                     headers={u'Content-Type': u'application/json'}, files=None, allow_redirects=True </msg>
<msg level="INFO" timestamp="20161111 15:02:59.657">${resp} = &lt;Response [200]&gt;</msg>
<status endtime="20161111 15:02:59.657" starttime="20161111 15:02:57.954" status="PASS"></status>
</kw>
<kw name="Should Be Equal As Strings" library="BuiltIn">
<doc>Fails if objects are unequal after converting them to strings.</doc>
<arguments>
<arg>${resp.status_code}</arg>
<arg>${HTTP_OK}</arg>
</arguments>
<msg level="INFO" timestamp="20161111 15:02:59.658">Argument types are:
&lt;type 'int'&gt;
&lt;type 'unicode'&gt;</msg>
<status endtime="20161111 15:02:59.658" starttime="20161111 15:02:59.657" status="PASS"></status>
</kw>
<status endtime="20161111 15:02:59.658" starttime="20161111 15:02:57.951" status="PASS"></status>
</kw>
<kw name="Get Request" library="RequestsLibrary.RequestsKeywords">
<doc>Send a GET request on the session object found using the</doc>
<arguments>
<arg>openbmc</arg>
<arg>${base_uri}</arg>
<arg>&amp;{kwargs}</arg>
<arg>timeout=${timeout}</arg>
</arguments>
<assign>
<var>${ret}</var>
</assign>
<msg level="INFO" timestamp="20161111 15:02:59.878">Get Request using : alias=openbmc, uri=/, headers=None </msg>
<msg level="INFO" timestamp="20161111 15:02:59.878">${ret} = &lt;Response [200]&gt;</msg>
<status endtime="20161111 15:02:59.878" starttime="20161111 15:02:59.659" status="PASS"></status>
</kw>
<kw name="Log Response" library="rest_client">
<arguments>
<arg>${ret}</arg>
</arguments>
<kw name="Catenate" library="BuiltIn">
<doc>Catenates the given items together and returns the resulted string.</doc>
<arguments>
<arg>SEPARATOR=</arg>
<arg>Response code:</arg>
<arg>${resp.status_code}</arg>
<arg>, Content:</arg>
<arg>${resp.content}</arg>
</arguments>
<assign>
<var>${msg}</var>
</assign>
<msg level="INFO" timestamp="20161111 15:02:59.881">${msg} = Response code:200, Content:{
  "data": [
    "/org"
  ], 
  "message": "200 OK", 
  "status": "ok"
}</msg>
<status endtime="20161111 15:02:59.881" starttime="20161111 15:02:59.880" status="PASS"></status>
</kw>
<kw name="Logging" library="rest_client">
<arguments>
<arg>${msg}</arg>
<arg>console=True</arg>
</arguments>
<kw name="Log" library="BuiltIn">
<doc>Logs the given message with the given level.</doc>
<arguments>
<arg>${msg}</arg>
<arg>console=True</arg>
</arguments>
<msg level="INFO" timestamp="20161111 15:02:59.882">Response code:200, Content:{
  "data": [
    "/org"
  ], 
  "message": "200 OK", 
  "status": "ok"
}</msg>
<status endtime="20161111 15:02:59.882" starttime="20161111 15:02:59.882" status="PASS"></status>
</kw>
<status endtime="20161111 15:02:59.882" starttime="20161111 15:02:59.881" status="PASS"></status>
</kw>
<status endtime="20161111 15:02:59.882" starttime="20161111 15:02:59.879" status="PASS"></status>
</kw>
<msg level="INFO" timestamp="20161111 15:02:59.883">${resp} = &lt;Response [200]&gt;</msg>
<status endtime="20161111 15:02:59.883" starttime="20161111 15:02:57.947" status="PASS"></status>
</kw>
<kw name="Should Be Equal As Strings" library="BuiltIn">
<doc>Fails if objects are unequal after converting them to strings.</doc>
<arguments>
<arg>${resp.status_code}</arg>
<arg>${HTTP_OK}</arg>
</arguments>
<msg level="INFO" timestamp="20161111 15:02:59.884">Argument types are:
&lt;type 'int'&gt;
&lt;type 'unicode'&gt;</msg>
<status endtime="20161111 15:02:59.884" starttime="20161111 15:02:59.883" status="PASS"></status>
</kw>
<kw name="To Json" library="RequestsLibrary.RequestsKeywords">
<doc>Convert a string to a JSON object</doc>
<arguments>
<arg>${resp.content}</arg>
</arguments>
<assign>
<var>${json}</var>
</assign>
<msg level="INFO" timestamp="20161111 15:02:59.885">To JSON using : content={
  "data": [
    "/org"
  ], 
  "message": "200 OK", 
  "status": "ok"
} </msg>
<msg level="INFO" timestamp="20161111 15:02:59.885">To JSON using : pretty_print=False </msg>
<msg level="INFO" timestamp="20161111 15:02:59.885">${json} = {u'message': u'200 OK', u'status': u'ok', u'data': [u'/org']}</msg>
<status endtime="20161111 15:02:59.885" starttime="20161111 15:02:59.884" status="PASS"></status>
</kw>
<kw name="List Should Contain Value" library="Collections">
<doc>Fails if the ``value`` is not found from ``list``.</doc>
<arguments>
<arg>${json['data']}</arg>
<arg>/org</arg>
</arguments>
<status endtime="20161111 15:02:59.886" starttime="20161111 15:02:59.885" status="PASS"></status>
</kw>
<kw name="Should Be Equal As Strings" library="BuiltIn">
<doc>Fails if objects are unequal after converting them to strings.</doc>
<arguments>
<arg>${json['status']}</arg>
<arg>ok</arg>
</arguments>
<status endtime="20161111 15:02:59.886" starttime="20161111 15:02:59.886" status="PASS"></status>
</kw>
<kw name="Log FFDC" library="openbmc_ffdc" type="teardown">
<doc>Generic FFDC entry point. Place holder to hook in</doc>
<kw name="Run Keyword If" library="BuiltIn">
<doc>Runs the given keyword with the given arguments, if ``condition`` is true.</doc>
<arguments>
<arg>'${TEST_STATUS}' == 'FAIL'</arg>
<arg>Log FFDC If Test Case Failed</arg>
</arguments>
<status endtime="20161111 15:02:59.891" starttime="20161111 15:02:59.888" status="PASS"></status>
</kw>
<kw name="Log Test Case Status" library="openbmc_ffdc_methods">
<doc>Test case execution result history.</doc>
<kw name="Create Directory" library="OperatingSystem">
<doc>Creates the specified directory.</doc>
<arguments>
<arg>${FFDC_LOG_PATH}</arg>
</arguments>
<msg level="INFO" timestamp="20161111 15:02:59.892" html="yes">Directory '&lt;a href="file:///tmp/root/5463/obmc-robot/logs"&gt;/tmp/root/5463/obmc-robot/logs&lt;/a&gt;' already exists.</msg>
<status endtime="20161111 15:02:59.892" starttime="20161111 15:02:59.892" status="PASS"></status>
</kw>
<kw name="Run Keyword And Return Status" library="BuiltIn">
<doc>Runs the given keyword with given arguments and returns the status as a Boolean value.</doc>
<arguments>
<arg>OperatingSystem.File Should Exist</arg>
<arg>${TEST_HISTORY}</arg>
</arguments>
<assign>
<var>${exist}</var>
</assign>
<kw name="File Should Exist" library="OperatingSystem">
<doc>Fails unless the given ``path`` points to an existing file.</doc>
<arguments>
<arg>${TEST_HISTORY}</arg>
</arguments>
<msg level="INFO" timestamp="20161111 15:02:59.893" html="yes">File '&lt;a href="file:///tmp/root/5463/obmc-robot/logs/test_history.txt"&gt;/tmp/root/5463/obmc-robot/logs/test_history.txt&lt;/a&gt;' exists.</msg>
<status endtime="20161111 15:02:59.893" starttime="20161111 15:02:59.893" status="PASS"></status>
</kw>
<msg level="INFO" timestamp="20161111 15:02:59.893">${exist} = True</msg>
<status endtime="20161111 15:02:59.893" starttime="20161111 15:02:59.893" status="PASS"></status>
</kw>
<kw name="Run Keyword If" library="BuiltIn">
<doc>Runs the given keyword with the given arguments, if ``condition`` is true.</doc>
<arguments>
<arg>'${exist}' == '${False}'</arg>
<arg>Create File</arg>
<arg>${TEST_HISTORY}</arg>
</arguments>
<status endtime="20161111 15:02:59.896" starttime="20161111 15:02:59.894" status="PASS"></status>
</kw>
<kw name="Get Current Time Stamp" library="openbmc_ffdc_utils">
<doc>Get the current time stamp data</doc>
<assign>
<var>${cur_time}</var>
</assign>
<kw name="Get Current Date" library="DateTime">
<doc>Returns current local or UTC time with an optional increment.</doc>
<arguments>
<arg>result_format=%Y-%m-%d %H:%M:%S:%f</arg>
</arguments>
<assign>
<var>${cur_time}</var>
</assign>
<msg level="INFO" timestamp="20161111 15:02:59.897">${cur_time} = 2016-11-11 15:02:59:896800</msg>
<status endtime="20161111 15:02:59.897" starttime="20161111 15:02:59.897" status="PASS"></status>
</kw>
<kw name="Get Strip String" library="openbmc_ffdc_list">
<doc>########################################################################</doc>
<arguments>
<arg>${cur_time}</arg>
</arguments>
<assign>
<var>${cur_time}</var>
</assign>
<msg level="INFO" timestamp="20161111 15:02:59.897">${cur_time} = 20161111150259896800</msg>
<status endtime="20161111 15:02:59.897" starttime="20161111 15:02:59.897" status="PASS"></status>
</kw>
<msg level="INFO" timestamp="20161111 15:02:59.898">${cur_time} = 20161111150259896800</msg>
<status endtime="20161111 15:02:59.898" starttime="20161111 15:02:59.896" status="PASS"></status>
</kw>
<kw name="Append To File" library="OperatingSystem">
<doc>Appends the given contend to the specified file.</doc>
<arguments>
<arg>${TEST_HISTORY}</arg>
<arg>${cur_time}:${SUITE_NAME}:${TEST_NAME}:${TEST_STATUS}${\n}</arg>
</arguments>
<msg level="INFO" timestamp="20161111 15:02:59.898" html="yes">Appended to file '&lt;a href="file:///tmp/root/5463/obmc-robot/logs/test_history.txt"&gt;/tmp/root/5463/obmc-robot/logs/test_history.txt&lt;/a&gt;'.</msg>
<status endtime="20161111 15:02:59.898" starttime="20161111 15:02:59.898" status="PASS"></status>
</kw>
<status endtime="20161111 15:02:59.899" starttime="20161111 15:02:59.891" status="PASS"></status>
</kw>
<status endtime="20161111 15:02:59.899" starttime="20161111 15:02:59.887" status="PASS"></status>
</kw>
<tags>
<tag>CI</tag>
<tag>get_directory_listing</tag>
</tags>
<status endtime="20161111 15:02:59.899" critical="yes" starttime="20161111 15:02:57.946" status="PASS"></status>
</test>
<doc>This suite will verifiy all OpenBMC rest interfaces
Details of valid interfaces can be found here...
https://github.com/openbmc/docs/blob/master/rest-api.md</doc>
<status endtime="20161111 15:02:59.899" starttime="20161111 15:02:57.021" status="PASS"></status>
</suite>
<status endtime="20161111 15:02:59.903" starttime="20161111 15:01:10.718" status="PASS"></status>
</suite>
<statistics>
<total>
<stat pass="8" fail="0">Critical Tests</stat>
<stat pass="8" fail="0">All Tests</stat>
</total>
<tag>
<stat pass="1" fail="0">chassisboot</stat>
<stat pass="4" fail="0">CI</stat>
<stat pass="1" fail="0">clear_any_logs</stat>
<stat pass="1" fail="0">Create_error_log_on_single_FRU</stat>
<stat pass="1" fail="0">Delete_error_log</stat>
<stat pass="1" fail="0">get_directory_listing</stat>
<stat pass="1" fail="0">Good_connection_for_testing</stat>
<stat pass="1" fail="0">power_on_test</stat>
<stat pass="1" fail="0">Test_SSL_Connection</stat>
<stat pass="1" fail="0">write_a_log</stat>
</tag>
<suite>
<stat pass="8" id="s1" name="Tests" fail="0">Tests</stat>
<stat pass="1" id="s1-s1" name="Security" fail="0">Tests.Security</stat>
<stat pass="1" id="s1-s1-s1" name="Test Ssl" fail="0">Tests.Security.Test Ssl</stat>
<stat pass="2" id="s1-s2" name="Test Association" fail="0">Tests.Test Association</stat>
<stat pass="1" id="s1-s3" name="Test Basic Poweron" fail="0">Tests.Test Basic Poweron</stat>
<stat pass="2" id="s1-s4" name="Test Eventlog" fail="0">Tests.Test Eventlog</stat>
<stat pass="2" id="s1-s5" name="Test Obmcrest" fail="0">Tests.Test Obmcrest</stat>
</suite>
</statistics>
<errors>
</errors>
</robot>
