<?xml version="1.0" encoding="UTF-8"?>
<robot generator="Robot 3.0.2 (Python 2.7.12 on linux2)" generated="20170705 18:00:07.131">
<suite name="Tests" id="s1" source="/tmp/fspcibld/25540/obmc-robot/tests">
<kw name="System Driver Data" type="setup">
<doc>System driver information.</doc>
<kw name="Open Connection And Log In" library="connection_client">
<doc>Opens a connection with the given arguments, and logs in.</doc>
<kw name="Run Keyword And Return Status" library="BuiltIn">
<doc>Runs the given keyword with given arguments and returns the status as a Boolean value.</doc>
<arguments>
<arg>Dictionary Should Contain Key</arg>
<arg>${connection_args}</arg>
<arg>host</arg>
</arguments>
<assign>
<var>${has_host}</var>
</assign>
<kw name="Dictionary Should Contain Key" library="Collections">
<doc>Fails if ``key`` is not found from ``dictionary``.</doc>
<arguments>
<arg>${connection_args}</arg>
<arg>host</arg>
</arguments>
<msg level="FAIL" timestamp="20170705 18:00:07.761">Dictionary does not contain key 'host'.</msg>
<status endtime="20170705 18:00:07.761" starttime="20170705 18:00:07.760" status="FAIL"></status>
</kw>
<msg level="INFO" timestamp="20170705 18:00:07.761">${has_host} = False</msg>
<status endtime="20170705 18:00:07.761" starttime="20170705 18:00:07.760" status="PASS"></status>
</kw>
<kw name="Run Keyword If" library="BuiltIn">
<doc>Runs the given keyword with the given arguments, if ``condition`` is true.</doc>
<arguments>
<arg>${has_host} == ${FALSE}</arg>
<arg>Set To Dictionary</arg>
<arg>${connection_args}</arg>
<arg>host=${OPENBMC_HOST}</arg>
</arguments>
<kw name="Set To Dictionary" library="Collections">
<doc>Adds the given ``key_value_pairs`` and ``items`` to the ``dictionary``.</doc>
<arguments>
<arg>${connection_args}</arg>
<arg>host=${OPENBMC_HOST}</arg>
</arguments>
<status endtime="20170705 18:00:07.762" starttime="20170705 18:00:07.762" status="PASS"></status>
</kw>
<status endtime="20170705 18:00:07.762" starttime="20170705 18:00:07.761" status="PASS"></status>
</kw>
<kw name="Run Keyword If" library="BuiltIn">
<doc>Runs the given keyword with the given arguments, if ``condition`` is true.</doc>
<arguments>
<arg>'${SSH_PORT}' != '${EMPTY}' and '${HTTPS_PORT}' != '${EMPTY}'</arg>
<arg>User input SSH and HTTPs Ports</arg>
</arguments>
<kw name="User input SSH and HTTPs Ports" library="connection_client">
<doc>Update the global SSH and HTTPs port variable for QEMU</doc>
<kw name="Convert To Integer" library="BuiltIn">
<doc>Converts the given item to an integer number.</doc>
<arguments>
<arg>${SSH_PORT}</arg>
</arguments>
<assign>
<var>${port_num}</var>
</assign>
<msg level="INFO" timestamp="20170705 18:00:07.763">${port_num} = 22</msg>
<status endtime="20170705 18:00:07.763" starttime="20170705 18:00:07.763" status="PASS"></status>
</kw>
<kw name="Replace Variables" library="BuiltIn">
<doc>Replaces variables in the given text with their current values.</doc>
<arguments>
<arg>${port_num}</arg>
</arguments>
<assign>
<var>${SSH_PORT}</var>
</assign>
<msg level="INFO" timestamp="20170705 18:00:07.764">${SSH_PORT} = 22</msg>
<status endtime="20170705 18:00:07.764" starttime="20170705 18:00:07.764" status="PASS"></status>
</kw>
<kw name="Convert To Integer" library="BuiltIn">
<doc>Converts the given item to an integer number.</doc>
<arguments>
<arg>${HTTPS_PORT}</arg>
</arguments>
<assign>
<var>${https_num}</var>
</assign>
<msg level="INFO" timestamp="20170705 18:00:07.764">${https_num} = 443</msg>
<status endtime="20170705 18:00:07.764" starttime="20170705 18:00:07.764" status="PASS"></status>
</kw>
<kw name="Set Global Variable" library="BuiltIn">
<doc>Makes a variable available globally in all tests and suites.</doc>
<arguments>
<arg>${AUTH_URI}</arg>
<arg>https://${OPENBMC_HOST}:${https_num}</arg>
</arguments>
<msg level="INFO" timestamp="20170705 18:00:07.765">${AUTH_URI} = https://9.3.21.61:443</msg>
<status endtime="20170705 18:00:07.765" starttime="20170705 18:00:07.765" status="PASS"></status>
</kw>
<status endtime="20170705 18:00:07.765" starttime="20170705 18:00:07.763" status="PASS"></status>
</kw>
<status endtime="20170705 18:00:07.765" starttime="20170705 18:00:07.762" status="PASS"></status>
</kw>
<kw name="Run Keyword And Return Status" library="BuiltIn">
<doc>Runs the given keyword with given arguments and returns the status as a Boolean value.</doc>
<arguments>
<arg>Dictionary Should Contain Key</arg>
<arg>${connection_args}</arg>
<arg>port</arg>
</arguments>
<assign>
<var>${has_port}</var>
</assign>
<kw name="Dictionary Should Contain Key" library="Collections">
<doc>Fails if ``key`` is not found from ``dictionary``.</doc>
<arguments>
<arg>${connection_args}</arg>
<arg>port</arg>
</arguments>
<msg level="FAIL" timestamp="20170705 18:00:07.766">Dictionary does not contain key 'port'.</msg>
<status endtime="20170705 18:00:07.766" starttime="20170705 18:00:07.766" status="FAIL"></status>
</kw>
<msg level="INFO" timestamp="20170705 18:00:07.767">${has_port} = False</msg>
<status endtime="20170705 18:00:07.767" starttime="20170705 18:00:07.766" status="PASS"></status>
</kw>
<kw name="Run Keyword If" library="BuiltIn">
<doc>Runs the given keyword with the given arguments, if ``condition`` is true.</doc>
<arguments>
<arg>'${SSH_PORT}' != '${EMPTY}' and ${has_port} == ${FALSE}</arg>
<arg>Run Keywords</arg>
<arg>Set To Dictionary</arg>
<arg>${connection_args}</arg>
<arg>port=${SSH_PORT}</arg>
<arg>AND</arg>
<arg>SSHLibrary.Open connection</arg>
<arg>&amp;{connection_args}</arg>
<arg>ELSE</arg>
<arg>Run Keyword</arg>
<arg>SSHLibrary.Open connection</arg>
<arg>&amp;{connection_args}</arg>
</arguments>
<kw name="Run Keywords" library="BuiltIn">
<doc>Executes all the given keywords in a sequence.</doc>
<arguments>
<arg>Set To Dictionary</arg>
<arg>${connection_args}</arg>
<arg>port=${SSH_PORT}</arg>
<arg>AND</arg>
<arg>SSHLibrary.Open connection</arg>
<arg>&amp;{connection_args}</arg>
</arguments>
<kw name="Set To Dictionary" library="Collections">
<doc>Adds the given ``key_value_pairs`` and ``items`` to the ``dictionary``.</doc>
<arguments>
<arg>${connection_args}</arg>
<arg>port=${SSH_PORT}</arg>
</arguments>
<status endtime="20170705 18:00:07.769" starttime="20170705 18:00:07.768" status="PASS"></status>
</kw>
<kw name="Open Connection" library="SSHLibrary">
<doc>Opens a new SSH connection to the given `host` and `port`.</doc>
<arguments>
<arg>&amp;{connection_args}</arg>
</arguments>
<status endtime="20170705 18:00:07.769" starttime="20170705 18:00:07.769" status="PASS"></status>
</kw>
<status endtime="20170705 18:00:07.769" starttime="20170705 18:00:07.767" status="PASS"></status>
</kw>
<status endtime="20170705 18:00:07.769" starttime="20170705 18:00:07.767" status="PASS"></status>
</kw>
<kw name="Login" library="SSHLibrary">
<doc>Logs into the SSH server with the given `username` and `password`.</doc>
<arguments>
<arg>${username}</arg>
<arg>${password}</arg>
</arguments>
<msg level="INFO" timestamp="20170705 18:00:07.770">Logging into '9.3.21.61:22' as 'root'.</msg>
<msg level="INFO" timestamp="20170705 18:00:09.527">Read output: root@witherspoon:~#</msg>
<status endtime="20170705 18:00:09.527" starttime="20170705 18:00:07.770" status="PASS"></status>
</kw>
<status endtime="20170705 18:00:09.528" starttime="20170705 18:00:07.759" status="PASS"></status>
</kw>
<kw name="Run Keyword And Ignore Error" library="BuiltIn">
<doc>Runs the given keyword with the given arguments and ignores possible error.</doc>
<arguments>
<arg>Log BMC Driver Details</arg>
</arguments>
<kw name="Log BMC Driver Details">
<doc>Get BMC driver details and log.</doc>
<kw name="Execute Command" library="SSHLibrary">
<doc>Executes `command` on the remote machine and returns its outputs.</doc>
<arguments>
<arg>${DRIVER_CMD}</arg>
<arg>return_stderr=True</arg>
</arguments>
<assign>
<var>${output}</var>
<var>${stderr}</var>
</assign>
<msg level="INFO" timestamp="20170705 18:00:09.529">Executing command 'cat /etc/os-release | grep ^VERSION_ID='.</msg>
<msg level="INFO" timestamp="20170705 18:00:09.607">Command exited with return code 0.</msg>
<msg level="INFO" timestamp="20170705 18:00:09.607">${output} = VERSION_ID="v1.99.7-79-g92a0af4"</msg>
<msg level="INFO" timestamp="20170705 18:00:09.607">${stderr} = </msg>
<status endtime="20170705 18:00:09.607" starttime="20170705 18:00:09.529" status="PASS"></status>
</kw>
<kw name="Should Be Empty" library="BuiltIn">
<doc>Verifies that the given item is empty.</doc>
<arguments>
<arg>${stderr}</arg>
</arguments>
<msg level="INFO" timestamp="20170705 18:00:09.607">Length is 0</msg>
<status endtime="20170705 18:00:09.608" starttime="20170705 18:00:09.607" status="PASS"></status>
</kw>
<kw name="Log" library="BuiltIn">
<doc>Logs the given message with the given level.</doc>
<arguments>
<arg>${output}</arg>
</arguments>
<msg level="INFO" timestamp="20170705 18:00:09.608">VERSION_ID="v1.99.7-79-g92a0af4"</msg>
<status endtime="20170705 18:00:09.608" starttime="20170705 18:00:09.608" status="PASS"></status>
</kw>
<status endtime="20170705 18:00:09.608" starttime="20170705 18:00:09.528" status="PASS"></status>
</kw>
<status endtime="20170705 18:00:09.608" starttime="20170705 18:00:09.528" status="PASS"></status>
</kw>
<kw name="Run Keyword And Ignore Error" library="BuiltIn">
<doc>Runs the given keyword with the given arguments and ignores possible error.</doc>
<arguments>
<arg>Log PNOR Driver Details</arg>
</arguments>
<kw name="Log PNOR Driver Details">
<doc>Get PNOR driver details and log.</doc>
<kw name="Execute Command On BMC" library="utils">
<doc>Execute given command on BMC and return output.</doc>
<arguments>
<arg>${PNOR_CMD}</arg>
</arguments>
<assign>
<var>${pnor_details}</var>
</assign>
<kw name="Execute Command" library="SSHLibrary">
<doc>Executes `command` on the remote machine and returns its outputs.</doc>
<arguments>
<arg>${command}</arg>
<arg>return_stderr=True</arg>
</arguments>
<assign>
<var>${stdout}</var>
<var>${stderr}</var>
</assign>
<msg level="INFO" timestamp="20170705 18:00:09.610">Executing command '/usr/sbin/pflash -r /tmp/out.txt -P VERSION; cat /tmp/out.txt'.</msg>
<msg level="INFO" timestamp="20170705 18:00:09.777">Command exited with return code 0.</msg>
<msg level="INFO" timestamp="20170705 18:00:09.777">${stdout} = Reading to "/tmp/out.txt" from 0x02820000..0x02821000 !
[                                                  ] 0%[==================================================] 100%
IBM-witherspoon-ibm-OP9_v1.17...</msg>
<msg level="INFO" timestamp="20170705 18:00:09.777">${stderr} = </msg>
<status endtime="20170705 18:00:09.778" starttime="20170705 18:00:09.609" status="PASS"></status>
</kw>
<kw name="Should Be Empty" library="BuiltIn">
<doc>Verifies that the given item is empty.</doc>
<arguments>
<arg>${stderr}</arg>
</arguments>
<msg level="INFO" timestamp="20170705 18:00:09.778">Length is 0</msg>
<status endtime="20170705 18:00:09.778" starttime="20170705 18:00:09.778" status="PASS"></status>
</kw>
<msg level="INFO" timestamp="20170705 18:00:09.778">${pnor_details} = Reading to "/tmp/out.txt" from 0x02820000..0x02821000 !
[                                                  ] 0%[==================================================] 100%
IBM-witherspoon-ibm-OP9_v1.17...</msg>
<status endtime="20170705 18:00:09.778" starttime="20170705 18:00:09.609" status="PASS"></status>
</kw>
<kw name="Log" library="BuiltIn">
<doc>Logs the given message with the given level.</doc>
<arguments>
<arg>PNOR_INFO=${pnor_details}</arg>
</arguments>
<msg level="INFO" timestamp="20170705 18:00:09.779">PNOR_INFO=Reading to "/tmp/out.txt" from 0x02820000..0x02821000 !
[                                                  ] 0%[==================================================] 100%
IBM-witherspoon-ibm-OP9_v1.17_1.46
	op-build-v1.17-101-g1c57f18-dirty
	buildroot-2017.02.2-7-g23118ce
	skiboot-5.6.0-158-ga1e0a047b2a0
	hostboot-0ffbb55
	linux-4.11.6-openpower1-p57dd16e
	petitboot-v1.4.3-pfac92ff
	machine-xml-5b59a1d
	occ-1dc97a6
	hostboot-binaries-711147e
	capp-ucode-9c73e9f
	sbe-0df81aa
</msg>
<status endtime="20170705 18:00:09.780" starttime="20170705 18:00:09.779" status="PASS"></status>
</kw>
<status endtime="20170705 18:00:09.780" starttime="20170705 18:00:09.609" status="PASS"></status>
</kw>
<status endtime="20170705 18:00:09.780" starttime="20170705 18:00:09.609" status="PASS"></status>
</kw>
<kw name="Run Keyword And Ignore Error" library="BuiltIn">
<doc>Runs the given keyword with the given arguments and ignores possible error.</doc>
<arguments>
<arg>Log BMC Model</arg>
</arguments>
<kw name="Log BMC Model">
<doc>Fetch BMC Model name from system and log.</doc>
<kw name="Get BMC System Model" library="utils">
<doc>Get the BMC model from the device tree.</doc>
<assign>
<var>${bmc_model}</var>
</assign>
<kw name="Open Connection And Log In" library="connection_client">
<doc>Opens a connection with the given arguments, and logs in.</doc>
<kw name="Run Keyword And Return Status" library="BuiltIn">
<doc>Runs the given keyword with given arguments and returns the status as a Boolean value.</doc>
<arguments>
<arg>Dictionary Should Contain Key</arg>
<arg>${connection_args}</arg>
<arg>host</arg>
</arguments>
<assign>
<var>${has_host}</var>
</assign>
<kw name="Dictionary Should Contain Key" library="Collections">
<doc>Fails if ``key`` is not found from ``dictionary``.</doc>
<arguments>
<arg>${connection_args}</arg>
<arg>host</arg>
</arguments>
<msg level="FAIL" timestamp="20170705 18:00:09.782">Dictionary does not contain key 'host'.</msg>
<status endtime="20170705 18:00:09.782" starttime="20170705 18:00:09.782" status="FAIL"></status>
</kw>
<msg level="INFO" timestamp="20170705 18:00:09.783">${has_host} = False</msg>
<status endtime="20170705 18:00:09.783" starttime="20170705 18:00:09.782" status="PASS"></status>
</kw>
<kw name="Run Keyword If" library="BuiltIn">
<doc>Runs the given keyword with the given arguments, if ``condition`` is true.</doc>
<arguments>
<arg>${has_host} == ${FALSE}</arg>
<arg>Set To Dictionary</arg>
<arg>${connection_args}</arg>
<arg>host=${OPENBMC_HOST}</arg>
</arguments>
<kw name="Set To Dictionary" library="Collections">
<doc>Adds the given ``key_value_pairs`` and ``items`` to the ``dictionary``.</doc>
<arguments>
<arg>${connection_args}</arg>
<arg>host=${OPENBMC_HOST}</arg>
</arguments>
<status endtime="20170705 18:00:09.784" starttime="20170705 18:00:09.783" status="PASS"></status>
</kw>
<status endtime="20170705 18:00:09.784" starttime="20170705 18:00:09.783" status="PASS"></status>
</kw>
<kw name="Run Keyword If" library="BuiltIn">
<doc>Runs the given keyword with the given arguments, if ``condition`` is true.</doc>
<arguments>
<arg>'${SSH_PORT}' != '${EMPTY}' and '${HTTPS_PORT}' != '${EMPTY}'</arg>
<arg>User input SSH and HTTPs Ports</arg>
</arguments>
<kw name="User input SSH and HTTPs Ports" library="connection_client">
<doc>Update the global SSH and HTTPs port variable for QEMU</doc>
<kw name="Convert To Integer" library="BuiltIn">
<doc>Converts the given item to an integer number.</doc>
<arguments>
<arg>${SSH_PORT}</arg>
</arguments>
<assign>
<var>${port_num}</var>
</assign>
<msg level="INFO" timestamp="20170705 18:00:09.785">${port_num} = 22</msg>
<status endtime="20170705 18:00:09.785" starttime="20170705 18:00:09.785" status="PASS"></status>
</kw>
<kw name="Replace Variables" library="BuiltIn">
<doc>Replaces variables in the given text with their current values.</doc>
<arguments>
<arg>${port_num}</arg>
</arguments>
<assign>
<var>${SSH_PORT}</var>
</assign>
<msg level="INFO" timestamp="20170705 18:00:09.786">${SSH_PORT} = 22</msg>
<status endtime="20170705 18:00:09.786" starttime="20170705 18:00:09.785" status="PASS"></status>
</kw>
<kw name="Convert To Integer" library="BuiltIn">
<doc>Converts the given item to an integer number.</doc>
<arguments>
<arg>${HTTPS_PORT}</arg>
</arguments>
<assign>
<var>${https_num}</var>
</assign>
<msg level="INFO" timestamp="20170705 18:00:09.786">${https_num} = 443</msg>
<status endtime="20170705 18:00:09.786" starttime="20170705 18:00:09.786" status="PASS"></status>
</kw>
<kw name="Set Global Variable" library="BuiltIn">
<doc>Makes a variable available globally in all tests and suites.</doc>
<arguments>
<arg>${AUTH_URI}</arg>
<arg>https://${OPENBMC_HOST}:${https_num}</arg>
</arguments>
<msg level="INFO" timestamp="20170705 18:00:09.787">${AUTH_URI} = https://9.3.21.61:443</msg>
<status endtime="20170705 18:00:09.787" starttime="20170705 18:00:09.786" status="PASS"></status>
</kw>
<status endtime="20170705 18:00:09.787" starttime="20170705 18:00:09.784" status="PASS"></status>
</kw>
<status endtime="20170705 18:00:09.787" starttime="20170705 18:00:09.784" status="PASS"></status>
</kw>
<kw name="Run Keyword And Return Status" library="BuiltIn">
<doc>Runs the given keyword with given arguments and returns the status as a Boolean value.</doc>
<arguments>
<arg>Dictionary Should Contain Key</arg>
<arg>${connection_args}</arg>
<arg>port</arg>
</arguments>
<assign>
<var>${has_port}</var>
</assign>
<kw name="Dictionary Should Contain Key" library="Collections">
<doc>Fails if ``key`` is not found from ``dictionary``.</doc>
<arguments>
<arg>${connection_args}</arg>
<arg>port</arg>
</arguments>
<msg level="FAIL" timestamp="20170705 18:00:09.788">Dictionary does not contain key 'port'.</msg>
<status endtime="20170705 18:00:09.788" starttime="20170705 18:00:09.788" status="FAIL"></status>
</kw>
<msg level="INFO" timestamp="20170705 18:00:09.789">${has_port} = False</msg>
<status endtime="20170705 18:00:09.789" starttime="20170705 18:00:09.788" status="PASS"></status>
</kw>
<kw name="Run Keyword If" library="BuiltIn">
<doc>Runs the given keyword with the given arguments, if ``condition`` is true.</doc>
<arguments>
<arg>'${SSH_PORT}' != '${EMPTY}' and ${has_port} == ${FALSE}</arg>
<arg>Run Keywords</arg>
<arg>Set To Dictionary</arg>
<arg>${connection_args}</arg>
<arg>port=${SSH_PORT}</arg>
<arg>AND</arg>
<arg>SSHLibrary.Open connection</arg>
<arg>&amp;{connection_args}</arg>
<arg>ELSE</arg>
<arg>Run Keyword</arg>
<arg>SSHLibrary.Open connection</arg>
<arg>&amp;{connection_args}</arg>
</arguments>
<kw name="Run Keywords" library="BuiltIn">
<doc>Executes all the given keywords in a sequence.</doc>
<arguments>
<arg>Set To Dictionary</arg>
<arg>${connection_args}</arg>
<arg>port=${SSH_PORT}</arg>
<arg>AND</arg>
<arg>SSHLibrary.Open connection</arg>
<arg>&amp;{connection_args}</arg>
</arguments>
<kw name="Set To Dictionary" library="Collections">
<doc>Adds the given ``key_value_pairs`` and ``items`` to the ``dictionary``.</doc>
<arguments>
<arg>${connection_args}</arg>
<arg>port=${SSH_PORT}</arg>
</arguments>
<status endtime="20170705 18:00:09.790" starttime="20170705 18:00:09.790" status="PASS"></status>
</kw>
<kw name="Open Connection" library="SSHLibrary">
<doc>Opens a new SSH connection to the given `host` and `port`.</doc>
<arguments>
<arg>&amp;{connection_args}</arg>
</arguments>
<status endtime="20170705 18:00:09.791" starttime="20170705 18:00:09.790" status="PASS"></status>
</kw>
<status endtime="20170705 18:00:09.791" starttime="20170705 18:00:09.790" status="PASS"></status>
</kw>
<status endtime="20170705 18:00:09.791" starttime="20170705 18:00:09.789" status="PASS"></status>
</kw>
<kw name="Login" library="SSHLibrary">
<doc>Logs into the SSH server with the given `username` and `password`.</doc>
<arguments>
<arg>${username}</arg>
<arg>${password}</arg>
</arguments>
<msg level="INFO" timestamp="20170705 18:00:09.791">Logging into '9.3.21.61:22' as 'root'.</msg>
<msg level="INFO" timestamp="20170705 18:00:11.573">Read output: root@witherspoon:~#</msg>
<status endtime="20170705 18:00:11.574" starttime="20170705 18:00:09.791" status="PASS"></status>
</kw>
<status endtime="20170705 18:00:11.574" starttime="20170705 18:00:09.781" status="PASS"></status>
</kw>
<kw name="Execute Command" library="SSHLibrary">
<doc>Executes `command` on the remote machine and returns its outputs.</doc>
<arguments>
<arg>cat ${devicetree_base} | cut -d " " -f 1</arg>
<arg>return_stderr=True</arg>
</arguments>
<assign>
<var>${bmc_model}</var>
<var>${stderr}</var>
</assign>
<msg level="INFO" timestamp="20170705 18:00:11.574">Executing command 'cat /sys/firmware/devicetree/base/model | cut -d " " -f 1'.</msg>
<msg level="INFO" timestamp="20170705 18:00:11.691">Command exited with return code 0.</msg>
<msg level="INFO" timestamp="20170705 18:00:11.691">${bmc_model} = Witherspoon</msg>
<msg level="INFO" timestamp="20170705 18:00:11.691">${stderr} = </msg>
<status endtime="20170705 18:00:11.692" starttime="20170705 18:00:11.574" status="PASS"></status>
</kw>
<kw name="Should Be Empty" library="BuiltIn">
<doc>Verifies that the given item is empty.</doc>
<arguments>
<arg>${stderr}</arg>
</arguments>
<msg level="INFO" timestamp="20170705 18:00:11.692">Length is 0</msg>
<status endtime="20170705 18:00:11.692" starttime="20170705 18:00:11.692" status="PASS"></status>
</kw>
<kw name="Should Not Be Empty" library="BuiltIn">
<doc>Verifies that the given item is not empty.</doc>
<arguments>
<arg>${bmc_model}</arg>
</arguments>
<msg level="INFO" timestamp="20170705 18:00:11.692">Length is 11</msg>
<status endtime="20170705 18:00:11.693" starttime="20170705 18:00:11.692" status="PASS"></status>
</kw>
<msg level="INFO" timestamp="20170705 18:00:11.693">${bmc_model} = Witherspoon</msg>
<status endtime="20170705 18:00:11.693" starttime="20170705 18:00:09.781" status="PASS"></status>
</kw>
<kw name="Log" library="BuiltIn">
<doc>Logs the given message with the given level.</doc>
<arguments>
<arg>BMC Model=${bmc_model}</arg>
</arguments>
<msg level="INFO" timestamp="20170705 18:00:11.693">BMC Model=Witherspoon</msg>
<status endtime="20170705 18:00:11.693" starttime="20170705 18:00:11.693" status="PASS"></status>
</kw>
<status endtime="20170705 18:00:11.693" starttime="20170705 18:00:09.780" status="PASS"></status>
</kw>
<status endtime="20170705 18:00:11.693" starttime="20170705 18:00:09.780" status="PASS"></status>
</kw>
<kw name="Run Keyword And Ignore Error" library="BuiltIn">
<doc>Runs the given keyword with the given arguments and ignores possible error.</doc>
<arguments>
<arg>Enable Core Dump On BMC</arg>
</arguments>
<kw name="Enable Core Dump On BMC" library="utils">
<doc>Enable core dump collection.</doc>
<kw name="Open Connection And Log In" library="connection_client">
<doc>Opens a connection with the given arguments, and logs in.</doc>
<kw name="Run Keyword And Return Status" library="BuiltIn">
<doc>Runs the given keyword with given arguments and returns the status as a Boolean value.</doc>
<arguments>
<arg>Dictionary Should Contain Key</arg>
<arg>${connection_args}</arg>
<arg>host</arg>
</arguments>
<assign>
<var>${has_host}</var>
</assign>
<kw name="Dictionary Should Contain Key" library="Collections">
<doc>Fails if ``key`` is not found from ``dictionary``.</doc>
<arguments>
<arg>${connection_args}</arg>
<arg>host</arg>
</arguments>
<msg level="FAIL" timestamp="20170705 18:00:11.695">Dictionary does not contain key 'host'.</msg>
<status endtime="20170705 18:00:11.696" starttime="20170705 18:00:11.695" status="FAIL"></status>
</kw>
<msg level="INFO" timestamp="20170705 18:00:11.696">${has_host} = False</msg>
<status endtime="20170705 18:00:11.696" starttime="20170705 18:00:11.695" status="PASS"></status>
</kw>
<kw name="Run Keyword If" library="BuiltIn">
<doc>Runs the given keyword with the given arguments, if ``condition`` is true.</doc>
<arguments>
<arg>${has_host} == ${FALSE}</arg>
<arg>Set To Dictionary</arg>
<arg>${connection_args}</arg>
<arg>host=${OPENBMC_HOST}</arg>
</arguments>
<kw name="Set To Dictionary" library="Collections">
<doc>Adds the given ``key_value_pairs`` and ``items`` to the ``dictionary``.</doc>
<arguments>
<arg>${connection_args}</arg>
<arg>host=${OPENBMC_HOST}</arg>
</arguments>
<status endtime="20170705 18:00:11.697" starttime="20170705 18:00:11.696" status="PASS"></status>
</kw>
<status endtime="20170705 18:00:11.697" starttime="20170705 18:00:11.696" status="PASS"></status>
</kw>
<kw name="Run Keyword If" library="BuiltIn">
<doc>Runs the given keyword with the given arguments, if ``condition`` is true.</doc>
<arguments>
<arg>'${SSH_PORT}' != '${EMPTY}' and '${HTTPS_PORT}' != '${EMPTY}'</arg>
<arg>User input SSH and HTTPs Ports</arg>
</arguments>
<kw name="User input SSH and HTTPs Ports" library="connection_client">
<doc>Update the global SSH and HTTPs port variable for QEMU</doc>
<kw name="Convert To Integer" library="BuiltIn">
<doc>Converts the given item to an integer number.</doc>
<arguments>
<arg>${SSH_PORT}</arg>
</arguments>
<assign>
<var>${port_num}</var>
</assign>
<msg level="INFO" timestamp="20170705 18:00:11.698">${port_num} = 22</msg>
<status endtime="20170705 18:00:11.698" starttime="20170705 18:00:11.698" status="PASS"></status>
</kw>
<kw name="Replace Variables" library="BuiltIn">
<doc>Replaces variables in the given text with their current values.</doc>
<arguments>
<arg>${port_num}</arg>
</arguments>
<assign>
<var>${SSH_PORT}</var>
</assign>
<msg level="INFO" timestamp="20170705 18:00:11.699">${SSH_PORT} = 22</msg>
<status endtime="20170705 18:00:11.699" starttime="20170705 18:00:11.699" status="PASS"></status>
</kw>
<kw name="Convert To Integer" library="BuiltIn">
<doc>Converts the given item to an integer number.</doc>
<arguments>
<arg>${HTTPS_PORT}</arg>
</arguments>
<assign>
<var>${https_num}</var>
</assign>
<msg level="INFO" timestamp="20170705 18:00:11.700">${https_num} = 443</msg>
<status endtime="20170705 18:00:11.700" starttime="20170705 18:00:11.699" status="PASS"></status>
</kw>
<kw name="Set Global Variable" library="BuiltIn">
<doc>Makes a variable available globally in all tests and suites.</doc>
<arguments>
<arg>${AUTH_URI}</arg>
<arg>https://${OPENBMC_HOST}:${https_num}</arg>
</arguments>
<msg level="INFO" timestamp="20170705 18:00:11.700">${AUTH_URI} = https://9.3.21.61:443</msg>
<status endtime="20170705 18:00:11.700" starttime="20170705 18:00:11.700" status="PASS"></status>
</kw>
<status endtime="20170705 18:00:11.700" starttime="20170705 18:00:11.697" status="PASS"></status>
</kw>
<status endtime="20170705 18:00:11.701" starttime="20170705 18:00:11.697" status="PASS"></status>
</kw>
<kw name="Run Keyword And Return Status" library="BuiltIn">
<doc>Runs the given keyword with given arguments and returns the status as a Boolean value.</doc>
<arguments>
<arg>Dictionary Should Contain Key</arg>
<arg>${connection_args}</arg>
<arg>port</arg>
</arguments>
<assign>
<var>${has_port}</var>
</assign>
<kw name="Dictionary Should Contain Key" library="Collections">
<doc>Fails if ``key`` is not found from ``dictionary``.</doc>
<arguments>
<arg>${connection_args}</arg>
<arg>port</arg>
</arguments>
<msg level="FAIL" timestamp="20170705 18:00:11.701">Dictionary does not contain key 'port'.</msg>
<status endtime="20170705 18:00:11.701" starttime="20170705 18:00:11.701" status="FAIL"></status>
</kw>
<msg level="INFO" timestamp="20170705 18:00:11.702">${has_port} = False</msg>
<status endtime="20170705 18:00:11.702" starttime="20170705 18:00:11.701" status="PASS"></status>
</kw>
<kw name="Run Keyword If" library="BuiltIn">
<doc>Runs the given keyword with the given arguments, if ``condition`` is true.</doc>
<arguments>
<arg>'${SSH_PORT}' != '${EMPTY}' and ${has_port} == ${FALSE}</arg>
<arg>Run Keywords</arg>
<arg>Set To Dictionary</arg>
<arg>${connection_args}</arg>
<arg>port=${SSH_PORT}</arg>
<arg>AND</arg>
<arg>SSHLibrary.Open connection</arg>
<arg>&amp;{connection_args}</arg>
<arg>ELSE</arg>
<arg>Run Keyword</arg>
<arg>SSHLibrary.Open connection</arg>
<arg>&amp;{connection_args}</arg>
</arguments>
<kw name="Run Keywords" library="BuiltIn">
<doc>Executes all the given keywords in a sequence.</doc>
<arguments>
<arg>Set To Dictionary</arg>
<arg>${connection_args}</arg>
<arg>port=${SSH_PORT}</arg>
<arg>AND</arg>
<arg>SSHLibrary.Open connection</arg>
<arg>&amp;{connection_args}</arg>
</arguments>
<kw name="Set To Dictionary" library="Collections">
<doc>Adds the given ``key_value_pairs`` and ``items`` to the ``dictionary``.</doc>
<arguments>
<arg>${connection_args}</arg>
<arg>port=${SSH_PORT}</arg>
</arguments>
<status endtime="20170705 18:00:11.703" starttime="20170705 18:00:11.703" status="PASS"></status>
</kw>
<kw name="Open Connection" library="SSHLibrary">
<doc>Opens a new SSH connection to the given `host` and `port`.</doc>
<arguments>
<arg>&amp;{connection_args}</arg>
</arguments>
<status endtime="20170705 18:00:11.704" starttime="20170705 18:00:11.703" status="PASS"></status>
</kw>
<status endtime="20170705 18:00:11.704" starttime="20170705 18:00:11.702" status="PASS"></status>
</kw>
<status endtime="20170705 18:00:11.704" starttime="20170705 18:00:11.702" status="PASS"></status>
</kw>
<kw name="Login" library="SSHLibrary">
<doc>Logs into the SSH server with the given `username` and `password`.</doc>
<arguments>
<arg>${username}</arg>
<arg>${password}</arg>
</arguments>
<msg level="INFO" timestamp="20170705 18:00:11.704">Logging into '9.3.21.61:22' as 'root'.</msg>
<msg level="INFO" timestamp="20170705 18:00:13.555">Read output: root@witherspoon:~#</msg>
<status endtime="20170705 18:00:13.555" starttime="20170705 18:00:11.704" status="PASS"></status>
</kw>
<status endtime="20170705 18:00:13.556" starttime="20170705 18:00:11.694" status="PASS"></status>
</kw>
<kw name="Execute Command On BMC" library="utils">
<doc>Execute given command on BMC and return output.</doc>
<arguments>
<arg>echo '/tmp/core_%e.%p' | tee /proc/sys/kernel/core_pattern</arg>
</arguments>
<assign>
<var>${core_pattern}</var>
</assign>
<kw name="Execute Command" library="SSHLibrary">
<doc>Executes `command` on the remote machine and returns its outputs.</doc>
<arguments>
<arg>${command}</arg>
<arg>return_stderr=True</arg>
</arguments>
<assign>
<var>${stdout}</var>
<var>${stderr}</var>
</assign>
<msg level="INFO" timestamp="20170705 18:00:13.557">Executing command 'echo '/tmp/core_%e.%p' | tee /proc/sys/kernel/core_pattern'.</msg>
<msg level="INFO" timestamp="20170705 18:00:13.633">Command exited with return code 0.</msg>
<msg level="INFO" timestamp="20170705 18:00:13.634">${stdout} = /tmp/core_%e.%p</msg>
<msg level="INFO" timestamp="20170705 18:00:13.634">${stderr} = </msg>
<status endtime="20170705 18:00:13.634" starttime="20170705 18:00:13.556" status="PASS"></status>
</kw>
<kw name="Should Be Empty" library="BuiltIn">
<doc>Verifies that the given item is empty.</doc>
<arguments>
<arg>${stderr}</arg>
</arguments>
<msg level="INFO" timestamp="20170705 18:00:13.634">Length is 0</msg>
<status endtime="20170705 18:00:13.634" starttime="20170705 18:00:13.634" status="PASS"></status>
</kw>
<msg level="INFO" timestamp="20170705 18:00:13.635">${core_pattern} = /tmp/core_%e.%p</msg>
<status endtime="20170705 18:00:13.635" starttime="20170705 18:00:13.556" status="PASS"></status>
</kw>
<kw name="Should Be Equal As Strings" library="BuiltIn">
<doc>Fails if objects are unequal after converting them to strings.</doc>
<arguments>
<arg>${core_pattern}</arg>
<arg>/tmp/core_%e.%p</arg>
</arguments>
<status endtime="20170705 18:00:13.635" starttime="20170705 18:00:13.635" status="PASS"></status>
</kw>
<status endtime="20170705 18:00:13.635" starttime="20170705 18:00:11.694" status="PASS"></status>
</kw>
<status endtime="20170705 18:00:13.635" starttime="20170705 18:00:11.694" status="PASS"></status>
</kw>
<kw name="Run Keyword If" library="BuiltIn">
<doc>Runs the given keyword with the given arguments, if ``condition`` is true.</doc>
<arguments>
<arg>'${DEBUG_TARBALL_PATH}' != '${EMPTY}'</arg>
<arg>Run Keyword And Ignore Error</arg>
<arg>Install Debug Tarball On BMC</arg>
<arg>${DEBUG_TARBALL_PATH}</arg>
</arguments>
<status endtime="20170705 18:00:13.636" starttime="20170705 18:00:13.636" status="PASS"></status>
</kw>
<status endtime="20170705 18:00:13.636" starttime="20170705 18:00:07.759" status="PASS"></status>
</kw>
<suite name="Security" id="s1-s1" source="/tmp/fspcibld/25540/obmc-robot/tests/security">
<suite name="Test Ssl" id="s1-s1-s1" source="/tmp/fspcibld/25540/obmc-robot/tests/security/test_ssl.robot">
<test name="Test SSL Connection" id="s1-s1-s1-t1">
<kw name="Initialize OpenBMC" library="rest_client">
<kw name="Wait Until Keyword Succeeds" library="BuiltIn">
<doc>Runs the specified keyword and retries if it fails.</doc>
<arguments>
<arg>40 sec</arg>
<arg>20 sec</arg>
<arg>Post Login Request</arg>
<arg>${timeout}</arg>
<arg>${quiet}</arg>
</arguments>
<kw name="Post Login Request" library="rest_client">
<arguments>
<arg>${timeout}</arg>
<arg>${quiet}</arg>
</arguments>
<kw name="Create Session" library="RequestsLibrary.RequestsKeywords">
<doc>Create Session: create a HTTP session to a server</doc>
<arguments>
<arg>openbmc</arg>
<arg>${AUTH_URI}</arg>
<arg>timeout=${timeout}</arg>
<arg>max_retries=3</arg>
</arguments>
<msg level="INFO" timestamp="20170705 18:00:13.724">Creating Session using : alias=openbmc, url=https://9.3.21.61:443, headers={},                     cookies=None, auth=None, timeout=20, proxies=None, verify=False,                     debug=0 </msg>
<status endtime="20170705 18:00:13.724" starttime="20170705 18:00:13.723" status="PASS"></status>
</kw>
<kw name="Create Dictionary" library="BuiltIn">
<doc>Creates and returns a dictionary based on the given ``items``.</doc>
<arguments>
<arg>Content-Type=application/json</arg>
</arguments>
<assign>
<var>${headers}</var>
</assign>
<msg level="INFO" timestamp="20170705 18:00:13.725">${headers} = {u'Content-Type': u'application/json'}</msg>
<status endtime="20170705 18:00:13.725" starttime="20170705 18:00:13.724" status="PASS"></status>
</kw>
<kw name="Create List" library="BuiltIn">
<doc>Returns a list containing given items.</doc>
<arguments>
<arg>${OPENBMC_USERNAME}</arg>
<arg>${OPENBMC_PASSWORD}</arg>
</arguments>
<assign>
<var>@{credentials}</var>
</assign>
<msg level="INFO" timestamp="20170705 18:00:13.726">@{credentials} = [ root | 0penBmc ]</msg>
<status endtime="20170705 18:00:13.726" starttime="20170705 18:00:13.725" status="PASS"></status>
</kw>
<kw name="Create Dictionary" library="BuiltIn">
<doc>Creates and returns a dictionary based on the given ``items``.</doc>
<arguments>
<arg>data=@{credentials}</arg>
</arguments>
<assign>
<var>${data}</var>
</assign>
<msg level="INFO" timestamp="20170705 18:00:13.726">${data} = {u'data': [u'root', u'0penBmc']}</msg>
<status endtime="20170705 18:00:13.726" starttime="20170705 18:00:13.726" status="PASS"></status>
</kw>
<kw name="Run Keyword And Ignore Error" library="BuiltIn">
<doc>Runs the given keyword with the given arguments and ignores possible error.</doc>
<arguments>
<arg>Post Request</arg>
<arg>openbmc</arg>
<arg>/login</arg>
<arg>data=${data}</arg>
<arg>headers=${headers}</arg>
</arguments>
<assign>
<var>${status}</var>
<var>${resp}</var>
</assign>
<kw name="Post Request" library="RequestsLibrary.RequestsKeywords">
<doc>Send a POST request on the session object found using the</doc>
<arguments>
<arg>openbmc</arg>
<arg>/login</arg>
<arg>data=${data}</arg>
<arg>headers=${headers}</arg>
</arguments>
<msg level="INFO" timestamp="20170705 18:00:13.927">Post Request using : alias=openbmc, uri=/login, data={"data": ["root", "0penBmc"]}, headers={u'Content-Type': u'application/json'}, files=None, allow_redirects=True </msg>
<status endtime="20170705 18:00:13.927" starttime="20170705 18:00:13.727" status="PASS"></status>
</kw>
<msg level="INFO" timestamp="20170705 18:00:13.927">${status} = PASS</msg>
<msg level="INFO" timestamp="20170705 18:00:13.927">${resp} = &lt;Response [200]&gt;</msg>
<status endtime="20170705 18:00:13.927" starttime="20170705 18:00:13.726" status="PASS"></status>
</kw>
<kw name="Should Be Equal" library="BuiltIn">
<doc>Fails if the given objects are unequal.</doc>
<arguments>
<arg>${status}</arg>
<arg>PASS</arg>
<arg>msg=${resp}</arg>
</arguments>
<msg level="INFO" timestamp="20170705 18:00:13.928">Argument types are:
&lt;type 'str'&gt;
&lt;type 'unicode'&gt;</msg>
<status endtime="20170705 18:00:13.928" starttime="20170705 18:00:13.927" status="PASS"></status>
</kw>
<kw name="Should Be Equal As Strings" library="BuiltIn">
<doc>Fails if objects are unequal after converting them to strings.</doc>
<arguments>
<arg>${resp.status_code}</arg>
<arg>${HTTP_OK}</arg>
</arguments>
<msg level="INFO" timestamp="20170705 18:00:13.928">Argument types are:
&lt;type 'int'&gt;
&lt;type 'unicode'&gt;</msg>
<status endtime="20170705 18:00:13.928" starttime="20170705 18:00:13.928" status="PASS"></status>
</kw>
<status endtime="20170705 18:00:13.929" starttime="20170705 18:00:13.723" status="PASS"></status>
</kw>
<status endtime="20170705 18:00:13.929" starttime="20170705 18:00:13.722" status="PASS"></status>
</kw>
<status endtime="20170705 18:00:13.929" starttime="20170705 18:00:13.722" status="PASS"></status>
</kw>
<kw name="FFDC On Test Case Fail" library="openbmc_ffdc" type="teardown">
<doc>Generic FFDC entry point. Place holder to hook in</doc>
<kw name="Is Host Quiesced" library="state_manager">
<doc>Check if host state is quiesced.</doc>
<assign>
<var>${status}</var>
</assign>
<kw name="Get Host State" library="state_manager">
<doc>Return the state of the host as a string.</doc>
<assign>
<var>${host_state}</var>
</assign>
<kw name="Read Attribute" library="rest_client">
<arguments>
<arg>${HOST_STATE_URI}</arg>
<arg>CurrentHostState</arg>
<arg>quiet=${quiet}</arg>
</arguments>
<assign>
<var>${state}</var>
</assign>
<kw name="OpenBMC Get Request" library="rest_client">
<arguments>
<arg>${uri}/attr/${attr}</arg>
<arg>timeout=${timeout}</arg>
<arg>quiet=${quiet}</arg>
</arguments>
<assign>
<var>${resp}</var>
</assign>
<kw name="Initialize OpenBMC" library="rest_client">
<arguments>
<arg>${timeout}</arg>
<arg>quiet=${quiet}</arg>
</arguments>
<kw name="Wait Until Keyword Succeeds" library="BuiltIn">
<doc>Runs the specified keyword and retries if it fails.</doc>
<arguments>
<arg>40 sec</arg>
<arg>20 sec</arg>
<arg>Post Login Request</arg>
<arg>${timeout}</arg>
<arg>${quiet}</arg>
</arguments>
<kw name="Post Login Request" library="rest_client">
<arguments>
<arg>${timeout}</arg>
<arg>${quiet}</arg>
</arguments>
<kw name="Create Session" library="RequestsLibrary.RequestsKeywords">
<doc>Create Session: create a HTTP session to a server</doc>
<arguments>
<arg>openbmc</arg>
<arg>${AUTH_URI}</arg>
<arg>timeout=${timeout}</arg>
<arg>max_retries=3</arg>
</arguments>
<msg level="INFO" timestamp="20170705 18:00:13.934">Creating Session using : alias=openbmc, url=https://9.3.21.61:443, headers={},                     cookies=None, auth=None, timeout=10, proxies=None, verify=False,                     debug=0 </msg>
<status endtime="20170705 18:00:13.935" starttime="20170705 18:00:13.934" status="PASS"></status>
</kw>
<kw name="Create Dictionary" library="BuiltIn">
<doc>Creates and returns a dictionary based on the given ``items``.</doc>
<arguments>
<arg>Content-Type=application/json</arg>
</arguments>
<assign>
<var>${headers}</var>
</assign>
<msg level="INFO" timestamp="20170705 18:00:13.936">${headers} = {u'Content-Type': u'application/json'}</msg>
<status endtime="20170705 18:00:13.936" starttime="20170705 18:00:13.935" status="PASS"></status>
</kw>
<kw name="Create List" library="BuiltIn">
<doc>Returns a list containing given items.</doc>
<arguments>
<arg>${OPENBMC_USERNAME}</arg>
<arg>${OPENBMC_PASSWORD}</arg>
</arguments>
<assign>
<var>@{credentials}</var>
</assign>
<msg level="INFO" timestamp="20170705 18:00:13.937">@{credentials} = [ root | 0penBmc ]</msg>
<status endtime="20170705 18:00:13.937" starttime="20170705 18:00:13.936" status="PASS"></status>
</kw>
<kw name="Create Dictionary" library="BuiltIn">
<doc>Creates and returns a dictionary based on the given ``items``.</doc>
<arguments>
<arg>data=@{credentials}</arg>
</arguments>
<assign>
<var>${data}</var>
</assign>
<msg level="INFO" timestamp="20170705 18:00:13.937">${data} = {u'data': [u'root', u'0penBmc']}</msg>
<status endtime="20170705 18:00:13.937" starttime="20170705 18:00:13.937" status="PASS"></status>
</kw>
<kw name="Run Keyword And Ignore Error" library="BuiltIn">
<doc>Runs the given keyword with the given arguments and ignores possible error.</doc>
<arguments>
<arg>Post Request</arg>
<arg>openbmc</arg>
<arg>/login</arg>
<arg>data=${data}</arg>
<arg>headers=${headers}</arg>
</arguments>
<assign>
<var>${status}</var>
<var>${resp}</var>
</assign>
<kw name="Post Request" library="RequestsLibrary.RequestsKeywords">
<doc>Send a POST request on the session object found using the</doc>
<arguments>
<arg>openbmc</arg>
<arg>/login</arg>
<arg>data=${data}</arg>
<arg>headers=${headers}</arg>
</arguments>
<msg level="INFO" timestamp="20170705 18:00:14.152">Post Request using : alias=openbmc, uri=/login, data={"data": ["root", "0penBmc"]}, headers={u'Content-Type': u'application/json'}, files=None, allow_redirects=True </msg>
<status endtime="20170705 18:00:14.152" starttime="20170705 18:00:13.938" status="PASS"></status>
</kw>
<msg level="INFO" timestamp="20170705 18:00:14.152">${status} = PASS</msg>
<msg level="INFO" timestamp="20170705 18:00:14.153">${resp} = &lt;Response [200]&gt;</msg>
<status endtime="20170705 18:00:14.153" starttime="20170705 18:00:13.938" status="PASS"></status>
</kw>
<kw name="Should Be Equal" library="BuiltIn">
<doc>Fails if the given objects are unequal.</doc>
<arguments>
<arg>${status}</arg>
<arg>PASS</arg>
<arg>msg=${resp}</arg>
</arguments>
<msg level="INFO" timestamp="20170705 18:00:14.153">Argument types are:
&lt;type 'str'&gt;
&lt;type 'unicode'&gt;</msg>
<status endtime="20170705 18:00:14.153" starttime="20170705 18:00:14.153" status="PASS"></status>
</kw>
<kw name="Should Be Equal As Strings" library="BuiltIn">
<doc>Fails if objects are unequal after converting them to strings.</doc>
<arguments>
<arg>${resp.status_code}</arg>
<arg>${HTTP_OK}</arg>
</arguments>
<msg level="INFO" timestamp="20170705 18:00:14.154">Argument types are:
&lt;type 'int'&gt;
&lt;type 'unicode'&gt;</msg>
<status endtime="20170705 18:00:14.154" starttime="20170705 18:00:14.154" status="PASS"></status>
</kw>
<status endtime="20170705 18:00:14.154" starttime="20170705 18:00:13.933" status="PASS"></status>
</kw>
<status endtime="20170705 18:00:14.154" starttime="20170705 18:00:13.933" status="PASS"></status>
</kw>
<status endtime="20170705 18:00:14.154" starttime="20170705 18:00:13.932" status="PASS"></status>
</kw>
<kw name="Catenate" library="BuiltIn">
<doc>Catenates the given items together and returns the resulted string.</doc>
<arguments>
<arg>SEPARATOR=</arg>
<arg>${DBUS_PREFIX}</arg>
<arg>${uri}</arg>
</arguments>
<assign>
<var>${base_uri}</var>
</assign>
<msg level="INFO" timestamp="20170705 18:00:14.155">${base_uri} = /xyz/openbmc_project/state/host0//attr/CurrentHostState</msg>
<status endtime="20170705 18:00:14.155" starttime="20170705 18:00:14.154" status="PASS"></status>
</kw>
<kw name="Run Keyword If" library="BuiltIn">
<doc>Runs the given keyword with the given arguments, if ``condition`` is true.</doc>
<arguments>
<arg>'${quiet}' == '${0}'</arg>
<arg>Log Request</arg>
<arg>method=Get</arg>
<arg>base_uri=${base_uri}</arg>
<arg>args=&amp;{kwargs}</arg>
</arguments>
<kw name="Log Request" library="rest_client">
<arguments>
<arg>method=Get</arg>
<arg>base_uri=${base_uri}</arg>
<arg>args=&amp;{kwargs}</arg>
</arguments>
<kw name="Catenate" library="BuiltIn">
<doc>Catenates the given items together and returns the resulted string.</doc>
<arguments>
<arg>SEPARATOR=</arg>
<arg>URI:</arg>
<arg>${AUTH_URI}</arg>
<arg>${kwargs["base_uri"]}</arg>
<arg>, method:</arg>
<arg>${kwargs["method"]}</arg>
<arg>, args:</arg>
<arg>${kwargs["args"]}</arg>
</arguments>
<assign>
<var>${msg}</var>
</assign>
<msg level="INFO" timestamp="20170705 18:00:14.157">${msg} = URI:https://9.3.21.61:443/xyz/openbmc_project/state/host0//attr/CurrentHostState, method:Get, args:{}</msg>
<status endtime="20170705 18:00:14.157" starttime="20170705 18:00:14.156" status="PASS"></status>
</kw>
<kw name="Logging" library="rest_client">
<arguments>
<arg>${msg}</arg>
<arg>console=True</arg>
</arguments>
<kw name="Log" library="BuiltIn">
<doc>Logs the given message with the given level.</doc>
<arguments>
<arg>${msg}</arg>
<arg>console=True</arg>
</arguments>
<msg level="INFO" timestamp="20170705 18:00:14.158">URI:https://9.3.21.61:443/xyz/openbmc_project/state/host0//attr/CurrentHostState, method:Get, args:{}</msg>
<status endtime="20170705 18:00:14.158" starttime="20170705 18:00:14.158" status="PASS"></status>
</kw>
<status endtime="20170705 18:00:14.158" starttime="20170705 18:00:14.157" status="PASS"></status>
</kw>
<status endtime="20170705 18:00:14.158" starttime="20170705 18:00:14.156" status="PASS"></status>
</kw>
<status endtime="20170705 18:00:14.158" starttime="20170705 18:00:14.155" status="PASS"></status>
</kw>
<kw name="Get Request" library="RequestsLibrary.RequestsKeywords">
<doc>Send a GET request on the session object found using the</doc>
<arguments>
<arg>openbmc</arg>
<arg>${base_uri}</arg>
<arg>&amp;{kwargs}</arg>
<arg>timeout=${timeout}</arg>
</arguments>
<assign>
<var>${ret}</var>
</assign>
<msg level="INFO" timestamp="20170705 18:00:14.258">Get Request using : alias=openbmc, uri=/xyz/openbmc_project/state/host0//attr/CurrentHostState, headers=None json=None</msg>
<msg level="INFO" timestamp="20170705 18:00:14.258">${ret} = &lt;Response [200]&gt;</msg>
<status endtime="20170705 18:00:14.258" starttime="20170705 18:00:14.159" status="PASS"></status>
</kw>
<kw name="Run Keyword If" library="BuiltIn">
<doc>Runs the given keyword with the given arguments, if ``condition`` is true.</doc>
<arguments>
<arg>'${quiet}' == '${0}'</arg>
<arg>Log Response</arg>
<arg>${ret}</arg>
</arguments>
<kw name="Log Response" library="rest_client">
<arguments>
<arg>${ret}</arg>
</arguments>
<kw name="Catenate" library="BuiltIn">
<doc>Catenates the given items together and returns the resulted string.</doc>
<arguments>
<arg>SEPARATOR=</arg>
<arg>Response code:</arg>
<arg>${resp.status_code}</arg>
<arg>, Content:</arg>
<arg>${resp.content}</arg>
</arguments>
<assign>
<var>${msg}</var>
</assign>
<msg level="INFO" timestamp="20170705 18:00:14.260">${msg} = Response code:200, Content:{
  "data": "xyz.openbmc_project.State.Host.HostState.Running", 
  "message": "200 OK", 
  "status": "ok"
}</msg>
<status endtime="20170705 18:00:14.260" starttime="20170705 18:00:14.259" status="PASS"></status>
</kw>
<kw name="Logging" library="rest_client">
<arguments>
<arg>${msg}</arg>
<arg>console=True</arg>
</arguments>
<kw name="Log" library="BuiltIn">
<doc>Logs the given message with the given level.</doc>
<arguments>
<arg>${msg}</arg>
<arg>console=True</arg>
</arguments>
<msg level="INFO" timestamp="20170705 18:00:14.261">Response code:200, Content:{
  "data": "xyz.openbmc_project.State.Host.HostState.Running", 
  "message": "200 OK", 
  "status": "ok"
}</msg>
<status endtime="20170705 18:00:14.261" starttime="20170705 18:00:14.260" status="PASS"></status>
</kw>
<status endtime="20170705 18:00:14.261" starttime="20170705 18:00:14.260" status="PASS"></status>
</kw>
<status endtime="20170705 18:00:14.261" starttime="20170705 18:00:14.259" status="PASS"></status>
</kw>
<status endtime="20170705 18:00:14.261" starttime="20170705 18:00:14.258" status="PASS"></status>
</kw>
<msg level="INFO" timestamp="20170705 18:00:14.262">${resp} = &lt;Response [200]&gt;</msg>
<status endtime="20170705 18:00:14.262" starttime="20170705 18:00:13.931" status="PASS"></status>
</kw>
<kw name="Should Be Equal As Strings" library="BuiltIn">
<doc>Fails if objects are unequal after converting them to strings.</doc>
<arguments>
<arg>${resp.status_code}</arg>
<arg>${HTTP_OK}</arg>
</arguments>
<msg level="INFO" timestamp="20170705 18:00:14.262">Argument types are:
&lt;type 'int'&gt;
&lt;type 'unicode'&gt;</msg>
<status endtime="20170705 18:00:14.262" starttime="20170705 18:00:14.262" status="PASS"></status>
</kw>
<kw name="To Json" library="RequestsLibrary.RequestsKeywords">
<doc>Convert a string to a JSON object</doc>
<arguments>
<arg>${resp.content}</arg>
</arguments>
<assign>
<var>${content}</var>
</assign>
<msg level="INFO" timestamp="20170705 18:00:14.263">To JSON using : content={
  "data": "xyz.openbmc_project.State.Host.HostState.Running", 
  "message": "200 OK", 
  "status": "ok"
} </msg>
<msg level="INFO" timestamp="20170705 18:00:14.263">To JSON using : pretty_print=False </msg>
<msg level="INFO" timestamp="20170705 18:00:14.263">${content} = {u'message': u'200 OK', u'status': u'ok', u'data': u'xyz.openbmc_project.State.Host.HostState.Running'}</msg>
<status endtime="20170705 18:00:14.263" starttime="20170705 18:00:14.262" status="PASS"></status>
</kw>
<msg level="INFO" timestamp="20170705 18:00:14.263">${state} = xyz.openbmc_project.State.Host.HostState.Running</msg>
<status endtime="20170705 18:00:14.263" starttime="20170705 18:00:13.930" status="PASS"></status>
</kw>
<msg level="INFO" timestamp="20170705 18:00:14.263">${host_state} = Running</msg>
<status endtime="20170705 18:00:14.264" starttime="20170705 18:00:13.930" status="PASS"></status>
</kw>
<kw name="Run Keyword And Return Status" library="BuiltIn">
<doc>Runs the given keyword with given arguments and returns the status as a Boolean value.</doc>
<arguments>
<arg>Should Be Equal</arg>
<arg>${host_state}</arg>
<arg>Quiesced</arg>
</arguments>
<assign>
<var>${status}</var>
</assign>
<kw name="Should Be Equal" library="BuiltIn">
<doc>Fails if the given objects are unequal.</doc>
<arguments>
<arg>${host_state}</arg>
<arg>Quiesced</arg>
</arguments>
<msg level="FAIL" timestamp="20170705 18:00:14.265">Running != Quiesced</msg>
<status endtime="20170705 18:00:14.265" starttime="20170705 18:00:14.264" status="FAIL"></status>
</kw>
<msg level="INFO" timestamp="20170705 18:00:14.265">${status} = False</msg>
<status endtime="20170705 18:00:14.265" starttime="20170705 18:00:14.264" status="PASS"></status>
</kw>
<msg level="INFO" timestamp="20170705 18:00:14.265">${status} = False</msg>
<status endtime="20170705 18:00:14.265" starttime="20170705 18:00:13.930" status="PASS"></status>
</kw>
<kw name="Run Keyword If" library="BuiltIn">
<doc>Runs the given keyword with the given arguments, if ``condition`` is true.</doc>
<arguments>
<arg>'${TEST_STATUS}' == 'FAIL' or '${status}'=='True'</arg>
<arg>FFDC</arg>
</arguments>
<status endtime="20170705 18:00:14.266" starttime="20170705 18:00:14.265" status="PASS"></status>
</kw>
<kw name="Run Keyword If" library="BuiltIn">
<doc>Runs the given keyword with the given arguments, if ``condition`` is true.</doc>
<arguments>
<arg>'${status}'=='True'</arg>
<arg>Recover Quiesced Host</arg>
</arguments>
<status endtime="20170705 18:00:14.266" starttime="20170705 18:00:14.266" status="PASS"></status>
</kw>
<kw name="Log Test Case Status" library="openbmc_ffdc_methods">
<doc>Test case execution result history.</doc>
<kw name="Get Variable Value" library="BuiltIn">
<doc>Returns variable value or ``default`` if the variable does not exist.</doc>
<arguments>
<arg>${FFDC_DIR_PATH_STYLE}</arg>
<arg>${EMPTY}</arg>
</arguments>
<assign>
<var>${FFDC_DIR_PATH_STYLE}</var>
</assign>
<msg level="INFO" timestamp="20170705 18:00:14.275">${FFDC_DIR_PATH_STYLE} = </msg>
<status endtime="20170705 18:00:14.275" starttime="20170705 18:00:14.267" status="PASS"></status>
</kw>
<kw name="Get Variable Value" library="BuiltIn">
<doc>Returns variable value or ``default`` if the variable does not exist.</doc>
<arguments>
<arg>${FFDC_DIR_PATH}</arg>
<arg>${EMPTY}</arg>
</arguments>
<assign>
<var>${FFDC_DIR_PATH}</var>
</assign>
<msg level="INFO" timestamp="20170705 18:00:14.284">${FFDC_DIR_PATH} = </msg>
<status endtime="20170705 18:00:14.284" starttime="20170705 18:00:14.275" status="PASS"></status>
</kw>
<kw name="Run Keyword If" library="BuiltIn">
<doc>Runs the given keyword with the given arguments, if ``condition`` is true.</doc>
<arguments>
<arg>'${FFDC_DIR_PATH}' == '${EMPTY}'</arg>
<arg>Set FFDC Defaults</arg>
</arguments>
<kw name="Set Ffdc Defaults" library="openbmc_ffdc">
<doc>Set a default value for ffdc_dir_path and ffdc_prefix if they don't</doc>
<kw name="Get Current Time Stamp" library="openbmc_ffdc_utils">
<doc>Get the current time stamp data</doc>
<kw name="Get Current Date" library="DateTime">
<doc>Returns current local or UTC time with an optional increment.</doc>
<arguments>
<arg>result_format=%Y-%m-%d %H:%M:%S:%f</arg>
</arguments>
<assign>
<var>${cur_time}</var>
</assign>
<msg level="INFO" timestamp="20170705 18:00:14.287">${cur_time} = 2017-07-05 18:00:14:286452</msg>
<status endtime="20170705 18:00:14.287" starttime="20170705 18:00:14.286" status="PASS"></status>
</kw>
<kw name="Get Strip String" library="openbmc_ffdc_list">
<doc>########################################################################</doc>
<arguments>
<arg>${cur_time}</arg>
</arguments>
<assign>
<var>${cur_time}</var>
</assign>
<msg level="INFO" timestamp="20170705 18:00:14.288">${cur_time} = 20170705180014286452</msg>
<status endtime="20170705 18:00:14.288" starttime="20170705 18:00:14.287" status="PASS"></status>
</kw>
<status endtime="20170705 18:00:14.288" starttime="20170705 18:00:14.286" status="PASS"></status>
</kw>
<msg level="INFO" timestamp="20170705 18:00:14.294">${FFDC_TIME} = 20170705180014286452</msg>
<kw name="Get Test Dir and Name" library="openbmc_ffdc_utils">
<doc>SUITE_NAME and TEST_NAME are automatic variables</doc>
<kw name="Get Strip String" library="openbmc_ffdc_list">
<doc>########################################################################</doc>
<arguments>
<arg>${SUITE_NAME}</arg>
</arguments>
<assign>
<var>${suite_name}</var>
</assign>
<msg level="INFO" timestamp="20170705 18:00:14.295">${suite_name} = TestsSecurityTestSsl</msg>
<status endtime="20170705 18:00:14.295" starttime="20170705 18:00:14.295" status="PASS"></status>
</kw>
<kw name="Catenate" library="BuiltIn">
<doc>Catenates the given items together and returns the resulted string.</doc>
<arguments>
<arg>SEPARATOR=</arg>
<arg>${FFDC_TIME}_</arg>
<arg>${suite_name}</arg>
</arguments>
<assign>
<var>${suite_name}</var>
</assign>
<msg level="INFO" timestamp="20170705 18:00:14.296">${suite_name} = 20170705180014286452_TestsSecurityTestSsl</msg>
<status endtime="20170705 18:00:14.296" starttime="20170705 18:00:14.296" status="PASS"></status>
</kw>
<kw name="Get Strip String" library="openbmc_ffdc_list">
<doc>########################################################################</doc>
<arguments>
<arg>${TEST_NAME}</arg>
</arguments>
<assign>
<var>${test_name}</var>
</assign>
<msg level="INFO" timestamp="20170705 18:00:14.297">${test_name} = TestSSLConnection</msg>
<status endtime="20170705 18:00:14.297" starttime="20170705 18:00:14.296" status="PASS"></status>
</kw>
<kw name="Catenate" library="BuiltIn">
<doc>Catenates the given items together and returns the resulted string.</doc>
<arguments>
<arg>SEPARATOR=</arg>
<arg>${FFDC_TIME}_</arg>
<arg>${test_name}</arg>
</arguments>
<assign>
<var>${test_name}</var>
</assign>
<msg level="INFO" timestamp="20170705 18:00:14.297">${test_name} = 20170705180014286452_TestSSLConnection</msg>
<status endtime="20170705 18:00:14.297" starttime="20170705 18:00:14.297" status="PASS"></status>
</kw>
<status endtime="20170705 18:00:14.297" starttime="20170705 18:00:14.295" status="PASS"></status>
</kw>
<msg level="INFO" timestamp="20170705 18:00:14.298">${FFDC_DIR_PATH} = /tmp/fspcibld/25540/obmc-robot/logs/20170705180014286452_TestsSecurityTestSsl/20170705180014286452_TestSSLConnection/</msg>
<msg level="INFO" timestamp="20170705 18:00:14.302">${FFDC_PREFIX} = 20170705180014286452_</msg>
<status endtime="20170705 18:00:14.302" starttime="20170705 18:00:14.285" status="PASS"></status>
</kw>
<status endtime="20170705 18:00:14.302" starttime="20170705 18:00:14.284" status="PASS"></status>
</kw>
<kw name="Run Keyword If" library="BuiltIn">
<doc>Runs the given keyword with the given arguments, if ``condition`` is true.</doc>
<arguments>
<arg>'${FFDC_DIR_PATH_STYLE}' == '${1}'</arg>
<arg>Run Keywords</arg>
<arg>Set Global Variable</arg>
<arg>${FFDC_LOG_PATH}</arg>
<arg>${FFDC_DIR_PATH}</arg>
<arg>AND</arg>
<arg>Set Global Variable</arg>
<arg>${TEST_HISTORY}</arg>
<arg>${FFDC_DIR_PATH}test_history.txt</arg>
</arguments>
<status endtime="20170705 18:00:14.303" starttime="20170705 18:00:14.302" status="PASS"></status>
</kw>
<kw name="Create Directory" library="OperatingSystem">
<doc>Creates the specified directory.</doc>
<arguments>
<arg>${FFDC_LOG_PATH}</arg>
</arguments>
<msg level="INFO" timestamp="20170705 18:00:14.303" html="yes">Created directory '&lt;a href="file:///tmp/fspcibld/25540/obmc-robot/logs"&gt;/tmp/fspcibld/25540/obmc-robot/logs&lt;/a&gt;'.</msg>
<status endtime="20170705 18:00:14.303" starttime="20170705 18:00:14.303" status="PASS"></status>
</kw>
<kw name="Run Keyword And Return Status" library="BuiltIn">
<doc>Runs the given keyword with given arguments and returns the status as a Boolean value.</doc>
<arguments>
<arg>OperatingSystem.File Should Exist</arg>
<arg>${TEST_HISTORY}</arg>
</arguments>
<assign>
<var>${exist}</var>
</assign>
<kw name="File Should Exist" library="OperatingSystem">
<doc>Fails unless the given ``path`` points to an existing file.</doc>
<arguments>
<arg>${TEST_HISTORY}</arg>
</arguments>
<msg level="FAIL" timestamp="20170705 18:00:14.304">File '/tmp/fspcibld/25540/obmc-robot/logs/test_history.txt' does not exist.</msg>
<status endtime="20170705 18:00:14.305" starttime="20170705 18:00:14.304" status="FAIL"></status>
</kw>
<msg level="INFO" timestamp="20170705 18:00:14.305">${exist} = False</msg>
<status endtime="20170705 18:00:14.305" starttime="20170705 18:00:14.304" status="PASS"></status>
</kw>
<kw name="Run Keyword If" library="BuiltIn">
<doc>Runs the given keyword with the given arguments, if ``condition`` is true.</doc>
<arguments>
<arg>'${exist}' == '${False}'</arg>
<arg>Create File</arg>
<arg>${TEST_HISTORY}</arg>
</arguments>
<kw name="Create File" library="OperatingSystem">
<doc>Creates a file with the given content and encoding.</doc>
<arguments>
<arg>${TEST_HISTORY}</arg>
</arguments>
<msg level="INFO" timestamp="20170705 18:00:14.306" html="yes">Created file '&lt;a href="file:///tmp/fspcibld/25540/obmc-robot/logs/test_history.txt"&gt;/tmp/fspcibld/25540/obmc-robot/logs/test_history.txt&lt;/a&gt;'.</msg>
<status endtime="20170705 18:00:14.306" starttime="20170705 18:00:14.305" status="PASS"></status>
</kw>
<status endtime="20170705 18:00:14.306" starttime="20170705 18:00:14.305" status="PASS"></status>
</kw>
<kw name="Rpvars" library="gen_robot_print">
<arguments>
<arg>TEST_HISTORY</arg>
</arguments>
<status endtime="20170705 18:00:14.307" starttime="20170705 18:00:14.306" status="PASS"></status>
</kw>
<kw name="Get Current Time Stamp" library="openbmc_ffdc_utils">
<doc>Get the current time stamp data</doc>
<assign>
<var>${cur_time}</var>
</assign>
<kw name="Get Current Date" library="DateTime">
<doc>Returns current local or UTC time with an optional increment.</doc>
<arguments>
<arg>result_format=%Y-%m-%d %H:%M:%S:%f</arg>
</arguments>
<assign>
<var>${cur_time}</var>
</assign>
<msg level="INFO" timestamp="20170705 18:00:14.307">${cur_time} = 2017-07-05 18:00:14:307328</msg>
<status endtime="20170705 18:00:14.308" starttime="20170705 18:00:14.307" status="PASS"></status>
</kw>
<kw name="Get Strip String" library="openbmc_ffdc_list">
<doc>########################################################################</doc>
<arguments>
<arg>${cur_time}</arg>
</arguments>
<assign>
<var>${cur_time}</var>
</assign>
<msg level="INFO" timestamp="20170705 18:00:14.308">${cur_time} = 20170705180014307328</msg>
<status endtime="20170705 18:00:14.308" starttime="20170705 18:00:14.308" status="PASS"></status>
</kw>
<msg level="INFO" timestamp="20170705 18:00:14.308">${cur_time} = 20170705180014307328</msg>
<status endtime="20170705 18:00:14.308" starttime="20170705 18:00:14.307" status="PASS"></status>
</kw>
<kw name="Append To File" library="OperatingSystem">
<doc>Appends the given content to the specified file.</doc>
<arguments>
<arg>${TEST_HISTORY}</arg>
<arg>${cur_time}:${SUITE_NAME}:${TEST_NAME}:${TEST_STATUS}${\n}</arg>
</arguments>
<msg level="INFO" timestamp="20170705 18:00:14.309" html="yes">Appended to file '&lt;a href="file:///tmp/fspcibld/25540/obmc-robot/logs/test_history.txt"&gt;/tmp/fspcibld/25540/obmc-robot/logs/test_history.txt&lt;/a&gt;'.</msg>
<status endtime="20170705 18:00:14.309" starttime="20170705 18:00:14.309" status="PASS"></status>
</kw>
<status endtime="20170705 18:00:14.310" starttime="20170705 18:00:14.266" status="PASS"></status>
</kw>
<status endtime="20170705 18:00:14.310" starttime="20170705 18:00:13.929" status="PASS"></status>
</kw>
<doc>This testcase is for testing the SSL connection to the
OpenBMC machine.</doc>
<tags>
<tag>Test_SSL_Connection</tag>
</tags>
<status endtime="20170705 18:00:14.310" starttime="20170705 18:00:13.721" status="PASS" critical="yes"></status>
</test>
<kw name="Delete All Sessions" library="RequestsLibrary.RequestsKeywords" type="teardown">
<doc>Removes all the session objects</doc>
<msg level="INFO" timestamp="20170705 18:00:14.311">Delete All Sessions</msg>
<status endtime="20170705 18:00:14.311" starttime="20170705 18:00:14.311" status="PASS"></status>
</kw>
<doc>This testsuite is for testing SSL connection to OpenBMC</doc>
<status endtime="20170705 18:00:14.311" starttime="20170705 18:00:13.640" status="PASS"></status>
</suite>
<status endtime="20170705 18:00:14.313" starttime="20170705 18:00:13.636" status="PASS"></status>
</suite>
<suite name="Test Basic Poweron" id="s1-s2" source="/tmp/fspcibld/25540/obmc-robot/tests/test_basic_poweron.robot">
<test name="Power On Test" id="s1-s2-t1">
<kw name="Start SOL Console Logging" library="utils" type="setup">
<doc>Start system console log to file.</doc>
<kw name="Create OS Console File Path" library="utils">
<doc>Create OS console file path name and return it.</doc>
<arguments>
<arg>${log_file_path}</arg>
</arguments>
<assign>
<var>${log_file_path}</var>
</assign>
<kw name="Catenate" library="BuiltIn">
<doc>Catenates the given items together and returns the resulted string.</doc>
<arguments>
<arg>/tmp/${OPENBMC_HOST}_os_console</arg>
</arguments>
<assign>
<var>${default_file_path}</var>
</assign>
<msg level="INFO" timestamp="20170705 18:00:14.350">${default_file_path} = /tmp/9.3.21.61_os_console</msg>
<status endtime="20170705 18:00:14.350" starttime="20170705 18:00:14.350" status="PASS"></status>
</kw>
<kw name="Set Variable If" library="BuiltIn">
<doc>Sets variable based on the given condition.</doc>
<arguments>
<arg>'${log_file_path}' == '${EMPTY}'</arg>
<arg>${default_file_path}</arg>
<arg>${log_file_path}</arg>
</arguments>
<assign>
<var>${log_file_path}</var>
</assign>
<msg level="INFO" timestamp="20170705 18:00:14.351">${log_file_path} = /tmp/9.3.21.61_os_console</msg>
<status endtime="20170705 18:00:14.351" starttime="20170705 18:00:14.351" status="PASS"></status>
</kw>
<msg level="INFO" timestamp="20170705 18:00:14.351">${log_file_path} = /tmp/9.3.21.61_os_console</msg>
<status endtime="20170705 18:00:14.351" starttime="20170705 18:00:14.350" status="PASS"></status>
</kw>
<kw name="Stop SOL Console Logging" library="utils">
<doc>Stop system console logging and return log output.</doc>
<arguments>
<arg>${log_file_path}</arg>
<arg>return_data=${return_data}</arg>
</arguments>
<assign>
<var>${log_output}</var>
</assign>
<kw name="Create OS Console File Path" library="utils">
<doc>Create OS console file path name and return it.</doc>
<arguments>
<arg>${log_file_path}</arg>
</arguments>
<assign>
<var>${log_file_path}</var>
</assign>
<kw name="Catenate" library="BuiltIn">
<doc>Catenates the given items together and returns the resulted string.</doc>
<arguments>
<arg>/tmp/${OPENBMC_HOST}_os_console</arg>
</arguments>
<assign>
<var>${default_file_path}</var>
</assign>
<msg level="INFO" timestamp="20170705 18:00:14.354">${default_file_path} = /tmp/9.3.21.61_os_console</msg>
<status endtime="20170705 18:00:14.354" starttime="20170705 18:00:14.353" status="PASS"></status>
</kw>
<kw name="Set Variable If" library="BuiltIn">
<doc>Sets variable based on the given condition.</doc>
<arguments>
<arg>'${log_file_path}' == '${EMPTY}'</arg>
<arg>${default_file_path}</arg>
<arg>${log_file_path}</arg>
</arguments>
<assign>
<var>${log_file_path}</var>
</assign>
<msg level="INFO" timestamp="20170705 18:00:14.354">${log_file_path} = /tmp/9.3.21.61_os_console</msg>
<status endtime="20170705 18:00:14.354" starttime="20170705 18:00:14.354" status="PASS"></status>
</kw>
<msg level="INFO" timestamp="20170705 18:00:14.355">${log_file_path} = /tmp/9.3.21.61_os_console</msg>
<status endtime="20170705 18:00:14.355" starttime="20170705 18:00:14.353" status="PASS"></status>
</kw>
<kw name="Create OS Console Command String" library="utils">
<doc>Return a command string to start OS console logging.</doc>
<assign>
<var>${search_string}</var>
</assign>
<kw name="Catenate" library="BuiltIn">
<doc>Catenates the given items together and returns the resulted string.</doc>
<arguments>
<arg>which ssh_pw 2&gt;&amp;1</arg>
</arguments>
<assign>
<var>${cmd_buf}</var>
</assign>
<msg level="INFO" timestamp="20170705 18:00:14.355">${cmd_buf} = which ssh_pw 2&gt;&amp;1</msg>
<status endtime="20170705 18:00:14.355" starttime="20170705 18:00:14.355" status="PASS"></status>
</kw>
<kw name="Rdpissuing" library="gen_robot_print">
<arguments>
<arg>${cmd_buf}</arg>
</arguments>
<status endtime="20170705 18:00:14.356" starttime="20170705 18:00:14.356" status="PASS"></status>
</kw>
<kw name="Run And Return Rc And Output" library="OperatingSystem">
<doc>Runs the given command in the system and returns the RC and output.</doc>
<arguments>
<arg>${cmd_buf}</arg>
</arguments>
<assign>
<var>${rc}</var>
<var>${output}</var>
</assign>
<msg level="INFO" timestamp="20170705 18:00:14.360">Running command 'which ssh_pw 2&gt;&amp;1'.</msg>
<msg level="INFO" timestamp="20170705 18:00:14.365">${rc} = 0</msg>
<msg level="INFO" timestamp="20170705 18:00:14.365">${output} = /tmp/fspcibld/25540/obmc-robot/.tox/witherspoon/bin/ssh_pw</msg>
<status endtime="20170705 18:00:14.365" starttime="20170705 18:00:14.356" status="PASS"></status>
</kw>
<kw name="Rdpvars" library="gen_robot_print">
<arguments>
<arg>rc</arg>
<arg>output</arg>
</arguments>
<status endtime="20170705 18:00:14.368" starttime="20170705 18:00:14.367" status="PASS"></status>
</kw>
<kw name="Should Be Equal" library="BuiltIn">
<doc>Fails if the given objects are unequal.</doc>
<arguments>
<arg>${rc}</arg>
<arg>${0}</arg>
<arg>msg=${output}\n</arg>
</arguments>
<status endtime="20170705 18:00:14.369" starttime="20170705 18:00:14.369" status="PASS"></status>
</kw>
<kw name="Catenate" library="BuiltIn">
<doc>Catenates the given items together and returns the resulted string.</doc>
<arguments>
<arg>ssh_pw ${OPENBMC_PASSWORD} -p 2200</arg>
<arg>-o "StrictHostKeyChecking no" ${OPENBMC_USERNAME}@${OPENBMC_HOST}</arg>
</arguments>
<assign>
<var>${cmd_buf}</var>
</assign>
<msg level="INFO" timestamp="20170705 18:00:14.370">${cmd_buf} = ssh_pw 0penBmc -p 2200 -o "StrictHostKeyChecking no" root@9.3.21.61</msg>
<status endtime="20170705 18:00:14.370" starttime="20170705 18:00:14.369" status="PASS"></status>
</kw>
<msg level="INFO" timestamp="20170705 18:00:14.370">${search_string} = ssh_pw 0penBmc -p 2200 -o "StrictHostKeyChecking no" root@9.3.21.61</msg>
<status endtime="20170705 18:00:14.370" starttime="20170705 18:00:14.355" status="PASS"></status>
</kw>
<kw name="Catenate" library="BuiltIn">
<doc>Catenates the given items together and returns the resulted string.</doc>
<arguments>
<arg>echo $(ps -ef | egrep '${search_string}'</arg>
<arg>| egrep -v grep | cut -c10-14)</arg>
</arguments>
<assign>
<var>${cmd_buf}</var>
</assign>
<msg level="INFO" timestamp="20170705 18:00:14.371">${cmd_buf} = echo $(ps -ef | egrep 'ssh_pw 0penBmc -p 2200 -o "StrictHostKeyChecking no" root@9.3.21.61' | egrep -v grep | cut -c10-14)</msg>
<status endtime="20170705 18:00:14.371" starttime="20170705 18:00:14.371" status="PASS"></status>
</kw>
<kw name="Rdpissuing" library="gen_robot_print">
<arguments>
<arg>${cmd_buf}</arg>
</arguments>
<status endtime="20170705 18:00:14.372" starttime="20170705 18:00:14.371" status="PASS"></status>
</kw>
<kw name="Run And Return Rc And Output" library="OperatingSystem">
<doc>Runs the given command in the system and returns the RC and output.</doc>
<arguments>
<arg>${cmd_buf}</arg>
</arguments>
<assign>
<var>${rc}</var>
<var>${os_con_pid}</var>
</assign>
<msg level="INFO" timestamp="20170705 18:00:14.375">Running command 'echo $(ps -ef | egrep 'ssh_pw 0penBmc -p 2200 -o "StrictHostKeyChecking no" root@9.3.21.61' | egrep -v grep | cut -c10-14) 2&gt;&amp;1'.</msg>
<msg level="INFO" timestamp="20170705 18:00:14.383">${rc} = 0</msg>
<msg level="INFO" timestamp="20170705 18:00:14.384">${os_con_pid} = </msg>
<status endtime="20170705 18:00:14.384" starttime="20170705 18:00:14.372" status="PASS"></status>
</kw>
<kw name="Rdpvars" library="gen_robot_print">
<arguments>
<arg>os_con_pid</arg>
</arguments>
<status endtime="20170705 18:00:14.387" starttime="20170705 18:00:14.386" status="PASS"></status>
</kw>
<kw name="Catenate" library="BuiltIn">
<doc>Catenates the given items together and returns the resulted string.</doc>
<arguments>
<arg>kill -9 ${os_con_pid}</arg>
</arguments>
<assign>
<var>${cmd_buf}</var>
</assign>
<msg level="INFO" timestamp="20170705 18:00:14.387">${cmd_buf} = kill -9 </msg>
<status endtime="20170705 18:00:14.387" starttime="20170705 18:00:14.387" status="PASS"></status>
</kw>
<kw name="Run Keyword If" library="BuiltIn">
<doc>Runs the given keyword with the given arguments, if ``condition`` is true.</doc>
<arguments>
<arg>'${os_con_pid}' != '${EMPTY}'</arg>
<arg>Rdpissuing</arg>
<arg>${cmd_buf}</arg>
</arguments>
<status endtime="20170705 18:00:14.388" starttime="20170705 18:00:14.388" status="PASS"></status>
</kw>
<kw name="Run Keyword If" library="BuiltIn">
<doc>Runs the given keyword with the given arguments, if ``condition`` is true.</doc>
<arguments>
<arg>'${os_con_pid}' != '${EMPTY}'</arg>
<arg>Run And Return Rc And Output</arg>
<arg>${cmd_buf}</arg>
</arguments>
<assign>
<var>${rc}</var>
<var>${output}</var>
</assign>
<msg level="INFO" timestamp="20170705 18:00:14.389">${rc} = None</msg>
<msg level="INFO" timestamp="20170705 18:00:14.389">${output} = None</msg>
<status endtime="20170705 18:00:14.389" starttime="20170705 18:00:14.389" status="PASS"></status>
</kw>
<kw name="Run Keyword If" library="BuiltIn">
<doc>Runs the given keyword with the given arguments, if ``condition`` is true.</doc>
<arguments>
<arg>'${os_con_pid}' != '${EMPTY}'</arg>
<arg>Rdpvars</arg>
<arg>rc</arg>
<arg>output</arg>
</arguments>
<status endtime="20170705 18:00:14.390" starttime="20170705 18:00:14.390" status="PASS"></status>
</kw>
<kw name="Run Keyword If" library="BuiltIn">
<doc>Runs the given keyword with the given arguments, if ``condition`` is true.</doc>
<arguments>
<arg>'${targ_file_path}' != '${EMPTY}'</arg>
<arg>Run Keyword And Ignore Error</arg>
<arg>Copy File</arg>
<arg>${log_file_path}</arg>
<arg>${targ_file_path}</arg>
</arguments>
<kw name="Run Keyword And Ignore Error" library="BuiltIn">
<doc>Runs the given keyword with the given arguments and ignores possible error.</doc>
<arguments>
<arg>Copy File</arg>
<arg>${log_file_path}</arg>
<arg>${targ_file_path}</arg>
</arguments>
<kw name="Copy File" library="OperatingSystem">
<doc>Copies the source file into the destination.</doc>
<arguments>
<arg>${log_file_path}</arg>
<arg>${targ_file_path}</arg>
</arguments>
<msg level="FAIL" timestamp="20170705 18:00:14.392">Source file '/tmp/9.3.21.61_os_console' does not exist.</msg>
<status endtime="20170705 18:00:14.392" starttime="20170705 18:00:14.391" status="FAIL"></status>
</kw>
<status endtime="20170705 18:00:14.392" starttime="20170705 18:00:14.391" status="PASS"></status>
</kw>
<status endtime="20170705 18:00:14.392" starttime="20170705 18:00:14.390" status="PASS"></status>
</kw>
<kw name="Set Variable" library="BuiltIn">
<doc>Returns the given values which can then be assigned to a variables.</doc>
<arguments>
<arg>${EMPTY}</arg>
</arguments>
<assign>
<var>${output}</var>
</assign>
<msg level="INFO" timestamp="20170705 18:00:14.393">${output} = </msg>
<status endtime="20170705 18:00:14.393" starttime="20170705 18:00:14.393" status="PASS"></status>
</kw>
<kw name="Evaluate" library="BuiltIn">
<doc>Evaluates the given expression in Python and returns the results.</doc>
<arguments>
<arg>${debug}^1</arg>
</arguments>
<assign>
<var>${loc_quiet}</var>
</assign>
<msg level="INFO" timestamp="20170705 18:00:14.394">${loc_quiet} = 1</msg>
<status endtime="20170705 18:00:14.394" starttime="20170705 18:00:14.393" status="PASS"></status>
</kw>
<kw name="Run Keyword If" library="BuiltIn">
<doc>Runs the given keyword with the given arguments, if ``condition`` is true.</doc>
<arguments>
<arg>'${return_data}' == '${1}'</arg>
<arg>Cmd Fnc</arg>
<arg>cat ${log_file_path}</arg>
<arg>quiet=${loc_quiet}</arg>
<arg>print_output=${0}</arg>
</arguments>
<assign>
<var>${rc}</var>
<var>${output}</var>
</assign>
<kw name="Cmd Fnc" library="gen_cmd">
<doc>Run the given command in a shell and return the shell return code.</doc>
<arguments>
<arg>cat ${log_file_path}</arg>
<arg>quiet=${loc_quiet}</arg>
<arg>print_output=${0}</arg>
</arguments>
<status endtime="20170705 18:00:14.848" starttime="20170705 18:00:14.394" status="PASS"></status>
</kw>
<msg level="INFO" timestamp="20170705 18:00:14.849">${rc} = 1</msg>
<msg level="INFO" timestamp="20170705 18:00:14.849">${output} = cat: /tmp/9.3.21.61_os_console: No such file or directory
</msg>
<status endtime="20170705 18:00:14.849" starttime="20170705 18:00:14.394" status="PASS"></status>
</kw>
<msg level="INFO" timestamp="20170705 18:00:14.850">${log_output} = cat: /tmp/9.3.21.61_os_console: No such file or directory
</msg>
<status endtime="20170705 18:00:14.850" starttime="20170705 18:00:14.352" status="PASS"></status>
</kw>
<kw name="Create File" library="OperatingSystem">
<doc>Creates a file with the given content and encoding.</doc>
<arguments>
<arg>${log_file_path}</arg>
</arguments>
<msg level="INFO" timestamp="20170705 18:00:14.852" html="yes">Created file '&lt;a href="file:///tmp/9.3.21.61_os_console"&gt;/tmp/9.3.21.61_os_console&lt;/a&gt;'.</msg>
<status endtime="20170705 18:00:14.852" starttime="20170705 18:00:14.851" status="PASS"></status>
</kw>
<kw name="Create OS Console Command String" library="utils">
<doc>Return a command string to start OS console logging.</doc>
<assign>
<var>${sub_cmd_buf}</var>
</assign>
<kw name="Catenate" library="BuiltIn">
<doc>Catenates the given items together and returns the resulted string.</doc>
<arguments>
<arg>which ssh_pw 2&gt;&amp;1</arg>
</arguments>
<assign>
<var>${cmd_buf}</var>
</assign>
<msg level="INFO" timestamp="20170705 18:00:14.853">${cmd_buf} = which ssh_pw 2&gt;&amp;1</msg>
<status endtime="20170705 18:00:14.853" starttime="20170705 18:00:14.853" status="PASS"></status>
</kw>
<kw name="Rdpissuing" library="gen_robot_print">
<arguments>
<arg>${cmd_buf}</arg>
</arguments>
<status endtime="20170705 18:00:14.853" starttime="20170705 18:00:14.853" status="PASS"></status>
</kw>
<kw name="Run And Return Rc And Output" library="OperatingSystem">
<doc>Runs the given command in the system and returns the RC and output.</doc>
<arguments>
<arg>${cmd_buf}</arg>
</arguments>
<assign>
<var>${rc}</var>
<var>${output}</var>
</assign>
<msg level="INFO" timestamp="20170705 18:00:14.857">Running command 'which ssh_pw 2&gt;&amp;1'.</msg>
<msg level="INFO" timestamp="20170705 18:00:14.859">${rc} = 0</msg>
<msg level="INFO" timestamp="20170705 18:00:14.859">${output} = /tmp/fspcibld/25540/obmc-robot/.tox/witherspoon/bin/ssh_pw</msg>
<status endtime="20170705 18:00:14.860" starttime="20170705 18:00:14.854" status="PASS"></status>
</kw>
<kw name="Rdpvars" library="gen_robot_print">
<arguments>
<arg>rc</arg>
<arg>output</arg>
</arguments>
<status endtime="20170705 18:00:14.863" starttime="20170705 18:00:14.863" status="PASS"></status>
</kw>
<kw name="Should Be Equal" library="BuiltIn">
<doc>Fails if the given objects are unequal.</doc>
<arguments>
<arg>${rc}</arg>
<arg>${0}</arg>
<arg>msg=${output}\n</arg>
</arguments>
<status endtime="20170705 18:00:14.865" starttime="20170705 18:00:14.864" status="PASS"></status>
</kw>
<kw name="Catenate" library="BuiltIn">
<doc>Catenates the given items together and returns the resulted string.</doc>
<arguments>
<arg>ssh_pw ${OPENBMC_PASSWORD} -p 2200</arg>
<arg>-o "StrictHostKeyChecking no" ${OPENBMC_USERNAME}@${OPENBMC_HOST}</arg>
</arguments>
<assign>
<var>${cmd_buf}</var>
</assign>
<msg level="INFO" timestamp="20170705 18:00:14.865">${cmd_buf} = ssh_pw 0penBmc -p 2200 -o "StrictHostKeyChecking no" root@9.3.21.61</msg>
<status endtime="20170705 18:00:14.865" starttime="20170705 18:00:14.865" status="PASS"></status>
</kw>
<msg level="INFO" timestamp="20170705 18:00:14.866">${sub_cmd_buf} = ssh_pw 0penBmc -p 2200 -o "StrictHostKeyChecking no" root@9.3.21.61</msg>
<status endtime="20170705 18:00:14.866" starttime="20170705 18:00:14.852" status="PASS"></status>
</kw>
<kw name="Catenate" library="BuiltIn">
<doc>Catenates the given items together and returns the resulted string.</doc>
<arguments>
<arg>${sub_cmd_buf} &gt; ${log_file_path} 2&gt;&amp;1 &amp;</arg>
</arguments>
<assign>
<var>${cmd_buf}</var>
</assign>
<msg level="INFO" timestamp="20170705 18:00:14.866">${cmd_buf} = ssh_pw 0penBmc -p 2200 -o "StrictHostKeyChecking no" root@9.3.21.61 &gt; /tmp/9.3.21.61_os_console 2&gt;&amp;1 &amp;</msg>
<status endtime="20170705 18:00:14.866" starttime="20170705 18:00:14.866" status="PASS"></status>
</kw>
<kw name="Rdpissuing" library="gen_robot_print">
<arguments>
<arg>${cmd_buf}</arg>
</arguments>
<status endtime="20170705 18:00:14.867" starttime="20170705 18:00:14.867" status="PASS"></status>
</kw>
<kw name="Run And Return Rc And Output" library="OperatingSystem">
<doc>Runs the given command in the system and returns the RC and output.</doc>
<arguments>
<arg>${cmd_buf}</arg>
</arguments>
<assign>
<var>${rc}</var>
<var>${output}</var>
</assign>
<msg level="INFO" timestamp="20170705 18:00:14.870">Running command 'ssh_pw 0penBmc -p 2200 -o "StrictHostKeyChecking no" root@9.3.21.61 &gt; /tmp/9.3.21.61_os_console 2&gt;&amp;1 &amp;'.</msg>
<msg level="INFO" timestamp="20170705 18:00:14.874">${rc} = 0</msg>
<msg level="INFO" timestamp="20170705 18:00:14.874">${output} = </msg>
<status endtime="20170705 18:00:14.874" starttime="20170705 18:00:14.867" status="PASS"></status>
</kw>
<kw name="Should Be Equal" library="BuiltIn">
<doc>Fails if the given objects are unequal.</doc>
<arguments>
<arg>${rc}</arg>
<arg>${0}</arg>
</arguments>
<status endtime="20170705 18:00:14.877" starttime="20170705 18:00:14.876" status="PASS"></status>
</kw>
<status endtime="20170705 18:00:14.877" starttime="20170705 18:00:14.349" status="PASS"></status>
</kw>
<kw name="Repeat Keyword" library="BuiltIn">
<doc>Executes the specified keyword multiple times.</doc>
<arguments>
<arg>${LOOP_COUNT} times</arg>
<arg>Host Off And On</arg>
</arguments>
<msg level="INFO" timestamp="20170705 18:00:14.878">Repeating keyword, round 1/2.</msg>
<kw name="Host Off And On">
<doc>Verify power off and on.</doc>
<kw name="Initiate Host PowerOff" library="state_manager">
<doc>Initiate host power off.</doc>
<kw name="Create Dictionary" library="BuiltIn">
<doc>Creates and returns a dictionary based on the given ``items``.</doc>
<arguments>
<arg>data=${HOST_POWEROFF_TRANS}</arg>
</arguments>
<assign>
<var>${args}</var>
</assign>
<msg level="INFO" timestamp="20170705 18:00:14.880">${args} = {u'data': 'xyz.openbmc_project.State.Host.Transition.Off'}</msg>
<status endtime="20170705 18:00:14.880" starttime="20170705 18:00:14.879" status="PASS"></status>
</kw>
<kw name="Write Attribute" library="rest_client">
<arguments>
<arg>${HOST_STATE_URI}</arg>
[...]
<status endtime="20170705 18:03:38.814" starttime="20170705 18:03:38.814" status="PASS"></status>
</kw>
<kw name="Run Keyword If" library="BuiltIn">
<doc>Runs the given keyword with the given arguments, if ``condition`` is true.</doc>
<arguments>
<arg>'${FFDC_DIR_PATH}' == '${EMPTY}'</arg>
<arg>Set FFDC Defaults</arg>
</arguments>
<status endtime="20170705 18:03:38.815" starttime="20170705 18:03:38.814" status="PASS"></status>
</kw>
<kw name="Run Keyword If" library="BuiltIn">
<doc>Runs the given keyword with the given arguments, if ``condition`` is true.</doc>
<arguments>
<arg>'${FFDC_DIR_PATH_STYLE}' == '${1}'</arg>
<arg>Run Keywords</arg>
<arg>Set Global Variable</arg>
<arg>${FFDC_LOG_PATH}</arg>
<arg>${FFDC_DIR_PATH}</arg>
<arg>AND</arg>
<arg>Set Global Variable</arg>
<arg>${TEST_HISTORY}</arg>
<arg>${FFDC_DIR_PATH}test_history.txt</arg>
</arguments>
<status endtime="20170705 18:03:38.816" starttime="20170705 18:03:38.815" status="PASS"></status>
</kw>
<kw name="Create Directory" library="OperatingSystem">
<doc>Creates the specified directory.</doc>
<arguments>
<arg>${FFDC_LOG_PATH}</arg>
</arguments>
<msg level="INFO" timestamp="20170705 18:03:38.817" html="yes">Directory '&lt;a href="file:///tmp/fspcibld/25540/obmc-robot/logs"&gt;/tmp/fspcibld/25540/obmc-robot/logs&lt;/a&gt;' already exists.</msg>
<status endtime="20170705 18:03:38.817" starttime="20170705 18:03:38.816" status="PASS"></status>
</kw>
<kw name="Run Keyword And Return Status" library="BuiltIn">
<doc>Runs the given keyword with given arguments and returns the status as a Boolean value.</doc>
<arguments>
<arg>OperatingSystem.File Should Exist</arg>
<arg>${TEST_HISTORY}</arg>
</arguments>
<assign>
<var>${exist}</var>
</assign>
<kw name="File Should Exist" library="OperatingSystem">
<doc>Fails unless the given ``path`` points to an existing file.</doc>
<arguments>
<arg>${TEST_HISTORY}</arg>
</arguments>
<msg level="INFO" timestamp="20170705 18:03:38.818" html="yes">File '&lt;a href="file:///tmp/fspcibld/25540/obmc-robot/logs/test_history.txt"&gt;/tmp/fspcibld/25540/obmc-robot/logs/test_history.txt&lt;/a&gt;' exists.</msg>
<status endtime="20170705 18:03:38.818" starttime="20170705 18:03:38.817" status="PASS"></status>
</kw>
<msg level="INFO" timestamp="20170705 18:03:38.818">${exist} = True</msg>
<status endtime="20170705 18:03:38.818" starttime="20170705 18:03:38.817" status="PASS"></status>
</kw>
<kw name="Run Keyword If" library="BuiltIn">
<doc>Runs the given keyword with the given arguments, if ``condition`` is true.</doc>
<arguments>
<arg>'${exist}' == '${False}'</arg>
<arg>Create File</arg>
<arg>${TEST_HISTORY}</arg>
</arguments>
<status endtime="20170705 18:03:38.819" starttime="20170705 18:03:38.818" status="PASS"></status>
</kw>
<kw name="Rpvars" library="gen_robot_print">
<arguments>
<arg>TEST_HISTORY</arg>
</arguments>
<status endtime="20170705 18:03:38.819" starttime="20170705 18:03:38.819" status="PASS"></status>
</kw>
<kw name="Get Current Time Stamp" library="openbmc_ffdc_utils">
<doc>Get the current time stamp data</doc>
<assign>
<var>${cur_time}</var>
</assign>
<kw name="Get Current Date" library="DateTime">
<doc>Returns current local or UTC time with an optional increment.</doc>
<arguments>
<arg>result_format=%Y-%m-%d %H:%M:%S:%f</arg>
</arguments>
<assign>
<var>${cur_time}</var>
</assign>
<msg level="INFO" timestamp="20170705 18:03:38.820">${cur_time} = 2017-07-05 18:03:38:819881</msg>
<status endtime="20170705 18:03:38.820" starttime="20170705 18:03:38.820" status="PASS"></status>
</kw>
<kw name="Get Strip String" library="openbmc_ffdc_list">
<doc>########################################################################</doc>
<arguments>
<arg>${cur_time}</arg>
</arguments>
<assign>
<var>${cur_time}</var>
</assign>
<msg level="INFO" timestamp="20170705 18:03:38.821">${cur_time} = 20170705180338819881</msg>
<status endtime="20170705 18:03:38.821" starttime="20170705 18:03:38.820" status="PASS"></status>
</kw>
<msg level="INFO" timestamp="20170705 18:03:38.821">${cur_time} = 20170705180338819881</msg>
<status endtime="20170705 18:03:38.821" starttime="20170705 18:03:38.819" status="PASS"></status>
</kw>
<kw name="Append To File" library="OperatingSystem">
<doc>Appends the given content to the specified file.</doc>
<arguments>
<arg>${TEST_HISTORY}</arg>
<arg>${cur_time}:${SUITE_NAME}:${TEST_NAME}:${TEST_STATUS}${\n}</arg>
</arguments>
<msg level="INFO" timestamp="20170705 18:03:38.822" html="yes">Appended to file '&lt;a href="file:///tmp/fspcibld/25540/obmc-robot/logs/test_history.txt"&gt;/tmp/fspcibld/25540/obmc-robot/logs/test_history.txt&lt;/a&gt;'.</msg>
<status endtime="20170705 18:03:38.822" starttime="20170705 18:03:38.821" status="PASS"></status>
</kw>
<status endtime="20170705 18:03:38.822" starttime="20170705 18:03:38.799" status="PASS"></status>
</kw>
<status endtime="20170705 18:03:38.822" starttime="20170705 18:03:16.541" status="PASS"></status>
</kw>
<kw name="Stop SOL Console Logging" library="utils">
<doc>Stop system console logging and return log output.</doc>
<assign>
<var>${sol_log}</var>
</assign>
<kw name="Create OS Console File Path" library="utils">
<doc>Create OS console file path name and return it.</doc>
<arguments>
<arg>${log_file_path}</arg>
</arguments>
<assign>
<var>${log_file_path}</var>
</assign>
<kw name="Catenate" library="BuiltIn">
<doc>Catenates the given items together and returns the resulted string.</doc>
<arguments>
<arg>/tmp/${OPENBMC_HOST}_os_console</arg>
</arguments>
<assign>
<var>${default_file_path}</var>
</assign>
<msg level="INFO" timestamp="20170705 18:03:38.824">${default_file_path} = /tmp/9.3.21.61_os_console</msg>
<status endtime="20170705 18:03:38.824" starttime="20170705 18:03:38.823" status="PASS"></status>
</kw>
<kw name="Set Variable If" library="BuiltIn">
<doc>Sets variable based on the given condition.</doc>
<arguments>
<arg>'${log_file_path}' == '${EMPTY}'</arg>
<arg>${default_file_path}</arg>
<arg>${log_file_path}</arg>
</arguments>
<assign>
<var>${log_file_path}</var>
</assign>
<msg level="INFO" timestamp="20170705 18:03:38.824">${log_file_path} = /tmp/9.3.21.61_os_console</msg>
<status endtime="20170705 18:03:38.824" starttime="20170705 18:03:38.824" status="PASS"></status>
</kw>
<msg level="INFO" timestamp="20170705 18:03:38.825">${log_file_path} = /tmp/9.3.21.61_os_console</msg>
<status endtime="20170705 18:03:38.825" starttime="20170705 18:03:38.823" status="PASS"></status>
</kw>
<kw name="Create OS Console Command String" library="utils">
<doc>Return a command string to start OS console logging.</doc>
<assign>
<var>${search_string}</var>
</assign>
<kw name="Catenate" library="BuiltIn">
<doc>Catenates the given items together and returns the resulted string.</doc>
<arguments>
<arg>which ssh_pw 2&gt;&amp;1</arg>
</arguments>
<assign>
<var>${cmd_buf}</var>
</assign>
<msg level="INFO" timestamp="20170705 18:03:38.825">${cmd_buf} = which ssh_pw 2&gt;&amp;1</msg>
<status endtime="20170705 18:03:38.825" starttime="20170705 18:03:38.825" status="PASS"></status>
</kw>
<kw name="Rdpissuing" library="gen_robot_print">
<arguments>
<arg>${cmd_buf}</arg>
</arguments>
<status endtime="20170705 18:03:38.826" starttime="20170705 18:03:38.826" status="PASS"></status>
</kw>
<kw name="Run And Return Rc And Output" library="OperatingSystem">
<doc>Runs the given command in the system and returns the RC and output.</doc>
<arguments>
<arg>${cmd_buf}</arg>
</arguments>
<assign>
<var>${rc}</var>
<var>${output}</var>
</assign>
<msg level="INFO" timestamp="20170705 18:03:38.830">Running command 'which ssh_pw 2&gt;&amp;1'.</msg>
<msg level="INFO" timestamp="20170705 18:03:38.835">${rc} = 0</msg>
<msg level="INFO" timestamp="20170705 18:03:38.836">${output} = /tmp/fspcibld/25540/obmc-robot/.tox/witherspoon/bin/ssh_pw</msg>
<status endtime="20170705 18:03:38.836" starttime="20170705 18:03:38.826" status="PASS"></status>
</kw>
<kw name="Rdpvars" library="gen_robot_print">
<arguments>
<arg>rc</arg>
<arg>output</arg>
</arguments>
<status endtime="20170705 18:03:38.839" starttime="20170705 18:03:38.838" status="PASS"></status>
</kw>
<kw name="Should Be Equal" library="BuiltIn">
<doc>Fails if the given objects are unequal.</doc>
<arguments>
<arg>${rc}</arg>
<arg>${0}</arg>
<arg>msg=${output}\n</arg>
</arguments>
<status endtime="20170705 18:03:38.840" starttime="20170705 18:03:38.840" status="PASS"></status>
</kw>
<kw name="Catenate" library="BuiltIn">
<doc>Catenates the given items together and returns the resulted string.</doc>
<arguments>
<arg>ssh_pw ${OPENBMC_PASSWORD} -p 2200</arg>
<arg>-o "StrictHostKeyChecking no" ${OPENBMC_USERNAME}@${OPENBMC_HOST}</arg>
</arguments>
<assign>
<var>${cmd_buf}</var>
</assign>
<msg level="INFO" timestamp="20170705 18:03:38.841">${cmd_buf} = ssh_pw 0penBmc -p 2200 -o "StrictHostKeyChecking no" root@9.3.21.61</msg>
<status endtime="20170705 18:03:38.841" starttime="20170705 18:03:38.841" status="PASS"></status>
</kw>
<msg level="INFO" timestamp="20170705 18:03:38.842">${search_string} = ssh_pw 0penBmc -p 2200 -o "StrictHostKeyChecking no" root@9.3.21.61</msg>
<status endtime="20170705 18:03:38.842" starttime="20170705 18:03:38.825" status="PASS"></status>
</kw>
<kw name="Catenate" library="BuiltIn">
<doc>Catenates the given items together and returns the resulted string.</doc>
<arguments>
<arg>echo $(ps -ef | egrep '${search_string}'</arg>
<arg>| egrep -v grep | cut -c10-14)</arg>
</arguments>
<assign>
<var>${cmd_buf}</var>
</assign>
<msg level="INFO" timestamp="20170705 18:03:38.842">${cmd_buf} = echo $(ps -ef | egrep 'ssh_pw 0penBmc -p 2200 -o "StrictHostKeyChecking no" root@9.3.21.61' | egrep -v grep | cut -c10-14)</msg>
<status endtime="20170705 18:03:38.843" starttime="20170705 18:03:38.842" status="PASS"></status>
</kw>
<kw name="Rdpissuing" library="gen_robot_print">
<arguments>
<arg>${cmd_buf}</arg>
</arguments>
<status endtime="20170705 18:03:38.843" starttime="20170705 18:03:38.843" status="PASS"></status>
</kw>
<kw name="Run And Return Rc And Output" library="OperatingSystem">
<doc>Runs the given command in the system and returns the RC and output.</doc>
<arguments>
<arg>${cmd_buf}</arg>
</arguments>
<assign>
<var>${rc}</var>
<var>${os_con_pid}</var>
</assign>
<msg level="INFO" timestamp="20170705 18:03:38.847">Running command 'echo $(ps -ef | egrep 'ssh_pw 0penBmc -p 2200 -o "StrictHostKeyChecking no" root@9.3.21.61' | egrep -v grep | cut -c10-14) 2&gt;&amp;1'.</msg>
<msg level="INFO" timestamp="20170705 18:03:38.859">${rc} = 0</msg>
<msg level="INFO" timestamp="20170705 18:03:38.859">${os_con_pid} = </msg>
<status endtime="20170705 18:03:38.859" starttime="20170705 18:03:38.844" status="PASS"></status>
</kw>
<kw name="Rdpvars" library="gen_robot_print">
<arguments>
<arg>os_con_pid</arg>
</arguments>
<status endtime="20170705 18:03:38.862" starttime="20170705 18:03:38.862" status="PASS"></status>
</kw>
<kw name="Catenate" library="BuiltIn">
<doc>Catenates the given items together and returns the resulted string.</doc>
<arguments>
<arg>kill -9 ${os_con_pid}</arg>
</arguments>
<assign>
<var>${cmd_buf}</var>
</assign>
<msg level="INFO" timestamp="20170705 18:03:38.863">${cmd_buf} = kill -9 </msg>
<status endtime="20170705 18:03:38.863" starttime="20170705 18:03:38.863" status="PASS"></status>
</kw>
<kw name="Run Keyword If" library="BuiltIn">
<doc>Runs the given keyword with the given arguments, if ``condition`` is true.</doc>
<arguments>
<arg>'${os_con_pid}' != '${EMPTY}'</arg>
<arg>Rdpissuing</arg>
<arg>${cmd_buf}</arg>
</arguments>
<status endtime="20170705 18:03:38.866" starttime="20170705 18:03:38.864" status="PASS"></status>
</kw>
<kw name="Run Keyword If" library="BuiltIn">
<doc>Runs the given keyword with the given arguments, if ``condition`` is true.</doc>
<arguments>
<arg>'${os_con_pid}' != '${EMPTY}'</arg>
<arg>Run And Return Rc And Output</arg>
<arg>${cmd_buf}</arg>
</arguments>
<assign>
<var>${rc}</var>
<var>${output}</var>
</assign>
<msg level="INFO" timestamp="20170705 18:03:38.867">${rc} = None</msg>
<msg level="INFO" timestamp="20170705 18:03:38.867">${output} = None</msg>
<status endtime="20170705 18:03:38.867" starttime="20170705 18:03:38.866" status="PASS"></status>
</kw>
<kw name="Run Keyword If" library="BuiltIn">
<doc>Runs the given keyword with the given arguments, if ``condition`` is true.</doc>
<arguments>
<arg>'${os_con_pid}' != '${EMPTY}'</arg>
<arg>Rdpvars</arg>
<arg>rc</arg>
<arg>output</arg>
</arguments>
<status endtime="20170705 18:03:38.867" starttime="20170705 18:03:38.867" status="PASS"></status>
</kw>
<kw name="Run Keyword If" library="BuiltIn">
<doc>Runs the given keyword with the given arguments, if ``condition`` is true.</doc>
<arguments>
<arg>'${targ_file_path}' != '${EMPTY}'</arg>
<arg>Run Keyword And Ignore Error</arg>
<arg>Copy File</arg>
<arg>${log_file_path}</arg>
<arg>${targ_file_path}</arg>
</arguments>
<kw name="Run Keyword And Ignore Error" library="BuiltIn">
<doc>Runs the given keyword with the given arguments and ignores possible error.</doc>
<arguments>
<arg>Copy File</arg>
<arg>${log_file_path}</arg>
<arg>${targ_file_path}</arg>
</arguments>
<kw name="Copy File" library="OperatingSystem">
<doc>Copies the source file into the destination.</doc>
<arguments>
<arg>${log_file_path}</arg>
<arg>${targ_file_path}</arg>
</arguments>
<msg level="INFO" timestamp="20170705 18:03:38.871" html="yes">Copied file from '&lt;a href="file:///tmp/9.3.21.61_os_console"&gt;/tmp/9.3.21.61_os_console&lt;/a&gt;' to '&lt;a href="file:///tmp/fspcibld/25540/obmc-robot/logs/9.3.21.61_os_console"&gt;/tmp/fspcibld/25540/obmc-robot/logs/9.3.21.61_os_console&lt;/a&gt;'.</msg>
<status endtime="20170705 18:03:38.871" starttime="20170705 18:03:38.869" status="PASS"></status>
</kw>
<status endtime="20170705 18:03:38.871" starttime="20170705 18:03:38.868" status="PASS"></status>
</kw>
<status endtime="20170705 18:03:38.871" starttime="20170705 18:03:38.868" status="PASS"></status>
</kw>
<kw name="Set Variable" library="BuiltIn">
<doc>Returns the given values which can then be assigned to a variables.</doc>
<arguments>
<arg>${EMPTY}</arg>
</arguments>
<assign>
<var>${output}</var>
</assign>
<msg level="INFO" timestamp="20170705 18:03:38.872">${output} = </msg>
<status endtime="20170705 18:03:38.872" starttime="20170705 18:03:38.872" status="PASS"></status>
</kw>
<kw name="Evaluate" library="BuiltIn">
<doc>Evaluates the given expression in Python and returns the results.</doc>
<arguments>
<arg>${debug}^1</arg>
</arguments>
<assign>
<var>${loc_quiet}</var>
</assign>
<msg level="INFO" timestamp="20170705 18:03:38.873">${loc_quiet} = 1</msg>
<status endtime="20170705 18:03:38.873" starttime="20170705 18:03:38.872" status="PASS"></status>
</kw>
<kw name="Run Keyword If" library="BuiltIn">
<doc>Runs the given keyword with the given arguments, if ``condition`` is true.</doc>
<arguments>
<arg>'${return_data}' == '${1}'</arg>
<arg>Cmd Fnc</arg>
<arg>cat ${log_file_path}</arg>
<arg>quiet=${loc_quiet}</arg>
<arg>print_output=${0}</arg>
</arguments>
<assign>
<var>${rc}</var>
<var>${output}</var>
</assign>
<kw name="Cmd Fnc" library="gen_cmd">
<doc>Run the given command in a shell and return the shell return code.</doc>
<arguments>
<arg>cat ${log_file_path}</arg>
<arg>quiet=${loc_quiet}</arg>
<arg>print_output=${0}</arg>
</arguments>
<status endtime="20170705 18:03:38.914" starttime="20170705 18:03:38.873" status="PASS"></status>
</kw>
<msg level="INFO" timestamp="20170705 18:03:38.915">${rc} = 0</msg>
<msg level="INFO" timestamp="20170705 18:03:38.915">${output} = spawn ssh -p 2200 -o StrictHostKeyChecking no root@9.3.21.61
Warning: Permanently added '[9.3.21.61]:2200' (RSA) to the list of known hosts.
root@9.3.21.61's password: 
[24;10HUbuntu          [2...</msg>
<status endtime="20170705 18:03:38.915" starttime="20170705 18:03:38.873" status="PASS"></status>
</kw>
<msg level="INFO" timestamp="20170705 18:03:38.916">${sol_log} = spawn ssh -p 2200 -o StrictHostKeyChecking no root@9.3.21.61
Warning: Permanently added '[9.3.21.61]:2200' (RSA) to the list of known hosts.
root@9.3.21.61's password: 
[24;10HUbuntu          [2...</msg>
<status endtime="20170705 18:03:38.916" starttime="20170705 18:03:38.822" status="PASS"></status>
</kw>
<kw name="Log" library="BuiltIn">
<doc>Logs the given message with the given level.</doc>
<arguments>
<arg>${sol_log}</arg>
</arguments>
<msg level="INFO" timestamp="20170705 18:03:38.920">spawn ssh -p 2200 -o StrictHostKeyChecking no root@9.3.21.61
Warning: Permanently added '[9.3.21.61]:2200' (RSA) to the list of known hosts.
root@9.3.21.61's password: 
[24;10HUbuntu          [24;16H Loaded kernel image from file:///var/petitboot/mnt/dev/sda2/boot/vmlinux-4.10.[?7l0[?7h[24;9Hinitrd from file:///var/petitboot/mnt/dev/sda2/boot/initrd.img-4.10.0-1[?7l4[?7h Running boot hooks[K Performing kexec loadreboot[   47.503357088,5] IPMI: Soft shutdown requested
The system is going down NOW!
Sent SIGTERM to all processes
Sent SIGKILL to all processes
[   33.771463] kexec_core: Starting new kernel
[   51.400289776,5] OPAL: Switch to big-endian OS
[   51.501274960,5] OPAL: Switch to little-endian OS
 -&gt; smp_release_cpus()
spinning_secondaries = 15
 &lt;- smp_release_cpus()
[   52.401987008,3] XIVE[ IC 00  ] ISN 1 lead to invalid IVE !
[   52.402123200,3] XIVE[ IC 00  ] ISN 1 lead to invalid IVE !
[   52.402233296,3] XIVE[ IC 00  ] ISN 1 lead to invalid IVE !
[   52.403588368,3] XIVE[ IC 00  ] ISN 1 lead to invalid IVE !
[   52.403701376,3] XIVE[ IC 00  ] ISN 1 lead to invalid IVE !
[   52.403807376,3] XIVE[ IC 00  ] ISN 1 lead to invalid IVE !
[    2.425345] Unable to open file: /etc/keys/x509_ima.der (-2)
[    2.425350] Unable to open file: /etc/keys/x509_evm.der (-2)
[40m[2J[-1;-1f[?25l[-1;-1f[40m[37mUbuntu 17.04[-1;-1f[37m.  [37m.  [37m.  [37m.[-1;-1f[40m[37mUbuntu 17.04[-1;-1f[33m.  [37m.  [37m.  [37m.[-1;-1f[40m[37mUbuntu 17.04[-1;-1f[33m.  [33m.  [37m.  [37m.[-1;-1f[40m[37mUbuntu 17.04[-1;-1f[33m.  [33m.  [33m.  [37m.[-1;-1f[40m[37mUbuntu 17.04[-1;-1f[33m.  [33m.  [33m.  [33m.[-1;-1f[40m[37mUbuntu 17.04[-1;-1f[37m.  [33m.  [33m.  [33m.[-1;-1f[40m[37mUbuntu 17.04[-1;-1f[37m.  [37m.  [33m.  [33m.[-1;-1f[40m[37mUbuntu 17.04[-1;-1f[37m.  [37m.  [37m.  [33m.[-1;-1f[40m[37mUbuntu 17.04[-1;-1f[37m.  [37m.  [37m.  [37m.[-1;-1f[40m[37mUbuntu 17.04[-1;-1f[33m.  [37m.  [37m.  [37m.[49m[2J[-1;-1f[?25h
Ubuntu Zesty Zapus (development branch) ws017p1 hvc0

ws017p1 login: </msg>
<status endtime="20170705 18:03:38.921" starttime="20170705 18:03:38.918" status="PASS"></status>
</kw>
<status endtime="20170705 18:03:38.922" starttime="20170705 18:03:16.540" status="PASS"></status>
</kw>
<doc>Power off and on.</doc>
<tags>
<tag>chassisboot</tag>
<tag>Power_On_Test</tag>
</tags>
<status endtime="20170705 18:03:38.922" starttime="20170705 18:00:14.349" status="FAIL" critical="yes">Keyword 'Is Host Off' failed after retrying for 3 minutes. The last error was: Off != Running</status>
</test>
<doc>Test power on for HW CI.</doc>
<status endtime="20170705 18:03:38.928" starttime="20170705 18:00:14.315" status="FAIL"></status>
</suite>
<doc>Set metadata for test suite.</doc>
<status endtime="20170705 18:03:38.932" starttime="20170705 18:00:07.133" status="FAIL"></status>
</suite>
<statistics>
<total>
<stat pass="1" fail="1">Critical Tests</stat>
<stat pass="1" fail="1">All Tests</stat>
</total>
<tag>
<stat pass="0" fail="1">chassisboot</stat>
<stat pass="0" fail="1">Power_On_Test</stat>
<stat pass="1" fail="0">Test_SSL_Connection</stat>
</tag>
<suite>
<stat pass="1" name="Tests" fail="1" id="s1">Tests</stat>
<stat pass="1" name="Security" fail="0" id="s1-s1">Tests.Security</stat>
<stat pass="1" name="Test Ssl" fail="0" id="s1-s1-s1">Tests.Security.Test Ssl</stat>
<stat pass="0" name="Test Basic Poweron" fail="1" id="s1-s2">Tests.Test Basic Poweron</stat>
</suite>
</statistics>
<errors>
</errors>
</robot>
