<?xml version="1.0" encoding="UTF-8"?>
<robot generator="Robot 3.0.2 (Python 2.7.12 on linux2)" generated="20170918 15:36:58.299">
<suite name="Tests" id="s1" source="/tmp/fspcibld/17001/obmc-robot/tests">
<kw name="System Driver Data" type="setup">
<doc>System driver information.</doc>
<kw library="connection_client" name="Open Connection And Log In">
<doc>Opens a connection with the given arguments, and logs in.</doc>
<kw library="BuiltIn" name="Run Keyword And Return Status">
<doc>Runs the given keyword with given arguments and returns the status as a Boolean value.</doc>
<arguments>
<arg>Dictionary Should Contain Key</arg>
<arg>${connection_args}</arg>
<arg>host</arg>
</arguments>
<assign>
<var>${has_host}</var>
</assign>
<kw library="Collections" name="Dictionary Should Contain Key">
<doc>Fails if ``key`` is not found from ``dictionary``.</doc>
<arguments>
<arg>${connection_args}</arg>
<arg>host</arg>
</arguments>
<msg level="FAIL" timestamp="20170918 15:36:58.806">Dictionary does not contain key 'host'.</msg>
<status starttime="20170918 15:36:58.806" status="FAIL" endtime="20170918 15:36:58.806"></status>
</kw>
<msg level="INFO" timestamp="20170918 15:36:58.806">${has_host} = False</msg>
<status starttime="20170918 15:36:58.805" status="PASS" endtime="20170918 15:36:58.806"></status>
</kw>
<kw library="BuiltIn" name="Run Keyword If">
<doc>Runs the given keyword with the given arguments, if ``condition`` is true.</doc>
<arguments>
<arg>${has_host} == ${FALSE}</arg>
<arg>Set To Dictionary</arg>
<arg>${connection_args}</arg>
<arg>host=${OPENBMC_HOST}</arg>
</arguments>
<kw library="Collections" name="Set To Dictionary">
<doc>Adds the given ``key_value_pairs`` and ``items`` to the ``dictionary``.</doc>
<arguments>
<arg>${connection_args}</arg>
<arg>host=${OPENBMC_HOST}</arg>
</arguments>
<status starttime="20170918 15:36:58.807" status="PASS" endtime="20170918 15:36:58.807"></status>
</kw>
<status starttime="20170918 15:36:58.807" status="PASS" endtime="20170918 15:36:58.808"></status>
</kw>
<kw library="BuiltIn" name="Run Keyword If">
<doc>Runs the given keyword with the given arguments, if ``condition`` is true.</doc>
<arguments>
<arg>'${SSH_PORT}' != '${EMPTY}' and '${HTTPS_PORT}' != '${EMPTY}'</arg>
<arg>User input SSH and HTTPs Ports</arg>
</arguments>
<kw library="connection_client" name="User input SSH and HTTPs Ports">
<doc>Update the global SSH and HTTPs port variable for QEMU</doc>
<kw library="BuiltIn" name="Convert To Integer">
<doc>Converts the given item to an integer number.</doc>
<arguments>
<arg>${SSH_PORT}</arg>
</arguments>
<assign>
<var>${port_num}</var>
</assign>
<msg level="INFO" timestamp="20170918 15:36:58.809">${port_num} = 22</msg>
<status starttime="20170918 15:36:58.809" status="PASS" endtime="20170918 15:36:58.809"></status>
</kw>
<kw library="BuiltIn" name="Replace Variables">
<doc>Replaces variables in the given text with their current values.</doc>
<arguments>
<arg>${port_num}</arg>
</arguments>
<assign>
<var>${SSH_PORT}</var>
</assign>
<msg level="INFO" timestamp="20170918 15:36:58.810">${SSH_PORT} = 22</msg>
<status starttime="20170918 15:36:58.809" status="PASS" endtime="20170918 15:36:58.810"></status>
</kw>
<kw library="BuiltIn" name="Convert To Integer">
<doc>Converts the given item to an integer number.</doc>
<arguments>
<arg>${HTTPS_PORT}</arg>
</arguments>
<assign>
<var>${https_num}</var>
</assign>
<msg level="INFO" timestamp="20170918 15:36:58.810">${https_num} = 443</msg>
<status starttime="20170918 15:36:58.810" status="PASS" endtime="20170918 15:36:58.810"></status>
</kw>
<kw library="BuiltIn" name="Set Global Variable">
<doc>Makes a variable available globally in all tests and suites.</doc>
<arguments>
<arg>${AUTH_URI}</arg>
<arg>https://${OPENBMC_HOST}:${https_num}</arg>
</arguments>
<msg level="INFO" timestamp="20170918 15:36:58.811">${AUTH_URI} = https://9.3.21.61:443</msg>
<status starttime="20170918 15:36:58.810" status="PASS" endtime="20170918 15:36:58.811"></status>
</kw>
<status starttime="20170918 15:36:58.808" status="PASS" endtime="20170918 15:36:58.811"></status>
</kw>
<status starttime="20170918 15:36:58.808" status="PASS" endtime="20170918 15:36:58.811"></status>
</kw>
<kw library="BuiltIn" name="Run Keyword And Return Status">
<doc>Runs the given keyword with given arguments and returns the status as a Boolean value.</doc>
<arguments>
<arg>Dictionary Should Contain Key</arg>
<arg>${connection_args}</arg>
<arg>port</arg>
</arguments>
<assign>
<var>${has_port}</var>
</assign>
<kw library="Collections" name="Dictionary Should Contain Key">
<doc>Fails if ``key`` is not found from ``dictionary``.</doc>
<arguments>
<arg>${connection_args}</arg>
<arg>port</arg>
</arguments>
<msg level="FAIL" timestamp="20170918 15:36:58.812">Dictionary does not contain key 'port'.</msg>
<status starttime="20170918 15:36:58.812" status="FAIL" endtime="20170918 15:36:58.812"></status>
</kw>
<msg level="INFO" timestamp="20170918 15:36:58.812">${has_port} = False</msg>
<status starttime="20170918 15:36:58.811" status="PASS" endtime="20170918 15:36:58.812"></status>
</kw>
<kw library="BuiltIn" name="Run Keyword If">
<doc>Runs the given keyword with the given arguments, if ``condition`` is true.</doc>
<arguments>
<arg>'${SSH_PORT}' != '${EMPTY}' and ${has_port} == ${FALSE}</arg>
<arg>Run Keywords</arg>
<arg>Set To Dictionary</arg>
<arg>${connection_args}</arg>
<arg>port=${SSH_PORT}</arg>
<arg>AND</arg>
<arg>SSHLibrary.Open connection</arg>
<arg>&amp;{connection_args}</arg>
<arg>ELSE</arg>
<arg>Run Keyword</arg>
<arg>SSHLibrary.Open connection</arg>
<arg>&amp;{connection_args}</arg>
</arguments>
<kw library="BuiltIn" name="Run Keywords">
<doc>Executes all the given keywords in a sequence.</doc>
<arguments>
<arg>Set To Dictionary</arg>
<arg>${connection_args}</arg>
<arg>port=${SSH_PORT}</arg>
<arg>AND</arg>
<arg>SSHLibrary.Open connection</arg>
<arg>&amp;{connection_args}</arg>
</arguments>
<kw library="Collections" name="Set To Dictionary">
<doc>Adds the given ``key_value_pairs`` and ``items`` to the ``dictionary``.</doc>
<arguments>
<arg>${connection_args}</arg>
<arg>port=${SSH_PORT}</arg>
</arguments>
<status starttime="20170918 15:36:58.814" status="PASS" endtime="20170918 15:36:58.814"></status>
</kw>
<kw library="SSHLibrary" name="Open Connection">
<doc>Opens a new SSH connection to the given `host` and `port`.</doc>
<arguments>
<arg>&amp;{connection_args}</arg>
</arguments>
<status starttime="20170918 15:36:58.815" status="PASS" endtime="20170918 15:36:58.815"></status>
</kw>
<status starttime="20170918 15:36:58.813" status="PASS" endtime="20170918 15:36:58.815"></status>
</kw>
<status starttime="20170918 15:36:58.813" status="PASS" endtime="20170918 15:36:58.815"></status>
</kw>
<kw library="SSHLibrary" name="Login">
<doc>Logs into the SSH server with the given `username` and `password`.</doc>
<arguments>
<arg>${username}</arg>
<arg>${password}</arg>
</arguments>
<msg level="INFO" timestamp="20170918 15:36:58.816">Logging into '9.3.21.61:22' as 'root'.</msg>
<msg level="INFO" timestamp="20170918 15:37:00.577">Read output: root@witherspoon:~#</msg>
<status starttime="20170918 15:36:58.815" status="PASS" endtime="20170918 15:37:00.577"></status>
</kw>
<status starttime="20170918 15:36:58.805" status="PASS" endtime="20170918 15:37:00.577"></status>
</kw>
<kw library="BuiltIn" name="Run Keyword And Ignore Error">
<doc>Runs the given keyword with the given arguments and ignores possible error.</doc>
<arguments>
<arg>Log BMC Driver Details</arg>
</arguments>
<kw name="Log BMC Driver Details">
<doc>Get BMC driver details and log.</doc>
<kw library="SSHLibrary" name="Execute Command">
<doc>Executes `command` on the remote machine and returns its outputs.</doc>
<arguments>
<arg>${DRIVER_CMD}</arg>
<arg>return_stderr=True</arg>
</arguments>
<assign>
<var>${output}</var>
<var>${stderr}</var>
</assign>
<msg level="INFO" timestamp="20170918 15:37:00.579">Executing command 'cat /etc/os-release | grep ^VERSION_ID='.</msg>
<msg level="INFO" timestamp="20170918 15:37:00.656">Command exited with return code 0.</msg>
<msg level="INFO" timestamp="20170918 15:37:00.656">${output} = VERSION_ID="v1.99.10-17-gef5bc1e"</msg>
<msg level="INFO" timestamp="20170918 15:37:00.656">${stderr} = </msg>
<status starttime="20170918 15:37:00.579" status="PASS" endtime="20170918 15:37:00.657"></status>
</kw>
<kw library="BuiltIn" name="Should Be Empty">
<doc>Verifies that the given item is empty.</doc>
<arguments>
<arg>${stderr}</arg>
</arguments>
<msg level="INFO" timestamp="20170918 15:37:00.657">Length is 0</msg>
<status starttime="20170918 15:37:00.657" status="PASS" endtime="20170918 15:37:00.657"></status>
</kw>
<kw library="BuiltIn" name="Log">
<doc>Logs the given message with the given level.</doc>
<arguments>
<arg>${output}</arg>
</arguments>
<msg level="INFO" timestamp="20170918 15:37:00.658">VERSION_ID="v1.99.10-17-gef5bc1e"</msg>
<status starttime="20170918 15:37:00.657" status="PASS" endtime="20170918 15:37:00.658"></status>
</kw>
<status starttime="20170918 15:37:00.578" status="PASS" endtime="20170918 15:37:00.658"></status>
</kw>
<status starttime="20170918 15:37:00.578" status="PASS" endtime="20170918 15:37:00.658"></status>
</kw>
<kw library="BuiltIn" name="Run Keyword And Ignore Error">
<doc>Runs the given keyword with the given arguments and ignores possible error.</doc>
<arguments>
<arg>Log PNOR Driver Details</arg>
</arguments>
<kw name="Log PNOR Driver Details">
<doc>Get PNOR driver details and log.</doc>
<kw library="code_update_utils" name="Get Host Software Objects Details">
<doc>Return software object details as a list of dictionaries.</doc>
<assign>
<var>${software}</var>
</assign>
<kw library="BuiltIn" name="Create List">
<doc>Returns a list containing given items.</doc>
<assign>
<var>${software}</var>
</assign>
<msg level="INFO" timestamp="20170918 15:37:00.659">${software} = []</msg>
<status starttime="20170918 15:37:00.659" status="PASS" endtime="20170918 15:37:00.660"></status>
</kw>
<kw library="code_update_utils" name="Get Software Objects">
<doc>Get the host software objects and return as a list.</doc>
<arguments>
<arg>${VERSION_PURPOSE_HOST}</arg>
</arguments>
<assign>
<var>${pnor_details}</var>
</assign>
<kw library="BuiltIn" name="Create List">
<doc>Returns a list containing given items.</doc>
<assign>
<var>${host_list}</var>
</assign>
<msg level="INFO" timestamp="20170918 15:37:00.660">${host_list} = []</msg>
<status starttime="20170918 15:37:00.660" status="PASS" endtime="20170918 15:37:00.660"></status>
</kw>
<kw library="rest_client" name="Read Properties">
<arguments>
<arg>${SOFTWARE_VERSION_URI}</arg>
</arguments>
<assign>
<var>${sw_list}</var>
</assign>
<kw library="rest_client" name="OpenBMC Get Request">
<arguments>
<arg>${uri}</arg>
<arg>timeout=${timeout}</arg>
<arg>quiet=${quiet}</arg>
</arguments>
<assign>
<var>${resp}</var>
</assign>
<kw library="rest_client" name="Initialize OpenBMC">
<arguments>
<arg>${timeout}</arg>
<arg>quiet=${quiet}</arg>
</arguments>
<kw library="BuiltIn" name="Wait Until Keyword Succeeds">
<doc>Runs the specified keyword and retries if it fails.</doc>
<arguments>
<arg>40 sec</arg>
<arg>20 sec</arg>
<arg>Post Login Request</arg>
<arg>${timeout}</arg>
<arg>${quiet}</arg>
</arguments>
<kw library="rest_client" name="Post Login Request">
<arguments>
<arg>${timeout}</arg>
<arg>${quiet}</arg>
</arguments>
<kw library="RequestsLibrary.RequestsKeywords" name="Create Session">
<doc>Create Session: create a HTTP session to a server</doc>
<arguments>
<arg>openbmc</arg>
<arg>${AUTH_URI}</arg>
<arg>timeout=${timeout}</arg>
<arg>max_retries=3</arg>
</arguments>
<msg level="INFO" timestamp="20170918 15:37:00.664">Creating Session using : alias=openbmc, url=https://9.3.21.61:443, headers={},                     cookies=None, auth=None, timeout=10, proxies=None, verify=False,                     debug=0 </msg>
<status starttime="20170918 15:37:00.664" status="PASS" endtime="20170918 15:37:00.665"></status>
</kw>
<kw library="BuiltIn" name="Create Dictionary">
<doc>Creates and returns a dictionary based on the given ``items``.</doc>
<arguments>
<arg>Content-Type=application/json</arg>
</arguments>
<assign>
<var>${headers}</var>
</assign>
<msg level="INFO" timestamp="20170918 15:37:00.665">${headers} = {u'Content-Type': u'application/json'}</msg>
<status starttime="20170918 15:37:00.665" status="PASS" endtime="20170918 15:37:00.665"></status>
</kw>
<kw library="BuiltIn" name="Create List">
<doc>Returns a list containing given items.</doc>
<arguments>
<arg>${OPENBMC_USERNAME}</arg>
<arg>${OPENBMC_PASSWORD}</arg>
</arguments>
<assign>
<var>@{credentials}</var>
</assign>
<msg level="INFO" timestamp="20170918 15:37:00.666">@{credentials} = [ root | 0penBmc ]</msg>
<status starttime="20170918 15:37:00.666" status="PASS" endtime="20170918 15:37:00.666"></status>
</kw>
<kw library="BuiltIn" name="Create Dictionary">
<doc>Creates and returns a dictionary based on the given ``items``.</doc>
<arguments>
<arg>data=@{credentials}</arg>
</arguments>
<assign>
<var>${data}</var>
</assign>
<msg level="INFO" timestamp="20170918 15:37:00.667">${data} = {u'data': [u'root', u'0penBmc']}</msg>
<status starttime="20170918 15:37:00.666" status="PASS" endtime="20170918 15:37:00.667"></status>
</kw>
<kw library="BuiltIn" name="Run Keyword And Ignore Error">
<doc>Runs the given keyword with the given arguments and ignores possible error.</doc>
<arguments>
<arg>Post Request</arg>
<arg>openbmc</arg>
<arg>/login</arg>
<arg>data=${data}</arg>
<arg>headers=${headers}</arg>
</arguments>
<assign>
<var>${status}</var>
<var>${resp}</var>
</assign>
<kw library="RequestsLibrary.RequestsKeywords" name="Post Request">
<doc>Send a POST request on the session object found using the</doc>
<arguments>
<arg>openbmc</arg>
<arg>/login</arg>
<arg>data=${data}</arg>
<arg>headers=${headers}</arg>
</arguments>
<msg level="INFO" timestamp="20170918 15:37:00.852">Post Request using : alias=openbmc, uri=/login, data={"data": ["root", "0penBmc"]}, headers={u'Content-Type': u'application/json'}, files=None, allow_redirects=True </msg>
<status starttime="20170918 15:37:00.667" status="PASS" endtime="20170918 15:37:00.852"></status>
</kw>
<msg level="INFO" timestamp="20170918 15:37:00.852">${status} = PASS</msg>
<msg level="INFO" timestamp="20170918 15:37:00.852">${resp} = &lt;Response [200]&gt;</msg>
<status starttime="20170918 15:37:00.667" status="PASS" endtime="20170918 15:37:00.852"></status>
</kw>
<kw library="BuiltIn" name="Should Be Equal">
<doc>Fails if the given objects are unequal.</doc>
<arguments>
<arg>${status}</arg>
<arg>PASS</arg>
<arg>msg=${resp}</arg>
</arguments>
<msg level="INFO" timestamp="20170918 15:37:00.853">Argument types are:
&lt;type 'str'&gt;
&lt;type 'unicode'&gt;</msg>
<status starttime="20170918 15:37:00.853" status="PASS" endtime="20170918 15:37:00.853"></status>
</kw>
<kw library="BuiltIn" name="Should Be Equal As Strings">
<doc>Fails if objects are unequal after converting them to strings.</doc>
<arguments>
<arg>${resp.status_code}</arg>
<arg>${HTTP_OK}</arg>
</arguments>
<msg level="INFO" timestamp="20170918 15:37:00.854">Argument types are:
&lt;type 'int'&gt;
&lt;type 'unicode'&gt;</msg>
<status starttime="20170918 15:37:00.853" status="PASS" endtime="20170918 15:37:00.854"></status>
</kw>
<status starttime="20170918 15:37:00.663" status="PASS" endtime="20170918 15:37:00.854"></status>
</kw>
<status starttime="20170918 15:37:00.662" status="PASS" endtime="20170918 15:37:00.854"></status>
</kw>
<status starttime="20170918 15:37:00.662" status="PASS" endtime="20170918 15:37:00.854"></status>
</kw>
<kw library="BuiltIn" name="Catenate">
<doc>Catenates the given items together and returns the resulted string.</doc>
<arguments>
<arg>SEPARATOR=</arg>
<arg>${DBUS_PREFIX}</arg>
<arg>${uri}</arg>
</arguments>
<assign>
<var>${base_uri}</var>
</assign>
<msg level="INFO" timestamp="20170918 15:37:00.855">${base_uri} = /xyz/openbmc_project/software/</msg>
<status starttime="20170918 15:37:00.854" status="PASS" endtime="20170918 15:37:00.855"></status>
</kw>
<kw library="BuiltIn" name="Run Keyword If">
<doc>Runs the given keyword with the given arguments, if ``condition`` is true.</doc>
<arguments>
<arg>'${quiet}' == '${0}'</arg>
<arg>Log Request</arg>
<arg>method=Get</arg>
<arg>base_uri=${base_uri}</arg>
<arg>args=&amp;{kwargs}</arg>
</arguments>
<kw library="rest_client" name="Log Request">
<arguments>
<arg>method=Get</arg>
<arg>base_uri=${base_uri}</arg>
<arg>args=&amp;{kwargs}</arg>
</arguments>
<kw library="BuiltIn" name="Catenate">
<doc>Catenates the given items together and returns the resulted string.</doc>
<arguments>
<arg>SEPARATOR=</arg>
<arg>URI:</arg>
<arg>${AUTH_URI}</arg>
<arg>${kwargs["base_uri"]}</arg>
<arg>, method:</arg>
<arg>${kwargs["method"]}</arg>
<arg>, args:</arg>
<arg>${kwargs["args"]}</arg>
</arguments>
<assign>
<var>${msg}</var>
</assign>
<msg level="INFO" timestamp="20170918 15:37:00.857">${msg} = URI:https://9.3.21.61:443/xyz/openbmc_project/software/, method:Get, args:{}</msg>
<status starttime="20170918 15:37:00.856" status="PASS" endtime="20170918 15:37:00.857"></status>
</kw>
<kw library="rest_client" name="Logging">
<arguments>
<arg>${msg}</arg>
<arg>console=True</arg>
</arguments>
<kw library="BuiltIn" name="Log">
<doc>Logs the given message with the given level.</doc>
<arguments>
<arg>${msg}</arg>
<arg>console=True</arg>
</arguments>
<msg level="INFO" timestamp="20170918 15:37:00.858">URI:https://9.3.21.61:443/xyz/openbmc_project/software/, method:Get, args:{}</msg>
<status starttime="20170918 15:37:00.857" status="PASS" endtime="20170918 15:37:00.858"></status>
</kw>
<status starttime="20170918 15:37:00.857" status="PASS" endtime="20170918 15:37:00.858"></status>
</kw>
<status starttime="20170918 15:37:00.855" status="PASS" endtime="20170918 15:37:00.858"></status>
</kw>
<status starttime="20170918 15:37:00.855" status="PASS" endtime="20170918 15:37:00.858"></status>
</kw>
<kw library="RequestsLibrary.RequestsKeywords" name="Get Request">
<doc>Send a GET request on the session object found using the</doc>
<arguments>
<arg>openbmc</arg>
<arg>${base_uri}</arg>
<arg>&amp;{kwargs}</arg>
<arg>timeout=${timeout}</arg>
</arguments>
<assign>
<var>${ret}</var>
</assign>
<msg level="INFO" timestamp="20170918 15:37:00.923">Get Request using : alias=openbmc, uri=/xyz/openbmc_project/software/, headers=None json=None</msg>
<msg level="INFO" timestamp="20170918 15:37:00.923">${ret} = &lt;Response [200]&gt;</msg>
<status starttime="20170918 15:37:00.858" status="PASS" endtime="20170918 15:37:00.923"></status>
</kw>
<kw library="BuiltIn" name="Run Keyword If">
<doc>Runs the given keyword with the given arguments, if ``condition`` is true.</doc>
<arguments>
<arg>'${quiet}' == '${0}'</arg>
<arg>Log Response</arg>
<arg>${ret}</arg>
</arguments>
<kw library="rest_client" name="Log Response">
<arguments>
<arg>${ret}</arg>
</arguments>
<kw library="BuiltIn" name="Catenate">
<doc>Catenates the given items together and returns the resulted string.</doc>
<arguments>
<arg>SEPARATOR=</arg>
<arg>Response code:</arg>
<arg>${resp.status_code}</arg>
<arg>, Content:</arg>
<arg>${resp.content}</arg>
</arguments>
<assign>
<var>${msg}</var>
</assign>
<msg level="INFO" timestamp="20170918 15:37:00.925">${msg} = Response code:200, Content:{
  "data": [
    "/xyz/openbmc_project/software/8764baa3", 
    "/xyz/openbmc_project/software/active"
  ], 
  "message": "200 OK", 
  "status": "ok"
}</msg>
<status starttime="20170918 15:37:00.924" status="PASS" endtime="20170918 15:37:00.925"></status>
</kw>
<kw library="rest_client" name="Logging">
<arguments>
<arg>${msg}</arg>
<arg>console=True</arg>
</arguments>
<kw library="BuiltIn" name="Log">
<doc>Logs the given message with the given level.</doc>
<arguments>
<arg>${msg}</arg>
<arg>console=True</arg>
</arguments>
<msg level="INFO" timestamp="20170918 15:37:00.926">Response code:200, Content:{
  "data": [
    "/xyz/openbmc_project/software/8764baa3", 
    "/xyz/openbmc_project/software/active"
  ], 
  "message": "200 OK", 
  "status": "ok"
}</msg>
<status starttime="20170918 15:37:00.925" status="PASS" endtime="20170918 15:37:00.926"></status>
</kw>
<status starttime="20170918 15:37:00.925" status="PASS" endtime="20170918 15:37:00.926"></status>
</kw>
<status starttime="20170918 15:37:00.924" status="PASS" endtime="20170918 15:37:00.926"></status>
</kw>
<status starttime="20170918 15:37:00.923" status="PASS" endtime="20170918 15:37:00.926"></status>
</kw>
<kw library="RequestsLibrary.RequestsKeywords" name="Delete All Sessions">
<doc>Removes all the session objects</doc>
<msg level="INFO" timestamp="20170918 15:37:00.926">Delete All Sessions</msg>
<status starttime="20170918 15:37:00.926" status="PASS" endtime="20170918 15:37:00.926"></status>
</kw>
<msg level="INFO" timestamp="20170918 15:37:00.927">${resp} = &lt;Response [200]&gt;</msg>
<status starttime="20170918 15:37:00.661" status="PASS" endtime="20170918 15:37:00.927"></status>
</kw>
<kw library="BuiltIn" name="Should Be Equal As Strings">
<doc>Fails if objects are unequal after converting them to strings.</doc>
<arguments>
<arg>${resp.status_code}</arg>
<arg>${HTTP_OK}</arg>
</arguments>
<msg level="INFO" timestamp="20170918 15:37:00.927">Argument types are:
&lt;type 'int'&gt;
&lt;type 'unicode'&gt;</msg>
<status starttime="20170918 15:37:00.927" status="PASS" endtime="20170918 15:37:00.927"></status>
</kw>
<kw library="RequestsLibrary.RequestsKeywords" name="To Json">
<doc>Convert a string to a JSON object</doc>
<arguments>
<arg>${resp.content}</arg>
</arguments>
<assign>
<var>${content}</var>
</assign>
<msg level="INFO" timestamp="20170918 15:37:00.928">To JSON using : content={
  "data": [
    "/xyz/openbmc_project/software/8764baa3", 
    "/xyz/openbmc_project/software/active"
  ], 
  "message": "200 OK", 
  "status": "ok"
} </msg>
<msg level="INFO" timestamp="20170918 15:37:00.928">To JSON using : pretty_print=False </msg>
<msg level="INFO" timestamp="20170918 15:37:00.928">${content} = {u'message': u'200 OK', u'status': u'ok', u'data': [u'/xyz/openbmc_project/software/8764baa3', u'/xyz/openbmc_project/software/active']}</msg>
<status starttime="20170918 15:37:00.928" status="PASS" endtime="20170918 15:37:00.928"></status>
</kw>
<msg level="INFO" timestamp="20170918 15:37:00.928">${sw_list} = [u'/xyz/openbmc_project/software/8764baa3', u'/xyz/openbmc_project/software/active']</msg>
<status starttime="20170918 15:37:00.661" status="PASS" endtime="20170918 15:37:00.928"></status>
</kw>
<kw name="${index} IN [ @{sw_list} ]" type="for">
<kw name="${index} = /xyz/openbmc_project/software/8764baa3" type="foritem">
<kw library="code_update_utils" name="Read Software Attribute">
<doc>Return software attribute data.</doc>
<arguments>
<arg>${index}</arg>
<arg>Purpose</arg>
</arguments>
<assign>
<var>${attr_purpose}</var>
</assign>
<kw library="rest_client" name="OpenBMC Get Request">
<arguments>
<arg>${software_object}/attr/${attribute_name}</arg>
<arg>quiet=${1}</arg>
</arguments>
<assign>
<var>${resp}</var>
</assign>
<kw library="rest_client" name="Initialize OpenBMC">
<arguments>
<arg>${timeout}</arg>
<arg>quiet=${quiet}</arg>
</arguments>
<kw library="BuiltIn" name="Wait Until Keyword Succeeds">
<doc>Runs the specified keyword and retries if it fails.</doc>
<arguments>
<arg>40 sec</arg>
<arg>20 sec</arg>
<arg>Post Login Request</arg>
<arg>${timeout}</arg>
<arg>${quiet}</arg>
</arguments>
<kw library="rest_client" name="Post Login Request">
<arguments>
<arg>${timeout}</arg>
<arg>${quiet}</arg>
</arguments>
<kw library="RequestsLibrary.RequestsKeywords" name="Create Session">
<doc>Create Session: create a HTTP session to a server</doc>
<arguments>
<arg>openbmc</arg>
<arg>${AUTH_URI}</arg>
<arg>timeout=${timeout}</arg>
<arg>max_retries=3</arg>
</arguments>
<msg level="INFO" timestamp="20170918 15:37:00.934">Creating Session using : alias=openbmc, url=https://9.3.21.61:443, headers={},                     cookies=None, auth=None, timeout=10, proxies=None, verify=False,                     debug=0 </msg>
<status starttime="20170918 15:37:00.933" status="PASS" endtime="20170918 15:37:00.934"></status>
</kw>
<kw library="BuiltIn" name="Create Dictionary">
<doc>Creates and returns a dictionary based on the given ``items``.</doc>
<arguments>
<arg>Content-Type=application/json</arg>
</arguments>
<assign>
<var>${headers}</var>
</assign>
<msg level="INFO" timestamp="20170918 15:37:00.935">${headers} = {u'Content-Type': u'application/json'}</msg>
<status starttime="20170918 15:37:00.934" status="PASS" endtime="20170918 15:37:00.935"></status>
</kw>
<kw library="BuiltIn" name="Create List">
<doc>Returns a list containing given items.</doc>
<arguments>
<arg>${OPENBMC_USERNAME}</arg>
<arg>${OPENBMC_PASSWORD}</arg>
</arguments>
<assign>
<var>@{credentials}</var>
</assign>
<msg level="INFO" timestamp="20170918 15:37:00.935">@{credentials} = [ root | 0penBmc ]</msg>
<status starttime="20170918 15:37:00.935" status="PASS" endtime="20170918 15:37:00.935"></status>
</kw>
<kw library="BuiltIn" name="Create Dictionary">
<doc>Creates and returns a dictionary based on the given ``items``.</doc>
<arguments>
<arg>data=@{credentials}</arg>
</arguments>
<assign>
<var>${data}</var>
</assign>
<msg level="INFO" timestamp="20170918 15:37:00.936">${data} = {u'data': [u'root', u'0penBmc']}</msg>
<status starttime="20170918 15:37:00.936" status="PASS" endtime="20170918 15:37:00.937"></status>
</kw>
<kw library="BuiltIn" name="Run Keyword And Ignore Error">
<doc>Runs the given keyword with the given arguments and ignores possible error.</doc>
<arguments>
<arg>Post Request</arg>
<arg>openbmc</arg>
<arg>/login</arg>
<arg>data=${data}</arg>
<arg>headers=${headers}</arg>
</arguments>
<assign>
<var>${status}</var>
<var>${resp}</var>
</assign>
<kw library="RequestsLibrary.RequestsKeywords" name="Post Request">
<doc>Send a POST request on the session object found using the</doc>
<arguments>
<arg>openbmc</arg>
<arg>/login</arg>
<arg>data=${data}</arg>
<arg>headers=${headers}</arg>
</arguments>
<msg level="INFO" timestamp="20170918 15:37:01.131">Post Request using : alias=openbmc, uri=/login, data={"data": ["root", "0penBmc"]}, headers={u'Content-Type': u'application/json'}, files=None, allow_redirects=True </msg>
<status starttime="20170918 15:37:00.937" status="PASS" endtime="20170918 15:37:01.131"></status>
</kw>
<msg level="INFO" timestamp="20170918 15:37:01.131">${status} = PASS</msg>
<msg level="INFO" timestamp="20170918 15:37:01.131">${resp} = &lt;Response [200]&gt;</msg>
<status starttime="20170918 15:37:00.937" status="PASS" endtime="20170918 15:37:01.131"></status>
</kw>
<kw library="BuiltIn" name="Should Be Equal">
<doc>Fails if the given objects are unequal.</doc>
<arguments>
<arg>${status}</arg>
<arg>PASS</arg>
<arg>msg=${resp}</arg>
</arguments>
<msg level="INFO" timestamp="20170918 15:37:01.132">Argument types are:
&lt;type 'str'&gt;
&lt;type 'unicode'&gt;</msg>
<status starttime="20170918 15:37:01.132" status="PASS" endtime="20170918 15:37:01.132"></status>
</kw>
<kw library="BuiltIn" name="Should Be Equal As Strings">
<doc>Fails if objects are unequal after converting them to strings.</doc>
<arguments>
<arg>${resp.status_code}</arg>
<arg>${HTTP_OK}</arg>
</arguments>
<msg level="INFO" timestamp="20170918 15:37:01.133">Argument types are:
&lt;type 'int'&gt;
&lt;type 'unicode'&gt;</msg>
<status starttime="20170918 15:37:01.132" status="PASS" endtime="20170918 15:37:01.133"></status>
</kw>
<status starttime="20170918 15:37:00.931" status="PASS" endtime="20170918 15:37:01.133"></status>
</kw>
<status starttime="20170918 15:37:00.930" status="PASS" endtime="20170918 15:37:01.133"></status>
</kw>
<status starttime="20170918 15:37:00.930" status="PASS" endtime="20170918 15:37:01.133"></status>
</kw>
<kw library="BuiltIn" name="Catenate">
<doc>Catenates the given items together and returns the resulted string.</doc>
<arguments>
<arg>SEPARATOR=</arg>
<arg>${DBUS_PREFIX}</arg>
<arg>${uri}</arg>
</arguments>
<assign>
<var>${base_uri}</var>
</assign>
<msg level="INFO" timestamp="20170918 15:37:01.134">${base_uri} = /xyz/openbmc_project/software/8764baa3/attr/Purpose</msg>
<status starttime="20170918 15:37:01.133" status="PASS" endtime="20170918 15:37:01.134"></status>
</kw>
<kw library="BuiltIn" name="Run Keyword If">
<doc>Runs the given keyword with the given arguments, if ``condition`` is true.</doc>
<arguments>
<arg>'${quiet}' == '${0}'</arg>
<arg>Log Request</arg>
<arg>method=Get</arg>
<arg>base_uri=${base_uri}</arg>
<arg>args=&amp;{kwargs}</arg>
</arguments>
<status starttime="20170918 15:37:01.134" status="PASS" endtime="20170918 15:37:01.134"></status>
</kw>
<kw library="RequestsLibrary.RequestsKeywords" name="Get Request">
<doc>Send a GET request on the session object found using the</doc>
<arguments>
<arg>openbmc</arg>
<arg>${base_uri}</arg>
<arg>&amp;{kwargs}</arg>
<arg>timeout=${timeout}</arg>
</arguments>
<assign>
<var>${ret}</var>
</assign>
<msg level="INFO" timestamp="20170918 15:37:01.246">Get Request using : alias=openbmc, uri=/xyz/openbmc_project/software/8764baa3/attr/Purpose, headers=None json=None</msg>
<msg level="INFO" timestamp="20170918 15:37:01.246">${ret} = &lt;Response [200]&gt;</msg>
<status starttime="20170918 15:37:01.135" status="PASS" endtime="20170918 15:37:01.246"></status>
</kw>
<kw library="BuiltIn" name="Run Keyword If">
<doc>Runs the given keyword with the given arguments, if ``condition`` is true.</doc>
<arguments>
<arg>'${quiet}' == '${0}'</arg>
<arg>Log Response</arg>
<arg>${ret}</arg>
</arguments>
<status starttime="20170918 15:37:01.247" status="PASS" endtime="20170918 15:37:01.247"></status>
</kw>
<kw library="RequestsLibrary.RequestsKeywords" name="Delete All Sessions">
<doc>Removes all the session objects</doc>
<msg level="INFO" timestamp="20170918 15:37:01.248">Delete All Sessions</msg>
<status starttime="20170918 15:37:01.247" status="PASS" endtime="20170918 15:37:01.248"></status>
</kw>
<msg level="INFO" timestamp="20170918 15:37:01.248">${resp} = &lt;Response [200]&gt;</msg>
<status starttime="20170918 15:37:00.929" status="PASS" endtime="20170918 15:37:01.248"></status>
</kw>
<kw library="BuiltIn" name="Return From Keyword If">
<doc>Returns from the enclosing user keyword if ``condition`` is true.</doc>
<arguments>
<arg>${resp.status_code} != ${HTTP_OK}</arg>
</arguments>
<status starttime="20170918 15:37:01.249" status="PASS" endtime="20170918 15:37:01.249"></status>
</kw>
<kw library="RequestsLibrary.RequestsKeywords" name="To Json">
<doc>Convert a string to a JSON object</doc>
<arguments>
<arg>${resp.content}</arg>
</arguments>
<assign>
<var>${content}</var>
</assign>
<msg level="INFO" timestamp="20170918 15:37:01.249">To JSON using : content={
  "data": "xyz.openbmc_project.Software.Version.VersionPurpose.Host", 
  "message": "200 OK", 
  "status": "ok"
} </msg>
<msg level="INFO" timestamp="20170918 15:37:01.249">To JSON using : pretty_print=False </msg>
<msg level="INFO" timestamp="20170918 15:37:01.250">${content} = {u'message': u'200 OK', u'status': u'ok', u'data': u'xyz.openbmc_project.Software.Version.VersionPurpose.Host'}</msg>
<status starttime="20170918 15:37:01.249" status="PASS" endtime="20170918 15:37:01.250"></status>
</kw>
<msg level="INFO" timestamp="20170918 15:37:01.250">${attr_purpose} = xyz.openbmc_project.Software.Version.VersionPurpose.Host</msg>
<status starttime="20170918 15:37:00.929" status="PASS" endtime="20170918 15:37:01.250"></status>
</kw>
<kw library="BuiltIn" name="Continue For Loop If">
<doc>Skips the current for loop iteration if the ``condition`` is true.</doc>
<arguments>
<arg>'${attr_purpose}' != '${version_type}'</arg>
</arguments>
<status starttime="20170918 15:37:01.250" status="PASS" endtime="20170918 15:37:01.251"></status>
</kw>
<kw library="Collections" name="Append To List">
<doc>Adds ``values`` to the end of ``list``.</doc>
<arguments>
<arg>${host_list}</arg>
<arg>${index}</arg>
</arguments>
<status starttime="20170918 15:37:01.251" status="PASS" endtime="20170918 15:37:01.251"></status>
</kw>
<status starttime="20170918 15:37:00.929" status="PASS" endtime="20170918 15:37:01.251"></status>
</kw>
<kw name="${index} = /xyz/openbmc_project/software/active" type="foritem">
<kw library="code_update_utils" name="Read Software Attribute">
<doc>Return software attribute data.</doc>
<arguments>
<arg>${index}</arg>
<arg>Purpose</arg>
</arguments>
<assign>
<var>${attr_purpose}</var>
</assign>
<kw library="rest_client" name="OpenBMC Get Request">
<arguments>
<arg>${software_object}/attr/${attribute_name}</arg>
<arg>quiet=${1}</arg>
</arguments>
<assign>
<var>${resp}</var>
</assign>
<kw library="rest_client" name="Initialize OpenBMC">
<arguments>
<arg>${timeout}</arg>
<arg>quiet=${quiet}</arg>
</arguments>
<kw library="BuiltIn" name="Wait Until Keyword Succeeds">
<doc>Runs the specified keyword and retries if it fails.</doc>
<arguments>
<arg>40 sec</arg>
<arg>20 sec</arg>
<arg>Post Login Request</arg>
<arg>${timeout}</arg>
<arg>${quiet}</arg>
</arguments>
<kw library="rest_client" name="Post Login Request">
<arguments>
<arg>${timeout}</arg>
<arg>${quiet}</arg>
</arguments>
<kw library="RequestsLibrary.RequestsKeywords" name="Create Session">
<doc>Create Session: create a HTTP session to a server</doc>
<arguments>
<arg>openbmc</arg>
<arg>${AUTH_URI}</arg>
<arg>timeout=${timeout}</arg>
<arg>max_retries=3</arg>
</arguments>
<msg level="INFO" timestamp="20170918 15:37:01.255">Creating Session using : alias=openbmc, url=https://9.3.21.61:443, headers={},                     cookies=None, auth=None, timeout=10, proxies=None, verify=False,                     debug=0 </msg>
<status starttime="20170918 15:37:01.254" status="PASS" endtime="20170918 15:37:01.255"></status>
</kw>
<kw library="BuiltIn" name="Create Dictionary">
<doc>Creates and returns a dictionary based on the given ``items``.</doc>
<arguments>
<arg>Content-Type=application/json</arg>
</arguments>
<assign>
<var>${headers}</var>
</assign>
<msg level="INFO" timestamp="20170918 15:37:01.255">${headers} = {u'Content-Type': u'application/json'}</msg>
<status starttime="20170918 15:37:01.255" status="PASS" endtime="20170918 15:37:01.256"></status>
</kw>
<kw library="BuiltIn" name="Create List">
<doc>Returns a list containing given items.</doc>
<arguments>
<arg>${OPENBMC_USERNAME}</arg>
<arg>${OPENBMC_PASSWORD}</arg>
</arguments>
<assign>
<var>@{credentials}</var>
</assign>
<msg level="INFO" timestamp="20170918 15:37:01.256">@{credentials} = [ root | 0penBmc ]</msg>
<status starttime="20170918 15:37:01.256" status="PASS" endtime="20170918 15:37:01.256"></status>
</kw>
<kw library="BuiltIn" name="Create Dictionary">
<doc>Creates and returns a dictionary based on the given ``items``.</doc>
<arguments>
<arg>data=@{credentials}</arg>
</arguments>
<assign>
<var>${data}</var>
</assign>
<msg level="INFO" timestamp="20170918 15:37:01.257">${data} = {u'data': [u'root', u'0penBmc']}</msg>
<status starttime="20170918 15:37:01.256" status="PASS" endtime="20170918 15:37:01.257"></status>
</kw>
<kw library="BuiltIn" name="Run Keyword And Ignore Error">
<doc>Runs the given keyword with the given arguments and ignores possible error.</doc>
<arguments>
<arg>Post Request</arg>
<arg>openbmc</arg>
<arg>/login</arg>
<arg>data=${data}</arg>
<arg>headers=${headers}</arg>
</arguments>
<assign>
<var>${status}</var>
<var>${resp}</var>
</assign>
<kw library="RequestsLibrary.RequestsKeywords" name="Post Request">
<doc>Send a POST request on the session object found using the</doc>
<arguments>
<arg>openbmc</arg>
<arg>/login</arg>
<arg>data=${data}</arg>
<arg>headers=${headers}</arg>
</arguments>
<msg level="INFO" timestamp="20170918 15:37:01.533">Post Request using : alias=openbmc, uri=/login, data={"data": ["root", "0penBmc"]}, headers={u'Content-Type': u'application/json'}, files=None, allow_redirects=True </msg>
<status starttime="20170918 15:37:01.258" status="PASS" endtime="20170918 15:37:01.533"></status>
</kw>
<msg level="INFO" timestamp="20170918 15:37:01.533">${status} = PASS</msg>
<msg level="INFO" timestamp="20170918 15:37:01.533">${resp} = &lt;Response [200]&gt;</msg>
<status starttime="20170918 15:37:01.257" status="PASS" endtime="20170918 15:37:01.533"></status>
</kw>
<kw library="BuiltIn" name="Should Be Equal">
<doc>Fails if the given objects are unequal.</doc>
<arguments>
<arg>${status}</arg>
<arg>PASS</arg>
<arg>msg=${resp}</arg>
</arguments>
<msg level="INFO" timestamp="20170918 15:37:01.534">Argument types are:
&lt;type 'str'&gt;
&lt;type 'unicode'&gt;</msg>
<status starttime="20170918 15:37:01.534" status="PASS" endtime="20170918 15:37:01.534"></status>
</kw>
<kw library="BuiltIn" name="Should Be Equal As Strings">
<doc>Fails if objects are unequal after converting them to strings.</doc>
<arguments>
<arg>${resp.status_code}</arg>
<arg>${HTTP_OK}</arg>
</arguments>
<msg level="INFO" timestamp="20170918 15:37:01.535">Argument types are:
&lt;type 'int'&gt;
&lt;type 'unicode'&gt;</msg>
<status starttime="20170918 15:37:01.534" status="PASS" endtime="20170918 15:37:01.535"></status>
</kw>
<status starttime="20170918 15:37:01.253" status="PASS" endtime="20170918 15:37:01.535"></status>
</kw>
<status starttime="20170918 15:37:01.253" status="PASS" endtime="20170918 15:37:01.535"></status>
</kw>
<status starttime="20170918 15:37:01.252" status="PASS" endtime="20170918 15:37:01.535"></status>
</kw>
<kw library="BuiltIn" name="Catenate">
<doc>Catenates the given items together and returns the resulted string.</doc>
<arguments>
<arg>SEPARATOR=</arg>
<arg>${DBUS_PREFIX}</arg>
<arg>${uri}</arg>
</arguments>
<assign>
<var>${base_uri}</var>
</assign>
<msg level="INFO" timestamp="20170918 15:37:01.536">${base_uri} = /xyz/openbmc_project/software/active/attr/Purpose</msg>
<status starttime="20170918 15:37:01.535" status="PASS" endtime="20170918 15:37:01.536"></status>
</kw>
<kw library="BuiltIn" name="Run Keyword If">
<doc>Runs the given keyword with the given arguments, if ``condition`` is true.</doc>
<arguments>
<arg>'${quiet}' == '${0}'</arg>
<arg>Log Request</arg>
<arg>method=Get</arg>
<arg>base_uri=${base_uri}</arg>
<arg>args=&amp;{kwargs}</arg>
</arguments>
<status starttime="20170918 15:37:01.536" status="PASS" endtime="20170918 15:37:01.536"></status>
</kw>
<kw library="RequestsLibrary.RequestsKeywords" name="Get Request">
<doc>Send a GET request on the session object found using the</doc>
<arguments>
<arg>openbmc</arg>
<arg>${base_uri}</arg>
<arg>&amp;{kwargs}</arg>
<arg>timeout=${timeout}</arg>
</arguments>
<assign>
<var>${ret}</var>
</assign>
<msg level="INFO" timestamp="20170918 15:37:01.593">Get Request using : alias=openbmc, uri=/xyz/openbmc_project/software/active/attr/Purpose, headers=None json=None</msg>
<msg level="INFO" timestamp="20170918 15:37:01.593">${ret} = &lt;Response [404]&gt;</msg>
<status starttime="20170918 15:37:01.537" status="PASS" endtime="20170918 15:37:01.593"></status>
</kw>
<kw library="BuiltIn" name="Run Keyword If">
<doc>Runs the given keyword with the given arguments, if ``condition`` is true.</doc>
<arguments>
<arg>'${quiet}' == '${0}'</arg>
<arg>Log Response</arg>
<arg>${ret}</arg>
</arguments>
<status starttime="20170918 15:37:01.594" status="PASS" endtime="20170918 15:37:01.594"></status>
</kw>
<kw library="RequestsLibrary.RequestsKeywords" name="Delete All Sessions">
<doc>Removes all the session objects</doc>
<msg level="INFO" timestamp="20170918 15:37:01.594">Delete All Sessions</msg>
<status starttime="20170918 15:37:01.594" status="PASS" endtime="20170918 15:37:01.594"></status>
</kw>
<msg level="INFO" timestamp="20170918 15:37:01.595">${resp} = &lt;Response [404]&gt;</msg>
<status starttime="20170918 15:37:01.252" status="PASS" endtime="20170918 15:37:01.595"></status>
</kw>
<kw library="BuiltIn" name="Return From Keyword If">
<doc>Returns from the enclosing user keyword if ``condition`` is true.</doc>
<arguments>
<arg>${resp.status_code} != ${HTTP_OK}</arg>
</arguments>
<msg level="INFO" timestamp="20170918 15:37:01.595">Returning from the enclosing user keyword.</msg>
<status starttime="20170918 15:37:01.595" status="PASS" endtime="20170918 15:37:01.595"></status>
</kw>
<msg level="INFO" timestamp="20170918 15:37:01.596">${attr_purpose} = None</msg>
<status starttime="20170918 15:37:01.251" status="PASS" endtime="20170918 15:37:01.596"></status>
</kw>
<kw library="BuiltIn" name="Continue For Loop If">
<doc>Skips the current for loop iteration if the ``condition`` is true.</doc>
<arguments>
<arg>'${attr_purpose}' != '${version_type}'</arg>
</arguments>
<msg level="INFO" timestamp="20170918 15:37:01.596">Continuing for loop from the next iteration.</msg>
<status starttime="20170918 15:37:01.596" status="PASS" endtime="20170918 15:37:01.596"></status>
</kw>
<status starttime="20170918 15:37:01.251" status="PASS" endtime="20170918 15:37:01.596"></status>
</kw>
<status starttime="20170918 15:37:00.928" status="PASS" endtime="20170918 15:37:01.596"></status>
</kw>
<msg level="INFO" timestamp="20170918 15:37:01.597">${pnor_details} = [u'/xyz/openbmc_project/software/8764baa3']</msg>
<status starttime="20170918 15:37:00.660" status="PASS" endtime="20170918 15:37:01.597"></status>
</kw>
<kw name="${pnor} IN [ @{pnor_details} ]" type="for">
<kw name="${pnor} = /xyz/openbmc_project/software/8764baa3" type="foritem">
<kw library="rest_client" name="OpenBMC Get Request">
<arguments>
<arg>${pnor}</arg>
<arg>quiet=${1}</arg>
</arguments>
<assign>
<var>${resp}</var>
</assign>
<kw library="rest_client" name="Initialize OpenBMC">
<arguments>
<arg>${timeout}</arg>
<arg>quiet=${quiet}</arg>
</arguments>
<kw library="BuiltIn" name="Wait Until Keyword Succeeds">
<doc>Runs the specified keyword and retries if it fails.</doc>
<arguments>
<arg>40 sec</arg>
<arg>20 sec</arg>
<arg>Post Login Request</arg>
<arg>${timeout}</arg>
<arg>${quiet}</arg>
</arguments>
<kw library="rest_client" name="Post Login Request">
<arguments>
<arg>${timeout}</arg>
<arg>${quiet}</arg>
</arguments>
<kw library="RequestsLibrary.RequestsKeywords" name="Create Session">
<doc>Create Session: create a HTTP session to a server</doc>
<arguments>
<arg>openbmc</arg>
<arg>${AUTH_URI}</arg>
<arg>timeout=${timeout}</arg>
<arg>max_retries=3</arg>
</arguments>
<msg level="INFO" timestamp="20170918 15:37:01.599">Creating Session using : alias=openbmc, url=https://9.3.21.61:443, headers={},                     cookies=None, auth=None, timeout=10, proxies=None, verify=False,                     debug=0 </msg>
<status starttime="20170918 15:37:01.599" status="PASS" endtime="20170918 15:37:01.600"></status>
</kw>
<kw library="BuiltIn" name="Create Dictionary">
<doc>Creates and returns a dictionary based on the given ``items``.</doc>
<arguments>
<arg>Content-Type=application/json</arg>
</arguments>
<assign>
<var>${headers}</var>
</assign>
<msg level="INFO" timestamp="20170918 15:37:01.601">${headers} = {u'Content-Type': u'application/json'}</msg>
<status starttime="20170918 15:37:01.600" status="PASS" endtime="20170918 15:37:01.601"></status>
</kw>
<kw library="BuiltIn" name="Create List">
<doc>Returns a list containing given items.</doc>
<arguments>
<arg>${OPENBMC_USERNAME}</arg>
<arg>${OPENBMC_PASSWORD}</arg>
</arguments>
<assign>
<var>@{credentials}</var>
</assign>
<msg level="INFO" timestamp="20170918 15:37:01.601">@{credentials} = [ root | 0penBmc ]</msg>
<status starttime="20170918 15:37:01.601" status="PASS" endtime="20170918 15:37:01.601"></status>
</kw>
<kw library="BuiltIn" name="Create Dictionary">
<doc>Creates and returns a dictionary based on the given ``items``.</doc>
<arguments>
<arg>data=@{credentials}</arg>
</arguments>
<assign>
<var>${data}</var>
</assign>
<msg level="INFO" timestamp="20170918 15:37:01.602">${data} = {u'data': [u'root', u'0penBmc']}</msg>
<status starttime="20170918 15:37:01.602" status="PASS" endtime="20170918 15:37:01.602"></status>
</kw>
<kw library="BuiltIn" name="Run Keyword And Ignore Error">
<doc>Runs the given keyword with the given arguments and ignores possible error.</doc>
<arguments>
<arg>Post Request</arg>
<arg>openbmc</arg>
<arg>/login</arg>
<arg>data=${data}</arg>
<arg>headers=${headers}</arg>
</arguments>
<assign>
<var>${status}</var>
<var>${resp}</var>
</assign>
<kw library="RequestsLibrary.RequestsKeywords" name="Post Request">
<doc>Send a POST request on the session object found using the</doc>
<arguments>
<arg>openbmc</arg>
<arg>/login</arg>
<arg>data=${data}</arg>
<arg>headers=${headers}</arg>
</arguments>
<msg level="INFO" timestamp="20170918 15:37:01.781">Post Request using : alias=openbmc, uri=/login, data={"data": ["root", "0penBmc"]}, headers={u'Content-Type': u'application/json'}, files=None, allow_redirects=True </msg>
<status starttime="20170918 15:37:01.603" status="PASS" endtime="20170918 15:37:01.781"></status>
</kw>
<msg level="INFO" timestamp="20170918 15:37:01.781">${status} = PASS</msg>
<msg level="INFO" timestamp="20170918 15:37:01.781">${resp} = &lt;Response [200]&gt;</msg>
<status starttime="20170918 15:37:01.602" status="PASS" endtime="20170918 15:37:01.781"></status>
</kw>
<kw library="BuiltIn" name="Should Be Equal">
<doc>Fails if the given objects are unequal.</doc>
<arguments>
<arg>${status}</arg>
<arg>PASS</arg>
<arg>msg=${resp}</arg>
</arguments>
<msg level="INFO" timestamp="20170918 15:37:01.782">Argument types are:
&lt;type 'str'&gt;
&lt;type 'unicode'&gt;</msg>
<status starttime="20170918 15:37:01.782" status="PASS" endtime="20170918 15:37:01.782"></status>
</kw>
<kw library="BuiltIn" name="Should Be Equal As Strings">
<doc>Fails if objects are unequal after converting them to strings.</doc>
<arguments>
<arg>${resp.status_code}</arg>
<arg>${HTTP_OK}</arg>
</arguments>
<msg level="INFO" timestamp="20170918 15:37:01.783">Argument types are:
&lt;type 'int'&gt;
&lt;type 'unicode'&gt;</msg>
<status starttime="20170918 15:37:01.782" status="PASS" endtime="20170918 15:37:01.783"></status>
</kw>
<status starttime="20170918 15:37:01.599" status="PASS" endtime="20170918 15:37:01.783"></status>
</kw>
<status starttime="20170918 15:37:01.598" status="PASS" endtime="20170918 15:37:01.783"></status>
</kw>
<status starttime="20170918 15:37:01.598" status="PASS" endtime="20170918 15:37:01.783"></status>
</kw>
<kw library="BuiltIn" name="Catenate">
<doc>Catenates the given items together and returns the resulted string.</doc>
<arguments>
<arg>SEPARATOR=</arg>
<arg>${DBUS_PREFIX}</arg>
<arg>${uri}</arg>
</arguments>
<assign>
<var>${base_uri}</var>
</assign>
<msg level="INFO" timestamp="20170918 15:37:01.784">${base_uri} = /xyz/openbmc_project/software/8764baa3</msg>
<status starttime="20170918 15:37:01.784" status="PASS" endtime="20170918 15:37:01.784"></status>
</kw>
<kw library="BuiltIn" name="Run Keyword If">
<doc>Runs the given keyword with the given arguments, if ``condition`` is true.</doc>
<arguments>
<arg>'${quiet}' == '${0}'</arg>
<arg>Log Request</arg>
<arg>method=Get</arg>
<arg>base_uri=${base_uri}</arg>
<arg>args=&amp;{kwargs}</arg>
</arguments>
<status starttime="20170918 15:37:01.784" status="PASS" endtime="20170918 15:37:01.785"></status>
</kw>
<kw library="RequestsLibrary.RequestsKeywords" name="Get Request">
<doc>Send a GET request on the session object found using the</doc>
<arguments>
<arg>openbmc</arg>
<arg>${base_uri}</arg>
<arg>&amp;{kwargs}</arg>
<arg>timeout=${timeout}</arg>
</arguments>
<assign>
<var>${ret}</var>
</assign>
<msg level="INFO" timestamp="20170918 15:37:01.907">Get Request using : alias=openbmc, uri=/xyz/openbmc_project/software/8764baa3, headers=None json=None</msg>
<msg level="INFO" timestamp="20170918 15:37:01.907">${ret} = &lt;Response [200]&gt;</msg>
<status starttime="20170918 15:37:01.785" status="PASS" endtime="20170918 15:37:01.907"></status>
</kw>
<kw library="BuiltIn" name="Run Keyword If">
<doc>Runs the given keyword with the given arguments, if ``condition`` is true.</doc>
<arguments>
<arg>'${quiet}' == '${0}'</arg>
<arg>Log Response</arg>
<arg>${ret}</arg>
</arguments>
<status starttime="20170918 15:37:01.907" status="PASS" endtime="20170918 15:37:01.908"></status>
</kw>
<kw library="RequestsLibrary.RequestsKeywords" name="Delete All Sessions">
<doc>Removes all the session objects</doc>
<msg level="INFO" timestamp="20170918 15:37:01.908">Delete All Sessions</msg>
<status starttime="20170918 15:37:01.908" status="PASS" endtime="20170918 15:37:01.908"></status>
</kw>
<msg level="INFO" timestamp="20170918 15:37:01.908">${resp} = &lt;Response [200]&gt;</msg>
<status starttime="20170918 15:37:01.597" status="PASS" endtime="20170918 15:37:01.909"></status>
</kw>
<kw library="RequestsLibrary.RequestsKeywords" name="To Json">
<doc>Convert a string to a JSON object</doc>
<arguments>
<arg>${resp.content}</arg>
</arguments>
<assign>
<var>${json}</var>
</assign>
<msg level="INFO" timestamp="20170918 15:37:01.909">To JSON using : content={
  "data": {
    "Activation": "xyz.openbmc_project.Software.Activation.Activations.Active", 
    "ExtendedVersion": "op-build-v1.7-1321-g6eef393-dirty,buildroot-2017.05-163-g8035745,skiboot-v5.8-rc1-pd9d2012,hostboot-c68be97,linux-4.12.8-openpower1-p919e663,petitboot-v1.5.1-p848cad7,machine-xml-c1e49a6-pbb9f626,occ-854999a,hostboot-binaries-67a15fd,capp-ucode-9c73e9f,sbe-4a62126-p180ac2a", 
    "Path": "", 
    "Priority": 0, 
    "Purpose": "xyz.openbmc_project.Software.Version.VersionPurpose.Host", 
    "RequestedActivation": "xyz.openbmc_project.Software.Activation.RequestedActivations.None", 
    "Version": "IBM-witherspoon-sequoia-ibm-OP9_v1.18_1.54", 
    "associations": [
      [
        "inventory", 
        "activation", 
        "/xyz/openbmc_project/inventory/system/chassis"
      ]
    ]
  }, 
  "message": "200 OK", 
  "status": "ok"
} </msg>
<msg level="INFO" timestamp="20170918 15:37:01.909">To JSON using : pretty_print=False </msg>
<msg level="INFO" timestamp="20170918 15:37:01.909">${json} = {u'message': u'200 OK', u'status': u'ok', u'data': {u'Path': u'', u'Priority': 0, u'RequestedActivation': u'xyz.openbmc_project.Software.Activation.RequestedActivations.None', u'Activation': u'xyz.ope...</msg>
<status starttime="20170918 15:37:01.909" status="PASS" endtime="20170918 15:37:01.909"></status>
</kw>
<kw library="Collections" name="Append To List">
<doc>Adds ``values`` to the end of ``list``.</doc>
<arguments>
<arg>${software}</arg>
<arg>${json["data"]}</arg>
</arguments>
<status starttime="20170918 15:37:01.910" status="PASS" endtime="20170918 15:37:01.910"></status>
</kw>
<status starttime="20170918 15:37:01.597" status="PASS" endtime="20170918 15:37:01.910"></status>
</kw>
<status starttime="20170918 15:37:01.597" status="PASS" endtime="20170918 15:37:01.910"></status>
</kw>
<msg level="INFO" timestamp="20170918 15:37:01.910">${software} = [{u'Path': u'', u'Priority': 0, u'RequestedActivation': u'xyz.openbmc_project.Software.Activation.RequestedActivations.None', u'Activation': u'xyz.openbmc_project.Software.Activation.Activations.Activ...</msg>
<status starttime="20170918 15:37:00.659" status="PASS" endtime="20170918 15:37:01.910"></status>
</kw>
<kw library="BuiltIn" name="Log">
<doc>Logs the given message with the given level.</doc>
<arguments>
<arg>${software}</arg>
</arguments>
<msg level="INFO" timestamp="20170918 15:37:01.911">[{u'Path': u'', u'Priority': 0, u'RequestedActivation': u'xyz.openbmc_project.Software.Activation.RequestedActivations.None', u'Activation': u'xyz.openbmc_project.Software.Activation.Activations.Active', u'Purpose': u'xyz.openbmc_project.Software.Version.VersionPurpose.Host', u'associations': [[u'inventory', u'activation', u'/xyz/openbmc_project/inventory/system/chassis']], u'ExtendedVersion': u'op-build-v1.7-1321-g6eef393-dirty,buildroot-2017.05-163-g8035745,skiboot-v5.8-rc1-pd9d2012,hostboot-c68be97,linux-4.12.8-openpower1-p919e663,petitboot-v1.5.1-p848cad7,machine-xml-c1e49a6-pbb9f626,occ-854999a,hostboot-binaries-67a15fd,capp-ucode-9c73e9f,sbe-4a62126-p180ac2a', u'Version': u'IBM-witherspoon-sequoia-ibm-OP9_v1.18_1.54'}]</msg>
<status starttime="20170918 15:37:01.911" status="PASS" endtime="20170918 15:37:01.911"></status>
</kw>
<status starttime="20170918 15:37:00.659" status="PASS" endtime="20170918 15:37:01.911"></status>
</kw>
<status starttime="20170918 15:37:00.658" status="PASS" endtime="20170918 15:37:01.911"></status>
</kw>
<kw library="BuiltIn" name="Run Keyword And Ignore Error">
<doc>Runs the given keyword with the given arguments and ignores possible error.</doc>
<arguments>
<arg>Log BMC Model</arg>
</arguments>
<kw name="Log BMC Model">
<doc>Fetch BMC Model name from system and log.</doc>
<kw library="utils" name="Get BMC System Model">
<doc>Get the BMC model from the device tree.</doc>
<assign>
<var>${bmc_model}</var>
</assign>
<kw library="bmc_ssh_utils" name="Bmc Execute Command">
<doc>Run the given command in an BMC SSH session and return the stdout, stderr</doc>
<arguments>
<arg>cat ${devicetree_base} | cut -d " " -f 1</arg>
<arg>return_stderr=True</arg>
</arguments>
<assign>
<var>${bmc_model}</var>
<var>${stderr}</var>
<var>${rc}</var>
</assign>
<msg level="INFO" timestamp="20170918 15:37:02.096">index=1
host=9.3.21.61
encoding=UTF-8
timeout=25 seconds
newline=

term_type=vt100
path_separator=/
width=80
prompt=# 
port=22
height=24
alias=bmc_connection</msg>
<msg level="INFO" timestamp="20170918 15:37:02.096">Logging into '9.3.21.61:22' as 'root'.</msg>
<msg level="INFO" timestamp="20170918 15:37:02.852">Read output: root@witherspoon:~#</msg>
<msg level="INFO" timestamp="20170918 15:37:02.853">Executing command 'cat /sys/firmware/devicetree/base/model | cut -d " " -f 1'.</msg>
<msg level="INFO" timestamp="20170918 15:37:02.940">Command exited with return code 0.</msg>
<msg level="INFO" timestamp="20170918 15:37:02.948">${bmc_model} = Witherspoon</msg>
<msg level="INFO" timestamp="20170918 15:37:02.948">${stderr} = </msg>
<msg level="INFO" timestamp="20170918 15:37:02.948">${rc} = 0</msg>
<status starttime="20170918 15:37:01.912" status="PASS" endtime="20170918 15:37:02.948"></status>
</kw>
<kw library="BuiltIn" name="Should Be Empty">
<doc>Verifies that the given item is empty.</doc>
<arguments>
<arg>${stderr}</arg>
</arguments>
<msg level="INFO" timestamp="20170918 15:37:02.949">Length is 0</msg>
<status starttime="20170918 15:37:02.948" status="PASS" endtime="20170918 15:37:02.949"></status>
</kw>
<kw library="BuiltIn" name="Should Not Be Empty">
<doc>Verifies that the given item is not empty.</doc>
<arguments>
<arg>${bmc_model}</arg>
</arguments>
<msg level="INFO" timestamp="20170918 15:37:02.949">Length is 11</msg>
<status starttime="20170918 15:37:02.949" status="PASS" endtime="20170918 15:37:02.949"></status>
</kw>
<msg level="INFO" timestamp="20170918 15:37:02.949">${bmc_model} = Witherspoon</msg>
<status starttime="20170918 15:37:01.912" status="PASS" endtime="20170918 15:37:02.949"></status>
</kw>
<kw library="BuiltIn" name="Log">
<doc>Logs the given message with the given level.</doc>
<arguments>
<arg>BMC Model=${bmc_model}</arg>
</arguments>
<msg level="INFO" timestamp="20170918 15:37:02.950">BMC Model=Witherspoon</msg>
<status starttime="20170918 15:37:02.950" status="PASS" endtime="20170918 15:37:02.950"></status>
</kw>
<status starttime="20170918 15:37:01.912" status="PASS" endtime="20170918 15:37:02.950"></status>
</kw>
<status starttime="20170918 15:37:01.911" status="PASS" endtime="20170918 15:37:02.950"></status>
</kw>
<kw library="BuiltIn" name="Run Keyword And Ignore Error">
<doc>Runs the given keyword with the given arguments and ignores possible error.</doc>
<arguments>
<arg>Enable Core Dump On BMC</arg>
</arguments>
<kw library="utils" name="Enable Core Dump On BMC">
<doc>Enable core dump collection.</doc>
<kw library="connection_client" name="Open Connection And Log In">
<doc>Opens a connection with the given arguments, and logs in.</doc>
<kw library="BuiltIn" name="Run Keyword And Return Status">
<doc>Runs the given keyword with given arguments and returns the status as a Boolean value.</doc>
<arguments>
<arg>Dictionary Should Contain Key</arg>
<arg>${connection_args}</arg>
<arg>host</arg>
</arguments>
<assign>
<var>${has_host}</var>
</assign>
<kw library="Collections" name="Dictionary Should Contain Key">
<doc>Fails if ``key`` is not found from ``dictionary``.</doc>
<arguments>
<arg>${connection_args}</arg>
<arg>host</arg>
</arguments>
<msg level="FAIL" timestamp="20170918 15:37:02.953">Dictionary does not contain key 'host'.</msg>
<status starttime="20170918 15:37:02.953" status="FAIL" endtime="20170918 15:37:02.953"></status>
</kw>
<msg level="INFO" timestamp="20170918 15:37:02.954">${has_host} = False</msg>
<status starttime="20170918 15:37:02.952" status="PASS" endtime="20170918 15:37:02.954"></status>
</kw>
<kw library="BuiltIn" name="Run Keyword If">
<doc>Runs the given keyword with the given arguments, if ``condition`` is true.</doc>
<arguments>
<arg>${has_host} == ${FALSE}</arg>
<arg>Set To Dictionary</arg>
<arg>${connection_args}</arg>
<arg>host=${OPENBMC_HOST}</arg>
</arguments>
<kw library="Collections" name="Set To Dictionary">
<doc>Adds the given ``key_value_pairs`` and ``items`` to the ``dictionary``.</doc>
<arguments>
<arg>${connection_args}</arg>
<arg>host=${OPENBMC_HOST}</arg>
</arguments>
<status starttime="20170918 15:37:02.955" status="PASS" endtime="20170918 15:37:02.955"></status>
</kw>
<status starttime="20170918 15:37:02.954" status="PASS" endtime="20170918 15:37:02.955"></status>
</kw>
<kw library="BuiltIn" name="Run Keyword If">
<doc>Runs the given keyword with the given arguments, if ``condition`` is true.</doc>
<arguments>
<arg>'${SSH_PORT}' != '${EMPTY}' and '${HTTPS_PORT}' != '${EMPTY}'</arg>
<arg>User input SSH and HTTPs Ports</arg>
</arguments>
<kw library="connection_client" name="User input SSH and HTTPs Ports">
<doc>Update the global SSH and HTTPs port variable for QEMU</doc>
<kw library="BuiltIn" name="Convert To Integer">
<doc>Converts the given item to an integer number.</doc>
<arguments>
<arg>${SSH_PORT}</arg>
</arguments>
<assign>
<var>${port_num}</var>
</assign>
<msg level="INFO" timestamp="20170918 15:37:02.958">${port_num} = 22</msg>
<status starttime="20170918 15:37:02.957" status="PASS" endtime="20170918 15:37:02.958"></status>
</kw>
<kw library="BuiltIn" name="Replace Variables">
<doc>Replaces variables in the given text with their current values.</doc>
<arguments>
<arg>${port_num}</arg>
</arguments>
<assign>
<var>${SSH_PORT}</var>
</assign>
<msg level="INFO" timestamp="20170918 15:37:02.958">${SSH_PORT} = 22</msg>
<status starttime="20170918 15:37:02.958" status="PASS" endtime="20170918 15:37:02.958"></status>
</kw>
<kw library="BuiltIn" name="Convert To Integer">
<doc>Converts the given item to an integer number.</doc>
<arguments>
<arg>${HTTPS_PORT}</arg>
</arguments>
<assign>
<var>${https_num}</var>
</assign>
<msg level="INFO" timestamp="20170918 15:37:02.959">${https_num} = 443</msg>
<status starttime="20170918 15:37:02.959" status="PASS" endtime="20170918 15:37:02.959"></status>
</kw>
<kw library="BuiltIn" name="Set Global Variable">
<doc>Makes a variable available globally in all tests and suites.</doc>
<arguments>
<arg>${AUTH_URI}</arg>
<arg>https://${OPENBMC_HOST}:${https_num}</arg>
</arguments>
<msg level="INFO" timestamp="20170918 15:37:02.960">${AUTH_URI} = https://9.3.21.61:443</msg>
<status starttime="20170918 15:37:02.959" status="PASS" endtime="20170918 15:37:02.960"></status>
</kw>
<status starttime="20170918 15:37:02.956" status="PASS" endtime="20170918 15:37:02.960"></status>
</kw>
<status starttime="20170918 15:37:02.956" status="PASS" endtime="20170918 15:37:02.960"></status>
</kw>
<kw library="BuiltIn" name="Run Keyword And Return Status">
<doc>Runs the given keyword with given arguments and returns the status as a Boolean value.</doc>
<arguments>
<arg>Dictionary Should Contain Key</arg>
<arg>${connection_args}</arg>
<arg>port</arg>
</arguments>
<assign>
<var>${has_port}</var>
</assign>
<kw library="Collections" name="Dictionary Should Contain Key">
<doc>Fails if ``key`` is not found from ``dictionary``.</doc>
<arguments>
<arg>${connection_args}</arg>
<arg>port</arg>
</arguments>
<msg level="FAIL" timestamp="20170918 15:37:02.961">Dictionary does not contain key 'port'.</msg>
<status starttime="20170918 15:37:02.961" status="FAIL" endtime="20170918 15:37:02.961"></status>
</kw>
<msg level="INFO" timestamp="20170918 15:37:02.961">${has_port} = False</msg>
<status starttime="20170918 15:37:02.960" status="PASS" endtime="20170918 15:37:02.961"></status>
</kw>
<kw library="BuiltIn" name="Run Keyword If">
<doc>Runs the given keyword with the given arguments, if ``condition`` is true.</doc>
<arguments>
<arg>'${SSH_PORT}' != '${EMPTY}' and ${has_port} == ${FALSE}</arg>
<arg>Run Keywords</arg>
<arg>Set To Dictionary</arg>
<arg>${connection_args}</arg>
<arg>port=${SSH_PORT}</arg>
<arg>AND</arg>
<arg>SSHLibrary.Open connection</arg>
<arg>&amp;{connection_args}</arg>
<arg>ELSE</arg>
<arg>Run Keyword</arg>
<arg>SSHLibrary.Open connection</arg>
<arg>&amp;{connection_args}</arg>
</arguments>
<kw library="BuiltIn" name="Run Keywords">
<doc>Executes all the given keywords in a sequence.</doc>
<arguments>
<arg>Set To Dictionary</arg>
<arg>${connection_args}</arg>
<arg>port=${SSH_PORT}</arg>
<arg>AND</arg>
<arg>SSHLibrary.Open connection</arg>
<arg>&amp;{connection_args}</arg>
</arguments>
<kw library="Collections" name="Set To Dictionary">
<doc>Adds the given ``key_value_pairs`` and ``items`` to the ``dictionary``.</doc>
<arguments>
<arg>${connection_args}</arg>
<arg>port=${SSH_PORT}</arg>
</arguments>
<status starttime="20170918 15:37:02.963" status="PASS" endtime="20170918 15:37:02.963"></status>
</kw>
<kw library="SSHLibrary" name="Open Connection">
<doc>Opens a new SSH connection to the given `host` and `port`.</doc>
<arguments>
<arg>&amp;{connection_args}</arg>
</arguments>
<status starttime="20170918 15:37:02.963" status="PASS" endtime="20170918 15:37:02.964"></status>
</kw>
<status starttime="20170918 15:37:02.962" status="PASS" endtime="20170918 15:37:02.964"></status>
</kw>
<status starttime="20170918 15:37:02.961" status="PASS" endtime="20170918 15:37:02.964"></status>
</kw>
<kw library="SSHLibrary" name="Login">
<doc>Logs into the SSH server with the given `username` and `password`.</doc>
<arguments>
<arg>${username}</arg>
<arg>${password}</arg>
</arguments>
<msg level="INFO" timestamp="20170918 15:37:02.964">Logging into '9.3.21.61:22' as 'root'.</msg>
<msg level="INFO" timestamp="20170918 15:37:04.645">Read output: root@witherspoon:~#</msg>
<status starttime="20170918 15:37:02.964" status="PASS" endtime="20170918 15:37:04.645"></status>
</kw>
<status starttime="20170918 15:37:02.951" status="PASS" endtime="20170918 15:37:04.646"></status>
</kw>
<kw library="utils" name="Execute Command On BMC">
<doc>Execute given command on BMC and return output.</doc>
<arguments>
<arg>echo '/tmp/core_%e.%p' | tee /proc/sys/kernel/core_pattern</arg>
</arguments>
<assign>
<var>${core_pattern}</var>
</assign>
<kw library="SSHLibrary" name="Execute Command">
<doc>Executes `command` on the remote machine and returns its outputs.</doc>
<arguments>
<arg>${command}</arg>
<arg>return_stderr=True</arg>
</arguments>
<assign>
<var>${stdout}</var>
<var>${stderr}</var>
</assign>
<msg level="INFO" timestamp="20170918 15:37:04.647">Executing command 'echo '/tmp/core_%e.%p' | tee /proc/sys/kernel/core_pattern'.</msg>
<msg level="INFO" timestamp="20170918 15:37:04.723">Command exited with return code 0.</msg>
<msg level="INFO" timestamp="20170918 15:37:04.723">${stdout} = /tmp/core_%e.%p</msg>
<msg level="INFO" timestamp="20170918 15:37:04.723">${stderr} = </msg>
<status starttime="20170918 15:37:04.646" status="PASS" endtime="20170918 15:37:04.723"></status>
</kw>
<kw library="BuiltIn" name="Should Be Empty">
<doc>Verifies that the given item is empty.</doc>
<arguments>
<arg>${stderr}</arg>
</arguments>
<msg level="INFO" timestamp="20170918 15:37:04.724">Length is 0</msg>
<status starttime="20170918 15:37:04.724" status="PASS" endtime="20170918 15:37:04.724"></status>
</kw>
<msg level="INFO" timestamp="20170918 15:37:04.724">${core_pattern} = /tmp/core_%e.%p</msg>
<status starttime="20170918 15:37:04.646" status="PASS" endtime="20170918 15:37:04.724"></status>
</kw>
<kw library="BuiltIn" name="Should Be Equal As Strings">
<doc>Fails if objects are unequal after converting them to strings.</doc>
<arguments>
<arg>${core_pattern}</arg>
<arg>/tmp/core_%e.%p</arg>
</arguments>
<status starttime="20170918 15:37:04.725" status="PASS" endtime="20170918 15:37:04.725"></status>
</kw>
<status starttime="20170918 15:37:02.951" status="PASS" endtime="20170918 15:37:04.725"></status>
</kw>
<status starttime="20170918 15:37:02.951" status="PASS" endtime="20170918 15:37:04.725"></status>
</kw>
<kw library="BuiltIn" name="Run Keyword If">
<doc>Runs the given keyword with the given arguments, if ``condition`` is true.</doc>
<arguments>
<arg>'${DEBUG_TARBALL_PATH}' != '${EMPTY}'</arg>
<arg>Run Keyword And Ignore Error</arg>
<arg>Install Debug Tarball On BMC</arg>
<arg>${DEBUG_TARBALL_PATH}</arg>
</arguments>
<status starttime="20170918 15:37:04.725" status="PASS" endtime="20170918 15:37:04.726"></status>
</kw>
<status starttime="20170918 15:36:58.804" status="PASS" endtime="20170918 15:37:04.726"></status>
</kw>
<suite name="Security" id="s1-s1" source="/tmp/fspcibld/17001/obmc-robot/tests/security">
<suite name="Test Ssl" id="s1-s1-s1" source="/tmp/fspcibld/17001/obmc-robot/tests/security/test_ssl.robot">
<test name="Test SSL Connection" id="s1-s1-s1-t1">
<kw library="rest_client" name="Initialize OpenBMC">
<kw library="BuiltIn" name="Wait Until Keyword Succeeds">
<doc>Runs the specified keyword and retries if it fails.</doc>
<arguments>
<arg>40 sec</arg>
<arg>20 sec</arg>
<arg>Post Login Request</arg>
<arg>${timeout}</arg>
<arg>${quiet}</arg>
</arguments>
<kw library="rest_client" name="Post Login Request">
<arguments>
<arg>${timeout}</arg>
<arg>${quiet}</arg>
</arguments>
<kw library="RequestsLibrary.RequestsKeywords" name="Create Session">
<doc>Create Session: create a HTTP session to a server</doc>
<arguments>
<arg>openbmc</arg>
<arg>${AUTH_URI}</arg>
<arg>timeout=${timeout}</arg>
<arg>max_retries=3</arg>
</arguments>
<msg level="INFO" timestamp="20170918 15:37:04.767">Creating Session using : alias=openbmc, url=https://9.3.21.61:443, headers={},                     cookies=None, auth=None, timeout=20, proxies=None, verify=False,                     debug=0 </msg>
<status starttime="20170918 15:37:04.766" status="PASS" endtime="20170918 15:37:04.767"></status>
</kw>
<kw library="BuiltIn" name="Create Dictionary">
<doc>Creates and returns a dictionary based on the given ``items``.</doc>
<arguments>
<arg>Content-Type=application/json</arg>
</arguments>
<assign>
<var>${headers}</var>
</assign>
<msg level="INFO" timestamp="20170918 15:37:04.768">${headers} = {u'Content-Type': u'application/json'}</msg>
<status starttime="20170918 15:37:04.767" status="PASS" endtime="20170918 15:37:04.768"></status>
</kw>
<kw library="BuiltIn" name="Create List">
<doc>Returns a list containing given items.</doc>
<arguments>
<arg>${OPENBMC_USERNAME}</arg>
<arg>${OPENBMC_PASSWORD}</arg>
</arguments>
<assign>
<var>@{credentials}</var>
</assign>
<msg level="INFO" timestamp="20170918 15:37:04.768">@{credentials} = [ root | 0penBmc ]</msg>
<status starttime="20170918 15:37:04.768" status="PASS" endtime="20170918 15:37:04.768"></status>
</kw>
<kw library="BuiltIn" name="Create Dictionary">
<doc>Creates and returns a dictionary based on the given ``items``.</doc>
<arguments>
<arg>data=@{credentials}</arg>
</arguments>
<assign>
<var>${data}</var>
</assign>
<msg level="INFO" timestamp="20170918 15:37:04.769">${data} = {u'data': [u'root', u'0penBmc']}</msg>
<status starttime="20170918 15:37:04.768" status="PASS" endtime="20170918 15:37:04.769"></status>
</kw>
<kw library="BuiltIn" name="Run Keyword And Ignore Error">
<doc>Runs the given keyword with the given arguments and ignores possible error.</doc>
<arguments>
<arg>Post Request</arg>
<arg>openbmc</arg>
<arg>/login</arg>
<arg>data=${data}</arg>
<arg>headers=${headers}</arg>
</arguments>
<assign>
<var>${status}</var>
<var>${resp}</var>
</assign>
<kw library="RequestsLibrary.RequestsKeywords" name="Post Request">
<doc>Send a POST request on the session object found using the</doc>
<arguments>
<arg>openbmc</arg>
<arg>/login</arg>
<arg>data=${data}</arg>
<arg>headers=${headers}</arg>
</arguments>
<msg level="INFO" timestamp="20170918 15:37:04.957">Post Request using : alias=openbmc, uri=/login, data={"data": ["root", "0penBmc"]}, headers={u'Content-Type': u'application/json'}, files=None, allow_redirects=True </msg>
<status starttime="20170918 15:37:04.770" status="PASS" endtime="20170918 15:37:04.958"></status>
</kw>
<msg level="INFO" timestamp="20170918 15:37:04.958">${status} = PASS</msg>
<msg level="INFO" timestamp="20170918 15:37:04.958">${resp} = &lt;Response [200]&gt;</msg>
<status starttime="20170918 15:37:04.769" status="PASS" endtime="20170918 15:37:04.958"></status>
</kw>
<kw library="BuiltIn" name="Should Be Equal">
<doc>Fails if the given objects are unequal.</doc>
<arguments>
<arg>${status}</arg>
<arg>PASS</arg>
<arg>msg=${resp}</arg>
</arguments>
<msg level="INFO" timestamp="20170918 15:37:04.958">Argument types are:
&lt;type 'str'&gt;
&lt;type 'unicode'&gt;</msg>
<status starttime="20170918 15:37:04.958" status="PASS" endtime="20170918 15:37:04.958"></status>
</kw>
<kw library="BuiltIn" name="Should Be Equal As Strings">
<doc>Fails if objects are unequal after converting them to strings.</doc>
<arguments>
<arg>${resp.status_code}</arg>
<arg>${HTTP_OK}</arg>
</arguments>
<msg level="INFO" timestamp="20170918 15:37:04.959">Argument types are:
&lt;type 'int'&gt;
&lt;type 'unicode'&gt;</msg>
<status starttime="20170918 15:37:04.959" status="PASS" endtime="20170918 15:37:04.959"></status>
</kw>
<status starttime="20170918 15:37:04.766" status="PASS" endtime="20170918 15:37:04.959"></status>
</kw>
<status starttime="20170918 15:37:04.765" status="PASS" endtime="20170918 15:37:04.959"></status>
</kw>
<status starttime="20170918 15:37:04.765" status="PASS" endtime="20170918 15:37:04.959"></status>
</kw>
<kw library="openbmc_ffdc" name="FFDC On Test Case Fail" type="teardown">
<doc>Generic FFDC entry point. Place holder to hook in</doc>
<kw library="state_manager" name="Is Host Quiesced">
<doc>Check if host state is quiesced.</doc>
<assign>
<var>${status}</var>
</assign>
<kw library="state_manager" name="Get Host State">
<doc>Return the state of the host as a string.</doc>
<assign>
<var>${host_state}</var>
</assign>
<kw library="rest_client" name="Read Attribute">
<arguments>
<arg>${HOST_STATE_URI}</arg>
<arg>CurrentHostState</arg>
<arg>quiet=${quiet}</arg>
</arguments>
<assign>
<var>${state}</var>
</assign>
<kw library="rest_client" name="OpenBMC Get Request">
<arguments>
<arg>${uri}/attr/${attr}</arg>
<arg>timeout=${timeout}</arg>
<arg>quiet=${quiet}</arg>
</arguments>
<assign>
<var>${resp}</var>
</assign>
<kw library="rest_client" name="Initialize OpenBMC">
<arguments>
<arg>${timeout}</arg>
<arg>quiet=${quiet}</arg>
</arguments>
<kw library="BuiltIn" name="Wait Until Keyword Succeeds">
<doc>Runs the specified keyword and retries if it fails.</doc>
<arguments>
<arg>40 sec</arg>
<arg>20 sec</arg>
<arg>Post Login Request</arg>
<arg>${timeout}</arg>
<arg>${quiet}</arg>
</arguments>
<kw library="rest_client" name="Post Login Request">
<arguments>
<arg>${timeout}</arg>
<arg>${quiet}</arg>
</arguments>
<kw library="RequestsLibrary.RequestsKeywords" name="Create Session">
<doc>Create Session: create a HTTP session to a server</doc>
<arguments>
<arg>openbmc</arg>
<arg>${AUTH_URI}</arg>
<arg>timeout=${timeout}</arg>
<arg>max_retries=3</arg>
</arguments>
<msg level="INFO" timestamp="20170918 15:37:04.965">Creating Session using : alias=openbmc, url=https://9.3.21.61:443, headers={},                     cookies=None, auth=None, timeout=10, proxies=None, verify=False,                     debug=0 </msg>
<status starttime="20170918 15:37:04.964" status="PASS" endtime="20170918 15:37:04.965"></status>
</kw>
<kw library="BuiltIn" name="Create Dictionary">
<doc>Creates and returns a dictionary based on the given ``items``.</doc>
<arguments>
<arg>Content-Type=application/json</arg>
</arguments>
<assign>
<var>${headers}</var>
</assign>
<msg level="INFO" timestamp="20170918 15:37:04.966">${headers} = {u'Content-Type': u'application/json'}</msg>
<status starttime="20170918 15:37:04.966" status="PASS" endtime="20170918 15:37:04.966"></status>
</kw>
<kw library="BuiltIn" name="Create List">
<doc>Returns a list containing given items.</doc>
<arguments>
<arg>${OPENBMC_USERNAME}</arg>
<arg>${OPENBMC_PASSWORD}</arg>
</arguments>
<assign>
<var>@{credentials}</var>
</assign>
<msg level="INFO" timestamp="20170918 15:37:04.967">@{credentials} = [ root | 0penBmc ]</msg>
<status starttime="20170918 15:37:04.967" status="PASS" endtime="20170918 15:37:04.967"></status>
</kw>
<kw library="BuiltIn" name="Create Dictionary">
<doc>Creates and returns a dictionary based on the given ``items``.</doc>
<arguments>
<arg>data=@{credentials}</arg>
</arguments>
<assign>
<var>${data}</var>
</assign>
<msg level="INFO" timestamp="20170918 15:37:04.968">${data} = {u'data': [u'root', u'0penBmc']}</msg>
<status starttime="20170918 15:37:04.967" status="PASS" endtime="20170918 15:37:04.968"></status>
</kw>
<kw library="BuiltIn" name="Run Keyword And Ignore Error">
<doc>Runs the given keyword with the given arguments and ignores possible error.</doc>
<arguments>
<arg>Post Request</arg>
<arg>openbmc</arg>
<arg>/login</arg>
<arg>data=${data}</arg>
<arg>headers=${headers}</arg>
</arguments>
<assign>
<var>${status}</var>
<var>${resp}</var>
</assign>
<kw library="RequestsLibrary.RequestsKeywords" name="Post Request">
<doc>Send a POST request on the session object found using the</doc>
<arguments>
<arg>openbmc</arg>
<arg>/login</arg>
<arg>data=${data}</arg>
<arg>headers=${headers}</arg>
</arguments>
<msg level="INFO" timestamp="20170918 15:37:05.199">Post Request using : alias=openbmc, uri=/login, data={"data": ["root", "0penBmc"]}, headers={u'Content-Type': u'application/json'}, files=None, allow_redirects=True </msg>
<status starttime="20170918 15:37:04.969" status="PASS" endtime="20170918 15:37:05.199"></status>
</kw>
<msg level="INFO" timestamp="20170918 15:37:05.199">${status} = PASS</msg>
<msg level="INFO" timestamp="20170918 15:37:05.199">${resp} = &lt;Response [200]&gt;</msg>
<status starttime="20170918 15:37:04.968" status="PASS" endtime="20170918 15:37:05.199"></status>
</kw>
<kw library="BuiltIn" name="Should Be Equal">
<doc>Fails if the given objects are unequal.</doc>
<arguments>
<arg>${status}</arg>
<arg>PASS</arg>
<arg>msg=${resp}</arg>
</arguments>
<msg level="INFO" timestamp="20170918 15:37:05.200">Argument types are:
&lt;type 'str'&gt;
&lt;type 'unicode'&gt;</msg>
<status starttime="20170918 15:37:05.199" status="PASS" endtime="20170918 15:37:05.200"></status>
</kw>
<kw library="BuiltIn" name="Should Be Equal As Strings">
<doc>Fails if objects are unequal after converting them to strings.</doc>
<arguments>
<arg>${resp.status_code}</arg>
<arg>${HTTP_OK}</arg>
</arguments>
<msg level="INFO" timestamp="20170918 15:37:05.200">Argument types are:
&lt;type 'int'&gt;
&lt;type 'unicode'&gt;</msg>
<status starttime="20170918 15:37:05.200" status="PASS" endtime="20170918 15:37:05.201"></status>
</kw>
<status starttime="20170918 15:37:04.964" status="PASS" endtime="20170918 15:37:05.201"></status>
</kw>
<status starttime="20170918 15:37:04.963" status="PASS" endtime="20170918 15:37:05.201"></status>
</kw>
<status starttime="20170918 15:37:04.962" status="PASS" endtime="20170918 15:37:05.201"></status>
</kw>
<kw library="BuiltIn" name="Catenate">
<doc>Catenates the given items together and returns the resulted string.</doc>
<arguments>
<arg>SEPARATOR=</arg>
<arg>${DBUS_PREFIX}</arg>
<arg>${uri}</arg>
</arguments>
<assign>
<var>${base_uri}</var>
</assign>
<msg level="INFO" timestamp="20170918 15:37:05.201">${base_uri} = /xyz/openbmc_project/state/host0//attr/CurrentHostState</msg>
<status starttime="20170918 15:37:05.201" status="PASS" endtime="20170918 15:37:05.201"></status>
</kw>
<kw library="BuiltIn" name="Run Keyword If">
<doc>Runs the given keyword with the given arguments, if ``condition`` is true.</doc>
<arguments>
<arg>'${quiet}' == '${0}'</arg>
<arg>Log Request</arg>
<arg>method=Get</arg>
<arg>base_uri=${base_uri}</arg>
<arg>args=&amp;{kwargs}</arg>
</arguments>
<kw library="rest_client" name="Log Request">
<arguments>
<arg>method=Get</arg>
<arg>base_uri=${base_uri}</arg>
<arg>args=&amp;{kwargs}</arg>
</arguments>
<kw library="BuiltIn" name="Catenate">
<doc>Catenates the given items together and returns the resulted string.</doc>
<arguments>
<arg>SEPARATOR=</arg>
<arg>URI:</arg>
<arg>${AUTH_URI}</arg>
<arg>${kwargs["base_uri"]}</arg>
<arg>, method:</arg>
<arg>${kwargs["method"]}</arg>
<arg>, args:</arg>
<arg>${kwargs["args"]}</arg>
</arguments>
<assign>
<var>${msg}</var>
</assign>
<msg level="INFO" timestamp="20170918 15:37:05.206">${msg} = URI:https://9.3.21.61:443/xyz/openbmc_project/state/host0//attr/CurrentHostState, method:Get, args:{}</msg>
<status starttime="20170918 15:37:05.203" status="PASS" endtime="20170918 15:37:05.206"></status>
</kw>
<kw library="rest_client" name="Logging">
<arguments>
<arg>${msg}</arg>
<arg>console=True</arg>
</arguments>
<kw library="BuiltIn" name="Log">
<doc>Logs the given message with the given level.</doc>
<arguments>
<arg>${msg}</arg>
<arg>console=True</arg>
</arguments>
<msg level="INFO" timestamp="20170918 15:37:05.207">URI:https://9.3.21.61:443/xyz/openbmc_project/state/host0//attr/CurrentHostState, method:Get, args:{}</msg>
<status starttime="20170918 15:37:05.206" status="PASS" endtime="20170918 15:37:05.207"></status>
</kw>
<status starttime="20170918 15:37:05.206" status="PASS" endtime="20170918 15:37:05.207"></status>
</kw>
<status starttime="20170918 15:37:05.202" status="PASS" endtime="20170918 15:37:05.207"></status>
</kw>
<status starttime="20170918 15:37:05.202" status="PASS" endtime="20170918 15:37:05.207"></status>
</kw>
<kw library="RequestsLibrary.RequestsKeywords" name="Get Request">
<doc>Send a GET request on the session object found using the</doc>
<arguments>
<arg>openbmc</arg>
<arg>${base_uri}</arg>
<arg>&amp;{kwargs}</arg>
<arg>timeout=${timeout}</arg>
</arguments>
<assign>
<var>${ret}</var>
</assign>
<msg level="INFO" timestamp="20170918 15:37:05.294">Get Request using : alias=openbmc, uri=/xyz/openbmc_project/state/host0//attr/CurrentHostState, headers=None json=None</msg>
<msg level="INFO" timestamp="20170918 15:37:05.294">${ret} = &lt;Response [200]&gt;</msg>
<status starttime="20170918 15:37:05.207" status="PASS" endtime="20170918 15:37:05.294"></status>
</kw>
<kw library="BuiltIn" name="Run Keyword If">
<doc>Runs the given keyword with the given arguments, if ``condition`` is true.</doc>
<arguments>
<arg>'${quiet}' == '${0}'</arg>
<arg>Log Response</arg>
<arg>${ret}</arg>
</arguments>
<kw library="rest_client" name="Log Response">
<arguments>
<arg>${ret}</arg>
</arguments>
<kw library="BuiltIn" name="Catenate">
<doc>Catenates the given items together and returns the resulted string.</doc>
<arguments>
<arg>SEPARATOR=</arg>
<arg>Response code:</arg>
<arg>${resp.status_code}</arg>
<arg>, Content:</arg>
<arg>${resp.content}</arg>
</arguments>
<assign>
<var>${msg}</var>
</assign>
<msg level="INFO" timestamp="20170918 15:37:05.296">${msg} = Response code:200, Content:{
  "data": "xyz.openbmc_project.State.Host.HostState.Off", 
  "message": "200 OK", 
  "status": "ok"
}</msg>
<status starttime="20170918 15:37:05.296" status="PASS" endtime="20170918 15:37:05.296"></status>
</kw>
<kw library="rest_client" name="Logging">
<arguments>
<arg>${msg}</arg>
<arg>console=True</arg>
</arguments>
<kw library="BuiltIn" name="Log">
[...]
</kw>
<kw library="openbmc_ffdc_methods" name="Log Test Case Status">
<doc>Test case execution result history.</doc>
<kw library="BuiltIn" name="Get Variable Value">
<doc>Returns variable value or ``default`` if the variable does not exist.</doc>
<arguments>
<arg>${FFDC_DIR_PATH_STYLE}</arg>
<arg>${EMPTY}</arg>
</arguments>
<assign>
<var>${FFDC_DIR_PATH_STYLE}</var>
</assign>
<msg level="INFO" timestamp="20170918 15:37:23.597">${FFDC_DIR_PATH_STYLE} = </msg>
<status starttime="20170918 15:37:23.580" status="PASS" endtime="20170918 15:37:23.597"></status>
</kw>
<kw library="BuiltIn" name="Get Variable Value">
<doc>Returns variable value or ``default`` if the variable does not exist.</doc>
<arguments>
<arg>${FFDC_DIR_PATH}</arg>
<arg>${EMPTY}</arg>
</arguments>
<assign>
<var>${FFDC_DIR_PATH}</var>
</assign>
<msg level="INFO" timestamp="20170918 15:37:23.598">${FFDC_DIR_PATH} = /tmp/fspcibld/17001/obmc-robot/logs/20170918153709982269_TestsTestBasicPoweron/20170918153709982269_PowerOnTest/</msg>
<status starttime="20170918 15:37:23.597" status="PASS" endtime="20170918 15:37:23.598"></status>
</kw>
<kw library="BuiltIn" name="Run Keyword If">
<doc>Runs the given keyword with the given arguments, if ``condition`` is true.</doc>
<arguments>
<arg>'${FFDC_DIR_PATH}' == '${EMPTY}'</arg>
<arg>Set FFDC Defaults</arg>
</arguments>
<status starttime="20170918 15:37:23.598" status="PASS" endtime="20170918 15:37:23.598"></status>
</kw>
<kw library="BuiltIn" name="Run Keyword If">
<doc>Runs the given keyword with the given arguments, if ``condition`` is true.</doc>
<arguments>
<arg>'${FFDC_DIR_PATH_STYLE}' == '${1}'</arg>
<arg>Run Keywords</arg>
<arg>Set Global Variable</arg>
<arg>${FFDC_LOG_PATH}</arg>
<arg>${FFDC_DIR_PATH}</arg>
<arg>AND</arg>
<arg>Set Global Variable</arg>
<arg>${TEST_HISTORY}</arg>
<arg>${FFDC_DIR_PATH}test_history.txt</arg>
</arguments>
<status starttime="20170918 15:37:23.599" status="PASS" endtime="20170918 15:37:23.599"></status>
</kw>
<kw library="OperatingSystem" name="Create Directory">
<doc>Creates the specified directory.</doc>
<arguments>
<arg>${FFDC_LOG_PATH}</arg>
</arguments>
<msg html="yes" level="INFO" timestamp="20170918 15:37:23.600">Directory '&lt;a href="file:///tmp/fspcibld/17001/obmc-robot/logs"&gt;/tmp/fspcibld/17001/obmc-robot/logs&lt;/a&gt;' already exists.</msg>
<status starttime="20170918 15:37:23.600" status="PASS" endtime="20170918 15:37:23.600"></status>
</kw>
<kw library="BuiltIn" name="Run Keyword And Return Status">
<doc>Runs the given keyword with given arguments and returns the status as a Boolean value.</doc>
<arguments>
<arg>OperatingSystem.File Should Exist</arg>
<arg>${TEST_HISTORY}</arg>
</arguments>
<assign>
<var>${exist}</var>
</assign>
<kw library="OperatingSystem" name="File Should Exist">
<doc>Fails unless the given ``path`` points to an existing file.</doc>
<arguments>
<arg>${TEST_HISTORY}</arg>
</arguments>
<msg html="yes" level="INFO" timestamp="20170918 15:37:23.601">File '&lt;a href="file:///tmp/fspcibld/17001/obmc-robot/logs/test_history.txt"&gt;/tmp/fspcibld/17001/obmc-robot/logs/test_history.txt&lt;/a&gt;' exists.</msg>
<status starttime="20170918 15:37:23.601" status="PASS" endtime="20170918 15:37:23.601"></status>
</kw>
<msg level="INFO" timestamp="20170918 15:37:23.601">${exist} = True</msg>
<status starttime="20170918 15:37:23.600" status="PASS" endtime="20170918 15:37:23.601"></status>
</kw>
<kw library="BuiltIn" name="Run Keyword If">
<doc>Runs the given keyword with the given arguments, if ``condition`` is true.</doc>
<arguments>
<arg>'${exist}' == '${False}'</arg>
<arg>Create File</arg>
<arg>${TEST_HISTORY}</arg>
</arguments>
<status starttime="20170918 15:37:23.601" status="PASS" endtime="20170918 15:37:23.602"></status>
</kw>
<kw library="gen_robot_print" name="Rpvars">
<arguments>
<arg>TEST_HISTORY</arg>
</arguments>
<status starttime="20170918 15:37:23.602" status="PASS" endtime="20170918 15:37:23.602"></status>
</kw>
<kw library="openbmc_ffdc_utils" name="Get Current Time Stamp">
<doc>Get the current time stamp data</doc>
<assign>
<var>${cur_time}</var>
</assign>
<kw library="DateTime" name="Get Current Date">
<doc>Returns current local or UTC time with an optional increment.</doc>
<arguments>
<arg>result_format=%Y-%m-%d %H:%M:%S:%f</arg>
</arguments>
<assign>
<var>${cur_time}</var>
</assign>
<msg level="INFO" timestamp="20170918 15:37:23.603">${cur_time} = 2017-09-18 15:37:23:603009</msg>
<status starttime="20170918 15:37:23.603" status="PASS" endtime="20170918 15:37:23.603"></status>
</kw>
<kw library="openbmc_ffdc_list" name="Get Strip String">
<doc>########################################################################</doc>
<arguments>
<arg>${cur_time}</arg>
</arguments>
<assign>
<var>${cur_time}</var>
</assign>
<msg level="INFO" timestamp="20170918 15:37:23.604">${cur_time} = 20170918153723603009</msg>
<status starttime="20170918 15:37:23.603" status="PASS" endtime="20170918 15:37:23.604"></status>
</kw>
<msg level="INFO" timestamp="20170918 15:37:23.604">${cur_time} = 20170918153723603009</msg>
<status starttime="20170918 15:37:23.602" status="PASS" endtime="20170918 15:37:23.604"></status>
</kw>
<kw library="OperatingSystem" name="Append To File">
<doc>Appends the given content to the specified file.</doc>
<arguments>
<arg>${TEST_HISTORY}</arg>
<arg>${cur_time}:${SUITE_NAME}:${TEST_NAME}:${TEST_STATUS}${\n}</arg>
</arguments>
<msg html="yes" level="INFO" timestamp="20170918 15:37:23.605">Appended to file '&lt;a href="file:///tmp/fspcibld/17001/obmc-robot/logs/test_history.txt"&gt;/tmp/fspcibld/17001/obmc-robot/logs/test_history.txt&lt;/a&gt;'.</msg>
<status starttime="20170918 15:37:23.604" status="PASS" endtime="20170918 15:37:23.605"></status>
</kw>
<status starttime="20170918 15:37:23.579" status="PASS" endtime="20170918 15:37:23.605"></status>
</kw>
<status starttime="20170918 15:37:06.553" status="PASS" endtime="20170918 15:37:23.605"></status>
</kw>
<kw library="utils" name="Stop SOL Console Logging">
<doc>Stop system console logging and return log output.</doc>
<assign>
<var>${sol_log}</var>
</assign>
<kw library="utils" name="Create OS Console File Path">
<doc>Create OS console file path name and return it.</doc>
<arguments>
<arg>${log_file_path}</arg>
</arguments>
<assign>
<var>${log_file_path}</var>
</assign>
<kw library="BuiltIn" name="Catenate">
<doc>Catenates the given items together and returns the resulted string.</doc>
<arguments>
<arg>/tmp/${OPENBMC_HOST}_os_console.txt</arg>
</arguments>
<assign>
<var>${default_file_path}</var>
</assign>
<msg level="INFO" timestamp="20170918 15:37:23.607">${default_file_path} = /tmp/9.3.21.61_os_console.txt</msg>
<status starttime="20170918 15:37:23.607" status="PASS" endtime="20170918 15:37:23.607"></status>
</kw>
<kw library="BuiltIn" name="Set Variable If">
<doc>Sets variable based on the given condition.</doc>
<arguments>
<arg>'${log_file_path}' == '${EMPTY}'</arg>
<arg>${default_file_path}</arg>
<arg>${log_file_path}</arg>
</arguments>
<assign>
<var>${log_file_path}</var>
</assign>
<msg level="INFO" timestamp="20170918 15:37:23.608">${log_file_path} = /tmp/9.3.21.61_os_console.txt</msg>
<status starttime="20170918 15:37:23.607" status="PASS" endtime="20170918 15:37:23.608"></status>
</kw>
<msg level="INFO" timestamp="20170918 15:37:23.608">${log_file_path} = /tmp/9.3.21.61_os_console.txt</msg>
<status starttime="20170918 15:37:23.606" status="PASS" endtime="20170918 15:37:23.608"></status>
</kw>
<kw library="utils" name="Get SOL Console Pid">
<doc>Get the pid of the active sol conole job.</doc>
<assign>
<var>${os_con_pid}</var>
</assign>
<kw library="utils" name="Create OS Console Command String">
<doc>Return a command string to start OS console logging.</doc>
<assign>
<var>${search_string}</var>
</assign>
<kw library="BuiltIn" name="Set Variable">
<doc>Returns the given values which can then be assigned to a variables.</doc>
<arguments>
<arg>ssh_pw</arg>
</arguments>
<assign>
<var>${ssh_pw_file_path}</var>
</assign>
<msg level="INFO" timestamp="20170918 15:37:23.609">${ssh_pw_file_path} = ssh_pw</msg>
<status starttime="20170918 15:37:23.609" status="PASS" endtime="20170918 15:37:23.609"></status>
</kw>
<kw library="BuiltIn" name="Catenate">
<doc>Catenates the given items together and returns the resulted string.</doc>
<arguments>
<arg>which ssh_pw 2&gt;&amp;1</arg>
</arguments>
<assign>
<var>${cmd_buf}</var>
</assign>
<msg level="INFO" timestamp="20170918 15:37:23.610">${cmd_buf} = which ssh_pw 2&gt;&amp;1</msg>
<status starttime="20170918 15:37:23.610" status="PASS" endtime="20170918 15:37:23.610"></status>
</kw>
<kw library="gen_robot_print" name="Rdpissuing">
<arguments>
<arg>${cmd_buf}</arg>
</arguments>
<status starttime="20170918 15:37:23.610" status="PASS" endtime="20170918 15:37:23.610"></status>
</kw>
<kw library="OperatingSystem" name="Run And Return Rc And Output">
<doc>Runs the given command in the system and returns the RC and output.</doc>
<arguments>
<arg>${cmd_buf}</arg>
</arguments>
<assign>
<var>${rc}</var>
<var>${output}</var>
</assign>
<msg level="INFO" timestamp="20170918 15:37:23.614">Running command 'which ssh_pw 2&gt;&amp;1'.</msg>
<msg level="INFO" timestamp="20170918 15:37:23.618">${rc} = 0</msg>
<msg level="INFO" timestamp="20170918 15:37:23.618">${output} = /tmp/fspcibld/17001/obmc-robot/.tox/witherspoon/bin/ssh_pw</msg>
<status starttime="20170918 15:37:23.611" status="PASS" endtime="20170918 15:37:23.619"></status>
</kw>
<kw library="gen_robot_print" name="Rdpvars">
<arguments>
<arg>rc</arg>
<arg>output</arg>
</arguments>
<status starttime="20170918 15:37:23.620" status="PASS" endtime="20170918 15:37:23.621"></status>
</kw>
<kw library="BuiltIn" name="Run Keyword If">
<doc>Runs the given keyword with the given arguments, if ``condition`` is true.</doc>
<arguments>
<arg>${rc} != ${0}</arg>
<arg>Set Variable</arg>
<arg>${EXECDIR}${/}bin/ssh_pw</arg>
</arguments>
<assign>
<var>${ssh_pw_file_path}</var>
</assign>
<msg level="INFO" timestamp="20170918 15:37:23.622">${ssh_pw_file_path} = None</msg>
<status starttime="20170918 15:37:23.622" status="PASS" endtime="20170918 15:37:23.622"></status>
</kw>
<kw library="BuiltIn" name="Catenate">
<doc>Catenates the given items together and returns the resulted string.</doc>
<arguments>
<arg>${ssh_pw_file_path} ${OPENBMC_PASSWORD} -p 2200</arg>
<arg>-o "StrictHostKeyChecking no" ${OPENBMC_USERNAME}@${OPENBMC_HOST}</arg>
</arguments>
<assign>
<var>${cmd_buf}</var>
</assign>
<msg level="INFO" timestamp="20170918 15:37:23.623">${cmd_buf} = None 0penBmc -p 2200 -o "StrictHostKeyChecking no" root@9.3.21.61</msg>
<status starttime="20170918 15:37:23.623" status="PASS" endtime="20170918 15:37:23.623"></status>
</kw>
<msg level="INFO" timestamp="20170918 15:37:23.624">${search_string} = None 0penBmc -p 2200 -o "StrictHostKeyChecking no" root@9.3.21.61</msg>
<status starttime="20170918 15:37:23.608" status="PASS" endtime="20170918 15:37:23.624"></status>
</kw>
<kw library="String" name="Replace String">
<doc>Replaces ``search_for`` in the given ``string`` with ``replace_with``.</doc>
<arguments>
<arg>${search_string}</arg>
<arg>"</arg>
<arg>["]?</arg>
</arguments>
<assign>
<var>${search_string}</var>
</assign>
<msg level="INFO" timestamp="20170918 15:37:23.624">${search_string} = None 0penBmc -p 2200 -o ["]?StrictHostKeyChecking no["]? root@9.3.21.61</msg>
<status starttime="20170918 15:37:23.624" status="PASS" endtime="20170918 15:37:23.624"></status>
</kw>
<kw library="BuiltIn" name="Catenate">
<doc>Catenates the given items together and returns the resulted string.</doc>
<arguments>
<arg>echo $(ps -ef | egrep '${search_string}'</arg>
<arg>| egrep -v grep | cut -c10-14)</arg>
</arguments>
<assign>
<var>${cmd_buf}</var>
</assign>
<msg level="INFO" timestamp="20170918 15:37:23.625">${cmd_buf} = echo $(ps -ef | egrep 'None 0penBmc -p 2200 -o ["]?StrictHostKeyChecking no["]? root@9.3.21.61' | egrep -v grep | cut -c10-14)</msg>
<status starttime="20170918 15:37:23.625" status="PASS" endtime="20170918 15:37:23.625"></status>
</kw>
<kw library="gen_robot_print" name="Rdpissuing">
<arguments>
<arg>${cmd_buf}</arg>
</arguments>
<status starttime="20170918 15:37:23.625" status="PASS" endtime="20170918 15:37:23.626"></status>
</kw>
<kw library="OperatingSystem" name="Run And Return Rc And Output">
<doc>Runs the given command in the system and returns the RC and output.</doc>
<arguments>
<arg>${cmd_buf}</arg>
</arguments>
<assign>
<var>${rc}</var>
<var>${os_con_pid}</var>
</assign>
<msg level="INFO" timestamp="20170918 15:37:23.629">Running command 'echo $(ps -ef | egrep 'None 0penBmc -p 2200 -o ["]?StrictHostKeyChecking no["]? root@9.3.21.61' | egrep -v grep | cut -c10-14) 2&gt;&amp;1'.</msg>
<msg level="INFO" timestamp="20170918 15:37:23.635">${rc} = 0</msg>
<msg level="INFO" timestamp="20170918 15:37:23.635">${os_con_pid} = </msg>
<status starttime="20170918 15:37:23.626" status="PASS" endtime="20170918 15:37:23.636"></status>
</kw>
<kw library="gen_robot_print" name="Rdpvars">
<arguments>
<arg>os_con_pid</arg>
</arguments>
<status starttime="20170918 15:37:23.638" status="PASS" endtime="20170918 15:37:23.639"></status>
</kw>
<msg level="INFO" timestamp="20170918 15:37:23.639">${os_con_pid} = </msg>
<status starttime="20170918 15:37:23.608" status="PASS" endtime="20170918 15:37:23.639"></status>
</kw>
<kw library="BuiltIn" name="Catenate">
<doc>Catenates the given items together and returns the resulted string.</doc>
<arguments>
<arg>kill -9 ${os_con_pid}</arg>
</arguments>
<assign>
<var>${cmd_buf}</var>
</assign>
<msg level="INFO" timestamp="20170918 15:37:23.642">${cmd_buf} = kill -9 </msg>
<status starttime="20170918 15:37:23.640" status="PASS" endtime="20170918 15:37:23.642"></status>
</kw>
<kw library="BuiltIn" name="Run Keyword If">
<doc>Runs the given keyword with the given arguments, if ``condition`` is true.</doc>
<arguments>
<arg>'${os_con_pid}' != '${EMPTY}'</arg>
<arg>Rdpissuing</arg>
<arg>${cmd_buf}</arg>
</arguments>
<status starttime="20170918 15:37:23.643" status="PASS" endtime="20170918 15:37:23.643"></status>
</kw>
<kw library="BuiltIn" name="Run Keyword If">
<doc>Runs the given keyword with the given arguments, if ``condition`` is true.</doc>
<arguments>
<arg>'${os_con_pid}' != '${EMPTY}'</arg>
<arg>Run And Return Rc And Output</arg>
<arg>${cmd_buf}</arg>
</arguments>
<assign>
<var>${rc}</var>
<var>${output}</var>
</assign>
<msg level="INFO" timestamp="20170918 15:37:23.645">${rc} = None</msg>
<msg level="INFO" timestamp="20170918 15:37:23.645">${output} = None</msg>
<status starttime="20170918 15:37:23.645" status="PASS" endtime="20170918 15:37:23.645"></status>
</kw>
<kw library="BuiltIn" name="Run Keyword If">
<doc>Runs the given keyword with the given arguments, if ``condition`` is true.</doc>
<arguments>
<arg>'${os_con_pid}' != '${EMPTY}'</arg>
<arg>Rdpvars</arg>
<arg>rc</arg>
<arg>output</arg>
</arguments>
<status starttime="20170918 15:37:23.646" status="PASS" endtime="20170918 15:37:23.646"></status>
</kw>
<kw library="BuiltIn" name="Run Keyword If">
<doc>Runs the given keyword with the given arguments, if ``condition`` is true.</doc>
<arguments>
<arg>'${targ_file_path}' != '${EMPTY}'</arg>
<arg>Run Keyword And Ignore Error</arg>
<arg>Copy File</arg>
<arg>${log_file_path}</arg>
<arg>${targ_file_path}</arg>
</arguments>
<kw library="BuiltIn" name="Run Keyword And Ignore Error">
<doc>Runs the given keyword with the given arguments and ignores possible error.</doc>
<arguments>
<arg>Copy File</arg>
<arg>${log_file_path}</arg>
<arg>${targ_file_path}</arg>
</arguments>
<kw library="OperatingSystem" name="Copy File">
<doc>Copies the source file into the destination.</doc>
<arguments>
<arg>${log_file_path}</arg>
<arg>${targ_file_path}</arg>
</arguments>
<msg html="yes" level="INFO" timestamp="20170918 15:37:23.654">Copied file from '&lt;a href="file:///tmp/9.3.21.61_os_console.txt"&gt;/tmp/9.3.21.61_os_console.txt&lt;/a&gt;' to '&lt;a href="file:///tmp/fspcibld/17001/obmc-robot/logs/9.3.21.61_os_console.txt"&gt;/tmp/fspcibld/17001/obmc-robot/logs/9.3.21.61_os_console.txt&lt;/a&gt;'.</msg>
<status starttime="20170918 15:37:23.649" status="PASS" endtime="20170918 15:37:23.654"></status>
</kw>
<status starttime="20170918 15:37:23.648" status="PASS" endtime="20170918 15:37:23.654"></status>
</kw>
<status starttime="20170918 15:37:23.647" status="PASS" endtime="20170918 15:37:23.654"></status>
</kw>
<kw library="BuiltIn" name="Set Variable">
<doc>Returns the given values which can then be assigned to a variables.</doc>
<arguments>
<arg>${EMPTY}</arg>
</arguments>
<assign>
<var>${output}</var>
</assign>
<msg level="INFO" timestamp="20170918 15:37:23.655">${output} = </msg>
<status starttime="20170918 15:37:23.655" status="PASS" endtime="20170918 15:37:23.655"></status>
</kw>
<kw library="BuiltIn" name="Evaluate">
<doc>Evaluates the given expression in Python and returns the results.</doc>
<arguments>
<arg>${debug}^1</arg>
</arguments>
<assign>
<var>${loc_quiet}</var>
</assign>
<msg level="INFO" timestamp="20170918 15:37:23.656">${loc_quiet} = 1</msg>
<status starttime="20170918 15:37:23.655" status="PASS" endtime="20170918 15:37:23.656"></status>
</kw>
<kw library="BuiltIn" name="Run Keyword If">
<doc>Runs the given keyword with the given arguments, if ``condition`` is true.</doc>
<arguments>
<arg>'${return_data}' == '${1}'</arg>
<arg>Cmd Fnc</arg>
<arg>cat ${log_file_path}</arg>
<arg>quiet=${loc_quiet}</arg>
<arg>print_output=${0}</arg>
</arguments>
<assign>
<var>${rc}</var>
<var>${output}</var>
</assign>
<kw library="gen_cmd" name="Cmd Fnc">
<doc>Run the given command in a shell and return the shell return code and the</doc>
<arguments>
<arg>cat ${log_file_path}</arg>
<arg>quiet=${loc_quiet}</arg>
<arg>print_output=${0}</arg>
</arguments>
<status starttime="20170918 15:37:23.656" status="PASS" endtime="20170918 15:37:23.716"></status>
</kw>
<msg level="INFO" timestamp="20170918 15:37:23.723">${rc} = 0</msg>
<msg level="INFO" timestamp="20170918 15:37:23.724">${output} = sh: 1: None: not found
</msg>
<status starttime="20170918 15:37:23.656" status="PASS" endtime="20170918 15:37:23.724"></status>
</kw>
<msg level="INFO" timestamp="20170918 15:37:23.726">${sol_log} = sh: 1: None: not found
</msg>
<status starttime="20170918 15:37:23.605" status="PASS" endtime="20170918 15:37:23.726"></status>
</kw>
<kw library="BuiltIn" name="Log">
<doc>Logs the given message with the given level.</doc>
<arguments>
<arg>${sol_log}</arg>
</arguments>
<msg level="INFO" timestamp="20170918 15:37:23.736">sh: 1: None: not found
</msg>
<status starttime="20170918 15:37:23.735" status="PASS" endtime="20170918 15:37:23.736"></status>
</kw>
<status starttime="20170918 15:37:06.552" status="PASS" endtime="20170918 15:37:23.737"></status>
</kw>
<doc>Power off and on.</doc>
<tags>
<tag>chassisboot</tag>
<tag>Power_On_Test</tag>
</tags>
<status starttime="20170918 15:37:05.388" critical="yes" status="FAIL" endtime="20170918 15:37:23.737">Setup failed:
'' should not be empty.</status>
</test>
<doc>Test power on for HW CI.</doc>
<status starttime="20170918 15:37:05.354" status="FAIL" endtime="20170918 15:37:23.741"></status>
</suite>
<doc>Set metadata for test suite.</doc>
<status starttime="20170918 15:36:58.301" status="FAIL" endtime="20170918 15:37:23.750"></status>
</suite>
<statistics>
<total>
<stat pass="1" fail="1">Critical Tests</stat>
<stat pass="1" fail="1">All Tests</stat>
</total>
<tag>
<stat pass="0" fail="1">chassisboot</stat>
<stat pass="0" fail="1">Power_On_Test</stat>
<stat pass="1" fail="0">Test_SSL_Connection</stat>
</tag>
<suite>
<stat name="Tests" pass="1" fail="1" id="s1">Tests</stat>
<stat name="Security" pass="1" fail="0" id="s1-s1">Tests.Security</stat>
<stat name="Test Ssl" pass="1" fail="0" id="s1-s1-s1">Tests.Security.Test Ssl</stat>
<stat name="Test Basic Poweron" pass="0" fail="1" id="s1-s2">Tests.Test Basic Poweron</stat>
</suite>
</statistics>
<errors>
</errors>
</robot>
