<?xml version="1.0" encoding="UTF-8"?>
<robot generator="Robot 3.0.2 (Python 2.7.12 on linux2)" generated="20170629 21:26:45.364">
<suite id="s1" source="/tmp/fspcibld/23280/obmc-robot/tests" name="Tests">
<kw type="setup" name="System Driver Data">
<doc>System driver information.</doc>
<kw name="Open Connection And Log In" library="connection_client">
<doc>Opens a connection with the given arguments, and logs in.</doc>
<kw name="Run Keyword And Return Status" library="BuiltIn">
<doc>Runs the given keyword with given arguments and returns the status as a Boolean value.</doc>
<arguments>
<arg>Dictionary Should Contain Key</arg>
<arg>${connection_args}</arg>
<arg>host</arg>
</arguments>
<assign>
<var>${has_host}</var>
</assign>
<kw name="Dictionary Should Contain Key" library="Collections">
<doc>Fails if ``key`` is not found from ``dictionary``.</doc>
<arguments>
<arg>${connection_args}</arg>
<arg>host</arg>
</arguments>
<msg level="FAIL" timestamp="20170629 21:26:45.816">Dictionary does not contain key 'host'.</msg>
<status starttime="20170629 21:26:45.816" status="FAIL" endtime="20170629 21:26:45.817"></status>
</kw>
<msg level="INFO" timestamp="20170629 21:26:45.817">${has_host} = False</msg>
<status starttime="20170629 21:26:45.816" status="PASS" endtime="20170629 21:26:45.817"></status>
</kw>
<kw name="Run Keyword If" library="BuiltIn">
<doc>Runs the given keyword with the given arguments, if ``condition`` is true.</doc>
<arguments>
<arg>${has_host} == ${FALSE}</arg>
<arg>Set To Dictionary</arg>
<arg>${connection_args}</arg>
<arg>host=${OPENBMC_HOST}</arg>
</arguments>
<kw name="Set To Dictionary" library="Collections">
<doc>Adds the given ``key_value_pairs`` and ``items`` to the ``dictionary``.</doc>
<arguments>
<arg>${connection_args}</arg>
<arg>host=${OPENBMC_HOST}</arg>
</arguments>
<status starttime="20170629 21:26:45.817" status="PASS" endtime="20170629 21:26:45.818"></status>
</kw>
<status starttime="20170629 21:26:45.817" status="PASS" endtime="20170629 21:26:45.818"></status>
</kw>
<kw name="Run Keyword If" library="BuiltIn">
<doc>Runs the given keyword with the given arguments, if ``condition`` is true.</doc>
<arguments>
<arg>'${SSH_PORT}' != '${EMPTY}' and '${HTTPS_PORT}' != '${EMPTY}'</arg>
<arg>User input SSH and HTTPs Ports</arg>
</arguments>
<kw name="User input SSH and HTTPs Ports" library="connection_client">
<doc>Update the global SSH and HTTPs port variable for QEMU</doc>
<kw name="Convert To Integer" library="BuiltIn">
<doc>Converts the given item to an integer number.</doc>
<arguments>
<arg>${SSH_PORT}</arg>
</arguments>
<assign>
<var>${port_num}</var>
</assign>
<msg level="INFO" timestamp="20170629 21:26:45.819">${port_num} = 22</msg>
<status starttime="20170629 21:26:45.819" status="PASS" endtime="20170629 21:26:45.819"></status>
</kw>
<kw name="Replace Variables" library="BuiltIn">
<doc>Replaces variables in the given text with their current values.</doc>
<arguments>
<arg>${port_num}</arg>
</arguments>
<assign>
<var>${SSH_PORT}</var>
</assign>
<msg level="INFO" timestamp="20170629 21:26:45.820">${SSH_PORT} = 22</msg>
<status starttime="20170629 21:26:45.819" status="PASS" endtime="20170629 21:26:45.820"></status>
</kw>
<kw name="Convert To Integer" library="BuiltIn">
<doc>Converts the given item to an integer number.</doc>
<arguments>
<arg>${HTTPS_PORT}</arg>
</arguments>
<assign>
<var>${https_num}</var>
</assign>
<msg level="INFO" timestamp="20170629 21:26:45.820">${https_num} = 443</msg>
<status starttime="20170629 21:26:45.820" status="PASS" endtime="20170629 21:26:45.820"></status>
</kw>
<kw name="Set Global Variable" library="BuiltIn">
<doc>Makes a variable available globally in all tests and suites.</doc>
<arguments>
<arg>${AUTH_URI}</arg>
<arg>https://${OPENBMC_HOST}:${https_num}</arg>
</arguments>
<msg level="INFO" timestamp="20170629 21:26:45.821">${AUTH_URI} = https://9.3.21.61:443</msg>
<status starttime="20170629 21:26:45.821" status="PASS" endtime="20170629 21:26:45.821"></status>
</kw>
<status starttime="20170629 21:26:45.819" status="PASS" endtime="20170629 21:26:45.821"></status>
</kw>
<status starttime="20170629 21:26:45.818" status="PASS" endtime="20170629 21:26:45.821"></status>
</kw>
<kw name="Run Keyword And Return Status" library="BuiltIn">
<doc>Runs the given keyword with given arguments and returns the status as a Boolean value.</doc>
<arguments>
<arg>Dictionary Should Contain Key</arg>
<arg>${connection_args}</arg>
<arg>port</arg>
</arguments>
<assign>
<var>${has_port}</var>
</assign>
<kw name="Dictionary Should Contain Key" library="Collections">
<doc>Fails if ``key`` is not found from ``dictionary``.</doc>
<arguments>
<arg>${connection_args}</arg>
<arg>port</arg>
</arguments>
<msg level="FAIL" timestamp="20170629 21:26:45.822">Dictionary does not contain key 'port'.</msg>
<status starttime="20170629 21:26:45.822" status="FAIL" endtime="20170629 21:26:45.822"></status>
</kw>
<msg level="INFO" timestamp="20170629 21:26:45.822">${has_port} = False</msg>
<status starttime="20170629 21:26:45.822" status="PASS" endtime="20170629 21:26:45.823"></status>
</kw>
<kw name="Run Keyword If" library="BuiltIn">
<doc>Runs the given keyword with the given arguments, if ``condition`` is true.</doc>
<arguments>
<arg>'${SSH_PORT}' != '${EMPTY}' and ${has_port} == ${FALSE}</arg>
<arg>Run Keywords</arg>
<arg>Set To Dictionary</arg>
<arg>${connection_args}</arg>
<arg>port=${SSH_PORT}</arg>
<arg>AND</arg>
<arg>SSHLibrary.Open connection</arg>
<arg>&amp;{connection_args}</arg>
<arg>ELSE</arg>
<arg>Run Keyword</arg>
<arg>SSHLibrary.Open connection</arg>
<arg>&amp;{connection_args}</arg>
</arguments>
<kw name="Run Keywords" library="BuiltIn">
<doc>Executes all the given keywords in a sequence.</doc>
<arguments>
<arg>Set To Dictionary</arg>
<arg>${connection_args}</arg>
<arg>port=${SSH_PORT}</arg>
<arg>AND</arg>
<arg>SSHLibrary.Open connection</arg>
<arg>&amp;{connection_args}</arg>
</arguments>
<kw name="Set To Dictionary" library="Collections">
<doc>Adds the given ``key_value_pairs`` and ``items`` to the ``dictionary``.</doc>
<arguments>
<arg>${connection_args}</arg>
<arg>port=${SSH_PORT}</arg>
</arguments>
<status starttime="20170629 21:26:45.824" status="PASS" endtime="20170629 21:26:45.824"></status>
</kw>
<kw name="Open Connection" library="SSHLibrary">
<doc>Opens a new SSH connection to the given `host` and `port`.</doc>
<arguments>
<arg>&amp;{connection_args}</arg>
</arguments>
<status starttime="20170629 21:26:45.824" status="PASS" endtime="20170629 21:26:45.825"></status>
</kw>
<status starttime="20170629 21:26:45.823" status="PASS" endtime="20170629 21:26:45.825"></status>
</kw>
<status starttime="20170629 21:26:45.823" status="PASS" endtime="20170629 21:26:45.825"></status>
</kw>
<kw name="Login" library="SSHLibrary">
<doc>Logs into the SSH server with the given `username` and `password`.</doc>
<arguments>
<arg>${username}</arg>
<arg>${password}</arg>
</arguments>
<msg level="INFO" timestamp="20170629 21:26:45.825">Logging into '9.3.21.61:22' as 'root'.</msg>
<msg level="INFO" timestamp="20170629 21:26:47.517">Read output: root@witherspoon:~#</msg>
<status starttime="20170629 21:26:45.825" status="PASS" endtime="20170629 21:26:47.517"></status>
</kw>
<status starttime="20170629 21:26:45.815" status="PASS" endtime="20170629 21:26:47.517"></status>
</kw>
<kw name="Run Keyword And Ignore Error" library="BuiltIn">
<doc>Runs the given keyword with the given arguments and ignores possible error.</doc>
<arguments>
<arg>Log BMC Driver Details</arg>
</arguments>
<kw name="Log BMC Driver Details">
<doc>Get BMC driver details and log.</doc>
<kw name="Execute Command" library="SSHLibrary">
<doc>Executes `command` on the remote machine and returns its outputs.</doc>
<arguments>
<arg>${DRIVER_CMD}</arg>
<arg>return_stderr=True</arg>
</arguments>
<assign>
<var>${output}</var>
<var>${stderr}</var>
</assign>
<msg level="INFO" timestamp="20170629 21:26:47.519">Executing command 'cat /etc/os-release | grep ^VERSION_ID='.</msg>
<msg level="INFO" timestamp="20170629 21:26:47.606">Command exited with return code 0.</msg>
<msg level="INFO" timestamp="20170629 21:26:47.606">${output} = VERSION_ID="v1.99.7-68-ga53f993"</msg>
<msg level="INFO" timestamp="20170629 21:26:47.606">${stderr} = </msg>
<status starttime="20170629 21:26:47.518" status="PASS" endtime="20170629 21:26:47.606"></status>
</kw>
<kw name="Should Be Empty" library="BuiltIn">
<doc>Verifies that the given item is empty.</doc>
<arguments>
<arg>${stderr}</arg>
</arguments>
<msg level="INFO" timestamp="20170629 21:26:47.607">Length is 0</msg>
<status starttime="20170629 21:26:47.607" status="PASS" endtime="20170629 21:26:47.607"></status>
</kw>
<kw name="Log" library="BuiltIn">
<doc>Logs the given message with the given level.</doc>
<arguments>
<arg>${output}</arg>
</arguments>
<msg level="INFO" timestamp="20170629 21:26:47.607">VERSION_ID="v1.99.7-68-ga53f993"</msg>
<status starttime="20170629 21:26:47.607" status="PASS" endtime="20170629 21:26:47.607"></status>
</kw>
<status starttime="20170629 21:26:47.518" status="PASS" endtime="20170629 21:26:47.608"></status>
</kw>
<status starttime="20170629 21:26:47.518" status="PASS" endtime="20170629 21:26:47.608"></status>
</kw>
<kw name="Run Keyword And Ignore Error" library="BuiltIn">
<doc>Runs the given keyword with the given arguments and ignores possible error.</doc>
<arguments>
<arg>Log PNOR Driver Details</arg>
</arguments>
<kw name="Log PNOR Driver Details">
<doc>Get PNOR driver details and log.</doc>
<kw name="Execute Command On BMC" library="utils">
<doc>Execute given command on BMC and return output.</doc>
<arguments>
<arg>${PNOR_CMD}</arg>
</arguments>
<assign>
<var>${pnor_details}</var>
</assign>
<kw name="Execute Command" library="SSHLibrary">
<doc>Executes `command` on the remote machine and returns its outputs.</doc>
<arguments>
<arg>${command}</arg>
<arg>return_stderr=True</arg>
</arguments>
<assign>
<var>${stdout}</var>
<var>${stderr}</var>
</assign>
<msg level="INFO" timestamp="20170629 21:26:47.609">Executing command '/usr/sbin/pflash -r /tmp/out.txt -P VERSION; cat /tmp/out.txt'.</msg>
<msg level="INFO" timestamp="20170629 21:26:47.867">Command exited with return code 0.</msg>
<msg level="INFO" timestamp="20170629 21:26:47.867">${stdout} = Reading to "/tmp/out.txt" from 0x02820000..0x02821000 !
[                                                  ] 0%[==================================================] 100%
open-power-witherspoon-v1.17-...</msg>
<msg level="INFO" timestamp="20170629 21:26:47.867">${stderr} = </msg>
<status starttime="20170629 21:26:47.609" status="PASS" endtime="20170629 21:26:47.867"></status>
</kw>
<kw name="Should Be Empty" library="BuiltIn">
<doc>Verifies that the given item is empty.</doc>
<arguments>
<arg>${stderr}</arg>
</arguments>
<msg level="INFO" timestamp="20170629 21:26:47.868">Length is 0</msg>
<status starttime="20170629 21:26:47.867" status="PASS" endtime="20170629 21:26:47.868"></status>
</kw>
<msg level="INFO" timestamp="20170629 21:26:47.868">${pnor_details} = Reading to "/tmp/out.txt" from 0x02820000..0x02821000 !
[                                                  ] 0%[==================================================] 100%
open-power-witherspoon-v1.17-...</msg>
<status starttime="20170629 21:26:47.608" status="PASS" endtime="20170629 21:26:47.868"></status>
</kw>
<kw name="Log" library="BuiltIn">
<doc>Logs the given message with the given level.</doc>
<arguments>
<arg>PNOR_INFO=${pnor_details}</arg>
</arguments>
<msg level="INFO" timestamp="20170629 21:26:47.868">PNOR_INFO=Reading to "/tmp/out.txt" from 0x02820000..0x02821000 !
[                                                  ] 0%[==================================================] 100%
open-power-witherspoon-v1.17-107-ga5da4ba-dirty
	buildroot-2017.02.2-7-g23118ce
	skiboot-5.6.0-158-ga1e0a047b2a0
	hostboot-site_local-hostboot-hb0507a_1519.840-4189-g7299a25
	linux-4.11.6-openpower1-p1c63872
	petitboot-v1.4.3-p9f74a13
	machine-xml-5b59a1d
	occ-1dc97a6
	hostboot-binaries-711147e
	capp-ucode-9c73e9f
	sbe-02021c6
</msg>
<status starttime="20170629 21:26:47.868" status="PASS" endtime="20170629 21:26:47.869"></status>
</kw>
<status starttime="20170629 21:26:47.608" status="PASS" endtime="20170629 21:26:47.869"></status>
</kw>
<status starttime="20170629 21:26:47.608" status="PASS" endtime="20170629 21:26:47.870"></status>
</kw>
<kw name="Run Keyword And Ignore Error" library="BuiltIn">
<doc>Runs the given keyword with the given arguments and ignores possible error.</doc>
<arguments>
<arg>Log BMC Model</arg>
</arguments>
<kw name="Log BMC Model">
<doc>Fetch BMC Model name from system and log.</doc>
<kw name="Get BMC System Model" library="utils">
<doc>Get the BMC model from the device tree.</doc>
<assign>
<var>${bmc_model}</var>
</assign>
<kw name="Open Connection And Log In" library="connection_client">
<doc>Opens a connection with the given arguments, and logs in.</doc>
<kw name="Run Keyword And Return Status" library="BuiltIn">
<doc>Runs the given keyword with given arguments and returns the status as a Boolean value.</doc>
<arguments>
<arg>Dictionary Should Contain Key</arg>
<arg>${connection_args}</arg>
<arg>host</arg>
</arguments>
<assign>
<var>${has_host}</var>
</assign>
<kw name="Dictionary Should Contain Key" library="Collections">
<doc>Fails if ``key`` is not found from ``dictionary``.</doc>
<arguments>
<arg>${connection_args}</arg>
<arg>host</arg>
</arguments>
<msg level="FAIL" timestamp="20170629 21:26:47.872">Dictionary does not contain key 'host'.</msg>
<status starttime="20170629 21:26:47.872" status="FAIL" endtime="20170629 21:26:47.872"></status>
</kw>
<msg level="INFO" timestamp="20170629 21:26:47.872">${has_host} = False</msg>
<status starttime="20170629 21:26:47.871" status="PASS" endtime="20170629 21:26:47.872"></status>
</kw>
<kw name="Run Keyword If" library="BuiltIn">
<doc>Runs the given keyword with the given arguments, if ``condition`` is true.</doc>
<arguments>
<arg>${has_host} == ${FALSE}</arg>
<arg>Set To Dictionary</arg>
<arg>${connection_args}</arg>
<arg>host=${OPENBMC_HOST}</arg>
</arguments>
<kw name="Set To Dictionary" library="Collections">
<doc>Adds the given ``key_value_pairs`` and ``items`` to the ``dictionary``.</doc>
<arguments>
<arg>${connection_args}</arg>
<arg>host=${OPENBMC_HOST}</arg>
</arguments>
<status starttime="20170629 21:26:47.873" status="PASS" endtime="20170629 21:26:47.873"></status>
</kw>
<status starttime="20170629 21:26:47.872" status="PASS" endtime="20170629 21:26:47.873"></status>
</kw>
<kw name="Run Keyword If" library="BuiltIn">
<doc>Runs the given keyword with the given arguments, if ``condition`` is true.</doc>
<arguments>
<arg>'${SSH_PORT}' != '${EMPTY}' and '${HTTPS_PORT}' != '${EMPTY}'</arg>
<arg>User input SSH and HTTPs Ports</arg>
</arguments>
<kw name="User input SSH and HTTPs Ports" library="connection_client">
<doc>Update the global SSH and HTTPs port variable for QEMU</doc>
<kw name="Convert To Integer" library="BuiltIn">
<doc>Converts the given item to an integer number.</doc>
<arguments>
<arg>${SSH_PORT}</arg>
</arguments>
<assign>
<var>${port_num}</var>
</assign>
<msg level="INFO" timestamp="20170629 21:26:47.875">${port_num} = 22</msg>
<status starttime="20170629 21:26:47.874" status="PASS" endtime="20170629 21:26:47.875"></status>
</kw>
<kw name="Replace Variables" library="BuiltIn">
<doc>Replaces variables in the given text with their current values.</doc>
<arguments>
<arg>${port_num}</arg>
</arguments>
<assign>
<var>${SSH_PORT}</var>
</assign>
<msg level="INFO" timestamp="20170629 21:26:47.875">${SSH_PORT} = 22</msg>
<status starttime="20170629 21:26:47.875" status="PASS" endtime="20170629 21:26:47.875"></status>
</kw>
<kw name="Convert To Integer" library="BuiltIn">
<doc>Converts the given item to an integer number.</doc>
<arguments>
<arg>${HTTPS_PORT}</arg>
</arguments>
<assign>
<var>${https_num}</var>
</assign>
<msg level="INFO" timestamp="20170629 21:26:47.876">${https_num} = 443</msg>
<status starttime="20170629 21:26:47.875" status="PASS" endtime="20170629 21:26:47.876"></status>
</kw>
<kw name="Set Global Variable" library="BuiltIn">
<doc>Makes a variable available globally in all tests and suites.</doc>
<arguments>
<arg>${AUTH_URI}</arg>
<arg>https://${OPENBMC_HOST}:${https_num}</arg>
</arguments>
<msg level="INFO" timestamp="20170629 21:26:47.877">${AUTH_URI} = https://9.3.21.61:443</msg>
<status starttime="20170629 21:26:47.876" status="PASS" endtime="20170629 21:26:47.877"></status>
</kw>
<status starttime="20170629 21:26:47.874" status="PASS" endtime="20170629 21:26:47.877"></status>
</kw>
<status starttime="20170629 21:26:47.874" status="PASS" endtime="20170629 21:26:47.877"></status>
</kw>
<kw name="Run Keyword And Return Status" library="BuiltIn">
<doc>Runs the given keyword with given arguments and returns the status as a Boolean value.</doc>
<arguments>
<arg>Dictionary Should Contain Key</arg>
<arg>${connection_args}</arg>
<arg>port</arg>
</arguments>
<assign>
<var>${has_port}</var>
</assign>
<kw name="Dictionary Should Contain Key" library="Collections">
<doc>Fails if ``key`` is not found from ``dictionary``.</doc>
<arguments>
<arg>${connection_args}</arg>
<arg>port</arg>
</arguments>
<msg level="FAIL" timestamp="20170629 21:26:47.878">Dictionary does not contain key 'port'.</msg>
<status starttime="20170629 21:26:47.878" status="FAIL" endtime="20170629 21:26:47.878"></status>
</kw>
<msg level="INFO" timestamp="20170629 21:26:47.878">${has_port} = False</msg>
<status starttime="20170629 21:26:47.877" status="PASS" endtime="20170629 21:26:47.878"></status>
</kw>
<kw name="Run Keyword If" library="BuiltIn">
<doc>Runs the given keyword with the given arguments, if ``condition`` is true.</doc>
<arguments>
<arg>'${SSH_PORT}' != '${EMPTY}' and ${has_port} == ${FALSE}</arg>
<arg>Run Keywords</arg>
<arg>Set To Dictionary</arg>
<arg>${connection_args}</arg>
<arg>port=${SSH_PORT}</arg>
<arg>AND</arg>
<arg>SSHLibrary.Open connection</arg>
<arg>&amp;{connection_args}</arg>
<arg>ELSE</arg>
<arg>Run Keyword</arg>
<arg>SSHLibrary.Open connection</arg>
<arg>&amp;{connection_args}</arg>
</arguments>
<kw name="Run Keywords" library="BuiltIn">
<doc>Executes all the given keywords in a sequence.</doc>
<arguments>
<arg>Set To Dictionary</arg>
<arg>${connection_args}</arg>
<arg>port=${SSH_PORT}</arg>
<arg>AND</arg>
<arg>SSHLibrary.Open connection</arg>
<arg>&amp;{connection_args}</arg>
</arguments>
<kw name="Set To Dictionary" library="Collections">
<doc>Adds the given ``key_value_pairs`` and ``items`` to the ``dictionary``.</doc>
<arguments>
<arg>${connection_args}</arg>
<arg>port=${SSH_PORT}</arg>
</arguments>
<status starttime="20170629 21:26:47.879" status="PASS" endtime="20170629 21:26:47.880"></status>
</kw>
<kw name="Open Connection" library="SSHLibrary">
<doc>Opens a new SSH connection to the given `host` and `port`.</doc>
<arguments>
<arg>&amp;{connection_args}</arg>
</arguments>
<status starttime="20170629 21:26:47.880" status="PASS" endtime="20170629 21:26:47.880"></status>
</kw>
<status starttime="20170629 21:26:47.879" status="PASS" endtime="20170629 21:26:47.880"></status>
</kw>
<status starttime="20170629 21:26:47.878" status="PASS" endtime="20170629 21:26:47.880"></status>
</kw>
<kw name="Login" library="SSHLibrary">
<doc>Logs into the SSH server with the given `username` and `password`.</doc>
<arguments>
<arg>${username}</arg>
<arg>${password}</arg>
</arguments>
<msg level="INFO" timestamp="20170629 21:26:47.881">Logging into '9.3.21.61:22' as 'root'.</msg>
<msg level="INFO" timestamp="20170629 21:26:49.565">Read output: root@witherspoon:~#</msg>
<status starttime="20170629 21:26:47.881" status="PASS" endtime="20170629 21:26:49.565"></status>
</kw>
<status starttime="20170629 21:26:47.871" status="PASS" endtime="20170629 21:26:49.565"></status>
</kw>
<kw name="Execute Command" library="SSHLibrary">
<doc>Executes `command` on the remote machine and returns its outputs.</doc>
<arguments>
<arg>cat ${devicetree_base} | cut -d " " -f 1</arg>
<arg>return_stderr=True</arg>
</arguments>
<assign>
<var>${bmc_model}</var>
<var>${stderr}</var>
</assign>
<msg level="INFO" timestamp="20170629 21:26:49.566">Executing command 'cat /sys/firmware/devicetree/base/model | cut -d " " -f 1'.</msg>
<msg level="INFO" timestamp="20170629 21:26:49.653">Command exited with return code 0.</msg>
<msg level="INFO" timestamp="20170629 21:26:49.653">${bmc_model} = Witherspoon</msg>
<msg level="INFO" timestamp="20170629 21:26:49.653">${stderr} = </msg>
<status starttime="20170629 21:26:49.565" status="PASS" endtime="20170629 21:26:49.653"></status>
</kw>
<kw name="Should Be Empty" library="BuiltIn">
<doc>Verifies that the given item is empty.</doc>
<arguments>
<arg>${stderr}</arg>
</arguments>
<msg level="INFO" timestamp="20170629 21:26:49.653">Length is 0</msg>
<status starttime="20170629 21:26:49.653" status="PASS" endtime="20170629 21:26:49.653"></status>
</kw>
<kw name="Should Not Be Empty" library="BuiltIn">
<doc>Verifies that the given item is not empty.</doc>
<arguments>
<arg>${bmc_model}</arg>
</arguments>
<msg level="INFO" timestamp="20170629 21:26:49.654">Length is 11</msg>
<status starttime="20170629 21:26:49.654" status="PASS" endtime="20170629 21:26:49.654"></status>
</kw>
<msg level="INFO" timestamp="20170629 21:26:49.654">${bmc_model} = Witherspoon</msg>
<status starttime="20170629 21:26:47.870" status="PASS" endtime="20170629 21:26:49.654"></status>
</kw>
<kw name="Log" library="BuiltIn">
<doc>Logs the given message with the given level.</doc>
<arguments>
<arg>BMC Model=${bmc_model}</arg>
</arguments>
<msg level="INFO" timestamp="20170629 21:26:49.655">BMC Model=Witherspoon</msg>
<status starttime="20170629 21:26:49.654" status="PASS" endtime="20170629 21:26:49.655"></status>
</kw>
<status starttime="20170629 21:26:47.870" status="PASS" endtime="20170629 21:26:49.655"></status>
</kw>
<status starttime="20170629 21:26:47.870" status="PASS" endtime="20170629 21:26:49.655"></status>
</kw>
<kw name="Run Keyword And Ignore Error" library="BuiltIn">
<doc>Runs the given keyword with the given arguments and ignores possible error.</doc>
<arguments>
<arg>Enable Core Dump On BMC</arg>
</arguments>
<kw name="Enable Core Dump On BMC" library="utils">
<doc>Enable core dump collection.</doc>
<kw name="Open Connection And Log In" library="connection_client">
<doc>Opens a connection with the given arguments, and logs in.</doc>
<kw name="Run Keyword And Return Status" library="BuiltIn">
<doc>Runs the given keyword with given arguments and returns the status as a Boolean value.</doc>
<arguments>
<arg>Dictionary Should Contain Key</arg>
<arg>${connection_args}</arg>
<arg>host</arg>
</arguments>
<assign>
<var>${has_host}</var>
</assign>
<kw name="Dictionary Should Contain Key" library="Collections">
<doc>Fails if ``key`` is not found from ``dictionary``.</doc>
<arguments>
<arg>${connection_args}</arg>
<arg>host</arg>
</arguments>
<msg level="FAIL" timestamp="20170629 21:26:49.657">Dictionary does not contain key 'host'.</msg>
<status starttime="20170629 21:26:49.657" status="FAIL" endtime="20170629 21:26:49.657"></status>
</kw>
<msg level="INFO" timestamp="20170629 21:26:49.657">${has_host} = False</msg>
<status starttime="20170629 21:26:49.656" status="PASS" endtime="20170629 21:26:49.657"></status>
</kw>
<kw name="Run Keyword If" library="BuiltIn">
<doc>Runs the given keyword with the given arguments, if ``condition`` is true.</doc>
<arguments>
<arg>${has_host} == ${FALSE}</arg>
<arg>Set To Dictionary</arg>
<arg>${connection_args}</arg>
<arg>host=${OPENBMC_HOST}</arg>
</arguments>
<kw name="Set To Dictionary" library="Collections">
<doc>Adds the given ``key_value_pairs`` and ``items`` to the ``dictionary``.</doc>
<arguments>
<arg>${connection_args}</arg>
<arg>host=${OPENBMC_HOST}</arg>
</arguments>
<status starttime="20170629 21:26:49.658" status="PASS" endtime="20170629 21:26:49.658"></status>
</kw>
<status starttime="20170629 21:26:49.657" status="PASS" endtime="20170629 21:26:49.658"></status>
</kw>
<kw name="Run Keyword If" library="BuiltIn">
<doc>Runs the given keyword with the given arguments, if ``condition`` is true.</doc>
<arguments>
<arg>'${SSH_PORT}' != '${EMPTY}' and '${HTTPS_PORT}' != '${EMPTY}'</arg>
<arg>User input SSH and HTTPs Ports</arg>
</arguments>
<kw name="User input SSH and HTTPs Ports" library="connection_client">
<doc>Update the global SSH and HTTPs port variable for QEMU</doc>
<kw name="Convert To Integer" library="BuiltIn">
<doc>Converts the given item to an integer number.</doc>
<arguments>
<arg>${SSH_PORT}</arg>
</arguments>
<assign>
<var>${port_num}</var>
</assign>
<msg level="INFO" timestamp="20170629 21:26:49.660">${port_num} = 22</msg>
<status starttime="20170629 21:26:49.659" status="PASS" endtime="20170629 21:26:49.660"></status>
</kw>
<kw name="Replace Variables" library="BuiltIn">
<doc>Replaces variables in the given text with their current values.</doc>
<arguments>
<arg>${port_num}</arg>
</arguments>
<assign>
<var>${SSH_PORT}</var>
</assign>
<msg level="INFO" timestamp="20170629 21:26:49.660">${SSH_PORT} = 22</msg>
<status starttime="20170629 21:26:49.660" status="PASS" endtime="20170629 21:26:49.660"></status>
</kw>
<kw name="Convert To Integer" library="BuiltIn">
<doc>Converts the given item to an integer number.</doc>
<arguments>
<arg>${HTTPS_PORT}</arg>
</arguments>
<assign>
<var>${https_num}</var>
</assign>
<msg level="INFO" timestamp="20170629 21:26:49.661">${https_num} = 443</msg>
<status starttime="20170629 21:26:49.661" status="PASS" endtime="20170629 21:26:49.661"></status>
</kw>
<kw name="Set Global Variable" library="BuiltIn">
<doc>Makes a variable available globally in all tests and suites.</doc>
<arguments>
<arg>${AUTH_URI}</arg>
<arg>https://${OPENBMC_HOST}:${https_num}</arg>
</arguments>
<msg level="INFO" timestamp="20170629 21:26:49.662">${AUTH_URI} = https://9.3.21.61:443</msg>
<status starttime="20170629 21:26:49.661" status="PASS" endtime="20170629 21:26:49.662"></status>
</kw>
<status starttime="20170629 21:26:49.659" status="PASS" endtime="20170629 21:26:49.662"></status>
</kw>
<status starttime="20170629 21:26:49.658" status="PASS" endtime="20170629 21:26:49.662"></status>
</kw>
<kw name="Run Keyword And Return Status" library="BuiltIn">
<doc>Runs the given keyword with given arguments and returns the status as a Boolean value.</doc>
<arguments>
<arg>Dictionary Should Contain Key</arg>
<arg>${connection_args}</arg>
<arg>port</arg>
</arguments>
<assign>
<var>${has_port}</var>
</assign>
<kw name="Dictionary Should Contain Key" library="Collections">
<doc>Fails if ``key`` is not found from ``dictionary``.</doc>
<arguments>
<arg>${connection_args}</arg>
<arg>port</arg>
</arguments>
<msg level="FAIL" timestamp="20170629 21:26:49.663">Dictionary does not contain key 'port'.</msg>
<status starttime="20170629 21:26:49.663" status="FAIL" endtime="20170629 21:26:49.663"></status>
</kw>
<msg level="INFO" timestamp="20170629 21:26:49.664">${has_port} = False</msg>
<status starttime="20170629 21:26:49.662" status="PASS" endtime="20170629 21:26:49.664"></status>
</kw>
<kw name="Run Keyword If" library="BuiltIn">
<doc>Runs the given keyword with the given arguments, if ``condition`` is true.</doc>
<arguments>
<arg>'${SSH_PORT}' != '${EMPTY}' and ${has_port} == ${FALSE}</arg>
<arg>Run Keywords</arg>
<arg>Set To Dictionary</arg>
<arg>${connection_args}</arg>
<arg>port=${SSH_PORT}</arg>
<arg>AND</arg>
<arg>SSHLibrary.Open connection</arg>
<arg>&amp;{connection_args}</arg>
<arg>ELSE</arg>
<arg>Run Keyword</arg>
<arg>SSHLibrary.Open connection</arg>
<arg>&amp;{connection_args}</arg>
</arguments>
<kw name="Run Keywords" library="BuiltIn">
<doc>Executes all the given keywords in a sequence.</doc>
<arguments>
<arg>Set To Dictionary</arg>
<arg>${connection_args}</arg>
<arg>port=${SSH_PORT}</arg>
<arg>AND</arg>
<arg>SSHLibrary.Open connection</arg>
<arg>&amp;{connection_args}</arg>
</arguments>
<kw name="Set To Dictionary" library="Collections">
<doc>Adds the given ``key_value_pairs`` and ``items`` to the ``dictionary``.</doc>
<arguments>
<arg>${connection_args}</arg>
<arg>port=${SSH_PORT}</arg>
</arguments>
<status starttime="20170629 21:26:49.665" status="PASS" endtime="20170629 21:26:49.666"></status>
</kw>
<kw name="Open Connection" library="SSHLibrary">
<doc>Opens a new SSH connection to the given `host` and `port`.</doc>
<arguments>
<arg>&amp;{connection_args}</arg>
</arguments>
<status starttime="20170629 21:26:49.666" status="PASS" endtime="20170629 21:26:49.667"></status>
</kw>
<status starttime="20170629 21:26:49.665" status="PASS" endtime="20170629 21:26:49.667"></status>
</kw>
<status starttime="20170629 21:26:49.664" status="PASS" endtime="20170629 21:26:49.667"></status>
</kw>
<kw name="Login" library="SSHLibrary">
<doc>Logs into the SSH server with the given `username` and `password`.</doc>
<arguments>
<arg>${username}</arg>
<arg>${password}</arg>
</arguments>
<msg level="INFO" timestamp="20170629 21:26:49.667">Logging into '9.3.21.61:22' as 'root'.</msg>
<msg level="INFO" timestamp="20170629 21:26:51.413">Read output: root@witherspoon:~#</msg>
<status starttime="20170629 21:26:49.667" status="PASS" endtime="20170629 21:26:51.413"></status>
</kw>
<status starttime="20170629 21:26:49.656" status="PASS" endtime="20170629 21:26:51.414"></status>
</kw>
<kw name="Execute Command On BMC" library="utils">
<doc>Execute given command on BMC and return output.</doc>
<arguments>
<arg>echo '/tmp/core_%e.%p' | tee /proc/sys/kernel/core_pattern</arg>
</arguments>
<assign>
<var>${core_pattern}</var>
</assign>
<kw name="Execute Command" library="SSHLibrary">
<doc>Executes `command` on the remote machine and returns its outputs.</doc>
<arguments>
<arg>${command}</arg>
<arg>return_stderr=True</arg>
</arguments>
<assign>
<var>${stdout}</var>
<var>${stderr}</var>
</assign>
<msg level="INFO" timestamp="20170629 21:26:51.414">Executing command 'echo '/tmp/core_%e.%p' | tee /proc/sys/kernel/core_pattern'.</msg>
<msg level="INFO" timestamp="20170629 21:26:51.491">Command exited with return code 0.</msg>
<msg level="INFO" timestamp="20170629 21:26:51.491">${stdout} = /tmp/core_%e.%p</msg>
<msg level="INFO" timestamp="20170629 21:26:51.491">${stderr} = </msg>
<status starttime="20170629 21:26:51.414" status="PASS" endtime="20170629 21:26:51.491"></status>
</kw>
<kw name="Should Be Empty" library="BuiltIn">
<doc>Verifies that the given item is empty.</doc>
<arguments>
<arg>${stderr}</arg>
</arguments>
<msg level="INFO" timestamp="20170629 21:26:51.492">Length is 0</msg>
<status starttime="20170629 21:26:51.491" status="PASS" endtime="20170629 21:26:51.492"></status>
</kw>
<msg level="INFO" timestamp="20170629 21:26:51.492">${core_pattern} = /tmp/core_%e.%p</msg>
<status starttime="20170629 21:26:51.414" status="PASS" endtime="20170629 21:26:51.492"></status>
</kw>
<kw name="Should Be Equal As Strings" library="BuiltIn">
<doc>Fails if objects are unequal after converting them to strings.</doc>
<arguments>
<arg>${core_pattern}</arg>
<arg>/tmp/core_%e.%p</arg>
</arguments>
<status starttime="20170629 21:26:51.492" status="PASS" endtime="20170629 21:26:51.493"></status>
</kw>
<status starttime="20170629 21:26:49.655" status="PASS" endtime="20170629 21:26:51.493"></status>
</kw>
<status starttime="20170629 21:26:49.655" status="PASS" endtime="20170629 21:26:51.493"></status>
</kw>
<kw name="Run Keyword If" library="BuiltIn">
<doc>Runs the given keyword with the given arguments, if ``condition`` is true.</doc>
<arguments>
<arg>'${DEBUG_TARBALL_PATH}' != '${EMPTY}'</arg>
<arg>Run Keyword And Ignore Error</arg>
<arg>Install Debug Tarball On BMC</arg>
<arg>${DEBUG_TARBALL_PATH}</arg>
</arguments>
<status starttime="20170629 21:26:51.493" status="PASS" endtime="20170629 21:26:51.493"></status>
</kw>
<status starttime="20170629 21:26:45.815" status="PASS" endtime="20170629 21:26:51.493"></status>
</kw>
<suite id="s1-s1" source="/tmp/fspcibld/23280/obmc-robot/tests/security" name="Security">
<suite id="s1-s1-s1" source="/tmp/fspcibld/23280/obmc-robot/tests/security/test_ssl.robot" name="Test Ssl">
<test id="s1-s1-s1-t1" name="Test SSL Connection">
<kw name="Initialize OpenBMC" library="rest_client">
<kw name="Wait Until Keyword Succeeds" library="BuiltIn">
<doc>Runs the specified keyword and retries if it fails.</doc>
<arguments>
<arg>40 sec</arg>
<arg>20 sec</arg>
<arg>Post Login Request</arg>
<arg>${timeout}</arg>
<arg>${quiet}</arg>
</arguments>
<kw name="Post Login Request" library="rest_client">
<arguments>
<arg>${timeout}</arg>
<arg>${quiet}</arg>
</arguments>
<kw name="Create Session" library="RequestsLibrary.RequestsKeywords">
<doc>Create Session: create a HTTP session to a server</doc>
<arguments>
<arg>openbmc</arg>
<arg>${AUTH_URI}</arg>
<arg>timeout=${timeout}</arg>
<arg>max_retries=3</arg>
</arguments>
<msg level="INFO" timestamp="20170629 21:26:51.570">Creating Session using : alias=openbmc, url=https://9.3.21.61:443, headers={},                     cookies=None, auth=None, timeout=20, proxies=None, verify=False,                     debug=0 </msg>
<status starttime="20170629 21:26:51.570" status="PASS" endtime="20170629 21:26:51.571"></status>
</kw>
<kw name="Create Dictionary" library="BuiltIn">
<doc>Creates and returns a dictionary based on the given ``items``.</doc>
<arguments>
<arg>Content-Type=application/json</arg>
</arguments>
<assign>
<var>${headers}</var>
</assign>
<msg level="INFO" timestamp="20170629 21:26:51.571">${headers} = {u'Content-Type': u'application/json'}</msg>
<status starttime="20170629 21:26:51.571" status="PASS" endtime="20170629 21:26:51.571"></status>
</kw>
<kw name="Create List" library="BuiltIn">
<doc>Returns a list containing given items.</doc>
<arguments>
<arg>${OPENBMC_USERNAME}</arg>
<arg>${OPENBMC_PASSWORD}</arg>
</arguments>
<assign>
<var>@{credentials}</var>
</assign>
<msg level="INFO" timestamp="20170629 21:26:51.572">@{credentials} = [ root | 0penBmc ]</msg>
<status starttime="20170629 21:26:51.572" status="PASS" endtime="20170629 21:26:51.572"></status>
</kw>
<kw name="Create Dictionary" library="BuiltIn">
<doc>Creates and returns a dictionary based on the given ``items``.</doc>
<arguments>
<arg>data=@{credentials}</arg>
</arguments>
<assign>
<var>${data}</var>
</assign>
<msg level="INFO" timestamp="20170629 21:26:51.573">${data} = {u'data': [u'root', u'0penBmc']}</msg>
<status starttime="20170629 21:26:51.572" status="PASS" endtime="20170629 21:26:51.573"></status>
</kw>
<kw name="Run Keyword And Ignore Error" library="BuiltIn">
<doc>Runs the given keyword with the given arguments and ignores possible error.</doc>
<arguments>
<arg>Post Request</arg>
<arg>openbmc</arg>
<arg>/login</arg>
<arg>data=${data}</arg>
<arg>headers=${headers}</arg>
</arguments>
<assign>
<var>${status}</var>
<var>${resp}</var>
</assign>
<kw name="Post Request" library="RequestsLibrary.RequestsKeywords">
<doc>Send a POST request on the session object found using the</doc>
<arguments>
<arg>openbmc</arg>
<arg>/login</arg>
<arg>data=${data}</arg>
<arg>headers=${headers}</arg>
</arguments>
<msg level="INFO" timestamp="20170629 21:26:51.780">Post Request using : alias=openbmc, uri=/login, data={"data": ["root", "0penBmc"]}, headers={u'Content-Type': u'application/json'}, files=None, allow_redirects=True </msg>
<status starttime="20170629 21:26:51.573" status="PASS" endtime="20170629 21:26:51.781"></status>
</kw>
<msg level="INFO" timestamp="20170629 21:26:51.781">${status} = PASS</msg>
<msg level="INFO" timestamp="20170629 21:26:51.781">${resp} = &lt;Response [200]&gt;</msg>
<status starttime="20170629 21:26:51.573" status="PASS" endtime="20170629 21:26:51.781"></status>
</kw>
<kw name="Should Be Equal" library="BuiltIn">
<doc>Fails if the given objects are unequal.</doc>
<arguments>
<arg>${status}</arg>
<arg>PASS</arg>
<arg>msg=${resp}</arg>
</arguments>
<msg level="INFO" timestamp="20170629 21:26:51.782">Argument types are:
&lt;type 'str'&gt;
&lt;type 'unicode'&gt;</msg>
<status starttime="20170629 21:26:51.781" status="PASS" endtime="20170629 21:26:51.782"></status>
</kw>
<kw name="Should Be Equal As Strings" library="BuiltIn">
<doc>Fails if objects are unequal after converting them to strings.</doc>
<arguments>
<arg>${resp.status_code}</arg>
<arg>${HTTP_OK}</arg>
</arguments>
<msg level="INFO" timestamp="20170629 21:26:51.782">Argument types are:
&lt;type 'int'&gt;
&lt;type 'unicode'&gt;</msg>
<status starttime="20170629 21:26:51.782" status="PASS" endtime="20170629 21:26:51.782"></status>
</kw>
<status starttime="20170629 21:26:51.569" status="PASS" endtime="20170629 21:26:51.782"></status>
</kw>
<status starttime="20170629 21:26:51.569" status="PASS" endtime="20170629 21:26:51.783"></status>
</kw>
<status starttime="20170629 21:26:51.568" status="PASS" endtime="20170629 21:26:51.783"></status>
</kw>
<kw type="teardown" name="FFDC On Test Case Fail" library="openbmc_ffdc">
<doc>Generic FFDC entry point. Place holder to hook in</doc>
<kw name="Is Host Quiesced" library="state_manager">
<doc>Check if host state is quiesced.</doc>
<assign>
<var>${status}</var>
</assign>
<kw name="Get Host State" library="state_manager">
<doc>Return the state of the host as a string.</doc>
<assign>
<var>${host_state}</var>
</assign>
<kw name="Read Attribute" library="rest_client">
<arguments>
<arg>${HOST_STATE_URI}</arg>
<arg>CurrentHostState</arg>
<arg>quiet=${quiet}</arg>
</arguments>
<assign>
<var>${state}</var>
</assign>
<kw name="OpenBMC Get Request" library="rest_client">
<arguments>
<arg>${uri}/attr/${attr}</arg>
<arg>timeout=${timeout}</arg>
<arg>quiet=${quiet}</arg>
</arguments>
<assign>
<var>${resp}</var>
</assign>
<kw name="Initialize OpenBMC" library="rest_client">
<arguments>
<arg>${timeout}</arg>
<arg>quiet=${quiet}</arg>
</arguments>
<kw name="Wait Until Keyword Succeeds" library="BuiltIn">
<doc>Runs the specified keyword and retries if it fails.</doc>
<arguments>
<arg>40 sec</arg>
<arg>20 sec</arg>
<arg>Post Login Request</arg>
<arg>${timeout}</arg>
<arg>${quiet}</arg>
</arguments>
<kw name="Post Login Request" library="rest_client">
<arguments>
<arg>${timeout}</arg>
<arg>${quiet}</arg>
</arguments>
<kw name="Create Session" library="RequestsLibrary.RequestsKeywords">
<doc>Create Session: create a HTTP session to a server</doc>
<arguments>
<arg>openbmc</arg>
<arg>${AUTH_URI}</arg>
<arg>timeout=${timeout}</arg>
<arg>max_retries=3</arg>
</arguments>
<msg level="INFO" timestamp="20170629 21:26:51.788">Creating Session using : alias=openbmc, url=https://9.3.21.61:443, headers={},                     cookies=None, auth=None, timeout=10, proxies=None, verify=False,                     debug=0 </msg>
<status starttime="20170629 21:26:51.788" status="PASS" endtime="20170629 21:26:51.789"></status>
</kw>
<kw name="Create Dictionary" library="BuiltIn">
<doc>Creates and returns a dictionary based on the given ``items``.</doc>
<arguments>
<arg>Content-Type=application/json</arg>
</arguments>
<assign>
<var>${headers}</var>
</assign>
<msg level="INFO" timestamp="20170629 21:26:51.789">${headers} = {u'Content-Type': u'application/json'}</msg>
<status starttime="20170629 21:26:51.789" status="PASS" endtime="20170629 21:26:51.789"></status>
</kw>
<kw name="Create List" library="BuiltIn">
<doc>Returns a list containing given items.</doc>
<arguments>
<arg>${OPENBMC_USERNAME}</arg>
<arg>${OPENBMC_PASSWORD}</arg>
</arguments>
<assign>
<var>@{credentials}</var>
</assign>
<msg level="INFO" timestamp="20170629 21:26:51.790">@{credentials} = [ root | 0penBmc ]</msg>
<status starttime="20170629 21:26:51.790" status="PASS" endtime="20170629 21:26:51.790"></status>
</kw>
<kw name="Create Dictionary" library="BuiltIn">
<doc>Creates and returns a dictionary based on the given ``items``.</doc>
<arguments>
<arg>data=@{credentials}</arg>
</arguments>
<assign>
<var>${data}</var>
</assign>
<msg level="INFO" timestamp="20170629 21:26:51.791">${data} = {u'data': [u'root', u'0penBmc']}</msg>
<status starttime="20170629 21:26:51.790" status="PASS" endtime="20170629 21:26:51.791"></status>
</kw>
<kw name="Run Keyword And Ignore Error" library="BuiltIn">
<doc>Runs the given keyword with the given arguments and ignores possible error.</doc>
<arguments>
<arg>Post Request</arg>
<arg>openbmc</arg>
<arg>/login</arg>
<arg>data=${data}</arg>
<arg>headers=${headers}</arg>
</arguments>
<assign>
<var>${status}</var>
<var>${resp}</var>
</assign>
<kw name="Post Request" library="RequestsLibrary.RequestsKeywords">
<doc>Send a POST request on the session object found using the</doc>
<arguments>
<arg>openbmc</arg>
<arg>/login</arg>
<arg>data=${data}</arg>
<arg>headers=${headers}</arg>
</arguments>
<msg level="INFO" timestamp="20170629 21:26:51.976">Post Request using : alias=openbmc, uri=/login, data={"data": ["root", "0penBmc"]}, headers={u'Content-Type': u'application/json'}, files=None, allow_redirects=True </msg>
<status starttime="20170629 21:26:51.791" status="PASS" endtime="20170629 21:26:51.976"></status>
</kw>
<msg level="INFO" timestamp="20170629 21:26:51.976">${status} = PASS</msg>
<msg level="INFO" timestamp="20170629 21:26:51.977">${resp} = &lt;Response [200]&gt;</msg>
<status starttime="20170629 21:26:51.791" status="PASS" endtime="20170629 21:26:51.977"></status>
</kw>
<kw name="Should Be Equal" library="BuiltIn">
<doc>Fails if the given objects are unequal.</doc>
<arguments>
<arg>${status}</arg>
<arg>PASS</arg>
<arg>msg=${resp}</arg>
</arguments>
<msg level="INFO" timestamp="20170629 21:26:51.977">Argument types are:
&lt;type 'str'&gt;
&lt;type 'unicode'&gt;</msg>
<status starttime="20170629 21:26:51.977" status="PASS" endtime="20170629 21:26:51.977"></status>
</kw>
<kw name="Should Be Equal As Strings" library="BuiltIn">
<doc>Fails if objects are unequal after converting them to strings.</doc>
<arguments>
<arg>${resp.status_code}</arg>
<arg>${HTTP_OK}</arg>
</arguments>
<msg level="INFO" timestamp="20170629 21:26:51.978">Argument types are:
&lt;type 'int'&gt;
&lt;type 'unicode'&gt;</msg>
<status starttime="20170629 21:26:51.978" status="PASS" endtime="20170629 21:26:51.978"></status>
</kw>
<status starttime="20170629 21:26:51.787" status="PASS" endtime="20170629 21:26:51.978"></status>
</kw>
<status starttime="20170629 21:26:51.787" status="PASS" endtime="20170629 21:26:51.978"></status>
</kw>
<status starttime="20170629 21:26:51.786" status="PASS" endtime="20170629 21:26:51.978"></status>
</kw>
<kw name="Catenate" library="BuiltIn">
<doc>Catenates the given items together and returns the resulted string.</doc>
<arguments>
<arg>SEPARATOR=</arg>
<arg>${DBUS_PREFIX}</arg>
<arg>${uri}</arg>
</arguments>
<assign>
<var>${base_uri}</var>
</assign>
<msg level="INFO" timestamp="20170629 21:26:51.979">${base_uri} = /xyz/openbmc_project/state/host0//attr/CurrentHostState</msg>
<status starttime="20170629 21:26:51.979" status="PASS" endtime="20170629 21:26:51.979"></status>
</kw>
<kw name="Run Keyword If" library="BuiltIn">
<doc>Runs the given keyword with the given arguments, if ``condition`` is true.</doc>
<arguments>
<arg>'${quiet}' == '${0}'</arg>
<arg>Log Request</arg>
<arg>method=Get</arg>
<arg>base_uri=${base_uri}</arg>
<arg>args=&amp;{kwargs}</arg>
</arguments>
<kw name="Log Request" library="rest_client">
<arguments>
<arg>method=Get</arg>
<arg>base_uri=${base_uri}</arg>
<arg>args=&amp;{kwargs}</arg>
</arguments>
<kw name="Catenate" library="BuiltIn">
<doc>Catenates the given items together and returns the resulted string.</doc>
<arguments>
<arg>SEPARATOR=</arg>
<arg>URI:</arg>
<arg>${AUTH_URI}</arg>
<arg>${kwargs["base_uri"]}</arg>
<arg>, method:</arg>
<arg>${kwargs["method"]}</arg>
<arg>, args:</arg>
<arg>${kwargs["args"]}</arg>
</arguments>
<assign>
<var>${msg}</var>
</assign>
<msg level="INFO" timestamp="20170629 21:26:51.981">${msg} = URI:https://9.3.21.61:443/xyz/openbmc_project/state/host0//attr/CurrentHostState, method:Get, args:{}</msg>
<status starttime="20170629 21:26:51.980" status="PASS" endtime="20170629 21:26:51.981"></status>
</kw>
<kw name="Logging" library="rest_client">
<arguments>
<arg>${msg}</arg>
<arg>console=True</arg>
</arguments>
<kw name="Log" library="BuiltIn">
<doc>Logs the given message with the given level.</doc>
<arguments>
<arg>${msg}</arg>
<arg>console=True</arg>
</arguments>
<msg level="INFO" timestamp="20170629 21:26:51.982">URI:https://9.3.21.61:443/xyz/openbmc_project/state/host0//attr/CurrentHostState, method:Get, args:{}</msg>
<status starttime="20170629 21:26:51.982" status="PASS" endtime="20170629 21:26:51.982"></status>
</kw>
<status starttime="20170629 21:26:51.981" status="PASS" endtime="20170629 21:26:51.982"></status>
</kw>
<status starttime="20170629 21:26:51.980" status="PASS" endtime="20170629 21:26:51.982"></status>
</kw>
<status starttime="20170629 21:26:51.979" status="PASS" endtime="20170629 21:26:51.983"></status>
</kw>
<kw name="Get Request" library="RequestsLibrary.RequestsKeywords">
<doc>Send a GET request on the session object found using the</doc>
<arguments>
<arg>openbmc</arg>
<arg>${base_uri}</arg>
<arg>&amp;{kwargs}</arg>
<arg>timeout=${timeout}</arg>
</arguments>
<assign>
<var>${ret}</var>
</assign>
<msg level="INFO" timestamp="20170629 21:26:52.045">Get Request using : alias=openbmc, uri=/xyz/openbmc_project/state/host0//attr/CurrentHostState, headers=None json=None</msg>
<msg level="INFO" timestamp="20170629 21:26:52.045">${ret} = &lt;Response [200]&gt;</msg>
<status starttime="20170629 21:26:51.983" status="PASS" endtime="20170629 21:26:52.046"></status>
</kw>
<kw name="Run Keyword If" library="BuiltIn">
<doc>Runs the given keyword with the given arguments, if ``condition`` is true.</doc>
<arguments>
<arg>'${quiet}' == '${0}'</arg>
<arg>Log Response</arg>
<arg>${ret}</arg>
</arguments>
<kw name="Log Response" library="rest_client">
<arguments>
<arg>${ret}</arg>
</arguments>
<kw name="Catenate" library="BuiltIn">
<doc>Catenates the given items together and returns the resulted string.</doc>
<arguments>
<arg>SEPARATOR=</arg>
<arg>Response code:</arg>
<arg>${resp.status_code}</arg>
<arg>, Content:</arg>
<arg>${resp.content}</arg>
</arguments>
<assign>
<var>${msg}</var>
</assign>
<msg level="INFO" timestamp="20170629 21:26:52.048">${msg} = Response code:200, Content:{
  "data": "xyz.openbmc_project.State.Host.HostState.Off", 
  "message": "200 OK", 
  "status": "ok"
}</msg>
<status starttime="20170629 21:26:52.047" status="PASS" endtime="20170629 21:26:52.048"></status>
</kw>
<kw name="Logging" library="rest_client">
<arguments>
<arg>${msg}</arg>
<arg>console=True</arg>
</arguments>
<kw name="Log" library="BuiltIn">
<doc>Logs the given message with the given level.</doc>
<arguments>
<arg>${msg}</arg>
<arg>console=True</arg>
</arguments>
<msg level="INFO" timestamp="20170629 21:26:52.049">Response code:200, Content:{
  "data": "xyz.openbmc_project.State.Host.HostState.Off", 
  "message": "200 OK", 
  "status": "ok"
}</msg>
<status starttime="20170629 21:26:52.049" status="PASS" endtime="20170629 21:26:52.049"></status>
</kw>
<status starttime="20170629 21:26:52.048" status="PASS" endtime="20170629 21:26:52.049"></status>
</kw>
<status starttime="20170629 21:26:52.046" status="PASS" endtime="20170629 21:26:52.049"></status>
</kw>
<status starttime="20170629 21:26:52.046" status="PASS" endtime="20170629 21:26:52.049"></status>
</kw>
<msg level="INFO" timestamp="20170629 21:26:52.050">${resp} = &lt;Response [200]&gt;</msg>
<status starttime="20170629 21:26:51.785" status="PASS" endtime="20170629 21:26:52.050"></status>
</kw>
<kw name="Should Be Equal As Strings" library="BuiltIn">
<doc>Fails if objects are unequal after converting them to strings.</doc>
<arguments>
<arg>${resp.status_code}</arg>
<arg>${HTTP_OK}</arg>
</arguments>
<msg level="INFO" timestamp="20170629 21:26:52.050">Argument types are:
&lt;type 'int'&gt;
&lt;type 'unicode'&gt;</msg>
<status starttime="20170629 21:26:52.050" status="PASS" endtime="20170629 21:26:52.050"></status>
</kw>
<kw name="To Json" library="RequestsLibrary.RequestsKeywords">
<doc>Convert a string to a JSON object</doc>
<arguments>
<arg>${resp.content}</arg>
</arguments>
<assign>
<var>${content}</var>
</assign>
<msg level="INFO" timestamp="20170629 21:26:52.051">To JSON using : content={
  "data": "xyz.openbmc_project.State.Host.HostState.Off", 
  "message": "200 OK", 
  "status": "ok"
} </msg>
<msg level="INFO" timestamp="20170629 21:26:52.051">To JSON using : pretty_print=False </msg>
<msg level="INFO" timestamp="20170629 21:26:52.051">${content} = {u'data': u'xyz.openbmc_project.State.Host.HostState.Off', u'status': u'ok', u'message': u'200 OK'}</msg>
<status starttime="20170629 21:26:52.050" status="PASS" endtime="20170629 21:26:52.051"></status>
</kw>
<msg level="INFO" timestamp="20170629 21:26:52.051">${state} = xyz.openbmc_project.State.Host.HostState.Off</msg>
<status starttime="20170629 21:26:51.784" status="PASS" endtime="20170629 21:26:52.051"></status>
</kw>
<msg level="INFO" timestamp="20170629 21:26:52.052">${host_state} = Off</msg>
<status starttime="20170629 21:26:51.784" status="PASS" endtime="20170629 21:26:52.052"></status>
</kw>
<kw name="Run Keyword And Return Status" library="BuiltIn">
<doc>Runs the given keyword with given arguments and returns the status as a Boolean value.</doc>
<arguments>
<arg>Should Be Equal</arg>
<arg>${host_state}</arg>
<arg>Quiesced</arg>
</arguments>
<assign>
<var>${status}</var>
</assign>
<kw name="Should Be Equal" library="BuiltIn">
<doc>Fails if the given objects are unequal.</doc>
<arguments>
<arg>${host_state}</arg>
<arg>Quiesced</arg>
</arguments>
<msg level="FAIL" timestamp="20170629 21:26:52.053">Off != Quiesced</msg>
<status starttime="20170629 21:26:52.052" status="FAIL" endtime="20170629 21:26:52.053"></status>
</kw>
<msg level="INFO" timestamp="20170629 21:26:52.053">${status} = False</msg>
<status starttime="20170629 21:26:52.052" status="PASS" endtime="20170629 21:26:52.053"></status>
</kw>
<msg level="INFO" timestamp="20170629 21:26:52.053">${status} = False</msg>
<status starttime="20170629 21:26:51.783" status="PASS" endtime="20170629 21:26:52.053"></status>
</kw>
<kw name="Run Keyword If" library="BuiltIn">
<doc>Runs the given keyword with the given arguments, if ``condition`` is true.</doc>
<arguments>
<arg>'${TEST_STATUS}' == 'FAIL' or '${status}'=='True'</arg>
<arg>FFDC</arg>
</arguments>
<status starttime="20170629 21:26:52.053" status="PASS" endtime="20170629 21:26:52.054"></status>
</kw>
<kw name="Run Keyword If" library="BuiltIn">
<doc>Runs the given keyword with the given arguments, if ``condition`` is true.</doc>
<arguments>
<arg>'${status}'=='True'</arg>
<arg>Recover Quiesced Host</arg>
</arguments>
<status starttime="20170629 21:26:52.054" status="PASS" endtime="20170629 21:26:52.054"></status>
</kw>
<kw name="Log Test Case Status" library="openbmc_ffdc_methods">
<doc>Test case execution result history.</doc>
<kw name="Get Variable Value" library="BuiltIn">
<doc>Returns variable value or ``default`` if the variable does not exist.</doc>
<arguments>
<arg>${FFDC_DIR_PATH_STYLE}</arg>
<arg>${EMPTY}</arg>
</arguments>
<assign>
<var>${FFDC_DIR_PATH_STYLE}</var>
</assign>
<msg level="INFO" timestamp="20170629 21:26:52.063">${FFDC_DIR_PATH_STYLE} = </msg>
<status starttime="20170629 21:26:52.055" status="PASS" endtime="20170629 21:26:52.063"></status>
</kw>
<kw name="Get Variable Value" library="BuiltIn">
<doc>Returns variable value or ``default`` if the variable does not exist.</doc>
<arguments>
<arg>${FFDC_DIR_PATH}</arg>
<arg>${EMPTY}</arg>
</arguments>
<assign>
<var>${FFDC_DIR_PATH}</var>
</assign>
<msg level="INFO" timestamp="20170629 21:26:52.070">${FFDC_DIR_PATH} = </msg>
<status starttime="20170629 21:26:52.063" status="PASS" endtime="20170629 21:26:52.070"></status>
</kw>
<kw name="Run Keyword If" library="BuiltIn">
<doc>Runs the given keyword with the given arguments, if ``condition`` is true.</doc>
<arguments>
<arg>'${FFDC_DIR_PATH}' == '${EMPTY}'</arg>
<arg>Set FFDC Defaults</arg>
</arguments>
<kw name="Set Ffdc Defaults" library="openbmc_ffdc">
<doc>Set a default value for ffdc_dir_path and ffdc_prefix if they don't</doc>
<kw name="Get Current Time Stamp" library="openbmc_ffdc_utils">
<doc>Get the current time stamp data</doc>
<kw name="Get Current Date" library="DateTime">
<doc>Returns current local or UTC time with an optional increment.</doc>
<arguments>
<arg>result_format=%Y-%m-%d %H:%M:%S:%f</arg>
</arguments>
<assign>
<var>${cur_time}</var>
</assign>
<msg level="INFO" timestamp="20170629 21:26:52.073">${cur_time} = 2017-06-29 21:26:52:072770</msg>
<status starttime="20170629 21:26:52.073" status="PASS" endtime="20170629 21:26:52.073"></status>
</kw>
<kw name="Get Strip String" library="openbmc_ffdc_list">
<doc>########################################################################</doc>
<arguments>
<arg>${cur_time}</arg>
</arguments>
<assign>
<var>${cur_time}</var>
</assign>
<msg level="INFO" timestamp="20170629 21:26:52.074">${cur_time} = 20170629212652072770</msg>
<status starttime="20170629 21:26:52.073" status="PASS" endtime="20170629 21:26:52.074"></status>
</kw>
<status starttime="20170629 21:26:52.072" status="PASS" endtime="20170629 21:26:52.074"></status>
</kw>
<msg level="INFO" timestamp="20170629 21:26:52.080">${FFDC_TIME} = 20170629212652072770</msg>
<kw name="Get Test Dir and Name" library="openbmc_ffdc_utils">
<doc>SUITE_NAME and TEST_NAME are automatic variables</doc>
<kw name="Get Strip String" library="openbmc_ffdc_list">
<doc>########################################################################</doc>
<arguments>
<arg>${SUITE_NAME}</arg>
</arguments>
<assign>
<var>${suite_name}</var>
</assign>
<msg level="INFO" timestamp="20170629 21:26:52.081">${suite_name} = TestsSecurityTestSsl</msg>
<status starttime="20170629 21:26:52.081" status="PASS" endtime="20170629 21:26:52.081"></status>
</kw>
<kw name="Catenate" library="BuiltIn">
<doc>Catenates the given items together and returns the resulted string.</doc>
<arguments>
<arg>SEPARATOR=</arg>
<arg>${FFDC_TIME}_</arg>
<arg>${suite_name}</arg>
</arguments>
<assign>
<var>${suite_name}</var>
</assign>
<msg level="INFO" timestamp="20170629 21:26:52.082">${suite_name} = 20170629212652072770_TestsSecurityTestSsl</msg>
<status starttime="20170629 21:26:52.081" status="PASS" endtime="20170629 21:26:52.082"></status>
</kw>
<kw name="Get Strip String" library="openbmc_ffdc_list">
<doc>########################################################################</doc>
<arguments>
<arg>${TEST_NAME}</arg>
</arguments>
<assign>
<var>${test_name}</var>
</assign>
<msg level="INFO" timestamp="20170629 21:26:52.082">${test_name} = TestSSLConnection</msg>
<status starttime="20170629 21:26:52.082" status="PASS" endtime="20170629 21:26:52.082"></status>
</kw>
<kw name="Catenate" library="BuiltIn">
<doc>Catenates the given items together and returns the resulted string.</doc>
<arguments>
<arg>SEPARATOR=</arg>
<arg>${FFDC_TIME}_</arg>
<arg>${test_name}</arg>
</arguments>
<assign>
<var>${test_name}</var>
</assign>
<msg level="INFO" timestamp="20170629 21:26:52.083">${test_name} = 20170629212652072770_TestSSLConnection</msg>
<status starttime="20170629 21:26:52.083" status="PASS" endtime="20170629 21:26:52.083"></status>
</kw>
<status starttime="20170629 21:26:52.080" status="PASS" endtime="20170629 21:26:52.083"></status>
</kw>
<msg level="INFO" timestamp="20170629 21:26:52.084">${FFDC_DIR_PATH} = /tmp/fspcibld/23280/obmc-robot/logs/20170629212652072770_TestsSecurityTestSsl/20170629212652072770_TestSSLConnection/</msg>
<msg level="INFO" timestamp="20170629 21:26:52.088">${FFDC_PREFIX} = 20170629212652072770_</msg>
<status starttime="20170629 21:26:52.071" status="PASS" endtime="20170629 21:26:52.088"></status>
</kw>
<status starttime="20170629 21:26:52.071" status="PASS" endtime="20170629 21:26:52.088"></status>
</kw>
<kw name="Run Keyword If" library="BuiltIn">
<doc>Runs the given keyword with the given arguments, if ``condition`` is true.</doc>
<arguments>
<arg>'${FFDC_DIR_PATH_STYLE}' == '${1}'</arg>
<arg>Run Keywords</arg>
<arg>Set Global Variable</arg>
<arg>${FFDC_LOG_PATH}</arg>
<arg>${FFDC_DIR_PATH}</arg>
<arg>AND</arg>
<arg>Set Global Variable</arg>
<arg>${TEST_HISTORY}</arg>
<arg>${FFDC_DIR_PATH}test_history.txt</arg>
</arguments>
<status starttime="20170629 21:26:52.088" status="PASS" endtime="20170629 21:26:52.089"></status>
</kw>
<kw name="Create Directory" library="OperatingSystem">
<doc>Creates the specified directory.</doc>
<arguments>
<arg>${FFDC_LOG_PATH}</arg>
</arguments>
<msg level="INFO" timestamp="20170629 21:26:52.089" html="yes">Created directory '&lt;a href="file:///tmp/fspcibld/23280/obmc-robot/logs"&gt;/tmp/fspcibld/23280/obmc-robot/logs&lt;/a&gt;'.</msg>
<status starttime="20170629 21:26:52.089" status="PASS" endtime="20170629 21:26:52.089"></status>
</kw>
<kw name="Run Keyword And Return Status" library="BuiltIn">
<doc>Runs the given keyword with given arguments and returns the status as a Boolean value.</doc>
<arguments>
<arg>OperatingSystem.File Should Exist</arg>
<arg>${TEST_HISTORY}</arg>
</arguments>
<assign>
<var>${exist}</var>
</assign>
<kw name="File Should Exist" library="OperatingSystem">
<doc>Fails unless the given ``path`` points to an existing file.</doc>
<arguments>
<arg>${TEST_HISTORY}</arg>
</arguments>
<msg level="FAIL" timestamp="20170629 21:26:52.090">File '/tmp/fspcibld/23280/obmc-robot/logs/test_history.txt' does not exist.</msg>
<status starttime="20170629 21:26:52.090" status="FAIL" endtime="20170629 21:26:52.090"></status>
</kw>
<msg level="INFO" timestamp="20170629 21:26:52.091">${exist} = False</msg>
<status starttime="20170629 21:26:52.090" status="PASS" endtime="20170629 21:26:52.091"></status>
</kw>
<kw name="Run Keyword If" library="BuiltIn">
<doc>Runs the given keyword with the given arguments, if ``condition`` is true.</doc>
<arguments>
<arg>'${exist}' == '${False}'</arg>
<arg>Create File</arg>
<arg>${TEST_HISTORY}</arg>
</arguments>
<kw name="Create File" library="OperatingSystem">
<doc>Creates a file with the given content and encoding.</doc>
<arguments>
<arg>${TEST_HISTORY}</arg>
</arguments>
<msg level="INFO" timestamp="20170629 21:26:52.092" html="yes">Created file '&lt;a href="file:///tmp/fspcibld/23280/obmc-robot/logs/test_history.txt"&gt;/tmp/fspcibld/23280/obmc-robot/logs/test_history.txt&lt;/a&gt;'.</msg>
<status starttime="20170629 21:26:52.091" status="PASS" endtime="20170629 21:26:52.092"></status>
</kw>
<status starttime="20170629 21:26:52.091" status="PASS" endtime="20170629 21:26:52.092"></status>
</kw>
<kw name="Rpvars" library="gen_robot_print">
<arguments>
<arg>TEST_HISTORY</arg>
</arguments>
<status starttime="20170629 21:26:52.092" status="PASS" endtime="20170629 21:26:52.092"></status>
</kw>
<kw name="Get Current Time Stamp" library="openbmc_ffdc_utils">
<doc>Get the current time stamp data</doc>
<assign>
<var>${cur_time}</var>
</assign>
<kw name="Get Current Date" library="DateTime">
<doc>Returns current local or UTC time with an optional increment.</doc>
<arguments>
<arg>result_format=%Y-%m-%d %H:%M:%S:%f</arg>
</arguments>
<assign>
<var>${cur_time}</var>
</assign>
<msg level="INFO" timestamp="20170629 21:26:52.094">${cur_time} = 2017-06-29 21:26:52:093793</msg>
<status starttime="20170629 21:26:52.093" status="PASS" endtime="20170629 21:26:52.094"></status>
</kw>
<kw name="Get Strip String" library="openbmc_ffdc_list">
<doc>########################################################################</doc>
<arguments>
<arg>${cur_time}</arg>
</arguments>
<assign>
<var>${cur_time}</var>
</assign>
<msg level="INFO" timestamp="20170629 21:26:52.095">${cur_time} = 20170629212652093793</msg>
<status starttime="20170629 21:26:52.094" status="PASS" endtime="20170629 21:26:52.095"></status>
</kw>
<msg level="INFO" timestamp="20170629 21:26:52.095">${cur_time} = 20170629212652093793</msg>
<status starttime="20170629 21:26:52.093" status="PASS" endtime="20170629 21:26:52.095"></status>
</kw>
<kw name="Append To File" library="OperatingSystem">
<doc>Appends the given content to the specified file.</doc>
<arguments>
<arg>${TEST_HISTORY}</arg>
<arg>${cur_time}:${SUITE_NAME}:${TEST_NAME}:${TEST_STATUS}${\n}</arg>
</arguments>
<msg level="INFO" timestamp="20170629 21:26:52.096" html="yes">Appended to file '&lt;a href="file:///tmp/fspcibld/23280/obmc-robot/logs/test_history.txt"&gt;/tmp/fspcibld/23280/obmc-robot/logs/test_history.txt&lt;/a&gt;'.</msg>
<status starttime="20170629 21:26:52.095" status="PASS" endtime="20170629 21:26:52.096"></status>
</kw>
<status starttime="20170629 21:26:52.054" status="PASS" endtime="20170629 21:26:52.096"></status>
</kw>
<status starttime="20170629 21:26:51.783" status="PASS" endtime="20170629 21:26:52.097"></status>
</kw>
<doc>This testcase is for testing the SSL connection to the
OpenBMC machine.</doc>
<tags>
<tag>Test_SSL_Connection</tag>
</tags>
<status starttime="20170629 21:26:51.567" critical="yes" status="PASS" endtime="20170629 21:26:52.097"></status>
</test>
<kw type="teardown" name="Delete All Sessions" library="RequestsLibrary.RequestsKeywords">
<doc>Removes all the session objects</doc>
<msg level="INFO" timestamp="20170629 21:26:52.098">Delete All Sessions</msg>
<status starttime="20170629 21:26:52.097" status="PASS" endtime="20170629 21:26:52.098"></status>
</kw>
<doc>This testsuite is for testing SSL connection to OpenBMC</doc>
<status starttime="20170629 21:26:51.496" status="PASS" endtime="20170629 21:26:52.098"></status>
</suite>
<status starttime="20170629 21:26:51.494" status="PASS" endtime="20170629 21:26:52.100"></status>
</suite>
<suite id="s1-s2" source="/tmp/fspcibld/23280/obmc-robot/tests/test_basic_poweron.robot" name="Test Basic Poweron">
<test id="s1-s2-t1" name="Power On Test">
<kw type="setup" name="Start SOL Console Logging" library="utils">
<doc>Start system console log to file.</doc>
<kw name="Create OS Console File Path" library="utils">
<doc>Create OS console file path name and return it.</doc>
<arguments>
<arg>${log_file_path}</arg>
</arguments>
<assign>
<var>${log_file_path}</var>
</assign>
<kw name="Catenate" library="BuiltIn">
<doc>Catenates the given items together and returns the resulted string.</doc>
<arguments>
<arg>/tmp/${OPENBMC_HOST}_os_console</arg>
</arguments>
<assign>
<var>${default_file_path}</var>
</assign>
<msg level="INFO" timestamp="20170629 21:26:52.133">${default_file_path} = /tmp/9.3.21.61_os_console</msg>
<status starttime="20170629 21:26:52.133" status="PASS" endtime="20170629 21:26:52.133"></status>
</kw>
<kw name="Set Variable If" library="BuiltIn">
<doc>Sets variable based on the given condition.</doc>
<arguments>
<arg>'${log_file_path}' == '${EMPTY}'</arg>
<arg>${default_file_path}</arg>
<arg>${log_file_path}</arg>
</arguments>
<assign>
<var>${log_file_path}</var>
</assign>
<msg level="INFO" timestamp="20170629 21:26:52.134">${log_file_path} = /tmp/9.3.21.61_os_console</msg>
<status starttime="20170629 21:26:52.133" status="PASS" endtime="20170629 21:26:52.134"></status>
</kw>
<msg level="INFO" timestamp="20170629 21:26:52.134">${log_file_path} = /tmp/9.3.21.61_os_console</msg>
<status starttime="20170629 21:26:52.132" status="PASS" endtime="20170629 21:26:52.134"></status>
</kw>
<kw name="Stop SOL Console Logging" library="utils">
<doc>Stop system console logging and return log output.</doc>
<arguments>
<arg>${log_file_path}</arg>
<arg>return_data=${return_data}</arg>
</arguments>
<assign>
<var>${log_output}</var>
</assign>
<kw name="Create OS Console File Path" library="utils">
<doc>Create OS console file path name and return it.</doc>
<arguments>
<arg>${log_file_path}</arg>
</arguments>
<assign>
<var>${log_file_path}</var>
</assign>
<kw name="Catenate" library="BuiltIn">
<doc>Catenates the given items together and returns the resulted string.</doc>
<arguments>
<arg>/tmp/${OPENBMC_HOST}_os_console</arg>
</arguments>
<assign>
<var>${default_file_path}</var>
</assign>
<msg level="INFO" timestamp="20170629 21:26:52.136">${default_file_path} = /tmp/9.3.21.61_os_console</msg>
<status starttime="20170629 21:26:52.136" status="PASS" endtime="20170629 21:26:52.136"></status>
</kw>
<kw name="Set Variable If" library="BuiltIn">
<doc>Sets variable based on the given condition.</doc>
<arguments>
<arg>'${log_file_path}' == '${EMPTY}'</arg>
<arg>${default_file_path}</arg>
<arg>${log_file_path}</arg>
</arguments>
<assign>
<var>${log_file_path}</var>
</assign>
<msg level="INFO" timestamp="20170629 21:26:52.137">${log_file_path} = /tmp/9.3.21.61_os_console</msg>
<status starttime="20170629 21:26:52.136" status="PASS" endtime="20170629 21:26:52.137"></status>
</kw>
<msg level="INFO" timestamp="20170629 21:26:52.137">${log_file_path} = /tmp/9.3.21.61_os_console</msg>
<status starttime="20170629 21:26:52.135" status="PASS" endtime="20170629 21:26:52.137"></status>
</kw>
<kw name="Create OS Console Command String" library="utils">
<doc>Return a command string to start OS console logging.</doc>
<assign>
<var>${search_string}</var>
</assign>
<kw name="Catenate" library="BuiltIn">
<doc>Catenates the given items together and returns the resulted string.</doc>
<arguments>
<arg>which ssh_pw 2&gt;&amp;1</arg>
</arguments>
<assign>
<var>${cmd_buf}</var>
</assign>
<msg level="INFO" timestamp="20170629 21:26:52.138">${cmd_buf} = which ssh_pw 2&gt;&amp;1</msg>
<status starttime="20170629 21:26:52.138" status="PASS" endtime="20170629 21:26:52.138"></status>
</kw>
<kw name="Rdpissuing" library="gen_robot_print">
<arguments>
<arg>${cmd_buf}</arg>
</arguments>
<status starttime="20170629 21:26:52.138" status="PASS" endtime="20170629 21:26:52.138"></status>
</kw>
<kw name="Run And Return Rc And Output" library="OperatingSystem">
<doc>Runs the given command in the system and returns the RC and output.</doc>
<arguments>
<arg>${cmd_buf}</arg>
</arguments>
<assign>
<var>${rc}</var>
<var>${output}</var>
</assign>
<msg level="INFO" timestamp="20170629 21:26:52.143">Running command 'which ssh_pw 2&gt;&amp;1'.</msg>
<msg level="INFO" timestamp="20170629 21:26:52.145">${rc} = 0</msg>
<msg level="INFO" timestamp="20170629 21:26:52.145">${output} = /tmp/fspcibld/23280/obmc-robot/.tox/witherspoon/bin/ssh_pw</msg>
<status starttime="20170629 21:26:52.139" status="PASS" endtime="20170629 21:26:52.145"></status>
</kw>
<kw name="Rdpvars" library="gen_robot_print">
<arguments>
<arg>rc</arg>
<arg>output</arg>
</arguments>
<status starttime="20170629 21:26:52.147" status="PASS" endtime="20170629 21:26:52.148"></status>
</kw>
<kw name="Should Be Equal" library="BuiltIn">
<doc>Fails if the given objects are unequal.</doc>
<arguments>
<arg>${rc}</arg>
<arg>${0}</arg>
<arg>msg=${output}\n</arg>
</arguments>
<status starttime="20170629 21:26:52.148" status="PASS" endtime="20170629 21:26:52.149"></status>
</kw>
<kw name="Catenate" library="BuiltIn">
<doc>Catenates the given items together and returns the resulted string.</doc>
<arguments>
<arg>ssh_pw ${OPENBMC_PASSWORD} -p 2200</arg>
<arg>-o "StrictHostKeyChecking no" ${OPENBMC_USERNAME}@${OPENBMC_HOST}</arg>
</arguments>
<assign>
<var>${cmd_buf}</var>
</assign>
<msg level="INFO" timestamp="20170629 21:26:52.150">${cmd_buf} = ssh_pw 0penBmc -p 2200 -o "StrictHostKeyChecking no" root@9.3.21.61</msg>
<status starttime="20170629 21:26:52.149" status="PASS" endtime="20170629 21:26:52.150"></status>
</kw>
<msg level="INFO" timestamp="20170629 21:26:52.150">${search_string} = ssh_pw 0penBmc -p 2200 -o "StrictHostKeyChecking no" root@9.3.21.61</msg>
<status starttime="20170629 21:26:52.137" status="PASS" endtime="20170629 21:26:52.150"></status>
</kw>
<kw name="Catenate" library="BuiltIn">
<doc>Catenates the given items together and returns the resulted string.</doc>
<arguments>
<arg>echo $(ps -ef | egrep '${search_string}'</arg>
<arg>| egrep -v grep | cut -c10-14)</arg>
</arguments>
<assign>
<var>${cmd_buf}</var>
</assign>
<msg level="INFO" timestamp="20170629 21:26:52.151">${cmd_buf} = echo $(ps -ef | egrep 'ssh_pw 0penBmc -p 2200 -o "StrictHostKeyChecking no" root@9.3.21.61' | egrep -v grep | cut -c10-14)</msg>
<status starttime="20170629 21:26:52.150" status="PASS" endtime="20170629 21:26:52.151"></status>
</kw>
<kw name="Rdpissuing" library="gen_robot_print">
<arguments>
<arg>${cmd_buf}</arg>
</arguments>
<status starttime="20170629 21:26:52.151" status="PASS" endtime="20170629 21:26:52.152"></status>
</kw>
<kw name="Run And Return Rc And Output" library="OperatingSystem">
<doc>Runs the given command in the system and returns the RC and output.</doc>
<arguments>
<arg>${cmd_buf}</arg>
</arguments>
<assign>
<var>${rc}</var>
<var>${os_con_pid}</var>
</assign>
<msg level="INFO" timestamp="20170629 21:26:52.157">Running command 'echo $(ps -ef | egrep 'ssh_pw 0penBmc -p 2200 -o "StrictHostKeyChecking no" root@9.3.21.61' | egrep -v grep | cut -c10-14) 2&gt;&amp;1'.</msg>
<msg level="INFO" timestamp="20170629 21:26:52.166">${rc} = 0</msg>
<msg level="INFO" timestamp="20170629 21:26:52.167">${os_con_pid} = </msg>
<status starttime="20170629 21:26:52.152" status="PASS" endtime="20170629 21:26:52.167"></status>
</kw>
<kw name="Rdpvars" library="gen_robot_print">
<arguments>
<arg>os_con_pid</arg>
</arguments>
<status starttime="20170629 21:26:52.168" status="PASS" endtime="20170629 21:26:52.169"></status>
</kw>
<kw name="Catenate" library="BuiltIn">
<doc>Catenates the given items together and returns the resulted string.</doc>
<arguments>
<arg>kill -9 ${os_con_pid}</arg>
</arguments>
<assign>
<var>${cmd_buf}</var>
</assign>
<msg level="INFO" timestamp="20170629 21:26:52.170">${cmd_buf} = kill -9 </msg>
<status starttime="20170629 21:26:52.169" status="PASS" endtime="20170629 21:26:52.170"></status>
</kw>
<kw name="Run Keyword If" library="BuiltIn">
<doc>Runs the given keyword with the given arguments, if ``condition`` is true.</doc>
<arguments>
<arg>'${os_con_pid}' != '${EMPTY}'</arg>
<arg>Rdpissuing</arg>
<arg>${cmd_buf}</arg>
</arguments>
<status starttime="20170629 21:26:52.170" status="PASS" endtime="20170629 21:26:52.171"></status>
</kw>
<kw name="Run Keyword If" library="BuiltIn">
<doc>Runs the given keyword with the given arguments, if ``condition`` is true.</doc>
<arguments>
<arg>'${os_con_pid}' != '${EMPTY}'</arg>
<arg>Run And Return Rc And Output</arg>
<arg>${cmd_buf}</arg>
</arguments>
<assign>
<var>${rc}</var>
<var>${output}</var>
</assign>
<msg level="INFO" timestamp="20170629 21:26:52.172">${rc} = None</msg>
<msg level="INFO" timestamp="20170629 21:26:52.172">${output} = None</msg>
<status starttime="20170629 21:26:52.171" status="PASS" endtime="20170629 21:26:52.172"></status>
</kw>
<kw name="Run Keyword If" library="BuiltIn">
<doc>Runs the given keyword with the given arguments, if ``condition`` is true.</doc>
<arguments>
<arg>'${os_con_pid}' != '${EMPTY}'</arg>
<arg>Rdpvars</arg>
<arg>rc</arg>
<arg>output</arg>
</arguments>
<status starttime="20170629 21:26:52.172" status="PASS" endtime="20170629 21:26:52.172"></status>
</kw>
<kw name="Run Keyword If" library="BuiltIn">
<doc>Runs the given keyword with the given arguments, if ``condition`` is true.</doc>
<arguments>
<arg>'${targ_file_path}' != '${EMPTY}'</arg>
<arg>Run Keyword And Ignore Error</arg>
<arg>Copy File</arg>
<arg>${log_file_path}</arg>
<arg>${targ_file_path}</arg>
</arguments>
<kw name="Run Keyword And Ignore Error" library="BuiltIn">
<doc>Runs the given keyword with the given arguments and ignores possible error.</doc>
<arguments>
<arg>Copy File</arg>
<arg>${log_file_path}</arg>
<arg>${targ_file_path}</arg>
</arguments>
<kw name="Copy File" library="OperatingSystem">
<doc>Copies the source file into the destination.</doc>
<arguments>
<arg>${log_file_path}</arg>
<arg>${targ_file_path}</arg>
</arguments>
<msg level="FAIL" timestamp="20170629 21:26:52.174">Source file '/tmp/9.3.21.61_os_console' does not exist.</msg>
<status starttime="20170629 21:26:52.174" status="FAIL" endtime="20170629 21:26:52.175"></status>
</kw>
<status starttime="20170629 21:26:52.173" status="PASS" endtime="20170629 21:26:52.175"></status>
</kw>
<status starttime="20170629 21:26:52.173" status="PASS" endtime="20170629 21:26:52.175"></status>
</kw>
<kw name="Set Variable" library="BuiltIn">
<doc>Returns the given values which can then be assigned to a variables.</doc>
<arguments>
<arg>${EMPTY}</arg>
</arguments>
<assign>
<var>${output}</var>
</assign>
<msg level="INFO" timestamp="20170629 21:26:52.175">${output} = </msg>
<status starttime="20170629 21:26:52.175" status="PASS" endtime="20170629 21:26:52.175"></status>
</kw>
<kw name="Evaluate" library="BuiltIn">
<doc>Evaluates the given expression in Python and returns the results.</doc>
<arguments>
<arg>${debug}^1</arg>
</arguments>
<assign>
<var>${loc_quiet}</var>
</assign>
<msg level="INFO" timestamp="20170629 21:26:52.176">${loc_quiet} = 1</msg>
<status starttime="20170629 21:26:52.175" status="PASS" endtime="20170629 21:26:52.176"></status>
</kw>
<kw name="Run Keyword If" library="BuiltIn">
<doc>Runs the given keyword with the given arguments, if ``condition`` is true.</doc>
<arguments>
<arg>'${return_data}' == '${1}'</arg>
<arg>Cmd Fnc</arg>
<arg>cat ${log_file_path}</arg>
<arg>quiet=${loc_quiet}</arg>
<arg>print_output=${0}</arg>
</arguments>
<assign>
<var>${rc}</var>
<var>${output}</var>
</assign>
<kw name="Cmd Fnc" library="gen_cmd">
<doc>Run the given command in a shell and return the shell return code.</doc>
<arguments>
<arg>cat ${log_file_path}</arg>
<arg>quiet=${loc_quiet}</arg>
<arg>print_output=${0}</arg>
</arguments>
<status starttime="20170629 21:26:52.177" status="PASS" endtime="20170629 21:26:52.368"></status>
</kw>
<msg level="INFO" timestamp="20170629 21:26:52.368">${rc} = 1</msg>
<msg level="INFO" timestamp="20170629 21:26:52.368">${output} = cat: /tmp/9.3.21.61_os_console: No such file or directory
</msg>
<status starttime="20170629 21:26:52.176" status="PASS" endtime="20170629 21:26:52.369"></status>
</kw>
<msg level="INFO" timestamp="20170629 21:26:52.369">${log_output} = cat: /tmp/9.3.21.61_os_console: No such file or directory
</msg>
<status starttime="20170629 21:26:52.134" status="PASS" endtime="20170629 21:26:52.369"></status>
</kw>
<kw name="Create File" library="OperatingSystem">
<doc>Creates a file with the given content and encoding.</doc>
<arguments>
<arg>${log_file_path}</arg>
</arguments>
<msg level="INFO" timestamp="20170629 21:26:52.371" html="yes">Created file '&lt;a href="file:///tmp/9.3.21.61_os_console"&gt;/tmp/9.3.21.61_os_console&lt;/a&gt;'.</msg>
<status starttime="20170629 21:26:52.370" status="PASS" endtime="20170629 21:26:52.371"></status>
</kw>
<kw name="Create OS Console Command String" library="utils">
<doc>Return a command string to start OS console logging.</doc>
<assign>
<var>${sub_cmd_buf}</var>
</assign>
<kw name="Catenate" library="BuiltIn">
<doc>Catenates the given items together and returns the resulted string.</doc>
<arguments>
<arg>which ssh_pw 2&gt;&amp;1</arg>
</arguments>
<assign>
<var>${cmd_buf}</var>
</assign>
<msg level="INFO" timestamp="20170629 21:26:52.372">${cmd_buf} = which ssh_pw 2&gt;&amp;1</msg>
<status starttime="20170629 21:26:52.371" status="PASS" endtime="20170629 21:26:52.372"></status>
</kw>
<kw name="Rdpissuing" library="gen_robot_print">
<arguments>
<arg>${cmd_buf}</arg>
</arguments>
<status starttime="20170629 21:26:52.372" status="PASS" endtime="20170629 21:26:52.372"></status>
</kw>
<kw name="Run And Return Rc And Output" library="OperatingSystem">
<doc>Runs the given command in the system and returns the RC and output.</doc>
<arguments>
<arg>${cmd_buf}</arg>
</arguments>
<assign>
<var>${rc}</var>
<var>${output}</var>
</assign>
<msg level="INFO" timestamp="20170629 21:26:52.375">Running command 'which ssh_pw 2&gt;&amp;1'.</msg>
<msg level="INFO" timestamp="20170629 21:26:52.378">${rc} = 0</msg>
<msg level="INFO" timestamp="20170629 21:26:52.378">${output} = /tmp/fspcibld/23280/obmc-robot/.tox/witherspoon/bin/ssh_pw</msg>
<status starttime="20170629 21:26:52.373" status="PASS" endtime="20170629 21:26:52.378"></status>
</kw>
<kw name="Rdpvars" library="gen_robot_print">
<arguments>
<arg>rc</arg>
<arg>output</arg>
</arguments>
<status starttime="20170629 21:26:52.380" status="PASS" endtime="20170629 21:26:52.381"></status>
</kw>
<kw name="Should Be Equal" library="BuiltIn">
<doc>Fails if the given objects are unequal.</doc>
<arguments>
<arg>${rc}</arg>
<arg>${0}</arg>
<arg>msg=${output}\n</arg>
</arguments>
<status starttime="20170629 21:26:52.382" status="PASS" endtime="20170629 21:26:52.382"></status>
</kw>
<kw name="Catenate" library="BuiltIn">
<doc>Catenates the given items together and returns the resulted string.</doc>
<arguments>
<arg>ssh_pw ${OPENBMC_PASSWORD} -p 2200</arg>
<arg>-o "StrictHostKeyChecking no" ${OPENBMC_USERNAME}@${OPENBMC_HOST}</arg>
</arguments>
<assign>
<var>${cmd_buf}</var>
</assign>
<msg level="INFO" timestamp="20170629 21:26:52.383">${cmd_buf} = ssh_pw 0penBmc -p 2200 -o "StrictHostKeyChecking no" root@9.3.21.61</msg>
<status starttime="20170629 21:26:52.383" status="PASS" endtime="20170629 21:26:52.383"></status>
</kw>
<msg level="INFO" timestamp="20170629 21:26:52.383">${sub_cmd_buf} = ssh_pw 0penBmc -p 2200 -o "StrictHostKeyChecking no" root@9.3.21.61</msg>
<status starttime="20170629 21:26:52.371" status="PASS" endtime="20170629 21:26:52.383"></status>
</kw>
<kw name="Catenate" library="BuiltIn">
<doc>Catenates the given items together and returns the resulted string.</doc>
<arguments>
<arg>${sub_cmd_buf} &gt; ${log_file_path} 2&gt;&amp;1 &amp;</arg>
</arguments>
<assign>
<var>${cmd_buf}</var>
</assign>
<msg level="INFO" timestamp="20170629 21:26:52.384">${cmd_buf} = ssh_pw 0penBmc -p 2200 -o "StrictHostKeyChecking no" root@9.3.21.61 &gt; /tmp/9.3.21.61_os_console 2&gt;&amp;1 &amp;</msg>
<status starttime="20170629 21:26:52.384" status="PASS" endtime="20170629 21:26:52.384"></status>
</kw>
<kw name="Rdpissuing" library="gen_robot_print">
<arguments>
<arg>${cmd_buf}</arg>
</arguments>
<status starttime="20170629 21:26:52.384" status="PASS" endtime="20170629 21:26:52.385"></status>
</kw>
<kw name="Run And Return Rc And Output" library="OperatingSystem">
<doc>Runs the given command in the system and returns the RC and output.</doc>
<arguments>
<arg>${cmd_buf}</arg>
</arguments>
<assign>
<var>${rc}</var>
<var>${output}</var>
</assign>
<msg level="INFO" timestamp="20170629 21:26:52.388">Running command 'ssh_pw 0penBmc -p 2200 -o "StrictHostKeyChecking no" root@9.3.21.61 &gt; /tmp/9.3.21.61_os_console 2&gt;&amp;1 &amp;'.</msg>
<msg level="INFO" timestamp="20170629 21:26:52.391">${rc} = 0</msg>
<msg level="INFO" timestamp="20170629 21:26:52.391">${output} = </msg>
<status starttime="20170629 21:26:52.385" status="PASS" endtime="20170629 21:26:52.391"></status>
</kw>
<kw name="Should Be Equal" library="BuiltIn">
<doc>Fails if the given objects are unequal.</doc>
<arguments>
<arg>${rc}</arg>
<arg>${0}</arg>
</arguments>
<status starttime="20170629 21:26:52.394" status="PASS" endtime="20170629 21:26:52.395"></status>
</kw>
<status starttime="20170629 21:26:52.132" status="PASS" endtime="20170629 21:26:52.396"></status>
</kw>
<kw name="Repeat Keyword" library="BuiltIn">
<doc>Executes the specified keyword multiple times.</doc>
<arguments>
<arg>${LOOP_COUNT} times</arg>
<arg>Host Off And On</arg>
</arguments>
<msg level="INFO" timestamp="20170629 21:26:52.402">Repeating keyword, round 1/2.</msg>
<kw name="Host Off And On">
<doc>Verify power off and on.</doc>
<kw name="Initiate Host PowerOff" library="state_manager">
<doc>Initiate host power off.</doc>
<kw name="Create Dictionary" library="BuiltIn">
<doc>Creates and returns a dictionary based on the given ``items``.</doc>
<arguments>
<arg>data=${HOST_POWEROFF_TRANS}</arg>
</arguments>
<assign>
<var>${args}</var>
</assign>
<msg level="INFO" timestamp="20170629 21:26:52.405">${args} = {u'data': 'xyz.openbmc_project.State.Host.Transition.Off'}</msg>
<status starttime="20170629 21:26:52.404" status="PASS" endtime="20170629 21:26:52.405"></status>
</kw>
<kw name="Write Attribute" library="rest_client">
<arguments>
<arg>${HOST_STATE_URI}</arg>
[...]
[    0.261124] pci 0034:01:00.1: BAR 6: assigned [mem 0x620c200080000-0x620c2000fffff pref]
[    0.261315] pci 0034:01:00.2: BAR 6: assigned [mem 0x620c200100000-0x620c20017ffff pref]
[    0.261506] pci 0034:01:00.3: BAR 6: assigned [mem 0x620c200180000-0x620c2001fffff pref]
[    0.261702] pci 0034:01:00.0: BAR 0: assigned [mem 0x6224000000000-0x622400000ffff 64bit pref]
[    0.261934] pci 0034:01:00.0: BAR 2: assigned [mem 0x6224000010000-0x622400001ffff 64bit pref]
[    0.262168] pci 0034:01:00.0: BAR 4: assigned [mem 0x6224000020000-0x622400002ffff 64bit pref]
[    0.262402] pci 0034:01:00.1: BAR 0: assigned [mem 0x6224000030000-0x622400003ffff 64bit pref]
[    0.262637] pci 0034:01:00.1: BAR 2: assigned [mem 0x6224000040000-0x622400004ffff 64bit pref]
[    0.262864] pci 0034:01:00.1: BAR 4: assigned [mem 0x6224000050000-0x622400005ffff 64bit pref]
[    0.263102] pci 0034:01:00.2: BAR 0: assigned [mem 0x6224000060000-0x622400006ffff 64bit pref]
[    0.263336] pci 0034:01:00.2: BAR 2: assigned [mem 0x6224000070000-0x622400007ffff 64bit pref]
[    0.263568] pci 0034:01:00.2: BAR 4: assigned [mem 0x6224000080000-0x622400008ffff 64bit pref]
[    0.263802] pci 0034:01:00.3: BAR 0: assigned [mem 0x6224000090000-0x622400009ffff 64bit pref]
[    0.264040] pci 0034:01:00.3: BAR 2: assigned [mem 0x62240000a0000-0x62240000affff 64bit pref]
[    0.264275] pci 0034:01:00.3: BAR 4: assigned [mem 0x62240000b0000-0x62240000bffff 64bit pref]
[    0.264514] pci 0034:00     : [PE# 7e] Secondary bus 0 associated with PE#7e
[    0.265164] pci 0034:01     : [PE# 00] Secondary bus 1 associated with PE#0
[    0.265792] pci 0034:01     : [PE# 00] Setting up 32-bit TCE table at 0..80000000
[    0.278538] pci 0034:01     : [PE# 00] Setting up window#0 0..7fffffff pg=1000
[    0.278910] pci 0034:01     : [PE# 00] Enabling 64-bit DMA bypass
[    0.279057] pci 0034:00:00.0: PCI bridge to [bus 01]
[    0.279195] pci 0034:00:00.0:   bridge window [mem 0x620c200000000-0x620c27fefffff]
[    0.279382] pci 0034:00:00.0:   bridge window [mem 0x6224000000000-0x6227efff0ffff 64bit pref]
[    0.279661] pci 0035:00:00.0: disabling bridge window [mem 0x00000000-0xffffffffffffffff 64bit pref] to [bus 01] (unused)
[    0.279907] pci 0035:00:00.0: disabling bridge window [mem 0x00000000-0xffffffffffffffff] to [bus 01] (unused)
[    0.280138] pci 0035:00     : [PE# 7e] Secondary bus 0 associated with PE#7e
[    0.280762] pci 0035:00:00.0: PCI bridge to [bus 01]
[    0.280945] pci 0006:00:00.0: BAR 0: assigned [mem 0x6030201400000-0x603020141ffff 64bit]
[    0.281204] pci 0006:00:00.1: BAR 0: assigned [mem 0x6030201420000-0x603020143ffff 64bit]
[    0.281458] pci 0006:00:01.0: BAR 0: assigned [mem 0x6030201440000-0x603020145ffff 64bit]
[    0.281722] pci 0006:00:01.1: BAR 0: assigned [mem 0x6030201460000-0x603020147ffff 64bit]
[    0.281975] pci 0006:00:02.0: BAR 0: assigned [mem 0x6030201480000-0x603020149ffff 64bit]
[    0.282231] pci 0006:00:02.1: BAR 0: assigned [mem 0x60302014a0000-0x60302014bffff 64bit]
[    0.282489] pci 0006:00:00.0: BAR 2: assigned [mem 0x60302014c0000-0x60302014cffff 64bit]
[    0.282743] pci 0006:00:00.1: BAR 2: assigned [mem 0x60302014d0000-0x60302014dffff 64bit]
[    0.282999] pci 0006:00:01.0: BAR 2: assigned [mem 0x60302014e0000-0x60302014effff 64bit]
[    0.283252] pci 0006:00:01.1: BAR 2: assigned [mem 0x60302014f0000-0x60302014fffff 64bit]
[    0.283507] pci 0006:00:02.0: BAR 2: assigned [mem 0x6030201500000-0x603020150ffff 64bit]
[    0.283759] pci 0006:00:02.1: BAR 2: assigned [mem 0x6030201510000-0x603020151ffff 64bit]
[    0.284029] pci 0007:00:00.0: BAR 0: assigned [mem 0x6230201400000-0x623020141ffff 64bit]
[    0.284280] pci 0007:00:00.1: BAR 0: assigned [mem 0x6230201420000-0x623020143ffff 64bit]
[    0.284527] pci 0007:00:01.0: BAR 0: assigned [mem 0x6230201440000-0x623020145ffff 64bit]
[    0.284779] pci 0007:00:01.1: BAR 0: assigned [mem 0x6230201460000-0x623020147ffff 64bit]
[    0.285028] pci 0007:00:02.0: BAR 0: assigned [mem 0x6230201480000-0x623020149ffff 64bit]
[    0.285275] pci 0007:00:02.1: BAR 0: assigned [mem 0x62302014a0000-0x62302014bffff 64bit]
[    0.285528] pci 0007:00:00.0: BAR 2: assigned [mem 0x62302014c0000-0x62302014cffff 64bit]
[    0.285776] pci 0007:00:00.1: BAR 2: assigned [mem 0x62302014d0000-0x62302014dffff 64bit]
[    0.286022] pci 0007:00:01.0: BAR 2: assigned [mem 0x62302014e0000-0x62302014effff 64bit]
[    0.286283] pci 0007:00:01.1: BAR 2: assigned [mem 0x62302014f0000-0x62302014fffff 64bit]
[    0.286533] pci 0007:00:02.0: BAR 2: assigned [mem 0x6230201500000-0x623020150ffff 64bit]
[    0.286782] pci 0007:00:02.1: BAR 2: assigned [mem 0x6230201510000-0x623020151ffff 64bit]
[    0.287051] pci 0006:00:00.0: [PE# 0d] Associated device to PE
[    0.287210] pci 0006:00:00.1: Associating to existing PE d
[    0.287351] pci 0006:00:01.0: Associating to existing PE d
[    0.287491] pci 0006:00:01.1: Associating to existing PE d
[    0.287632] pci 0006:00:02.0: Associating to existing PE d
[    0.287773] pci 0006:00:02.1: Associating to existing PE d
[    0.287912] pci 0007:00:00.0: [PE# 0d] Associated device to PE
[    0.288067] pci 0007:00:00.1: Associating to existing PE d
[    0.288207] pci 0007:00:01.0: Associating to existing PE d
[    0.288348] pci 0007:00:01.1: Associating to existing PE d
[    0.288492] pci 0007:00:02.0: Associating to existing PE d
[    0.288636] pci 0007:00:02.1: Associating to existing PE d
[    0.296306] EEH: PCI Enhanced I/O Error Handling Enabled
[    0.311671] pci 0002:02:00.0: vgaarb: VGA device added: decodes=io+mem,owns=none,locks=none
[    0.311869] pci 0002:02:00.0: vgaarb: bridge control possible
[    0.312000] vgaarb: loaded
[    0.312637] SCSI subsystem initialized
[    0.312975] usbcore: registered new interface driver usbfs
[    0.313138] usbcore: registered new interface driver hub
[    0.313384] usbcore: registered new device driver usb
[    0.313588] pps_core: LinuxPPS API ver. 1 registered
[    0.313703] pps_core: Software ver. 5.3.6 - Copyright 2005-2007 Rodolfo Giometti &lt;giometti@linux.it&gt;
[    0.313942] PTP clock support registered
[    0.314738] clocksource: Switched to clocksource timebase
[    0.324421] NET: Registered protocol family 2
[    0.324921] TCP established hash table entries: 524288 (order: 6, 4194304 bytes)
[    0.328471] TCP bind hash table entries: 65536 (order: 4, 1048576 bytes)
[    0.329031] TCP: Hash tables configured (established 524288 bind 65536)
[    0.329280] UDP hash table entries: 32768 (order: 4, 1048576 bytes)
[    0.330049] UDP-Lite hash table entries: 32768 (order: 4, 1048576 bytes)
[    0.331256] NET: Registered protocol family 1
[    6.978834] Initialise system trusted keyrings
[    6.979302] workingset: timestamp_bits=54 max_order=20 bucket_order=0
[    6.989928] Key type asymmetric registered
[    6.990029] Asymmetric key parser 'x509' registered
[    6.990218] Block layer SCSI generic (bsg) driver version 0.4 loaded (major 250)
[    6.990401] io scheduler noop registered
[    6.991392] io scheduler cfq registered (default)
[    6.991509] io scheduler mq-deadline registered
[    6.993666] ipmi message handler version 39.2
[    6.993792] ipmi device interface
[    6.994003] ipmi-powernv ibm,opal:ipmi: Unable to map irq from device tree
[    7.023193] ipmi-powernv ibm,opal:ipmi: Found new BMC (man_id: 0x000000, prod_id: 0x0000, dev_id: 0x00)
[    7.073078] hvc0: raw protocol on /ibm,opal/consoles/serial@0 (boot console)
[    7.073273] hvc0: No interrupts property, using OPAL event
[    7.074472] Serial: 8250/16550 driver, 4 ports, IRQ sharing disabled
[    7.075679] [drm] radeon kernel modesetting enabled.
[    7.085362] brd: module loaded
[    7.094059] loop: module loaded
[    7.094625] ahci 0004:03:00.0: Using 64-bit DMA iommu bypass
[    7.104900] ahci 0004:03:00.0: AHCI 0001.0000 32 slots 4 ports 6 Gbps 0xf impl SATA mode
[    7.105043] ahci 0004:03:00.0: flags: 64bit ncq sntf led only pmp fbs pio slum part sxs 
[    7.106533] scsi host0: ahci
[    7.107198] scsi host1: ahci
[    7.107856] scsi host2: ahci
[    7.108651] scsi host3: ahci
[    7.108843] ata1: SATA max UDMA/133 abar m2048@0x600c200010000 port 0x600c200010100 irq 88
[    7.109020] ata2: SATA max UDMA/133 abar m2048@0x600c200010000 port 0x600c200010180 irq 88
[    7.109175] ata3: SATA max UDMA/133 abar m2048@0x600c200010000 port 0x600c200010200 irq 88
[    7.109349] ata4: SATA max UDMA/133 abar m2048@0x600c200010000 port 0x600c200010280 irq 88
[    7.109954] libphy: Fixed MDIO Bus: probed
[    7.110090] tg3.c:v3.137 (May 11, 2014)
[    7.110196] tg3 0005:01:00.0: enabling device (0140 -&gt; 0142)
[    7.140288] tg3 0005:01:00.0: Using 64-bit DMA iommu bypass
[    7.141071] tg3 0005:01:00.0 eth0: Tigon3 [partno(BCM95719) rev 5719001] (PCI Express) MAC address 70:e2:84:14:28:aa
[    7.141309] tg3 0005:01:00.0 eth0: attached PHY is 5719C (10/100/1000Base-T Ethernet) (WireSpeed[1], EEE[1])
[    7.141535] tg3 0005:01:00.0 eth0: RXcsums[1] LinkChgREG[0] MIirq[0] ASF[1] TSOcap[1]
[    7.141709] tg3 0005:01:00.0 eth0: dma_rwctrl[00000000] dma_mask[64-bit]
[    7.141997] tg3 0005:01:00.1: enabling device (0140 -&gt; 0142)
[    7.181724] tg3 0005:01:00.1: Using 64-bit DMA iommu bypass
[    7.182399] tg3 0005:01:00.1 eth1: Tigon3 [partno(BCM95719) rev 5719001] (PCI Express) MAC address 70:e2:84:14:28:ab
[    7.182632] tg3 0005:01:00.1 eth1: attached PHY is 5719C (10/100/1000Base-T Ethernet) (WireSpeed[1], EEE[1])
[    7.182855] tg3 0005:01:00.1 eth1: RXcsums[1] LinkChgREG[0] MIirq[0] ASF[1] TSOcap[1]
[    7.183027] tg3 0005:01:00.1 eth1: dma_rwctrl[00000000] dma_mask[64-bit]
[    7.183500] tg3 0034:01:00.0: enabling device (0140 -&gt; 0142)
[    7.212511] tg3 0034:01:00.0: Using 64-bit DMA iommu bypass
[    7.213451] tg3 0034:01:00.0 eth2: Tigon3 [partno(00RX892) rev 5719001] (PCI Express) MAC address 98:be:94:07:e2:50
[    7.213701] tg3 0034:01:00.0 eth2: attached PHY is 5719C (10/100/1000Base-T Ethernet) (WireSpeed[1], EEE[1])
[    7.213932] tg3 0034:01:00.0 eth2: RXcsums[1] LinkChgREG[0] MIirq[0] ASF[0] TSOcap[1]
[    7.214114] tg3 0034:01:00.0 eth2: dma_rwctrl[00000000] dma_mask[64-bit]
[    7.214393] tg3 0034:01:00.1: enabling device (0140 -&gt; 0142)
[    7.264167] tg3 0034:01:00.1: Using 64-bit DMA iommu bypass
[    7.265141] tg3 0034:01:00.1 eth3: Tigon3 [partno(00RX892) rev 5719001] (PCI Express) MAC address 98:be:94:07:e2:51
[    7.265392] tg3 0034:01:00.1 eth3: attached PHY is 5719C (10/100/1000Base-T Ethernet) (WireSpeed[1], EEE[1])
[    7.265624] tg3 0034:01:00.1 eth3: RXcsums[1] LinkChgREG[0] MIirq[0] ASF[0] TSOcap[1]
[    7.265809] tg3 0034:01:00.1 eth3: dma_rwctrl[00000000] dma_mask[64-bit]
[    7.266088] tg3 0034:01:00.2: enabling device (0140 -&gt; 0142)
[    7.304169] tg3 0034:01:00.2: Using 64-bit DMA iommu bypass
[    7.304972] tg3 0034:01:00.2 eth4: Tigon3 [partno(00RX892) rev 5719001] (PCI Express) MAC address 98:be:94:07:e2:52
[    7.305216] tg3 0034:01:00.2 eth4: attached PHY is 5719C (10/100/1000Base-T Ethernet) (WireSpeed[1], EEE[1])
[    7.305445] tg3 0034:01:00.2 eth4: RXcsums[1] LinkChgREG[0] MIirq[0] ASF[0] TSOcap[1]
[    7.305630] tg3 0034:01:00.2 eth4: dma_rwctrl[00000000] dma_mask[64-bit]
[    7.305913] tg3 0034:01:00.3: enabling device (0140 -&gt; 0142)
[    7.344290] tg3 0034:01:00.3: Using 64-bit DMA iommu bypass
[    7.345080] tg3 0034:01:00.3 eth5: Tigon3 [partno(00RX892) rev 5719001] (PCI Express) MAC address 98:be:94:07:e2:53
[    7.345323] tg3 0034:01:00.3 eth5: attached PHY is 5719C (10/100/1000Base-T Ethernet) (WireSpeed[1], EEE[1])
[    7.345554] tg3 0034:01:00.3 eth5: RXcsums[1] LinkChgREG[0] MIirq[0] ASF[0] TSOcap[1]
[    7.345735] tg3 0034:01:00.3 eth5: dma_rwctrl[00000000] dma_mask[64-bit]
[    7.346219] ehci_hcd: USB 2.0 'Enhanced' Host Controller (EHCI) Driver
[    7.346358] ehci-pci: EHCI PCI platform driver
[    7.346541] ohci_hcd: USB 1.1 'Open' Host Controller (OHCI) Driver
[    7.346687] ohci-pci: OHCI PCI platform driver
[    7.346939] usbcore: registered new interface driver usb-storage
[    7.394823] rtc-opal opal-rtc: rtc core: registered rtc-opal as rtc0
[    7.394963] i2c /dev entries driver
[    7.395601] at24 0-0050: 16384 byte 24c128 EEPROM, writable, 1 bytes/write
[    7.396206] at24 1-0054: 16384 byte 24c128 EEPROM, writable, 1 bytes/write
[    7.396832] at24 2-0050: 16384 byte 24c128 EEPROM, writable, 1 bytes/write
[    7.397420] at24 3-0054: 16384 byte 24c128 EEPROM, writable, 1 bytes/write
[    7.398062] at24 4-0050: 16384 byte 24c128 EEPROM, writable, 1 bytes/write
[    7.456126] ata4: SATA link down (SStatus 0 SControl 300)
[    7.462082] ata3: SATA link down (SStatus 0 SControl 300)
[    7.572373] at24 7-0050: 16384 byte 24c128 EEPROM, writable, 1 bytes/write
[    7.572913] at24 8-0054: 16384 byte 24c128 EEPROM, writable, 1 bytes/write
[    7.573614] at24 9-0050: 16384 byte 24c128 EEPROM, writable, 1 bytes/write
[    7.574365] at24 10-0054: 16384 byte 24c128 EEPROM, writable, 1 bytes/write
[    7.614690] ata2: SATA link up 6.0 Gbps (SStatus 133 SControl 300)
[    7.617980] ata2.00: ATA-10: ST1000NX0313         00LY266 00LY265IBM, BE35, max UDMA/133
[    7.618162] ata2.00: 1953525168 sectors, multi 0: LBA48 NCQ (depth 31/32), AA
[    7.638409] ata1: SATA link up 6.0 Gbps (SStatus 133 SControl 300)
[    7.639171] ata2.00: configured for UDMA/133
[    7.660075] ata1.00: ATA-10: ST1000NX0313         00LY266 00LY265IBM, BE35, max UDMA/133
[    7.660246] ata1.00: 1953525168 sectors, multi 0: LBA48 NCQ (depth 31/32), AA
[    7.661105] ata1.00: configured for UDMA/133
[    7.661896] scsi 0:0:0:0: Direct-Access     ATA      ST1000NX0313     BE35 PQ: 0 ANSI: 5
[    7.682954] scsi 1:0:0:0: Direct-Access     ATA      ST1000NX0313     BE35 PQ: 0 ANSI: 5
[    7.748896] powernv-cpufreq: cpufreq pstate min 60 nominal 57 max 0
[    7.748998] powernv-cpufreq: Workload Optimized Frequency is enabled in the platform
[    7.750329] usbcore: registered new interface driver usbhid
[    7.750410] usbhid: USB HID core driver
[    7.750736] ipip: IPv4 and MPLS over IPv4 tunneling driver
[    7.751136] NET: Registered protocol family 17
[    7.751251] Key type dns_resolver registered
[    7.751995] registered taskstats version 1
[    7.752053] Loading compiled-in X.509 certificates
[    7.762157] Loaded X.509 cert 'Build time autogenerated kernel key: 3d4cac47ca2b2544a5086c41db89a203866f654d'
[    7.778882] Key type encrypted registered
[    7.778979] ima: No TPM chip found, activating TPM-bypass! (rc=-19)
[    7.779196] evm: HMAC attrs: 0x1
[    7.835087] rtc-opal opal-rtc: setting system clock to 2017-06-29 21:29:50 UTC (1498771790)
[    7.839065] Freeing unused kernel memory: 11264K
[    7.839180] This architecture does not have kernel memory protection.
[    7.881148] udevd[1539]: starting version 3.2.1
[    7.888771] udevd[1540]: starting eudev-3.2.1
[    7.960057] ast 0002:02:00.0: enabling device (0140 -&gt; 0142)
[    7.960559] [drm] platform has no IO space, trying MMIO
[    7.960694] [drm] VGA not enabled on entry, requesting chip POST
[    7.960881] [drm] Using P2A bridge for configuration
[    7.961002] [drm] AST 2500 detected
[    7.961103] [drm] Analog VGA only
[    7.961238] [drm] dram MCLK=800 Mhz type=7 bus_width=16 size=01000000
[    7.961757] [TTM] Zone  kernel: Available graphics memory: 33450272 kiB
[    7.961916] [TTM] Zone   dma32: Available graphics memory: 2097152 kiB
[    7.962069] [TTM] Initializing pool allocator
[    7.965962] tg3 0005:01:00.1 enP5p1s0f1: renamed from eth1
[    7.967320] scsi 0:0:0:0: Attached scsi generic sg0 type 0
[    7.967584] scsi 1:0:0:0: Attached scsi generic sg1 type 0

(B)0[1;24r[m[?7h[?1h=[H[J[H[J Petitboot (v1.4.3-p9f74a13)[1B [0mqqqqqqqqqqqqqqqqqqqqqqqqqqqqqqqqqqqqqqqqqqqqqqqqqqqqqqqqqqqqqqqqqqqqqqqqqqqqqq[2B  [0mSystem information[1B  System configuration[1B  System status log[1B  Language[1B  Rescan devices[1B  Retrieve config from URL[1B *[0;7mExit to shell           [12B[25D[0mqqqqqqqqqqqqqqqqqqqqqqqqqqqqqqqqqqqqqqqqqqqqqqqqqqqqqqqqqqqqqqqqqqqqqqqqqqqqqq[1B [0mEnter=accept, e=edit, n=new, x=exit, l=language, g=log, h=help[1B Welcome to Petitboot[J[1;64H8335-GTC 13186FA[23B [3;21r[3;1HMM[1;24r[3;3H[Disk: sda2 / a15dffae-a611-4fd5-a81e-8bdd6ab27fc1][1B[49DUbuntu[12;27H[0;7m                           [12B[52D[m[4;21r[4;1HM[1;24r[4;5HUbuntu, with Linux 4.10.0-14-generic[20B [4;21r[4;1HM[1;24r[4;5HUbuntu, with Linux 4.10.0-14-generic (recovery mode)[14;54H[0;7m   [10B[55D[m[enP5p1s0f0] Configuring with DHCP Booting in 9 sec: Ubuntu          [24;26H[24;13H8[24;26H[24;13H7[24;26H [enP52p1s0f0] Configuring with DHCP Booting in 6 sec: Ubuntu           [24;26H[24;13H5[24;26H[24;13H4[24;26H[24;13H3[24;26H[24;13H2[24;26H[24;13H1[24;26H[24;10HUbuntu          [24;16H Loaded kernel image from file:///var/petitboot/mnt/dev/sda2/boot/vmlinux-4.10.[?7l0[?7h[24;9Hinitrd from file:///var/petitboot/mnt/dev/sda2/boot/initrd.img-4.10.0-1[?7l4[?7h Running boot hooks[K Performing kexec loadrebootThe system is going down NOW!
Sent SIGTERM to all processes
Sent SIGKILL to all processes
[   24.884411] kexec_core: Starting new kernel
[   40.409363072,5] OPAL: Switch to big-endian OS
[   40.494762928,5] OPAL: Switch to little-endian OS
 -&gt; smp_release_cpus()
spinning_secondaries = 15
 &lt;- smp_release_cpus()
[   41.386559344,3] XIVE[ IC 00  ] ISN 1 lead to invalid IVE !
[   41.386694496,3] XIVE[ IC 00  ] ISN 1 lead to invalid IVE !
[   41.386808096,3] XIVE[ IC 00  ] ISN 1 lead to invalid IVE !
[   41.388166336,3] XIVE[ IC 00  ] ISN 1 lead to invalid IVE !
[   41.388283920,3] XIVE[ IC 00  ] ISN 1 lead to invalid IVE !
[   41.388391872,3] XIVE[ IC 00  ] ISN 1 lead to invalid IVE !
[    2.433025] Unable to open file: /etc/keys/x509_ima.der (-2)
[    2.433031] Unable to open file: /etc/keys/x509_evm.der (-2)
[40m[2J[-1;-1f[?25l[-1;-1f[40m[37mUbuntu 17.04[-1;-1f[37m.  [37m.  [37m.  [37m.[-1;-1f[40m[37mUbuntu 17.04[-1;-1f[33m.  [37m.  [37m.  [37m.[-1;-1f[40m[37mUbuntu 17.04[-1;-1f[33m.  [33m.  [37m.  [37m.[-1;-1f[40m[37mUbuntu 17.04[-1;-1f[33m.  [33m.  [33m.  [37m.[-1;-1f[40m[37mUbuntu 17.04[-1;-1f[33m.  [33m.  [33m.  [33m.[-1;-1f[40m[37mUbuntu 17.04[-1;-1f[37m.  [33m.  [33m.  [33m.[-1;-1f[40m[37mUbuntu 17.04[-1;-1f[37m.  [37m.  [33m.  [33m.[-1;-1f[40m[37mUbuntu 17.04[-1;-1f[37m.  [37m.  [37m.  [33m.[-1;-1f[40m[37mUbuntu 17.04[-1;-1f[37m.  [37m.  [37m.  [37m.[-1;-1f[40m[37mUbuntu 17.04[-1;-1f[33m.  [37m.  [37m.  [37m.[49m[2J[-1;-1f[?25h
Ubuntu Zesty Zapus (development branch) ws017p1 hvc0

ws017p1 login: </msg>
<status starttime="20170629 21:32:07.664" status="PASS" endtime="20170629 21:32:07.669"></status>
</kw>
<status starttime="20170629 21:31:46.221" status="PASS" endtime="20170629 21:32:07.670"></status>
</kw>
<doc>Power off and on.</doc>
<tags>
<tag>chassisboot</tag>
<tag>Power_On_Test</tag>
</tags>
<status starttime="20170629 21:26:52.131" critical="yes" status="FAIL" endtime="20170629 21:32:07.670">Keyword 'Is Host Off' failed after retrying for 3 minutes. The last error was: Off != Running</status>
</test>
<doc>Test power on for HW CI.</doc>
<status starttime="20170629 21:26:52.101" status="FAIL" endtime="20170629 21:32:07.676"></status>
</suite>
<doc>Set metadata for test suite.</doc>
<status starttime="20170629 21:26:45.366" status="FAIL" endtime="20170629 21:32:07.683"></status>
</suite>
<statistics>
<total>
<stat pass="1" fail="1">Critical Tests</stat>
<stat pass="1" fail="1">All Tests</stat>
</total>
<tag>
<stat pass="0" fail="1">chassisboot</stat>
<stat pass="0" fail="1">Power_On_Test</stat>
<stat pass="1" fail="0">Test_SSL_Connection</stat>
</tag>
<suite>
<stat id="s1" pass="1" fail="1" name="Tests">Tests</stat>
<stat id="s1-s1" pass="1" fail="0" name="Security">Tests.Security</stat>
<stat id="s1-s1-s1" pass="1" fail="0" name="Test Ssl">Tests.Security.Test Ssl</stat>
<stat id="s1-s2" pass="0" fail="1" name="Test Basic Poweron">Tests.Test Basic Poweron</stat>
</suite>
</statistics>
<errors>
</errors>
</robot>
